
Predictions were generated on 06-Nov-2020 at 13:56:50 using OpenFAST, compiled as a 64-bit application using double precision at commit v2.4.0-50-g416ff436-dirty
 linked with  NWTC Subroutine Library; ElastoDyn; InflowWind; AeroDyn; ServoDyn

Description from the FAST input file: FAST Certification Test #12: WindPACT 1.5 MW Baseline with many DOFs with VS and VP and ECD wind.

Time	Wind1VelX	Wind1VelY	Wind1VelZ	OoPDefl3	IPDefl3	TipALxb3	TipALyb3	Spn4ALxb1	Spn4ALyb1	BldPitch3	RotAccel	LSSGagA	HSShftA	RootFxb3	RootFyb3	RootMEdg3	RootMFlp3	LSShftFya	LSShftFza	YawBrFxp	YawBrFyp	TwrBsFxt	TwrBsFyt	RtSkew
(s)	(m/s)	(m/s)	(m/s)	(m)	(m)	(m/s^2)	(m/s^2)	(m/s^2)	(m/s^2)	(deg)	(deg/s^2)	(deg/s^2)	(deg/s^2)	(kN)	(kN)	(kN-m)	(kN-m)	(kN)	(kN)	(kN)	(kN)	(kN)	(kN)	(deg)
    5.0000	 1.180E+01	 0.000E+00	 0.000E+00	 1.334E+00	-4.111E-01	 1.311E+01	 4.517E-01	 3.131E+00	 1.800E-01	 7.500E+00	 4.860E-02	 5.045E-02	 4.438E+00	 6.065E+01	-4.144E+01	 4.917E+02	 1.100E+03	 2.111E+02	 1.618E+02	 1.079E+02	 5.047E+00	 8.953E+01	 9.330E+00	 5.108E+00
    5.0500	 1.180E+01	 0.000E+00	 0.000E+00	 1.374E+00	-3.036E-01	 5.229E+01	-3.864E+00	 5.997E+00	 1.690E+00	 2.600E+00	-1.313E+01	-4.880E+00	-4.293E+02	 5.780E+01	-4.547E+01	 5.385E+02	 1.073E+03	 2.265E+02	 1.387E+02	 1.100E+02	 3.577E+00	 9.227E+01	 7.752E+00	 5.260E+00
    5.1000	 1.180E+01	 0.000E+00	 0.000E+00	 1.466E+00	-3.341E-01	 2.132E+01	 6.662E+00	 9.974E+00	 3.590E-01	 2.600E+00	 6.297E+00	 1.074E+00	 9.450E+01	 5.460E+01	-4.061E+01	 5.362E+02	 1.059E+03	 2.386E+02	 1.153E+02	 1.127E+02	 6.325E+00	 9.522E+01	 1.522E+00	 5.472E+00
    5.1500	 1.180E+01	 0.000E+00	 0.000E+00	 1.580E+00	-3.474E-01	 9.374E+00	 8.273E+00	 8.343E+00	 2.919E-01	 2.600E+00	 8.236E+00	 7.807E+00	 6.867E+02	 5.956E+01	-3.883E+01	 5.221E+02	 1.157E+03	 2.503E+02	 9.098E+01	 1.177E+02	 7.357E+00	 1.005E+02	-2.150E-01	 5.579E+00
    5.2000	 1.180E+01	 0.000E+00	 0.000E+00	 1.684E+00	-3.306E-01	 1.832E+01	 2.614E+00	 2.743E+00	 3.377E-01	 2.600E+00	 1.499E+00	 2.430E+00	 2.138E+02	 7.075E+01	-3.689E+01	 4.698E+02	 1.335E+03	 2.609E+02	 6.364E+01	 1.262E+02	 2.274E+00	 1.054E+02	 5.929E+00	 5.584E+00
    5.2500	 1.180E+01	 0.000E+00	 0.000E+00	 1.792E+00	-3.051E-01	 2.099E+01	-2.575E+00	-5.464E-01	 3.002E-01	 2.600E+00	-5.217E+00	-5.390E+00	-4.742E+02	 7.889E+01	-3.404E+01	 4.082E+02	 1.474E+03	 2.667E+02	 3.477E+01	 1.376E+02	-3.121E+00	 1.070E+02	 1.100E+01	 5.514E+00
    5.3000	 1.180E+01	 0.000E+00	 0.000E+00	 1.907E+00	-2.948E-01	 7.094E+00	-2.273E+00	 1.191E+00	 1.495E-01	 2.600E+00	-5.571E+00	-5.900E+00	-5.190E+02	 7.925E+01	-3.037E+01	 3.650E+02	 1.509E+03	 2.671E+02	 7.144E+00	 1.490E+02	-3.250E+00	 1.084E+02	 7.155E+00	 5.391E+00
    5.3500	 1.180E+01	 0.000E+00	 0.000E+00	 1.994E+00	-2.987E-01	-6.558E+00	 1.465E+00	 4.534E+00	-1.196E-01	 2.600E+00	-1.637E-01	-1.576E-01	-1.386E+01	 7.591E+01	-2.616E+01	 3.370E+02	 1.484E+03	 2.646E+02	-1.883E+01	 1.585E+02	 7.638E-01	 1.166E+02	-3.102E+00	 5.260E+00
    5.4000	 1.180E+01	 0.000E+00	 0.000E+00	 2.020E+00	-2.977E-01	-3.029E+00	 3.302E+00	 5.399E+00	-3.648E-01	 2.600E+00	 4.622E+00	 4.801E+00	 4.223E+02	 7.484E+01	-2.189E+01	 3.032E+02	 1.472E+03	 2.611E+02	-4.511E+01	 1.664E+02	 3.409E+00	 1.347E+02	-1.029E+01	 5.163E+00
    5.4500	 1.180E+01	 0.000E+00	 0.000E+00	 1.992E+00	-2.789E-01	 1.272E+01	 1.209E+00	 4.047E+00	-4.301E-01	 2.600E+00	 4.455E+00	 4.567E+00	 4.018E+02	 7.664E+01	-1.780E+01	 2.515E+02	 1.485E+03	 2.555E+02	-7.294E+01	 1.746E+02	 1.062E+00	 1.580E+02	-8.326E+00	 5.116E+00
    5.5000	 1.180E+01	 0.000E+00	 0.000E+00	 1.948E+00	-2.484E-01	 2.367E+01	-2.154E+00	 3.504E+00	-3.144E-01	 2.600E+00	 1.151E+00	 1.111E+00	 9.770E+01	 7.750E+01	-1.376E+01	 1.902E+02	 1.483E+03	 2.458E+02	-1.009E+02	 1.850E+02	-4.499E+00	 1.789E+02	-5.381E-01	 5.109E+00
    5.5500	 1.180E+01	 0.000E+00	 0.000E+00	 1.913E+00	-2.209E-01	 2.267E+01	-3.431E+00	 4.963E+00	-1.679E-01	 2.600E+00	-7.730E-01	-8.734E-01	-7.683E+01	 7.534E+01	-9.668E+00	 1.352E+02	 1.444E+03	 2.320E+02	-1.264E+02	 1.979E+02	-8.495E+00	 1.938E+02	 4.370E+00	 5.129E+00
    5.6000	 1.180E+01	 0.000E+00	 0.000E+00	 1.888E+00	-2.035E-01	 1.750E+01	-2.156E+00	 6.546E+00	-1.218E-01	 2.600E+00	 4.432E-01	 3.976E-01	 3.498E+01	 7.199E+01	-5.522E+00	 9.242E+01	 1.392E+03	 2.161E+02	-1.485E+02	 2.120E+02	-8.222E+00	 2.054E+02	 1.197E+00	 5.171E+00
    5.6500	 1.180E+01	 0.000E+00	 0.000E+00	 1.861E+00	-1.914E-01	 1.771E+01	-3.634E-01	 6.292E+00	-1.621E-01	 2.600E+00	 2.619E+00	 2.679E+00	 2.356E+02	 7.057E+01	-1.537E+00	 5.521E+01	 1.365E+03	 1.993E+02	-1.683E+02	 2.260E+02	-5.272E+00	 2.182E+02	-7.342E+00	 5.233E+00
    5.7000	 1.180E+01	 0.000E+00	 0.000E+00	 1.832E+00	-1.766E-01	 2.289E+01	 9.864E-02	 4.669E+00	-1.904E-01	 2.600E+00	 2.861E+00	 2.939E+00	 2.585E+02	 7.150E+01	 2.144E+00	 1.480E+01	 1.370E+03	 1.812E+02	-1.871E+02	 2.389E+02	-3.362E+00	 2.345E+02	-1.413E+01	 5.306E+00
    5.7500	 1.180E+01	 0.000E+00	 0.000E+00	 1.814E+00	-1.574E-01	 2.583E+01	-6.363E-01	 3.566E+00	-1.513E-01	 2.600E+00	 9.525E-01	 9.535E-01	 8.388E+01	 7.275E+01	 5.544E+00	-2.979E+01	 1.381E+03	 1.608E+02	-2.048E+02	 2.503E+02	-4.516E+00	 2.533E+02	-1.463E+01	 5.376E+00
    5.8000	 1.180E+01	 0.000E+00	 0.000E+00	 1.812E+00	-1.390E-01	 2.314E+01	-1.147E+00	 3.742E+00	-9.675E-02	 2.600E+00	-7.819E-01	-8.515E-01	-7.490E+01	 7.285E+01	 8.827E+00	-7.282E+01	 1.382E+03	 1.378E+02	-2.205E+02	 2.606E+02	-7.587E+00	 2.716E+02	-1.026E+01	 5.436E+00
    5.8500	 1.180E+01	 0.000E+00	 0.000E+00	 1.822E+00	-1.256E-01	 1.864E+01	-6.027E-01	 4.203E+00	-1.047E-01	 2.600E+00	-4.244E-01	-4.803E-01	-4.225E+01	 7.236E+01	 1.214E+01	-1.101E+02	 1.378E+03	 1.132E+02	-2.334E+02	 2.707E+02	-9.987E+00	 2.870E+02	-5.918E+00	 5.487E+00
    5.9000	 1.180E+01	 0.000E+00	 0.000E+00	 1.834E+00	-1.161E-01	 1.722E+01	 3.953E-01	 3.872E+00	-1.844E-01	 2.600E+00	 1.422E+00	 1.440E+00	 1.267E+02	 7.257E+01	 1.545E+01	-1.439E+02	 1.384E+03	 8.805E+01	-2.434E+02	 2.810E+02	-1.027E+01	 2.983E+02	-5.216E+00	 5.537E+00
    5.9500	 1.180E+01	 0.000E+00	 0.000E+00	 1.842E+00	-1.057E-01	 1.892E+01	 6.772E-01	 2.954E+00	-2.759E-01	 2.600E+00	 2.603E+00	 2.662E+00	 2.342E+02	 7.371E+01	 1.859E+01	-1.791E+02	 1.401E+03	 6.249E+01	-2.507E+02	 2.913E+02	-9.009E+00	 3.064E+02	-7.978E+00	 5.585E+00
    6.0000	 1.180E+01	 0.000E+00	 0.000E+00	 1.852E+00	-9.201E-02	 2.028E+01	-1.333E-01	 2.377E+00	-3.287E-01	 2.600E+00	 1.983E+00	 2.014E+00	 1.772E+02	 7.488E+01	 2.140E+01	-2.165E+02	 1.418E+03	 3.642E+01	-2.553E+02	 3.003E+02	-7.622E+00	 3.128E+02	-1.151E+01	 5.623E+00
    6.0500	 1.180E+01	-1.545E-03	 0.000E+00	 1.865E+00	-7.769E-02	 1.954E+01	-1.296E+00	 2.505E+00	-3.535E-01	 2.600E+00	 5.396E-01	 5.111E-01	 4.496E+01	 7.542E+01	 2.381E+01	-2.513E+02	 1.428E+03	 9.832E+00	-2.576E+02	 3.069E+02	-6.996E+00	 3.198E+02	-1.325E+01	 5.644E+00
    6.1000	 1.180E+01	-3.090E-03	 0.000E+00	 1.880E+00	-6.735E-02	 1.823E+01	-1.821E+00	 2.874E+00	-3.960E-01	 2.600E+00	 1.773E-02	-3.276E-02	-2.881E+00	 7.565E+01	 2.581E+01	-2.774E+02	 1.434E+03	-1.705E+01	-2.574E+02	 3.109E+02	-7.089E+00	 3.277E+02	-1.238E+01	 5.651E+00
    6.1500	 1.181E+01	-7.729E-03	 0.000E+00	 1.894E+00	-6.305E-02	 1.840E+01	-1.456E+00	 2.978E+00	-4.781E-01	 2.600E+00	 9.680E-01	 9.491E-01	 8.348E+01	 7.623E+01	 2.740E+01	-2.928E+02	 1.445E+03	-4.388E+01	-2.546E+02	 3.131E+02	-7.447E+00	 3.350E+02	-9.646E+00	 5.651E+00
    6.2000	 1.181E+01	-1.237E-02	 0.000E+00	 1.908E+00	-6.300E-02	 1.973E+01	-7.683E-01	 2.870E+00	-5.818E-01	 2.600E+00	 2.367E+00	 2.392E+00	 2.104E+02	 7.727E+01	 2.850E+01	-3.004E+02	 1.462E+03	-7.026E+01	-2.488E+02	 3.143E+02	-7.666E+00	 3.392E+02	-6.552E+00	 5.655E+00
    6.2500	 1.182E+01	-2.012E-02	 0.000E+00	 1.925E+00	-6.414E-02	 2.042E+01	-4.459E-01	 2.882E+00	-6.788E-01	 2.600E+00	 2.934E+00	 2.969E+00	 2.611E+02	 7.836E+01	 2.908E+01	-3.043E+02	 1.481E+03	-9.571E+01	-2.399E+02	 3.152E+02	-7.441E+00	 3.386E+02	-4.550E+00	 5.669E+00
    6.3000	 1.183E+01	-2.788E-02	 0.000E+00	 1.947E+00	-6.516E-02	 1.977E+01	-6.414E-01	 3.115E+00	-7.637E-01	 2.600E+00	 2.455E+00	 2.464E+00	 2.167E+02	 7.920E+01	 2.922E+01	-3.060E+02	 1.499E+03	-1.198E+02	-2.282E+02	 3.154E+02	-6.534E+00	 3.340E+02	-4.375E+00	 5.693E+00
    6.3500	 1.185E+01	-3.887E-02	 0.000E+00	 1.972E+00	-6.704E-02	 1.889E+01	-1.002E+00	 3.368E+00	-8.460E-01	 2.600E+00	 1.748E+00	 1.730E+00	 1.522E+02	 7.990E+01	 2.903E+01	-3.046E+02	 1.516E+03	-1.426E+02	-2.145E+02	 3.140E+02	-4.987E+00	 3.278E+02	-5.559E+00	 5.723E+00
    6.4000	 1.186E+01	-4.988E-02	 0.000E+00	 1.998E+00	-7.120E-02	 1.887E+01	-1.169E+00	 3.514E+00	-9.285E-01	 2.600E+00	 1.645E+00	 1.623E+00	 1.428E+02	 8.083E+01	 2.858E+01	-2.985E+02	 1.536E+03	-1.641E+02	-1.991E+02	 3.105E+02	-3.295E+00	 3.221E+02	-6.556E+00	 5.752E+00
    6.4500	 1.188E+01	-6.394E-02	 0.000E+00	 2.026E+00	-7.784E-02	 1.944E+01	-1.155E+00	 3.665E+00	-9.947E-01	 2.600E+00	 2.180E+00	 2.175E+00	 1.913E+02	 8.193E+01	 2.782E+01	-2.875E+02	 1.559E+03	-1.844E+02	-1.817E+02	 3.048E+02	-2.151E+00	 3.172E+02	-5.768E+00	 5.773E+00
    6.5000	 1.189E+01	-7.804E-02	 0.000E+00	 2.054E+00	-8.613E-02	 1.965E+01	-1.214E+00	 3.963E+00	-1.030E+00	 2.600E+00	 2.819E+00	 2.829E+00	 2.488E+02	 8.291E+01	 2.666E+01	-2.723E+02	 1.581E+03	-2.032E+02	-1.622E+02	 2.978E+02	-1.844E+00	 3.114E+02	-2.847E+00	 5.779E+00
    6.5500	 1.191E+01	-9.522E-02	 0.000E+00	 2.084E+00	-9.548E-02	 1.926E+01	-1.493E+00	 4.346E+00	-1.037E+00	 2.600E+00	 3.143E+00	 3.152E+00	 2.772E+02	 8.362E+01	 2.504E+01	-2.530E+02	 1.600E+03	-2.199E+02	-1.405E+02	 2.903E+02	-1.929E+00	 3.031E+02	 8.838E-01	 5.772E+00
    6.6000	 1.193E+01	-1.125E-01	 0.000E+00	 2.113E+00	-1.062E-01	 1.892E+01	-1.866E+00	 4.643E+00	-1.038E+00	 2.600E+00	 3.168E+00	 3.169E+00	 2.788E+02	 8.419E+01	 2.298E+01	-2.288E+02	 1.617E+03	-2.338E+02	-1.170E+02	 2.828E+02	-1.578E+00	 2.915E+02	 3.424E+00	 5.755E+00
    6.6500	 1.196E+01	-1.330E-01	 0.000E+00	 2.139E+00	-1.191E-01	 1.930E+01	-2.105E+00	 4.803E+00	-1.047E+00	 2.600E+00	 3.134E+00	 3.131E+00	 2.754E+02	 8.481E+01	 2.052E+01	-1.988E+02	 1.633E+03	-2.450E+02	-9.234E+01	 2.752E+02	-3.251E-01	 2.779E+02	 3.736E+00	 5.739E+00
    6.7000	 1.198E+01	-1.537E-01	 0.000E+00	 2.163E+00	-1.345E-01	 2.022E+01	-2.120E+00	 4.946E+00	-1.064E+00	 2.600E+00	 3.165E+00	 3.165E+00	 2.784E+02	 8.548E+01	 1.769E+01	-1.629E+02	 1.649E+03	-2.535E+02	-6.672E+01	 2.668E+02	 1.505E+00	 2.641E+02	 2.573E+00	 5.723E+00
    6.7500	 1.201E+01	-1.774E-01	 0.000E+00	 2.184E+00	-1.518E-01	 2.099E+01	-2.010E+00	 5.185E+00	-1.079E+00	 2.600E+00	 3.224E+00	 3.224E+00	 2.836E+02	 8.599E+01	 1.449E+01	-1.221E+02	 1.663E+03	-2.596E+02	-4.021E+01	 2.575E+02	 3.081E+00	 2.515E+02	 1.796E+00	 5.710E+00
    6.8000	 1.203E+01	-2.012E-01	 0.000E+00	 2.205E+00	-1.703E-01	 2.122E+01	-1.916E+00	 5.474E+00	-1.086E+00	 2.600E+00	 3.284E+00	 3.281E+00	 2.886E+02	 8.620E+01	 1.095E+01	-7.773E+01	 1.674E+03	-2.632E+02	-1.281E+01	 2.473E+02	 3.781E+00	 2.402E+02	 2.797E+00	 5.698E+00
    6.8500	 1.206E+01	-2.284E-01	 0.000E+00	 2.223E+00	-1.894E-01	 2.123E+01	-1.882E+00	 5.684E+00	-1.086E+00	 2.600E+00	 3.416E+00	 3.411E+00	 3.001E+02	 8.616E+01	 7.149E+00	-3.076E+01	 1.680E+03	-2.639E+02	 1.520E+01	 2.371E+02	 3.674E+00	 2.293E+02	 5.413E+00	 5.689E+00
    6.9000	 1.210E+01	-2.557E-01	 0.000E+00	 2.238E+00	-2.088E-01	 2.153E+01	-1.873E+00	 5.761E+00	-1.086E+00	 2.600E+00	 3.657E+00	 3.658E+00	 3.218E+02	 8.606E+01	 3.174E+00	 1.791E+01	 1.684E+03	-2.614E+02	 4.325E+01	 2.274E+02	 3.388E+00	 2.179E+02	 8.160E+00	 5.682E+00
    6.9500	 1.213E+01	-2.863E-01	 0.000E+00	 2.248E+00	-2.281E-01	 2.226E+01	-1.874E+00	 5.768E+00	-1.085E+00	 2.600E+00	 3.889E+00	 3.893E+00	 3.424E+02	 8.600E+01	-8.744E-01	 6.719E+01	 1.687E+03	-2.558E+02	 7.073E+01	 2.186E+02	 3.544E+00	 2.054E+02	 9.491E+00	 5.680E+00
    7.0000	 1.216E+01	-3.170E-01	 0.000E+00	 2.254E+00	-2.468E-01	 2.315E+01	-1.918E+00	 5.792E+00	-1.077E+00	 2.600E+00	 3.921E+00	 3.930E+00	 3.457E+02	 8.592E+01	-4.934E+00	 1.161E+02	 1.688E+03	-2.473E+02	 9.723E+01	 2.106E+02	 4.288E+00	 1.927E+02	 8.942E+00	 5.682E+00
    7.0500	 1.220E+01	-3.511E-01	 0.000E+00	 2.258E+00	-2.648E-01	 2.382E+01	-2.041E+00	 5.842E+00	-1.059E+00	 2.600E+00	 3.744E+00	 3.746E+00	 3.295E+02	 8.577E+01	-9.018E+00	 1.644E+02	 1.688E+03	-2.359E+02	 1.226E+02	 2.032E+02	 5.242E+00	 1.810E+02	 7.353E+00	 5.691E+00
    7.1000	 1.224E+01	-3.854E-01	 0.000E+00	 2.259E+00	-2.821E-01	 2.426E+01	-2.218E+00	 5.864E+00	-1.031E+00	 2.600E+00	 3.505E+00	 3.500E+00	 3.079E+02	 8.552E+01	-1.313E+01	 2.123E+02	 1.685E+03	-2.220E+02	 1.469E+02	 1.961E+02	 5.834E+00	 1.716E+02	 6.132E+00	 5.704E+00
    7.1500	 1.228E+01	-4.230E-01	 0.000E+00	 2.258E+00	-2.992E-01	 2.456E+01	-2.341E+00	 5.821E+00	-1.000E+00	 2.600E+00	 3.413E+00	 3.402E+00	 2.993E+02	 8.522E+01	-1.728E+01	 2.604E+02	 1.682E+03	-2.054E+02	 1.699E+02	 1.894E+02	 5.726E+00	 1.645E+02	 6.175E+00	 5.726E+00
    7.2000	 1.232E+01	-4.607E-01	 0.000E+00	 2.256E+00	-3.165E-01	 2.483E+01	-2.321E+00	 5.727E+00	-9.766E-01	 2.600E+00	 3.537E+00	 3.533E+00	 3.108E+02	 8.492E+01	-2.141E+01	 3.089E+02	 1.677E+03	-1.862E+02	 1.913E+02	 1.836E+02	 5.028E+00	 1.590E+02	 7.279E+00	 5.754E+00
    7.2500	 1.236E+01	-5.020E-01	 0.000E+00	 2.252E+00	-3.336E-01	 2.509E+01	-2.160E+00	 5.627E+00	-9.665E-01	 2.600E+00	 3.751E+00	 3.754E+00	 3.302E+02	 8.470E+01	-2.546E+01	 3.569E+02	 1.673E+03	-1.645E+02	 2.104E+02	 1.791E+02	 4.167E+00	 1.542E+02	 8.399E+00	 5.795E+00
    7.3000	 1.241E+01	-5.436E-01	 0.000E+00	 2.246E+00	-3.501E-01	 2.532E+01	-1.947E+00	 5.553E+00	-9.692E-01	 2.600E+00	 3.843E+00	 3.888E+00	 3.420E+02	 8.461E+01	-2.935E+01	 4.029E+02	 1.669E+03	-1.409E+02	 2.270E+02	 1.763E+02	 3.554E+00	 1.497E+02	 8.475E+00	 5.846E+00
    7.3500	 1.245E+01	-5.886E-01	 0.000E+00	 2.239E+00	-3.653E-01	 2.553E+01	-1.757E+00	 5.513E+00	-9.943E-01	 2.600E+00	 3.833E+00	 3.847E+00	 3.384E+02	 8.466E+01	-3.295E+01	 4.452E+02	 1.667E+03	-1.155E+02	 2.407E+02	 1.749E+02	 3.259E+00	 1.461E+02	 7.208E+00	 5.913E+00
    7.4000	 1.250E+01	-6.340E-01	 0.000E+00	 2.233E+00	-3.784E-01	 2.561E+01	-1.709E+00	 5.495E+00	-1.017E+00	 2.600E+00	 3.580E+00	 3.573E+00	 3.143E+02	 8.479E+01	-3.626E+01	 4.830E+02	 1.665E+03	-8.894E+01	 2.516E+02	 1.747E+02	 3.127E+00	 1.444E+02	 5.103E+00	 5.989E+00
    7.4500	 1.255E+01	-6.827E-01	 0.000E+00	 2.228E+00	-3.897E-01	 2.549E+01	-1.745E+00	 5.484E+00	-1.035E+00	 2.600E+00	 3.321E+00	 3.313E+00	 2.914E+02	 8.498E+01	-3.923E+01	 5.160E+02	 1.664E+03	-6.130E+01	 2.596E+02	 1.754E+02	 2.807E+00	 1.452E+02	 3.145E+00	 6.080E+00
    7.5000	 1.260E+01	-7.318E-01	 0.000E+00	 2.223E+00	-4.012E-01	 2.468E+01	-1.721E+00	 5.468E+00	-1.059E+00	 2.655E+00	 3.401E+00	 3.638E+00	 3.200E+02	 8.521E+01	-4.176E+01	 5.437E+02	 1.664E+03	-3.284E+01	 2.646E+02	 1.769E+02	 2.154E+00	 1.484E+02	 2.004E+00	 6.179E+00
    7.5500	 1.265E+01	-7.846E-01	 0.000E+00	 2.217E+00	-4.116E-01	 2.389E+01	-1.740E+00	 5.374E+00	-1.087E+00	 2.741E+00	 3.709E+00	 3.894E+00	 3.425E+02	 8.558E+01	-4.381E+01	 5.651E+02	 1.665E+03	-3.795E+00	 2.665E+02	 1.797E+02	 9.509E-01	 1.534E+02	 1.898E+00	 6.294E+00
    7.6000	 1.270E+01	-8.378E-01	 0.000E+00	 2.211E+00	-4.196E-01	 2.355E+01	-1.951E+00	 5.253E+00	-1.099E+00	 2.835E+00	 3.750E+00	 3.944E+00	 3.469E+02	 8.608E+01	-4.545E+01	 5.807E+02	 1.668E+03	 2.538E+01	 2.649E+02	 1.838E+02	-4.915E-01	 1.594E+02	 2.079E+00	 6.418E+00
    7.6500	 1.275E+01	-8.945E-01	 0.000E+00	 2.202E+00	-4.256E-01	 2.334E+01	-2.170E+00	 5.223E+00	-1.104E+00	 2.932E+00	 3.646E+00	 3.848E+00	 3.385E+02	 8.661E+01	-4.666E+01	 5.912E+02	 1.669E+03	 5.411E+01	 2.600E+02	 1.893E+02	-1.688E+00	 1.659E+02	 1.498E+00	 6.563E+00
    7.7000	 1.281E+01	-9.516E-01	 0.000E+00	 2.193E+00	-4.301E-01	 2.308E+01	-2.237E+00	 5.318E+00	-1.113E+00	 3.029E+00	 3.587E+00	 3.783E+00	 3.327E+02	 8.704E+01	-4.742E+01	 5.974E+02	 1.669E+03	 8.192E+01	 2.520E+02	 1.960E+02	-2.378E+00	 1.732E+02	-3.068E-01	 6.721E+00
    7.7500	 1.287E+01	-1.012E+00	 0.000E+00	 2.183E+00	-4.335E-01	 2.279E+01	-2.166E+00	 5.462E+00	-1.126E+00	 3.128E+00	 3.627E+00	 3.832E+00	 3.371E+02	 8.739E+01	-4.774E+01	 5.993E+02	 1.668E+03	 1.086E+02	 2.410E+02	 2.034E+02	-2.745E+00	 1.820E+02	-2.804E+00	 6.897E+00
    7.8000	 1.292E+01	-1.074E+00	 0.000E+00	 2.173E+00	-4.352E-01	 2.257E+01	-2.082E+00	 5.552E+00	-1.140E+00	 3.229E+00	 3.707E+00	 3.922E+00	 3.450E+02	 8.771E+01	-4.764E+01	 5.963E+02	 1.666E+03	 1.339E+02	 2.274E+02	 2.112E+02	-3.243E+00	 1.926E+02	-4.911E+00	 7.083E+00
    7.8500	 1.298E+01	-1.139E+00	 0.000E+00	 2.162E+00	-4.350E-01	 2.248E+01	-2.072E+00	 5.569E+00	-1.148E+00	 3.334E+00	 3.765E+00	 3.985E+00	 3.506E+02	 8.807E+01	-4.711E+01	 5.880E+02	 1.665E+03	 1.578E+02	 2.110E+02	 2.193E+02	-4.176E+00	 2.045E+02	-5.895E+00	 7.284E+00
    7.9000	 1.304E+01	-1.204E+00	 0.000E+00	 2.151E+00	-4.327E-01	 2.242E+01	-2.113E+00	 5.564E+00	-1.151E+00	 3.443E+00	 3.827E+00	 4.052E+00	 3.564E+02	 8.844E+01	-4.612E+01	 5.740E+02	 1.664E+03	 1.798E+02	 1.920E+02	 2.279E+02	-5.436E+00	 2.171E+02	-5.939E+00	 7.492E+00
    7.9500	 1.310E+01	-1.274E+00	 0.000E+00	 2.140E+00	-4.285E-01	 2.227E+01	-2.143E+00	 5.583E+00	-1.154E+00	 3.554E+00	 3.948E+00	 4.182E+00	 3.679E+02	 8.879E+01	-4.464E+01	 5.543E+02	 1.663E+03	 1.994E+02	 1.706E+02	 2.370E+02	-6.620E+00	 2.293E+02	-5.902E+00	 7.715E+00
    8.0000	 1.316E+01	-1.343E+00	 0.000E+00	 2.131E+00	-4.226E-01	 2.204E+01	-2.157E+00	 5.609E+00	-1.161E+00	 3.671E+00	 4.115E+00	 4.364E+00	 3.839E+02	 8.908E+01	-4.267E+01	 5.291E+02	 1.662E+03	 2.163E+02	 1.472E+02	 2.465E+02	-7.378E+00	 2.409E+02	-6.564E+00	 7.945E+00
    8.0500	 1.323E+01	-1.417E+00	 0.000E+00	 2.122E+00	-4.148E-01	 2.183E+01	-2.219E+00	 5.595E+00	-1.173E+00	 3.793E+00	 4.243E+00	 4.506E+00	 3.964E+02	 8.931E+01	-4.024E+01	 4.983E+02	 1.661E+03	 2.305E+02	 1.221E+02	 2.560E+02	-7.676E+00	 2.521E+02	-8.010E+00	 8.190E+00
    8.1000	 1.329E+01	-1.491E+00	 0.000E+00	 2.113E+00	-4.052E-01	 2.170E+01	-2.376E+00	 5.521E+00	-1.188E+00	 3.920E+00	 4.278E+00	 4.548E+00	 4.001E+02	 8.946E+01	-3.741E+01	 4.624E+02	 1.659E+03	 2.418E+02	 9.578E+01	 2.653E+02	-7.773E+00	 2.632E+02	-9.628E+00	 8.440E+00
    8.1500	 1.336E+01	-1.569E+00	 0.000E+00	 2.103E+00	-3.938E-01	 2.171E+01	-2.587E+00	 5.415E+00	-1.206E+00	 4.049E+00	 4.286E+00	 4.556E+00	 4.008E+02	 8.953E+01	-3.425E+01	 4.224E+02	 1.656E+03	 2.504E+02	 6.835E+01	 2.739E+02	-7.973E+00	 2.743E+02	-1.064E+01	 8.703E+00
    8.2000	 1.342E+01	-1.648E+00	 0.000E+00	 2.093E+00	-3.814E-01	 2.181E+01	-2.754E+00	 5.314E+00	-1.230E+00	 4.180E+00	 4.395E+00	 4.672E+00	 4.109E+02	 8.952E+01	-3.078E+01	 3.792E+02	 1.652E+03	 2.560E+02	 4.009E+01	 2.820E+02	-8.385E+00	 2.853E+02	-1.071E+01	 8.969E+00
    8.2500	 1.349E+01	-1.731E+00	 0.000E+00	 2.082E+00	-3.682E-01	 2.197E+01	-2.817E+00	 5.224E+00	-1.265E+00	 4.317E+00	 4.673E+00	 4.967E+00	 4.369E+02	 8.943E+01	-2.704E+01	 3.336E+02	 1.647E+03	 2.584E+02	 1.137E+01	 2.894E+02	-8.872E+00	 2.955E+02	-1.009E+01	 9.244E+00
    8.3000	 1.355E+01	-1.814E+00	 0.000E+00	 2.071E+00	-3.547E-01	 2.213E+01	-2.813E+00	 5.125E+00	-1.317E+00	 4.461E+00	 5.036E+00	 5.356E+00	 4.712E+02	 8.928E+01	-2.306E+01	 2.856E+02	 1.642E+03	 2.578E+02	-1.742E+01	 2.962E+02	-9.188E+00	 3.043E+02	-9.406E+00	 9.518E+00
    8.3500	 1.362E+01	-1.901E+00	 0.000E+00	 2.060E+00	-3.404E-01	 2.230E+01	-2.838E+00	 4.997E+00	-1.385E+00	 4.615E+00	 5.328E+00	 5.672E+00	 4.989E+02	 8.908E+01	-1.889E+01	 2.351E+02	 1.636E+03	 2.539E+02	-4.587E+01	 3.024E+02	-9.165E+00	 3.117E+02	-9.147E+00	 9.800E+00
    8.4000	 1.369E+01	-1.989E+00	 0.000E+00	 2.049E+00	-3.254E-01	 2.244E+01	-2.948E+00	 4.850E+00	-1.467E+00	 4.775E+00	 5.468E+00	 5.825E+00	 5.124E+02	 8.882E+01	-1.455E+01	 1.823E+02	 1.630E+03	 2.469E+02	-7.364E+01	 3.078E+02	-8.806E+00	 3.176E+02	-9.356E+00	 1.008E+01
    8.4500	 1.376E+01	-2.081E+00	 0.000E+00	 2.037E+00	-3.096E-01	 2.259E+01	-3.118E+00	 4.701E+00	-1.558E+00	 4.941E+00	 5.520E+00	 5.882E+00	 5.174E+02	 8.851E+01	-1.011E+01	 1.280E+02	 1.624E+03	 2.371E+02	-1.005E+02	 3.122E+02	-8.266E+00	 3.224E+02	-9.659E+00	 1.036E+01
    8.5000	 1.383E+01	-2.174E+00	 0.000E+00	 2.026E+00	-2.937E-01	 2.277E+01	-3.268E+00	 4.581E+00	-1.656E+00	 5.110E+00	 5.645E+00	 6.010E+00	 5.286E+02	 8.818E+01	-5.610E+00	 7.306E+01	 1.617E+03	 2.244E+02	-1.262E+02	 3.154E+02	-7.732E+00	 3.263E+02	-9.557E+00	 1.064E+01
    8.5500	 1.390E+01	-2.271E+00	 0.000E+00	 2.016E+00	-2.781E-01	 2.298E+01	-3.358E+00	 4.502E+00	-1.758E+00	 5.284E+00	 5.931E+00	 6.314E+00	 5.554E+02	 8.784E+01	-1.084E+00	 1.826E+01	 1.611E+03	 2.090E+02	-1.504E+02	 3.174E+02	-7.317E+00	 3.293E+02	-8.775E+00	 1.092E+01
    8.6000	 1.397E+01	-2.368E+00	 0.000E+00	 2.006E+00	-2.630E-01	 2.313E+01	-3.424E+00	 4.452E+00	-1.862E+00	 5.466E+00	 6.314E+00	 6.725E+00	 5.915E+02	 8.754E+01	 3.414E+00	-3.604E+01	 1.606E+03	 1.909E+02	-1.729E+02	 3.182E+02	-7.001E+00	 3.311E+02	-7.440E+00	 1.121E+01
    8.6500	 1.404E+01	-2.470E+00	 0.000E+00	 1.997E+00	-2.487E-01	 2.319E+01	-3.532E+00	 4.412E+00	-1.964E+00	 5.658E+00	 6.656E+00	 7.090E+00	 6.237E+02	 8.727E+01	 7.824E+00	-8.952E+01	 1.602E+03	 1.704E+02	-1.934E+02	 3.181E+02	-6.645E+00	 3.312E+02	-5.999E+00	 1.149E+01
    8.7000	 1.411E+01	-2.572E+00	 0.000E+00	 1.989E+00	-2.350E-01	 2.313E+01	-3.704E+00	 4.385E+00	-2.064E+00	 5.858E+00	 6.872E+00	 7.323E+00	 6.441E+02	 8.701E+01	 1.208E+01	-1.415E+02	 1.598E+03	 1.476E+02	-2.113E+02	 3.171E+02	-6.091E+00	 3.295E+02	-4.915E+00	 1.178E+01
    8.7500	 1.418E+01	-2.678E+00	 0.000E+00	 1.983E+00	-2.225E-01	 2.278E+01	-3.891E+00	 4.423E+00	-2.165E+00	 6.065E+00	 7.012E+00	 7.464E+00	 6.565E+02	 8.673E+01	 1.614E+01	-1.912E+02	 1.595E+03	 1.230E+02	-2.267E+02	 3.150E+02	-5.291E+00	 3.263E+02	-4.346E+00	 1.207E+01
    8.8000	 1.425E+01	-2.786E+00	 0.000E+00	 1.977E+00	-2.115E-01	 2.303E+01	-4.085E+00	 4.382E+00	-2.262E+00	 6.276E+00	 7.137E+00	 7.628E+00	 6.710E+02	 8.654E+01	 1.991E+01	-2.373E+02	 1.593E+03	 9.683E+01	-2.392E+02	 3.120E+02	-4.336E+00	 3.218E+02	-4.035E+00	 1.235E+01
    8.8500	 1.432E+01	-2.897E+00	 0.000E+00	 1.972E+00	-2.023E-01	 2.329E+01	-4.159E+00	 4.428E+00	-2.348E+00	 6.492E+00	 7.335E+00	 7.831E+00	 6.889E+02	 8.631E+01	 2.337E+01	-2.790E+02	 1.590E+03	 6.932E+01	-2.488E+02	 3.078E+02	-3.463E+00	 3.163E+02	-3.499E+00	 1.265E+01
    8.9000	 1.439E+01	-3.009E+00	 0.000E+00	 1.968E+00	-1.954E-01	 2.253E+01	-4.180E+00	 4.683E+00	-2.419E+00	 6.715E+00	 7.516E+00	 8.005E+00	 7.041E+02	 8.591E+01	 2.644E+01	-3.160E+02	 1.586E+03	 4.073E+01	-2.553E+02	 3.024E+02	-2.829E+00	 3.101E+02	-2.442E+00	 1.294E+01
    8.9500	 1.446E+01	-3.125E+00	 0.000E+00	 1.964E+00	-1.905E-01	 2.204E+01	-4.209E+00	 4.911E+00	-2.476E+00	 6.944E+00	 7.735E+00	 8.242E+00	 7.250E+02	 8.556E+01	 2.911E+01	-3.480E+02	 1.583E+03	 1.143E+01	-2.586E+02	 2.962E+02	-2.361E+00	 3.030E+02	-1.032E+00	 1.324E+01
    9.0000	 1.453E+01	-3.243E+00	 0.000E+00	 1.960E+00	-1.875E-01	 2.209E+01	-4.265E+00	 5.022E+00	-2.520E+00	 7.179E+00	 7.978E+00	 8.506E+00	 7.482E+02	 8.532E+01	 3.136E+01	-3.751E+02	 1.581E+03	-1.821E+01	-2.586E+02	 2.893E+02	-1.910E+00	 2.948E+02	 3.086E-01	 1.354E+01
    9.0500	 1.461E+01	-3.363E+00	 0.000E+00	 1.953E+00	-1.864E-01	 2.215E+01	-4.351E+00	 5.118E+00	-2.550E+00	 7.421E+00	 8.143E+00	 8.684E+00	 7.639E+02	 8.513E+01	 3.313E+01	-3.969E+02	 1.579E+03	-4.775E+01	-2.551E+02	 2.818E+02	-1.367E+00	 2.854E+02	 1.223E+00	 1.384E+01
    9.1000	 1.468E+01	-3.485E+00	 0.000E+00	 1.946E+00	-1.870E-01	 2.181E+01	-4.467E+00	 5.306E+00	-2.558E+00	 7.669E+00	 8.141E+00	 8.690E+00	 7.644E+02	 8.472E+01	 3.440E+01	-4.130E+02	 1.574E+03	-7.679E+01	-2.481E+02	 2.738E+02	-7.339E-01	 2.750E+02	 1.637E+00	 1.416E+01
    9.1500	 1.475E+01	-3.611E+00	 0.000E+00	 1.937E+00	-1.896E-01	 2.136E+01	-4.562E+00	 5.547E+00	-2.548E+00	 7.919E+00	 8.084E+00	 8.624E+00	 7.586E+02	 8.414E+01	 3.515E+01	-4.227E+02	 1.566E+03	-1.050E+02	-2.378E+02	 2.654E+02	-9.272E-02	 2.639E+02	 1.765E+00	 1.447E+01
    9.2000	 1.482E+01	-3.738E+00	 0.000E+00	 1.924E+00	-1.943E-01	 2.118E+01	-4.594E+00	 5.743E+00	-2.522E+00	 8.171E+00	 8.093E+00	 8.632E+00	 7.593E+02	 8.347E+01	 3.537E+01	-4.255E+02	 1.556E+03	-1.319E+02	-2.243E+02	 2.565E+02	 4.278E-01	 2.527E+02	 1.954E+00	 1.480E+01
    9.2500	 1.489E+01	-3.869E+00	 0.000E+00	 1.907E+00	-2.009E-01	 2.130E+01	-4.563E+00	 5.866E+00	-2.481E+00	 8.427E+00	 8.167E+00	 8.717E+00	 7.668E+02	 8.277E+01	 3.504E+01	-4.215E+02	 1.544E+03	-1.574E+02	-2.077E+02	 2.472E+02	 7.069E-01	 2.418E+02	 2.452E+00	 1.513E+01
    9.3000	 1.496E+01	-4.001E+00	 0.000E+00	 1.887E+00	-2.094E-01	 2.140E+01	-4.501E+00	 5.970E+00	-2.423E+00	 8.687E+00	 8.208E+00	 8.766E+00	 7.711E+02	 8.195E+01	 3.416E+01	-4.106E+02	 1.530E+03	-1.809E+02	-1.880E+02	 2.377E+02	 7.295E-01	 2.309E+02	 3.207E+00	 1.547E+01
    9.3500	 1.503E+01	-4.137E+00	 0.000E+00	 1.862E+00	-2.194E-01	 2.129E+01	-4.425E+00	 6.091E+00	-2.351E+00	 8.950E+00	 8.142E+00	 8.697E+00	 7.650E+02	 8.100E+01	 3.271E+01	-3.932E+02	 1.513E+03	-2.021E+02	-1.656E+02	 2.283E+02	 6.153E-01	 2.200E+02	 3.874E+00	 1.582E+01
    9.4000	 1.509E+01	-4.274E+00	 0.000E+00	 1.834E+00	-2.307E-01	 2.112E+01	-4.318E+00	 6.189E+00	-2.271E+00	 9.215E+00	 8.003E+00	 8.549E+00	 7.521E+02	 7.994E+01	 3.073E+01	-3.694E+02	 1.493E+03	-2.205E+02	-1.407E+02	 2.192E+02	 5.311E-01	 2.090E+02	 4.067E+00	 1.618E+01
    9.4500	 1.516E+01	-4.415E+00	 0.000E+00	 1.801E+00	-2.432E-01	 2.112E+01	-4.164E+00	 6.205E+00	-2.188E+00	 9.480E+00	 7.855E+00	 8.400E+00	 7.389E+02	 7.887E+01	 2.827E+01	-3.397E+02	 1.471E+03	-2.359E+02	-1.137E+02	 2.105E+02	 5.349E-01	 1.982E+02	 3.679E+00	 1.655E+01
    9.5000	 1.523E+01	-4.556E+00	 0.000E+00	 1.764E+00	-2.565E-01	 2.124E+01	-3.987E+00	 6.138E+00	-2.099E+00	 9.746E+00	 7.684E+00	 8.222E+00	 7.233E+02	 7.779E+01	 2.535E+01	-3.048E+02	 1.447E+03	-2.481E+02	-8.498E+01	 2.020E+02	 5.017E-01	 1.880E+02	 2.981E+00	 1.693E+01
    9.5500	 1.529E+01	-4.702E+00	 0.000E+00	 1.723E+00	-2.703E-01	 2.130E+01	-3.820E+00	 6.039E+00	-2.005E+00	 1.001E+01	 7.456E+00	 7.987E+00	 7.026E+02	 7.665E+01	 2.201E+01	-2.651E+02	 1.422E+03	-2.569E+02	-5.486E+01	 1.939E+02	 2.619E-01	 1.786E+02	 2.356E+00	 1.733E+01
    9.6000	 1.536E+01	-4.849E+00	 0.000E+00	 1.679E+00	-2.846E-01	 2.122E+01	-3.652E+00	 5.930E+00	-1.906E+00	 1.028E+01	 7.192E+00	 7.708E+00	 6.780E+02	 7.534E+01	 1.831E+01	-2.211E+02	 1.394E+03	-2.620E+02	-2.374E+01	 1.863E+02	-2.489E-01	 1.703E+02	 1.976E+00	 1.773E+01
    9.6500	 1.542E+01	-4.998E+00	 0.000E+00	 1.632E+00	-2.992E-01	 2.104E+01	-3.442E+00	 5.794E+00	-1.804E+00	 1.054E+01	 6.983E+00	 7.490E+00	 6.589E+02	 7.408E+01	 1.426E+01	-1.734E+02	 1.366E+03	-2.634E+02	 7.930E+00	 1.791E+02	-9.348E-01	 1.629E+02	 1.674E+00	 1.814E+01
    9.7000	 1.549E+01	-5.150E+00	 0.000E+00	 1.583E+00	-3.140E-01	 2.082E+01	-3.193E+00	 5.615E+00	-1.714E+00	 1.080E+01	 6.836E+00	 7.299E+00	 6.421E+02	 7.300E+01	 9.932E+00	-1.224E+02	 1.338E+03	-2.608E+02	 3.968E+01	 1.725E+02	-1.676E+00	 1.563E+02	 1.170E+00	 1.855E+01
    9.7500	 1.555E+01	-5.304E+00	 0.000E+00	 1.532E+00	-3.288E-01	 2.071E+01	-2.923E+00	 5.395E+00	-1.610E+00	 1.107E+01	 6.588E+00	 7.094E+00	 6.240E+02	 7.180E+01	 5.424E+00	-6.949E+01	 1.309E+03	-2.544E+02	 7.091E+01	 1.668E+02	-2.368E+00	 1.503E+02	 2.658E-01	 1.897E+01
    9.8000	 1.561E+01	-5.460E+00	 0.000E+00	 1.479E+00	-3.432E-01	 2.038E+01	-2.629E+00	 5.151E+00	-1.508E+00	 1.133E+01	 6.251E+00	 6.741E+00	 5.930E+02	 7.076E+01	 7.626E-01	-1.523E+01	 1.281E+03	-2.441E+02	 1.012E+02	 1.616E+02	-3.042E+00	 1.449E+02	-1.004E+00	 1.940E+01
    9.8500	 1.567E+01	-5.619E+00	 0.000E+00	 1.426E+00	-3.570E-01	 1.988E+01	-2.372E+00	 4.903E+00	-1.405E+00	 1.159E+01	 5.758E+00	 6.224E+00	 5.475E+02	 6.987E+01	-3.981E+00	 3.951E+01	 1.253E+03	-2.301E+02	 1.301E+02	 1.571E+02	-3.773E+00	 1.404E+02	-2.424E+00	 1.984E+01
    9.9000	 1.573E+01	-5.780E+00	 0.000E+00	 1.373E+00	-3.701E-01	 1.935E+01	-2.114E+00	 4.639E+00	-1.300E+00	 1.184E+01	 5.247E+00	 5.685E+00	 5.001E+02	 6.913E+01	-8.716E+00	 9.410E+01	 1.227E+03	-2.126E+02	 1.571E+02	 1.531E+02	-4.596E+00	 1.368E+02	-3.779E+00	 2.028E+01
    9.9500	 1.579E+01	-5.943E+00	 0.000E+00	 1.321E+00	-3.827E-01	 1.878E+01	-1.803E+00	 4.387E+00	-1.199E+00	 1.209E+01	 4.853E+00	 5.276E+00	 4.641E+02	 6.851E+01	-1.335E+01	 1.479E+02	 1.203E+03	-1.917E+02	 1.818E+02	 1.496E+02	-5.498E+00	 1.341E+02	-4.954E+00	 2.073E+01
   10.0000	 1.585E+01	-6.108E+00	 0.000E+00	 1.269E+00	-3.947E-01	 1.811E+01	-1.429E+00	 4.145E+00	-1.105E+00	 1.233E+01	 4.567E+00	 4.979E+00	 4.380E+02	 6.801E+01	-1.782E+01	 1.999E+02	 1.179E+03	-1.679E+02	 2.038E+02	 1.466E+02	-6.457E+00	 1.320E+02	-5.947E+00	 2.119E+01
   10.0500	 1.590E+01	-6.276E+00	 0.000E+00	 1.219E+00	-4.046E-01	 1.779E+01	-1.115E+00	 3.926E+00	-1.000E+00	 1.253E+01	 4.202E+00	 4.489E+00	 3.949E+02	 6.761E+01	-2.209E+01	 2.494E+02	 1.157E+03	-1.415E+02	 2.227E+02	 1.443E+02	-7.483E+00	 1.304E+02	-6.828E+00	 2.165E+01
   10.1000	 1.596E+01	-6.445E+00	 0.000E+00	 1.172E+00	-4.133E-01	 1.712E+01	-8.444E-01	 3.813E+00	-8.934E-01	 1.271E+01	 3.772E+00	 4.057E+00	 3.569E+02	 6.724E+01	-2.607E+01	 2.953E+02	 1.136E+03	-1.128E+02	 2.382E+02	 1.426E+02	-8.394E+00	 1.293E+02	-7.844E+00	 2.213E+01
   10.1500	 1.601E+01	-6.617E+00	 0.000E+00	 1.127E+00	-4.208E-01	 1.621E+01	-5.629E-01	 3.733E+00	-7.955E-01	 1.288E+01	 3.415E+00	 3.693E+00	 3.249E+02	 6.695E+01	-2.968E+01	 3.369E+02	 1.117E+03	-8.247E+01	 2.499E+02	 1.414E+02	-9.150E+00	 1.287E+02	-9.040E+00	 2.263E+01
   10.2000	 1.606E+01	-6.790E+00	 0.000E+00	 1.085E+00	-4.268E-01	 1.543E+01	-3.497E-01	 3.573E+00	-7.058E-01	 1.305E+01	 3.121E+00	 3.385E+00	 2.978E+02	 6.683E+01	-3.284E+01	 3.729E+02	 1.100E+03	-5.089E+01	 2.580E+02	 1.406E+02	-9.810E+00	 1.287E+02	-1.024E+01	 2.313E+01
   10.2500	 1.611E+01	-6.966E+00	 0.000E+00	 1.047E+00	-4.310E-01	 1.458E+01	-2.123E-01	 3.399E+00	-6.219E-01	 1.322E+01	 2.791E+00	 3.045E+00	 2.679E+02	 6.676E+01	-3.552E+01	 4.030E+02	 1.085E+03	-1.849E+01	 2.621E+02	 1.404E+02	-1.049E+01	 1.294E+02	-1.120E+01	 2.364E+01
   10.3000	 1.616E+01	-7.143E+00	 0.000E+00	 1.011E+00	-4.332E-01	 1.333E+01	-1.329E-01	 3.248E+00	-5.397E-01	 1.338E+01	 2.434E+00	 2.717E+00	 2.390E+02	 6.660E+01	-3.771E+01	 4.270E+02	 1.070E+03	 1.423E+01	 2.623E+02	 1.405E+02	-1.122E+01	 1.306E+02	-1.181E+01	 2.414E+01
   10.3500	 1.620E+01	-7.323E+00	 0.000E+00	 9.766E-01	-4.334E-01	 1.191E+01	-3.609E-02	 3.113E+00	-4.621E-01	 1.354E+01	 2.167E+00	 2.397E+00	 2.109E+02	 6.635E+01	-3.936E+01	 4.447E+02	 1.054E+03	 4.673E+01	 2.584E+02	 1.412E+02	-1.193E+01	 1.322E+02	-1.219E+01	 2.465E+01
   10.4000	 1.625E+01	-7.504E+00	 0.000E+00	 9.419E-01	-4.310E-01	 1.079E+01	 7.966E-02	 2.974E+00	-3.894E-01	 1.369E+01	 2.004E+00	 2.223E+00	 1.956E+02	 6.599E+01	-4.045E+01	 4.563E+02	 1.036E+03	 7.847E+01	 2.507E+02	 1.422E+02	-1.251E+01	 1.342E+02	-1.256E+01	 2.514E+01
   10.4500	 1.629E+01	-7.687E+00	 0.000E+00	 9.058E-01	-4.257E-01	 1.007E+01	 1.960E-01	 2.839E+00	-3.213E-01	 1.384E+01	 1.881E+00	 2.106E+00	 1.853E+02	 6.545E+01	-4.096E+01	 4.612E+02	 1.016E+03	 1.090E+02	 2.391E+02	 1.434E+02	-1.292E+01	 1.365E+02	-1.302E+01	 2.563E+01
   10.5000	 1.633E+01	-7.871E+00	 0.000E+00	 8.681E-01	-4.171E-01	 9.277E+00	 2.644E-01	 2.743E+00	-2.541E-01	 1.399E+01	 1.687E+00	 1.904E+00	 1.675E+02	 6.464E+01	-4.091E+01	 4.593E+02	 9.925E+02	 1.378E+02	 2.239E+02	 1.449E+02	-1.323E+01	 1.392E+02	-1.351E+01	 2.611E+01
   10.5500	 1.637E+01	-8.058E+00	 0.000E+00	 8.286E-01	-4.051E-01	 8.429E+00	 2.730E-01	 2.665E+00	-1.700E-01	 1.413E+01	 1.294E+00	 1.418E+00	 1.247E+02	 6.356E+01	-4.034E+01	 4.511E+02	 9.645E+02	 1.643E+02	 2.057E+02	 1.465E+02	-1.349E+01	 1.419E+02	-1.388E+01	 2.659E+01
   10.6000	 1.640E+01	-8.245E+00	 0.000E+00	 7.867E-01	-3.899E-01	 7.859E+00	 3.536E-01	 2.587E+00	-9.896E-02	 1.427E+01	 1.098E+00	 1.430E+00	 1.258E+02	 6.217E+01	-3.920E+01	 4.364E+02	 9.325E+02	 1.885E+02	 1.839E+02	 1.479E+02	-1.352E+01	 1.451E+02	-1.437E+01	 2.706E+01
   10.6500	 1.644E+01	-8.435E+00	 0.000E+00	 7.427E-01	-3.714E-01	 7.364E+00	 4.439E-01	 2.516E+00	-4.761E-02	 1.441E+01	 1.071E+00	 1.316E+00	 1.157E+02	 6.048E+01	-3.744E+01	 4.149E+02	 8.967E+02	 2.098E+02	 1.592E+02	 1.491E+02	-1.358E+01	 1.483E+02	-1.457E+01	 2.754E+01
   10.7000	 1.647E+01	-8.625E+00	 0.000E+00	 6.969E-01	-3.496E-01	 6.865E+00	 4.365E-01	 2.455E+00	 9.845E-03	 1.454E+01	 8.796E-01	 1.046E+00	 9.197E+01	 5.851E+01	-3.515E+01	 3.869E+02	 8.576E+02	 2.280E+02	 1.321E+02	 1.504E+02	-1.371E+01	 1.509E+02	-1.439E+01	 2.800E+01
   10.7500	 1.650E+01	-8.818E+00	 0.000E+00	 6.497E-01	-3.248E-01	 6.408E+00	 3.825E-01	 2.393E+00	 7.210E-02	 1.468E+01	 6.067E-01	 7.791E-01	 6.853E+01	 5.631E+01	-3.238E+01	 3.533E+02	 8.158E+02	 2.425E+02	 1.029E+02	 1.516E+02	-1.381E+01	 1.528E+02	-1.401E+01	 2.847E+01
   10.8000	 1.653E+01	-9.011E+00	 0.000E+00	 6.015E-01	-2.977E-01	 6.013E+00	 3.707E-01	 2.323E+00	 1.318E-01	 1.480E+01	 4.044E-01	 5.801E-01	 5.103E+01	 5.390E+01	-2.917E+01	 3.151E+02	 7.716E+02	 2.533E+02	 7.222E+01	 1.525E+02	-1.375E+01	 1.541E+02	-1.368E+01	 2.894E+01
   10.8500	 1.656E+01	-9.206E+00	 0.000E+00	 5.527E-01	-2.688E-01	 5.588E+00	 4.211E-01	 2.252E+00	 1.868E-01	 1.493E+01	 2.743E-01	 4.440E-01	 3.905E+01	 5.128E+01	-2.557E+01	 2.729E+02	 7.254E+02	 2.602E+02	 4.055E+01	 1.530E+02	-1.349E+01	 1.550E+02	-1.353E+01	 2.941E+01
   10.9000	 1.658E+01	-9.402E+00	 0.000E+00	 5.039E-01	-2.385E-01	 5.124E+00	 4.866E-01	 2.184E+00	 2.412E-01	 1.505E+01	 1.176E-01	 2.873E-01	 2.527E+01	 4.845E+01	-2.162E+01	 2.272E+02	 6.776E+02	 2.631E+02	 8.319E+00	 1.530E+02	-1.309E+01	 1.557E+02	-1.342E+01	 2.987E+01
   10.9500	 1.661E+01	-9.599E+00	 0.000E+00	 4.555E-01	-2.069E-01	 4.701E+00	 5.425E-01	 2.117E+00	 2.943E-01	 1.517E+01	-1.026E-01	 7.439E-02	 6.544E+00	 4.542E+01	-1.738E+01	 1.787E+02	 6.289E+02	 2.618E+02	-2.402E+01	 1.525E+02	-1.268E+01	 1.561E+02	-1.315E+01	 3.032E+01
   11.0000	 1.663E+01	-9.798E+00	 0.000E+00	 4.080E-01	-1.744E-01	 4.364E+00	 6.005E-01	 2.047E+00	 3.447E-01	 1.529E+01	-3.410E-01	-1.917E-01	-1.686E+01	 4.234E+01	-1.292E+01	 1.280E+02	 5.804E+02	 2.565E+02	-5.594E+01	 1.516E+02	-1.230E+01	 1.558E+02	-1.261E+01	 3.078E+01
   11.0500	 1.665E+01	-9.997E+00	 0.000E+00	 3.620E-01	-1.417E-01	 4.102E+00	 6.804E-01	 1.981E+00	 3.914E-01	 1.541E+01	-5.363E-01	-3.997E-01	-3.516E+01	 3.927E+01	-8.325E+00	 7.585E+01	 5.330E+02	 2.473E+02	-8.697E+01	 1.504E+02	-1.192E+01	 1.546E+02	-1.184E+01	 3.122E+01
   11.1000	 1.666E+01	-1.020E+01	 0.000E+00	 3.185E-01	-1.092E-01	 3.838E+00	 7.818E-01	 1.923E+00	 4.286E-01	 1.552E+01	-6.681E-01	-5.203E-01	-4.576E+01	 3.623E+01	-3.649E+00	 2.288E+01	 4.873E+02	 2.342E+02	-1.167E+02	 1.488E+02	-1.150E+01	 1.527E+02	-1.099E+01	 3.167E+01
   11.1500	 1.668E+01	-1.040E+01	 0.000E+00	 2.780E-01	-7.716E-02	 3.553E+00	 8.680E-01	 1.878E+00	 4.545E-01	 1.562E+01	-7.780E-01	-6.528E-01	-5.743E+01	 3.331E+01	 1.050E+00	-3.057E+01	 4.442E+02	 2.178E+02	-1.447E+02	 1.469E+02	-1.105E+01	 1.504E+02	-1.015E+01	 3.212E+01
   11.2000	 1.669E+01	-1.060E+01	 0.000E+00	 2.414E-01	-4.605E-02	 3.319E+00	 9.194E-01	 1.853E+00	 4.681E-01	 1.573E+01	-8.724E-01	-7.841E-01	-6.898E+01	 3.058E+01	 5.712E+00	-8.399E+01	 4.047E+02	 1.980E+02	-1.706E+02	 1.446E+02	-1.058E+01	 1.478E+02	-9.366E+00	 3.256E+01
   11.2500	 1.670E+01	-1.080E+01	 0.000E+00	 2.092E-01	-1.650E-02	 3.236E+00	 8.169E-01	 1.792E+00	 5.478E-01	 1.583E+01	-1.543E+00	-1.211E+00	-1.066E+02	 2.819E+01	 1.010E+01	-1.350E+02	 3.703E+02	 1.768E+02	-1.944E+02	 1.421E+02	-1.008E+01	 1.449E+02	-8.570E+00	 3.300E+01
   11.3000	 1.671E+01	-1.101E+01	 0.000E+00	 1.823E-01	 1.050E-02	 2.846E+00	 1.003E+00	 1.791E+00	 5.445E-01	 1.593E+01	-1.347E+00	-1.067E+00	-9.384E+01	 2.605E+01	 1.449E+01	-1.851E+02	 3.410E+02	 1.517E+02	-2.152E+02	 1.389E+02	-9.419E+00	 1.423E+02	-8.143E+00	 3.345E+01
   11.3500	 1.671E+01	-1.121E+01	 0.000E+00	 1.611E-01	 3.523E-02	 2.564E+00	 1.068E+00	 1.849E+00	 5.434E-01	 1.603E+01	-1.244E+00	-1.159E+00	-1.020E+02	 2.435E+01	 1.864E+01	-2.333E+02	 3.185E+02	 1.244E+02	-2.330E+02	 1.356E+02	-8.937E+00	 1.392E+02	-7.530E+00	 3.389E+01
   11.4000	 1.671E+01	-1.142E+01	 0.000E+00	 1.458E-01	 5.760E-02	 2.664E+00	 9.099E-01	 1.927E+00	 5.668E-01	 1.612E+01	-1.520E+00	-1.428E+00	-1.256E+02	 2.311E+01	 2.243E+01	-2.785E+02	 3.029E+02	 9.487E+01	-2.471E+02	 1.322E+02	-8.692E+00	 1.354E+02	-6.656E+00	 3.434E+01
   11.4500	 1.671E+01	-1.162E+01	 0.000E+00	 1.374E-01	 7.649E-02	 2.797E+00	 7.456E-01	 1.989E+00	 5.992E-01	 1.622E+01	-1.816E+00	-1.728E+00	-1.520E+02	 2.220E+01	 2.584E+01	-3.195E+02	 2.931E+02	 6.369E+01	-2.574E+02	 1.286E+02	-8.571E+00	 1.310E+02	-5.800E+00	 3.478E+01
   11.5000	 1.671E+01	-1.182E+01	 0.000E+00	 1.364E-01	 9.067E-02	 2.824E+00	 7.266E-01	 2.001E+00	 6.461E-01	 1.630E+01	-1.994E+00	-1.891E+00	-1.664E+02	 2.160E+01	 2.878E+01	-3.546E+02	 2.888E+02	 3.152E+01	-2.637E+02	 1.247E+02	-8.400E+00	 1.262E+02	-5.295E+00	 3.523E+01
   11.5500	 1.671E+01	-1.203E+01	 0.000E+00	 1.431E-01	 9.957E-02	 2.861E+00	 8.595E-01	 2.045E+00	 7.048E-01	 1.639E+01	-2.047E+00	-1.949E+00	-1.715E+02	 2.135E+01	 3.122E+01	-3.831E+02	 2.907E+02	-1.162E+00	-2.659E+02	 1.204E+02	-8.173E+00	 1.213E+02	-5.218E+00	 3.567E+01
   11.6000	 1.670E+01	-1.224E+01	 0.000E+00	 1.575E-01	 1.033E-01	 3.022E+00	 1.045E+00	 2.192E+00	 7.705E-01	 1.647E+01	-2.061E+00	-1.954E+00	-1.719E+02	 2.153E+01	 3.312E+01	-4.051E+02	 2.999E+02	-3.390E+01	-2.642E+02	 1.156E+02	-7.988E+00	 1.163E+02	-5.398E+00	 3.613E+01
   11.6500	 1.669E+01	-1.244E+01	 0.000E+00	 1.798E-01	 1.021E-01	 3.276E+00	 1.145E+00	 2.265E+00	 8.553E-01	 1.655E+01	-2.244E+00	-2.126E+00	-1.870E+02	 2.221E+01	 3.442E+01	-4.206E+02	 3.166E+02	-6.617E+01	-2.583E+02	 1.105E+02	-8.018E+00	 1.113E+02	-5.538E+00	 3.658E+01
   11.7000	 1.668E+01	-1.265E+01	 0.000E+00	 2.098E-01	 9.581E-02	 3.535E+00	 1.180E+00	 2.279E+00	 9.520E-01	 1.663E+01	-2.537E+00	-2.468E+00	-2.171E+02	 2.321E+01	 3.512E+01	-4.294E+02	 3.394E+02	-9.753E+01	-2.485E+02	 1.052E+02	-8.281E+00	 1.057E+02	-5.586E+00	 3.702E+01
   11.7500	 1.667E+01	-1.285E+01	 0.000E+00	 2.470E-01	 8.413E-02	 3.364E+00	 1.281E+00	 2.266E+00	 1.049E+00	 1.671E+01	-2.761E+00	-2.656E+00	-2.337E+02	 2.453E+01	 3.516E+01	-4.304E+02	 3.673E+02	-1.273E+02	-2.349E+02	 1.000E+02	-8.588E+00	 9.929E+01	-5.749E+00	 3.747E+01
   11.8000	 1.666E+01	-1.306E+01	 0.000E+00	 2.896E-01	 6.719E-02	 2.948E+00	 1.446E+00	 2.260E+00	 1.156E+00	 1.678E+01	-3.063E+00	-2.975E+00	-2.617E+02	 2.612E+01	 3.449E+01	-4.228E+02	 3.997E+02	-1.550E+02	-2.174E+02	 9.451E+01	-8.985E+00	 9.248E+01	-6.114E+00	 3.793E+01
   11.8500	 1.664E+01	-1.326E+01	 0.000E+00	 3.352E-01	 4.549E-02	 3.037E+00	 1.714E+00	 2.241E+00	 1.263E+00	 1.684E+01	-3.340E+00	-3.246E+00	-2.855E+02	 2.804E+01	 3.310E+01	-4.061E+02	 4.367E+02	-1.802E+02	-1.965E+02	 8.879E+01	-9.358E+00	 8.546E+01	-6.802E+00	 3.837E+01
   11.9000	 1.662E+01	-1.347E+01	 0.000E+00	 3.823E-01	 1.961E-02	 3.321E+00	 2.123E+00	 2.202E+00	 1.342E+00	 1.690E+01	-3.407E+00	-3.332E+00	-2.931E+02	 3.026E+01	 3.103E+01	-3.810E+02	 4.763E+02	-2.025E+02	-1.725E+02	 8.322E+01	-9.688E+00	 7.835E+01	-7.743E+00	 3.883E+01
   11.9500	 1.660E+01	-1.367E+01	 0.000E+00	 4.299E-01	-9.383E-03	 3.275E+00	 2.524E+00	 2.116E+00	 1.398E+00	 1.696E+01	-3.524E+00	-3.476E+00	-3.057E+02	 3.240E+01	 2.834E+01	-3.487E+02	 5.152E+02	-2.218E+02	-1.460E+02	 7.794E+01	-1.016E+01	 7.141E+01	-8.589E+00	 3.930E+01
   12.0000	 1.658E+01	-1.388E+01	 0.000E+00	 4.762E-01	-4.027E-02	 3.036E+00	 2.820E+00	 1.980E+00	 1.443E+00	 1.701E+01	-3.795E+00	-3.718E+00	-3.270E+02	 3.450E+01	 2.507E+01	-3.101E+02	 5.524E+02	-2.377E+02	-1.172E+02	 7.307E+01	-1.086E+01	 6.497E+01	-9.154E+00	 3.975E+01
   12.0500	 1.655E+01	-1.408E+01	 0.000E+00	 5.191E-01	-7.253E-02	 3.188E+00	 3.126E+00	 1.812E+00	 1.505E+00	 1.706E+01	-4.080E+00	-4.332E+00	-3.811E+02	 3.550E+01	 2.262E+01	-2.687E+02	 5.854E+02	-2.510E+02	-8.794E+01	 6.863E+01	-1.169E+01	 5.952E+01	-9.564E+00	 4.021E+01
   12.1000	 1.652E+01	-1.428E+01	 0.000E+00	 5.574E-01	-1.054E-01	 3.525E+00	 3.473E+00	 1.685E+00	 1.529E+00	 1.710E+01	-4.015E+00	-4.081E+00	-3.590E+02	 3.766E+01	 1.853E+01	-2.188E+02	 6.202E+02	-2.601E+02	-5.632E+01	 6.396E+01	-1.231E+01	 5.568E+01	-1.041E+01	 4.066E+01
   12.1500	 1.649E+01	-1.449E+01	 0.000E+00	 5.903E-01	-1.376E-01	 3.700E+00	 3.669E+00	 1.635E+00	 1.541E+00	 1.714E+01	-4.052E+00	-3.974E+00	-3.496E+02	 3.961E+01	 1.408E+01	-1.656E+02	 6.509E+02	-2.659E+02	-2.382E+01	 5.983E+01	-1.299E+01	 5.234E+01	-1.132E+01	 4.112E+01
   12.2000	 1.646E+01	-1.469E+01	 0.000E+00	 6.170E-01	-1.682E-01	 3.739E+00	 3.682E+00	 1.471E+00	 1.548E+00	 1.718E+01	-4.252E+00	-4.209E+00	-3.703E+02	 4.138E+01	 9.318E+00	-1.098E+02	 6.770E+02	-2.677E+02	 9.148E+00	 5.672E+01	-1.385E+01	 4.870E+01	-1.210E+01	 4.157E+01
   12.2500	 1.643E+01	-1.489E+01	 0.000E+00	 6.365E-01	-1.976E-01	 4.114E+00	 3.597E+00	 1.135E+00	 1.657E+00	 1.722E+01	-5.281E+00	-4.787E+00	-4.211E+02	 4.194E+01	 5.533E+00	-5.542E+01	 6.944E+02	-2.659E+02	 4.086E+01	 5.472E+01	-1.468E+01	 4.487E+01	-1.289E+01	 4.203E+01
   12.3000	 1.639E+01	-1.509E+01	 0.000E+00	 6.492E-01	-2.264E-01	 4.762E+00	 4.010E+00	 8.732E-01	 1.641E+00	 1.724E+01	-4.671E+00	-4.843E+00	-4.261E+02	 4.354E+01	 5.222E-01	 6.468E+00	 7.142E+02	-2.593E+02	 7.284E+01	 5.281E+01	-1.530E+01	 4.231E+01	-1.426E+01	 4.250E+01
   12.3500	 1.636E+01	-1.528E+01	 0.000E+00	 6.560E-01	-2.538E-01	 5.143E+00	 4.232E+00	 7.748E-01	 1.660E+00	 1.727E+01	-4.660E+00	-4.640E+00	-4.082E+02	 4.510E+01	-4.765E+00	 7.051E+01	 7.315E+02	-2.488E+02	 1.038E+02	 5.089E+01	-1.586E+01	 4.118E+01	-1.566E+01	 4.297E+01
   12.4000	 1.632E+01	-1.548E+01	 0.000E+00	 6.580E-01	-2.789E-01	 5.397E+00	 4.289E+00	 2.938E-01	 1.689E+00	 1.730E+01	-4.906E+00	-4.762E+00	-4.189E+02	 4.645E+01	-1.009E+01	 1.340E+02	 7.451E+02	-2.347E+02	 1.332E+02	 4.917E+01	-1.666E+01	 4.104E+01	-1.664E+01	 4.344E+01
   12.4500	 1.628E+01	-1.568E+01	 0.000E+00	 6.556E-01	-3.019E-01	 5.477E+00	 4.273E+00	 2.870E-01	 1.697E+00	 1.732E+01	-5.377E+00	-5.389E+00	-4.740E+02	 4.769E+01	-1.539E+01	 1.966E+02	 7.561E+02	-2.166E+02	 1.606E+02	 4.758E+01	-1.774E+01	 4.132E+01	-1.720E+01	 4.392E+01
   12.5000	 1.623E+01	-1.587E+01	 0.000E+00	 6.493E-01	-3.232E-01	 5.581E+00	 4.444E+00	 2.424E-01	 1.712E+00	 1.733E+01	-5.652E+00	-5.667E+00	-4.985E+02	 4.883E+01	-2.048E+01	 2.578E+02	 7.650E+02	-1.953E+02	 1.855E+02	 4.643E+01	-1.863E+01	 4.123E+01	-1.793E+01	 4.440E+01
   12.5500	 1.619E+01	-1.607E+01	 0.000E+00	 6.396E-01	-3.430E-01	 5.447E+00	 4.819E+00	 2.621E-01	 1.701E+00	 1.734E+01	-5.606E+00	-5.656E+00	-4.975E+02	 5.005E+01	-2.526E+01	 3.162E+02	 7.738E+02	-1.712E+02	 2.076E+02	 4.570E+01	-1.926E+01	 4.052E+01	-1.899E+01	 4.489E+01
   12.6000	 1.614E+01	-1.626E+01	 0.000E+00	 6.275E-01	-3.602E-01	 5.486E+00	 5.128E+00	 1.434E-01	 1.678E+00	 1.735E+01	-5.675E+00	-5.673E+00	-4.990E+02	 5.113E+01	-2.959E+01	 3.692E+02	 7.807E+02	-1.448E+02	 2.266E+02	 4.544E+01	-1.976E+01	 3.927E+01	-2.008E+01	 4.537E+01
   12.6500	 1.610E+01	-1.645E+01	 0.000E+00	 6.141E-01	-3.740E-01	 5.096E+00	 5.266E+00	-2.310E-01	 1.659E+00	 1.735E+01	-5.835E+00	-5.822E+00	-5.121E+02	 5.197E+01	-3.340E+01	 4.147E+02	 7.847E+02	-1.167E+02	 2.423E+02	 4.547E+01	-2.025E+01	 3.820E+01	-2.090E+01	 4.584E+01
   12.7000	 1.605E+01	-1.664E+01	 0.000E+00	 5.996E-01	-3.839E-01	 4.288E+00	 5.179E+00	-6.110E-01	 1.670E+00	 1.735E+01	-6.116E+00	-6.089E+00	-5.357E+02	 5.245E+01	-3.663E+01	 4.521E+02	 7.844E+02	-8.712E+01	 2.544E+02	 4.534E+01	-2.078E+01	 3.810E+01	-2.136E+01	 4.629E+01
   12.7500	 1.600E+01	-1.683E+01	 0.000E+00	 5.829E-01	-3.901E-01	 3.342E+00	 5.006E+00	-7.668E-01	 1.697E+00	 1.734E+01	-6.249E+00	-6.258E+00	-5.505E+02	 5.251E+01	-3.923E+01	 4.818E+02	 7.794E+02	-5.631E+01	 2.624E+02	 4.486E+01	-2.119E+01	 3.914E+01	-2.167E+01	 4.671E+01
   12.8000	 1.595E+01	-1.701E+01	 0.000E+00	 5.627E-01	-3.924E-01	 2.513E+00	 4.808E+00	-7.979E-01	 1.749E+00	 1.733E+01	-6.361E+00	-6.389E+00	-5.620E+02	 5.234E+01	-4.134E+01	 5.054E+02	 7.702E+02	-2.481E+01	 2.667E+02	 4.450E+01	-2.143E+01	 4.040E+01	-2.199E+01	 4.713E+01
   12.8500	 1.589E+01	-1.720E+01	 0.000E+00	 5.377E-01	-3.910E-01	 1.935E+00	 4.665E+00	-7.518E-01	 1.812E+00	 1.732E+01	-6.414E+00	-6.397E+00	-5.627E+02	 5.193E+01	-4.305E+01	 5.240E+02	 7.566E+02	 6.868E+00	 2.672E+02	 4.495E+01	-2.145E+01	 4.091E+01	-2.233E+01	 4.753E+01
   12.9000	 1.584E+01	-1.738E+01	 0.000E+00	 5.078E-01	-3.860E-01	 1.428E+00	 4.567E+00	-8.849E-01	 1.860E+00	 1.730E+01	-6.360E+00	-6.350E+00	-5.586E+02	 5.137E+01	-4.446E+01	 5.381E+02	 7.385E+02	 3.836E+01	 2.640E+02	 4.628E+01	-2.136E+01	 4.080E+01	-2.250E+01	 4.792E+01
   12.9500	 1.578E+01	-1.756E+01	 0.000E+00	 4.729E-01	-3.772E-01	 8.315E-01	 4.410E+00	-1.032E+00	 1.896E+00	 1.729E+01	-6.438E+00	-6.452E+00	-5.676E+02	 5.059E+01	-4.554E+01	 5.477E+02	 7.150E+02	 6.931E+01	 2.575E+02	 4.801E+01	-2.132E+01	 4.107E+01	-2.224E+01	 4.831E+01
   13.0000	 1.573E+01	-1.774E+01	 0.000E+00	 4.330E-01	-3.650E-01	 2.109E-01	 4.155E+00	-9.637E-01	 1.964E+00	 1.726E+01	-7.040E+00	-6.879E+00	-6.051E+02	 4.984E+01	-4.643E+01	 5.542E+02	 6.879E+02	 9.911E+01	 2.485E+02	 4.979E+01	-2.132E+01	 4.270E+01	-2.158E+01	 4.870E+01
   13.0500	 1.567E+01	-1.792E+01	 0.000E+00	 3.882E-01	-3.500E-01	 6.074E-03	 4.267E+00	-8.358E-01	 1.959E+00	 1.723E+01	-6.799E+00	-6.692E+00	-5.886E+02	 4.895E+01	-4.670E+01	 5.559E+02	 6.572E+02	 1.279E+02	 2.359E+02	 5.124E+01	-2.100E+01	 4.628E+01	-2.111E+01	 4.908E+01
   13.1000	 1.561E+01	-1.809E+01	 0.000E+00	 3.392E-01	-3.322E-01	-2.655E-01	 4.420E+00	-7.894E-01	 1.933E+00	 1.720E+01	-6.509E+00	-6.541E+00	-5.753E+02	 4.762E+01	-4.638E+01	 5.522E+02	 6.203E+02	 1.549E+02	 2.200E+02	 5.296E+01	-2.060E+01	 5.062E+01	-2.061E+01	 4.947E+01
   13.1500	 1.555E+01	-1.826E+01	 0.000E+00	 2.868E-01	-3.108E-01	-1.457E+00	 4.439E+00	-8.027E-01	 1.922E+00	 1.717E+01	-6.610E+00	-6.625E+00	-5.828E+02	 4.545E+01	-4.535E+01	 5.419E+02	 5.758E+02	 1.794E+02	 2.008E+02	 5.521E+01	-2.021E+01	 5.467E+01	-1.996E+01	 4.985E+01
   13.2000	 1.549E+01	-1.843E+01	 0.000E+00	 2.303E-01	-2.858E-01	-2.648E+00	 4.211E+00	-8.257E-01	 1.997E+00	 1.714E+01	-7.520E+00	-7.292E+00	-6.415E+02	 4.265E+01	-4.392E+01	 5.268E+02	 5.248E+02	 2.008E+02	 1.795E+02	 5.808E+01	-1.984E+01	 5.794E+01	-1.920E+01	 5.024E+01
   13.2500	 1.543E+01	-1.860E+01	 0.000E+00	 1.705E-01	-2.584E-01	 1.415E+00	 4.331E+00	-8.184E-01	 1.992E+00	 1.709E+01	-7.095E+00	-6.988E+00	-6.147E+02	 3.964E+01	-4.178E+01	 5.060E+02	 4.710E+02	 2.196E+02	 1.553E+02	 6.078E+01	-1.898E+01	 6.132E+01	-1.906E+01	 5.063E+01
   13.3000	 1.537E+01	-1.877E+01	 0.000E+00	 1.150E-01	-2.303E-01	-2.308E+00	 4.464E+00	-7.232E-01	 2.029E+00	 1.704E+01	-7.006E+00	-7.097E+00	-6.243E+02	 3.510E+01	-3.914E+01	 4.788E+02	 4.017E+02	 2.352E+02	 1.287E+02	 6.269E+01	-1.828E+01	 6.503E+01	-1.872E+01	 5.102E+01
   13.3500	 1.531E+01	-1.893E+01	 0.000E+00	 5.967E-02	-1.998E-01	-1.139E+00	 4.356E+00	-6.150E-01	 2.081E+00	 1.700E+01	-7.074E+00	-7.146E+00	-6.286E+02	 3.048E+01	-3.619E+01	 4.467E+02	 3.316E+02	 2.477E+02	 1.007E+02	 6.421E+01	-1.767E+01	 6.851E+01	-1.802E+01	 5.140E+01
   13.4000	 1.525E+01	-1.909E+01	 0.000E+00	 6.483E-03	-1.678E-01	-1.730E+00	 4.108E+00	-5.828E-01	 2.136E+00	 1.695E+01	-7.212E+00	-7.239E+00	-6.368E+02	 2.581E+01	-3.289E+01	 4.095E+02	 2.635E+02	 2.569E+02	 7.148E+01	 6.549E+01	-1.719E+01	 7.115E+01	-1.692E+01	 5.179E+01
   13.4500	 1.518E+01	-1.925E+01	 0.000E+00	-4.429E-02	-1.350E-01	-2.074E+00	 3.821E+00	-6.086E-01	 2.166E+00	 1.689E+01	-7.196E+00	-7.252E+00	-6.379E+02	 2.140E+01	-2.929E+01	 3.686E+02	 2.008E+02	 2.628E+02	 4.156E+01	 6.662E+01	-1.670E+01	 7.259E+01	-1.571E+01	 5.216E+01
   13.5000	 1.512E+01	-1.941E+01	 0.000E+00	-9.242E-02	-1.025E-01	-2.178E+00	 3.522E+00	-6.182E-01	 2.182E+00	 1.683E+01	-7.208E+00	-7.219E+00	-6.351E+02	 1.717E+01	-2.553E+01	 3.259E+02	 1.420E+02	 2.656E+02	 1.138E+01	 6.745E+01	-1.608E+01	 7.287E+01	-1.468E+01	 5.251E+01
   13.5500	 1.506E+01	-1.956E+01	 0.000E+00	-1.374E-01	-7.107E-02	-2.658E+00	 3.402E+00	-5.627E-01	 2.183E+00	 1.677E+01	-7.236E+00	-7.276E+00	-6.400E+02	 1.289E+01	-2.169E+01	 2.828E+02	 8.375E+01	 2.652E+02	-1.869E+01	 6.771E+01	-1.536E+01	 7.241E+01	-1.390E+01	 5.285E+01
   13.6000	 1.499E+01	-1.971E+01	 0.000E+00	-1.795E-01	-4.117E-02	-3.567E+00	 3.489E+00	-5.494E-01	 2.169E+00	 1.671E+01	-7.287E+00	-7.315E+00	-6.435E+02	 8.645E+00	-1.782E+01	 2.401E+02	 2.650E+01	 2.615E+02	-4.826E+01	 6.732E+01	-1.453E+01	 7.152E+01	-1.329E+01	 5.316E+01
   13.6500	 1.493E+01	-1.986E+01	 0.000E+00	-2.199E-01	-1.219E-02	-4.152E+00	 3.767E+00	-5.575E-01	 2.135E+00	 1.664E+01	-7.046E+00	-7.083E+00	-6.231E+02	 4.794E+00	-1.385E+01	 1.969E+02	-2.584E+01	 2.542E+02	-7.698E+01	 6.646E+01	-1.362E+01	 7.028E+01	-1.271E+01	 5.344E+01
   13.7000	 1.486E+01	-2.001E+01	 0.000E+00	-2.587E-01	 1.681E-02	-3.705E+00	 3.944E+00	-4.770E-01	 2.087E+00	 1.658E+01	-6.838E+00	-6.892E+00	-6.063E+02	 1.551E+00	-9.811E+00	 1.519E+02	-7.076E+01	 2.438E+02	-1.047E+02	 6.546E+01	-1.283E+01	 6.844E+01	-1.188E+01	 5.372E+01
   13.7500	 1.480E+01	-2.015E+01	 0.000E+00	-2.940E-01	 4.594E-02	-3.008E+00	 3.913E+00	-5.236E-01	 2.056E+00	 1.651E+01	-6.747E+00	-6.818E+00	-5.997E+02	-1.273E+00	-5.673E+00	 1.044E+02	-1.100E+02	 2.303E+02	-1.313E+02	 6.436E+01	-1.224E+01	 6.613E+01	-1.074E+01	 5.397E+01
   13.8000	 1.474E+01	-2.029E+01	 0.000E+00	-3.236E-01	 7.442E-02	-2.997E+00	 3.714E+00	-3.944E-01	 2.040E+00	 1.644E+01	-6.872E+00	-6.899E+00	-6.068E+02	-3.798E+00	-1.494E+00	 5.474E+01	-1.454E+02	 2.140E+02	-1.564E+02	 6.330E+01	-1.178E+01	 6.350E+01	-9.496E+00	 5.422E+01
   13.8500	 1.467E+01	-2.043E+01	 0.000E+00	-3.470E-01	 1.012E-01	-3.222E+00	 3.475E+00	-2.001E-01	 2.070E+00	 1.637E+01	-7.152E+00	-7.030E+00	-6.184E+02	-5.946E+00	 2.630E+00	 4.993E+00	-1.754E+02	 1.958E+02	-1.798E+02	 6.237E+01	-1.129E+01	 6.093E+01	-8.447E+00	 5.446E+01
   13.9000	 1.461E+01	-2.057E+01	 0.000E+00	-3.641E-01	 1.254E-01	-2.968E+00	 3.474E+00	-3.345E-02	 2.045E+00	 1.629E+01	-6.669E+00	-6.780E+00	-5.964E+02	-7.512E+00	 6.846E+00	-4.523E+01	-1.969E+02	 1.748E+02	-2.011E+02	 6.133E+01	-1.066E+01	 5.920E+01	-7.840E+00	 5.471E+01
   13.9500	 1.455E+01	-2.070E+01	 0.000E+00	-3.741E-01	 1.473E-01	-2.349E+00	 3.303E+00	-4.517E-02	 2.073E+00	 1.622E+01	-6.553E+00	-6.754E+00	-5.941E+02	-8.293E+00	 1.086E+01	-9.437E+01	-2.076E+02	 1.524E+02	-2.201E+02	 6.055E+01	-1.017E+01	 5.811E+01	-7.263E+00	 5.496E+01
   14.0000	 1.448E+01	-2.083E+01	 0.000E+00	-3.753E-01	 1.660E-01	-1.598E+00	 3.112E+00	 1.128E-01	 2.057E+00	 1.614E+01	-6.349E+00	-6.627E+00	-5.829E+02	-8.368E+00	 1.474E+01	-1.424E+02	-2.078E+02	 1.276E+02	-2.364E+02	 5.982E+01	-9.803E+00	 5.780E+01	-6.758E+00	 5.523E+01
   14.0500	 1.442E+01	-2.095E+01	 0.000E+00	-3.662E-01	 1.804E-01	-1.148E+00	 2.816E+00	 4.021E-01	 2.067E+00	 1.607E+01	-6.690E+00	-6.651E+00	-5.851E+02	-7.782E+00	 1.821E+01	-1.867E+02	-1.979E+02	 1.011E+02	-2.493E+02	 5.921E+01	-9.624E+00	 5.789E+01	-6.312E+00	 5.550E+01
   14.1000	 1.436E+01	-2.108E+01	 0.000E+00	-3.457E-01	 1.893E-01	-7.850E-01	 2.728E+00	 6.635E-01	 2.060E+00	 1.598E+01	-6.786E+00	-6.810E+00	-5.991E+02	-6.585E+00	 2.138E+01	-2.268E+02	-1.778E+02	 7.327E+01	-2.588E+02	 5.869E+01	-9.565E+00	 5.809E+01	-6.131E+00	 5.578E+01
   14.1500	 1.430E+01	-2.120E+01	 0.000E+00	-3.137E-01	 1.920E-01	-3.169E-01	 2.787E+00	 5.680E-01	 2.166E+00	 1.590E+01	-7.078E+00	-7.358E+00	-6.472E+02	-4.711E+00	 2.402E+01	-2.602E+02	-1.464E+02	 4.530E+01	-2.648E+02	 5.842E+01	-9.581E+00	 5.799E+01	-6.249E+00	 5.606E+01
   14.2000	 1.423E+01	-2.132E+01	 0.000E+00	-2.696E-01	 1.879E-01	 4.677E-01	 3.177E+00	 9.104E-01	 2.169E+00	 1.580E+01	-6.883E+00	-6.584E+00	-5.791E+02	-2.283E+00	 2.628E+01	-2.880E+02	-1.044E+02	 1.645E+01	-2.674E+02	 5.787E+01	-9.188E+00	 5.802E+01	-7.209E+00	 5.634E+01
   14.2500	 1.417E+01	-2.143E+01	 0.000E+00	-2.125E-01	 1.785E-01	 8.444E-01	 3.571E+00	 1.172E+00	 2.141E+00	 1.571E+01	-6.428E+00	-6.463E+00	-5.685E+02	 5.340E-01	 2.825E+01	-3.127E+02	-5.353E+01	-1.258E+01	-2.667E+02	 5.707E+01	-9.174E+00	 5.793E+01	-7.973E+00	 5.662E+01
   14.3000	 1.412E+01	-2.154E+01	 0.000E+00	-1.429E-01	 1.650E-01	 8.693E-01	 3.619E+00	 1.449E+00	 2.142E+00	 1.562E+01	-6.540E+00	-6.617E+00	-5.821E+02	 3.633E+00	 2.976E+01	-3.343E+02	 4.704E+00	-4.152E+01	-2.629E+02	 5.589E+01	-9.551E+00	 5.750E+01	-8.289E+00	 5.690E+01
   14.3500	 1.406E+01	-2.165E+01	 0.000E+00	-6.254E-02	 1.475E-01	 8.656E-01	 3.475E+00	 1.360E+00	 2.164E+00	 1.552E+01	-6.819E+00	-6.862E+00	-6.036E+02	 7.046E+00	 3.082E+01	-3.521E+02	 7.001E+01	-7.002E+01	-2.559E+02	 5.433E+01	-1.019E+01	 5.638E+01	-8.340E+00	 5.716E+01
   14.4000	 1.400E+01	-2.176E+01	 0.000E+00	 2.621E-02	 1.257E-01	 1.108E+00	 3.353E+00	 1.249E+00	 2.183E+00	 1.542E+01	-6.797E+00	-6.729E+00	-5.919E+02	 1.056E+01	 3.150E+01	-3.646E+02	 1.404E+02	-9.747E+01	-2.461E+02	 5.292E+01	-1.071E+01	 5.390E+01	-8.616E+00	 5.743E+01
   14.4500	 1.394E+01	-2.186E+01	 0.000E+00	 1.203E-01	 9.980E-02	 8.703E-01	 3.398E+00	 1.282E+00	 2.214E+00	 1.531E+01	-6.750E+00	-6.894E+00	-6.065E+02	 1.386E+01	 3.182E+01	-3.704E+02	 2.127E+02	-1.238E+02	-2.334E+02	 5.112E+01	-1.127E+01	 5.051E+01	-9.156E+00	 5.769E+01
   14.5000	 1.389E+01	-2.196E+01	 0.000E+00	 2.169E-01	 7.009E-02	 7.217E-01	 3.465E+00	 1.336E+00	 2.268E+00	 1.520E+01	-6.964E+00	-6.935E+00	-6.100E+02	 1.688E+01	 3.176E+01	-3.686E+02	 2.838E+02	-1.486E+02	-2.181E+02	 4.903E+01	-1.169E+01	 4.670E+01	-1.005E+01	 5.793E+01
   14.5500	 1.383E+01	-2.205E+01	 0.000E+00	 3.136E-01	 3.730E-02	 1.481E+00	 3.796E+00	 1.274E+00	 2.241E+00	 1.509E+01	-6.521E+00	-6.516E+00	-5.731E+02	 1.948E+01	 3.149E+01	-3.612E+02	 3.499E+02	-1.714E+02	-2.012E+02	 4.764E+01	-1.188E+01	 4.268E+01	-1.105E+01	 5.817E+01
   14.6000	 1.378E+01	-2.215E+01	 0.000E+00	 4.087E-01	 2.673E-03	 4.477E-01	 4.066E+00	 1.131E+00	 2.187E+00	 1.498E+01	-6.337E+00	-6.361E+00	-5.596E+02	 2.214E+01	 3.055E+01	-3.464E+02	 4.119E+02	-1.923E+02	-1.818E+02	 4.577E+01	-1.229E+01	 3.977E+01	-1.170E+01	 5.840E+01
   14.6500	 1.373E+01	-2.224E+01	 0.000E+00	 4.976E-01	-3.203E-02	-3.665E-01	 4.186E+00	 1.021E+00	 2.108E+00	 1.487E+01	-6.321E+00	-6.338E+00	-5.575E+02	 2.459E+01	 2.894E+01	-3.249E+02	 4.679E+02	-2.110E+02	-1.601E+02	 4.401E+01	-1.288E+01	 3.774E+01	-1.197E+01	 5.859E+01
   14.7000	 1.368E+01	-2.233E+01	 0.000E+00	 5.758E-01	-6.546E-02	-3.525E-01	 4.293E+00	 1.085E+00	 1.976E+00	 1.475E+01	-5.977E+00	-6.017E+00	-5.293E+02	 2.709E+01	 2.684E+01	-2.975E+02	 5.200E+02	-2.273E+02	-1.365E+02	 4.281E+01	-1.357E+01	 3.615E+01	-1.209E+01	 5.877E+01
   14.7500	 1.363E+01	-2.241E+01	 0.000E+00	 6.408E-01	-9.661E-02	 3.006E-01	 4.324E+00	 1.314E+00	 1.830E+00	 1.464E+01	-5.597E+00	-5.643E+00	-4.964E+02	 2.939E+01	 2.433E+01	-2.653E+02	 5.650E+02	-2.412E+02	-1.112E+02	 4.242E+01	-1.416E+01	 3.473E+01	-1.244E+01	 5.893E+01
   14.8000	 1.358E+01	-2.249E+01	 0.000E+00	 6.922E-01	-1.249E-01	 6.909E-01	 4.230E+00	 1.354E+00	 1.736E+00	 1.453E+01	-5.441E+00	-5.502E+00	-4.840E+02	 3.124E+01	 2.140E+01	-2.287E+02	 5.991E+02	-2.524E+02	-8.470E+01	 4.279E+01	-1.465E+01	 3.369E+01	-1.309E+01	 5.909E+01
   14.8500	 1.354E+01	-2.257E+01	 0.000E+00	 7.294E-01	-1.503E-01	 8.725E-01	 4.096E+00	 1.146E+00	 1.708E+00	 1.443E+01	-5.502E+00	-5.630E+00	-4.952E+02	 3.220E+01	 1.841E+01	-1.896E+02	 6.193E+02	-2.612E+02	-5.758E+01	 4.391E+01	-1.508E+01	 3.337E+01	-1.389E+01	 5.924E+01
   14.9000	 1.349E+01	-2.264E+01	 0.000E+00	 7.517E-01	-1.727E-01	 1.292E+00	 4.000E+00	 9.622E-01	 1.698E+00	 1.431E+01	-5.331E+00	-5.276E+00	-4.641E+02	 3.312E+01	 1.488E+01	-1.450E+02	 6.322E+02	-2.669E+02	-2.975E+01	 4.549E+01	-1.535E+01	 3.449E+01	-1.480E+01	 5.940E+01
   14.9500	 1.345E+01	-2.271E+01	 0.000E+00	 7.597E-01	-1.922E-01	 2.623E+00	 3.899E+00	 9.516E-01	 1.699E+00	 1.420E+01	-4.990E+00	-5.040E+00	-4.433E+02	 3.393E+01	 1.105E+01	-9.701E+01	 6.390E+02	-2.692E+02	-1.643E+00	 4.739E+01	-1.576E+01	 3.730E+01	-1.541E+01	 5.957E+01
   15.0000	 1.341E+01	-2.278E+01	 0.000E+00	 7.567E-01	-2.095E-01	 4.318E+00	 3.877E+00	 1.028E+00	 1.732E+00	 1.409E+01	-4.956E+00	-5.228E+00	-4.599E+02	 3.404E+01	 7.370E+00	-4.905E+01	 6.362E+02	-2.684E+02	 2.607E+01	 4.969E+01	-1.632E+01	 4.145E+01	-1.575E+01	 5.974E+01
   15.0500	 1.337E+01	-2.284E+01	 0.000E+00	 7.465E-01	-2.256E-01	 5.230E+00	 3.832E+00	 9.738E-01	 1.729E+00	 1.398E+01	-4.844E+00	-4.963E+00	-4.366E+02	 3.427E+01	 3.098E+00	 4.274E+00	 6.310E+02	-2.637E+02	 5.353E+01	 5.225E+01	-1.665E+01	 4.651E+01	-1.634E+01	 5.992E+01
   15.1000	 1.333E+01	-2.291E+01	 0.000E+00	 7.315E-01	-2.407E-01	 6.290E+00	 3.762E+00	 7.633E-01	 1.693E+00	 1.386E+01	-4.907E+00	-4.930E+00	-4.336E+02	 3.454E+01	-1.337E+00	 5.917E+01	 6.251E+02	-2.560E+02	 8.036E+01	 5.502E+01	-1.690E+01	 5.167E+01	-1.709E+01	 6.011E+01
   15.1500	 1.329E+01	-2.296E+01	 0.000E+00	 7.145E-01	-2.554E-01	 7.467E+00	 3.749E+00	 5.810E-01	 1.605E+00	 1.375E+01	-4.859E+00	-4.902E+00	-4.312E+02	 3.504E+01	-5.796E+00	 1.144E+02	 6.223E+02	-2.452E+02	 1.061E+02	 5.825E+01	-1.706E+01	 5.615E+01	-1.791E+01	 6.028E+01
   15.2000	 1.326E+01	-2.302E+01	 0.000E+00	 6.992E-01	-2.703E-01	 8.724E+00	 3.784E+00	 5.712E-01	 1.502E+00	 1.363E+01	-4.828E+00	-4.909E+00	-4.318E+02	 3.573E+01	-1.022E+01	 1.688E+02	 6.233E+02	-2.316E+02	 1.306E+02	 6.165E+01	-1.723E+01	 5.986E+01	-1.854E+01	 6.047E+01
   15.2500	 1.323E+01	-2.307E+01	 0.000E+00	 6.893E-01	-2.859E-01	 8.699E+00	 3.879E+00	 6.642E-01	 1.398E+00	 1.351E+01	-4.786E+00	-4.857E+00	-4.272E+02	 3.638E+01	-1.449E+01	 2.211E+02	 6.263E+02	-2.156E+02	 1.534E+02	 6.504E+01	-1.742E+01	 6.302E+01	-1.881E+01	 6.065E+01
   15.3000	 1.320E+01	-2.312E+01	 0.000E+00	 6.858E-01	-3.019E-01	 8.450E+00	 3.985E+00	 7.116E-01	 1.301E+00	 1.339E+01	-4.493E+00	-4.562E+00	-4.013E+02	 3.719E+01	-1.848E+01	 2.693E+02	 6.341E+02	-1.975E+02	 1.744E+02	 6.802E+01	-1.755E+01	 6.623E+01	-1.877E+01	 6.082E+01
   15.3500	 1.317E+01	-2.316E+01	 0.000E+00	 6.885E-01	-3.174E-01	 7.960E+00	 3.994E+00	 7.269E-01	 1.220E+00	 1.327E+01	-4.117E+00	-4.179E+00	-3.676E+02	 3.817E+01	-2.213E+01	 3.120E+02	 6.467E+02	-1.776E+02	 1.935E+02	 7.050E+01	-1.759E+01	 6.956E+01	-1.849E+01	 6.097E+01
   15.4000	 1.314E+01	-2.320E+01	 0.000E+00	 6.963E-01	-3.314E-01	 7.146E+00	 3.803E+00	 6.954E-01	 1.167E+00	 1.315E+01	-3.916E+00	-3.963E+00	-3.486E+02	 3.920E+01	-2.540E+01	 3.483E+02	 6.618E+02	-1.561E+02	 2.104E+02	 7.267E+01	-1.753E+01	 7.249E+01	-1.811E+01	 6.111E+01
   15.4500	 1.312E+01	-2.324E+01	 0.000E+00	 7.072E-01	-3.435E-01	 6.134E+00	 3.433E+00	 7.143E-01	 1.146E+00	 1.304E+01	-3.963E+00	-4.037E+00	-3.551E+02	 4.022E+01	-2.833E+01	 3.788E+02	 6.773E+02	-1.332E+02	 2.251E+02	 7.488E+01	-1.731E+01	 7.446E+01	-1.774E+01	 6.121E+01
   15.5000	 1.309E+01	-2.328E+01	 0.000E+00	 7.187E-01	-3.539E-01	 5.248E+00	 3.068E+00	 7.780E-01	 1.144E+00	 1.292E+01	-3.980E+00	-4.094E+00	-3.602E+02	 4.112E+01	-3.088E+01	 4.048E+02	 6.916E+02	-1.091E+02	 2.373E+02	 7.727E+01	-1.686E+01	 7.554E+01	-1.748E+01	 6.128E+01
   15.5500	 1.308E+01	-2.331E+01	 0.000E+00	 7.289E-01	-3.629E-01	 4.854E+00	 2.829E+00	 8.460E-01	 1.152E+00	 1.280E+01	-3.842E+00	-3.901E+00	-3.431E+02	 4.187E+01	-3.313E+01	 4.278E+02	 7.039E+02	-8.415E+01	 2.470E+02	 7.975E+01	-1.618E+01	 7.646E+01	-1.718E+01	 6.133E+01
   15.6000	 1.306E+01	-2.334E+01	 0.000E+00	 7.366E-01	-3.704E-01	 4.564E+00	 2.677E+00	 8.947E-01	 1.166E+00	 1.268E+01	-3.627E+00	-3.734E+00	-3.284E+02	 4.243E+01	-3.514E+01	 4.482E+02	 7.129E+02	-5.846E+01	 2.543E+02	 8.215E+01	-1.550E+01	 7.801E+01	-1.650E+01	 6.137E+01
   15.6500	 1.304E+01	-2.336E+01	 0.000E+00	 7.410E-01	-3.762E-01	 4.267E+00	 2.532E+00	 9.460E-01	 1.168E+00	 1.256E+01	-3.421E+00	-3.488E+00	-3.068E+02	 4.274E+01	-3.700E+01	 4.669E+02	 7.179E+02	-3.211E+01	 2.590E+02	 8.435E+01	-1.487E+01	 8.071E+01	-1.539E+01	 6.138E+01
   15.7000	 1.303E+01	-2.338E+01	 0.000E+00	 7.413E-01	-3.801E-01	 3.892E+00	 2.371E+00	 9.872E-01	 1.139E+00	 1.244E+01	-3.270E+00	-3.328E+00	-2.927E+02	 4.303E+01	-3.877E+01	 4.842E+02	 7.211E+02	-5.328E+00	 2.613E+02	 8.650E+01	-1.428E+01	 8.434E+01	-1.397E+01	 6.140E+01
   15.7500	 1.301E+01	-2.340E+01	 0.000E+00	 7.369E-01	-3.819E-01	 4.349E+00	 2.235E+00	 1.045E+00	 1.073E+00	 1.233E+01	-3.056E+00	-3.122E+00	-2.746E+02	 4.370E+01	-4.046E+01	 5.000E+02	 7.271E+02	 2.164E+01	 2.612E+02	 8.890E+01	-1.360E+01	 8.825E+01	-1.258E+01	 6.140E+01
   15.8000	 1.300E+01	-2.342E+01	 0.000E+00	 7.292E-01	-3.820E-01	 5.416E+00	 2.153E+00	 1.116E+00	 9.863E-01	 1.221E+01	-2.847E+00	-2.926E+00	-2.574E+02	 4.501E+01	-4.199E+01	 5.137E+02	 7.381E+02	 4.843E+01	 2.588E+02	 9.189E+01	-1.279E+01	 9.172E+01	-1.139E+01	 6.142E+01
   15.8500	 1.300E+01	-2.343E+01	 0.000E+00	 7.208E-01	-3.807E-01	 6.321E+00	 2.119E+00	 1.195E+00	 8.965E-01	 1.210E+01	-2.656E+00	-2.681E+00	-2.358E+02	 4.659E+01	-4.319E+01	 5.234E+02	 7.517E+02	 7.466E+01	 2.537E+02	 9.558E+01	-1.185E+01	 9.455E+01	-1.039E+01	 6.143E+01
   15.9000	 1.299E+01	-2.344E+01	 0.000E+00	 7.143E-01	-3.783E-01	 6.661E+00	 2.086E+00	 1.286E+00	 8.365E-01	 1.199E+01	-2.641E+00	-2.828E+00	-2.488E+02	 4.808E+01	-4.388E+01	 5.276E+02	 7.644E+02	 9.984E+01	 2.461E+02	 9.973E+01	-1.101E+01	 9.723E+01	-9.345E+00	 6.145E+01
   15.9500	 1.299E+01	-2.344E+01	 0.000E+00	 7.108E-01	-3.749E-01	 6.253E+00	 2.182E+00	 1.380E+00	 7.694E-01	 1.188E+01	-2.231E+00	-2.513E+00	-2.210E+02	 4.922E+01	-4.402E+01	 5.257E+02	 7.735E+02	 1.239E+02	 2.356E+02	 1.037E+02	-1.004E+01	 1.009E+02	-8.513E+00	 6.146E+01
   16.0000	 1.299E+01	-2.344E+01	 0.000E+00	 7.095E-01	-3.699E-01	 5.424E+00	 2.171E+00	 1.468E+00	 7.295E-01	 1.177E+01	-1.965E+00	-2.009E+00	-1.767E+02	 4.988E+01	-4.363E+01	 5.172E+02	 7.781E+02	 1.465E+02	 2.225E+02	 1.071E+02	-9.066E+00	 1.059E+02	-7.764E+00	 6.147E+01
   16.0500	 1.299E+01	-2.344E+01	 0.000E+00	 7.085E-01	-3.624E-01	 4.762E+00	 1.676E+00	 1.520E+00	 8.139E-01	 1.167E+01	-3.036E+00	-2.176E+00	-1.914E+02	 5.005E+01	-4.273E+01	 5.033E+02	 7.781E+02	 1.670E+02	 2.073E+02	 1.102E+02	-8.336E+00	 1.114E+02	-6.794E+00	 6.148E+01
   16.1000	 1.299E+01	-2.344E+01	 0.000E+00	 7.065E-01	-3.526E-01	 4.804E+00	 1.797E+00	 1.527E+00	 6.920E-01	 1.156E+01	-1.817E+00	-2.102E+00	-1.849E+02	 4.954E+01	-4.070E+01	 4.797E+02	 7.731E+02	 1.861E+02	 1.886E+02	 1.129E+02	-7.629E+00	 1.167E+02	-6.177E+00	 6.148E+01
   16.1500	 1.299E+01	-2.344E+01	 0.000E+00	 7.030E-01	-3.410E-01	 4.997E+00	 1.635E+00	 1.498E+00	 6.690E-01	 1.146E+01	-1.632E+00	-1.734E+00	-1.525E+02	 4.866E+01	-3.861E+01	 4.540E+02	 7.630E+02	 2.028E+02	 1.683E+02	 1.156E+02	-6.793E+00	 1.204E+02	-5.808E+00	 6.149E+01
   16.2000	 1.299E+01	-2.344E+01	 0.000E+00	 6.986E-01	-3.277E-01	 5.112E+00	 1.437E+00	 1.503E+00	 6.355E-01	 1.136E+01	-1.482E+00	-1.504E+00	-1.323E+02	 4.737E+01	-3.622E+01	 4.246E+02	 7.480E+02	 2.173E+02	 1.463E+02	 1.181E+02	-6.085E+00	 1.226E+02	-5.403E+00	 6.149E+01
   16.2500	 1.299E+01	-2.344E+01	 0.000E+00	 6.935E-01	-3.129E-01	 5.343E+00	 1.216E+00	 1.575E+00	 5.905E-01	 1.126E+01	-1.368E+00	-1.445E+00	-1.271E+02	 4.579E+01	-3.358E+01	 3.923E+02	 7.298E+02	 2.296E+02	 1.229E+02	 1.200E+02	-5.567E+00	 1.235E+02	-4.800E+00	 6.149E+01
   16.3000	 1.299E+01	-2.344E+01	 0.000E+00	 6.880E-01	-2.973E-01	 5.921E+00	 1.019E+00	 1.652E+00	 5.393E-01	 1.116E+01	-1.260E+00	-1.341E+00	-1.179E+02	 4.412E+01	-3.074E+01	 3.578E+02	 7.111E+02	 2.396E+02	 9.836E+01	 1.213E+02	-5.157E+00	 1.237E+02	-4.045E+00	 6.149E+01
   16.3500	 1.299E+01	-2.344E+01	 0.000E+00	 6.836E-01	-2.816E-01	 6.715E+00	 9.076E-01	 1.685E+00	 4.839E-01	 1.107E+01	-1.119E+00	-1.185E+00	-1.043E+02	 4.248E+01	-2.772E+01	 3.220E+02	 6.935E+02	 2.470E+02	 7.314E+01	 1.220E+02	-4.790E+00	 1.231E+02	-3.255E+00	 6.148E+01
   16.4000	 1.299E+01	-2.344E+01	 0.000E+00	 6.818E-01	-2.662E-01	 7.371E+00	 8.979E-01	 1.676E+00	 4.356E-01	 1.098E+01	-9.637E-01	-1.019E+00	-8.964E+01	 4.094E+01	-2.454E+01	 2.848E+02	 6.780E+02	 2.520E+02	 4.745E+01	 1.221E+02	-4.404E+00	 1.223E+02	-2.593E+00	 6.147E+01
   16.4500	 1.299E+01	-2.344E+01	 0.000E+00	 6.840E-01	-2.514E-01	 7.761E+00	 9.569E-01	 1.622E+00	 4.128E-01	 1.088E+01	-8.131E-01	-9.144E-01	-8.043E+01	 3.954E+01	-2.121E+01	 2.462E+02	 6.657E+02	 2.547E+02	 2.147E+01	 1.217E+02	-3.995E+00	 1.214E+02	-2.122E+00	 6.145E+01
   16.5000	 1.299E+01	-2.344E+01	 0.000E+00	 6.911E-01	-2.371E-01	 8.033E+00	 1.010E+00	 1.566E+00	 4.036E-01	 1.080E+01	-7.372E-01	-7.884E-01	-6.935E+01	 3.840E+01	-1.773E+01	 2.058E+02	 6.578E+02	 2.551E+02	-4.641E+00	 1.211E+02	-3.578E+00	 1.202E+02	-1.779E+00	 6.142E+01
   16.5500	 1.299E+01	-2.344E+01	 0.000E+00	 7.034E-01	-2.232E-01	 8.345E+00	 1.038E+00	 1.548E+00	 3.984E-01	 1.071E+01	-6.754E-01	-7.606E-01	-6.690E+01	 3.759E+01	-1.411E+01	 1.635E+02	 6.552E+02	 2.531E+02	-3.073E+01	 1.205E+02	-3.275E+00	 1.186E+02	-1.378E+00	 6.138E+01
   16.6000	 1.299E+01	-2.344E+01	 0.000E+00	 7.211E-01	-2.098E-01	 8.685E+00	 1.050E+00	 1.556E+00	 4.070E-01	 1.062E+01	-6.659E-01	-7.719E-01	-6.790E+01	 3.712E+01	-1.039E+01	 1.197E+02	 6.582E+02	 2.488E+02	-5.659E+01	 1.203E+02	-3.134E+00	 1.168E+02	-8.433E-01	 6.133E+01
   16.6500	 1.299E+01	-2.344E+01	 0.000E+00	 7.446E-01	-1.971E-01	 8.997E+00	 1.091E+00	 1.647E+00	 4.029E-01	 1.053E+01	-4.850E-01	-5.828E-01	-5.127E+01	 3.698E+01	-6.526E+00	 7.418E+01	 6.664E+02	 2.423E+02	-8.210E+01	 1.200E+02	-3.083E+00	 1.157E+02	-3.128E-01	 6.129E+01
   16.7000	 1.299E+01	-2.344E+01	 0.000E+00	 7.737E-01	-1.850E-01	 9.241E+00	 1.111E+00	 1.737E+00	 3.554E-01	 1.045E+01	-1.823E-01	-2.550E-01	-2.243E+01	 3.717E+01	-2.548E+00	 2.691E+01	 6.797E+02	 2.336E+02	-1.071E+02	 1.195E+02	-3.098E+00	 1.157E+02	 8.613E-02	 6.125E+01
   16.7500	 1.299E+01	-2.344E+01	 0.000E+00	 8.084E-01	-1.732E-01	 9.481E+00	 1.027E+00	 1.787E+00	 2.390E-01	 1.037E+01	 2.020E-01	 1.466E-01	 1.290E+01	 3.770E+01	 1.548E+00	-2.256E+01	 6.986E+02	 2.227E+02	-1.314E+02	 1.192E+02	-3.182E+00	 1.165E+02	 2.695E-01	 6.122E+01
   16.8000	 1.299E+01	-2.344E+01	 0.000E+00	 8.483E-01	-1.616E-01	 9.772E+00	 7.258E-01	 1.846E+00	 9.300E-02	 1.030E+01	 3.595E-01	 3.097E-01	 2.724E+01	 3.862E+01	 5.650E+00	-7.332E+01	 7.232E+02	 2.095E+02	-1.546E+02	 1.194E+02	-3.431E+00	 1.171E+02	 2.952E-01	 6.120E+01
   16.8500	 1.299E+01	-2.344E+01	 0.000E+00	 8.933E-01	-1.510E-01	 1.014E+01	 3.243E-01	 1.915E+00	-5.000E-02	 1.024E+01	 3.538E-01	 3.128E-01	 2.751E+01	 3.989E+01	 9.659E+00	-1.235E+02	 7.529E+02	 1.940E+02	-1.763E+02	 1.205E+02	-3.801E+00	 1.170E+02	 7.373E-02	 6.119E+01
   16.9000	 1.299E+01	-2.344E+01	 0.000E+00	 9.428E-01	-1.423E-01	 1.047E+01	 2.911E-02	 2.035E+00	-1.608E-01	 1.017E+01	 3.443E-01	 3.230E-01	 2.841E+01	 4.140E+01	 1.347E+01	-1.707E+02	 7.861E+02	 1.762E+02	-1.958E+02	 1.223E+02	-4.210E+00	 1.168E+02	-5.177E-01	 6.119E+01
   16.9500	 1.299E+01	-2.344E+01	 0.000E+00	 9.961E-01	-1.365E-01	 1.072E+01	-1.058E-02	 2.395E+00	-2.448E-01	 1.011E+01	 5.253E-01	 4.647E-01	 4.088E+01	 4.312E+01	 1.704E+01	-2.134E+02	 8.222E+02	 1.562E+02	-2.129E+02	 1.240E+02	-4.625E+00	 1.175E+02	-1.511E+00	 6.119E+01
   17.0000	 1.299E+01	-2.344E+01	 0.000E+00	 1.052E+00	-1.337E-01	 1.098E+01	 1.181E-01	 2.722E+00	-2.776E-01	 1.005E+01	 7.585E-01	 7.420E-01	 6.527E+01	 4.506E+01	 2.030E+01	-2.513E+02	 8.614E+02	 1.345E+02	-2.274E+02	 1.255E+02	-5.104E+00	 1.197E+02	-2.767E+00	 6.119E+01
   17.0500	 1.299E+01	-2.344E+01	 0.000E+00	 1.111E+00	-1.332E-01	 1.133E+01	 1.929E-01	 2.031E+00	-1.193E-01	 9.997E+00	 6.365E-01	 3.539E-01	 3.113E+01	 4.726E+01	 2.315E+01	-2.843E+02	 9.040E+02	 1.114E+02	-2.394E+02	 1.266E+02	-5.927E+00	 1.229E+02	-3.894E+00	 6.120E+01
   17.1000	 1.299E+01	-2.344E+01	 0.000E+00	 1.172E+00	-1.351E-01	 1.199E+01	 3.920E-01	 2.450E+00	-4.495E-02	 9.940E+00	 7.378E-01	 3.636E-01	 3.199E+01	 4.968E+01	 2.569E+01	-3.125E+02	 9.497E+02	 8.653E+01	-2.483E+02	 1.276E+02	-6.722E+00	 1.262E+02	-5.312E+00	 6.120E+01
   17.1500	 1.299E+01	-2.344E+01	 0.000E+00	 1.234E+00	-1.393E-01	 1.236E+01	 5.191E-01	 2.729E+00	 6.262E-02	 9.882E+00	 5.638E-01	 6.130E-01	 5.392E+01	 5.220E+01	 2.777E+01	-3.353E+02	 9.972E+02	 6.075E+01	-2.544E+02	 1.287E+02	-7.479E+00	 1.287E+02	-6.919E+00	 6.121E+01
   17.2000	 1.299E+01	-2.344E+01	 0.000E+00	 1.299E+00	-1.455E-01	 1.222E+01	 6.373E-01	 2.773E+00	 1.278E-01	 9.824E+00	 5.620E-01	 5.451E-01	 4.795E+01	 5.471E+01	 2.951E+01	-3.539E+02	 1.045E+03	 3.440E+01	-2.577E+02	 1.296E+02	-8.395E+00	 1.300E+02	-8.427E+00	 6.123E+01
   17.2500	 1.299E+01	-2.344E+01	 0.000E+00	 1.363E+00	-1.534E-01	 1.204E+01	 6.729E-01	 2.660E+00	 1.570E-01	 9.766E+00	 5.269E-01	 4.492E-01	 3.951E+01	 5.713E+01	 3.085E+01	-3.675E+02	 1.092E+03	 7.834E+00	-2.583E+02	 1.302E+02	-9.362E+00	 1.301E+02	-9.797E+00	 6.126E+01
   17.3000	 1.299E+01	-2.344E+01	 0.000E+00	 1.425E+00	-1.626E-01	 1.220E+01	 7.307E-01	 2.313E+00	 1.417E-01	 9.706E+00	 4.785E-01	 4.188E-01	 3.684E+01	 5.939E+01	 3.172E+01	-3.756E+02	 1.136E+03	-1.860E+01	-2.562E+02	 1.306E+02	-1.030E+01	 1.291E+02	-1.102E+01	 6.129E+01
   17.3500	 1.299E+01	-2.344E+01	 0.000E+00	 1.483E+00	-1.731E-01	 1.214E+01	 7.934E-01	 2.236E+00	 7.432E-02	 9.645E+00	 4.614E-01	 4.147E-01	 3.648E+01	 6.134E+01	 3.213E+01	-3.778E+02	 1.175E+03	-4.453E+01	-2.514E+02	 1.308E+02	-1.116E+01	 1.273E+02	-1.210E+01	 6.132E+01
   17.4000	 1.299E+01	-2.344E+01	 0.000E+00	 1.535E+00	-1.846E-01	 1.171E+01	 8.100E-01	 2.330E+00	-3.035E-02	 9.584E+00	 5.130E-01	 4.443E-01	 3.908E+01	 6.269E+01	 3.215E+01	-3.745E+02	 1.207E+03	-6.976E+01	-2.440E+02	 1.307E+02	-1.188E+01	 1.255E+02	-1.307E+01	 6.134E+01
   17.4500	 1.299E+01	-2.344E+01	 0.000E+00	 1.579E+00	-1.966E-01	 1.119E+01	 7.957E-01	 2.300E+00	-1.395E-01	 9.524E+00	 6.327E-01	 6.005E-01	 5.282E+01	 6.329E+01	 3.191E+01	-3.663E+02	 1.230E+03	-9.423E+01	-2.344E+02	 1.302E+02	-1.244E+01	 1.243E+02	-1.391E+01	 6.135E+01
   17.5000	 1.299E+01	-2.344E+01	 0.000E+00	 1.613E+00	-2.085E-01	 1.072E+01	 7.638E-01	 2.090E+00	-2.312E-01	 9.468E+00	 8.176E-01	 7.757E-01	 6.824E+01	 6.321E+01	 3.158E+01	-3.539E+02	 1.243E+03	-1.179E+02	-2.227E+02	 1.295E+02	-1.293E+01	 1.237E+02	-1.446E+01	 6.135E+01
   17.5500	 1.299E+01	-2.344E+01	 0.000E+00	 1.634E+00	-2.197E-01	 1.035E+01	 7.244E-01	 1.989E+00	-2.736E-01	 9.416E+00	 8.774E-01	 8.294E-01	 7.296E+01	 6.233E+01	 3.114E+01	-3.384E+02	 1.244E+03	-1.406E+02	-2.090E+02	 1.291E+02	-1.343E+01	 1.231E+02	-1.461E+01	 6.133E+01
   17.6000	 1.299E+01	-2.344E+01	 0.000E+00	 1.641E+00	-2.296E-01	 1.005E+01	 7.168E-01	 2.103E+00	-2.783E-01	 9.366E+00	 8.807E-01	 8.452E-01	 7.435E+01	 6.076E+01	 3.042E+01	-3.198E+02	 1.231E+03	-1.620E+02	-1.933E+02	 1.292E+02	-1.389E+01	 1.226E+02	-1.444E+01	 6.131E+01
   17.6500	 1.299E+01	-2.344E+01	 0.000E+00	 1.632E+00	-2.378E-01	 9.540E+00	 7.877E-01	 2.187E+00	-2.583E-01	 9.317E+00	 9.527E-01	 8.969E-01	 7.890E+01	 5.877E+01	 2.954E+01	-2.991E+02	 1.207E+03	-1.820E+02	-1.758E+02	 1.297E+02	-1.422E+01	 1.225E+02	-1.417E+01	 6.128E+01
   17.7000	 1.299E+01	-2.344E+01	 0.000E+00	 1.608E+00	-2.435E-01	 9.468E+00	 8.405E-01	 2.209E+00	-2.486E-01	 9.270E+00	 1.144E+00	 1.107E+00	 9.734E+01	 5.664E+01	 2.835E+01	-2.760E+02	 1.174E+03	-2.003E+02	-1.568E+02	 1.304E+02	-1.435E+01	 1.235E+02	-1.398E+01	 6.126E+01
   17.7500	 1.299E+01	-2.344E+01	 0.000E+00	 1.567E+00	-2.461E-01	 9.831E+00	 7.383E-01	 2.249E+00	-2.769E-01	 9.229E+00	 1.420E+00	 1.379E+00	 1.213E+02	 5.456E+01	 2.672E+01	-2.507E+02	 1.134E+03	-2.168E+02	-1.361E+02	 1.313E+02	-1.432E+01	 1.254E+02	-1.387E+01	 6.125E+01
   17.8000	 1.299E+01	-2.344E+01	 0.000E+00	 1.513E+00	-2.454E-01	 1.036E+01	 4.148E-01	 2.301E+00	-3.244E-01	 9.195E+00	 1.565E+00	 1.538E+00	 1.353E+02	 5.240E+01	 2.476E+01	-2.244E+02	 1.089E+03	-2.312E+02	-1.141E+02	 1.326E+02	-1.424E+01	 1.279E+02	-1.372E+01	 6.124E+01
   17.8500	 1.299E+01	-2.344E+01	 0.000E+00	 1.447E+00	-2.418E-01	 1.082E+01	-8.382E-02	 2.219E+00	-3.722E-01	 9.167E+00	 1.553E+00	 1.561E+00	 1.373E+02	 5.021E+01	 2.242E+01	-1.963E+02	 1.038E+03	-2.432E+02	-9.069E+01	 1.347E+02	-1.415E+01	 1.302E+02	-1.348E+01	 6.124E+01
   17.9000	 1.299E+01	-2.344E+01	 0.000E+00	 1.372E+00	-2.367E-01	 1.163E+01	-6.055E-01	 2.036E+00	-4.008E-01	 9.140E+00	 1.471E+00	 1.438E+00	 1.265E+02	 4.789E+01	 1.976E+01	-1.659E+02	 9.834E+02	-2.524E+02	-6.628E+01	 1.375E+02	-1.406E+01	 1.324E+02	-1.319E+01	 6.125E+01
   17.9500	 1.299E+01	-2.344E+01	 0.000E+00	 1.292E+00	-2.315E-01	 1.227E+01	-9.710E-01	 1.846E+00	-4.167E-01	 9.112E+00	 1.539E+00	 1.483E+00	 1.305E+02	 4.578E+01	 1.676E+01	-1.314E+02	 9.286E+02	-2.586E+02	-4.108E+01	 1.407E+02	-1.384E+01	 1.350E+02	-1.306E+01	 6.126E+01
   18.0000	 1.299E+01	-2.344E+01	 0.000E+00	 1.210E+00	-2.278E-01	 1.358E+01	-1.134E+00	 1.853E+00	-4.147E-01	 9.086E+00	 1.641E+00	 1.607E+00	 1.414E+02	 4.383E+01	 1.344E+01	-9.289E+01	 8.757E+02	-2.616E+02	-1.541E+01	 1.437E+02	-1.351E+01	 1.386E+02	-1.310E+01	 6.127E+01
   18.0500	 1.299E+01	-2.344E+01	 0.000E+00	 1.131E+00	-2.264E-01	 1.479E+01	-1.034E+00	 1.811E+00	-3.989E-01	 9.063E+00	 1.764E+00	 1.702E+00	 1.498E+02	 4.205E+01	 9.863E+00	-5.092E+01	 8.267E+02	-2.617E+02	 1.047E+01	 1.465E+02	-1.315E+01	 1.432E+02	-1.324E+01	 6.128E+01
   18.1000	 1.299E+01	-2.344E+01	 0.000E+00	 1.061E+00	-2.278E-01	 1.584E+01	-5.673E-01	 1.772E+00	-2.990E-01	 9.042E+00	 1.033E+00	 1.616E+00	 1.422E+02	 4.002E+01	 6.565E+00	-1.141E+01	 7.784E+02	-2.591E+02	 3.580E+01	 1.490E+02	-1.276E+01	 1.482E+02	-1.332E+01	 6.130E+01
   18.1500	 1.299E+01	-2.344E+01	 0.000E+00	 1.003E+00	-2.316E-01	 1.441E+01	 6.920E-03	 1.771E+00	-2.913E-01	 9.012E+00	 1.233E+00	 1.282E+00	 1.128E+02	 3.822E+01	 2.863E+00	 3.166E+01	 7.356E+02	-2.529E+02	 6.103E+01	 1.512E+02	-1.241E+01	 1.528E+02	-1.343E+01	 6.132E+01
   18.2000	 1.299E+01	-2.344E+01	 0.000E+00	 9.569E-01	-2.364E-01	 1.367E+01	 3.332E-01	 1.871E+00	-2.852E-01	 8.983E+00	 1.278E+00	 1.173E+00	 1.032E+02	 3.725E+01	-8.048E-01	 7.251E+01	 7.070E+02	-2.442E+02	 8.550E+01	 1.528E+02	-1.198E+01	 1.564E+02	-1.341E+01	 6.134E+01
   18.2500	 1.299E+01	-2.344E+01	 0.000E+00	 9.208E-01	-2.415E-01	 1.410E+01	 3.336E-01	 2.025E+00	-2.761E-01	 8.953E+00	 1.116E+00	 1.090E+00	 9.586E+01	 3.716E+01	-4.381E+00	 1.100E+02	 6.934E+02	-2.328E+02	 1.089E+02	 1.540E+02	-1.157E+01	 1.583E+02	-1.310E+01	 6.136E+01
   18.3000	 1.299E+01	-2.344E+01	 0.000E+00	 8.968E-01	-2.471E-01	 1.428E+01	 8.849E-02	 2.222E+00	-2.718E-01	 8.921E+00	 9.275E-01	 9.084E-01	 7.991E+01	 3.748E+01	-7.773E+00	 1.441E+02	 6.891E+02	-2.189E+02	 1.310E+02	 1.550E+02	-1.117E+01	 1.579E+02	-1.249E+01	 6.138E+01
   18.3500	 1.299E+01	-2.344E+01	 0.000E+00	 8.856E-01	-2.541E-01	 1.312E+01	-1.795E-01	 2.396E+00	-2.727E-01	 8.884E+00	 8.627E-01	 8.177E-01	 7.193E+01	 3.777E+01	-1.097E+01	 1.757E+02	 6.883E+02	-2.027E+02	 1.514E+02	 1.559E+02	-1.064E+01	 1.557E+02	-1.172E+01	 6.139E+01
   18.4000	 1.299E+01	-2.344E+01	 0.000E+00	 8.852E-01	-2.629E-01	 1.126E+01	-3.955E-01	 2.541E+00	-2.798E-01	 8.845E+00	 9.989E-01	 9.587E-01	 8.433E+01	 3.804E+01	-1.401E+01	 2.062E+02	 6.908E+02	-1.846E+02	 1.700E+02	 1.564E+02	-9.922E+00	 1.532E+02	-1.091E+01	 6.139E+01
   18.4500	 1.299E+01	-2.344E+01	 0.000E+00	 8.913E-01	-2.731E-01	 1.001E+01	-6.061E-01	 2.674E+00	-3.016E-01	 8.811E+00	 1.294E+00	 1.270E+00	 1.117E+02	 3.847E+01	-1.693E+01	 2.362E+02	 6.982E+02	-1.649E+02	 1.869E+02	 1.558E+02	-9.073E+00	 1.516E+02	-9.967E+00	 6.138E+01
   18.5000	 1.299E+01	-2.344E+01	 0.000E+00	 9.007E-01	-2.844E-01	 9.681E+00	-8.592E-01	 2.775E+00	-3.269E-01	 8.785E+00	 1.458E+00	 1.440E+00	 1.267E+02	 3.904E+01	-1.985E+01	 2.666E+02	 7.089E+02	-1.439E+02	 2.024E+02	 1.546E+02	-8.277E+00	 1.511E+02	-8.690E+00	 6.136E+01
   18.5500	 1.299E+01	-2.344E+01	 0.000E+00	 9.121E-01	-2.965E-01	 9.352E+00	-1.013E+00	 2.808E+00	-3.510E-01	 8.764E+00	 1.455E+00	 1.431E+00	 1.259E+02	 3.955E+01	-2.276E+01	 2.979E+02	 7.197E+02	-1.217E+02	 2.164E+02	 1.534E+02	-7.594E+00	 1.506E+02	-7.033E+00	 6.133E+01
   18.6000	 1.299E+01	-2.344E+01	 0.000E+00	 9.241E-01	-3.094E-01	 8.673E+00	-9.536E-01	 2.787E+00	-3.686E-01	 8.744E+00	 1.423E+00	 1.399E+00	 1.231E+02	 4.001E+01	-2.566E+01	 3.302E+02	 7.299E+02	-9.826E+01	 2.284E+02	 1.527E+02	-6.949E+00	 1.495E+02	-5.214E+00	 6.128E+01
   18.6500	 1.299E+01	-2.344E+01	 0.000E+00	 9.351E-01	-3.227E-01	 8.512E+00	-7.304E-01	 2.783E+00	-3.690E-01	 8.725E+00	 1.445E+00	 1.418E+00	 1.247E+02	 4.062E+01	-2.848E+01	 3.627E+02	 7.421E+02	-7.404E+01	 2.384E+02	 1.524E+02	-6.247E+00	 1.482E+02	-3.537E+00	 6.124E+01
   18.7000	 1.299E+01	-2.344E+01	 0.000E+00	 9.447E-01	-3.354E-01	 9.046E+00	-4.677E-01	 2.839E+00	-3.565E-01	 8.706E+00	 1.595E+00	 1.579E+00	 1.389E+02	 4.170E+01	-3.123E+01	 3.946E+02	 7.594E+02	-4.914E+01	 2.463E+02	 1.523E+02	-5.425E+00	 1.474E+02	-2.222E+00	 6.120E+01
   18.7500	 1.299E+01	-2.344E+01	 0.000E+00	 9.543E-01	-3.468E-01	 9.441E+00	-3.110E-01	 2.923E+00	-3.226E-01	 8.693E+00	 1.665E+00	 1.666E+00	 1.466E+02	 4.311E+01	-3.382E+01	 4.236E+02	 7.812E+02	-2.375E+01	 2.520E+02	 1.523E+02	-4.611E+00	 1.476E+02	-1.188E+00	 6.116E+01
   18.8000	 1.299E+01	-2.344E+01	 0.000E+00	 9.646E-01	-3.563E-01	 9.379E+00	-2.967E-01	 2.983E+00	-2.933E-01	 8.683E+00	 1.766E+00	 1.756E+00	 1.544E+02	 4.507E+01	-3.627E+01	 4.492E+02	 8.089E+02	 2.121E+00	 2.553E+02	 1.523E+02	-3.888E+00	 1.488E+02	-3.505E-01	 6.113E+01
   18.8500	 1.299E+01	-2.344E+01	 0.000E+00	 9.756E-01	-3.638E-01	 9.571E+00	-4.114E-01	 3.018E+00	-2.686E-01	 8.677E+00	 1.760E+00	 1.721E+00	 1.514E+02	 4.760E+01	-3.847E+01	 4.701E+02	 8.429E+02	 2.825E+01	 2.560E+02	 1.526E+02	-3.361E+00	 1.506E+02	 3.994E-01	 6.111E+01
   18.9000	 1.299E+01	-2.344E+01	 0.000E+00	 9.876E-01	-3.694E-01	 9.877E+00	-5.619E-01	 3.070E+00	-2.481E-01	 8.671E+00	 1.631E+00	 1.633E+00	 1.436E+02	 5.055E+01	-4.035E+01	 4.863E+02	 8.807E+02	 5.431E+01	 2.538E+02	 1.536E+02	-3.006E+00	 1.520E+02	 9.850E-01	 6.110E+01
   18.9500	 1.299E+01	-2.344E+01	 0.000E+00	 1.001E+00	-3.739E-01	 1.005E+01	-4.822E-01	 3.165E+00	-2.413E-01	 8.663E+00	 1.561E+00	 1.556E+00	 1.369E+02	 5.339E+01	-4.170E+01	 4.966E+02	 9.168E+02	 7.986E+01	 2.484E+02	 1.552E+02	-2.761E+00	 1.528E+02	 1.244E+00	 6.110E+01
   19.0000	 1.299E+01	-2.344E+01	 0.000E+00	 1.016E+00	-3.772E-01	 9.139E+00	-2.365E-01	 3.288E+00	-2.410E-01	 8.654E+00	 1.510E+00	 1.526E+00	 1.342E+02	 5.563E+01	-4.237E+01	 5.005E+02	 9.457E+02	 1.044E+02	 2.398E+02	 1.571E+02	-2.590E+00	 1.537E+02	 1.077E+00	 6.110E+01
   19.0500	 1.299E+01	-2.344E+01	 0.000E+00	 1.031E+00	-3.788E-01	 8.112E+00	 1.085E-01	 3.379E+00	-2.600E-01	 8.645E+00	 1.596E+00	 1.604E+00	 1.411E+02	 5.731E+01	-4.248E+01	 4.979E+02	 9.665E+02	 1.278E+02	 2.282E+02	 1.585E+02	-2.486E+00	 1.554E+02	 4.899E-01	 6.111E+01
   19.1000	 1.299E+01	-2.344E+01	 0.000E+00	 1.042E+00	-3.772E-01	 7.647E+00	 3.199E-01	 3.398E+00	-2.865E-01	 8.639E+00	 1.636E+00	 1.627E+00	 1.431E+02	 5.829E+01	-4.192E+01	 4.874E+02	 9.789E+02	 1.498E+02	 2.139E+02	 1.592E+02	-2.555E+00	 1.582E+02	-3.167E-01	 6.112E+01
   19.1500	 1.299E+01	-2.344E+01	 0.000E+00	 1.049E+00	-3.719E-01	 7.795E+00	 2.916E-01	 3.340E+00	-2.931E-01	 8.634E+00	 1.452E+00	 1.422E+00	 1.251E+02	 5.863E+01	-4.057E+01	 4.695E+02	 9.836E+02	 1.699E+02	 1.969E+02	 1.594E+02	-2.874E+00	 1.609E+02	-1.144E+00	 6.113E+01
   19.2000	 1.299E+01	-2.344E+01	 0.000E+00	 1.051E+00	-3.632E-01	 8.250E+00	 1.159E-01	 3.289E+00	-2.654E-01	 8.625E+00	 1.188E+00	 1.188E+00	 1.045E+02	 5.825E+01	-3.873E+01	 4.457E+02	 9.806E+02	 1.880E+02	 1.774E+02	 1.591E+02	-3.366E+00	 1.624E+02	-1.988E+00	 6.115E+01
   19.2500	 1.299E+01	-2.344E+01	 0.000E+00	 1.050E+00	-3.521E-01	 9.044E+00	-6.857E-02	 3.319E+00	-1.985E-01	 8.611E+00	 9.855E-01	 9.666E-01	 8.503E+01	 5.748E+01	-3.655E+01	 4.180E+02	 9.721E+02	 2.039E+02	 1.560E+02	 1.588E+02	-3.939E+00	 1.618E+02	-2.892E+00	 6.117E+01
   19.3000	 1.299E+01	-2.344E+01	 0.000E+00	 1.047E+00	-3.397E-01	 1.001E+01	-1.585E-01	 3.430E+00	-1.368E-01	 8.592E+00	 9.343E-01	 9.070E-01	 7.978E+01	 5.644E+01	-3.408E+01	 3.876E+02	 9.602E+02	 2.173E+02	 1.330E+02	 1.581E+02	-4.491E+00	 1.592E+02	-3.893E+00	 6.118E+01
   19.3500	 1.299E+01	-2.344E+01	 0.000E+00	 1.045E+00	-3.267E-01	 1.089E+01	-1.317E-01	 3.513E+00	-9.795E-02	 8.572E+00	 1.045E+00	 1.025E+00	 9.017E+01	 5.525E+01	-3.133E+01	 3.548E+02	 9.474E+02	 2.282E+02	 1.087E+02	 1.571E+02	-5.012E+00	 1.554E+02	-4.890E+00	 6.120E+01
   19.4000	 1.299E+01	-2.344E+01	 0.000E+00	 1.046E+00	-3.136E-01	 1.161E+01	-6.564E-02	 3.443E+00	-8.021E-02	 8.555E+00	 1.230E+00	 1.219E+00	 1.072E+02	 5.412E+01	-2.834E+01	 3.195E+02	 9.364E+02	 2.365E+02	 8.336E+01	 1.556E+02	-5.561E+00	 1.512E+02	-5.707E+00	 6.120E+01
   19.4500	 1.299E+01	-2.344E+01	 0.000E+00	 1.051E+00	-3.002E-01	 1.216E+01	-5.254E-02	 3.283E+00	-9.158E-02	 8.544E+00	 1.385E+00	 1.387E+00	 1.220E+02	 5.316E+01	-2.510E+01	 2.811E+02	 9.293E+02	 2.424E+02	 5.728E+01	 1.537E+02	-6.187E+00	 1.475E+02	-6.239E+00	 6.120E+01
   19.5000	 1.299E+01	-2.344E+01	 0.000E+00	 1.061E+00	-2.867E-01	 1.260E+01	-1.233E-01	 3.202E+00	-1.181E-01	 8.538E+00	 1.444E+00	 1.413E+00	 1.243E+02	 5.248E+01	-2.164E+01	 2.397E+02	 9.273E+02	 2.461E+02	 3.065E+01	 1.514E+02	-6.893E+00	 1.444E+02	-6.517E+00	 6.118E+01
   19.5500	 1.299E+01	-2.344E+01	 0.000E+00	 1.077E+00	-2.733E-01	 1.290E+01	-2.177E-01	 3.220E+00	-1.619E-01	 8.534E+00	 1.501E+00	 1.487E+00	 1.308E+02	 5.210E+01	-1.797E+01	 1.958E+02	 9.306E+02	 2.477E+02	 3.672E+00	 1.491E+02	-7.569E+00	 1.419E+02	-6.712E+00	 6.115E+01
   19.6000	 1.299E+01	-2.344E+01	 0.000E+00	 1.099E+00	-2.605E-01	 1.306E+01	-2.890E-01	 3.156E+00	-2.064E-01	 8.533E+00	 1.596E+00	 1.616E+00	 1.421E+02	 5.199E+01	-1.413E+01	 1.502E+02	 9.390E+02	 2.471E+02	-2.340E+01	 1.471E+02	-8.183E+00	 1.399E+02	-6.924E+00	 6.112E+01
   19.6500	 1.299E+01	-2.344E+01	 0.000E+00	 1.128E+00	-2.486E-01	 1.311E+01	-3.333E-01	 2.953E+00	-2.365E-01	 8.535E+00	 1.706E+00	 1.704E+00	 1.499E+02	 5.215E+01	-1.018E+01	 1.034E+02	 9.523E+02	 2.442E+02	-5.030E+01	 1.456E+02	-8.769E+00	 1.380E+02	-7.153E+00	 6.109E+01
   19.7000	 1.299E+01	-2.344E+01	 0.000E+00	 1.161E+00	-2.376E-01	 1.320E+01	-3.616E-01	 2.935E+00	-2.434E-01	 8.541E+00	 1.762E+00	 1.765E+00	 1.553E+02	 5.258E+01	-6.185E+00	 5.628E+01	 9.700E+02	 2.389E+02	-7.680E+01	 1.448E+02	-9.339E+00	 1.366E+02	-7.415E+00	 6.107E+01
   19.7500	 1.299E+01	-2.344E+01	 0.000E+00	 1.199E+00	-2.278E-01	 1.340E+01	-3.738E-01	 3.100E+00	-2.213E-01	 8.550E+00	 1.680E+00	 1.672E+00	 1.471E+02	 5.326E+01	-2.226E+00	 9.857E+00	 9.917E+02	 2.313E+02	-1.026E+02	 1.444E+02	-9.940E+00	 1.360E+02	-7.710E+00	 6.105E+01
   19.8000	 1.299E+01	-2.344E+01	 0.000E+00	 1.240E+00	-2.193E-01	 1.375E+01	-2.621E-01	 3.203E+00	-2.388E-01	 8.558E+00	 1.757E+00	 1.762E+00	 1.550E+02	 5.417E+01	 1.721E+00	-3.568E+01	 1.017E+03	 2.212E+02	-1.275E+02	 1.443E+02	-1.046E+01	 1.367E+02	-8.218E+00	 6.103E+01
   19.8500	 1.299E+01	-2.344E+01	 0.000E+00	 1.285E+00	-2.121E-01	 1.413E+01	-1.229E-01	 3.163E+00	-2.861E-01	 8.568E+00	 1.805E+00	 1.805E+00	 1.588E+02	 5.529E+01	 5.594E+00	-8.010E+01	 1.045E+03	 2.087E+02	-1.512E+02	 1.446E+02	-1.095E+01	 1.385E+02	-8.897E+00	 6.103E+01
   19.9000	 1.299E+01	-2.344E+01	 0.000E+00	 1.333E+00	-2.061E-01	 1.456E+01	-3.735E-02	 3.030E+00	-3.503E-01	 8.581E+00	 1.729E+00	 1.765E+00	 1.553E+02	 5.664E+01	 9.350E+00	-1.233E+02	 1.077E+03	 1.936E+02	-1.733E+02	 1.456E+02	-1.146E+01	 1.405E+02	-9.700E+00	 6.104E+01
   19.9500	 1.299E+01	-2.344E+01	 0.000E+00	 1.385E+00	-2.012E-01	 1.509E+01	-5.528E-03	 3.274E+00	-4.161E-01	 8.592E+00	 1.547E+00	 1.552E+00	 1.365E+02	 5.825E+01	 1.294E+01	-1.645E+02	 1.112E+03	 1.759E+02	-1.933E+02	 1.476E+02	-1.201E+01	 1.422E+02	-1.059E+01	 6.106E+01
   20.0000	 1.299E+01	-2.344E+01	 0.000E+00	 1.439E+00	-1.980E-01	 1.552E+01	 4.232E-02	 3.529E+00	-4.456E-01	 8.600E+00	 1.365E+00	 1.353E+00	 1.190E+02	 6.009E+01	 1.630E+01	-2.028E+02	 1.150E+03	 1.558E+02	-2.106E+02	 1.499E+02	-1.254E+01	 1.441E+02	-1.163E+01	 6.108E+01
