
Predictions were generated on 02-Dec-2019 at 15:04:12 using OpenFAST, compiled as a 64-bit application using double precision at commit -128-NOTFOUND
 linked with  NWTC Subroutine Library; ElastoDyn; InflowWind; AeroDyn; ServoDyn

Description from the FAST input file: FAST Certification Test #12: WindPACT 1.5 MW Baseline with many DOFs with VS and VP and ECD wind.

Time      	Wind1VelX 	Wind1VelY 	Wind1VelZ 	OoPDefl3  	IPDefl3   	TipALxb3  	TipALyb3  	Spn4ALxb1 	Spn4ALyb1 	BldPitch3 	RotAccel  	LSSGagA   	HSShftA   	RootFxb3  	RootFyb3  	RootMEdg3 	RootMFlp3 	LSShftFya 	LSShftFza 	YawBrFxp  	YawBrFyp  	TwrBsFxt  	TwrBsFyt  	RtSkew    
(s)       	(m/s)     	(m/s)     	(m/s)     	(m)       	(m)       	(m/s^2)   	(m/s^2)   	(m/s^2)   	(m/s^2)   	(deg)     	(deg/s^2) 	(deg/s^2) 	(deg/s^2) 	(kN)      	(kN)      	(kN-m)    	(kN-m)    	(kN)      	(kN)      	(kN)      	(kN)      	(kN)      	(kN)      	(deg)     
    5.0000	 1.180E+01	-0.000E+00	 0.000E+00	 1.332E+00	-4.107E-01	 1.316E+01	 4.919E-01	 3.119E+00	 1.840E-01	 7.500E+00	 3.147E-02	 3.521E-02	 3.097E+00	 6.046E+01	-4.140E+01	 4.915E+02	 1.097E+03	 2.112E+02	 1.615E+02	 1.075E+02	 5.158E+00	 8.865E+01	 9.482E+00	 5.112E+00
    5.0500	 1.180E+01	-0.000E+00	 0.000E+00	 1.381E+00	-3.038E-01	 4.776E+01	-4.316E+00	 5.373E+00	 1.206E+00	 2.600E+00	-1.098E+01	-5.865E+00	-5.159E+02	 5.990E+01	-4.521E+01	 5.361E+02	 1.099E+03	 2.271E+02	 1.385E+02	 1.097E+02	 3.423E+00	 9.129E+01	 8.268E+00	 5.317E+00
    5.1000	 1.180E+01	-0.000E+00	 0.000E+00	 1.478E+00	-3.339E-01	 2.569E+01	 6.842E+00	 7.290E+00	-4.076E-02	 2.600E+00	 9.472E+00	-7.190E-01	-6.325E+01	 5.855E+01	-4.013E+01	 5.312E+02	 1.116E+03	 2.394E+02	 1.150E+02	 1.135E+02	 5.735E+00	 9.224E+01	 2.763E+00	 5.502E+00
    5.1500	 1.180E+01	-0.000E+00	 0.000E+00	 1.605E+00	-3.475E-01	 9.705E+00	 7.985E+00	 6.864E+00	 2.528E-01	 2.600E+00	 7.945E+00	 8.125E+00	 7.147E+02	 6.194E+01	-3.902E+01	 5.210E+02	 1.197E+03	 2.504E+02	 9.059E+01	 1.190E+02	 7.374E+00	 9.551E+01	 7.923E-01	 5.581E+00
    5.2000	 1.180E+01	-0.000E+00	 0.000E+00	 1.721E+00	-3.320E-01	 1.092E+01	 2.653E+00	 3.776E+00	 3.665E-01	 2.600E+00	 5.996E-01	 2.249E+00	 1.978E+02	 6.995E+01	-3.700E+01	 4.692E+02	 1.336E+03	 2.603E+02	 6.309E+01	 1.266E+02	 2.335E+00	 1.008E+02	 6.682E+00	 5.558E+00
    5.2500	 1.180E+01	-0.000E+00	 0.000E+00	 1.824E+00	-3.077E-01	 1.465E+01	-2.363E+00	 1.175E+00	 2.713E-01	 2.600E+00	-5.237E+00	-5.559E+00	-4.890E+02	 7.732E+01	-3.400E+01	 4.085E+02	 1.461E+03	 2.664E+02	 3.445E+01	 1.362E+02	-2.667E+00	 1.060E+02	 1.095E+01	 5.473E+00
    5.3000	 1.180E+01	-0.000E+00	 0.000E+00	 1.918E+00	-2.972E-01	 9.876E+00	-2.345E+00	 1.405E+00	 6.225E-02	 2.600E+00	-4.788E+00	-5.201E+00	-4.575E+02	 7.968E+01	-3.035E+01	 3.667E+02	 1.516E+03	 2.677E+02	 7.039E+00	 1.467E+02	-2.286E+00	 1.113E+02	 6.462E+00	 5.359E+00
    5.3500	 1.180E+01	-0.000E+00	 0.000E+00	 1.991E+00	-2.998E-01	 1.704E+00	 1.108E+00	 3.498E+00	-2.186E-01	 2.600E+00	 6.242E-01	 6.814E-01	 5.994E+01	 7.800E+01	-2.618E+01	 3.384E+02	 1.510E+03	 2.656E+02	-1.910E+01	 1.568E+02	 1.593E+00	 1.199E+02	-3.292E+00	 5.247E+00
    5.4000	 1.180E+01	-0.000E+00	 0.000E+00	 2.021E+00	-2.978E-01	 8.897E-01	 2.987E+00	 4.968E+00	-4.116E-01	 2.600E+00	 4.714E+00	 4.905E+00	 4.315E+02	 7.616E+01	-2.192E+01	 3.032E+02	 1.490E+03	 2.613E+02	-4.562E+01	 1.661E+02	 3.583E+00	 1.347E+02	-9.239E+00	 5.162E+00
    5.4500	 1.180E+01	-0.000E+00	 0.000E+00	 2.006E+00	-2.795E-01	 9.207E+00	 1.150E+00	 4.893E+00	-4.134E-01	 2.600E+00	 4.038E+00	 4.119E+00	 3.623E+02	 7.622E+01	-1.783E+01	 2.513E+02	 1.483E+03	 2.548E+02	-7.340E+01	 1.755E+02	 8.507E-01	 1.545E+02	-6.601E+00	 5.118E+00
    5.5000	 1.180E+01	-0.000E+00	 0.000E+00	 1.967E+00	-2.501E-01	 1.891E+01	-2.035E+00	 4.426E+00	-2.876E-01	 2.600E+00	 9.476E-01	 8.896E-01	 7.826E+01	 7.674E+01	-1.379E+01	 1.912E+02	 1.477E+03	 2.451E+02	-1.012E+02	 1.861E+02	-4.399E+00	 1.751E+02	 6.262E-01	 5.111E+00
    5.5500	 1.180E+01	-0.000E+00	 0.000E+00	 1.926E+00	-2.233E-01	 2.272E+01	-3.299E+00	 4.769E+00	-1.700E-01	 2.600E+00	-4.742E-01	-5.627E-01	-4.949E+01	 7.587E+01	-9.681E+00	 1.374E+02	 1.453E+03	 2.319E+02	-1.267E+02	 1.983E+02	-7.771E+00	 1.927E+02	 4.390E+00	 5.133E+00
    5.6000	 1.180E+01	-0.000E+00	 0.000E+00	 1.894E+00	-2.056E-01	 2.113E+01	-2.088E+00	 5.630E+00	-1.342E-01	 2.600E+00	 7.807E-01	 7.622E-01	 6.705E+01	 7.368E+01	-5.552E+00	 9.460E+01	 1.415E+03	 2.164E+02	-1.490E+02	 2.119E+02	-7.231E+00	 2.072E+02	 6.491E-01	 5.175E+00
    5.6500	 1.180E+01	-0.000E+00	 0.000E+00	 1.867E+00	-1.926E-01	 1.947E+01	-3.394E-01	 5.917E+00	-1.524E-01	 2.600E+00	 2.451E+00	 2.510E+00	 2.208E+02	 7.183E+01	-1.588E+00	 5.642E+01	 1.383E+03	 1.994E+02	-1.689E+02	 2.257E+02	-4.576E+00	 2.211E+02	-7.460E+00	 5.232E+00
    5.7000	 1.180E+01	-0.000E+00	 0.000E+00	 1.843E+00	-1.773E-01	 2.077E+01	 1.275E-01	 5.217E+00	-1.538E-01	 2.600E+00	 2.301E+00	 2.355E+00	 2.072E+02	 7.150E+01	 2.090E+00	 1.527E+01	 1.371E+03	 1.808E+02	-1.876E+02	 2.389E+02	-3.103E+00	 2.367E+02	-1.344E+01	 5.297E+00
    5.7500	 1.180E+01	-0.000E+00	 0.000E+00	 1.824E+00	-1.583E-01	 2.316E+01	-5.673E-01	 4.225E+00	-1.187E-01	 2.600E+00	 6.074E-01	 5.953E-01	 5.236E+01	 7.228E+01	 5.521E+00	-2.916E+01	 1.376E+03	 1.600E+02	-2.051E+02	 2.509E+02	-4.380E+00	 2.540E+02	-1.353E+01	 5.365E+00
    5.8000	 1.180E+01	-0.000E+00	 0.000E+00	 1.816E+00	-1.400E-01	 2.346E+01	-1.057E+00	 3.730E+00	-8.920E-02	 2.600E+00	-5.993E-01	-6.538E-01	-5.751E+01	 7.302E+01	 8.855E+00	-7.178E+01	 1.383E+03	 1.370E+02	-2.207E+02	 2.619E+02	-7.260E+00	 2.714E+02	-9.339E+00	 5.429E+00
    5.8500	 1.180E+01	-0.000E+00	 0.000E+00	 1.819E+00	-1.262E-01	 2.132E+01	-5.592E-01	 3.737E+00	-1.101E-01	 2.600E+00	-6.205E-02	-9.819E-02	-8.637E+00	 7.321E+01	 1.219E+01	-1.094E+02	 1.387E+03	 1.125E+02	-2.336E+02	 2.724E+02	-9.477E+00	 2.868E+02	-5.371E+00	 5.489E+00
    5.9000	 1.180E+01	-0.000E+00	 0.000E+00	 1.830E+00	-1.159E-01	 1.900E+01	 3.453E-01	 3.691E+00	-1.791E-01	 2.600E+00	 1.447E+00	 1.465E+00	 1.289E+02	 7.329E+01	 1.549E+01	-1.440E+02	 1.391E+03	 8.728E+01	-2.435E+02	 2.826E+02	-9.767E+00	 2.990E+02	-4.894E+00	 5.543E+00
    5.9500	 1.180E+01	-0.000E+00	 0.000E+00	 1.843E+00	-1.050E-01	 1.837E+01	 5.746E-01	 3.280E+00	-2.563E-01	 2.600E+00	 2.249E+00	 2.295E+00	 2.019E+02	 7.385E+01	 1.861E+01	-1.798E+02	 1.401E+03	 6.165E+01	-2.508E+02	 2.923E+02	-8.575E+00	 3.083E+02	-7.740E+00	 5.591E+00
    6.0000	 1.180E+01	-0.000E+00	 0.000E+00	 1.854E+00	-9.163E-02	 1.907E+01	-1.922E-01	 2.752E+00	-3.127E-01	 2.600E+00	 1.668E+00	 1.688E+00	 1.485E+02	 7.484E+01	 2.143E+01	-2.169E+02	 1.416E+03	 3.554E+01	-2.555E+02	 3.010E+02	-7.191E+00	 3.160E+02	-1.131E+01	 5.627E+00
    6.0500	 1.180E+01	-1.545E-03	 0.000E+00	 1.867E+00	-7.802E-02	 1.965E+01	-1.257E+00	 2.505E+00	-3.566E-01	 2.600E+00	 5.892E-01	 5.659E-01	 4.978E+01	 7.582E+01	 2.386E+01	-2.508E+02	 1.432E+03	 8.900E+00	-2.578E+02	 3.078E+02	-6.543E+00	 3.230E+02	-1.300E+01	 5.649E+00
    6.1000	 1.180E+01	-3.090E-03	 0.000E+00	 1.882E+00	-6.819E-02	 1.943E+01	-1.729E+00	 2.610E+00	-4.146E-01	 2.600E+00	 3.060E-01	 2.664E-01	 2.343E+01	 7.649E+01	 2.587E+01	-2.764E+02	 1.444E+03	-1.807E+01	-2.574E+02	 3.125E+02	-6.727E+00	 3.297E+02	-1.190E+01	 5.658E+00
    6.1500	 1.181E+01	-7.729E-03	 0.000E+00	 1.898E+00	-6.393E-02	 1.899E+01	-1.404E+00	 2.835E+00	-4.998E-01	 2.600E+00	 1.151E+00	 1.139E+00	 1.002E+02	 7.701E+01	 2.743E+01	-2.919E+02	 1.456E+03	-4.496E+01	-2.542E+02	 3.152E+02	-7.268E+00	 3.355E+02	-8.912E+00	 5.659E+00
    6.2000	 1.181E+01	-1.237E-02	 0.000E+00	 1.916E+00	-6.372E-02	 1.904E+01	-7.992E-01	 2.954E+00	-6.014E-01	 2.600E+00	 2.316E+00	 2.335E+00	 2.054E+02	 7.770E+01	 2.850E+01	-2.999E+02	 1.470E+03	-7.133E+01	-2.482E+02	 3.167E+02	-7.588E+00	 3.391E+02	-5.831E+00	 5.663E+00
    6.2500	 1.182E+01	-2.012E-02	 0.000E+00	 1.935E+00	-6.488E-02	 1.950E+01	-5.189E-01	 2.988E+00	-7.007E-01	 2.600E+00	 2.816E+00	 2.847E+00	 2.504E+02	 7.854E+01	 2.911E+01	-3.039E+02	 1.487E+03	-9.676E+01	-2.393E+02	 3.173E+02	-7.265E+00	 3.394E+02	-4.212E+00	 5.676E+00
    6.3000	 1.183E+01	-2.788E-02	 0.000E+00	 1.956E+00	-6.617E-02	 1.974E+01	-6.876E-01	 3.066E+00	-7.916E-01	 2.600E+00	 2.486E+00	 2.493E+00	 2.193E+02	 7.951E+01	 2.927E+01	-3.054E+02	 1.506E+03	-1.209E+02	-2.278E+02	 3.169E+02	-6.181E+00	 3.365E+02	-4.513E+00	 5.699E+00
    6.3500	 1.185E+01	-3.887E-02	 0.000E+00	 1.980E+00	-6.829E-02	 1.960E+01	-1.013E+00	 3.268E+00	-8.760E-01	 2.600E+00	 1.920E+00	 1.909E+00	 1.679E+02	 8.046E+01	 2.908E+01	-3.036E+02	 1.526E+03	-1.437E+02	-2.141E+02	 3.152E+02	-4.596E+00	 3.314E+02	-5.864E+00	 5.727E+00
    6.4000	 1.186E+01	-4.988E-02	 0.000E+00	 2.006E+00	-7.245E-02	 1.934E+01	-1.199E+00	 3.528E+00	-9.525E-01	 2.600E+00	 1.792E+00	 1.772E+00	 1.559E+02	 8.139E+01	 2.858E+01	-2.973E+02	 1.546E+03	-1.652E+02	-1.984E+02	 3.118E+02	-3.087E+00	 3.254E+02	-6.601E+00	 5.754E+00
    6.4500	 1.188E+01	-6.394E-02	 0.000E+00	 2.034E+00	-7.900E-02	 1.927E+01	-1.238E+00	 3.791E+00	-1.012E+00	 2.600E+00	 2.223E+00	 2.215E+00	 1.948E+02	 8.234E+01	 2.775E+01	-2.861E+02	 1.567E+03	-1.854E+02	-1.807E+02	 3.066E+02	-2.200E+00	 3.191E+02	-5.420E+00	 5.772E+00
    6.5000	 1.189E+01	-7.804E-02	 0.000E+00	 2.063E+00	-8.738E-02	 1.939E+01	-1.323E+00	 4.042E+00	-1.045E+00	 2.600E+00	 2.833E+00	 2.839E+00	 2.497E+02	 8.326E+01	 2.654E+01	-2.704E+02	 1.588E+03	-2.040E+02	-1.609E+02	 3.001E+02	-2.017E+00	 3.122E+02	-2.368E+00	 5.778E+00
    6.5500	 1.191E+01	-9.522E-02	 0.000E+00	 2.092E+00	-9.706E-02	 1.948E+01	-1.563E+00	 4.311E+00	-1.056E+00	 2.600E+00	 3.227E+00	 3.240E+00	 2.850E+02	 8.408E+01	 2.490E+01	-2.504E+02	 1.608E+03	-2.205E+02	-1.391E+02	 2.927E+02	-2.035E+00	 3.037E+02	 1.102E+00	 5.772E+00
    6.6000	 1.193E+01	-1.125E-01	 0.000E+00	 2.121E+00	-1.082E-01	 1.948E+01	-1.867E+00	 4.578E+00	-1.060E+00	 2.600E+00	 3.305E+00	 3.309E+00	 2.911E+02	 8.475E+01	 2.282E+01	-2.255E+02	 1.626E+03	-2.344E+02	-1.156E+02	 2.848E+02	-1.547E+00	 2.930E+02	 3.212E+00	 5.758E+00
    6.6500	 1.196E+01	-1.330E-01	 0.000E+00	 2.148E+00	-1.214E-01	 1.963E+01	-2.070E+00	 4.830E+00	-1.068E+00	 2.600E+00	 3.221E+00	 3.221E+00	 2.833E+02	 8.533E+01	 2.034E+01	-1.951E+02	 1.642E+03	-2.455E+02	-9.090E+01	 2.767E+02	-2.420E-01	 2.805E+02	 3.246E+00	 5.741E+00
    6.7000	 1.198E+01	-1.537E-01	 0.000E+00	 2.172E+00	-1.369E-01	 2.007E+01	-2.100E+00	 5.048E+00	-1.082E+00	 2.600E+00	 3.157E+00	 3.153E+00	 2.773E+02	 8.586E+01	 1.747E+01	-1.592E+02	 1.657E+03	-2.540E+02	-6.516E+01	 2.681E+02	 1.504E+00	 2.672E+02	 2.110E+00	 5.725E+00
    6.7500	 1.201E+01	-1.774E-01	 0.000E+00	 2.194E+00	-1.542E-01	 2.071E+01	-2.020E+00	 5.260E+00	-1.095E+00	 2.600E+00	 3.185E+00	 3.185E+00	 2.802E+02	 8.629E+01	 1.426E+01	-1.184E+02	 1.670E+03	-2.599E+02	-3.849E+01	 2.589E+02	 2.934E+00	 2.542E+02	 1.557E+00	 5.712E+00
    6.8000	 1.203E+01	-2.012E-01	 0.000E+00	 2.214E+00	-1.727E-01	 2.125E+01	-1.933E+00	 5.463E+00	-1.100E+00	 2.600E+00	 3.307E+00	 3.320E+00	 2.920E+02	 8.652E+01	 1.070E+01	-7.382E+01	 1.680E+03	-2.632E+02	-1.096E+01	 2.491E+02	 3.525E+00	 2.420E+02	 2.761E+00	 5.700E+00
    6.8500	 1.206E+01	-2.284E-01	 0.000E+00	 2.232E+00	-1.918E-01	 2.158E+01	-1.882E+00	 5.645E+00	-1.097E+00	 2.600E+00	 3.503E+00	 3.500E+00	 3.079E+02	 8.652E+01	 6.919E+00	-2.694E+01	 1.687E+03	-2.636E+02	 1.708E+01	 2.390E+02	 3.381E+00	 2.303E+02	 5.419E+00	 5.692E+00
    6.9000	 1.210E+01	-2.557E-01	 0.000E+00	 2.246E+00	-2.111E-01	 2.187E+01	-1.861E+00	 5.765E+00	-1.089E+00	 2.600E+00	 3.721E+00	 3.719E+00	 3.272E+02	 8.636E+01	 2.970E+00	 2.145E+01	 1.690E+03	-2.609E+02	 4.510E+01	 2.293E+02	 3.128E+00	 2.186E+02	 8.021E+00	 5.685E+00
    6.9500	 1.213E+01	-2.863E-01	 0.000E+00	 2.256E+00	-2.303E-01	 2.234E+01	-1.863E+00	 5.828E+00	-1.080E+00	 2.600E+00	 3.871E+00	 3.879E+00	 3.412E+02	 8.616E+01	-1.057E+00	 7.040E+01	 1.692E+03	-2.552E+02	 7.254E+01	 2.202E+02	 3.356E+00	 2.067E+02	 9.110E+00	 5.683E+00
    7.0000	 1.216E+01	-3.170E-01	 0.000E+00	 2.262E+00	-2.489E-01	 2.304E+01	-1.925E+00	 5.845E+00	-1.067E+00	 2.600E+00	 3.850E+00	 3.856E+00	 3.392E+02	 8.596E+01	-5.126E+00	 1.192E+02	 1.692E+03	-2.465E+02	 9.905E+01	 2.118E+02	 4.158E+00	 1.947E+02	 8.377E+00	 5.683E+00
    7.0500	 1.220E+01	-3.511E-01	 0.000E+00	 2.265E+00	-2.668E-01	 2.378E+01	-2.052E+00	 5.855E+00	-1.047E+00	 2.600E+00	 3.674E+00	 3.677E+00	 3.235E+02	 8.577E+01	-9.230E+00	 1.676E+02	 1.690E+03	-2.350E+02	 1.245E+02	 2.041E+02	 5.117E+00	 1.834E+02	 6.785E+00	 5.691E+00
    7.1000	 1.224E+01	-3.854E-01	 0.000E+00	 2.265E+00	-2.841E-01	 2.440E+01	-2.208E+00	 5.850E+00	-1.020E+00	 2.600E+00	 3.474E+00	 3.470E+00	 3.052E+02	 8.552E+01	-1.337E+01	 2.158E+02	 1.688E+03	-2.208E+02	 1.487E+02	 1.969E+02	 5.649E+00	 1.735E+02	 5.748E+00	 5.703E+00
    7.1500	 1.228E+01	-4.230E-01	 0.000E+00	 2.263E+00	-3.012E-01	 2.478E+01	-2.299E+00	 5.829E+00	-9.922E-01	 2.600E+00	 3.414E+00	 3.409E+00	 2.999E+02	 8.520E+01	-1.752E+01	 2.641E+02	 1.683E+03	-2.039E+02	 1.716E+02	 1.903E+02	 5.463E+00	 1.655E+02	 6.034E+00	 5.725E+00
    7.2000	 1.232E+01	-4.607E-01	 0.000E+00	 2.259E+00	-3.183E-01	 2.502E+01	-2.261E+00	 5.764E+00	-9.704E-01	 2.600E+00	 3.536E+00	 3.532E+00	 3.107E+02	 8.486E+01	-2.165E+01	 3.124E+02	 1.678E+03	-1.844E+02	 1.927E+02	 1.846E+02	 4.730E+00	 1.592E+02	 7.275E+00	 5.754E+00
    7.2500	 1.236E+01	-5.020E-01	 0.000E+00	 2.254E+00	-3.353E-01	 2.523E+01	-2.100E+00	 5.677E+00	-9.619E-01	 2.600E+00	 3.731E+00	 3.770E+00	 3.316E+02	 8.459E+01	-2.567E+01	 3.599E+02	 1.673E+03	-1.626E+02	 2.116E+02	 1.801E+02	 3.915E+00	 1.541E+02	 8.340E+00	 5.797E+00
    7.3000	 1.241E+01	-5.436E-01	 0.000E+00	 2.248E+00	-3.514E-01	 2.544E+01	-1.887E+00	 5.590E+00	-9.781E-01	 2.600E+00	 3.908E+00	 3.920E+00	 3.448E+02	 8.443E+01	-2.948E+01	 4.049E+02	 1.668E+03	-1.388E+02	 2.280E+02	 1.769E+02	 3.354E+00	 1.500E+02	 8.259E+00	 5.849E+00
    7.3500	 1.245E+01	-5.886E-01	 0.000E+00	 2.241E+00	-3.660E-01	 2.562E+01	-1.778E+00	 5.537E+00	-9.982E-01	 2.600E+00	 3.772E+00	 3.772E+00	 3.318E+02	 8.442E+01	-3.305E+01	 4.463E+02	 1.665E+03	-1.134E+02	 2.416E+02	 1.751E+02	 3.172E+00	 1.468E+02	 6.788E+00	 5.916E+00
    7.4000	 1.250E+01	-6.340E-01	 0.000E+00	 2.234E+00	-3.787E-01	 2.568E+01	-1.768E+00	 5.511E+00	-1.017E+00	 2.600E+00	 3.470E+00	 3.464E+00	 3.047E+02	 8.449E+01	-3.632E+01	 4.834E+02	 1.662E+03	-8.674E+01	 2.523E+02	 1.746E+02	 3.116E+00	 1.452E+02	 4.621E+00	 5.992E+00
    7.4500	 1.255E+01	-6.827E-01	 0.000E+00	 2.227E+00	-3.918E-01	 2.516E+01	-1.773E+00	 5.322E+00	-1.014E+00	 2.656E+00	 3.156E+00	 3.651E+00	 3.212E+02	 8.436E+01	-3.918E+01	 5.154E+02	 1.659E+03	-5.902E+01	 2.599E+02	 1.751E+02	 2.923E+00	 1.455E+02	 2.740E+00	 6.082E+00
    7.5000	 1.260E+01	-7.318E-01	 0.000E+00	 2.220E+00	-4.036E-01	 2.447E+01	-1.764E+00	 5.254E+00	-1.040E+00	 2.740E+00	 3.307E+00	 3.698E+00	 3.253E+02	 8.458E+01	-4.159E+01	 5.412E+02	 1.659E+03	-3.042E+01	 2.646E+02	 1.768E+02	 2.081E+00	 1.480E+02	 2.052E+00	 6.179E+00
    7.5500	 1.265E+01	-7.846E-01	 0.000E+00	 2.212E+00	-4.130E-01	 2.411E+01	-1.955E+00	 5.164E+00	-1.047E+00	 2.829E+00	 3.301E+00	 3.738E+00	 3.288E+02	 8.492E+01	-4.365E+01	 5.617E+02	 1.659E+03	-1.296E+00	 2.661E+02	 1.795E+02	 7.601E-01	 1.524E+02	 2.272E+00	 6.291E+00
    7.6000	 1.270E+01	-8.378E-01	 0.000E+00	 2.202E+00	-4.204E-01	 2.388E+01	-2.148E+00	 5.117E+00	-1.052E+00	 2.920E+00	 3.297E+00	 3.753E+00	 3.301E+02	 8.528E+01	-4.528E+01	 5.772E+02	 1.658E+03	 2.783E+01	 2.643E+02	 1.835E+02	-5.886E-01	 1.582E+02	 2.387E+00	 6.415E+00
    7.6500	 1.275E+01	-8.945E-01	 0.000E+00	 2.191E+00	-4.264E-01	 2.361E+01	-2.202E+00	 5.158E+00	-1.060E+00	 3.014E+00	 3.375E+00	 3.837E+00	 3.375E+02	 8.566E+01	-4.647E+01	 5.882E+02	 1.657E+03	 5.643E+01	 2.592E+02	 1.886E+02	-1.521E+00	 1.650E+02	 1.456E+00	 6.560E+00
    7.7000	 1.281E+01	-9.516E-01	 0.000E+00	 2.180E+00	-4.312E-01	 2.335E+01	-2.155E+00	 5.246E+00	-1.070E+00	 3.111E+00	 3.451E+00	 3.933E+00	 3.459E+02	 8.601E+01	-4.721E+01	 5.947E+02	 1.655E+03	 8.413E+01	 2.510E+02	 1.949E+02	-2.003E+00	 1.727E+02	-5.729E-01	 6.719E+00
    7.7500	 1.287E+01	-1.012E+00	 0.000E+00	 2.168E+00	-4.342E-01	 2.316E+01	-2.123E+00	 5.331E+00	-1.079E+00	 3.213E+00	 3.424E+00	 3.932E+00	 3.459E+02	 8.637E+01	-4.753E+01	 5.961E+02	 1.653E+03	 1.107E+02	 2.399E+02	 2.020E+02	-2.379E+00	 1.816E+02	-2.897E+00	 6.896E+00
    7.8000	 1.292E+01	-1.074E+00	 0.000E+00	 2.156E+00	-4.352E-01	 2.303E+01	-2.154E+00	 5.374E+00	-1.083E+00	 3.316E+00	 3.322E+00	 3.836E+00	 3.375E+02	 8.674E+01	-4.741E+01	 5.923E+02	 1.652E+03	 1.360E+02	 2.259E+02	 2.097E+02	-3.030E+00	 1.918E+02	-4.568E+00	 7.083E+00
    7.8500	 1.298E+01	-1.139E+00	 0.000E+00	 2.145E+00	-4.344E-01	 2.286E+01	-2.189E+00	 5.398E+00	-1.085E+00	 3.419E+00	 3.285E+00	 3.800E+00	 3.343E+02	 8.712E+01	-4.686E+01	 5.832E+02	 1.651E+03	 1.597E+02	 2.092E+02	 2.179E+02	-4.051E+00	 2.030E+02	-5.232E+00	 7.286E+00
    7.9000	 1.304E+01	-1.204E+00	 0.000E+00	 2.134E+00	-4.319E-01	 2.262E+01	-2.166E+00	 5.413E+00	-1.087E+00	 3.524E+00	 3.412E+00	 3.939E+00	 3.465E+02	 8.751E+01	-4.583E+01	 5.691E+02	 1.650E+03	 1.814E+02	 1.899E+02	 2.265E+02	-5.218E+00	 2.149E+02	-5.299E+00	 7.495E+00
    7.9500	 1.310E+01	-1.274E+00	 0.000E+00	 2.125E+00	-4.279E-01	 2.235E+01	-2.111E+00	 5.427E+00	-1.090E+00	 3.634E+00	 3.639E+00	 4.208E+00	 3.701E+02	 8.784E+01	-4.431E+01	 5.494E+02	 1.650E+03	 2.008E+02	 1.684E+02	 2.354E+02	-6.203E+00	 2.269E+02	-5.513E+00	 7.718E+00
    8.0000	 1.316E+01	-1.343E+00	 0.000E+00	 2.116E+00	-4.220E-01	 2.211E+01	-2.119E+00	 5.410E+00	-1.096E+00	 3.752E+00	 3.813E+00	 4.423E+00	 3.891E+02	 8.814E+01	-4.230E+01	 5.239E+02	 1.649E+03	 2.175E+02	 1.448E+02	 2.447E+02	-6.821E+00	 2.387E+02	-6.356E+00	 7.947E+00
    8.0500	 1.323E+01	-1.417E+00	 0.000E+00	 2.107E+00	-4.139E-01	 2.194E+01	-2.250E+00	 5.362E+00	-1.107E+00	 3.874E+00	 3.854E+00	 4.474E+00	 3.936E+02	 8.843E+01	-3.985E+01	 4.925E+02	 1.648E+03	 2.315E+02	 1.197E+02	 2.539E+02	-7.119E+00	 2.501E+02	-7.735E+00	 8.191E+00
    8.1000	 1.329E+01	-1.491E+00	 0.000E+00	 2.098E+00	-4.039E-01	 2.187E+01	-2.473E+00	 5.284E+00	-1.120E+00	 4.000E+00	 3.797E+00	 4.420E+00	 3.888E+02	 8.862E+01	-3.701E+01	 4.561E+02	 1.647E+03	 2.426E+02	 9.319E+01	 2.630E+02	-7.301E+00	 2.612E+02	-9.110E+00	 8.439E+00
    8.1500	 1.336E+01	-1.569E+00	 0.000E+00	 2.089E+00	-3.924E-01	 2.188E+01	-2.676E+00	 5.201E+00	-1.138E+00	 4.126E+00	 3.816E+00	 4.446E+00	 3.911E+02	 8.870E+01	-3.382E+01	 4.160E+02	 1.644E+03	 2.508E+02	 6.563E+01	 2.717E+02	-7.556E+00	 2.721E+02	-9.914E+00	 8.701E+00
    8.2000	 1.342E+01	-1.648E+00	 0.000E+00	 2.079E+00	-3.800E-01	 2.194E+01	-2.782E+00	 5.107E+00	-1.164E+00	 4.256E+00	 4.007E+00	 4.665E+00	 4.104E+02	 8.867E+01	-3.032E+01	 3.730E+02	 1.640E+03	 2.560E+02	 3.730E+01	 2.798E+02	-7.946E+00	 2.826E+02	-9.929E+00	 8.966E+00
    8.2500	 1.349E+01	-1.731E+00	 0.000E+00	 2.069E+00	-3.670E-01	 2.209E+01	-2.808E+00	 4.998E+00	-1.202E+00	 4.392E+00	 4.327E+00	 5.041E+00	 4.434E+02	 8.856E+01	-2.656E+01	 3.274E+02	 1.636E+03	 2.581E+02	 8.557E+00	 2.873E+02	-8.368E+00	 2.924E+02	-9.400E+00	 9.240E+00
    8.3000	 1.355E+01	-1.814E+00	 0.000E+00	 2.058E+00	-3.534E-01	 2.228E+01	-2.835E+00	 4.861E+00	-1.253E+00	 4.538E+00	 4.631E+00	 5.402E+00	 4.752E+02	 8.841E+01	-2.257E+01	 2.792E+02	 1.630E+03	 2.571E+02	-2.020E+01	 2.941E+02	-8.643E+00	 3.013E+02	-8.833E+00	 9.514E+00
    8.3500	 1.362E+01	-1.901E+00	 0.000E+00	 2.047E+00	-3.388E-01	 2.249E+01	-2.931E+00	 4.705E+00	-1.316E+00	 4.691E+00	 4.790E+00	 5.610E+00	 4.935E+02	 8.823E+01	-1.840E+01	 2.284E+02	 1.625E+03	 2.530E+02	-4.860E+01	 3.002E+02	-8.623E+00	 3.089E+02	-8.639E+00	 9.794E+00
    8.4000	 1.369E+01	-1.989E+00	 0.000E+00	 2.035E+00	-3.235E-01	 2.269E+01	-3.079E+00	 4.548E+00	-1.393E+00	 4.850E+00	 4.856E+00	 5.699E+00	 5.014E+02	 8.801E+01	-1.407E+01	 1.756E+02	 1.619E+03	 2.458E+02	-7.630E+01	 3.055E+02	-8.292E+00	 3.152E+02	-8.860E+00	 1.007E+01
    8.4500	 1.376E+01	-2.081E+00	 0.000E+00	 2.024E+00	-3.077E-01	 2.289E+01	-3.225E+00	 4.411E+00	-1.480E+00	 5.013E+00	 4.934E+00	 5.809E+00	 5.110E+02	 8.774E+01	-9.648E+00	 1.216E+02	 1.613E+03	 2.356E+02	-1.030E+02	 3.099E+02	-7.776E+00	 3.202E+02	-9.151E+00	 1.035E+01
    8.5000	 1.383E+01	-2.174E+00	 0.000E+00	 2.013E+00	-2.919E-01	 2.308E+01	-3.335E+00	 4.291E+00	-1.575E+00	 5.181E+00	 5.113E+00	 6.031E+00	 5.305E+02	 8.745E+01	-5.163E+00	 6.713E+01	 1.607E+03	 2.226E+02	-1.285E+02	 3.131E+02	-7.280E+00	 3.242E+02	-9.018E+00	 1.063E+01
    8.5500	 1.390E+01	-2.271E+00	 0.000E+00	 2.003E+00	-2.765E-01	 2.326E+01	-3.423E+00	 4.183E+00	-1.673E+00	 5.354E+00	 5.389E+00	 6.360E+00	 5.595E+02	 8.715E+01	-6.642E-01	 1.269E+01	 1.602E+03	 2.068E+02	-1.525E+02	 3.153E+02	-6.925E+00	 3.271E+02	-8.212E+00	 1.092E+01
    8.6000	 1.397E+01	-2.368E+00	 0.000E+00	 1.993E+00	-2.615E-01	 2.339E+01	-3.529E+00	 4.085E+00	-1.769E+00	 5.536E+00	 5.681E+00	 6.707E+00	 5.900E+02	 8.687E+01	 3.793E+00	-4.130E+01	 1.597E+03	 1.884E+02	-1.748E+02	 3.164E+02	-6.675E+00	 3.287E+02	-6.906E+00	 1.120E+01
    8.6500	 1.404E+01	-2.470E+00	 0.000E+00	 1.985E+00	-2.471E-01	 2.347E+01	-3.665E+00	 4.034E+00	-1.868E+00	 5.727E+00	 5.960E+00	 7.019E+00	 6.174E+02	 8.662E+01	 8.162E+00	-9.442E+01	 1.593E+03	 1.676E+02	-1.949E+02	 3.163E+02	-6.354E+00	 3.290E+02	-5.590E+00	 1.149E+01
    8.7000	 1.411E+01	-2.572E+00	 0.000E+00	 1.978E+00	-2.336E-01	 2.345E+01	-3.851E+00	 3.968E+00	-1.959E+00	 5.925E+00	 6.100E+00	 7.216E+00	 6.348E+02	 8.636E+01	 1.236E+01	-1.457E+02	 1.590E+03	 1.447E+02	-2.126E+02	 3.154E+02	-5.809E+00	 3.276E+02	-4.681E+00	 1.177E+01
    8.7500	 1.418E+01	-2.678E+00	 0.000E+00	 1.972E+00	-2.213E-01	 2.297E+01	-4.031E+00	 3.987E+00	-2.049E+00	 6.128E+00	 6.176E+00	 7.350E+00	 6.465E+02	 8.613E+01	 1.633E+01	-1.943E+02	 1.587E+03	 1.200E+02	-2.276E+02	 3.134E+02	-5.022E+00	 3.246E+02	-4.255E+00	 1.206E+01
    8.8000	 1.425E+01	-2.786E+00	 0.000E+00	 1.966E+00	-2.107E-01	 2.365E+01	-4.166E+00	 3.942E+00	-2.140E+00	 6.337E+00	 6.356E+00	 7.563E+00	 6.653E+02	 8.603E+01	 2.001E+01	-2.391E+02	 1.586E+03	 9.375E+01	-2.398E+02	 3.105E+02	-4.107E+00	 3.205E+02	-4.010E+00	 1.235E+01
    8.8500	 1.432E+01	-2.897E+00	 0.000E+00	 1.962E+00	-2.021E-01	 2.332E+01	-4.218E+00	 4.057E+00	-2.215E+00	 6.551E+00	 6.499E+00	 7.748E+00	 6.816E+02	 8.578E+01	 2.336E+01	-2.796E+02	 1.583E+03	 6.621E+01	-2.490E+02	 3.064E+02	-3.320E+00	 3.153E+02	-3.452E+00	 1.264E+01
    8.9000	 1.439E+01	-3.009E+00	 0.000E+00	 1.959E+00	-1.955E-01	 2.279E+01	-4.270E+00	 4.222E+00	-2.279E+00	 6.771E+00	 6.647E+00	 7.925E+00	 6.971E+02	 8.561E+01	 2.631E+01	-3.154E+02	 1.582E+03	 3.763E+01	-2.551E+02	 3.012E+02	-2.759E+00	 3.092E+02	-2.387E+00	 1.293E+01
    8.9500	 1.446E+01	-3.125E+00	 0.000E+00	 1.956E+00	-1.909E-01	 2.264E+01	-4.335E+00	 4.351E+00	-2.328E+00	 6.997E+00	 6.803E+00	 8.132E+00	 7.153E+02	 8.539E+01	 2.889E+01	-3.465E+02	 1.580E+03	 8.371E+00	-2.579E+02	 2.952E+02	-2.335E+00	 3.022E+02	-1.043E+00	 1.323E+01
    9.0000	 1.453E+01	-3.243E+00	 0.000E+00	 1.952E+00	-1.882E-01	 2.265E+01	-4.405E+00	 4.454E+00	-2.365E+00	 7.229E+00	 6.953E+00	 8.369E+00	 7.361E+02	 8.520E+01	 3.104E+01	-3.724E+02	 1.579E+03	-2.119E+01	-2.573E+02	 2.884E+02	-1.892E+00	 2.940E+02	 1.560E-01	 1.353E+01
    9.0500	 1.461E+01	-3.363E+00	 0.000E+00	 1.947E+00	-1.875E-01	 2.249E+01	-4.476E+00	 4.609E+00	-2.388E+00	 7.467E+00	 7.055E+00	 8.487E+00	 7.465E+02	 8.498E+01	 3.272E+01	-3.928E+02	 1.577E+03	-5.059E+01	-2.534E+02	 2.810E+02	-1.354E+00	 2.847E+02	 9.287E-01	 1.384E+01
    9.1000	 1.468E+01	-3.485E+00	 0.000E+00	 1.940E+00	-1.887E-01	 2.213E+01	-4.555E+00	 4.822E+00	-2.393E+00	 7.710E+00	 7.054E+00	 8.502E+00	 7.479E+02	 8.460E+01	 3.392E+01	-4.075E+02	 1.572E+03	-7.943E+01	-2.460E+02	 2.730E+02	-7.214E-01	 2.744E+02	 1.259E+00	 1.415E+01
    9.1500	 1.475E+01	-3.611E+00	 0.000E+00	 1.931E+00	-1.919E-01	 2.182E+01	-4.616E+00	 5.023E+00	-2.381E+00	 7.956E+00	 7.038E+00	 8.486E+00	 7.465E+02	 8.411E+01	 3.462E+01	-4.160E+02	 1.565E+03	-1.074E+02	-2.353E+02	 2.646E+02	-1.083E-01	 2.636E+02	 1.413E+00	 1.447E+01
    9.2000	 1.482E+01	-3.738E+00	 0.000E+00	 1.919E+00	-1.970E-01	 2.173E+01	-4.652E+00	 5.170E+00	-2.350E+00	 8.204E+00	 7.008E+00	 8.501E+00	 7.478E+02	 8.351E+01	 3.479E+01	-4.178E+02	 1.556E+03	-1.341E+02	-2.215E+02	 2.556E+02	 3.390E-01	 2.526E+02	 1.729E+00	 1.479E+01
    9.2500	 1.489E+01	-3.869E+00	 0.000E+00	 1.903E+00	-2.040E-01	 2.178E+01	-4.639E+00	 5.302E+00	-2.305E+00	 8.456E+00	 7.023E+00	 8.527E+00	 7.501E+02	 8.282E+01	 3.443E+01	-4.130E+02	 1.545E+03	-1.593E+02	-2.046E+02	 2.463E+02	 5.399E-01	 2.416E+02	 2.354E+00	 1.513E+01
    9.3000	 1.496E+01	-4.001E+00	 0.000E+00	 1.884E+00	-2.127E-01	 2.179E+01	-4.586E+00	 5.452E+00	-2.245E+00	 8.710E+00	 7.015E+00	 8.532E+00	 7.505E+02	 8.194E+01	 3.353E+01	-4.015E+02	 1.531E+03	-1.825E+02	-1.848E+02	 2.369E+02	 5.500E-01	 2.305E+02	 3.114E+00	 1.547E+01
    9.3500	 1.503E+01	-4.137E+00	 0.000E+00	 1.860E+00	-2.229E-01	 2.169E+01	-4.504E+00	 5.578E+00	-2.173E+00	 8.968E+00	 6.937E+00	 8.487E+00	 7.465E+02	 8.099E+01	 3.206E+01	-3.834E+02	 1.514E+03	-2.033E+02	-1.622E+02	 2.276E+02	 4.971E-01	 2.193E+02	 3.662E+00	 1.582E+01
    9.4000	 1.509E+01	-4.274E+00	 0.000E+00	 1.832E+00	-2.345E-01	 2.162E+01	-4.394E+00	 5.636E+00	-2.092E+00	 9.227E+00	 6.790E+00	 8.371E+00	 7.363E+02	 7.991E+01	 3.007E+01	-3.591E+02	 1.494E+03	-2.213E+02	-1.372E+02	 2.184E+02	 4.854E-01	 2.082E+02	 3.733E+00	 1.618E+01
    9.4500	 1.516E+01	-4.415E+00	 0.000E+00	 1.799E+00	-2.470E-01	 2.164E+01	-4.256E+00	 5.631E+00	-2.005E+00	 9.488E+00	 6.591E+00	 8.182E+00	 7.197E+02	 7.867E+01	 2.761E+01	-3.291E+02	 1.471E+03	-2.362E+02	-1.101E+02	 2.096E+02	 5.015E-01	 1.974E+02	 3.346E+00	 1.655E+01
    9.5000	 1.523E+01	-4.556E+00	 0.000E+00	 1.763E+00	-2.603E-01	 2.171E+01	-4.080E+00	 5.598E+00	-1.916E+00	 9.748E+00	 6.411E+00	 7.966E+00	 7.007E+02	 7.734E+01	 2.470E+01	-2.940E+02	 1.446E+03	-2.480E+02	-8.145E+01	 2.010E+02	 4.469E-01	 1.872E+02	 2.742E+00	 1.694E+01
    9.5500	 1.529E+01	-4.702E+00	 0.000E+00	 1.722E+00	-2.742E-01	 2.156E+01	-3.870E+00	 5.529E+00	-1.828E+00	 1.001E+01	 6.290E+00	 7.787E+00	 6.850E+02	 7.640E+01	 2.131E+01	-2.537E+02	 1.422E+03	-2.563E+02	-5.129E+01	 1.927E+02	 1.909E-01	 1.780E+02	 2.218E+00	 1.733E+01
    9.6000	 1.536E+01	-4.849E+00	 0.000E+00	 1.678E+00	-2.884E-01	 2.164E+01	-3.724E+00	 5.423E+00	-1.719E+00	 1.027E+01	 5.943E+00	 7.524E+00	 6.618E+02	 7.462E+01	 1.765E+01	-2.100E+02	 1.391E+03	-2.610E+02	-2.036E+01	 1.850E+02	-3.058E-01	 1.695E+02	 1.916E+00	 1.773E+01
    9.6500	 1.542E+01	-4.998E+00	 0.000E+00	 1.631E+00	-3.028E-01	 2.156E+01	-3.501E+00	 5.277E+00	-1.625E+00	 1.053E+01	 5.779E+00	 7.336E+00	 6.453E+02	 7.310E+01	 1.367E+01	-1.628E+02	 1.361E+03	-2.621E+02	 1.111E+01	 1.778E+02	-9.458E-01	 1.618E+02	 1.624E+00	 1.814E+01
    9.7000	 1.549E+01	-5.150E+00	 0.000E+00	 1.582E+00	-3.173E-01	 2.134E+01	-3.273E+00	 5.089E+00	-1.529E+00	 1.078E+01	 5.543E+00	 7.125E+00	 6.267E+02	 7.167E+01	 9.412E+00	-1.128E+02	 1.330E+03	-2.592E+02	 4.257E+01	 1.712E+02	-1.630E+00	 1.549E+02	 1.097E+00	 1.855E+01
    9.7500	 1.555E+01	-5.304E+00	 0.000E+00	 1.530E+00	-3.316E-01	 2.108E+01	-3.015E+00	 4.888E+00	-1.429E+00	 1.104E+01	 5.280E+00	 6.868E+00	 6.042E+02	 7.033E+01	 4.984E+00	-6.084E+01	 1.299E+03	-2.525E+02	 7.349E+01	 1.654E+02	-2.266E+00	 1.487E+02	 1.631E-01	 1.898E+01
    9.8000	 1.561E+01	-5.460E+00	 0.000E+00	 1.477E+00	-3.454E-01	 2.075E+01	-2.739E+00	 4.667E+00	-1.322E+00	 1.130E+01	 4.937E+00	 6.493E+00	 5.712E+02	 6.916E+01	 4.141E-01	-7.658E+00	 1.269E+03	-2.419E+02	 1.034E+02	 1.600E+02	-2.886E+00	 1.434E+02	-1.111E+00	 1.941E+01
    9.8500	 1.567E+01	-5.619E+00	 0.000E+00	 1.424E+00	-3.586E-01	 2.037E+01	-2.477E+00	 4.433E+00	-1.218E+00	 1.155E+01	 4.500E+00	 6.041E+00	 5.314E+02	 6.811E+01	-4.220E+00	 4.595E+01	 1.239E+03	-2.277E+02	 1.318E+02	 1.553E+02	-3.551E+00	 1.388E+02	-2.497E+00	 1.985E+01
    9.9000	 1.573E+01	-5.780E+00	 0.000E+00	 1.370E+00	-3.711E-01	 1.989E+01	-2.203E+00	 4.183E+00	-1.123E+00	 1.180E+01	 4.102E+00	 5.583E+00	 4.911E+02	 6.718E+01	-8.847E+00	 9.931E+01	 1.211E+03	-2.099E+02	 1.584E+02	 1.512E+02	-4.318E+00	 1.350E+02	-3.759E+00	 2.029E+01
    9.9500	 1.579E+01	-5.943E+00	 0.000E+00	 1.317E+00	-3.830E-01	 1.926E+01	-1.916E+00	 3.937E+00	-1.031E+00	 1.204E+01	 3.741E+00	 5.189E+00	 4.564E+02	 6.640E+01	-1.341E+01	 1.518E+02	 1.184E+03	-1.889E+02	 1.826E+02	 1.476E+02	-5.197E+00	 1.319E+02	-4.793E+00	 2.074E+01
   10.0000	 1.585E+01	-6.108E+00	 0.000E+00	 1.264E+00	-3.940E-01	 1.857E+01	-1.598E+00	 3.698E+00	-9.430E-01	 1.228E+01	 3.414E+00	 4.860E+00	 4.275E+02	 6.569E+01	-1.783E+01	 2.026E+02	 1.159E+03	-1.649E+02	 2.041E+02	 1.447E+02	-6.136E+00	 1.295E+02	-5.659E+00	 2.119E+01
   10.0500	 1.590E+01	-6.276E+00	 0.000E+00	 1.214E+00	-4.031E-01	 1.823E+01	-1.255E+00	 3.640E+00	-8.748E-01	 1.247E+01	 3.307E+00	 4.346E+00	 3.823E+02	 6.527E+01	-2.203E+01	 2.507E+02	 1.136E+03	-1.383E+02	 2.226E+02	 1.423E+02	-7.111E+00	 1.277E+02	-6.477E+00	 2.166E+01
   10.1000	 1.596E+01	-6.445E+00	 0.000E+00	 1.166E+00	-4.112E-01	 1.759E+01	-9.961E-01	 3.509E+00	-7.841E-01	 1.265E+01	 2.947E+00	 4.004E+00	 3.522E+02	 6.486E+01	-2.594E+01	 2.956E+02	 1.114E+03	-1.097E+02	 2.376E+02	 1.404E+02	-7.926E+00	 1.265E+02	-7.483E+00	 2.214E+01
   10.1500	 1.601E+01	-6.617E+00	 0.000E+00	 1.121E+00	-4.182E-01	 1.665E+01	-7.170E-01	 3.418E+00	-6.968E-01	 1.282E+01	 2.644E+00	 3.689E+00	 3.245E+02	 6.456E+01	-2.947E+01	 3.360E+02	 1.094E+03	-7.933E+01	 2.489E+02	 1.391E+02	-8.627E+00	 1.259E+02	-8.613E+00	 2.264E+01
   10.2000	 1.606E+01	-6.790E+00	 0.000E+00	 1.079E+00	-4.237E-01	 1.569E+01	-5.074E-01	 3.270E+00	-6.175E-01	 1.299E+01	 2.409E+00	 3.399E+00	 2.990E+02	 6.435E+01	-3.254E+01	 3.708E+02	 1.077E+03	-4.781E+01	 2.565E+02	 1.384E+02	-9.287E+00	 1.259E+02	-9.661E+00	 2.314E+01
   10.2500	 1.611E+01	-6.966E+00	 0.000E+00	 1.041E+00	-4.274E-01	 1.483E+01	-3.920E-01	 3.110E+00	-5.382E-01	 1.315E+01	 2.093E+00	 3.084E+00	 2.713E+02	 6.424E+01	-3.516E+01	 3.997E+02	 1.061E+03	-1.556E+01	 2.603E+02	 1.382E+02	-9.992E+00	 1.264E+02	-1.043E+01	 2.365E+01
   10.3000	 1.616E+01	-7.143E+00	 0.000E+00	 1.005E+00	-4.291E-01	 1.368E+01	-3.456E-01	 2.990E+00	-4.585E-01	 1.331E+01	 1.754E+00	 2.725E+00	 2.397E+02	 6.406E+01	-3.727E+01	 4.226E+02	 1.046E+03	 1.691E+01	 2.602E+02	 1.386E+02	-1.074E+01	 1.274E+02	-1.091E+01	 2.415E+01
   10.3500	 1.620E+01	-7.323E+00	 0.000E+00	 9.702E-01	-4.287E-01	 1.236E+01	-2.605E-01	 2.888E+00	-3.823E-01	 1.346E+01	 1.528E+00	 2.453E+00	 2.158E+02	 6.380E+01	-3.885E+01	 4.394E+02	 1.029E+03	 4.909E+01	 2.561E+02	 1.393E+02	-1.143E+01	 1.290E+02	-1.129E+01	 2.465E+01
   10.4000	 1.625E+01	-7.504E+00	 0.000E+00	 9.357E-01	-4.261E-01	 1.120E+01	-1.410E-01	 2.770E+00	-3.130E-01	 1.361E+01	 1.425E+00	 2.312E+00	 2.033E+02	 6.346E+01	-3.989E+01	 4.502E+02	 1.012E+03	 8.049E+01	 2.483E+02	 1.405E+02	-1.196E+01	 1.313E+02	-1.176E+01	 2.515E+01
   10.4500	 1.629E+01	-7.687E+00	 0.000E+00	 9.001E-01	-4.207E-01	 1.035E+01	-3.819E-02	 2.641E+00	-2.438E-01	 1.376E+01	 1.285E+00	 2.204E+00	 1.938E+02	 6.301E+01	-4.040E+01	 4.548E+02	 9.921E+02	 1.106E+02	 2.367E+02	 1.420E+02	-1.234E+01	 1.341E+02	-1.233E+01	 2.564E+01
   10.5000	 1.633E+01	-7.871E+00	 0.000E+00	 8.630E-01	-4.121E-01	 9.613E+00	 2.064E-02	 2.546E+00	-1.803E-01	 1.391E+01	 1.088E+00	 1.967E+00	 1.730E+02	 6.229E+01	-4.035E+01	 4.526E+02	 9.691E+02	 1.391E+02	 2.215E+02	 1.437E+02	-1.267E+01	 1.373E+02	-1.288E+01	 2.612E+01
   10.5500	 1.637E+01	-8.058E+00	 0.000E+00	 8.242E-01	-4.002E-01	 8.835E+00	 4.827E-02	 2.479E+00	-1.157E-01	 1.406E+01	 8.028E-01	 1.694E+00	 1.490E+02	 6.127E+01	-3.974E+01	 4.439E+02	 9.421E+02	 1.654E+02	 2.029E+02	 1.455E+02	-1.296E+01	 1.407E+02	-1.333E+01	 2.660E+01
   10.6000	 1.640E+01	-8.245E+00	 0.000E+00	 7.834E-01	-3.852E-01	 8.234E+00	 1.097E-01	 2.424E+00	-5.717E-02	 1.419E+01	 6.219E-01	 1.425E+00	 1.253E+02	 5.999E+01	-3.852E+01	 4.286E+02	 9.111E+02	 1.892E+02	 1.811E+02	 1.473E+02	-1.320E+01	 1.442E+02	-1.367E+01	 2.708E+01
   10.6500	 1.644E+01	-8.435E+00	 0.000E+00	 7.407E-01	-3.671E-01	 7.675E+00	 1.970E-01	 2.363E+00	 1.405E-03	 1.433E+01	 5.000E-01	 1.264E+00	 1.112E+02	 5.850E+01	-3.678E+01	 4.073E+02	 8.769E+02	 2.101E+02	 1.565E+02	 1.491E+02	-1.336E+01	 1.476E+02	-1.388E+01	 2.755E+01
   10.7000	 1.647E+01	-8.625E+00	 0.000E+00	 6.962E-01	-3.461E-01	 7.190E+00	 2.560E-01	 2.304E+00	 6.688E-02	 1.446E+01	 3.311E-01	 1.099E+00	 9.667E+01	 5.664E+01	-3.450E+01	 3.800E+02	 8.395E+02	 2.276E+02	 1.295E+02	 1.509E+02	-1.348E+01	 1.506E+02	-1.394E+01	 2.802E+01
   10.7500	 1.650E+01	-8.818E+00	 0.000E+00	 6.503E-01	-3.223E-01	 6.768E+00	 2.719E-01	 2.248E+00	 1.424E-01	 1.460E+01	 7.566E-02	 8.344E-01	 7.340E+01	 5.469E+01	-3.179E+01	 3.475E+02	 8.000E+02	 2.415E+02	 1.008E+02	 1.525E+02	-1.352E+01	 1.531E+02	-1.389E+01	 2.850E+01
   10.8000	 1.653E+01	-9.011E+00	 0.000E+00	 6.036E-01	-2.961E-01	 6.391E+00	 3.070E-01	 2.190E+00	 2.144E-01	 1.472E+01	-1.318E-01	 6.132E-01	 5.394E+01	 5.243E+01	-2.860E+01	 3.100E+02	 7.581E+02	 2.515E+02	 7.049E+01	 1.538E+02	-1.340E+01	 1.553E+02	-1.390E+01	 2.896E+01
   10.8500	 1.656E+01	-9.206E+00	 0.000E+00	 5.566E-01	-2.680E-01	 5.971E+00	 3.744E-01	 2.112E+00	 2.792E-01	 1.485E+01	-2.774E-01	 4.269E-01	 3.755E+01	 4.993E+01	-2.496E+01	 2.681E+02	 7.142E+02	 2.577E+02	 3.914E+01	 1.545E+02	-1.314E+01	 1.574E+02	-1.396E+01	 2.943E+01
   10.9000	 1.658E+01	-9.402E+00	 0.000E+00	 5.098E-01	-2.383E-01	 5.528E+00	 4.189E-01	 2.040E+00	 3.388E-01	 1.497E+01	-4.661E-01	 2.585E-01	 2.274E+01	 4.720E+01	-2.098E+01	 2.225E+02	 6.689E+02	 2.598E+02	 7.202E+00	 1.547E+02	-1.281E+01	 1.588E+02	-1.386E+01	 2.989E+01
   10.9500	 1.661E+01	-9.599E+00	 0.000E+00	 4.635E-01	-2.073E-01	 5.126E+00	 4.466E-01	 1.967E+00	 3.899E-01	 1.509E+01	-6.714E-01	 5.565E-02	 4.895E+00	 4.440E+01	-1.676E+01	 1.738E+02	 6.233E+02	 2.581E+02	-2.483E+01	 1.545E+02	-1.250E+01	 1.594E+02	-1.346E+01	 3.035E+01
   11.0000	 1.663E+01	-9.798E+00	 0.000E+00	 4.184E-01	-1.755E-01	 4.802E+00	 4.879E-01	 1.911E+00	 4.246E-01	 1.520E+01	-7.977E-01	-1.247E-01	-1.097E+01	 4.156E+01	-1.232E+01	 1.229E+02	 5.782E+02	 2.524E+02	-5.648E+01	 1.541E+02	-1.221E+01	 1.589E+02	-1.273E+01	 3.080E+01
   11.0500	 1.665E+01	-9.997E+00	 0.000E+00	 3.749E-01	-1.433E-01	 4.522E+00	 5.241E-01	 1.846E+00	 4.533E-01	 1.531E+01	-9.609E-01	-2.623E-01	-2.307E+01	 3.872E+01	-7.764E+00	 7.061E+01	 5.341E+02	 2.429E+02	-8.724E+01	 1.533E+02	-1.190E+01	 1.575E+02	-1.181E+01	 3.125E+01
   11.1000	 1.666E+01	-1.020E+01	 0.000E+00	 3.336E-01	-1.113E-01	 4.260E+00	 5.982E-01	 1.788E+00	 4.585E-01	 1.542E+01	-9.990E-01	-3.422E-01	-3.010E+01	 3.594E+01	-3.119E+00	 1.734E+01	 4.917E+02	 2.299E+02	-1.167E+02	 1.520E+02	-1.152E+01	 1.558E+02	-1.087E+01	 3.169E+01
   11.1500	 1.668E+01	-1.040E+01	 0.000E+00	 2.953E-01	-7.986E-02	 3.990E+00	 6.378E-01	 1.729E+00	 4.608E-01	 1.553E+01	-1.114E+00	-4.577E-01	-4.026E+01	 3.329E+01	 1.518E+00	-3.616E+01	 4.520E+02	 2.135E+02	-1.445E+02	 1.503E+02	-1.109E+01	 1.537E+02	-1.000E+01	 3.213E+01
   11.2000	 1.669E+01	-1.060E+01	 0.000E+00	 2.605E-01	-4.929E-02	 3.798E+00	 6.501E-01	 1.700E+00	 4.557E-01	 1.564E+01	-1.244E+00	-5.575E-01	-4.904E+01	 3.090E+01	 6.095E+00	-8.934E+01	 4.161E+02	 1.940E+02	-1.702E+02	 1.481E+02	-1.061E+01	 1.514E+02	-9.213E+00	 3.257E+01
   11.2500	 1.670E+01	-1.080E+01	 0.000E+00	 2.299E-01	-2.031E-02	 3.702E+00	 5.898E-01	 1.665E+00	 4.947E-01	 1.574E+01	-1.680E+00	-9.543E-01	-8.394E+01	 2.885E+01	 1.047E+01	-1.405E+02	 3.852E+02	 1.729E+02	-1.937E+02	 1.458E+02	-1.016E+01	 1.487E+02	-8.398E+00	 3.301E+01
   11.3000	 1.671E+01	-1.101E+01	 0.000E+00	 2.045E-01	 6.149E-03	 3.823E+00	 7.562E-01	 1.684E+00	 4.760E-01	 1.584E+01	-1.424E+00	-7.021E-01	-6.176E+01	 2.708E+01	 1.479E+01	-1.903E+02	 3.598E+02	 1.481E+02	-2.144E+02	 1.429E+02	-9.550E+00	 1.463E+02	-7.909E+00	 3.346E+01
   11.3500	 1.671E+01	-1.121E+01	 0.000E+00	 1.855E-01	 3.017E-02	 3.316E+00	 7.956E-01	 1.712E+00	 4.705E-01	 1.594E+01	-1.339E+00	-8.118E-01	-7.141E+01	 2.562E+01	 1.889E+01	-2.384E+02	 3.398E+02	 1.210E+02	-2.321E+02	 1.398E+02	-9.186E+00	 1.435E+02	-7.222E+00	 3.390E+01
   11.4000	 1.671E+01	-1.142E+01	 0.000E+00	 1.728E-01	 5.164E-02	 2.997E+00	 6.237E-01	 1.757E+00	 5.070E-01	 1.604E+01	-1.687E+00	-1.136E+00	-9.995E+01	 2.463E+01	 2.259E+01	-2.831E+02	 3.269E+02	 9.179E+01	-2.460E+02	 1.366E+02	-9.044E+00	 1.399E+02	-6.387E+00	 3.434E+01
   11.4500	 1.671E+01	-1.162E+01	 0.000E+00	 1.662E-01	 6.959E-02	 3.307E+00	 4.756E-01	 1.808E+00	 5.628E-01	 1.614E+01	-2.018E+00	-1.501E+00	-1.321E+02	 2.417E+01	 2.587E+01	-3.229E+02	 3.218E+02	 6.107E+01	-2.559E+02	 1.332E+02	-8.964E+00	 1.357E+02	-5.743E+00	 3.478E+01
   11.5000	 1.671E+01	-1.182E+01	 0.000E+00	 1.667E-01	 8.266E-02	 3.638E+00	 5.219E-01	 1.887E+00	 6.257E-01	 1.623E+01	-2.125E+00	-1.604E+00	-1.411E+02	 2.404E+01	 2.870E+01	-3.566E+02	 3.228E+02	 2.938E+01	-2.619E+02	 1.294E+02	-8.758E+00	 1.312E+02	-5.619E+00	 3.523E+01
   11.5500	 1.671E+01	-1.203E+01	 0.000E+00	 1.751E-01	 9.032E-02	 3.628E+00	 7.004E-01	 1.884E+00	 7.067E-01	 1.632E+01	-2.169E+00	-1.706E+00	-1.501E+02	 2.424E+01	 3.100E+01	-3.835E+02	 3.295E+02	-2.699E+00	-2.639E+02	 1.252E+02	-8.536E+00	 1.266E+02	-5.870E+00	 3.567E+01
   11.6000	 1.670E+01	-1.224E+01	 0.000E+00	 1.916E-01	 9.270E-02	 3.560E+00	 8.345E-01	 1.870E+00	 8.354E-01	 1.640E+01	-2.522E+00	-1.994E+00	-1.754E+02	 2.483E+01	 3.264E+01	-4.031E+02	 3.426E+02	-3.451E+01	-2.618E+02	 1.206E+02	-8.445E+00	 1.218E+02	-6.188E+00	 3.612E+01
   11.6500	 1.669E+01	-1.244E+01	 0.000E+00	 2.157E-01	 8.972E-02	 3.827E+00	 1.010E+00	 1.960E+00	 9.677E-01	 1.648E+01	-2.849E+00	-2.425E+00	-2.133E+02	 2.590E+01	 3.366E+01	-4.153E+02	 3.633E+02	-6.563E+01	-2.555E+02	 1.156E+02	-8.510E+00	 1.168E+02	-6.488E+00	 3.658E+01
   11.7000	 1.668E+01	-1.265E+01	 0.000E+00	 2.473E-01	 8.106E-02	 4.018E+00	 1.282E+00	 2.088E+00	 1.080E+00	 1.655E+01	-3.015E+00	-2.621E+00	-2.306E+02	 2.749E+01	 3.401E+01	-4.197E+02	 3.912E+02	-9.578E+01	-2.452E+02	 1.101E+02	-8.598E+00	 1.115E+02	-6.908E+00	 3.703E+01
   11.7500	 1.667E+01	-1.285E+01	 0.000E+00	 2.861E-01	 6.704E-02	 3.856E+00	 1.586E+00	 2.136E+00	 1.167E+00	 1.662E+01	-3.086E+00	-2.684E+00	-2.361E+02	 2.926E+01	 3.375E+01	-4.168E+02	 4.243E+02	-1.245E+02	-2.312E+02	 1.044E+02	-8.718E+00	 1.056E+02	-7.383E+00	 3.747E+01
   11.8000	 1.666E+01	-1.306E+01	 0.000E+00	 3.305E-01	 4.854E-02	 3.685E+00	 1.789E+00	 2.117E+00	 1.239E+00	 1.669E+01	-3.309E+00	-2.907E+00	-2.557E+02	 3.137E+01	 3.279E+01	-4.068E+02	 4.620E+02	-1.514E+02	-2.134E+02	 9.848E+01	-9.007E+00	 9.889E+01	-7.755E+00	 3.793E+01
   11.8500	 1.664E+01	-1.326E+01	 0.000E+00	 3.785E-01	 2.612E-02	 3.589E+00	 1.947E+00	 2.088E+00	 1.298E+00	 1.676E+01	-3.608E+00	-3.285E+00	-2.890E+02	 3.386E+01	 3.116E+01	-3.892E+02	 5.033E+02	-1.760E+02	-1.921E+02	 9.249E+01	-9.451E+00	 9.126E+01	-8.031E+00	 3.838E+01
   11.9000	 1.662E+01	-1.347E+01	 0.000E+00	 4.282E-01	 3.132E-05	 3.551E+00	 2.165E+00	 2.077E+00	 1.342E+00	 1.681E+01	-3.830E+00	-3.469E+00	-3.052E+02	 3.600E+01	 2.903E+01	-3.643E+02	 5.442E+02	-1.981E+02	-1.682E+02	 8.686E+01	-9.881E+00	 8.284E+01	-8.346E+00	 3.883E+01
   11.9500	 1.660E+01	-1.367E+01	 0.000E+00	 4.776E-01	-2.907E-02	 3.507E+00	 2.477E+00	 2.014E+00	 1.362E+00	 1.687E+01	-3.804E+00	-3.490E+00	-3.070E+02	 3.834E+01	 2.632E+01	-3.321E+02	 5.853E+02	-2.171E+02	-1.417E+02	 8.146E+01	-1.034E+01	 7.454E+01	-8.655E+00	 3.928E+01
   12.0000	 1.658E+01	-1.388E+01	 0.000E+00	 5.249E-01	-5.999E-02	 3.483E+00	 2.758E+00	 1.947E+00	 1.369E+00	 1.692E+01	-3.698E+00	-3.409E+00	-2.998E+02	 4.069E+01	 2.313E+01	-2.940E+02	 6.252E+02	-2.331E+02	-1.133E+02	 7.617E+01	-1.087E+01	 6.725E+01	-8.900E+00	 3.974E+01
   12.0500	 1.655E+01	-1.408E+01	 0.000E+00	 5.684E-01	-9.191E-02	 3.661E+00	 2.887E+00	 1.860E+00	 1.430E+00	 1.697E+01	-4.155E+00	-3.624E+00	-3.188E+02	 4.094E+01	 2.077E+01	-2.533E+02	 6.560E+02	-2.470E+02	-8.459E+01	 7.114E+01	-1.147E+01	 6.125E+01	-9.100E+00	 4.019E+01
   12.1000	 1.652E+01	-1.428E+01	 0.000E+00	 6.068E-01	-1.242E-01	 3.710E+00	 3.217E+00	 1.710E+00	 1.403E+00	 1.702E+01	-3.648E+00	-3.543E+00	-3.117E+02	 4.282E+01	 1.685E+01	-2.052E+02	 6.884E+02	-2.567E+02	-5.332E+01	 6.592E+01	-1.205E+01	 5.714E+01	-9.622E+00	 4.064E+01
   12.1500	 1.649E+01	-1.449E+01	 0.000E+00	 6.385E-01	-1.553E-01	 3.708E+00	 3.231E+00	 1.529E+00	 1.424E+00	 1.707E+01	-3.870E+00	-3.578E+00	-3.147E+02	 4.437E+01	 1.248E+01	-1.529E+02	 7.145E+02	-2.628E+02	-2.114E+01	 6.147E+01	-1.275E+01	 5.331E+01	-1.015E+01	 4.109E+01
   12.2000	 1.646E+01	-1.469E+01	 0.000E+00	 6.621E-01	-1.846E-01	 3.885E+00	 3.199E+00	 1.371E+00	 1.442E+00	 1.711E+01	-4.159E+00	-3.881E+00	-3.414E+02	 4.577E+01	 7.838E+00	-9.755E+01	 7.355E+02	-2.648E+02	 1.148E+01	 5.821E+01	-1.362E+01	 4.907E+01	-1.069E+01	 4.154E+01
   12.2500	 1.643E+01	-1.489E+01	 0.000E+00	 6.770E-01	-2.130E-01	 4.480E+00	 3.250E+00	 1.175E+00	 1.557E+00	 1.715E+01	-5.086E+00	-4.434E+00	-3.900E+02	 4.532E+01	 4.250E+00	-4.307E+01	 7.442E+02	-2.633E+02	 4.267E+01	 5.612E+01	-1.438E+01	 4.474E+01	-1.150E+01	 4.200E+01
   12.3000	 1.639E+01	-1.509E+01	 0.000E+00	 6.844E-01	-2.411E-01	 5.243E+00	 3.887E+00	 9.080E-01	 1.544E+00	 1.718E+01	-4.267E+00	-4.331E+00	-3.809E+02	 4.634E+01	-6.077E-01	 1.906E+01	 7.561E+02	-2.568E+02	 7.427E+01	 5.390E+01	-1.486E+01	 4.226E+01	-1.313E+01	 4.247E+01
   12.3500	 1.636E+01	-1.528E+01	 0.000E+00	 6.857E-01	-2.671E-01	 5.540E+00	 4.215E+00	 7.334E-01	 1.590E+00	 1.721E+01	-4.390E+00	-4.258E+00	-3.745E+02	 4.712E+01	-5.658E+00	 8.194E+01	 7.633E+02	-2.464E+02	 1.047E+02	 5.166E+01	-1.544E+01	 4.142E+01	-1.470E+01	 4.294E+01
   12.4000	 1.632E+01	-1.548E+01	 0.000E+00	 6.819E-01	-2.901E-01	 5.576E+00	 4.318E+00	 3.161E-01	 1.644E+00	 1.725E+01	-4.839E+00	-4.642E+00	-4.083E+02	 4.769E+01	-1.066E+01	 1.428E+02	 7.663E+02	-2.324E+02	 1.337E+02	 4.970E+01	-1.637E+01	 4.158E+01	-1.577E+01	 4.342E+01
   12.4500	 1.628E+01	-1.568E+01	 0.000E+00	 6.732E-01	-3.102E-01	 5.691E+00	 4.350E+00	 3.063E-01	 1.678E+00	 1.727E+01	-5.472E+00	-5.380E+00	-4.733E+02	 4.825E+01	-1.549E+01	 2.012E+02	 7.676E+02	-2.146E+02	 1.605E+02	 4.794E+01	-1.754E+01	 4.198E+01	-1.652E+01	 4.390E+01
   12.5000	 1.623E+01	-1.587E+01	 0.000E+00	 6.604E-01	-3.285E-01	 6.290E+00	 4.598E+00	 2.353E-01	 1.735E+00	 1.728E+01	-5.937E+00	-5.911E+00	-5.200E+02	 4.817E+01	-1.985E+01	 2.561E+02	 7.632E+02	-1.937E+02	 1.843E+02	 4.686E+01	-1.848E+01	 4.161E+01	-1.755E+01	 4.439E+01
   12.5500	 1.619E+01	-1.607E+01	 0.000E+00	 6.455E-01	-3.455E-01	 6.075E+00	 5.096E+00	 2.057E-01	 1.766E+00	 1.729E+01	-5.940E+00	-5.944E+00	-5.228E+02	 4.800E+01	-2.396E+01	 3.086E+02	 7.564E+02	-1.699E+02	 2.052E+02	 4.621E+01	-1.900E+01	 4.059E+01	-1.915E+01	 4.488E+01
   12.6000	 1.614E+01	-1.626E+01	 0.000E+00	 6.294E-01	-3.600E-01	 5.307E+00	 5.493E+00	 2.569E-02	 1.787E+00	 1.729E+01	-5.928E+00	-5.928E+00	-5.214E+02	 4.775E+01	-2.775E+01	 3.561E+02	 7.479E+02	-1.439E+02	 2.231E+02	 4.581E+01	-1.934E+01	 3.940E+01	-2.083E+01	 4.536E+01
   12.6500	 1.610E+01	-1.645E+01	 0.000E+00	 6.117E-01	-3.706E-01	 4.718E+00	 5.533E+00	-2.951E-01	 1.797E+00	 1.729E+01	-6.060E+00	-6.071E+00	-5.340E+02	 4.759E+01	-3.119E+01	 3.968E+02	 7.402E+02	-1.160E+02	 2.378E+02	 4.532E+01	-1.977E+01	 3.884E+01	-2.199E+01	 4.583E+01
   12.7000	 1.605E+01	-1.664E+01	 0.000E+00	 5.921E-01	-3.769E-01	 4.467E+00	 5.237E+00	-5.757E-01	 1.802E+00	 1.728E+01	-6.281E+00	-6.338E+00	-5.575E+02	 4.756E+01	-3.425E+01	 4.306E+02	 7.335E+02	-8.651E+01	 2.493E+02	 4.458E+01	-2.037E+01	 3.911E+01	-2.238E+01	 4.628E+01
   12.7500	 1.600E+01	-1.683E+01	 0.000E+00	 5.705E-01	-3.796E-01	 4.139E+00	 4.867E+00	-7.023E-01	 1.799E+00	 1.727E+01	-6.411E+00	-6.499E+00	-5.717E+02	 4.744E+01	-3.687E+01	 4.585E+02	 7.253E+02	-5.564E+01	 2.568E+02	 4.387E+01	-2.096E+01	 3.960E+01	-2.229E+01	 4.671E+01
   12.8000	 1.595E+01	-1.701E+01	 0.000E+00	 5.468E-01	-3.799E-01	 3.267E+00	 4.594E+00	-7.445E-01	 1.807E+00	 1.726E+01	-6.506E+00	-6.598E+00	-5.804E+02	 4.731E+01	-3.914E+01	 4.823E+02	 7.148E+02	-2.409E+01	 2.608E+02	 4.376E+01	-2.139E+01	 3.937E+01	-2.208E+01	 4.713E+01
   12.8500	 1.589E+01	-1.720E+01	 0.000E+00	 5.200E-01	-3.779E-01	 2.340E+00	 4.525E+00	-7.716E-01	 1.801E+00	 1.724E+01	-6.282E+00	-6.311E+00	-5.551E+02	 4.716E+01	-4.104E+01	 5.022E+02	 7.021E+02	 7.696E+00	 2.611E+02	 4.441E+01	-2.146E+01	 3.845E+01	-2.206E+01	 4.753E+01
   12.9000	 1.584E+01	-1.738E+01	 0.000E+00	 4.893E-01	-3.729E-01	 1.637E+00	 4.460E+00	-8.462E-01	 1.791E+00	 1.722E+01	-6.050E+00	-6.047E+00	-5.320E+02	 4.712E+01	-4.275E+01	 5.187E+02	 6.879E+02	 3.923E+01	 2.583E+02	 4.572E+01	-2.137E+01	 3.752E+01	-2.201E+01	 4.793E+01
   12.9500	 1.578E+01	-1.756E+01	 0.000E+00	 4.544E-01	-3.643E-01	 1.157E+00	 4.284E+00	-8.480E-01	 1.765E+00	 1.721E+01	-5.877E+00	-5.916E+00	-5.204E+02	 4.731E+01	-4.410E+01	 5.300E+02	 6.727E+02	 7.034E+01	 2.524E+02	 4.718E+01	-2.131E+01	 3.793E+01	-2.163E+01	 4.831E+01
   13.0000	 1.573E+01	-1.774E+01	 0.000E+00	 4.153E-01	-3.522E-01	 6.800E-01	 3.845E+00	-7.785E-01	 1.829E+00	 1.719E+01	-6.741E+00	-6.518E+00	-5.734E+02	 4.758E+01	-4.529E+01	 5.383E+02	 6.545E+02	 9.998E+01	 2.448E+02	 4.903E+01	-2.138E+01	 3.983E+01	-2.073E+01	 4.870E+01
   13.0500	 1.567E+01	-1.792E+01	 0.000E+00	 3.723E-01	-3.380E-01	 4.411E-01	 3.963E+00	-7.068E-01	 1.803E+00	 1.717E+01	-6.276E+00	-6.141E+00	-5.402E+02	 4.690E+01	-4.559E+01	 5.402E+02	 6.270E+02	 1.287E+02	 2.325E+02	 5.047E+01	-2.107E+01	 4.412E+01	-2.025E+01	 4.908E+01
   13.1000	 1.561E+01	-1.809E+01	 0.000E+00	 3.262E-01	-3.214E-01	-4.315E-01	 4.145E+00	-6.856E-01	 1.777E+00	 1.714E+01	-5.890E+00	-6.063E+00	-5.333E+02	 4.545E+01	-4.516E+01	 5.360E+02	 5.900E+02	 1.554E+02	 2.167E+02	 5.235E+01	-2.076E+01	 4.906E+01	-1.980E+01	 4.947E+01
   13.1500	 1.555E+01	-1.826E+01	 0.000E+00	 2.762E-01	-3.011E-01	-2.062E+00	 4.173E+00	-6.540E-01	 1.780E+00	 1.712E+01	-5.994E+00	-6.147E+00	-5.407E+02	 4.304E+01	-4.402E+01	 5.253E+02	 5.441E+02	 1.797E+02	 1.974E+02	 5.488E+01	-2.048E+01	 5.356E+01	-1.933E+01	 4.985E+01
   13.2000	 1.549E+01	-1.843E+01	 0.000E+00	 2.209E-01	-2.769E-01	-1.804E+00	 3.854E+00	-6.154E-01	 1.910E+00	 1.709E+01	-7.227E+00	-6.920E+00	-6.087E+02	 4.036E+01	-4.272E+01	 5.120E+02	 4.946E+02	 2.006E+02	 1.766E+02	 5.847E+01	-2.019E+01	 5.694E+01	-1.881E+01	 5.023E+01
   13.2500	 1.543E+01	-1.860E+01	 0.000E+00	 1.632E-01	-2.511E-01	 6.326E-02	 4.120E+00	-5.871E-01	 1.929E+00	 1.705E+01	-6.718E+00	-6.561E+00	-5.771E+02	 3.713E+01	-4.067E+01	 4.928E+02	 4.396E+02	 2.191E+02	 1.527E+02	 6.157E+01	-1.939E+01	 6.104E+01	-1.911E+01	 5.063E+01
   13.3000	 1.537E+01	-1.877E+01	 0.000E+00	 1.075E-01	-2.239E-01	-1.934E+00	 4.281E+00	-4.921E-01	 1.976E+00	 1.701E+01	-6.531E+00	-6.757E+00	-5.943E+02	 3.284E+01	-3.820E+01	 4.680E+02	 3.739E+02	 2.346E+02	 1.267E+02	 6.393E+01	-1.882E+01	 6.579E+01	-1.916E+01	 5.102E+01
   13.3500	 1.531E+01	-1.893E+01	 0.000E+00	 5.277E-02	-1.945E-01	-1.426E+00	 4.168E+00	-3.869E-01	 2.058E+00	 1.697E+01	-6.879E+00	-7.039E+00	-6.192E+02	 2.835E+01	-3.551E+01	 4.388E+02	 3.061E+02	 2.468E+02	 9.918E+01	 6.570E+01	-1.843E+01	 7.060E+01	-1.872E+01	 5.141E+01
   13.4000	 1.525E+01	-1.909E+01	 0.000E+00	 5.149E-05	-1.639E-01	-2.265E+00	 3.981E+00	-3.567E-01	 2.154E+00	 1.692E+01	-7.372E+00	-7.544E+00	-6.636E+02	 2.381E+01	-3.251E+01	 4.055E+02	 2.399E+02	 2.555E+02	 7.063E+01	 6.732E+01	-1.818E+01	 7.427E+01	-1.789E+01	 5.180E+01
   13.4500	 1.518E+01	-1.925E+01	 0.000E+00	-5.103E-02	-1.332E-01	-2.352E+00	 3.939E+00	-3.880E-01	 2.227E+00	 1.686E+01	-7.475E+00	-7.703E+00	-6.776E+02	 1.959E+01	-2.920E+01	 3.695E+02	 1.794E+02	 2.606E+02	 4.148E+01	 6.901E+01	-1.771E+01	 7.617E+01	-1.723E+01	 5.217E+01
   13.5000	 1.512E+01	-1.941E+01	 0.000E+00	-9.957E-02	-1.030E-01	-2.122E+00	 3.991E+00	-4.011E-01	 2.285E+00	 1.679E+01	-7.408E+00	-7.615E+00	-6.698E+02	 1.557E+01	-2.568E+01	 3.316E+02	 1.230E+02	 2.625E+02	 1.211E+01	 7.036E+01	-1.695E+01	 7.668E+01	-1.691E+01	 5.253E+01
   13.5500	 1.506E+01	-1.956E+01	 0.000E+00	-1.441E-01	-7.361E-02	-2.570E+00	 4.138E+00	-3.549E-01	 2.309E+00	 1.673E+01	-7.251E+00	-7.522E+00	-6.617E+02	 1.152E+01	-2.197E+01	 2.913E+02	 6.765E+01	 2.613E+02	-1.731E+01	 7.081E+01	-1.608E+01	 7.666E+01	-1.664E+01	 5.287E+01
   13.6000	 1.499E+01	-1.971E+01	 0.000E+00	-1.847E-01	-4.448E-02	-3.593E+00	 4.247E+00	-2.936E-01	 2.290E+00	 1.666E+01	-7.149E+00	-7.375E+00	-6.487E+02	 7.605E+00	-1.808E+01	 2.483E+02	 1.444E+01	 2.568E+02	-4.650E+01	 7.036E+01	-1.525E+01	 7.632E+01	-1.606E+01	 5.318E+01
   13.6500	 1.493E+01	-1.986E+01	 0.000E+00	-2.226E-01	-1.477E-02	-4.029E+00	 4.226E+00	-2.825E-01	 2.241E+00	 1.659E+01	-6.986E+00	-7.196E+00	-6.330E+02	 4.084E+00	-1.399E+01	 2.016E+02	-3.343E+01	 2.489E+02	-7.515E+01	 6.949E+01	-1.457E+01	 7.518E+01	-1.496E+01	 5.347E+01
   13.7000	 1.486E+01	-2.001E+01	 0.000E+00	-2.579E-01	 1.564E-02	-3.663E+00	 4.014E+00	-2.805E-01	 2.158E+00	 1.652E+01	-6.840E+00	-7.082E+00	-6.230E+02	 1.076E+00	-9.746E+00	 1.518E+02	-7.463E+01	 2.381E+02	-1.030E+02	 6.864E+01	-1.406E+01	 7.277E+01	-1.339E+01	 5.374E+01
   13.7500	 1.480E+01	-2.015E+01	 0.000E+00	-2.894E-01	 4.593E-02	-3.321E+00	 3.728E+00	-3.213E-01	 2.059E+00	 1.646E+01	-6.568E+00	-6.909E+00	-6.077E+02	-1.554E+00	-5.369E+00	 9.949E+01	-1.109E+02	 2.243E+02	-1.296E+02	 6.782E+01	-1.357E+01	 6.947E+01	-1.172E+01	 5.400E+01
   13.8000	 1.474E+01	-2.029E+01	 0.000E+00	-3.159E-01	 7.515E-02	-3.415E+00	 3.440E+00	-1.589E-01	 1.946E+00	 1.639E+01	-6.260E+00	-6.527E+00	-5.741E+02	-3.936E+00	-9.483E-01	 4.600E+01	-1.436E+02	 2.080E+02	-1.549E+02	 6.690E+01	-1.295E+01	 6.603E+01	-1.029E+01	 5.425E+01
   13.8500	 1.467E+01	-2.043E+01	 0.000E+00	-3.374E-01	 1.024E-01	-3.549E+00	 3.070E+00	 7.870E-03	 1.939E+00	 1.632E+01	-6.625E+00	-6.397E+00	-5.627E+02	-5.836E+00	 3.220E+00	-5.229E+00	-1.705E+02	 1.911E+02	-1.788E+02	 6.620E+01	-1.223E+01	 6.296E+01	-9.130E+00	 5.449E+01
   13.9000	 1.461E+01	-2.057E+01	 0.000E+00	-3.539E-01	 1.270E-01	-3.117E+00	 3.129E+00	 2.053E-01	 1.809E+00	 1.625E+01	-5.685E+00	-6.022E+00	-5.297E+02	-7.192E+00	 7.592E+00	-5.722E+01	-1.893E+02	 1.706E+02	-2.003E+02	 6.502E+01	-1.149E+01	 6.167E+01	-8.359E+00	 5.473E+01
   13.9500	 1.455E+01	-2.070E+01	 0.000E+00	-3.639E-01	 1.494E-01	-2.782E+00	 2.215E+00	-2.076E-01	 2.100E+00	 1.619E+01	-8.085E+00	-6.531E+00	-5.745E+02	-7.651E+00	 1.099E+01	-1.025E+02	-1.978E+02	 1.501E+02	-2.195E+02	 6.467E+01	-1.107E+01	 6.055E+01	-7.192E+00	 5.498E+01
   14.0000	 1.448E+01	-2.083E+01	 0.000E+00	-3.660E-01	 1.678E-01	-1.744E+00	 2.674E+00	 3.599E-01	 1.842E+00	 1.612E+01	-5.937E+00	-6.569E+00	-5.778E+02	-7.592E+00	 1.527E+01	-1.523E+02	-1.964E+02	 1.243E+02	-2.354E+02	 6.345E+01	-1.083E+01	 6.137E+01	-6.569E+00	 5.524E+01
   14.0500	 1.442E+01	-2.095E+01	 0.000E+00	-3.581E-01	 1.810E-01	-1.100E+00	 2.710E+00	 6.187E-01	 1.862E+00	 1.605E+01	-5.937E+00	-6.161E+00	-5.419E+02	-6.757E+00	 1.867E+01	-1.938E+02	-1.843E+02	 9.800E+01	-2.480E+02	 6.288E+01	-1.038E+01	 6.202E+01	-6.429E+00	 5.549E+01
   14.1000	 1.436E+01	-2.108E+01	 0.000E+00	-3.387E-01	 1.890E-01	-7.158E-01	 2.810E+00	 8.876E-01	 1.889E+00	 1.598E+01	-5.886E+00	-5.984E+00	-5.264E+02	-5.325E+00	 2.176E+01	-2.319E+02	-1.619E+02	 7.044E+01	-2.574E+02	 6.254E+01	-1.013E+01	 6.250E+01	-6.552E+00	 5.576E+01
   14.1500	 1.430E+01	-2.120E+01	 0.000E+00	-3.071E-01	 1.918E-01	-3.325E-01	 2.828E+00	 6.174E-01	 2.059E+00	 1.590E+01	-6.186E+00	-7.384E+00	-6.495E+02	-3.221E+00	 2.438E+01	-2.653E+02	-1.284E+02	 4.295E+01	-2.634E+02	 6.270E+01	-1.043E+01	 6.234E+01	-6.459E+00	 5.603E+01
   14.2000	 1.423E+01	-2.132E+01	 0.000E+00	-2.631E-01	 1.881E-01	 4.029E-01	 3.006E+00	 1.355E+00	 2.139E+00	 1.581E+01	-6.591E+00	-6.656E+00	-5.855E+02	-5.310E-01	 2.649E+01	-2.923E+02	-8.374E+01	 1.448E+01	-2.661E+02	 6.236E+01	-1.012E+01	 6.260E+01	-7.416E+00	 5.631E+01
   14.2500	 1.417E+01	-2.143E+01	 0.000E+00	-2.059E-01	 1.783E-01	 9.135E-01	 3.356E+00	 1.460E+00	 2.177E+00	 1.572E+01	-6.473E+00	-6.481E+00	-5.701E+02	 2.598E+00	 2.831E+01	-3.154E+02	-2.943E+01	-1.405E+01	-2.655E+02	 6.142E+01	-1.008E+01	 6.320E+01	-8.414E+00	 5.659E+01
   14.3000	 1.412E+01	-2.154E+01	 0.000E+00	-1.354E-01	 1.634E-01	 1.041E+00	 3.548E+00	 1.201E+00	 2.244E+00	 1.563E+01	-6.555E+00	-6.794E+00	-5.977E+02	 6.093E+00	 2.968E+01	-3.345E+02	 3.354E+01	-4.231E+01	-2.618E+02	 5.995E+01	-1.039E+01	 6.348E+01	-9.122E+00	 5.688E+01
   14.3500	 1.406E+01	-2.165E+01	 0.000E+00	-5.302E-02	 1.437E-01	 1.101E+00	 3.561E+00	 1.207E+00	 2.298E+00	 1.554E+01	-6.917E+00	-7.129E+00	-6.271E+02	 9.971E+00	 3.051E+01	-3.485E+02	 1.047E+02	-6.984E+01	-2.547E+02	 5.846E+01	-1.086E+01	 6.234E+01	-9.643E+00	 5.715E+01
   14.4000	 1.400E+01	-2.176E+01	 0.000E+00	 3.911E-02	 1.190E-01	 1.318E+00	 3.573E+00	 1.505E+00	 2.312E+00	 1.543E+01	-7.148E+00	-7.382E+00	-6.493E+02	 1.402E+01	 3.085E+01	-3.563E+02	 1.821E+02	-9.632E+01	-2.444E+02	 5.692E+01	-1.135E+01	 5.962E+01	-1.023E+01	 5.743E+01
   14.4500	 1.394E+01	-2.186E+01	 0.000E+00	 1.381E-01	 8.932E-02	 1.167E+00	 3.842E+00	 1.724E+00	 2.286E+00	 1.531E+01	-7.066E+00	-7.308E+00	-6.429E+02	 1.784E+01	 3.089E+01	-3.573E+02	 2.623E+02	-1.216E+02	-2.313E+02	 5.503E+01	-1.165E+01	 5.591E+01	-1.109E+01	 5.768E+01
   14.5000	 1.389E+01	-2.196E+01	 0.000E+00	 2.415E-01	 5.581E-02	 7.716E-01	 4.179E+00	 1.589E+00	 2.231E+00	 1.520E+01	-6.715E+00	-6.953E+00	-6.117E+02	 2.129E+01	 3.073E+01	-3.529E+02	 3.409E+02	-1.457E+02	-2.160E+02	 5.288E+01	-1.182E+01	 5.179E+01	-1.202E+01	 5.793E+01
   14.5500	 1.383E+01	-2.205E+01	 0.000E+00	 3.463E-01	 2.011E-02	 1.073E+00	 4.377E+00	 1.395E+00	 2.178E+00	 1.509E+01	-6.551E+00	-6.756E+00	-5.943E+02	 2.441E+01	 3.025E+01	-3.435E+02	 4.154E+02	-1.683E+02	-1.985E+02	 5.047E+01	-1.215E+01	 4.769E+01	-1.252E+01	 5.817E+01
   14.6000	 1.378E+01	-2.215E+01	 0.000E+00	 4.493E-01	-1.647E-02	 1.399E-01	 4.442E+00	 1.403E+00	 2.116E+00	 1.497E+01	-6.433E+00	-6.718E+00	-5.909E+02	 2.743E+01	 2.921E+01	-3.287E+02	 4.842E+02	-1.891E+02	-1.786E+02	 4.812E+01	-1.269E+01	 4.373E+01	-1.249E+01	 5.839E+01
   14.6500	 1.373E+01	-2.224E+01	 0.000E+00	 5.456E-01	-5.265E-02	-8.049E-01	 4.424E+00	 1.531E+00	 2.032E+00	 1.486E+01	-6.144E+00	-6.370E+00	-5.603E+02	 3.056E+01	 2.752E+01	-3.074E+02	 5.487E+02	-2.078E+02	-1.566E+02	 4.606E+01	-1.320E+01	 4.009E+01	-1.225E+01	 5.858E+01
   14.7000	 1.368E+01	-2.233E+01	 0.000E+00	 6.300E-01	-8.705E-02	-9.036E-01	 4.391E+00	 1.636E+00	 1.892E+00	 1.474E+01	-5.415E+00	-5.747E+00	-5.055E+02	 3.337E+01	 2.543E+01	-2.810E+02	 6.061E+02	-2.244E+02	-1.328E+02	 4.441E+01	-1.370E+01	 3.688E+01	-1.203E+01	 5.876E+01
   14.7500	 1.363E+01	-2.241E+01	 0.000E+00	 6.996E-01	-1.184E-01	-3.484E-01	 4.161E+00	 1.566E+00	 1.756E+00	 1.464E+01	-4.858E+00	-5.064E+00	-4.454E+02	 3.576E+01	 2.289E+01	-2.500E+02	 6.538E+02	-2.388E+02	-1.076E+02	 4.329E+01	-1.410E+01	 3.420E+01	-1.203E+01	 5.892E+01
   14.8000	 1.358E+01	-2.249E+01	 0.000E+00	 7.531E-01	-1.462E-01	 8.112E-03	 3.736E+00	 1.277E+00	 1.657E+00	 1.454E+01	-4.715E+00	-4.948E+00	-4.352E+02	 3.748E+01	 1.987E+01	-2.140E+02	 6.875E+02	-2.504E+02	-8.116E+01	 4.305E+01	-1.456E+01	 3.198E+01	-1.215E+01	 5.907E+01
   14.8500	 1.354E+01	-2.257E+01	 0.000E+00	 7.895E-01	-1.710E-01	 6.635E-01	 3.430E+00	 1.049E+00	 1.619E+00	 1.445E+01	-4.940E+00	-6.017E+00	-5.293E+02	 3.724E+01	 1.733E+01	-1.776E+02	 6.991E+02	-2.596E+02	-5.456E+01	 4.408E+01	-1.524E+01	 3.030E+01	-1.222E+01	 5.922E+01
   14.9000	 1.349E+01	-2.264E+01	 0.000E+00	 8.090E-01	-1.939E-01	 9.253E-01	 3.438E+00	 1.016E+00	 1.599E+00	 1.434E+01	-4.849E+00	-4.944E+00	-4.349E+02	 3.785E+01	 1.350E+01	-1.284E+02	 7.069E+02	-2.649E+02	-2.695E+01	 4.530E+01	-1.517E+01	 3.113E+01	-1.325E+01	 5.938E+01
   14.9500	 1.345E+01	-2.271E+01	 0.000E+00	 8.121E-01	-2.146E-01	 2.096E+00	 3.688E+00	 1.113E+00	 1.545E+00	 1.423E+01	-4.220E+00	-4.206E+00	-3.700E+02	 3.818E+01	 9.474E+00	-7.544E+01	 7.063E+02	-2.669E+02	 9.196E-01	 4.664E+01	-1.523E+01	 3.454E+01	-1.423E+01	 5.953E+01
   15.0000	 1.341E+01	-2.278E+01	 0.000E+00	 8.026E-01	-2.323E-01	 4.167E+00	 3.948E+00	 1.128E+00	 1.578E+00	 1.414E+01	-4.602E+00	-4.421E+00	-3.889E+02	 3.700E+01	 6.012E+00	-2.660E+01	 6.888E+02	-2.663E+02	 2.811E+01	 4.858E+01	-1.564E+01	 3.952E+01	-1.479E+01	 5.970E+01
   15.0500	 1.337E+01	-2.284E+01	 0.000E+00	 7.845E-01	-2.473E-01	 4.710E+00	 4.169E+00	 9.636E-01	 1.522E+00	 1.404E+01	-4.252E+00	-4.598E+00	-4.045E+02	 3.660E+01	 1.812E+00	 2.711E+01	 6.730E+02	-2.618E+02	 5.554E+01	 5.086E+01	-1.615E+01	 4.542E+01	-1.534E+01	 5.986E+01
   15.1000	 1.333E+01	-2.291E+01	 0.000E+00	 7.598E-01	-2.592E-01	 6.040E+00	 4.095E+00	 7.800E-01	 1.511E+00	 1.393E+01	-4.642E+00	-4.751E+00	-4.179E+02	 3.638E+01	-2.507E+00	 7.991E+01	 6.575E+02	-2.542E+02	 8.227E+01	 5.369E+01	-1.664E+01	 5.082E+01	-1.595E+01	 6.006E+01
   15.1500	 1.329E+01	-2.296E+01	 0.000E+00	 7.326E-01	-2.694E-01	 7.703E+00	 4.053E+00	 7.489E-01	 1.496E+00	 1.383E+01	-4.940E+00	-5.042E+00	-4.435E+02	 3.637E+01	-6.699E+00	 1.304E+02	 6.444E+02	-2.436E+02	 1.079E+02	 5.714E+01	-1.708E+01	 5.502E+01	-1.672E+01	 6.024E+01
   15.2000	 1.326E+01	-2.302E+01	 0.000E+00	 7.075E-01	-2.792E-01	 8.690E+00	 4.173E+00	 8.128E-01	 1.479E+00	 1.371E+01	-4.942E+00	-5.071E+00	-4.461E+02	 3.643E+01	-1.066E+01	 1.780E+02	 6.342E+02	-2.303E+02	 1.318E+02	 6.097E+01	-1.730E+01	 5.830E+01	-1.773E+01	 6.044E+01
   15.2500	 1.323E+01	-2.307E+01	 0.000E+00	 6.883E-01	-2.892E-01	 9.729E+00	 4.326E+00	 8.623E-01	 1.484E+00	 1.359E+01	-4.890E+00	-5.001E+00	-4.399E+02	 3.661E+01	-1.434E+01	 2.210E+02	 6.277E+02	-2.147E+02	 1.541E+02	 6.447E+01	-1.738E+01	 6.159E+01	-1.873E+01	 6.063E+01
   15.3000	 1.320E+01	-2.312E+01	 0.000E+00	 6.783E-01	-2.994E-01	 9.065E+00	 4.379E+00	 8.375E-01	 1.501E+00	 1.346E+01	-4.947E+00	-5.095E+00	-4.482E+02	 3.629E+01	-1.767E+01	 2.585E+02	 6.187E+02	-1.970E+02	 1.743E+02	 6.762E+01	-1.749E+01	 6.516E+01	-1.935E+01	 6.082E+01
   15.3500	 1.317E+01	-2.316E+01	 0.000E+00	 6.766E-01	-3.095E-01	 6.722E+00	 4.217E+00	 7.880E-01	 1.513E+00	 1.334E+01	-4.924E+00	-5.093E+00	-4.480E+02	 3.567E+01	-2.076E+01	 2.915E+02	 6.088E+02	-1.773E+02	 1.923E+02	 7.021E+01	-1.753E+01	 6.919E+01	-1.961E+01	 6.098E+01
   15.4000	 1.314E+01	-2.320E+01	 0.000E+00	 6.780E-01	-3.185E-01	 5.236E+00	 3.848E+00	 7.658E-01	 1.498E+00	 1.321E+01	-4.751E+00	-4.900E+00	-4.310E+02	 3.539E+01	-2.361E+01	 3.210E+02	 6.051E+02	-1.557E+02	 2.081E+02	 7.212E+01	-1.740E+01	 7.334E+01	-1.965E+01	 6.111E+01
   15.4500	 1.312E+01	-2.324E+01	 0.000E+00	 6.788E-01	-3.263E-01	 5.525E+00	 3.361E+00	 7.907E-01	 1.453E+00	 1.307E+01	-4.531E+00	-4.705E+00	-4.139E+02	 3.578E+01	-2.630E+01	 3.484E+02	 6.105E+02	-1.326E+02	 2.221E+02	 7.385E+01	-1.712E+01	 7.645E+01	-1.947E+01	 6.121E+01
   15.5000	 1.309E+01	-2.328E+01	 0.000E+00	 6.794E-01	-3.336E-01	 6.325E+00	 2.962E+00	 8.245E-01	 1.381E+00	 1.294E+01	-4.352E+00	-4.525E+00	-3.980E+02	 3.649E+01	-2.886E+01	 3.749E+02	 6.202E+02	-1.082E+02	 2.338E+02	 7.609E+01	-1.672E+01	 7.753E+01	-1.897E+01	 6.130E+01
   15.5500	 1.308E+01	-2.331E+01	 0.000E+00	 6.816E-01	-3.414E-01	 6.227E+00	 2.798E+00	 8.674E-01	 1.297E+00	 1.282E+01	-4.206E+00	-4.370E+00	-3.844E+02	 3.714E+01	-3.133E+01	 4.011E+02	 6.294E+02	-8.271E+01	 2.431E+02	 7.894E+01	-1.626E+01	 7.701E+01	-1.805E+01	 6.135E+01
   15.6000	 1.306E+01	-2.334E+01	 0.000E+00	 6.858E-01	-3.496E-01	 5.238E+00	 2.795E+00	 9.352E-01	 1.216E+00	 1.269E+01	-3.973E+00	-4.196E+00	-3.691E+02	 3.764E+01	-3.365E+01	 4.268E+02	 6.373E+02	-5.660E+01	 2.502E+02	 8.177E+01	-1.575E+01	 7.672E+01	-1.675E+01	 6.140E+01
   15.6500	 1.304E+01	-2.336E+01	 0.000E+00	 6.899E-01	-3.574E-01	 4.637E+00	 2.826E+00	 1.032E+00	 1.128E+00	 1.256E+01	-3.478E+00	-3.649E+00	-3.210E+02	 3.846E+01	-3.586E+01	 4.510E+02	 6.493E+02	-3.002E+01	 2.552E+02	 8.386E+01	-1.503E+01	 7.845E+01	-1.533E+01	 6.142E+01
   15.7000	 1.303E+01	-2.338E+01	 0.000E+00	 6.927E-01	-3.634E-01	 4.905E+00	 2.749E+00	 1.141E+00	 1.021E+00	 1.244E+01	-2.932E+00	-3.089E+00	-2.717E+02	 3.982E+01	-3.789E+01	 4.720E+02	 6.675E+02	-3.124E+00	 2.581E+02	 8.538E+01	-1.421E+01	 8.212E+01	-1.380E+01	 6.145E+01
   15.7500	 1.301E+01	-2.340E+01	 0.000E+00	 6.945E-01	-3.671E-01	 5.511E+00	 2.489E+00	 1.243E+00	 9.080E-01	 1.232E+01	-2.516E+00	-2.659E+00	-2.339E+02	 4.161E+01	-3.975E+01	 4.891E+02	 6.892E+02	 2.391E+01	 2.586E+02	 8.729E+01	-1.336E+01	 8.608E+01	-1.220E+01	 6.146E+01
   15.8000	 1.300E+01	-2.342E+01	 0.000E+00	 6.964E-01	-3.686E-01	 5.240E+00	 2.149E+00	 1.300E+00	 8.045E-01	 1.222E+01	-2.295E+00	-2.466E+00	-2.169E+02	 4.374E+01	-4.126E+01	 5.010E+02	 7.127E+02	 5.070E+01	 2.563E+02	 9.033E+01	-1.253E+01	 8.893E+01	-1.055E+01	 6.147E+01
   15.8500	 1.300E+01	-2.343E+01	 0.000E+00	 6.980E-01	-3.682E-01	 5.113E+00	 1.871E+00	 1.373E+00	 7.253E-01	 1.212E+01	-2.156E+00	-2.278E+00	-2.004E+02	 4.568E+01	-4.225E+01	 5.066E+02	 7.330E+02	 7.678E+01	 2.509E+02	 9.447E+01	-1.165E+01	 9.076E+01	-9.096E+00	 6.146E+01
   15.9000	 1.299E+01	-2.344E+01	 0.000E+00	 6.991E-01	-3.661E-01	 4.649E+00	 1.175E+00	 1.482E+00	 8.456E-01	 1.202E+01	-3.776E+00	-2.558E+00	-2.251E+02	 4.738E+01	-4.316E+01	 5.102E+02	 7.492E+02	 1.011E+02	 2.439E+02	 9.959E+01	-1.075E+01	 9.239E+01	-7.767E+00	 6.146E+01
   15.9500	 1.299E+01	-2.344E+01	 0.000E+00	 6.992E-01	-3.630E-01	 4.672E+00	 1.669E+00	 1.643E+00	 6.623E-01	 1.192E+01	-1.694E+00	-2.123E+00	-1.867E+02	 4.839E+01	-4.264E+01	 5.028E+02	 7.584E+02	 1.253E+02	 2.324E+02	 1.034E+02	-9.701E+00	 9.710E+01	-7.169E+00	 6.145E+01
   16.0000	 1.299E+01	-2.344E+01	 0.000E+00	 6.977E-01	-3.582E-01	 4.362E+00	 1.712E+00	 1.719E+00	 6.398E-01	 1.182E+01	-1.301E+00	-1.436E+00	-1.263E+02	 4.882E+01	-4.212E+01	 4.937E+02	 7.599E+02	 1.477E+02	 2.192E+02	 1.068E+02	-8.569E+00	 1.040E+02	-6.792E+00	 6.145E+01
   16.0500	 1.299E+01	-2.344E+01	 0.000E+00	 6.940E-01	-3.508E-01	 3.977E+00	 1.544E+00	 1.734E+00	 6.262E-01	 1.173E+01	-1.339E+00	-1.331E+00	-1.171E+02	 4.853E+01	-4.097E+01	 4.790E+02	 7.540E+02	 1.685E+02	 2.035E+02	 1.095E+02	-7.845E+00	 1.119E+02	-6.136E+00	 6.145E+01
   16.1000	 1.299E+01	-2.344E+01	 0.000E+00	 6.872E-01	-3.413E-01	 4.221E+00	 1.342E+00	 1.740E+00	 6.594E-01	 1.164E+01	-1.775E+00	-2.186E+00	-1.923E+02	 4.772E+01	-3.959E+01	 4.622E+02	 7.432E+02	 1.872E+02	 1.860E+02	 1.128E+02	-7.494E+00	 1.183E+02	-5.285E+00	 6.145E+01
   16.1500	 1.299E+01	-2.344E+01	 0.000E+00	 6.782E-01	-3.309E-01	 5.039E+00	 1.397E+00	 1.684E+00	 6.714E-01	 1.154E+01	-1.824E+00	-2.090E+00	-1.838E+02	 4.670E+01	-3.788E+01	 4.430E+02	 7.298E+02	 2.038E+02	 1.661E+02	 1.162E+02	-6.846E+00	 1.225E+02	-5.034E+00	 6.147E+01
   16.2000	 1.299E+01	-2.344E+01	 0.000E+00	 6.691E-01	-3.199E-01	 5.793E+00	 1.570E+00	 1.719E+00	 6.841E-01	 1.143E+01	-1.793E+00	-1.810E+00	-1.592E+02	 4.541E+01	-3.591E+01	 4.213E+02	 7.139E+02	 2.180E+02	 1.446E+02	 1.194E+02	-6.120E+00	 1.247E+02	-5.088E+00	 6.148E+01
   16.2500	 1.299E+01	-2.344E+01	 0.000E+00	 6.618E-01	-3.081E-01	 6.090E+00	 1.727E+00	 1.852E+00	 6.911E-01	 1.133E+01	-1.743E+00	-1.788E+00	-1.573E+02	 4.388E+01	-3.363E+01	 3.959E+02	 6.962E+02	 2.298E+02	 1.217E+02	 1.219E+02	-5.534E+00	 1.257E+02	-5.078E+00	 6.150E+01
   16.3000	 1.299E+01	-2.344E+01	 0.000E+00	 6.573E-01	-2.952E-01	 6.218E+00	 1.752E+00	 1.931E+00	 7.158E-01	 1.123E+01	-1.903E+00	-1.990E+00	-1.750E+02	 4.231E+01	-3.108E+01	 3.666E+02	 6.791E+02	 2.390E+02	 9.766E+01	 1.239E+02	-5.127E+00	 1.258E+02	-4.803E+00	 6.151E+01
   16.3500	 1.299E+01	-2.344E+01	 0.000E+00	 6.558E-01	-2.815E-01	 6.636E+00	 1.753E+00	 1.919E+00	 7.317E-01	 1.112E+01	-1.948E+00	-2.043E+00	-1.797E+02	 4.088E+01	-2.824E+01	 3.337E+02	 6.651E+02	 2.455E+02	 7.287E+01	 1.251E+02	-4.756E+00	 1.260E+02	-4.393E+00	 6.151E+01
   16.4000	 1.299E+01	-2.344E+01	 0.000E+00	 6.580E-01	-2.674E-01	 7.264E+00	 1.790E+00	 1.824E+00	 7.195E-01	 1.101E+01	-1.676E+00	-1.749E+00	-1.538E+02	 3.967E+01	-2.507E+01	 2.970E+02	 6.552E+02	 2.497E+02	 4.743E+01	 1.251E+02	-4.296E+00	 1.270E+02	-4.030E+00	 6.149E+01
   16.4500	 1.299E+01	-2.344E+01	 0.000E+00	 6.654E-01	-2.528E-01	 7.681E+00	 1.764E+00	 1.735E+00	 6.717E-01	 1.090E+01	-1.217E+00	-1.321E+00	-1.162E+02	 3.866E+01	-2.157E+01	 2.558E+02	 6.493E+02	 2.520E+02	 2.138E+01	 1.241E+02	-3.837E+00	 1.281E+02	-3.612E+00	 6.147E+01
   16.5000	 1.299E+01	-2.344E+01	 0.000E+00	 6.785E-01	-2.375E-01	 7.748E+00	 1.506E+00	 1.686E+00	 6.007E-01	 1.080E+01	-9.561E-01	-1.005E+00	-8.841E+01	 3.786E+01	-1.782E+01	 2.100E+02	 6.476E+02	 2.522E+02	-5.117E+00	 1.232E+02	-3.540E+00	 1.274E+02	-2.889E+00	 6.144E+01
   16.5500	 1.299E+01	-2.344E+01	 0.000E+00	 6.973E-01	-2.217E-01	 7.778E+00	 1.078E+00	 1.675E+00	 5.075E-01	 1.071E+01	-8.517E-01	-9.681E-01	-8.516E+01	 3.732E+01	-1.388E+01	 1.611E+02	 6.504E+02	 2.500E+02	-3.168E+01	 1.231E+02	-3.491E+00	 1.243E+02	-1.792E+00	 6.140E+01
   16.6000	 1.299E+01	-2.344E+01	 0.000E+00	 7.210E-01	-2.066E-01	 8.032E+00	 6.945E-01	 1.705E+00	 4.136E-01	 1.062E+01	-7.898E-01	-9.249E-01	-8.136E+01	 3.708E+01	-9.883E+00	 1.117E+02	 6.579E+02	 2.456E+02	-5.790E+01	 1.234E+02	-3.511E+00	 1.202E+02	-6.637E-01	 6.137E+01
   16.6500	 1.299E+01	-2.344E+01	 0.000E+00	 7.488E-01	-1.930E-01	 8.457E+00	 5.800E-01	 1.794E+00	 3.013E-01	 1.053E+01	-3.881E-01	-4.836E-01	-4.254E+01	 3.710E+01	-5.843E+00	 6.289E+01	 6.696E+02	 2.392E+02	-8.358E+01	 1.232E+02	-3.369E+00	 1.173E+02	 6.498E-02	 6.133E+01
   16.7000	 1.299E+01	-2.344E+01	 0.000E+00	 7.809E-01	-1.810E-01	 8.822E+00	 6.487E-01	 1.849E+00	 1.569E-01	 1.044E+01	 2.214E-01	 1.410E-01	 1.240E+01	 3.739E+01	-1.774E+00	 1.461E+01	 6.854E+02	 2.308E+02	-1.086E+02	 1.222E+02	-3.129E+00	 1.168E+02	 3.714E-01	 6.129E+01
   16.7500	 1.299E+01	-2.344E+01	 0.000E+00	 8.172E-01	-1.701E-01	 9.111E+00	 6.456E-01	 1.867E+00	-3.710E-03	 1.038E+01	 7.042E-01	 6.485E-01	 5.704E+01	 3.802E+01	 2.303E+00	-3.421E+01	 7.060E+02	 2.201E+02	-1.328E+02	 1.211E+02	-3.003E+00	 1.177E+02	 4.996E-01	 6.125E+01
   16.8000	 1.299E+01	-2.344E+01	 0.000E+00	 8.578E-01	-1.595E-01	 9.478E+00	 4.145E-01	 1.953E+00	-1.471E-01	 1.032E+01	 8.243E-01	 7.957E-01	 6.999E+01	 3.902E+01	 6.322E+00	-8.351E+01	 7.320E+02	 2.067E+02	-1.557E+02	 1.207E+02	-3.172E+00	 1.183E+02	 6.578E-01	 6.122E+01
   16.8500	 1.299E+01	-2.344E+01	 0.000E+00	 9.026E-01	-1.498E-01	 9.960E+00	 9.327E-02	 2.104E+00	-2.545E-01	 1.027E+01	 8.080E-01	 7.504E-01	 6.601E+01	 4.036E+01	 1.024E+01	-1.321E+02	 7.628E+02	 1.908E+02	-1.768E+02	 1.217E+02	-3.572E+00	 1.177E+02	 7.065E-01	 6.119E+01
   16.9000	 1.299E+01	-2.344E+01	 0.000E+00	 9.515E-01	-1.420E-01	 1.033E+01	-1.257E-01	 2.275E+00	-3.000E-01	 1.022E+01	 8.161E-01	 8.100E-01	 7.126E+01	 4.192E+01	 1.398E+01	-1.778E+02	 7.966E+02	 1.725E+02	-1.958E+02	 1.235E+02	-4.032E+00	 1.166E+02	 3.483E-01	 6.116E+01
   16.9500	 1.299E+01	-2.344E+01	 0.000E+00	 1.004E+00	-1.368E-01	 1.056E+01	-1.287E-01	 2.462E+00	-2.868E-01	 1.016E+01	 9.831E-01	 9.261E-01	 8.146E+01	 4.365E+01	 1.748E+01	-2.194E+02	 8.327E+02	 1.524E+02	-2.125E+02	 1.254E+02	-4.518E+00	 1.167E+02	-5.357E-01	 6.114E+01
   17.0000	 1.299E+01	-2.344E+01	 0.000E+00	 1.059E+00	-1.342E-01	 1.083E+01	-4.440E-03	 2.348E+00	-2.214E-01	 1.012E+01	 1.163E+00	 1.116E+00	 9.821E+01	 4.562E+01	 2.069E+01	-2.567E+02	 8.717E+02	 1.306E+02	-2.270E+02	 1.268E+02	-5.060E+00	 1.190E+02	-1.862E+00	 6.113E+01
   17.0500	 1.299E+01	-2.344E+01	 0.000E+00	 1.115E+00	-1.338E-01	 1.126E+01	-1.586E-02	 1.957E+00	 3.732E-02	 1.008E+01	 6.837E-01	 3.708E-01	 3.262E+01	 4.789E+01	 2.343E+01	-2.885E+02	 9.144E+02	 1.081E+02	-2.392E+02	 1.278E+02	-5.973E+00	 1.228E+02	-3.161E+00	 6.113E+01
   17.1000	 1.299E+01	-2.344E+01	 0.000E+00	 1.174E+00	-1.361E-01	 1.217E+01	 2.308E-01	 2.534E+00	 1.211E-01	 1.002E+01	 6.428E-01	 1.792E-01	 1.576E+01	 5.045E+01	 2.585E+01	-3.149E+02	 9.611E+02	 8.383E+01	-2.484E+02	 1.285E+02	-6.778E+00	 1.274E+02	-4.947E+00	 6.115E+01
   17.1500	 1.299E+01	-2.344E+01	 0.000E+00	 1.236E+00	-1.414E-01	 1.276E+01	 4.605E-01	 3.193E+00	 1.925E-01	 9.963E+00	 2.587E-01	 2.998E-01	 2.638E+01	 5.315E+01	 2.773E+01	-3.345E+02	 1.011E+03	 5.885E+01	-2.548E+02	 1.292E+02	-7.486E+00	 1.310E+02	-6.989E+00	 6.117E+01
   17.2000	 1.299E+01	-2.344E+01	 0.000E+00	 1.300E+00	-1.494E-01	 1.274E+01	 7.795E-01	 2.984E+00	 2.158E-01	 9.899E+00	 2.022E-01	 1.816E-01	 1.597E+01	 5.584E+01	 2.926E+01	-3.491E+02	 1.061E+03	 3.317E+01	-2.582E+02	 1.298E+02	-8.341E+00	 1.329E+02	-8.902E+00	 6.121E+01
   17.2500	 1.299E+01	-2.344E+01	 0.000E+00	 1.366E+00	-1.595E-01	 1.246E+01	 9.859E-01	 2.316E+00	 1.956E-01	 9.834E+00	 5.734E-02	-1.837E-03	-1.616E-01	 5.844E+01	 3.034E+01	-3.583E+02	 1.111E+03	 7.139E+00	-2.584E+02	 1.306E+02	-9.286E+00	 1.323E+02	-1.054E+01	 6.125E+01
   17.3000	 1.299E+01	-2.344E+01	 0.000E+00	 1.431E+00	-1.711E-01	 1.243E+01	 1.145E+00	 1.946E+00	 1.513E-01	 9.763E+00	-2.187E-01	-2.806E-01	-2.468E+01	 6.096E+01	 3.090E+01	-3.618E+02	 1.159E+03	-1.873E+01	-2.555E+02	 1.319E+02	-1.026E+01	 1.296E+02	-1.186E+01	 6.129E+01
   17.3500	 1.299E+01	-2.344E+01	 0.000E+00	 1.493E+00	-1.841E-01	 1.242E+01	 1.338E+00	 2.419E+00	 6.718E-02	 9.686E+00	-2.668E-01	-3.330E-01	-2.930E+01	 6.327E+01	 3.103E+01	-3.596E+02	 1.204E+03	-4.411E+01	-2.496E+02	 1.329E+02	-1.108E+01	 1.267E+02	-1.304E+01	 6.131E+01
   17.4000	 1.299E+01	-2.344E+01	 0.000E+00	 1.551E+00	-1.980E-01	 1.206E+01	 1.541E+00	 2.823E+00	-2.055E-02	 9.606E+00	 2.585E-02	-4.473E-02	-3.934E+00	 6.500E+01	 3.091E+01	-3.532E+02	 1.242E+03	-6.907E+01	-2.416E+02	 1.325E+02	-1.166E+01	 1.260E+02	-1.414E+01	 6.133E+01
   17.4500	 1.299E+01	-2.344E+01	 0.000E+00	 1.603E+00	-2.118E-01	 1.141E+01	 1.562E+00	 2.670E+00	-8.222E-02	 9.533E+00	 4.388E-01	 4.103E-01	 3.609E+01	 6.590E+01	 3.074E+01	-3.446E+02	 1.271E+03	-9.374E+01	-2.319E+02	 1.306E+02	-1.214E+01	 1.275E+02	-1.489E+01	 6.134E+01
   17.5000	 1.299E+01	-2.344E+01	 0.000E+00	 1.645E+00	-2.243E-01	 1.053E+01	 1.286E+00	 2.285E+00	-1.096E-01	 9.471E+00	 7.327E-01	 6.867E-01	 6.041E+01	 6.598E+01	 3.052E+01	-3.344E+02	 1.290E+03	-1.179E+02	-2.202E+02	 1.287E+02	-1.271E+01	 1.285E+02	-1.496E+01	 6.134E+01
   17.5500	 1.299E+01	-2.344E+01	 0.000E+00	 1.673E+00	-2.351E-01	 9.849E+00	 8.103E-01	 2.205E+00	-9.929E-02	 9.415E+00	 7.280E-01	 6.895E-01	 6.065E+01	 6.523E+01	 3.022E+01	-3.224E+02	 1.295E+03	-1.410E+02	-2.063E+02	 1.281E+02	-1.338E+01	 1.269E+02	-1.438E+01	 6.134E+01
   17.6000	 1.299E+01	-2.344E+01	 0.000E+00	 1.686E+00	-2.445E-01	 9.508E+00	 4.095E-01	 2.375E+00	-9.442E-02	 9.361E+00	 7.692E-01	 7.078E-01	 6.226E+01	 6.380E+01	 2.961E+01	-3.065E+02	 1.285E+03	-1.625E+02	-1.904E+02	 1.288E+02	-1.391E+01	 1.231E+02	-1.364E+01	 6.133E+01
   17.6500	 1.299E+01	-2.344E+01	 0.000E+00	 1.682E+00	-2.528E-01	 9.068E+00	 3.126E-01	 2.446E+00	-1.415E-01	 9.309E+00	 1.076E+00	 1.002E+00	 8.811E+01	 6.205E+01	 2.875E+01	-2.862E+02	 1.264E+03	-1.822E+02	-1.728E+02	 1.298E+02	-1.405E+01	 1.196E+02	-1.324E+01	 6.132E+01
   17.7000	 1.299E+01	-2.344E+01	 0.000E+00	 1.659E+00	-2.596E-01	 9.222E+00	 3.853E-01	 2.293E+00	-2.552E-01	 9.264E+00	 1.535E+00	 1.513E+00	 1.331E+02	 6.005E+01	 2.749E+01	-2.615E+02	 1.233E+03	-2.001E+02	-1.539E+02	 1.302E+02	-1.381E+01	 1.189E+02	-1.324E+01	 6.130E+01
   17.7500	 1.299E+01	-2.344E+01	 0.000E+00	 1.619E+00	-2.637E-01	 9.612E+00	 3.714E-01	 2.024E+00	-4.043E-01	 9.233E+00	 1.948E+00	 1.935E+00	 1.702E+02	 5.795E+01	 2.570E+01	-2.332E+02	 1.194E+03	-2.163E+02	-1.333E+02	 1.301E+02	-1.349E+01	 1.210E+02	-1.325E+01	 6.128E+01
   17.8000	 1.299E+01	-2.344E+01	 0.000E+00	 1.564E+00	-2.644E-01	 9.775E+00	 1.113E-01	 2.005E+00	-5.702E-01	 9.214E+00	 2.031E+00	 2.043E+00	 1.797E+02	 5.560E+01	 2.349E+01	-2.031E+02	 1.146E+03	-2.303E+02	-1.112E+02	 1.305E+02	-1.334E+01	 1.243E+02	-1.289E+01	 6.125E+01
   17.8500	 1.299E+01	-2.344E+01	 0.000E+00	 1.494E+00	-2.617E-01	 1.009E+01	-3.234E-01	 2.116E+00	-6.726E-01	 9.198E+00	 1.938E+00	 1.929E+00	 1.697E+02	 5.314E+01	 2.091E+01	-1.714E+02	 1.090E+03	-2.420E+02	-8.767E+01	 1.321E+02	-1.337E+01	 1.273E+02	-1.219E+01	 6.123E+01
   17.9000	 1.299E+01	-2.344E+01	 0.000E+00	 1.411E+00	-2.565E-01	 1.122E+01	-6.934E-01	 1.999E+00	-6.863E-01	 9.183E+00	 1.849E+00	 1.818E+00	 1.599E+02	 5.069E+01	 1.814E+01	-1.386E+02	 1.031E+03	-2.509E+02	-6.304E+01	 1.350E+02	-1.340E+01	 1.293E+02	-1.151E+01	 6.121E+01
   17.9500	 1.299E+01	-2.344E+01	 0.000E+00	 1.321E+00	-2.504E-01	 1.286E+01	-7.811E-01	 1.759E+00	-6.316E-01	 9.166E+00	 1.920E+00	 1.869E+00	 1.644E+02	 4.831E+01	 1.523E+01	-1.046E+02	 9.705E+02	-2.570E+02	-3.779E+01	 1.386E+02	-1.325E+01	 1.311E+02	-1.124E+01	 6.121E+01
   18.0000	 1.299E+01	-2.344E+01	 0.000E+00	 1.230E+00	-2.444E-01	 1.411E+01	-6.350E-01	 1.628E+00	-5.119E-01	 9.151E+00	 1.929E+00	 1.881E+00	 1.655E+02	 4.591E+01	 1.217E+01	-6.963E+01	 9.089E+02	-2.602E+02	-1.228E+01	 1.423E+02	-1.296E+01	 1.341E+02	-1.142E+01	 6.122E+01
   18.0500	 1.299E+01	-2.344E+01	 0.000E+00	 1.143E+00	-2.391E-01	 1.494E+01	-4.178E-01	 1.760E+00	-3.792E-01	 9.137E+00	 1.776E+00	 1.775E+00	 1.561E+02	 4.369E+01	 8.984E+00	-3.473E+01	 8.506E+02	-2.606E+02	 1.324E+01	 1.453E+02	-1.260E+01	 1.393E+02	-1.189E+01	 6.125E+01
   18.1000	 1.299E+01	-2.344E+01	 0.000E+00	 1.066E+00	-2.349E-01	 1.566E+01	-9.346E-02	 1.921E+00	-1.659E-01	 9.118E+00	 6.447E-01	 1.296E+00	 1.140E+02	 4.054E+01	 6.199E+00	-5.325E+00	 7.869E+02	-2.584E+02	 3.798E+01	 1.479E+02	-1.224E+01	 1.457E+02	-1.240E+01	 6.127E+01
   18.1500	 1.299E+01	-2.344E+01	 0.000E+00	 1.002E+00	-2.320E-01	 1.405E+01	 2.303E-01	 1.971E+00	-8.965E-02	 9.081E+00	 7.836E-01	 8.344E-01	 7.340E+01	 3.835E+01	 3.035E+00	 2.700E+01	 7.363E+02	-2.528E+02	 6.265E+01	 1.496E+02	-1.183E+01	 1.526E+02	-1.304E+01	 6.131E+01
   18.2000	 1.299E+01	-2.344E+01	 0.000E+00	 9.475E-01	-2.303E-01	 1.369E+01	 2.535E-01	 1.949E+00	-4.439E-02	 9.041E+00	 7.984E-01	 6.784E-01	 5.968E+01	 3.704E+01	-1.332E-01	 5.778E+01	 7.006E+02	-2.442E+02	 8.652E+01	 1.511E+02	-1.136E+01	 1.577E+02	-1.348E+01	 6.134E+01
   18.2500	 1.299E+01	-2.344E+01	 0.000E+00	 9.038E-01	-2.298E-01	 1.440E+01	-7.502E-02	 1.997E+00	-2.735E-02	 8.998E+00	 5.669E-01	 5.501E-01	 4.839E+01	 3.662E+01	-3.332E+00	 8.783E+01	 6.794E+02	-2.325E+02	 1.093E+02	 1.528E+02	-1.098E+01	 1.594E+02	-1.340E+01	 6.138E+01
   18.3000	 1.299E+01	-2.344E+01	 0.000E+00	 8.730E-01	-2.318E-01	 1.476E+01	-4.223E-01	 2.200E+00	-4.499E-02	 8.951E+00	 3.046E-01	 2.821E-01	 2.482E+01	 3.634E+01	-6.524E+00	 1.184E+02	 6.637E+02	-2.179E+02	 1.307E+02	 1.550E+02	-1.069E+01	 1.576E+02	-1.280E+01	 6.140E+01
   18.3500	 1.299E+01	-2.344E+01	 0.000E+00	 8.566E-01	-2.379E-01	 1.276E+01	-5.061E-01	 2.420E+00	-8.268E-02	 8.898E+00	 2.214E-01	 1.704E-01	 1.499E+01	 3.555E+01	-9.713E+00	 1.510E+02	 6.465E+02	-2.010E+02	 1.505E+02	 1.572E+02	-1.027E+01	 1.544E+02	-1.199E+01	 6.142E+01
   18.4000	 1.299E+01	-2.344E+01	 0.000E+00	 8.510E-01	-2.476E-01	 1.027E+01	-3.898E-01	 2.560E+00	-1.396E-01	 8.842E+00	 4.899E-01	 4.507E-01	 3.964E+01	 3.479E+01	-1.292E+01	 1.860E+02	 6.344E+02	-1.826E+02	 1.687E+02	 1.580E+02	-9.579E+00	 1.527E+02	-1.119E+01	 6.142E+01
   18.4500	 1.299E+01	-2.344E+01	 0.000E+00	 8.509E-01	-2.594E-01	 9.727E+00	-2.990E-01	 2.630E+00	-2.179E-01	 8.793E+00	 1.009E+00	 9.859E-01	 8.673E+01	 3.473E+01	-1.611E+01	 2.220E+02	 6.347E+02	-1.628E+02	 1.858E+02	 1.568E+02	-8.713E+00	 1.540E+02	-1.026E+01	 6.141E+01
   18.5000	 1.299E+01	-2.344E+01	 0.000E+00	 8.545E-01	-2.719E-01	 1.056E+01	-3.770E-01	 2.669E+00	-2.941E-01	 8.757E+00	 1.311E+00	 1.312E+00	 1.155E+02	 3.533E+01	-1.933E+01	 2.580E+02	 6.456E+02	-1.419E+02	 2.018E+02	 1.546E+02	-7.939E+00	 1.562E+02	-8.851E+00	 6.139E+01
   18.5500	 1.299E+01	-2.344E+01	 0.000E+00	 8.627E-01	-2.848E-01	 1.062E+01	-4.864E-01	 2.687E+00	-3.567E-01	 8.731E+00	 1.325E+00	 1.307E+00	 1.149E+02	 3.609E+01	-2.249E+01	 2.930E+02	 6.597E+02	-1.196E+02	 2.161E+02	 1.532E+02	-7.357E+00	 1.561E+02	-6.884E+00	 6.137E+01
   18.6000	 1.299E+01	-2.344E+01	 0.000E+00	 8.754E-01	-2.980E-01	 9.542E+00	-4.604E-01	 2.697E+00	-3.968E-01	 8.706E+00	 1.310E+00	 1.273E+00	 1.120E+02	 3.685E+01	-2.545E+01	 3.260E+02	 6.745E+02	-9.608E+01	 2.278E+02	 1.532E+02	-6.786E+00	 1.528E+02	-4.751E+00	 6.133E+01
   18.6500	 1.299E+01	-2.344E+01	 0.000E+00	 8.904E-01	-3.110E-01	 8.839E+00	-3.494E-01	 2.752E+00	-4.085E-01	 8.682E+00	 1.468E+00	 1.440E+00	 1.267E+02	 3.802E+01	-2.817E+01	 3.565E+02	 6.949E+02	-7.181E+01	 2.373E+02	 1.539E+02	-6.013E+00	 1.483E+02	-2.968E+00	 6.129E+01
   18.7000	 1.299E+01	-2.344E+01	 0.000E+00	 9.063E-01	-3.227E-01	 8.918E+00	-3.761E-01	 2.871E+00	-4.022E-01	 8.663E+00	 1.818E+00	 1.820E+00	 1.601E+02	 3.978E+01	-3.070E+01	 3.840E+02	 7.231E+02	-4.700E+01	 2.447E+02	 1.543E+02	-5.013E+00	 1.454E+02	-1.730E+00	 6.124E+01
   18.7500	 1.299E+01	-2.344E+01	 0.000E+00	 9.231E-01	-3.328E-01	 9.397E+00	-6.083E-01	 2.996E+00	-3.817E-01	 8.654E+00	 2.072E+00	 2.098E+00	 1.845E+02	 4.195E+01	-3.302E+01	 4.076E+02	 7.571E+02	-2.171E+01	 2.501E+02	 1.538E+02	-4.034E+00	 1.456E+02	-7.710E-01	 6.120E+01
   18.8000	 1.299E+01	-2.344E+01	 0.000E+00	 9.412E-01	-3.413E-01	 9.101E+00	-9.723E-01	 3.056E+00	-3.672E-01	 8.654E+00	 2.168E+00	 2.172E+00	 1.911E+02	 4.440E+01	-3.529E+01	 4.286E+02	 7.936E+02	 4.126E+00	 2.532E+02	 1.530E+02	-3.301E+00	 1.483E+02	 2.033E-01	 6.115E+01
   18.8500	 1.299E+01	-2.344E+01	 0.000E+00	 9.595E-01	-3.487E-01	 8.197E+00	-1.281E+00	 3.064E+00	-3.608E-01	 8.658E+00	 2.078E+00	 2.051E+00	 1.804E+02	 4.701E+01	-3.740E+01	 4.472E+02	 8.304E+02	 3.031E+01	 2.538E+02	 1.528E+02	-2.897E+00	 1.514E+02	 1.258E+00	 6.111E+01
   18.9000	 1.299E+01	-2.344E+01	 0.000E+00	 9.755E-01	-3.555E-01	 8.375E+00	-1.286E+00	 3.094E+00	-3.604E-01	 8.660E+00	 1.926E+00	 1.922E+00	 1.691E+02	 4.998E+01	-3.927E+01	 4.638E+02	 8.689E+02	 5.642E+01	 2.515E+02	 1.537E+02	-2.677E+00	 1.533E+02	 2.104E+00	 6.108E+01
   18.9500	 1.299E+01	-2.344E+01	 0.000E+00	 9.892E-01	-3.621E-01	 8.849E+00	-9.156E-01	 3.204E+00	-3.620E-01	 8.660E+00	 1.850E+00	 1.900E+00	 1.671E+02	 5.284E+01	-4.073E+01	 4.776E+02	 9.048E+02	 8.191E+01	 2.461E+02	 1.558E+02	-2.486E+00	 1.535E+02	 2.403E+00	 6.107E+01
   19.0000	 1.299E+01	-2.344E+01	 0.000E+00	 1.002E+00	-3.678E-01	 9.058E+00	-3.023E-01	 3.372E+00	-3.471E-01	 8.659E+00	 1.725E+00	 1.775E+00	 1.561E+02	 5.504E+01	-4.152E+01	 4.856E+02	 9.321E+02	 1.062E+02	 2.375E+02	 1.584E+02	-2.342E+00	 1.533E+02	 2.076E+00	 6.107E+01
   19.0500	 1.299E+01	-2.344E+01	 0.000E+00	 1.014E+00	-3.715E-01	 8.233E+00	 2.812E-01	 3.499E+00	-3.126E-01	 8.656E+00	 1.537E+00	 1.611E+00	 1.417E+02	 5.643E+01	-4.183E+01	 4.875E+02	 9.483E+02	 1.293E+02	 2.263E+02	 1.604E+02	-2.261E+00	 1.547E+02	 1.200E+00	 6.108E+01
   19.1000	 1.299E+01	-2.344E+01	 0.000E+00	 1.023E+00	-3.715E-01	 7.487E+00	 6.401E-01	 3.520E+00	-2.735E-01	 8.650E+00	 1.398E+00	 1.348E+00	 1.186E+02	 5.700E+01	-4.150E+01	 4.813E+02	 9.546E+02	 1.509E+02	 2.124E+02	 1.609E+02	-2.357E+00	 1.585E+02	 2.922E-02	 6.110E+01
   19.1500	 1.299E+01	-2.344E+01	 0.000E+00	 1.028E+00	-3.673E-01	 7.615E+00	 6.455E-01	 3.442E+00	-1.942E-01	 8.639E+00	 9.984E-01	 9.868E-01	 8.680E+01	 5.704E+01	-4.037E+01	 4.670E+02	 9.553E+02	 1.707E+02	 1.958E+02	 1.605E+02	-2.651E+00	 1.632E+02	-1.214E+00	 6.112E+01
   19.2000	 1.299E+01	-2.344E+01	 0.000E+00	 1.029E+00	-3.593E-01	 8.620E+00	 4.896E-01	 3.386E+00	-8.418E-02	 8.618E+00	 6.686E-01	 6.654E-01	 5.853E+01	 5.669E+01	-3.871E+01	 4.463E+02	 9.527E+02	 1.884E+02	 1.767E+02	 1.600E+02	-3.099E+00	 1.661E+02	-2.421E+00	 6.115E+01
   19.2500	 1.299E+01	-2.344E+01	 0.000E+00	 1.027E+00	-3.489E-01	 9.932E+00	 3.423E-01	 3.428E+00	 3.030E-02	 8.590E+00	 4.980E-01	 4.690E-01	 4.126E+01	 5.614E+01	-3.664E+01	 4.207E+02	 9.472E+02	 2.037E+02	 1.554E+02	 1.599E+02	-3.640E+00	 1.655E+02	-3.545E+00	 6.117E+01
   19.3000	 1.299E+01	-2.344E+01	 0.000E+00	 1.027E+00	-3.373E-01	 1.073E+01	 2.815E-01	 3.554E+00	 1.065E-01	 8.556E+00	 4.811E-01	 4.558E-01	 4.009E+01	 5.531E+01	-3.421E+01	 3.912E+02	 9.390E+02	 2.164E+02	 1.322E+02	 1.601E+02	-4.219E+00	 1.618E+02	-4.552E+00	 6.120E+01
   19.3500	 1.299E+01	-2.344E+01	 0.000E+00	 1.030E+00	-3.251E-01	 1.101E+01	 2.872E-01	 3.628E+00	 1.289E-01	 8.522E+00	 5.861E-01	 5.596E-01	 4.922E+01	 5.429E+01	-3.145E+01	 3.584E+02	 9.299E+02	 2.266E+02	 1.077E+02	 1.600E+02	-4.825E+00	 1.567E+02	-5.384E+00	 6.121E+01
   19.4000	 1.299E+01	-2.344E+01	 0.000E+00	 1.037E+00	-3.125E-01	 1.136E+01	 2.954E-01	 3.493E+00	 8.545E-02	 8.492E+00	 8.498E-01	 8.242E-01	 7.250E+01	 5.340E+01	-2.840E+01	 3.223E+02	 9.236E+02	 2.345E+02	 8.232E+01	 1.587E+02	-5.413E+00	 1.527E+02	-6.042E+00	 6.122E+01
   19.4500	 1.299E+01	-2.344E+01	 0.000E+00	 1.048E+00	-2.993E-01	 1.198E+01	 2.219E-01	 3.310E+00	-1.462E-02	 8.469E+00	 1.167E+00	 1.167E+00	 1.027E+02	 5.276E+01	-2.508E+01	 2.824E+02	 9.224E+02	 2.405E+02	 5.624E+01	 1.561E+02	-5.985E+00	 1.508E+02	-6.497E+00	 6.121E+01
   19.5000	 1.299E+01	-2.344E+01	 0.000E+00	 1.063E+00	-2.856E-01	 1.258E+01	 2.717E-02	 3.229E+00	-1.307E-01	 8.454E+00	 1.389E+00	 1.360E+00	 1.196E+02	 5.245E+01	-2.151E+01	 2.390E+02	 9.266E+02	 2.445E+02	 2.956E+01	 1.527E+02	-6.609E+00	 1.498E+02	-6.686E+00	 6.120E+01
   19.5500	 1.299E+01	-2.344E+01	 0.000E+00	 1.085E+00	-2.720E-01	 1.289E+01	-2.411E-01	 3.253E+00	-2.404E-01	 8.447E+00	 1.489E+00	 1.486E+00	 1.307E+02	 5.238E+01	-1.773E+01	 1.927E+02	 9.355E+02	 2.462E+02	 2.492E+00	 1.499E+02	-7.253E+00	 1.476E+02	-6.659E+00	 6.118E+01
   19.6000	 1.299E+01	-2.344E+01	 0.000E+00	 1.112E+00	-2.590E-01	 1.295E+01	-4.628E-01	 3.143E+00	-3.182E-01	 8.443E+00	 1.616E+00	 1.618E+00	 1.424E+02	 5.250E+01	-1.379E+01	 1.449E+02	 9.486E+02	 2.453E+02	-2.457E+01	 1.482E+02	-7.862E+00	 1.435E+02	-6.549E+00	 6.115E+01
   19.6500	 1.299E+01	-2.344E+01	 0.000E+00	 1.146E+00	-2.473E-01	 1.295E+01	-5.754E-01	 3.002E+00	-3.506E-01	 8.444E+00	 1.811E+00	 1.808E+00	 1.590E+02	 5.281E+01	-9.772E+00	 9.696E+01	 9.655E+02	 2.420E+02	-5.131E+01	 1.473E+02	-8.379E+00	 1.386E+02	-6.522E+00	 6.112E+01
   19.7000	 1.299E+01	-2.344E+01	 0.000E+00	 1.183E+00	-2.370E-01	 1.305E+01	-5.758E-01	 2.993E+00	-3.398E-01	 8.451E+00	 2.044E+00	 2.063E+00	 1.815E+02	 5.333E+01	-5.741E+00	 4.961E+01	 9.858E+02	 2.364E+02	-7.753E+01	 1.466E+02	-8.799E+00	 1.350E+02	-6.651E+00	 6.109E+01
   19.7500	 1.299E+01	-2.344E+01	 0.000E+00	 1.224E+00	-2.280E-01	 1.329E+01	-5.331E-01	 3.074E+00	-3.039E-01	 8.466E+00	 2.147E+00	 2.152E+00	 1.893E+02	 5.409E+01	-1.763E+00	 3.252E+00	 1.009E+03	 2.286E+02	-1.031E+02	 1.457E+02	-9.243E+00	 1.340E+02	-6.858E+00	 6.106E+01
   19.8000	 1.299E+01	-2.344E+01	 0.000E+00	 1.267E+00	-2.200E-01	 1.374E+01	-4.435E-01	 3.130E+00	-3.118E-01	 8.484E+00	 2.224E+00	 2.241E+00	 1.972E+02	 5.510E+01	 2.173E+00	-4.226E+01	 1.036E+03	 2.186E+02	-1.279E+02	 1.448E+02	-9.704E+00	 1.356E+02	-7.188E+00	 6.103E+01
   19.8500	 1.299E+01	-2.344E+01	 0.000E+00	 1.313E+00	-2.131E-01	 1.431E+01	-3.712E-01	 3.135E+00	-3.702E-01	 8.506E+00	 2.187E+00	 2.201E+00	 1.936E+02	 5.636E+01	 6.027E+00	-8.673E+01	 1.067E+03	 2.060E+02	-1.516E+02	 1.444E+02	-1.024E+01	 1.383E+02	-7.628E+00	 6.101E+01
   19.9000	 1.299E+01	-2.344E+01	 0.000E+00	 1.361E+00	-2.073E-01	 1.493E+01	-3.294E-01	 3.146E+00	-4.482E-01	 8.528E+00	 2.048E+00	 2.082E+00	 1.831E+02	 5.785E+01	 9.755E+00	-1.297E+02	 1.101E+03	 1.910E+02	-1.736E+02	 1.453E+02	-1.079E+01	 1.406E+02	-8.268E+00	 6.101E+01
   19.9500	 1.299E+01	-2.344E+01	 0.000E+00	 1.414E+00	-2.031E-01	 1.545E+01	-2.743E-01	 3.270E+00	-5.027E-01	 8.547E+00	 1.889E+00	 1.919E+00	 1.688E+02	 5.954E+01	 1.331E+01	-1.702E+02	 1.137E+03	 1.734E+02	-1.935E+02	 1.474E+02	-1.133E+01	 1.418E+02	-9.173E+00	 6.102E+01
   20.0000	 1.299E+01	-2.344E+01	 0.000E+00	 1.469E+00	-2.008E-01	 1.573E+01	-1.998E-01	 3.502E+00	-4.759E-01	 8.563E+00	 1.629E+00	 1.624E+00	 1.428E+02	 6.143E+01	 1.659E+01	-2.072E+02	 1.177E+03	 1.535E+02	-2.107E+02	 1.503E+02	-1.187E+01	 1.429E+02	-1.033E+01	 6.104E+01
