      Time       CON1FX       CON1FY       CON1FZ       CON2FX       CON2FY       CON2FZ      L1N20PX      L1N20PY      L1N20PZ       L1N9PX      L1N10PY      L1N10PZ       L1N10T       L1N1PX       L1N1PY       L1N1PZ        L1N1T
       (s)          (N)          (N)          (N)          (N)          (N)          (N)          (m)          (m)          (m)          (m)          (m)          (m)          (N)          (m)          (m)          (m)          (N)
    0.2000  0.23921E+07  0.00000E+00 -0.30299E+07 -0.23932E+07  0.00000E+00 -0.55141E+05  0.70450E+03  0.00000E+00 -0.54409E+03  0.11942E+04  0.00000E+00 -0.60000E+03  0.23936E+07  0.15549E+04  0.00000E+00 -0.60000E+03  0.23933E+07
    0.4000  0.23879E+07  0.00000E+00 -0.30260E+07 -0.23861E+07  0.00000E+00 -0.55141E+05  0.70452E+03  0.00000E+00 -0.54406E+03  0.11942E+04  0.00000E+00 -0.60000E+03  0.23868E+07  0.15549E+04  0.00000E+00 -0.60000E+03  0.23861E+07
    0.6000  0.23824E+07  0.00000E+00 -0.30201E+07 -0.23801E+07  0.00000E+00 -0.55140E+05  0.70453E+03  0.00000E+00 -0.54404E+03  0.11942E+04  0.00000E+00 -0.60000E+03  0.23806E+07  0.15549E+04  0.00000E+00 -0.60000E+03  0.23801E+07
    0.8000  0.23765E+07  0.00000E+00 -0.30131E+07 -0.23749E+07  0.00000E+00 -0.55140E+05  0.70454E+03  0.00000E+00 -0.54401E+03  0.11942E+04  0.00000E+00 -0.60000E+03  0.23750E+07  0.15549E+04  0.00000E+00 -0.60000E+03  0.23749E+07
    1.0000  0.23709E+07  0.00000E+00 -0.30063E+07 -0.23699E+07  0.00000E+00 -0.55140E+05  0.70455E+03  0.00000E+00 -0.54399E+03  0.11942E+04  0.00000E+00 -0.60000E+03  0.23696E+07  0.15549E+04  0.00000E+00 -0.60000E+03  0.23699E+07
    1.2000  0.23664E+07  0.00000E+00 -0.30008E+07 -0.23643E+07  0.00000E+00 -0.55139E+05  0.70455E+03  0.00000E+00 -0.54397E+03  0.11942E+04  0.00000E+00 -0.60000E+03  0.23639E+07  0.15549E+04  0.00000E+00 -0.60000E+03  0.23643E+07
    1.4000  0.23634E+07  0.00000E+00 -0.29972E+07 -0.23581E+07  0.00000E+00 -0.55139E+05  0.70456E+03  0.00000E+00 -0.54396E+03  0.11942E+04  0.00000E+00 -0.60000E+03  0.23581E+07  0.15549E+04  0.00000E+00 -0.60000E+03  0.23581E+07
    1.6000  0.23619E+07  0.00000E+00 -0.29956E+07 -0.23521E+07  0.00000E+00 -0.55138E+05  0.70456E+03  0.00000E+00 -0.54395E+03  0.11942E+04  0.00000E+00 -0.60000E+03  0.23528E+07  0.15549E+04  0.00000E+00 -0.60000E+03  0.23521E+07
    1.8000  0.23614E+07  0.00000E+00 -0.29952E+07 -0.23473E+07  0.00000E+00 -0.55138E+05  0.70457E+03  0.00000E+00 -0.54394E+03  0.11942E+04  0.00000E+00 -0.60000E+03  0.23488E+07  0.15549E+04  0.00000E+00 -0.60000E+03  0.23473E+07
    2.0000  0.23613E+07  0.00000E+00 -0.29953E+07 -0.23451E+07  0.00000E+00 -0.55137E+05  0.70457E+03  0.00000E+00 -0.54394E+03  0.11942E+04  0.00000E+00 -0.60000E+03  0.23469E+07  0.15549E+04  0.00000E+00 -0.60000E+03  0.23451E+07
    2.2000  0.23613E+07  0.00000E+00 -0.29957E+07 -0.23459E+07  0.00000E+00 -0.55138E+05  0.70457E+03  0.00000E+00 -0.54394E+03  0.11942E+04  0.00000E+00 -0.60000E+03  0.23476E+07  0.15549E+04  0.00000E+00 -0.60000E+03  0.23459E+07
    2.4000  0.23616E+07  0.00000E+00 -0.29963E+07 -0.23495E+07  0.00000E+00 -0.55138E+05  0.70456E+03  0.00000E+00 -0.54395E+03  0.11942E+04  0.00000E+00 -0.60000E+03  0.23507E+07  0.15549E+04  0.00000E+00 -0.60000E+03  0.23495E+07
    2.6000  0.23624E+07  0.00000E+00 -0.29976E+07 -0.23550E+07  0.00000E+00 -0.55138E+05  0.70456E+03  0.00000E+00 -0.54396E+03  0.11942E+04  0.00000E+00 -0.60000E+03  0.23555E+07  0.15549E+04  0.00000E+00 -0.60000E+03  0.23550E+07
    2.8000  0.23644E+07  0.00000E+00 -0.30002E+07 -0.23612E+07  0.00000E+00 -0.55139E+05  0.70455E+03  0.00000E+00 -0.54398E+03  0.11942E+04  0.00000E+00 -0.60000E+03  0.23611E+07  0.15549E+04  0.00000E+00 -0.60000E+03  0.23612E+07
    3.0000  0.23676E+07  0.00000E+00 -0.30043E+07 -0.23673E+07  0.00000E+00 -0.55139E+05  0.70454E+03  0.00000E+00 -0.54400E+03  0.11942E+04  0.00000E+00 -0.60000E+03  0.23669E+07  0.15549E+04  0.00000E+00 -0.60000E+03  0.23673E+07
    3.2000  0.23721E+07  0.00000E+00 -0.30095E+07 -0.23728E+07  0.00000E+00 -0.55140E+05  0.70453E+03  0.00000E+00 -0.54402E+03  0.11942E+04  0.00000E+00 -0.60000E+03  0.23725E+07  0.15549E+04  0.00000E+00 -0.60000E+03  0.23728E+07
    3.4000  0.23773E+07  0.00000E+00 -0.30153E+07 -0.23779E+07  0.00000E+00 -0.55140E+05  0.70452E+03  0.00000E+00 -0.54404E+03  0.11942E+04  0.00000E+00 -0.60000E+03  0.23780E+07  0.15549E+04  0.00000E+00 -0.60000E+03  0.23779E+07
    3.6000  0.23824E+07  0.00000E+00 -0.30207E+07 -0.23832E+07  0.00000E+00 -0.55141E+05  0.70451E+03  0.00000E+00 -0.54406E+03  0.11942E+04  0.00000E+00 -0.60000E+03  0.23834E+07  0.15549E+04  0.00000E+00 -0.60000E+03  0.23832E+07
    3.8000  0.23869E+07  0.00000E+00 -0.30252E+07 -0.23888E+07  0.00000E+00 -0.55141E+05  0.70451E+03  0.00000E+00 -0.54407E+03  0.11942E+04  0.00000E+00 -0.60000E+03  0.23890E+07  0.15549E+04  0.00000E+00 -0.60000E+03  0.23888E+07
    4.0000  0.23903E+07  0.00000E+00 -0.30283E+07 -0.23947E+07  0.00000E+00 -0.55142E+05  0.70450E+03  0.00000E+00 -0.54408E+03  0.11942E+04  0.00000E+00 -0.60000E+03  0.23946E+07  0.15549E+04  0.00000E+00 -0.60000E+03  0.23947E+07
    4.2000  0.23925E+07  0.00000E+00 -0.30303E+07 -0.24003E+07  0.00000E+00 -0.55142E+05  0.70450E+03  0.00000E+00 -0.54408E+03  0.11942E+04  0.00000E+00 -0.60000E+03  0.23998E+07  0.15549E+04  0.00000E+00 -0.60000E+03  0.24003E+07
    4.4000  0.23940E+07  0.00000E+00 -0.30315E+07 -0.24050E+07  0.00000E+00 -0.55142E+05  0.70449E+03  0.00000E+00 -0.54408E+03  0.11942E+04  0.00000E+00 -0.60000E+03  0.24039E+07  0.15549E+04  0.00000E+00 -0.60000E+03  0.24049E+07
    4.6000  0.23951E+07  0.00000E+00 -0.30324E+07 -0.24077E+07  0.00000E+00 -0.55143E+05  0.70449E+03  0.00000E+00 -0.54408E+03  0.11942E+04  0.00000E+00 -0.60000E+03  0.24064E+07  0.15549E+04  0.00000E+00 -0.60000E+03  0.24077E+07
    4.8000  0.23958E+07  0.00000E+00 -0.30331E+07 -0.24083E+07  0.00000E+00 -0.55143E+05  0.70449E+03  0.00000E+00 -0.54408E+03  0.11942E+04  0.00000E+00 -0.60000E+03  0.24071E+07  0.15549E+04  0.00000E+00 -0.60000E+03  0.24083E+07
    5.0000  0.23961E+07  0.00000E+00 -0.30335E+07 -0.24070E+07  0.00000E+00 -0.55143E+05  0.70449E+03  0.00000E+00 -0.54407E+03  0.11942E+04  0.00000E+00 -0.60000E+03  0.24061E+07  0.15549E+04  0.00000E+00 -0.60000E+03  0.24069E+07
    5.2000  0.23960E+07  0.00000E+00 -0.30331E+07 -0.24042E+07  0.00000E+00 -0.55142E+05  0.70449E+03  0.00000E+00 -0.54406E+03  0.11942E+04  0.00000E+00 -0.60000E+03  0.24037E+07  0.15549E+04  0.00000E+00 -0.60000E+03  0.24042E+07
    5.4000  0.23951E+07  0.00000E+00 -0.30315E+07 -0.24007E+07  0.00000E+00 -0.55142E+05  0.70449E+03  0.00000E+00 -0.54405E+03  0.11942E+04  0.00000E+00 -0.60000E+03  0.24005E+07  0.15549E+04  0.00000E+00 -0.60000E+03  0.24007E+07
    5.6000  0.23934E+07  0.00000E+00 -0.30287E+07 -0.23970E+07  0.00000E+00 -0.55142E+05  0.70450E+03  0.00000E+00 -0.54404E+03  0.11942E+04  0.00000E+00 -0.60000E+03  0.23970E+07  0.15549E+04  0.00000E+00 -0.60000E+03  0.23970E+07
    5.8000  0.23911E+07  0.00000E+00 -0.30248E+07 -0.23934E+07  0.00000E+00 -0.55142E+05  0.70450E+03  0.00000E+00 -0.54403E+03  0.11942E+04  0.00000E+00 -0.60000E+03  0.23933E+07  0.15549E+04  0.00000E+00 -0.60000E+03  0.23934E+07
    6.0000  0.23885E+07  0.00000E+00 -0.30204E+07 -0.23896E+07  0.00000E+00 -0.55141E+05  0.70450E+03  0.00000E+00 -0.54401E+03  0.11942E+04  0.00000E+00 -0.60000E+03  0.23895E+07  0.15549E+04  0.00000E+00 -0.60000E+03  0.23896E+07
    6.2000  0.23858E+07  0.00000E+00 -0.30162E+07 -0.23856E+07  0.00000E+00 -0.55141E+05  0.70450E+03  0.00000E+00 -0.54400E+03  0.11942E+04  0.00000E+00 -0.60000E+03  0.23853E+07  0.15549E+04  0.00000E+00 -0.60000E+03  0.23856E+07
    6.4000  0.23834E+07  0.00000E+00 -0.30128E+07 -0.23811E+07  0.00000E+00 -0.55140E+05  0.70450E+03  0.00000E+00 -0.54399E+03  0.11942E+04  0.00000E+00 -0.60000E+03  0.23810E+07  0.15549E+04  0.00000E+00 -0.60000E+03  0.23811E+07
    6.6000  0.23811E+07  0.00000E+00 -0.30104E+07 -0.23765E+07  0.00000E+00 -0.55140E+05  0.70451E+03  0.00000E+00 -0.54398E+03  0.11942E+04  0.00000E+00 -0.60000E+03  0.23767E+07  0.15549E+04  0.00000E+00 -0.60000E+03  0.23765E+07
    6.8000  0.23792E+07  0.00000E+00 -0.30088E+07 -0.23722E+07  0.00000E+00 -0.55140E+05  0.70451E+03  0.00000E+00 -0.54397E+03  0.11942E+04  0.00000E+00 -0.60000E+03  0.23728E+07  0.15549E+04  0.00000E+00 -0.60000E+03  0.23722E+07
    7.0000  0.23774E+07  0.00000E+00 -0.30078E+07 -0.23689E+07  0.00000E+00 -0.55139E+05  0.70452E+03  0.00000E+00 -0.54396E+03  0.11942E+04  0.00000E+00 -0.60000E+03  0.23697E+07  0.15549E+04  0.00000E+00 -0.60000E+03  0.23689E+07
    7.2000  0.23758E+07  0.00000E+00 -0.30070E+07 -0.23670E+07  0.00000E+00 -0.55139E+05  0.70452E+03  0.00000E+00 -0.54395E+03  0.11942E+04  0.00000E+00 -0.60000E+03  0.23680E+07  0.15549E+04  0.00000E+00 -0.60000E+03  0.23670E+07
    7.4000  0.23746E+07  0.00000E+00 -0.30062E+07 -0.23667E+07  0.00000E+00 -0.55139E+05  0.70452E+03  0.00000E+00 -0.54394E+03  0.11942E+04  0.00000E+00 -0.60000E+03  0.23675E+07  0.15549E+04  0.00000E+00 -0.60000E+03  0.23667E+07
    7.6000  0.23740E+07  0.00000E+00 -0.30058E+07 -0.23677E+07  0.00000E+00 -0.55139E+05  0.70452E+03  0.00000E+00 -0.54394E+03  0.11942E+04  0.00000E+00 -0.60000E+03  0.23683E+07  0.15549E+04  0.00000E+00 -0.60000E+03  0.23677E+07
    7.8000  0.23741E+07  0.00000E+00 -0.30061E+07 -0.23696E+07  0.00000E+00 -0.55140E+05  0.70452E+03  0.00000E+00 -0.54394E+03  0.11942E+04  0.00000E+00 -0.60000E+03  0.23699E+07  0.15549E+04  0.00000E+00 -0.60000E+03  0.23696E+07
    8.0000  0.23750E+07  0.00000E+00 -0.30073E+07 -0.23719E+07  0.00000E+00 -0.55140E+05  0.70452E+03  0.00000E+00 -0.54396E+03  0.11942E+04  0.00000E+00 -0.60000E+03  0.23720E+07  0.15549E+04  0.00000E+00 -0.60000E+03  0.23719E+07
    8.2000  0.23766E+07  0.00000E+00 -0.30096E+07 -0.23745E+07  0.00000E+00 -0.55140E+05  0.70452E+03  0.00000E+00 -0.54397E+03  0.11942E+04  0.00000E+00 -0.60000E+03  0.23746E+07  0.15549E+04  0.00000E+00 -0.60000E+03  0.23745E+07
    8.4000  0.23787E+07  0.00000E+00 -0.30127E+07 -0.23772E+07  0.00000E+00 -0.55140E+05  0.70451E+03  0.00000E+00 -0.54399E+03  0.11942E+04  0.00000E+00 -0.60000E+03  0.23774E+07  0.15549E+04  0.00000E+00 -0.60000E+03  0.23772E+07
    8.6000  0.23811E+07  0.00000E+00 -0.30161E+07 -0.23803E+07  0.00000E+00 -0.55140E+05  0.70451E+03  0.00000E+00 -0.54401E+03  0.11942E+04  0.00000E+00 -0.60000E+03  0.23806E+07  0.15549E+04  0.00000E+00 -0.60000E+03  0.23803E+07
    8.8000  0.23833E+07  0.00000E+00 -0.30194E+07 -0.23839E+07  0.00000E+00 -0.55141E+05  0.70451E+03  0.00000E+00 -0.54402E+03  0.11942E+04  0.00000E+00 -0.60000E+03  0.23841E+07  0.15549E+04  0.00000E+00 -0.60000E+03  0.23839E+07
    9.0000  0.23854E+07  0.00000E+00 -0.30222E+07 -0.23878E+07  0.00000E+00 -0.55141E+05  0.70450E+03  0.00000E+00 -0.54404E+03  0.11942E+04  0.00000E+00 -0.60000E+03  0.23878E+07  0.15549E+04  0.00000E+00 -0.60000E+03  0.23878E+07
    9.2000  0.23871E+07  0.00000E+00 -0.30243E+07 -0.23917E+07  0.00000E+00 -0.55141E+05  0.70450E+03  0.00000E+00 -0.54405E+03  0.11942E+04  0.00000E+00 -0.60000E+03  0.23915E+07  0.15549E+04  0.00000E+00 -0.60000E+03  0.23917E+07
    9.4000  0.23885E+07  0.00000E+00 -0.30259E+07 -0.23952E+07  0.00000E+00 -0.55142E+05  0.70450E+03  0.00000E+00 -0.54407E+03  0.11942E+04  0.00000E+00 -0.60000E+03  0.23946E+07  0.15549E+04  0.00000E+00 -0.60000E+03  0.23952E+07
    9.6000  0.23896E+07  0.00000E+00 -0.30271E+07 -0.23976E+07  0.00000E+00 -0.55142E+05  0.70450E+03  0.00000E+00 -0.54408E+03  0.11942E+04  0.00000E+00 -0.60000E+03  0.23967E+07  0.15549E+04  0.00000E+00 -0.60000E+03  0.23976E+07
    9.8000  0.23905E+07  0.00000E+00 -0.30279E+07 -0.23986E+07  0.00000E+00 -0.55142E+05  0.70450E+03  0.00000E+00 -0.54409E+03  0.11942E+04  0.00000E+00 -0.60000E+03  0.23978E+07  0.15549E+04  0.00000E+00 -0.60000E+03  0.23986E+07
   10.0000  0.23910E+07  0.00000E+00 -0.30284E+07 -0.23983E+07  0.00000E+00 -0.55142E+05  0.70450E+03  0.00000E+00 -0.54410E+03  0.11942E+04  0.00000E+00 -0.60000E+03  0.23976E+07  0.15549E+04  0.00000E+00 -0.60000E+03  0.23983E+07
   10.2000  0.23910E+07  0.00000E+00 -0.30282E+07 -0.23968E+07  0.00000E+00 -0.55142E+05  0.70450E+03  0.00000E+00 -0.54410E+03  0.11942E+04  0.00000E+00 -0.60000E+03  0.23964E+07  0.15549E+04  0.00000E+00 -0.60000E+03  0.23968E+07
   10.4000  0.23902E+07  0.00000E+00 -0.30272E+07 -0.23947E+07  0.00000E+00 -0.55142E+05  0.70450E+03  0.00000E+00 -0.54410E+03  0.11942E+04  0.00000E+00 -0.60000E+03  0.23944E+07  0.15549E+04  0.00000E+00 -0.60000E+03  0.23947E+07
   10.6000  0.23887E+07  0.00000E+00 -0.30254E+07 -0.23921E+07  0.00000E+00 -0.55141E+05  0.70450E+03  0.00000E+00 -0.54410E+03  0.11942E+04  0.00000E+00 -0.60000E+03  0.23919E+07  0.15549E+04  0.00000E+00 -0.60000E+03  0.23921E+07
   10.8000  0.23866E+07  0.00000E+00 -0.30228E+07 -0.23892E+07  0.00000E+00 -0.55141E+05  0.70451E+03  0.00000E+00 -0.54409E+03  0.11942E+04  0.00000E+00 -0.60000E+03  0.23890E+07  0.15549E+04  0.00000E+00 -0.60000E+03  0.23892E+07
   11.0000  0.23839E+07  0.00000E+00 -0.30198E+07 -0.23861E+07  0.00000E+00 -0.55141E+05  0.70451E+03  0.00000E+00 -0.54408E+03  0.11942E+04  0.00000E+00 -0.60000E+03  0.23858E+07  0.15549E+04  0.00000E+00 -0.60000E+03  0.23861E+07
   11.2000  0.23812E+07  0.00000E+00 -0.30166E+07 -0.23825E+07  0.00000E+00 -0.55141E+05  0.70452E+03  0.00000E+00 -0.54407E+03  0.11942E+04  0.00000E+00 -0.60000E+03  0.23823E+07  0.15549E+04  0.00000E+00 -0.60000E+03  0.23825E+07
   11.4000  0.23787E+07  0.00000E+00 -0.30137E+07 -0.23786E+07  0.00000E+00 -0.55140E+05  0.70452E+03  0.00000E+00 -0.54405E+03  0.11942E+04  0.00000E+00 -0.60000E+03  0.23784E+07  0.15549E+04  0.00000E+00 -0.60000E+03  0.23786E+07
   11.6000  0.23765E+07  0.00000E+00 -0.30111E+07 -0.23743E+07  0.00000E+00 -0.55140E+05  0.70453E+03  0.00000E+00 -0.54404E+03  0.11942E+04  0.00000E+00 -0.60000E+03  0.23744E+07  0.15549E+04  0.00000E+00 -0.60000E+03  0.23743E+07
   11.8000  0.23746E+07  0.00000E+00 -0.30089E+07 -0.23702E+07  0.00000E+00 -0.55140E+05  0.70453E+03  0.00000E+00 -0.54403E+03  0.11942E+04  0.00000E+00 -0.60000E+03  0.23705E+07  0.15549E+04  0.00000E+00 -0.60000E+03  0.23702E+07
   12.0000  0.23730E+07  0.00000E+00 -0.30072E+07 -0.23666E+07  0.00000E+00 -0.55139E+05  0.70454E+03  0.00000E+00 -0.54402E+03  0.11942E+04  0.00000E+00 -0.60000E+03  0.23671E+07  0.15549E+04  0.00000E+00 -0.60000E+03  0.23666E+07
   12.2000  0.23715E+07  0.00000E+00 -0.30057E+07 -0.23638E+07  0.00000E+00 -0.55139E+05  0.70454E+03  0.00000E+00 -0.54401E+03  0.11942E+04  0.00000E+00 -0.60000E+03  0.23645E+07  0.15549E+04  0.00000E+00 -0.60000E+03  0.23638E+07
   12.4000  0.23702E+07  0.00000E+00 -0.30045E+07 -0.23622E+07  0.00000E+00 -0.55139E+05  0.70454E+03  0.00000E+00 -0.54400E+03  0.11942E+04  0.00000E+00 -0.60000E+03  0.23629E+07  0.15549E+04  0.00000E+00 -0.60000E+03  0.23623E+07
   12.6000  0.23693E+07  0.00000E+00 -0.30035E+07 -0.23618E+07  0.00000E+00 -0.55139E+05  0.70455E+03  0.00000E+00 -0.54399E+03  0.11942E+04  0.00000E+00 -0.60000E+03  0.23624E+07  0.15549E+04  0.00000E+00 -0.60000E+03  0.23618E+07
   12.8000  0.23690E+07  0.00000E+00 -0.30031E+07 -0.23623E+07  0.00000E+00 -0.55139E+05  0.70455E+03  0.00000E+00 -0.54398E+03  0.11942E+04  0.00000E+00 -0.60000E+03  0.23627E+07  0.15549E+04  0.00000E+00 -0.60000E+03  0.23623E+07
   13.0000  0.23694E+07  0.00000E+00 -0.30033E+07 -0.23635E+07  0.00000E+00 -0.55139E+05  0.70455E+03  0.00000E+00 -0.54398E+03  0.11942E+04  0.00000E+00 -0.60000E+03  0.23638E+07  0.15549E+04  0.00000E+00 -0.60000E+03  0.23635E+07
   13.2000  0.23707E+07  0.00000E+00 -0.30044E+07 -0.23653E+07  0.00000E+00 -0.55139E+05  0.70455E+03  0.00000E+00 -0.54397E+03  0.11942E+04  0.00000E+00 -0.60000E+03  0.23655E+07  0.15549E+04  0.00000E+00 -0.60000E+03  0.23653E+07
   13.4000  0.23725E+07  0.00000E+00 -0.30062E+07 -0.23674E+07  0.00000E+00 -0.55139E+05  0.70454E+03  0.00000E+00 -0.54397E+03  0.11942E+04  0.00000E+00 -0.60000E+03  0.23677E+07  0.15549E+04  0.00000E+00 -0.60000E+03  0.23674E+07
   13.6000  0.23748E+07  0.00000E+00 -0.30087E+07 -0.23701E+07  0.00000E+00 -0.55140E+05  0.70454E+03  0.00000E+00 -0.54398E+03  0.11942E+04  0.00000E+00 -0.60000E+03  0.23704E+07  0.15549E+04  0.00000E+00 -0.60000E+03  0.23701E+07
   13.8000  0.23772E+07  0.00000E+00 -0.30115E+07 -0.23733E+07  0.00000E+00 -0.55140E+05  0.70454E+03  0.00000E+00 -0.54398E+03  0.11942E+04  0.00000E+00 -0.60000E+03  0.23736E+07  0.15549E+04  0.00000E+00 -0.60000E+03  0.23733E+07
   14.0000  0.23796E+07  0.00000E+00 -0.30143E+07 -0.23771E+07  0.00000E+00 -0.55140E+05  0.70453E+03  0.00000E+00 -0.54399E+03  0.11942E+04  0.00000E+00 -0.60000E+03  0.23773E+07  0.15549E+04  0.00000E+00 -0.60000E+03  0.23771E+07
   14.2000  0.23819E+07  0.00000E+00 -0.30170E+07 -0.23812E+07  0.00000E+00 -0.55140E+05  0.70452E+03  0.00000E+00 -0.54400E+03  0.11942E+04  0.00000E+00 -0.60000E+03  0.23813E+07  0.15549E+04  0.00000E+00 -0.60000E+03  0.23812E+07
   14.4000  0.23841E+07  0.00000E+00 -0.30193E+07 -0.23855E+07  0.00000E+00 -0.55141E+05  0.70452E+03  0.00000E+00 -0.54402E+03  0.11942E+04  0.00000E+00 -0.60000E+03  0.23853E+07  0.15549E+04  0.00000E+00 -0.60000E+03  0.23855E+07
   14.6000  0.23861E+07  0.00000E+00 -0.30214E+07 -0.23894E+07  0.00000E+00 -0.55141E+05  0.70451E+03  0.00000E+00 -0.54403E+03  0.11942E+04  0.00000E+00 -0.60000E+03  0.23891E+07  0.15549E+04  0.00000E+00 -0.60000E+03  0.23894E+07
   14.8000  0.23882E+07  0.00000E+00 -0.30233E+07 -0.23927E+07  0.00000E+00 -0.55141E+05  0.70450E+03  0.00000E+00 -0.54405E+03  0.11942E+04  0.00000E+00 -0.60000E+03  0.23922E+07  0.15549E+04  0.00000E+00 -0.60000E+03  0.23927E+07
   15.0000  0.23900E+07  0.00000E+00 -0.30250E+07 -0.23952E+07  0.00000E+00 -0.55142E+05  0.70449E+03  0.00000E+00 -0.54406E+03  0.11942E+04  0.00000E+00 -0.60000E+03  0.23947E+07  0.15549E+04  0.00000E+00 -0.60000E+03  0.23952E+07
   15.2000  0.23916E+07  0.00000E+00 -0.30264E+07 -0.23969E+07  0.00000E+00 -0.55142E+05  0.70449E+03  0.00000E+00 -0.54407E+03  0.11942E+04  0.00000E+00 -0.60000E+03  0.23964E+07  0.15549E+04  0.00000E+00 -0.60000E+03  0.23969E+07
   15.4000  0.23929E+07  0.00000E+00 -0.30274E+07 -0.23978E+07  0.00000E+00 -0.55142E+05  0.70448E+03  0.00000E+00 -0.54408E+03  0.11942E+04  0.00000E+00 -0.60000E+03  0.23975E+07  0.15549E+04  0.00000E+00 -0.60000E+03  0.23978E+07
   15.6000  0.23936E+07  0.00000E+00 -0.30279E+07 -0.23982E+07  0.00000E+00 -0.55142E+05  0.70448E+03  0.00000E+00 -0.54409E+03  0.11942E+04  0.00000E+00 -0.60000E+03  0.23979E+07  0.15549E+04  0.00000E+00 -0.60000E+03  0.23982E+07
   15.8000  0.23938E+07  0.00000E+00 -0.30276E+07 -0.23982E+07  0.00000E+00 -0.55142E+05  0.70447E+03  0.00000E+00 -0.54410E+03  0.11942E+04  0.00000E+00 -0.60000E+03  0.23979E+07  0.15549E+04  0.00000E+00 -0.60000E+03  0.23982E+07
   16.0000  0.23935E+07  0.00000E+00 -0.30268E+07 -0.23977E+07  0.00000E+00 -0.55142E+05  0.70447E+03  0.00000E+00 -0.54410E+03  0.11942E+04  0.00000E+00 -0.60000E+03  0.23974E+07  0.15549E+04  0.00000E+00 -0.60000E+03  0.23977E+07
   16.2000  0.23928E+07  0.00000E+00 -0.30255E+07 -0.23967E+07  0.00000E+00 -0.55142E+05  0.70447E+03  0.00000E+00 -0.54410E+03  0.11942E+04  0.00000E+00 -0.60000E+03  0.23964E+07  0.15549E+04  0.00000E+00 -0.60000E+03  0.23967E+07
   16.4000  0.23918E+07  0.00000E+00 -0.30240E+07 -0.23952E+07  0.00000E+00 -0.55142E+05  0.70447E+03  0.00000E+00 -0.54409E+03  0.11942E+04  0.00000E+00 -0.60000E+03  0.23949E+07  0.15549E+04  0.00000E+00 -0.60000E+03  0.23952E+07
   16.6000  0.23906E+07  0.00000E+00 -0.30225E+07 -0.23931E+07  0.00000E+00 -0.55141E+05  0.70448E+03  0.00000E+00 -0.54408E+03  0.11942E+04  0.00000E+00 -0.60000E+03  0.23929E+07  0.15549E+04  0.00000E+00 -0.60000E+03  0.23931E+07
   16.8000  0.23893E+07  0.00000E+00 -0.30210E+07 -0.23906E+07  0.00000E+00 -0.55141E+05  0.70448E+03  0.00000E+00 -0.54407E+03  0.11942E+04  0.00000E+00 -0.60000E+03  0.23905E+07  0.15549E+04  0.00000E+00 -0.60000E+03  0.23906E+07
   17.0000  0.23878E+07  0.00000E+00 -0.30197E+07 -0.23879E+07  0.00000E+00 -0.55141E+05  0.70448E+03  0.00000E+00 -0.54406E+03  0.11942E+04  0.00000E+00 -0.60000E+03  0.23880E+07  0.15549E+04  0.00000E+00 -0.60000E+03  0.23879E+07
   17.2000  0.23861E+07  0.00000E+00 -0.30184E+07 -0.23854E+07  0.00000E+00 -0.55141E+05  0.70449E+03  0.00000E+00 -0.54405E+03  0.11942E+04  0.00000E+00 -0.60000E+03  0.23855E+07  0.15549E+04  0.00000E+00 -0.60000E+03  0.23854E+07
   17.4000  0.23843E+07  0.00000E+00 -0.30171E+07 -0.23831E+07  0.00000E+00 -0.55141E+05  0.70450E+03  0.00000E+00 -0.54404E+03  0.11942E+04  0.00000E+00 -0.60000E+03  0.23833E+07  0.15549E+04  0.00000E+00 -0.60000E+03  0.23831E+07
   17.6000  0.23825E+07  0.00000E+00 -0.30159E+07 -0.23812E+07  0.00000E+00 -0.55140E+05  0.70450E+03  0.00000E+00 -0.54402E+03  0.11942E+04  0.00000E+00 -0.60000E+03  0.23814E+07  0.15549E+04  0.00000E+00 -0.60000E+03  0.23812E+07
   17.8000  0.23807E+07  0.00000E+00 -0.30147E+07 -0.23796E+07  0.00000E+00 -0.55140E+05  0.70451E+03  0.00000E+00 -0.54400E+03  0.11942E+04  0.00000E+00 -0.60000E+03  0.23797E+07  0.15549E+04  0.00000E+00 -0.60000E+03  0.23796E+07
   18.0000  0.23791E+07  0.00000E+00 -0.30138E+07 -0.23782E+07  0.00000E+00 -0.55140E+05  0.70452E+03  0.00000E+00 -0.54399E+03  0.11942E+04  0.00000E+00 -0.60000E+03  0.23783E+07  0.15549E+04  0.00000E+00 -0.60000E+03  0.23782E+07
   18.2000  0.23778E+07  0.00000E+00 -0.30131E+07 -0.23770E+07  0.00000E+00 -0.55140E+05  0.70453E+03  0.00000E+00 -0.54397E+03  0.11942E+04  0.00000E+00 -0.60000E+03  0.23770E+07  0.15549E+04  0.00000E+00 -0.60000E+03  0.23770E+07
   18.4000  0.23769E+07  0.00000E+00 -0.30126E+07 -0.23758E+07  0.00000E+00 -0.55140E+05  0.70453E+03  0.00000E+00 -0.54396E+03  0.11942E+04  0.00000E+00 -0.60000E+03  0.23759E+07  0.15549E+04  0.00000E+00 -0.60000E+03  0.23758E+07
   18.6000  0.23763E+07  0.00000E+00 -0.30123E+07 -0.23748E+07  0.00000E+00 -0.55140E+05  0.70454E+03  0.00000E+00 -0.54395E+03  0.11942E+04  0.00000E+00 -0.60000E+03  0.23749E+07  0.15549E+04  0.00000E+00 -0.60000E+03  0.23748E+07
   18.8000  0.23760E+07  0.00000E+00 -0.30121E+07 -0.23740E+07  0.00000E+00 -0.55140E+05  0.70454E+03  0.00000E+00 -0.54395E+03  0.11942E+04  0.00000E+00 -0.60000E+03  0.23743E+07  0.15549E+04  0.00000E+00 -0.60000E+03  0.23740E+07
   19.0000  0.23758E+07  0.00000E+00 -0.30120E+07 -0.23737E+07  0.00000E+00 -0.55140E+05  0.70454E+03  0.00000E+00 -0.54395E+03  0.11942E+04  0.00000E+00 -0.60000E+03  0.23739E+07  0.15549E+04  0.00000E+00 -0.60000E+03  0.23737E+07
   19.2000  0.23759E+07  0.00000E+00 -0.30120E+07 -0.23738E+07  0.00000E+00 -0.55140E+05  0.70454E+03  0.00000E+00 -0.54395E+03  0.11942E+04  0.00000E+00 -0.60000E+03  0.23740E+07  0.15549E+04  0.00000E+00 -0.60000E+03  0.23738E+07
   19.4000  0.23761E+07  0.00000E+00 -0.30121E+07 -0.23742E+07  0.00000E+00 -0.55140E+05  0.70454E+03  0.00000E+00 -0.54396E+03  0.11942E+04  0.00000E+00 -0.60000E+03  0.23744E+07  0.15549E+04  0.00000E+00 -0.60000E+03  0.23742E+07
   19.6000  0.23765E+07  0.00000E+00 -0.30123E+07 -0.23749E+07  0.00000E+00 -0.55140E+05  0.70454E+03  0.00000E+00 -0.54396E+03  0.11942E+04  0.00000E+00 -0.60000E+03  0.23750E+07  0.15549E+04  0.00000E+00 -0.60000E+03  0.23749E+07
   19.8000  0.23769E+07  0.00000E+00 -0.30128E+07 -0.23758E+07  0.00000E+00 -0.55140E+05  0.70454E+03  0.00000E+00 -0.54397E+03  0.11942E+04  0.00000E+00 -0.60000E+03  0.23758E+07  0.15549E+04  0.00000E+00 -0.60000E+03  0.23758E+07
   20.0000  0.23776E+07  0.00000E+00 -0.30135E+07 -0.23766E+07  0.00000E+00 -0.55140E+05  0.70454E+03  0.00000E+00 -0.54398E+03  0.11942E+04  0.00000E+00 -0.60000E+03  0.23766E+07  0.15549E+04  0.00000E+00 -0.60000E+03  0.23766E+07
   20.2000  0.23782E+07  0.00000E+00 -0.30143E+07 -0.23775E+07  0.00000E+00 -0.55140E+05  0.70454E+03  0.00000E+00 -0.54399E+03  0.11942E+04  0.00000E+00 -0.60000E+03  0.23775E+07  0.15549E+04  0.00000E+00 -0.60000E+03  0.23775E+07
   20.4000  0.23789E+07  0.00000E+00 -0.30152E+07 -0.23783E+07  0.00000E+00 -0.55140E+05  0.70453E+03  0.00000E+00 -0.54401E+03  0.11942E+04  0.00000E+00 -0.60000E+03  0.23784E+07  0.15549E+04  0.00000E+00 -0.60000E+03  0.23783E+07
   20.6000  0.23796E+07  0.00000E+00 -0.30159E+07 -0.23793E+07  0.00000E+00 -0.55140E+05  0.70453E+03  0.00000E+00 -0.54402E+03  0.11942E+04  0.00000E+00 -0.60000E+03  0.23793E+07  0.15549E+04  0.00000E+00 -0.60000E+03  0.23793E+07
   20.8000  0.23802E+07  0.00000E+00 -0.30165E+07 -0.23803E+07  0.00000E+00 -0.55140E+05  0.70452E+03  0.00000E+00 -0.54404E+03  0.11942E+04  0.00000E+00 -0.60000E+03  0.23804E+07  0.15549E+04  0.00000E+00 -0.60000E+03  0.23803E+07
   21.0000  0.23807E+07  0.00000E+00 -0.30169E+07 -0.23814E+07  0.00000E+00 -0.55141E+05  0.70452E+03  0.00000E+00 -0.54405E+03  0.11942E+04  0.00000E+00 -0.60000E+03  0.23814E+07  0.15549E+04  0.00000E+00 -0.60000E+03  0.23814E+07
   21.2000  0.23812E+07  0.00000E+00 -0.30173E+07 -0.23825E+07  0.00000E+00 -0.55141E+05  0.70451E+03  0.00000E+00 -0.54406E+03  0.11942E+04  0.00000E+00 -0.60000E+03  0.23824E+07  0.15549E+04  0.00000E+00 -0.60000E+03  0.23825E+07
   21.4000  0.23817E+07  0.00000E+00 -0.30177E+07 -0.23834E+07  0.00000E+00 -0.55141E+05  0.70451E+03  0.00000E+00 -0.54407E+03  0.11942E+04  0.00000E+00 -0.60000E+03  0.23833E+07  0.15549E+04  0.00000E+00 -0.60000E+03  0.23834E+07
   21.6000  0.23822E+07  0.00000E+00 -0.30181E+07 -0.23842E+07  0.00000E+00 -0.55141E+05  0.70451E+03  0.00000E+00 -0.54407E+03  0.11942E+04  0.00000E+00 -0.60000E+03  0.23841E+07  0.15549E+04  0.00000E+00 -0.60000E+03  0.23842E+07
   21.8000  0.23826E+07  0.00000E+00 -0.30186E+07 -0.23847E+07  0.00000E+00 -0.55141E+05  0.70450E+03  0.00000E+00 -0.54407E+03  0.11942E+04  0.00000E+00 -0.60000E+03  0.23846E+07  0.15549E+04  0.00000E+00 -0.60000E+03  0.23847E+07
   22.0000  0.23831E+07  0.00000E+00 -0.30191E+07 -0.23850E+07  0.00000E+00 -0.55141E+05  0.70450E+03  0.00000E+00 -0.54407E+03  0.11942E+04  0.00000E+00 -0.60000E+03  0.23849E+07  0.15549E+04  0.00000E+00 -0.60000E+03  0.23850E+07
   22.2000  0.23834E+07  0.00000E+00 -0.30194E+07 -0.23852E+07  0.00000E+00 -0.55141E+05  0.70450E+03  0.00000E+00 -0.54407E+03  0.11942E+04  0.00000E+00 -0.60000E+03  0.23851E+07  0.15549E+04  0.00000E+00 -0.60000E+03  0.23852E+07
   22.4000  0.23837E+07  0.00000E+00 -0.30195E+07 -0.23853E+07  0.00000E+00 -0.55141E+05  0.70450E+03  0.00000E+00 -0.54406E+03  0.11942E+04  0.00000E+00 -0.60000E+03  0.23852E+07  0.15549E+04  0.00000E+00 -0.60000E+03  0.23853E+07
   22.6000  0.23838E+07  0.00000E+00 -0.30194E+07 -0.23852E+07  0.00000E+00 -0.55141E+05  0.70451E+03  0.00000E+00 -0.54406E+03  0.11942E+04  0.00000E+00 -0.60000E+03  0.23851E+07  0.15549E+04  0.00000E+00 -0.60000E+03  0.23852E+07
   22.8000  0.23837E+07  0.00000E+00 -0.30190E+07 -0.23850E+07  0.00000E+00 -0.55141E+05  0.70451E+03  0.00000E+00 -0.54405E+03  0.11942E+04  0.00000E+00 -0.60000E+03  0.23849E+07  0.15549E+04  0.00000E+00 -0.60000E+03  0.23850E+07
   23.0000  0.23836E+07  0.00000E+00 -0.30186E+07 -0.23847E+07  0.00000E+00 -0.55141E+05  0.70451E+03  0.00000E+00 -0.54404E+03  0.11942E+04  0.00000E+00 -0.60000E+03  0.23845E+07  0.15549E+04  0.00000E+00 -0.60000E+03  0.23847E+07
   23.2000  0.23833E+07  0.00000E+00 -0.30180E+07 -0.23841E+07  0.00000E+00 -0.55141E+05  0.70451E+03  0.00000E+00 -0.54403E+03  0.11942E+04  0.00000E+00 -0.60000E+03  0.23840E+07  0.15549E+04  0.00000E+00 -0.60000E+03  0.23841E+07
   23.4000  0.23829E+07  0.00000E+00 -0.30175E+07 -0.23833E+07  0.00000E+00 -0.55141E+05  0.70451E+03  0.00000E+00 -0.54402E+03  0.11942E+04  0.00000E+00 -0.60000E+03  0.23832E+07  0.15549E+04  0.00000E+00 -0.60000E+03  0.23833E+07
   23.6000  0.23825E+07  0.00000E+00 -0.30170E+07 -0.23824E+07  0.00000E+00 -0.55141E+05  0.70452E+03  0.00000E+00 -0.54401E+03  0.11942E+04  0.00000E+00 -0.60000E+03  0.23824E+07  0.15549E+04  0.00000E+00 -0.60000E+03  0.23824E+07
   23.8000  0.23820E+07  0.00000E+00 -0.30165E+07 -0.23816E+07  0.00000E+00 -0.55141E+05  0.70452E+03  0.00000E+00 -0.54401E+03  0.11942E+04  0.00000E+00 -0.60000E+03  0.23816E+07  0.15549E+04  0.00000E+00 -0.60000E+03  0.23816E+07
   24.0000  0.23815E+07  0.00000E+00 -0.30160E+07 -0.23808E+07  0.00000E+00 -0.55140E+05  0.70452E+03  0.00000E+00 -0.54400E+03  0.11942E+04  0.00000E+00 -0.60000E+03  0.23808E+07  0.15549E+04  0.00000E+00 -0.60000E+03  0.23808E+07
   24.2000  0.23810E+07  0.00000E+00 -0.30155E+07 -0.23801E+07  0.00000E+00 -0.55140E+05  0.70452E+03  0.00000E+00 -0.54400E+03  0.11942E+04  0.00000E+00 -0.60000E+03  0.23802E+07  0.15549E+04  0.00000E+00 -0.60000E+03  0.23801E+07
   24.4000  0.23806E+07  0.00000E+00 -0.30150E+07 -0.23796E+07  0.00000E+00 -0.55140E+05  0.70452E+03  0.00000E+00 -0.54399E+03  0.11942E+04  0.00000E+00 -0.60000E+03  0.23797E+07  0.15549E+04  0.00000E+00 -0.60000E+03  0.23796E+07
   24.6000  0.23804E+07  0.00000E+00 -0.30146E+07 -0.23793E+07  0.00000E+00 -0.55140E+05  0.70452E+03  0.00000E+00 -0.54399E+03  0.11942E+04  0.00000E+00 -0.60000E+03  0.23793E+07  0.15549E+04  0.00000E+00 -0.60000E+03  0.23793E+07
   24.8000  0.23804E+07  0.00000E+00 -0.30142E+07 -0.23790E+07  0.00000E+00 -0.55140E+05  0.70452E+03  0.00000E+00 -0.54399E+03  0.11942E+04  0.00000E+00 -0.60000E+03  0.23791E+07  0.15549E+04  0.00000E+00 -0.60000E+03  0.23790E+07
   25.0000  0.23807E+07  0.00000E+00 -0.30140E+07 -0.23789E+07  0.00000E+00 -0.55140E+05  0.70452E+03  0.00000E+00 -0.54399E+03  0.11942E+04  0.00000E+00 -0.60000E+03  0.23790E+07  0.15549E+04  0.00000E+00 -0.60000E+03  0.23789E+07
   25.2000  0.23812E+07  0.00000E+00 -0.30140E+07 -0.23790E+07  0.00000E+00 -0.55140E+05  0.70452E+03  0.00000E+00 -0.54400E+03  0.11942E+04  0.00000E+00 -0.60000E+03  0.23791E+07  0.15549E+04  0.00000E+00 -0.60000E+03  0.23790E+07
   25.4000  0.23819E+07  0.00000E+00 -0.30141E+07 -0.23793E+07  0.00000E+00 -0.55140E+05  0.70451E+03  0.00000E+00 -0.54401E+03  0.11942E+04  0.00000E+00 -0.60000E+03  0.23795E+07  0.15549E+04  0.00000E+00 -0.60000E+03  0.23793E+07
   25.6000  0.23827E+07  0.00000E+00 -0.30145E+07 -0.23799E+07  0.00000E+00 -0.55140E+05  0.70451E+03  0.00000E+00 -0.54402E+03  0.11942E+04  0.00000E+00 -0.60000E+03  0.23801E+07  0.15549E+04  0.00000E+00 -0.60000E+03  0.23799E+07
   25.8000  0.23835E+07  0.00000E+00 -0.30150E+07 -0.23808E+07  0.00000E+00 -0.55140E+05  0.70450E+03  0.00000E+00 -0.54403E+03  0.11942E+04  0.00000E+00 -0.60000E+03  0.23810E+07  0.15549E+04  0.00000E+00 -0.60000E+03  0.23808E+07
   26.0000  0.23843E+07  0.00000E+00 -0.30158E+07 -0.23821E+07  0.00000E+00 -0.55141E+05  0.70450E+03  0.00000E+00 -0.54404E+03  0.11942E+04  0.00000E+00 -0.60000E+03  0.23822E+07  0.15549E+04  0.00000E+00 -0.60000E+03  0.23821E+07
   26.2000  0.23851E+07  0.00000E+00 -0.30166E+07 -0.23836E+07  0.00000E+00 -0.55141E+05  0.70450E+03  0.00000E+00 -0.54406E+03  0.11942E+04  0.00000E+00 -0.60000E+03  0.23836E+07  0.15549E+04  0.00000E+00 -0.60000E+03  0.23836E+07
   26.4000  0.23860E+07  0.00000E+00 -0.30176E+07 -0.23851E+07  0.00000E+00 -0.55141E+05  0.70449E+03  0.00000E+00 -0.54406E+03  0.11942E+04  0.00000E+00 -0.60000E+03  0.23851E+07  0.15549E+04  0.00000E+00 -0.60000E+03  0.23851E+07
   26.6000  0.23869E+07  0.00000E+00 -0.30187E+07 -0.23866E+07  0.00000E+00 -0.55141E+05  0.70449E+03  0.00000E+00 -0.54407E+03  0.11942E+04  0.00000E+00 -0.60000E+03  0.23865E+07  0.15549E+04  0.00000E+00 -0.60000E+03  0.23866E+07
   26.8000  0.23876E+07  0.00000E+00 -0.30198E+07 -0.23879E+07  0.00000E+00 -0.55141E+05  0.70449E+03  0.00000E+00 -0.54408E+03  0.11942E+04  0.00000E+00 -0.60000E+03  0.23878E+07  0.15549E+04  0.00000E+00 -0.60000E+03  0.23879E+07
   27.0000  0.23881E+07  0.00000E+00 -0.30209E+07 -0.23890E+07  0.00000E+00 -0.55141E+05  0.70449E+03  0.00000E+00 -0.54408E+03  0.11942E+04  0.00000E+00 -0.60000E+03  0.23889E+07  0.15549E+04  0.00000E+00 -0.60000E+03  0.23890E+07
   27.2000  0.23884E+07  0.00000E+00 -0.30218E+07 -0.23899E+07  0.00000E+00 -0.55141E+05  0.70449E+03  0.00000E+00 -0.54408E+03  0.11942E+04  0.00000E+00 -0.60000E+03  0.23897E+07  0.15549E+04  0.00000E+00 -0.60000E+03  0.23899E+07
   27.4000  0.23884E+07  0.00000E+00 -0.30224E+07 -0.23904E+07  0.00000E+00 -0.55141E+05  0.70449E+03  0.00000E+00 -0.54408E+03  0.11942E+04  0.00000E+00 -0.60000E+03  0.23902E+07  0.15549E+04  0.00000E+00 -0.60000E+03  0.23904E+07
   27.6000  0.23881E+07  0.00000E+00 -0.30227E+07 -0.23907E+07  0.00000E+00 -0.55141E+05  0.70450E+03  0.00000E+00 -0.54408E+03  0.11942E+04  0.00000E+00 -0.60000E+03  0.23905E+07  0.15549E+04  0.00000E+00 -0.60000E+03  0.23907E+07
   27.8000  0.23876E+07  0.00000E+00 -0.30225E+07 -0.23906E+07  0.00000E+00 -0.55141E+05  0.70450E+03  0.00000E+00 -0.54408E+03  0.11942E+04  0.00000E+00 -0.60000E+03  0.23903E+07  0.15549E+04  0.00000E+00 -0.60000E+03  0.23906E+07
   28.0000  0.23870E+07  0.00000E+00 -0.30220E+07 -0.23900E+07  0.00000E+00 -0.55141E+05  0.70450E+03  0.00000E+00 -0.54407E+03  0.11942E+04  0.00000E+00 -0.60000E+03  0.23897E+07  0.15549E+04  0.00000E+00 -0.60000E+03  0.23900E+07
   28.2000  0.23861E+07  0.00000E+00 -0.30213E+07 -0.23890E+07  0.00000E+00 -0.55141E+05  0.70451E+03  0.00000E+00 -0.54406E+03  0.11942E+04  0.00000E+00 -0.60000E+03  0.23887E+07  0.15549E+04  0.00000E+00 -0.60000E+03  0.23890E+07
   28.4000  0.23850E+07  0.00000E+00 -0.30205E+07 -0.23875E+07  0.00000E+00 -0.55141E+05  0.70451E+03  0.00000E+00 -0.54405E+03  0.11942E+04  0.00000E+00 -0.60000E+03  0.23873E+07  0.15549E+04  0.00000E+00 -0.60000E+03  0.23875E+07
   28.6000  0.23837E+07  0.00000E+00 -0.30196E+07 -0.23856E+07  0.00000E+00 -0.55141E+05  0.70452E+03  0.00000E+00 -0.54404E+03  0.11942E+04  0.00000E+00 -0.60000E+03  0.23854E+07  0.15549E+04  0.00000E+00 -0.60000E+03  0.23856E+07
   28.8000  0.23821E+07  0.00000E+00 -0.30186E+07 -0.23835E+07  0.00000E+00 -0.55141E+05  0.70452E+03  0.00000E+00 -0.54403E+03  0.11942E+04  0.00000E+00 -0.60000E+03  0.23834E+07  0.15549E+04  0.00000E+00 -0.60000E+03  0.23835E+07
   29.0000  0.23803E+07  0.00000E+00 -0.30174E+07 -0.23812E+07  0.00000E+00 -0.55140E+05  0.70453E+03  0.00000E+00 -0.54402E+03  0.11942E+04  0.00000E+00 -0.60000E+03  0.23812E+07  0.15549E+04  0.00000E+00 -0.60000E+03  0.23812E+07
   29.2000  0.23785E+07  0.00000E+00 -0.30159E+07 -0.23790E+07  0.00000E+00 -0.55140E+05  0.70453E+03  0.00000E+00 -0.54401E+03  0.11942E+04  0.00000E+00 -0.60000E+03  0.23790E+07  0.15549E+04  0.00000E+00 -0.60000E+03  0.23790E+07
   29.4000  0.23767E+07  0.00000E+00 -0.30143E+07 -0.23768E+07  0.00000E+00 -0.55140E+05  0.70453E+03  0.00000E+00 -0.54400E+03  0.11942E+04  0.00000E+00 -0.60000E+03  0.23769E+07  0.15549E+04  0.00000E+00 -0.60000E+03  0.23768E+07
   29.6000  0.23752E+07  0.00000E+00 -0.30127E+07 -0.23748E+07  0.00000E+00 -0.55140E+05  0.70453E+03  0.00000E+00 -0.54400E+03  0.11942E+04  0.00000E+00 -0.60000E+03  0.23749E+07  0.15549E+04  0.00000E+00 -0.60000E+03  0.23748E+07
   29.8000  0.23740E+07  0.00000E+00 -0.30111E+07 -0.23729E+07  0.00000E+00 -0.55140E+05  0.70454E+03  0.00000E+00 -0.54399E+03  0.11942E+04  0.00000E+00 -0.60000E+03  0.23730E+07  0.15549E+04  0.00000E+00 -0.60000E+03  0.23729E+07
   30.0000  0.23731E+07  0.00000E+00 -0.30099E+07 -0.23712E+07  0.00000E+00 -0.55140E+05  0.70454E+03  0.00000E+00 -0.54399E+03  0.11942E+04  0.00000E+00 -0.60000E+03  0.23714E+07  0.15549E+04  0.00000E+00 -0.60000E+03  0.23712E+07
   30.2000  0.23726E+07  0.00000E+00 -0.30090E+07 -0.23698E+07  0.00000E+00 -0.55140E+05  0.70454E+03  0.00000E+00 -0.54399E+03  0.11942E+04  0.00000E+00 -0.60000E+03  0.23700E+07  0.15549E+04  0.00000E+00 -0.60000E+03  0.23698E+07
   30.4000  0.23725E+07  0.00000E+00 -0.30084E+07 -0.23688E+07  0.00000E+00 -0.55139E+05  0.70454E+03  0.00000E+00 -0.54399E+03  0.11942E+04  0.00000E+00 -0.60000E+03  0.23691E+07  0.15549E+04  0.00000E+00 -0.60000E+03  0.23688E+07
   30.6000  0.23727E+07  0.00000E+00 -0.30082E+07 -0.23683E+07  0.00000E+00 -0.55139E+05  0.70454E+03  0.00000E+00 -0.54399E+03  0.11942E+04  0.00000E+00 -0.60000E+03  0.23687E+07  0.15549E+04  0.00000E+00 -0.60000E+03  0.23683E+07
   30.8000  0.23731E+07  0.00000E+00 -0.30083E+07 -0.23685E+07  0.00000E+00 -0.55139E+05  0.70454E+03  0.00000E+00 -0.54399E+03  0.11942E+04  0.00000E+00 -0.60000E+03  0.23690E+07  0.15549E+04  0.00000E+00 -0.60000E+03  0.23685E+07
   31.0000  0.23738E+07  0.00000E+00 -0.30087E+07 -0.23695E+07  0.00000E+00 -0.55140E+05  0.70453E+03  0.00000E+00 -0.54399E+03  0.11942E+04  0.00000E+00 -0.60000E+03  0.23699E+07  0.15549E+04  0.00000E+00 -0.60000E+03  0.23695E+07
   31.2000  0.23748E+07  0.00000E+00 -0.30094E+07 -0.23711E+07  0.00000E+00 -0.55140E+05  0.70453E+03  0.00000E+00 -0.54399E+03  0.11942E+04  0.00000E+00 -0.60000E+03  0.23714E+07  0.15549E+04  0.00000E+00 -0.60000E+03  0.23711E+07
   31.4000  0.23761E+07  0.00000E+00 -0.30105E+07 -0.23732E+07  0.00000E+00 -0.55140E+05  0.70453E+03  0.00000E+00 -0.54400E+03  0.11942E+04  0.00000E+00 -0.60000E+03  0.23735E+07  0.15549E+04  0.00000E+00 -0.60000E+03  0.23732E+07
   31.6000  0.23777E+07  0.00000E+00 -0.30120E+07 -0.23758E+07  0.00000E+00 -0.55140E+05  0.70453E+03  0.00000E+00 -0.54400E+03  0.11942E+04  0.00000E+00 -0.60000E+03  0.23759E+07  0.15549E+04  0.00000E+00 -0.60000E+03  0.23758E+07
   31.8000  0.23797E+07  0.00000E+00 -0.30137E+07 -0.23785E+07  0.00000E+00 -0.55140E+05  0.70452E+03  0.00000E+00 -0.54401E+03  0.11942E+04  0.00000E+00 -0.60000E+03  0.23786E+07  0.15549E+04  0.00000E+00 -0.60000E+03  0.23785E+07
   32.0000  0.23818E+07  0.00000E+00 -0.30158E+07 -0.23813E+07  0.00000E+00 -0.55141E+05  0.70452E+03  0.00000E+00 -0.54402E+03  0.11942E+04  0.00000E+00 -0.60000E+03  0.23813E+07  0.15549E+04  0.00000E+00 -0.60000E+03  0.23813E+07
   32.2000  0.23840E+07  0.00000E+00 -0.30179E+07 -0.23841E+07  0.00000E+00 -0.55141E+05  0.70451E+03  0.00000E+00 -0.54403E+03  0.11942E+04  0.00000E+00 -0.60000E+03  0.23841E+07  0.15549E+04  0.00000E+00 -0.60000E+03  0.23841E+07
   32.4000  0.23860E+07  0.00000E+00 -0.30201E+07 -0.23869E+07  0.00000E+00 -0.55141E+05  0.70451E+03  0.00000E+00 -0.54404E+03  0.11942E+04  0.00000E+00 -0.60000E+03  0.23868E+07  0.15549E+04  0.00000E+00 -0.60000E+03  0.23869E+07
   32.6000  0.23877E+07  0.00000E+00 -0.30220E+07 -0.23895E+07  0.00000E+00 -0.55141E+05  0.70450E+03  0.00000E+00 -0.54405E+03  0.11942E+04  0.00000E+00 -0.60000E+03  0.23893E+07  0.15549E+04  0.00000E+00 -0.60000E+03  0.23894E+07
   32.8000  0.23890E+07  0.00000E+00 -0.30235E+07 -0.23918E+07  0.00000E+00 -0.55141E+05  0.70450E+03  0.00000E+00 -0.54405E+03  0.11942E+04  0.00000E+00 -0.60000E+03  0.23915E+07  0.15549E+04  0.00000E+00 -0.60000E+03  0.23918E+07
   33.0000  0.23898E+07  0.00000E+00 -0.30247E+07 -0.23937E+07  0.00000E+00 -0.55142E+05  0.70450E+03  0.00000E+00 -0.54405E+03  0.11942E+04  0.00000E+00 -0.60000E+03  0.23933E+07  0.15549E+04  0.00000E+00 -0.60000E+03  0.23937E+07
   33.2000  0.23904E+07  0.00000E+00 -0.30254E+07 -0.23950E+07  0.00000E+00 -0.55142E+05  0.70450E+03  0.00000E+00 -0.54405E+03  0.11942E+04  0.00000E+00 -0.60000E+03  0.23945E+07  0.15549E+04  0.00000E+00 -0.60000E+03  0.23950E+07
   33.4000  0.23906E+07  0.00000E+00 -0.30256E+07 -0.23956E+07  0.00000E+00 -0.55142E+05  0.70450E+03  0.00000E+00 -0.54405E+03  0.11942E+04  0.00000E+00 -0.60000E+03  0.23951E+07  0.15549E+04  0.00000E+00 -0.60000E+03  0.23956E+07
   33.6000  0.23905E+07  0.00000E+00 -0.30255E+07 -0.23954E+07  0.00000E+00 -0.55142E+05  0.70449E+03  0.00000E+00 -0.54405E+03  0.11942E+04  0.00000E+00 -0.60000E+03  0.23949E+07  0.15549E+04  0.00000E+00 -0.60000E+03  0.23954E+07
   33.8000  0.23900E+07  0.00000E+00 -0.30250E+07 -0.23945E+07  0.00000E+00 -0.55142E+05  0.70450E+03  0.00000E+00 -0.54405E+03  0.11942E+04  0.00000E+00 -0.60000E+03  0.23941E+07  0.15549E+04  0.00000E+00 -0.60000E+03  0.23945E+07
   34.0000  0.23893E+07  0.00000E+00 -0.30242E+07 -0.23930E+07  0.00000E+00 -0.55141E+05  0.70450E+03  0.00000E+00 -0.54404E+03  0.11942E+04  0.00000E+00 -0.60000E+03  0.23927E+07  0.15549E+04  0.00000E+00 -0.60000E+03  0.23930E+07
   34.2000  0.23882E+07  0.00000E+00 -0.30230E+07 -0.23910E+07  0.00000E+00 -0.55141E+05  0.70450E+03  0.00000E+00 -0.54403E+03  0.11942E+04  0.00000E+00 -0.60000E+03  0.23909E+07  0.15549E+04  0.00000E+00 -0.60000E+03  0.23910E+07
   34.4000  0.23868E+07  0.00000E+00 -0.30214E+07 -0.23889E+07  0.00000E+00 -0.55141E+05  0.70450E+03  0.00000E+00 -0.54403E+03  0.11942E+04  0.00000E+00 -0.60000E+03  0.23888E+07  0.15549E+04  0.00000E+00 -0.60000E+03  0.23889E+07
   34.6000  0.23853E+07  0.00000E+00 -0.30197E+07 -0.23866E+07  0.00000E+00 -0.55141E+05  0.70450E+03  0.00000E+00 -0.54402E+03  0.11942E+04  0.00000E+00 -0.60000E+03  0.23866E+07  0.15549E+04  0.00000E+00 -0.60000E+03  0.23866E+07
   34.8000  0.23836E+07  0.00000E+00 -0.30178E+07 -0.23843E+07  0.00000E+00 -0.55141E+05  0.70451E+03  0.00000E+00 -0.54401E+03  0.11942E+04  0.00000E+00 -0.60000E+03  0.23843E+07  0.15549E+04  0.00000E+00 -0.60000E+03  0.23843E+07
   35.0000  0.23820E+07  0.00000E+00 -0.30161E+07 -0.23821E+07  0.00000E+00 -0.55141E+05  0.70451E+03  0.00000E+00 -0.54400E+03  0.11942E+04  0.00000E+00 -0.60000E+03  0.23821E+07  0.15549E+04  0.00000E+00 -0.60000E+03  0.23821E+07
   35.2000  0.23805E+07  0.00000E+00 -0.30145E+07 -0.23799E+07  0.00000E+00 -0.55140E+05  0.70451E+03  0.00000E+00 -0.54400E+03  0.11942E+04  0.00000E+00 -0.60000E+03  0.23800E+07  0.15549E+04  0.00000E+00 -0.60000E+03  0.23799E+07
   35.4000  0.23793E+07  0.00000E+00 -0.30133E+07 -0.23780E+07  0.00000E+00 -0.55140E+05  0.70451E+03  0.00000E+00 -0.54400E+03  0.11942E+04  0.00000E+00 -0.60000E+03  0.23782E+07  0.15549E+04  0.00000E+00 -0.60000E+03  0.23780E+07
   35.6000  0.23785E+07  0.00000E+00 -0.30124E+07 -0.23763E+07  0.00000E+00 -0.55140E+05  0.70451E+03  0.00000E+00 -0.54399E+03  0.11942E+04  0.00000E+00 -0.60000E+03  0.23766E+07  0.15549E+04  0.00000E+00 -0.60000E+03  0.23763E+07
   35.8000  0.23780E+07  0.00000E+00 -0.30117E+07 -0.23751E+07  0.00000E+00 -0.55140E+05  0.70451E+03  0.00000E+00 -0.54400E+03  0.11942E+04  0.00000E+00 -0.60000E+03  0.23754E+07  0.15549E+04  0.00000E+00 -0.60000E+03  0.23751E+07
   36.0000  0.23778E+07  0.00000E+00 -0.30113E+07 -0.23744E+07  0.00000E+00 -0.55140E+05  0.70452E+03  0.00000E+00 -0.54400E+03  0.11942E+04  0.00000E+00 -0.60000E+03  0.23747E+07  0.15549E+04  0.00000E+00 -0.60000E+03  0.23744E+07
   36.2000  0.23780E+07  0.00000E+00 -0.30112E+07 -0.23742E+07  0.00000E+00 -0.55140E+05  0.70452E+03  0.00000E+00 -0.54400E+03  0.11942E+04  0.00000E+00 -0.60000E+03  0.23745E+07  0.15549E+04  0.00000E+00 -0.60000E+03  0.23742E+07
   36.4000  0.23783E+07  0.00000E+00 -0.30113E+07 -0.23746E+07  0.00000E+00 -0.55140E+05  0.70452E+03  0.00000E+00 -0.54401E+03  0.11942E+04  0.00000E+00 -0.60000E+03  0.23749E+07  0.15549E+04  0.00000E+00 -0.60000E+03  0.23746E+07
   36.6000  0.23788E+07  0.00000E+00 -0.30118E+07 -0.23755E+07  0.00000E+00 -0.55140E+05  0.70452E+03  0.00000E+00 -0.54401E+03  0.11942E+04  0.00000E+00 -0.60000E+03  0.23757E+07  0.15549E+04  0.00000E+00 -0.60000E+03  0.23755E+07
   36.8000  0.23795E+07  0.00000E+00 -0.30126E+07 -0.23767E+07  0.00000E+00 -0.55140E+05  0.70452E+03  0.00000E+00 -0.54402E+03  0.11942E+04  0.00000E+00 -0.60000E+03  0.23769E+07  0.15549E+04  0.00000E+00 -0.60000E+03  0.23768E+07
   37.0000  0.23802E+07  0.00000E+00 -0.30138E+07 -0.23783E+07  0.00000E+00 -0.55140E+05  0.70452E+03  0.00000E+00 -0.54402E+03  0.11942E+04  0.00000E+00 -0.60000E+03  0.23784E+07  0.15549E+04  0.00000E+00 -0.60000E+03  0.23783E+07
   37.2000  0.23811E+07  0.00000E+00 -0.30151E+07 -0.23800E+07  0.00000E+00 -0.55140E+05  0.70452E+03  0.00000E+00 -0.54402E+03  0.11942E+04  0.00000E+00 -0.60000E+03  0.23801E+07  0.15549E+04  0.00000E+00 -0.60000E+03  0.23800E+07
   37.4000  0.23820E+07  0.00000E+00 -0.30166E+07 -0.23818E+07  0.00000E+00 -0.55141E+05  0.70452E+03  0.00000E+00 -0.54403E+03  0.11942E+04  0.00000E+00 -0.60000E+03  0.23818E+07  0.15549E+04  0.00000E+00 -0.60000E+03  0.23818E+07
   37.6000  0.23828E+07  0.00000E+00 -0.30181E+07 -0.23835E+07  0.00000E+00 -0.55141E+05  0.70452E+03  0.00000E+00 -0.54404E+03  0.11942E+04  0.00000E+00 -0.60000E+03  0.23834E+07  0.15549E+04  0.00000E+00 -0.60000E+03  0.23835E+07
   37.8000  0.23836E+07  0.00000E+00 -0.30194E+07 -0.23851E+07  0.00000E+00 -0.55141E+05  0.70451E+03  0.00000E+00 -0.54404E+03  0.11942E+04  0.00000E+00 -0.60000E+03  0.23850E+07  0.15549E+04  0.00000E+00 -0.60000E+03  0.23851E+07
   38.0000  0.23843E+07  0.00000E+00 -0.30204E+07 -0.23865E+07  0.00000E+00 -0.55141E+05  0.70451E+03  0.00000E+00 -0.54405E+03  0.11942E+04  0.00000E+00 -0.60000E+03  0.23863E+07  0.15549E+04  0.00000E+00 -0.60000E+03  0.23865E+07
   38.2000  0.23848E+07  0.00000E+00 -0.30211E+07 -0.23875E+07  0.00000E+00 -0.55141E+05  0.70451E+03  0.00000E+00 -0.54406E+03  0.11942E+04  0.00000E+00 -0.60000E+03  0.23873E+07  0.15549E+04  0.00000E+00 -0.60000E+03  0.23875E+07
   38.4000  0.23851E+07  0.00000E+00 -0.30215E+07 -0.23882E+07  0.00000E+00 -0.55141E+05  0.70451E+03  0.00000E+00 -0.54406E+03  0.11942E+04  0.00000E+00 -0.60000E+03  0.23879E+07  0.15549E+04  0.00000E+00 -0.60000E+03  0.23882E+07
   38.6000  0.23852E+07  0.00000E+00 -0.30215E+07 -0.23884E+07  0.00000E+00 -0.55141E+05  0.70451E+03  0.00000E+00 -0.54406E+03  0.11942E+04  0.00000E+00 -0.60000E+03  0.23881E+07  0.15549E+04  0.00000E+00 -0.60000E+03  0.23884E+07
   38.8000  0.23852E+07  0.00000E+00 -0.30212E+07 -0.23881E+07  0.00000E+00 -0.55141E+05  0.70451E+03  0.00000E+00 -0.54406E+03  0.11942E+04  0.00000E+00 -0.60000E+03  0.23878E+07  0.15549E+04  0.00000E+00 -0.60000E+03  0.23881E+07
   39.0000  0.23849E+07  0.00000E+00 -0.30207E+07 -0.23873E+07  0.00000E+00 -0.55141E+05  0.70451E+03  0.00000E+00 -0.54406E+03  0.11942E+04  0.00000E+00 -0.60000E+03  0.23871E+07  0.15549E+04  0.00000E+00 -0.60000E+03  0.23873E+07
   39.2000  0.23844E+07  0.00000E+00 -0.30200E+07 -0.23861E+07  0.00000E+00 -0.55141E+05  0.70452E+03  0.00000E+00 -0.54406E+03  0.11942E+04  0.00000E+00 -0.60000E+03  0.23859E+07  0.15549E+04  0.00000E+00 -0.60000E+03  0.23861E+07
   39.4000  0.23835E+07  0.00000E+00 -0.30192E+07 -0.23846E+07  0.00000E+00 -0.55141E+05  0.70452E+03  0.00000E+00 -0.54406E+03  0.11942E+04  0.00000E+00 -0.60000E+03  0.23844E+07  0.15549E+04  0.00000E+00 -0.60000E+03  0.23846E+07
   39.6000  0.23823E+07  0.00000E+00 -0.30181E+07 -0.23828E+07  0.00000E+00 -0.55141E+05  0.70452E+03  0.00000E+00 -0.54405E+03  0.11942E+04  0.00000E+00 -0.60000E+03  0.23827E+07  0.15549E+04  0.00000E+00 -0.60000E+03  0.23828E+07
   39.8000  0.23809E+07  0.00000E+00 -0.30167E+07 -0.23809E+07  0.00000E+00 -0.55140E+05  0.70452E+03  0.00000E+00 -0.54404E+03  0.11942E+04  0.00000E+00 -0.60000E+03  0.23809E+07  0.15549E+04  0.00000E+00 -0.60000E+03  0.23809E+07
   40.0000  0.23796E+07  0.00000E+00 -0.30152E+07 -0.23790E+07  0.00000E+00 -0.55140E+05  0.70452E+03  0.00000E+00 -0.54403E+03  0.11942E+04  0.00000E+00 -0.60000E+03  0.23790E+07  0.15549E+04  0.00000E+00 -0.60000E+03  0.23790E+07
   40.2000  0.23784E+07  0.00000E+00 -0.30137E+07 -0.23771E+07  0.00000E+00 -0.55140E+05  0.70453E+03  0.00000E+00 -0.54403E+03  0.11942E+04  0.00000E+00 -0.60000E+03  0.23772E+07  0.15549E+04  0.00000E+00 -0.60000E+03  0.23771E+07
   40.4000  0.23775E+07  0.00000E+00 -0.30122E+07 -0.23754E+07  0.00000E+00 -0.55140E+05  0.70453E+03  0.00000E+00 -0.54402E+03  0.11942E+04  0.00000E+00 -0.60000E+03  0.23755E+07  0.15549E+04  0.00000E+00 -0.60000E+03  0.23754E+07
   40.6000  0.23768E+07  0.00000E+00 -0.30110E+07 -0.23739E+07  0.00000E+00 -0.55140E+05  0.70453E+03  0.00000E+00 -0.54401E+03  0.11942E+04  0.00000E+00 -0.60000E+03  0.23741E+07  0.15549E+04  0.00000E+00 -0.60000E+03  0.23739E+07
   40.8000  0.23763E+07  0.00000E+00 -0.30101E+07 -0.23727E+07  0.00000E+00 -0.55140E+05  0.70453E+03  0.00000E+00 -0.54401E+03  0.11942E+04  0.00000E+00 -0.60000E+03  0.23729E+07  0.15549E+04  0.00000E+00 -0.60000E+03  0.23727E+07
   41.0000  0.23761E+07  0.00000E+00 -0.30098E+07 -0.23719E+07  0.00000E+00 -0.55140E+05  0.70453E+03  0.00000E+00 -0.54400E+03  0.11942E+04  0.00000E+00 -0.60000E+03  0.23722E+07  0.15549E+04  0.00000E+00 -0.60000E+03  0.23719E+07
   41.2000  0.23759E+07  0.00000E+00 -0.30098E+07 -0.23717E+07  0.00000E+00 -0.55140E+05  0.70453E+03  0.00000E+00 -0.54400E+03  0.11942E+04  0.00000E+00 -0.60000E+03  0.23720E+07  0.15549E+04  0.00000E+00 -0.60000E+03  0.23717E+07
   41.4000  0.23761E+07  0.00000E+00 -0.30101E+07 -0.23721E+07  0.00000E+00 -0.55140E+05  0.70453E+03  0.00000E+00 -0.54400E+03  0.11942E+04  0.00000E+00 -0.60000E+03  0.23724E+07  0.15549E+04  0.00000E+00 -0.60000E+03  0.23721E+07
   41.6000  0.23764E+07  0.00000E+00 -0.30107E+07 -0.23730E+07  0.00000E+00 -0.55140E+05  0.70452E+03  0.00000E+00 -0.54400E+03  0.11942E+04  0.00000E+00 -0.60000E+03  0.23734E+07  0.15549E+04  0.00000E+00 -0.60000E+03  0.23730E+07
   41.8000  0.23771E+07  0.00000E+00 -0.30115E+07 -0.23745E+07  0.00000E+00 -0.55140E+05  0.70452E+03  0.00000E+00 -0.54401E+03  0.11942E+04  0.00000E+00 -0.60000E+03  0.23748E+07  0.15549E+04  0.00000E+00 -0.60000E+03  0.23745E+07
   42.0000  0.23781E+07  0.00000E+00 -0.30126E+07 -0.23764E+07  0.00000E+00 -0.55140E+05  0.70452E+03  0.00000E+00 -0.54401E+03  0.11942E+04  0.00000E+00 -0.60000E+03  0.23765E+07  0.15549E+04  0.00000E+00 -0.60000E+03  0.23764E+07
   42.2000  0.23794E+07  0.00000E+00 -0.30139E+07 -0.23784E+07  0.00000E+00 -0.55140E+05  0.70451E+03  0.00000E+00 -0.54401E+03  0.11942E+04  0.00000E+00 -0.60000E+03  0.23785E+07  0.15549E+04  0.00000E+00 -0.60000E+03  0.23784E+07
   42.4000  0.23810E+07  0.00000E+00 -0.30154E+07 -0.23806E+07  0.00000E+00 -0.55140E+05  0.70451E+03  0.00000E+00 -0.54402E+03  0.11942E+04  0.00000E+00 -0.60000E+03  0.23806E+07  0.15549E+04  0.00000E+00 -0.60000E+03  0.23806E+07
   42.6000  0.23826E+07  0.00000E+00 -0.30170E+07 -0.23828E+07  0.00000E+00 -0.55141E+05  0.70451E+03  0.00000E+00 -0.54403E+03  0.11942E+04  0.00000E+00 -0.60000E+03  0.23828E+07  0.15549E+04  0.00000E+00 -0.60000E+03  0.23828E+07
   42.8000  0.23842E+07  0.00000E+00 -0.30186E+07 -0.23849E+07  0.00000E+00 -0.55141E+05  0.70450E+03  0.00000E+00 -0.54403E+03  0.11942E+04  0.00000E+00 -0.60000E+03  0.23849E+07  0.15549E+04  0.00000E+00 -0.60000E+03  0.23849E+07
   43.0000  0.23858E+07  0.00000E+00 -0.30202E+07 -0.23871E+07  0.00000E+00 -0.55141E+05  0.70450E+03  0.00000E+00 -0.54404E+03  0.11942E+04  0.00000E+00 -0.60000E+03  0.23870E+07  0.15549E+04  0.00000E+00 -0.60000E+03  0.23871E+07
   43.2000  0.23871E+07  0.00000E+00 -0.30215E+07 -0.23891E+07  0.00000E+00 -0.55141E+05  0.70450E+03  0.00000E+00 -0.54405E+03  0.11942E+04  0.00000E+00 -0.60000E+03  0.23890E+07  0.15549E+04  0.00000E+00 -0.60000E+03  0.23891E+07
   43.4000  0.23882E+07  0.00000E+00 -0.30225E+07 -0.23910E+07  0.00000E+00 -0.55141E+05  0.70450E+03  0.00000E+00 -0.54405E+03  0.11942E+04  0.00000E+00 -0.60000E+03  0.23908E+07  0.15549E+04  0.00000E+00 -0.60000E+03  0.23910E+07
   43.6000  0.23891E+07  0.00000E+00 -0.30234E+07 -0.23925E+07  0.00000E+00 -0.55141E+05  0.70449E+03  0.00000E+00 -0.54406E+03  0.11942E+04  0.00000E+00 -0.60000E+03  0.23922E+07  0.15549E+04  0.00000E+00 -0.60000E+03  0.23925E+07
   43.8000  0.23897E+07  0.00000E+00 -0.30239E+07 -0.23936E+07  0.00000E+00 -0.55142E+05  0.70449E+03  0.00000E+00 -0.54406E+03  0.11942E+04  0.00000E+00 -0.60000E+03  0.23932E+07  0.15549E+04  0.00000E+00 -0.60000E+03  0.23935E+07
   44.0000  0.23901E+07  0.00000E+00 -0.30243E+07 -0.23940E+07  0.00000E+00 -0.55142E+05  0.70449E+03  0.00000E+00 -0.54406E+03  0.11942E+04  0.00000E+00 -0.60000E+03  0.23937E+07  0.15549E+04  0.00000E+00 -0.60000E+03  0.23940E+07
   44.2000  0.23902E+07  0.00000E+00 -0.30244E+07 -0.23939E+07  0.00000E+00 -0.55142E+05  0.70449E+03  0.00000E+00 -0.54406E+03  0.11942E+04  0.00000E+00 -0.60000E+03  0.23936E+07  0.15549E+04  0.00000E+00 -0.60000E+03  0.23939E+07
   44.4000  0.23899E+07  0.00000E+00 -0.30242E+07 -0.23933E+07  0.00000E+00 -0.55142E+05  0.70449E+03  0.00000E+00 -0.54405E+03  0.11942E+04  0.00000E+00 -0.60000E+03  0.23930E+07  0.15549E+04  0.00000E+00 -0.60000E+03  0.23933E+07
   44.6000  0.23893E+07  0.00000E+00 -0.30236E+07 -0.23922E+07  0.00000E+00 -0.55141E+05  0.70450E+03  0.00000E+00 -0.54405E+03  0.11942E+04  0.00000E+00 -0.60000E+03  0.23920E+07  0.15549E+04  0.00000E+00 -0.60000E+03  0.23922E+07
   44.8000  0.23884E+07  0.00000E+00 -0.30227E+07 -0.23908E+07  0.00000E+00 -0.55141E+05  0.70450E+03  0.00000E+00 -0.54405E+03  0.11942E+04  0.00000E+00 -0.60000E+03  0.23906E+07  0.15549E+04  0.00000E+00 -0.60000E+03  0.23908E+07
   45.0000  0.23872E+07  0.00000E+00 -0.30214E+07 -0.23890E+07  0.00000E+00 -0.55141E+05  0.70450E+03  0.00000E+00 -0.54404E+03  0.11942E+04  0.00000E+00 -0.60000E+03  0.23889E+07  0.15549E+04  0.00000E+00 -0.60000E+03  0.23890E+07
   45.2000  0.23859E+07  0.00000E+00 -0.30198E+07 -0.23871E+07  0.00000E+00 -0.55141E+05  0.70450E+03  0.00000E+00 -0.54404E+03  0.11942E+04  0.00000E+00 -0.60000E+03  0.23870E+07  0.15549E+04  0.00000E+00 -0.60000E+03  0.23871E+07
   45.4000  0.23845E+07  0.00000E+00 -0.30182E+07 -0.23849E+07  0.00000E+00 -0.55141E+05  0.70451E+03  0.00000E+00 -0.54403E+03  0.11942E+04  0.00000E+00 -0.60000E+03  0.23849E+07  0.15549E+04  0.00000E+00 -0.60000E+03  0.23849E+07
   45.6000  0.23831E+07  0.00000E+00 -0.30165E+07 -0.23827E+07  0.00000E+00 -0.55141E+05  0.70451E+03  0.00000E+00 -0.54402E+03  0.11942E+04  0.00000E+00 -0.60000E+03  0.23827E+07  0.15549E+04  0.00000E+00 -0.60000E+03  0.23827E+07
   45.8000  0.23817E+07  0.00000E+00 -0.30151E+07 -0.23804E+07  0.00000E+00 -0.55140E+05  0.70451E+03  0.00000E+00 -0.54401E+03  0.11942E+04  0.00000E+00 -0.60000E+03  0.23805E+07  0.15549E+04  0.00000E+00 -0.60000E+03  0.23804E+07
   46.0000  0.23804E+07  0.00000E+00 -0.30138E+07 -0.23783E+07  0.00000E+00 -0.55140E+05  0.70452E+03  0.00000E+00 -0.54401E+03  0.11942E+04  0.00000E+00 -0.60000E+03  0.23785E+07  0.15549E+04  0.00000E+00 -0.60000E+03  0.23783E+07
   46.2000  0.23792E+07  0.00000E+00 -0.30128E+07 -0.23765E+07  0.00000E+00 -0.55140E+05  0.70452E+03  0.00000E+00 -0.54400E+03  0.11942E+04  0.00000E+00 -0.60000E+03  0.23767E+07  0.15549E+04  0.00000E+00 -0.60000E+03  0.23765E+07
   46.4000  0.23782E+07  0.00000E+00 -0.30120E+07 -0.23750E+07  0.00000E+00 -0.55140E+05  0.70453E+03  0.00000E+00 -0.54399E+03  0.11942E+04  0.00000E+00 -0.60000E+03  0.23753E+07  0.15549E+04  0.00000E+00 -0.60000E+03  0.23750E+07
   46.6000  0.23772E+07  0.00000E+00 -0.30114E+07 -0.23740E+07  0.00000E+00 -0.55140E+05  0.70453E+03  0.00000E+00 -0.54399E+03  0.11942E+04  0.00000E+00 -0.60000E+03  0.23743E+07  0.15549E+04  0.00000E+00 -0.60000E+03  0.23741E+07
   46.8000  0.23765E+07  0.00000E+00 -0.30111E+07 -0.23736E+07  0.00000E+00 -0.55140E+05  0.70453E+03  0.00000E+00 -0.54399E+03  0.11942E+04  0.00000E+00 -0.60000E+03  0.23738E+07  0.15549E+04  0.00000E+00 -0.60000E+03  0.23736E+07
   47.0000  0.23761E+07  0.00000E+00 -0.30110E+07 -0.23735E+07  0.00000E+00 -0.55140E+05  0.70453E+03  0.00000E+00 -0.54399E+03  0.11942E+04  0.00000E+00 -0.60000E+03  0.23737E+07  0.15549E+04  0.00000E+00 -0.60000E+03  0.23735E+07
   47.2000  0.23760E+07  0.00000E+00 -0.30111E+07 -0.23738E+07  0.00000E+00 -0.55140E+05  0.70453E+03  0.00000E+00 -0.54399E+03  0.11942E+04  0.00000E+00 -0.60000E+03  0.23740E+07  0.15549E+04  0.00000E+00 -0.60000E+03  0.23738E+07
   47.4000  0.23762E+07  0.00000E+00 -0.30117E+07 -0.23744E+07  0.00000E+00 -0.55140E+05  0.70453E+03  0.00000E+00 -0.54399E+03  0.11942E+04  0.00000E+00 -0.60000E+03  0.23745E+07  0.15549E+04  0.00000E+00 -0.60000E+03  0.23744E+07
   47.6000  0.23765E+07  0.00000E+00 -0.30125E+07 -0.23752E+07  0.00000E+00 -0.55140E+05  0.70453E+03  0.00000E+00 -0.54400E+03  0.11942E+04  0.00000E+00 -0.60000E+03  0.23754E+07  0.15549E+04  0.00000E+00 -0.60000E+03  0.23752E+07
   47.8000  0.23770E+07  0.00000E+00 -0.30136E+07 -0.23763E+07  0.00000E+00 -0.55140E+05  0.70453E+03  0.00000E+00 -0.54400E+03  0.11942E+04  0.00000E+00 -0.60000E+03  0.23764E+07  0.15549E+04  0.00000E+00 -0.60000E+03  0.23763E+07
   48.0000  0.23776E+07  0.00000E+00 -0.30147E+07 -0.23776E+07  0.00000E+00 -0.55140E+05  0.70453E+03  0.00000E+00 -0.54400E+03  0.11942E+04  0.00000E+00 -0.60000E+03  0.23777E+07  0.15549E+04  0.00000E+00 -0.60000E+03  0.23776E+07
   48.2000  0.23784E+07  0.00000E+00 -0.30158E+07 -0.23790E+07  0.00000E+00 -0.55140E+05  0.70453E+03  0.00000E+00 -0.54401E+03  0.11942E+04  0.00000E+00 -0.60000E+03  0.23791E+07  0.15549E+04  0.00000E+00 -0.60000E+03  0.23790E+07
   48.4000  0.23792E+07  0.00000E+00 -0.30167E+07 -0.23806E+07  0.00000E+00 -0.55140E+05  0.70452E+03  0.00000E+00 -0.54401E+03  0.11942E+04  0.00000E+00 -0.60000E+03  0.23805E+07  0.15549E+04  0.00000E+00 -0.60000E+03  0.23806E+07
   48.6000  0.23801E+07  0.00000E+00 -0.30175E+07 -0.23820E+07  0.00000E+00 -0.55141E+05  0.70452E+03  0.00000E+00 -0.54402E+03  0.11942E+04  0.00000E+00 -0.60000E+03  0.23819E+07  0.15549E+04  0.00000E+00 -0.60000E+03  0.23820E+07
   48.8000  0.23811E+07  0.00000E+00 -0.30181E+07 -0.23833E+07  0.00000E+00 -0.55141E+05  0.70452E+03  0.00000E+00 -0.54403E+03  0.11942E+04  0.00000E+00 -0.60000E+03  0.23832E+07  0.15549E+04  0.00000E+00 -0.60000E+03  0.23833E+07
   49.0000  0.23822E+07  0.00000E+00 -0.30187E+07 -0.23844E+07  0.00000E+00 -0.55141E+05  0.70452E+03  0.00000E+00 -0.54403E+03  0.11942E+04  0.00000E+00 -0.60000E+03  0.23842E+07  0.15549E+04  0.00000E+00 -0.60000E+03  0.23843E+07
   49.2000  0.23831E+07  0.00000E+00 -0.30192E+07 -0.23850E+07  0.00000E+00 -0.55141E+05  0.70451E+03  0.00000E+00 -0.54404E+03  0.11942E+04  0.00000E+00 -0.60000E+03  0.23849E+07  0.15549E+04  0.00000E+00 -0.60000E+03  0.23850E+07
   49.4000  0.23838E+07  0.00000E+00 -0.30196E+07 -0.23855E+07  0.00000E+00 -0.55141E+05  0.70451E+03  0.00000E+00 -0.54405E+03  0.11942E+04  0.00000E+00 -0.60000E+03  0.23853E+07  0.15549E+04  0.00000E+00 -0.60000E+03  0.23854E+07
   49.6000  0.23843E+07  0.00000E+00 -0.30198E+07 -0.23856E+07  0.00000E+00 -0.55141E+05  0.70451E+03  0.00000E+00 -0.54405E+03  0.11942E+04  0.00000E+00 -0.60000E+03  0.23855E+07  0.15549E+04  0.00000E+00 -0.60000E+03  0.23856E+07
   49.8000  0.23845E+07  0.00000E+00 -0.30198E+07 -0.23857E+07  0.00000E+00 -0.55141E+05  0.70451E+03  0.00000E+00 -0.54405E+03  0.11942E+04  0.00000E+00 -0.60000E+03  0.23856E+07  0.15549E+04  0.00000E+00 -0.60000E+03  0.23857E+07
   50.0000  0.23845E+07  0.00000E+00 -0.30195E+07 -0.23856E+07  0.00000E+00 -0.55141E+05  0.70451E+03  0.00000E+00 -0.54405E+03  0.11942E+04  0.00000E+00 -0.60000E+03  0.23855E+07  0.15549E+04  0.00000E+00 -0.60000E+03  0.23856E+07
   50.2000  0.23843E+07  0.00000E+00 -0.30190E+07 -0.23854E+07  0.00000E+00 -0.55141E+05  0.70451E+03  0.00000E+00 -0.54405E+03  0.11942E+04  0.00000E+00 -0.60000E+03  0.23852E+07  0.15549E+04  0.00000E+00 -0.60000E+03  0.23853E+07
   50.4000  0.23840E+07  0.00000E+00 -0.30185E+07 -0.23849E+07  0.00000E+00 -0.55141E+05  0.70451E+03  0.00000E+00 -0.54405E+03  0.11942E+04  0.00000E+00 -0.60000E+03  0.23848E+07  0.15549E+04  0.00000E+00 -0.60000E+03  0.23849E+07
   50.6000  0.23836E+07  0.00000E+00 -0.30179E+07 -0.23843E+07  0.00000E+00 -0.55141E+05  0.70451E+03  0.00000E+00 -0.54405E+03  0.11942E+04  0.00000E+00 -0.60000E+03  0.23841E+07  0.15549E+04  0.00000E+00 -0.60000E+03  0.23843E+07
   50.8000  0.23833E+07  0.00000E+00 -0.30173E+07 -0.23834E+07  0.00000E+00 -0.55141E+05  0.70451E+03  0.00000E+00 -0.54405E+03  0.11942E+04  0.00000E+00 -0.60000E+03  0.23833E+07  0.15549E+04  0.00000E+00 -0.60000E+03  0.23834E+07
   51.0000  0.23829E+07  0.00000E+00 -0.30168E+07 -0.23825E+07  0.00000E+00 -0.55141E+05  0.70451E+03  0.00000E+00 -0.54404E+03  0.11942E+04  0.00000E+00 -0.60000E+03  0.23825E+07  0.15549E+04  0.00000E+00 -0.60000E+03  0.23825E+07
   51.2000  0.23825E+07  0.00000E+00 -0.30163E+07 -0.23815E+07  0.00000E+00 -0.55141E+05  0.70451E+03  0.00000E+00 -0.54403E+03  0.11942E+04  0.00000E+00 -0.60000E+03  0.23816E+07  0.15549E+04  0.00000E+00 -0.60000E+03  0.23815E+07
   51.4000  0.23821E+07  0.00000E+00 -0.30158E+07 -0.23807E+07  0.00000E+00 -0.55140E+05  0.70451E+03  0.00000E+00 -0.54403E+03  0.11942E+04  0.00000E+00 -0.60000E+03  0.23809E+07  0.15549E+04  0.00000E+00 -0.60000E+03  0.23807E+07
   51.6000  0.23816E+07  0.00000E+00 -0.30154E+07 -0.23802E+07  0.00000E+00 -0.55140E+05  0.70451E+03  0.00000E+00 -0.54402E+03  0.11942E+04  0.00000E+00 -0.60000E+03  0.23803E+07  0.15549E+04  0.00000E+00 -0.60000E+03  0.23802E+07
   51.8000  0.23812E+07  0.00000E+00 -0.30150E+07 -0.23799E+07  0.00000E+00 -0.55140E+05  0.70451E+03  0.00000E+00 -0.54402E+03  0.11942E+04  0.00000E+00 -0.60000E+03  0.23800E+07  0.15549E+04  0.00000E+00 -0.60000E+03  0.23799E+07
   52.0000  0.23810E+07  0.00000E+00 -0.30147E+07 -0.23798E+07  0.00000E+00 -0.55140E+05  0.70451E+03  0.00000E+00 -0.54401E+03  0.11942E+04  0.00000E+00 -0.60000E+03  0.23799E+07  0.15549E+04  0.00000E+00 -0.60000E+03  0.23798E+07
   52.2000  0.23810E+07  0.00000E+00 -0.30145E+07 -0.23799E+07  0.00000E+00 -0.55140E+05  0.70452E+03  0.00000E+00 -0.54401E+03  0.11942E+04  0.00000E+00 -0.60000E+03  0.23799E+07  0.15549E+04  0.00000E+00 -0.60000E+03  0.23799E+07
   52.4000  0.23811E+07  0.00000E+00 -0.30146E+07 -0.23800E+07  0.00000E+00 -0.55140E+05  0.70452E+03  0.00000E+00 -0.54401E+03  0.11942E+04  0.00000E+00 -0.60000E+03  0.23800E+07  0.15549E+04  0.00000E+00 -0.60000E+03  0.23800E+07
   52.6000  0.23815E+07  0.00000E+00 -0.30149E+07 -0.23802E+07  0.00000E+00 -0.55140E+05  0.70452E+03  0.00000E+00 -0.54401E+03  0.11942E+04  0.00000E+00 -0.60000E+03  0.23803E+07  0.15549E+04  0.00000E+00 -0.60000E+03  0.23802E+07
   52.8000  0.23820E+07  0.00000E+00 -0.30154E+07 -0.23805E+07  0.00000E+00 -0.55140E+05  0.70452E+03  0.00000E+00 -0.54400E+03  0.11942E+04  0.00000E+00 -0.60000E+03  0.23806E+07  0.15549E+04  0.00000E+00 -0.60000E+03  0.23805E+07
   53.0000  0.23824E+07  0.00000E+00 -0.30160E+07 -0.23809E+07  0.00000E+00 -0.55140E+05  0.70452E+03  0.00000E+00 -0.54401E+03  0.11942E+04  0.00000E+00 -0.60000E+03  0.23810E+07  0.15549E+04  0.00000E+00 -0.60000E+03  0.23809E+07
   53.2000  0.23828E+07  0.00000E+00 -0.30165E+07 -0.23815E+07  0.00000E+00 -0.55141E+05  0.70451E+03  0.00000E+00 -0.54401E+03  0.11942E+04  0.00000E+00 -0.60000E+03  0.23816E+07  0.15549E+04  0.00000E+00 -0.60000E+03  0.23815E+07
   53.4000  0.23831E+07  0.00000E+00 -0.30169E+07 -0.23823E+07  0.00000E+00 -0.55141E+05  0.70451E+03  0.00000E+00 -0.54401E+03  0.11942E+04  0.00000E+00 -0.60000E+03  0.23823E+07  0.15549E+04  0.00000E+00 -0.60000E+03  0.23823E+07
   53.6000  0.23834E+07  0.00000E+00 -0.30173E+07 -0.23831E+07  0.00000E+00 -0.55141E+05  0.70451E+03  0.00000E+00 -0.54402E+03  0.11942E+04  0.00000E+00 -0.60000E+03  0.23831E+07  0.15549E+04  0.00000E+00 -0.60000E+03  0.23831E+07
   53.8000  0.23837E+07  0.00000E+00 -0.30176E+07 -0.23840E+07  0.00000E+00 -0.55141E+05  0.70451E+03  0.00000E+00 -0.54403E+03  0.11942E+04  0.00000E+00 -0.60000E+03  0.23839E+07  0.15549E+04  0.00000E+00 -0.60000E+03  0.23840E+07
   54.0000  0.23840E+07  0.00000E+00 -0.30179E+07 -0.23847E+07  0.00000E+00 -0.55141E+05  0.70451E+03  0.00000E+00 -0.54403E+03  0.11942E+04  0.00000E+00 -0.60000E+03  0.23846E+07  0.15549E+04  0.00000E+00 -0.60000E+03  0.23847E+07
   54.2000  0.23844E+07  0.00000E+00 -0.30183E+07 -0.23853E+07  0.00000E+00 -0.55141E+05  0.70451E+03  0.00000E+00 -0.54404E+03  0.11942E+04  0.00000E+00 -0.60000E+03  0.23852E+07  0.15549E+04  0.00000E+00 -0.60000E+03  0.23853E+07
   54.4000  0.23848E+07  0.00000E+00 -0.30187E+07 -0.23857E+07  0.00000E+00 -0.55141E+05  0.70450E+03  0.00000E+00 -0.54404E+03  0.11942E+04  0.00000E+00 -0.60000E+03  0.23856E+07  0.15549E+04  0.00000E+00 -0.60000E+03  0.23857E+07
   54.6000  0.23851E+07  0.00000E+00 -0.30192E+07 -0.23859E+07  0.00000E+00 -0.55141E+05  0.70450E+03  0.00000E+00 -0.54405E+03  0.11942E+04  0.00000E+00 -0.60000E+03  0.23859E+07  0.15549E+04  0.00000E+00 -0.60000E+03  0.23859E+07
   54.8000  0.23853E+07  0.00000E+00 -0.30195E+07 -0.23860E+07  0.00000E+00 -0.55141E+05  0.70450E+03  0.00000E+00 -0.54405E+03  0.11942E+04  0.00000E+00 -0.60000E+03  0.23860E+07  0.15549E+04  0.00000E+00 -0.60000E+03  0.23860E+07
   55.0000  0.23854E+07  0.00000E+00 -0.30196E+07 -0.23861E+07  0.00000E+00 -0.55141E+05  0.70450E+03  0.00000E+00 -0.54405E+03  0.11942E+04  0.00000E+00 -0.60000E+03  0.23861E+07  0.15549E+04  0.00000E+00 -0.60000E+03  0.23861E+07
   55.2000  0.23852E+07  0.00000E+00 -0.30196E+07 -0.23862E+07  0.00000E+00 -0.55141E+05  0.70450E+03  0.00000E+00 -0.54406E+03  0.11942E+04  0.00000E+00 -0.60000E+03  0.23861E+07  0.15549E+04  0.00000E+00 -0.60000E+03  0.23862E+07
   55.4000  0.23850E+07  0.00000E+00 -0.30194E+07 -0.23861E+07  0.00000E+00 -0.55141E+05  0.70450E+03  0.00000E+00 -0.54406E+03  0.11942E+04  0.00000E+00 -0.60000E+03  0.23860E+07  0.15549E+04  0.00000E+00 -0.60000E+03  0.23861E+07
   55.6000  0.23846E+07  0.00000E+00 -0.30191E+07 -0.23859E+07  0.00000E+00 -0.55141E+05  0.70450E+03  0.00000E+00 -0.54406E+03  0.11942E+04  0.00000E+00 -0.60000E+03  0.23858E+07  0.15549E+04  0.00000E+00 -0.60000E+03  0.23859E+07
   55.8000  0.23841E+07  0.00000E+00 -0.30187E+07 -0.23855E+07  0.00000E+00 -0.55141E+05  0.70450E+03  0.00000E+00 -0.54406E+03  0.11942E+04  0.00000E+00 -0.60000E+03  0.23853E+07  0.15549E+04  0.00000E+00 -0.60000E+03  0.23855E+07
   56.0000  0.23837E+07  0.00000E+00 -0.30184E+07 -0.23848E+07  0.00000E+00 -0.55141E+05  0.70450E+03  0.00000E+00 -0.54406E+03  0.11942E+04  0.00000E+00 -0.60000E+03  0.23847E+07  0.15549E+04  0.00000E+00 -0.60000E+03  0.23848E+07
   56.2000  0.23832E+07  0.00000E+00 -0.30180E+07 -0.23840E+07  0.00000E+00 -0.55141E+05  0.70451E+03  0.00000E+00 -0.54406E+03  0.11942E+04  0.00000E+00 -0.60000E+03  0.23839E+07  0.15549E+04  0.00000E+00 -0.60000E+03  0.23840E+07
   56.4000  0.23826E+07  0.00000E+00 -0.30176E+07 -0.23830E+07  0.00000E+00 -0.55141E+05  0.70451E+03  0.00000E+00 -0.54405E+03  0.11942E+04  0.00000E+00 -0.60000E+03  0.23830E+07  0.15549E+04  0.00000E+00 -0.60000E+03  0.23830E+07
   56.6000  0.23819E+07  0.00000E+00 -0.30172E+07 -0.23821E+07  0.00000E+00 -0.55141E+05  0.70451E+03  0.00000E+00 -0.54405E+03  0.11942E+04  0.00000E+00 -0.60000E+03  0.23821E+07  0.15549E+04  0.00000E+00 -0.60000E+03  0.23821E+07
   56.8000  0.23811E+07  0.00000E+00 -0.30167E+07 -0.23812E+07  0.00000E+00 -0.55140E+05  0.70452E+03  0.00000E+00 -0.54404E+03  0.11942E+04  0.00000E+00 -0.60000E+03  0.23812E+07  0.15549E+04  0.00000E+00 -0.60000E+03  0.23812E+07
   57.0000  0.23803E+07  0.00000E+00 -0.30162E+07 -0.23803E+07  0.00000E+00 -0.55140E+05  0.70452E+03  0.00000E+00 -0.54403E+03  0.11942E+04  0.00000E+00 -0.60000E+03  0.23803E+07  0.15549E+04  0.00000E+00 -0.60000E+03  0.23803E+07
   57.2000  0.23795E+07  0.00000E+00 -0.30155E+07 -0.23795E+07  0.00000E+00 -0.55140E+05  0.70452E+03  0.00000E+00 -0.54402E+03  0.11942E+04  0.00000E+00 -0.60000E+03  0.23795E+07  0.15549E+04  0.00000E+00 -0.60000E+03  0.23795E+07
   57.4000  0.23787E+07  0.00000E+00 -0.30149E+07 -0.23786E+07  0.00000E+00 -0.55140E+05  0.70453E+03  0.00000E+00 -0.54401E+03  0.11942E+04  0.00000E+00 -0.60000E+03  0.23786E+07  0.15549E+04  0.00000E+00 -0.60000E+03  0.23786E+07
   57.6000  0.23781E+07  0.00000E+00 -0.30143E+07 -0.23778E+07  0.00000E+00 -0.55140E+05  0.70453E+03  0.00000E+00 -0.54400E+03  0.11942E+04  0.00000E+00 -0.60000E+03  0.23778E+07  0.15549E+04  0.00000E+00 -0.60000E+03  0.23778E+07
   57.8000  0.23778E+07  0.00000E+00 -0.30137E+07 -0.23770E+07  0.00000E+00 -0.55140E+05  0.70453E+03  0.00000E+00 -0.54400E+03  0.11942E+04  0.00000E+00 -0.60000E+03  0.23770E+07  0.15549E+04  0.00000E+00 -0.60000E+03  0.23770E+07
   58.0000  0.23776E+07  0.00000E+00 -0.30133E+07 -0.23762E+07  0.00000E+00 -0.55140E+05  0.70453E+03  0.00000E+00 -0.54399E+03  0.11942E+04  0.00000E+00 -0.60000E+03  0.23763E+07  0.15549E+04  0.00000E+00 -0.60000E+03  0.23762E+07
   58.2000  0.23775E+07  0.00000E+00 -0.30129E+07 -0.23757E+07  0.00000E+00 -0.55140E+05  0.70454E+03  0.00000E+00 -0.54399E+03  0.11942E+04  0.00000E+00 -0.60000E+03  0.23758E+07  0.15549E+04  0.00000E+00 -0.60000E+03  0.23757E+07
   58.4000  0.23775E+07  0.00000E+00 -0.30128E+07 -0.23754E+07  0.00000E+00 -0.55140E+05  0.70454E+03  0.00000E+00 -0.54399E+03  0.11942E+04  0.00000E+00 -0.60000E+03  0.23756E+07  0.15549E+04  0.00000E+00 -0.60000E+03  0.23754E+07
   58.6000  0.23775E+07  0.00000E+00 -0.30127E+07 -0.23754E+07  0.00000E+00 -0.55140E+05  0.70453E+03  0.00000E+00 -0.54399E+03  0.11942E+04  0.00000E+00 -0.60000E+03  0.23756E+07  0.15549E+04  0.00000E+00 -0.60000E+03  0.23754E+07
   58.8000  0.23776E+07  0.00000E+00 -0.30128E+07 -0.23757E+07  0.00000E+00 -0.55140E+05  0.70453E+03  0.00000E+00 -0.54399E+03  0.11942E+04  0.00000E+00 -0.60000E+03  0.23759E+07  0.15549E+04  0.00000E+00 -0.60000E+03  0.23757E+07
   59.0000  0.23778E+07  0.00000E+00 -0.30131E+07 -0.23763E+07  0.00000E+00 -0.55140E+05  0.70453E+03  0.00000E+00 -0.54399E+03  0.11942E+04  0.00000E+00 -0.60000E+03  0.23764E+07  0.15549E+04  0.00000E+00 -0.60000E+03  0.23763E+07
   59.2000  0.23783E+07  0.00000E+00 -0.30135E+07 -0.23771E+07  0.00000E+00 -0.55140E+05  0.70453E+03  0.00000E+00 -0.54400E+03  0.11942E+04  0.00000E+00 -0.60000E+03  0.23772E+07  0.15549E+04  0.00000E+00 -0.60000E+03  0.23771E+07
   59.4000  0.23789E+07  0.00000E+00 -0.30141E+07 -0.23780E+07  0.00000E+00 -0.55140E+05  0.70452E+03  0.00000E+00 -0.54400E+03  0.11942E+04  0.00000E+00 -0.60000E+03  0.23780E+07  0.15549E+04  0.00000E+00 -0.60000E+03  0.23780E+07
   59.6000  0.23797E+07  0.00000E+00 -0.30147E+07 -0.23789E+07  0.00000E+00 -0.55140E+05  0.70452E+03  0.00000E+00 -0.54401E+03  0.11942E+04  0.00000E+00 -0.60000E+03  0.23790E+07  0.15549E+04  0.00000E+00 -0.60000E+03  0.23789E+07
   59.8000  0.23806E+07  0.00000E+00 -0.30155E+07 -0.23800E+07  0.00000E+00 -0.55140E+05  0.70452E+03  0.00000E+00 -0.54402E+03  0.11942E+04  0.00000E+00 -0.60000E+03  0.23800E+07  0.15549E+04  0.00000E+00 -0.60000E+03  0.23800E+07
   60.0000  0.23815E+07  0.00000E+00 -0.30163E+07 -0.23811E+07  0.00000E+00 -0.55140E+05  0.70451E+03  0.00000E+00 -0.54402E+03  0.11942E+04  0.00000E+00 -0.60000E+03  0.23811E+07  0.15549E+04  0.00000E+00 -0.60000E+03  0.23811E+07
