
These predictions were generated by SubDyn on 27-Nov-2023 at 17:39:03.




    Time	  M1N1TDxss	  M1N2TDxss	  M2N1TDxss
       s	        (m)	        (m)	        (m)
    0.0000	-1.0998E-02	-5.0512E-02	 3.8431E-02
    0.0050	-8.5875E-03	-4.5372E-02	 5.6369E-02
    0.0100	-1.5135E-03	-3.0286E-02	 1.0901E-01
    0.0150	 9.8563E-03	-6.0384E-03	 1.9362E-01
    0.0200	 2.4994E-02	 2.6244E-02	 3.0627E-01
    0.0250	 4.3235E-02	 6.5146E-02	 4.4202E-01
    0.0300	 6.3807E-02	 1.0902E-01	 5.9512E-01
    0.0350	 8.5862E-02	 1.5605E-01	 7.5924E-01
    0.0400	 1.0851E-01	 2.0435E-01	 9.2778E-01
    0.0450	 1.3086E-01	 2.5201E-01	 1.0941E+00
    0.0500	 1.5203E-01	 2.9717E-01	 1.2517E+00
    0.0550	 1.7124E-01	 3.3813E-01	 1.3946E+00
    0.0600	 1.8776E-01	 3.7337E-01	 1.5176E+00
    0.0650	 2.0102E-01	 4.0163E-01	 1.6162E+00
    0.0700	 2.1054E-01	 4.2194E-01	 1.6871E+00
    0.0750	 2.1604E-01	 4.3367E-01	 1.7280E+00
    0.0800	 2.1738E-01	 4.3653E-01	 1.7380E+00
    0.0850	 2.1459E-01	 4.3058E-01	 1.7172E+00
    0.0900	 2.0786E-01	 4.1623E-01	 1.6671E+00
    0.0950	 1.9753E-01	 3.9419E-01	 1.5902E+00
    0.1000	 1.8407E-01	 3.6550E-01	 1.4901E+00
    0.1050	 1.6808E-01	 3.3138E-01	 1.3711E+00
    0.1100	 1.5021E-01	 2.9329E-01	 1.2381E+00
    0.1150	 1.3122E-01	 2.5278E-01	 1.0968E+00
    0.1200	 1.1185E-01	 2.1148E-01	 9.5267E-01
    0.1250	 9.2884E-02	 1.7103E-01	 8.1149E-01
    0.1300	 7.5039E-02	 1.3297E-01	 6.7870E-01
    0.1350	 5.8995E-02	 9.8755E-02	 5.5930E-01
    0.1400	 4.5341E-02	 6.9637E-02	 4.5769E-01
    0.1450	 3.4564E-02	 4.6652E-02	 3.7749E-01
    0.1500	 2.7026E-02	 3.0578E-02	 3.2140E-01
    0.1550	 2.2959E-02	 2.1904E-02	 2.9113E-01
    0.1600	 2.2453E-02	 2.0825E-02	 2.8736E-01
    0.1650	 2.5457E-02	 2.7231E-02	 3.0972E-01
    0.1700	 3.1785E-02	 4.0727E-02	 3.5681E-01
    0.1750	 4.1126E-02	 6.0647E-02	 4.2632E-01
    0.1800	 5.3054E-02	 8.6086E-02	 5.1509E-01
    0.1850	 6.7055E-02	 1.1594E-01	 6.1928E-01
    0.1900	 8.2541E-02	 1.4897E-01	 7.3453E-01
    0.1950	 9.8879E-02	 1.8381E-01	 8.5611E-01
    0.2000	 1.1541E-01	 2.1907E-01	 9.7916E-01
    0.2050	 1.3150E-01	 2.5338E-01	 1.0989E+00
    0.2100	 1.4651E-01	 2.8539E-01	 1.2106E+00
    0.2150	 1.5989E-01	 3.1393E-01	 1.3102E+00
    0.2200	 1.7115E-01	 3.3793E-01	 1.3939E+00
    0.2250	 1.7988E-01	 3.5655E-01	 1.4589E+00
    0.2300	 1.8580E-01	 3.6918E-01	 1.5030E+00
    0.2350	 1.8873E-01	 3.7543E-01	 1.5248E+00
    0.2400	 1.8862E-01	 3.7519E-01	 1.5239E+00
    0.2450	 1.8553E-01	 3.6860E-01	 1.5009E+00
    0.2500	 1.7964E-01	 3.5603E-01	 1.4571E+00
    0.2550	 1.7123E-01	 3.3810E-01	 1.3945E+00
    0.2600	 1.6068E-01	 3.1561E-01	 1.3160E+00
    0.2650	 1.4845E-01	 2.8953E-01	 1.2250E+00
    0.2700	 1.3505E-01	 2.6094E-01	 1.1253E+00
    0.2750	 1.2101E-01	 2.3101E-01	 1.0208E+00
    0.2800	 1.0691E-01	 2.0094E-01	 9.1588E-01
    0.2850	 9.3292E-02	 1.7190E-01	 8.1453E-01
    0.2900	 8.0678E-02	 1.4500E-01	 7.2066E-01
    0.2950	 6.9541E-02	 1.2124E-01	 6.3778E-01
    0.3000	 6.0286E-02	 1.0151E-01	 5.6891E-01
    0.3050	 5.3239E-02	 8.6479E-02	 5.1647E-01
    0.3100	 4.8629E-02	 7.6649E-02	 4.8216E-01
    0.3150	 4.6590E-02	 7.2299E-02	 4.6698E-01
    0.3200	 4.7149E-02	 7.3492E-02	 4.7115E-01
    0.3250	 5.0235E-02	 8.0073E-02	 4.9411E-01
    0.3300	 5.5676E-02	 9.1677E-02	 5.3460E-01
    0.3350	 6.3215E-02	 1.0775E-01	 5.9071E-01
    0.3400	 7.2516E-02	 1.2759E-01	 6.5992E-01
    0.3450	 8.3182E-02	 1.5034E-01	 7.3929E-01
    0.3500	 9.4769E-02	 1.7505E-01	 8.2552E-01
    0.3550	 1.0681E-01	 2.0072E-01	 9.1511E-01
    0.3600	 1.1882E-01	 2.2634E-01	 1.0045E+00
    0.3650	 1.3033E-01	 2.5089E-01	 1.0902E+00
    0.3700	 1.4092E-01	 2.7346E-01	 1.1689E+00
    0.3750	 1.5017E-01	 2.9319E-01	 1.2378E+00
    0.3800	 1.5776E-01	 3.0938E-01	 1.2943E+00
    0.3850	 1.6342E-01	 3.2145E-01	 1.3364E+00
    0.3900	 1.6697E-01	 3.2902E-01	 1.3628E+00
    0.3950	 1.6831E-01	 3.3189E-01	 1.3728E+00
    0.4000	 1.6744E-01	 3.3003E-01	 1.3663E+00
    0.4050	 1.6443E-01	 3.2361E-01	 1.3439E+00
    0.4100	 1.5944E-01	 3.1296E-01	 1.3068E+00
    0.4150	 1.5270E-01	 2.9860E-01	 1.2567E+00
    0.4200	 1.4452E-01	 2.8115E-01	 1.1958E+00
    0.4250	 1.3524E-01	 2.6135E-01	 1.1267E+00
    0.4300	 1.2523E-01	 2.4002E-01	 1.0522E+00
    0.4350	 1.1492E-01	 2.1802E-01	 9.7549E-01
    0.4400	 1.0470E-01	 1.9623E-01	 8.9945E-01
    0.4450	 9.4978E-02	 1.7549E-01	 8.2708E-01
    0.4500	 8.6116E-02	 1.5659E-01	 7.6113E-01
    0.4550	 7.8444E-02	 1.4023E-01	 7.0404E-01
    0.4600	 7.2240E-02	 1.2700E-01	 6.5787E-01
    0.4650	 6.7716E-02	 1.1735E-01	 6.2420E-01
    0.4700	 6.5016E-02	 1.1160E-01	 6.0411E-01
    0.4750	 6.4209E-02	 1.0987E-01	 5.9810E-01
    0.4800	 6.5289E-02	 1.1218E-01	 6.0614E-01
    0.4850	 6.8178E-02	 1.1834E-01	 6.2764E-01
    0.4900	 7.2726E-02	 1.2804E-01	 6.6149E-01
    0.4950	 7.8724E-02	 1.4083E-01	 7.0612E-01
    0.5000	 8.5910E-02	 1.5615E-01	 7.5960E-01
    0.5050	 9.3979E-02	 1.7336E-01	 8.1964E-01
    0.5100	 1.0260E-01	 1.9175E-01	 8.8380E-01
    0.5150	 1.1142E-01	 2.1057E-01	 9.4947E-01
    0.5200	 1.2010E-01	 2.2908E-01	 1.0141E+00
    0.5250	 1.2831E-01	 2.4657E-01	 1.0751E+00
    0.5300	 1.3572E-01	 2.6237E-01	 1.1302E+00
    0.5350	 1.4206E-01	 2.7591E-01	 1.1775E+00
    0.5400	 1.4712E-01	 2.8669E-01	 1.2151E+00
    0.5450	 1.5071E-01	 2.9435E-01	 1.2418E+00
    0.5500	 1.5273E-01	 2.9866E-01	 1.2569E+00
    0.5550	 1.5313E-01	 2.9951E-01	 1.2598E+00
    0.5600	 1.5192E-01	 2.9694E-01	 1.2509E+00
    0.5650	 1.4919E-01	 2.9111E-01	 1.2305E+00
    0.5700	 1.4507E-01	 2.8231E-01	 1.1998E+00
    0.5750	 1.3974E-01	 2.7095E-01	 1.1602E+00
    0.5800	 1.3344E-01	 2.5753E-01	 1.1133E+00
    0.5850	 1.2644E-01	 2.4260E-01	 1.0612E+00
    0.5900	 1.1902E-01	 2.2677E-01	 1.0060E+00
    0.5950	 1.1148E-01	 2.1069E-01	 9.4990E-01
    0.6000	 1.0412E-01	 1.9498E-01	 8.9508E-01
    0.6050	 9.7210E-02	 1.8025E-01	 8.4369E-01
    0.6100	 9.1024E-02	 1.6706E-01	 7.9765E-01
    0.6150	 8.5785E-02	 1.5589E-01	 7.5867E-01
    0.6200	 8.1679E-02	 1.4713E-01	 7.2811E-01
    0.6250	 7.8844E-02	 1.4108E-01	 7.0701E-01
    0.6300	 7.7365E-02	 1.3793E-01	 6.9601E-01
    0.6350	 7.7273E-02	 1.3774E-01	 6.9532E-01
    0.6400	 7.8545E-02	 1.4045E-01	 7.0479E-01
    0.6450	 8.1105E-02	 1.4591E-01	 7.2384E-01
    0.6500	 8.4826E-02	 1.5384E-01	 7.5153E-01
    0.6550	 8.9541E-02	 1.6390E-01	 7.8662E-01
    0.6600	 9.5047E-02	 1.7564E-01	 8.2760E-01
    0.6650	 1.0111E-01	 1.8858E-01	 8.7274E-01
    0.6700	 1.0749E-01	 2.0218E-01	 9.2021E-01
    0.6750	 1.1393E-01	 2.1591E-01	 9.6810E-01
    0.6800	 1.2017E-01	 2.2922E-01	 1.0145E+00
    0.6850	 1.2598E-01	 2.4160E-01	 1.0578E+00
    0.6900	 1.3113E-01	 2.5259E-01	 1.0961E+00
    0.6950	 1.3545E-01	 2.6179E-01	 1.1282E+00
    0.7000	 1.3877E-01	 2.6888E-01	 1.1529E+00
    0.7050	 1.4099E-01	 2.7361E-01	 1.1695E+00
    0.7100	 1.4204E-01	 2.7585E-01	 1.1773E+00
    0.7150	 1.4190E-01	 2.7557E-01	 1.1763E+00
    0.7200	 1.4061E-01	 2.7282E-01	 1.1667E+00
    0.7250	 1.3824E-01	 2.6775E-01	 1.1490E+00
    0.7300	 1.3490E-01	 2.6062E-01	 1.1241E+00
    0.7350	 1.3073E-01	 2.5174E-01	 1.0931E+00
    0.7400	 1.2592E-01	 2.4149E-01	 1.0574E+00
    0.7450	 1.2068E-01	 2.3030E-01	 1.0183E+00
    0.7500	 1.1520E-01	 2.1862E-01	 9.7757E-01
    0.7550	 1.0971E-01	 2.0692E-01	 9.3675E-01
    0.7600	 1.0443E-01	 1.9566E-01	 8.9744E-01
    0.7650	 9.9557E-02	 1.8526E-01	 8.6116E-01
    0.7700	 9.5270E-02	 1.7612E-01	 8.2925E-01
    0.7750	 9.1727E-02	 1.6856E-01	 8.0289E-01
    0.7800	 8.9052E-02	 1.6285E-01	 7.8298E-01
    0.7850	 8.7331E-02	 1.5919E-01	 7.7017E-01
    0.7900	 8.6614E-02	 1.5766E-01	 7.6484E-01
    0.7950	 8.6909E-02	 1.5828E-01	 7.6703E-01
    0.8000	 8.8183E-02	 1.6100E-01	 7.7651E-01
    0.8050	 9.0369E-02	 1.6566E-01	 7.9278E-01
    0.8100	 9.3363E-02	 1.7205E-01	 8.1506E-01
    0.8150	 9.7032E-02	 1.7987E-01	 8.4236E-01
    0.8200	 1.0122E-01	 1.8880E-01	 8.7353E-01
    0.8250	 1.0575E-01	 1.9847E-01	 9.0727E-01
    0.8300	 1.1045E-01	 2.0848E-01	 9.4220E-01
    0.8350	 1.1512E-01	 2.1844E-01	 9.7696E-01
    0.8400	 1.1958E-01	 2.2796E-01	 1.0102E+00
    0.8450	 1.2367E-01	 2.3668E-01	 1.0406E+00
    0.8500	 1.2723E-01	 2.4427E-01	 1.0671E+00
    0.8550	 1.3013E-01	 2.5046E-01	 1.0887E+00
    0.8600	 1.3227E-01	 2.5503E-01	 1.1046E+00
    0.8650	 1.3359E-01	 2.5784E-01	 1.1144E+00
    0.8700	 1.3405E-01	 2.5882E-01	 1.1178E+00
    0.8750	 1.3365E-01	 2.5795E-01	 1.1148E+00
    0.8800	 1.3241E-01	 2.5532E-01	 1.1056E+00
    0.8850	 1.3041E-01	 2.5106E-01	 1.0908E+00
    0.8900	 1.2774E-01	 2.4536E-01	 1.0709E+00
    0.8950	 1.2452E-01	 2.3848E-01	 1.0469E+00
    0.9000	 1.2087E-01	 2.3072E-01	 1.0198E+00
    0.9050	 1.1696E-01	 2.2238E-01	 9.9068E-01
    0.9100	 1.1294E-01	 2.1380E-01	 9.6076E-01
    0.9150	 1.0897E-01	 2.0533E-01	 9.3121E-01
    0.9200	 1.0520E-01	 1.9730E-01	 9.0318E-01
    0.9250	 1.0178E-01	 1.9001E-01	 8.7772E-01
    0.9300	 9.8835E-02	 1.8372E-01	 8.5578E-01
    0.9350	 9.6466E-02	 1.7867E-01	 8.3815E-01
    0.9400	 9.4756E-02	 1.7502E-01	 8.2543E-01
    0.9450	 9.3760E-02	 1.7290E-01	 8.1802E-01
    0.9500	 9.3502E-02	 1.7235E-01	 8.1610E-01
    0.9550	 9.3978E-02	 1.7336E-01	 8.1964E-01
    0.9600	 9.5155E-02	 1.7587E-01	 8.2840E-01
    0.9650	 9.6973E-02	 1.7975E-01	 8.4193E-01
    0.9700	 9.9348E-02	 1.8481E-01	 8.5960E-01
    0.9750	 1.0218E-01	 1.9085E-01	 8.8066E-01
    0.9800	 1.0534E-01	 1.9759E-01	 9.0421E-01
    0.9850	 1.0871E-01	 2.0478E-01	 9.2927E-01
    0.9900	 1.1215E-01	 2.1211E-01	 9.5486E-01
    0.9950	 1.1552E-01	 2.1930E-01	 9.7995E-01
    1.0000	 1.1869E-01	 2.2607E-01	 1.0036E+00
    1.0050	 1.2155E-01	 2.3217E-01	 1.0248E+00
    1.0100	 1.2399E-01	 2.3736E-01	 1.0430E+00
    1.0150	 1.2592E-01	 2.4148E-01	 1.0573E+00
    1.0200	 1.2727E-01	 2.4436E-01	 1.0674E+00
    1.0250	 1.2801E-01	 2.4594E-01	 1.0729E+00
    1.0300	 1.2812E-01	 2.4617E-01	 1.0737E+00
    1.0350	 1.2760E-01	 2.4506E-01	 1.0699E+00
    1.0400	 1.2649E-01	 2.4270E-01	 1.0616E+00
    1.0450	 1.2485E-01	 2.3919E-01	 1.0494E+00
    1.0500	 1.2274E-01	 2.3470E-01	 1.0337E+00
    1.0550	 1.2026E-01	 2.2942E-01	 1.0153E+00
    1.0600	 1.1752E-01	 2.2357E-01	 9.9484E-01
    1.0650	 1.1462E-01	 2.1739E-01	 9.7327E-01
    1.0700	 1.1169E-01	 2.1113E-01	 9.5142E-01
    1.0750	 1.0883E-01	 2.0503E-01	 9.3014E-01
    1.0800	 1.0616E-01	 1.9933E-01	 9.1026E-01
    1.0850	 1.0377E-01	 1.9424E-01	 8.9252E-01
    1.0900	 1.0176E-01	 1.8996E-01	 8.7756E-01
    1.0950	 1.0020E-01	 1.8663E-01	 8.6593E-01
    1.1000	 9.9134E-02	 1.8435E-01	 8.5800E-01
    1.1050	 9.8599E-02	 1.8321E-01	 8.5402E-01
    1.1100	 9.8604E-02	 1.8323E-01	 8.5406E-01
    1.1150	 9.9139E-02	 1.8437E-01	 8.5804E-01
    1.1200	 1.0017E-01	 1.8657E-01	 8.6573E-01
    1.1250	 1.0165E-01	 1.8973E-01	 8.7676E-01
    1.1300	 1.0352E-01	 1.9370E-01	 8.9063E-01
    1.1350	 1.0568E-01	 1.9832E-01	 9.0673E-01
    1.1400	 1.0806E-01	 2.0339E-01	 9.2441E-01
    1.1450	 1.1055E-01	 2.0869E-01	 9.4294E-01
    1.1500	 1.1305E-01	 2.1404E-01	 9.6158E-01
    1.1550	 1.1547E-01	 2.1920E-01	 9.7960E-01
    1.1600	 1.1772E-01	 2.2399E-01	 9.9631E-01
    1.1650	 1.1970E-01	 2.2822E-01	 1.0111E+00
    1.1700	 1.2136E-01	 2.3175E-01	 1.0234E+00
    1.1750	 1.2262E-01	 2.3444E-01	 1.0328E+00
    1.1800	 1.2345E-01	 2.3621E-01	 1.0390E+00
    1.1850	 1.2382E-01	 2.3701E-01	 1.0417E+00
    1.1900	 1.2374E-01	 2.3682E-01	 1.0411E+00
    1.1950	 1.2320E-01	 2.3568E-01	 1.0371E+00
    1.2000	 1.2224E-01	 2.3364E-01	 1.0300E+00
    1.2050	 1.2092E-01	 2.3081E-01	 1.0201E+00
    1.2100	 1.1927E-01	 2.2730E-01	 1.0079E+00
    1.2150	 1.1738E-01	 2.2328E-01	 9.9382E-01
    1.2200	 1.1533E-01	 2.1890E-01	 9.7854E-01
    1.2250	 1.1319E-01	 2.1434E-01	 9.6264E-01
    1.2300	 1.1106E-01	 2.0979E-01	 9.4676E-01
    1.2350	 1.0901E-01	 2.0542E-01	 9.3152E-01
    1.2400	 1.0713E-01	 2.0140E-01	 9.1750E-01
    1.2450	 1.0548E-01	 1.9789E-01	 9.0522E-01
    1.2500	 1.0412E-01	 1.9499E-01	 8.9513E-01
    1.2550	 1.0311E-01	 1.9283E-01	 8.8758E-01
    1.2600	 1.0247E-01	 1.9146E-01	 8.8281E-01
    1.2650	 1.0222E-01	 1.9093E-01	 8.8096E-01
    1.2700	 1.0236E-01	 1.9124E-01	 8.8203E-01
    1.2750	 1.0289E-01	 1.9236E-01	 8.8594E-01
    1.2800	 1.0376E-01	 1.9423E-01	 8.9246E-01
    1.2850	 1.0495E-01	 1.9676E-01	 9.0131E-01
    1.2900	 1.0640E-01	 1.9985E-01	 9.1207E-01
    1.2950	 1.0804E-01	 2.0336E-01	 9.2431E-01
    1.3000	 1.0982E-01	 2.0714E-01	 9.3750E-01
    1.3050	 1.1165E-01	 2.1104E-01	 9.5112E-01
    1.3100	 1.1346E-01	 2.1491E-01	 9.6463E-01
    1.3150	 1.1519E-01	 2.1860E-01	 9.7751E-01
    1.3200	 1.1677E-01	 2.2197E-01	 9.8925E-01
    1.3250	 1.1814E-01	 2.2488E-01	 9.9943E-01
    1.3300	 1.1925E-01	 2.2725E-01	 1.0077E+00
    1.3350	 1.2006E-01	 2.2898E-01	 1.0137E+00
    1.3400	 1.2055E-01	 2.3002E-01	 1.0174E+00
    1.3450	 1.2070E-01	 2.3035E-01	 1.0185E+00
    1.3500	 1.2052E-01	 2.2996E-01	 1.0171E+00
    1.3550	 1.2001E-01	 2.2888E-01	 1.0134E+00
    1.3600	 1.1921E-01	 2.2717E-01	 1.0074E+00
    1.3650	 1.1815E-01	 2.2492E-01	 9.9955E-01
    1.3700	 1.1688E-01	 2.2221E-01	 9.9009E-01
    1.3750	 1.1545E-01	 2.1916E-01	 9.7946E-01
    1.3800	 1.1393E-01	 2.1590E-01	 9.6808E-01
    1.3850	 1.1236E-01	 2.1256E-01	 9.5642E-01
    1.3900	 1.1082E-01	 2.0927E-01	 9.4494E-01
    1.3950	 1.0936E-01	 2.0616E-01	 9.3408E-01
    1.4000	 1.0804E-01	 2.0334E-01	 9.2426E-01
    1.4050	 1.0690E-01	 2.0093E-01	 9.1583E-01
    1.4100	 1.0600E-01	 1.9900E-01	 9.0910E-01
    1.4150	 1.0536E-01	 1.9762E-01	 9.0430E-01
    1.4200	 1.0499E-01	 1.9684E-01	 9.0158E-01
    1.4250	 1.0491E-01	 1.9667E-01	 9.0099E-01
    1.4300	 1.0512E-01	 1.9712E-01	 9.0253E-01
    1.4350	 1.0560E-01	 1.9814E-01	 9.0609E-01
    1.4400	 1.0632E-01	 1.9968E-01	 9.1149E-01
    1.4450	 1.0726E-01	 2.0169E-01	 9.1849E-01
    1.4500	 1.0838E-01	 2.0406E-01	 9.2678E-01
    1.4550	 1.0962E-01	 2.0671E-01	 9.3601E-01
    1.4600	 1.1093E-01	 2.0952E-01	 9.4580E-01
    1.4650	 1.1227E-01	 2.1237E-01	 9.5577E-01
    1.4700	 1.1358E-01	 2.1516E-01	 9.6551E-01
    1.4750	 1.1481E-01	 2.1778E-01	 9.7465E-01
    1.4800	 1.1591E-01	 2.2013E-01	 9.8286E-01
    1.4850	 1.1685E-01	 2.2213E-01	 9.8982E-01
    1.4900	 1.1758E-01	 2.2370E-01	 9.9528E-01
    1.4950	 1.1809E-01	 2.2478E-01	 9.9908E-01
    1.5000	 1.1836E-01	 2.2536E-01	 1.0011E+00
    1.5050	 1.1838E-01	 2.2541E-01	 1.0012E+00
    1.5100	 1.1816E-01	 2.2494E-01	 9.9962E-01
    1.5150	 1.1771E-01	 2.2398E-01	 9.9628E-01
    1.5200	 1.1706E-01	 2.2258E-01	 9.9140E-01
    1.5250	 1.1623E-01	 2.2081E-01	 9.8520E-01
    1.5300	 1.1525E-01	 2.1873E-01	 9.7795E-01
    1.5350	 1.1418E-01	 2.1644E-01	 9.6995E-01
    1.5400	 1.1305E-01	 2.1402E-01	 9.6153E-01
    1.5450	 1.1190E-01	 2.1159E-01	 9.5303E-01
    1.5500	 1.1079E-01	 2.0922E-01	 9.4477E-01
    1.5550	 1.0976E-01	 2.0702E-01	 9.3708E-01
    1.5600	 1.0884E-01	 2.0506E-01	 9.3024E-01
    1.5650	 1.0807E-01	 2.0341E-01	 9.2451E-01
    1.5700	 1.0748E-01	 2.0215E-01	 9.2008E-01
    1.5750	 1.0708E-01	 2.0129E-01	 9.1711E-01
    1.5800	 1.0688E-01	 2.0088E-01	 9.1568E-01
    1.5850	 1.0690E-01	 2.0092E-01	 9.1582E-01
    1.5900	 1.0713E-01	 2.0140E-01	 9.1748E-01
    1.5950	 1.0754E-01	 2.0229E-01	 9.2058E-01
    1.6000	 1.0813E-01	 2.0354E-01	 9.2497E-01
    1.6050	 1.0887E-01	 2.0511E-01	 9.3044E-01
    1.6100	 1.0972E-01	 2.0693E-01	 9.3677E-01
    1.6150	 1.1065E-01	 2.0891E-01	 9.4369E-01
    1.6200	 1.1162E-01	 2.1098E-01	 9.5092E-01
    1.6250	 1.1259E-01	 2.1306E-01	 9.5818E-01
    1.6300	 1.1353E-01	 2.1506E-01	 9.6516E-01
    1.6350	 1.1440E-01	 2.1692E-01	 9.7162E-01
    1.6400	 1.1517E-01	 2.1855E-01	 9.7731E-01
    1.6450	 1.1580E-01	 2.1989E-01	 9.8202E-01
    1.6500	 1.1628E-01	 2.2092E-01	 9.8559E-01
    1.6550	 1.1659E-01	 2.2158E-01	 9.8790E-01
    1.6600	 1.1672E-01	 2.2186E-01	 9.8888E-01
    1.6650	 1.1667E-01	 2.2176E-01	 9.8853E-01
    1.6700	 1.1645E-01	 2.2129E-01	 9.8688E-01
    1.6750	 1.1607E-01	 2.2047E-01	 9.8402E-01
    1.6800	 1.1554E-01	 2.1934E-01	 9.8009E-01
    1.6850	 1.1489E-01	 2.1796E-01	 9.7526E-01
    1.6900	 1.1415E-01	 2.1638E-01	 9.6975E-01
    1.6950	 1.1335E-01	 2.1466E-01	 9.6377E-01
    1.7000	 1.1251E-01	 2.1289E-01	 9.5757E-01
    1.7050	 1.1168E-01	 2.1112E-01	 9.5139E-01
    1.7100	 1.1089E-01	 2.0942E-01	 9.4548E-01
    1.7150	 1.1016E-01	 2.0787E-01	 9.4007E-01
    1.7200	 1.0953E-01	 2.0652E-01	 9.3535E-01
    1.7250	 1.0901E-01	 2.0541E-01	 9.3149E-01
    1.7300	 1.0862E-01	 2.0459E-01	 9.2862E-01
    1.7350	 1.0839E-01	 2.0408E-01	 9.2685E-01
    1.7400	 1.0830E-01	 2.0390E-01	 9.2622E-01
    1.7450	 1.0837E-01	 2.0405E-01	 9.2672E-01
    1.7500	 1.0858E-01	 2.0451E-01	 9.2832E-01
    1.7550	 1.0893E-01	 2.0526E-01	 9.3094E-01
    1.7600	 1.0941E-01	 2.0626E-01	 9.3445E-01
    1.7650	 1.0998E-01	 2.0748E-01	 9.3869E-01
    1.7700	 1.1062E-01	 2.0885E-01	 9.4349E-01
    1.7750	 1.1131E-01	 2.1033E-01	 9.4865E-01
    1.7800	 1.1203E-01	 2.1185E-01	 9.5396E-01
    1.7850	 1.1273E-01	 2.1336E-01	 9.5921E-01
    1.7900	 1.1340E-01	 2.1479E-01	 9.6420E-01
    1.7950	 1.1401E-01	 2.1609E-01	 9.6873E-01
    1.8000	 1.1454E-01	 2.1721E-01	 9.7265E-01
    1.8050	 1.1496E-01	 2.1811E-01	 9.7580E-01
    1.8100	 1.1527E-01	 2.1877E-01	 9.7808E-01
    1.8150	 1.1545E-01	 2.1915E-01	 9.7942E-01
    1.8200	 1.1550E-01	 2.1926E-01	 9.7979E-01
    1.8250	 1.1542E-01	 2.1908E-01	 9.7919E-01
    1.8300	 1.1521E-01	 2.1864E-01	 9.7766E-01
    1.8350	 1.1489E-01	 2.1796E-01	 9.7528E-01
    1.8400	 1.1447E-01	 2.1707E-01	 9.7216E-01
    1.8450	 1.1397E-01	 2.1600E-01	 9.6843E-01
    1.8500	 1.1341E-01	 2.1481E-01	 9.6426E-01
    1.8550	 1.1281E-01	 2.1353E-01	 9.5982E-01
    1.8600	 1.1220E-01	 2.1223E-01	 9.5527E-01
    1.8650	 1.1161E-01	 2.1095E-01	 9.5082E-01
    1.8700	 1.1104E-01	 2.0975E-01	 9.4661E-01
    1.8750	 1.1053E-01	 2.0866E-01	 9.4282E-01
    1.8800	 1.1010E-01	 2.0773E-01	 9.3959E-01
    1.8850	 1.0975E-01	 2.0700E-01	 9.3702E-01
    1.8900	 1.0951E-01	 2.0648E-01	 9.3521E-01
    1.8950	 1.0937E-01	 2.0619E-01	 9.3421E-01
    1.9000	 1.0935E-01	 2.0615E-01	 9.3405E-01
    1.9050	 1.0944E-01	 2.0634E-01	 9.3471E-01
    1.9100	 1.0963E-01	 2.0675E-01	 9.3615E-01
    1.9150	 1.0992E-01	 2.0737E-01	 9.3831E-01
    1.9200	 1.1030E-01	 2.0816E-01	 9.4108E-01
    1.9250	 1.1073E-01	 2.0910E-01	 9.4434E-01
    1.9300	 1.1122E-01	 2.1013E-01	 9.4795E-01
    1.9350	 1.1173E-01	 2.1123E-01	 9.5178E-01
    1.9400	 1.1226E-01	 2.1234E-01	 9.5566E-01
    1.9450	 1.1276E-01	 2.1342E-01	 9.5944E-01
    1.9500	 1.1324E-01	 2.1444E-01	 9.6298E-01
    1.9550	 1.1366E-01	 2.1534E-01	 9.6614E-01
    1.9600	 1.1402E-01	 2.1611E-01	 9.6881E-01
    1.9650	 1.1430E-01	 2.1671E-01	 9.7089E-01
    1.9700	 1.1449E-01	 2.1711E-01	 9.7232E-01
    1.9750	 1.1459E-01	 2.1732E-01	 9.7304E-01
    1.9800	 1.1459E-01	 2.1733E-01	 9.7306E-01
    1.9850	 1.1450E-01	 2.1713E-01	 9.7237E-01
    1.9900	 1.1432E-01	 2.1674E-01	 9.7102E-01
    1.9950	 1.1406E-01	 2.1619E-01	 9.6908E-01
    2.0000	 1.1373E-01	 2.1548E-01	 9.6663E-01
    2.0050	 1.1335E-01	 2.1467E-01	 9.6378E-01
    2.0100	 1.1293E-01	 2.1377E-01	 9.6064E-01
    2.0150	 1.1248E-01	 2.1283E-01	 9.5736E-01
    2.0200	 1.1204E-01	 2.1188E-01	 9.5405E-01
    2.0250	 1.1161E-01	 2.1096E-01	 9.5084E-01
    2.0300	 1.1121E-01	 2.1011E-01	 9.4787E-01
    2.0350	 1.1086E-01	 2.0935E-01	 9.4524E-01
    2.0400	 1.1056E-01	 2.0872E-01	 9.4304E-01
    2.0450	 1.1033E-01	 2.0824E-01	 9.4136E-01
    2.0500	 1.1018E-01	 2.0792E-01	 9.4024E-01
    2.0550	 1.1012E-01	 2.0778E-01	 9.3973E-01
    2.0600	 1.1013E-01	 2.0780E-01	 9.3983E-01
    2.0650	 1.1022E-01	 2.0800E-01	 9.4052E-01
    2.0700	 1.1039E-01	 2.0836E-01	 9.4177E-01
    2.0750	 1.1062E-01	 2.0886E-01	 9.4352E-01
    2.0800	 1.1091E-01	 2.0948E-01	 9.4568E-01
    2.0850	 1.1125E-01	 2.1019E-01	 9.4817E-01
    2.0900	 1.1161E-01	 2.1097E-01	 9.5087E-01
    2.0950	 1.1199E-01	 2.1178E-01	 9.5369E-01
    2.1000	 1.1237E-01	 2.1259E-01	 9.5652E-01
    2.1050	 1.1274E-01	 2.1336E-01	 9.5923E-01
    2.1100	 1.1307E-01	 2.1408E-01	 9.6172E-01
    2.1150	 1.1337E-01	 2.1470E-01	 9.6391E-01
    2.1200	 1.1361E-01	 2.1522E-01	 9.6571E-01
    2.1250	 1.1379E-01	 2.1561E-01	 9.6707E-01
    2.1300	 1.1390E-01	 2.1586E-01	 9.6793E-01
    2.1350	 1.1395E-01	 2.1595E-01	 9.6827E-01
    2.1400	 1.1393E-01	 2.1590E-01	 9.6809E-01
    2.1450	 1.1384E-01	 2.1571E-01	 9.6741E-01
    2.1500	 1.1368E-01	 2.1538E-01	 9.6627E-01
    2.1550	 1.1347E-01	 2.1493E-01	 9.6471E-01
    2.1600	 1.1322E-01	 2.1439E-01	 9.6280E-01
    2.1650	 1.1293E-01	 2.1377E-01	 9.6064E-01
    2.1700	 1.1261E-01	 2.1310E-01	 9.5830E-01
    2.1750	 1.1229E-01	 2.1240E-01	 9.5588E-01
    2.1800	 1.1196E-01	 2.1172E-01	 9.5348E-01
    2.1850	 1.1166E-01	 2.1106E-01	 9.5119E-01
    2.1900	 1.1137E-01	 2.1046E-01	 9.4910E-01
    2.1950	 1.1113E-01	 2.0994E-01	 9.4728E-01
    2.2000	 1.1093E-01	 2.0952E-01	 9.4581E-01
    2.2050	 1.1079E-01	 2.0921E-01	 9.4472E-01
    2.2100	 1.1070E-01	 2.0902E-01	 9.4407E-01
    2.2150	 1.1067E-01	 2.0896E-01	 9.4385E-01
    2.2200	 1.1070E-01	 2.0902E-01	 9.4408E-01
    2.2250	 1.1079E-01	 2.0921E-01	 9.4474E-01
    2.2300	 1.1093E-01	 2.0951E-01	 9.4579E-01
    2.2350	 1.1112E-01	 2.0991E-01	 9.4718E-01
    2.2400	 1.1134E-01	 2.1039E-01	 9.4885E-01
    2.2450	 1.1159E-01	 2.1093E-01	 9.5073E-01
    2.2500	 1.1187E-01	 2.1151E-01	 9.5275E-01
    2.2550	 1.1214E-01	 2.1210E-01	 9.5482E-01
    2.2600	 1.1242E-01	 2.1268E-01	 9.5686E-01
    2.2650	 1.1268E-01	 2.1324E-01	 9.5879E-01
    2.2700	 1.1291E-01	 2.1374E-01	 9.6054E-01
    2.2750	 1.1311E-01	 2.1417E-01	 9.6204E-01
    2.2800	 1.1328E-01	 2.1451E-01	 9.6325E-01
    2.2850	 1.1339E-01	 2.1476E-01	 9.6411E-01
    2.2900	 1.1346E-01	 2.1490E-01	 9.6460E-01
    2.2950	 1.1347E-01	 2.1494E-01	 9.6472E-01
    2.3000	 1.1344E-01	 2.1486E-01	 9.6445E-01
    2.3050	 1.1335E-01	 2.1468E-01	 9.6383E-01
    2.3100	 1.1323E-01	 2.1441E-01	 9.6288E-01
    2.3150	 1.1306E-01	 2.1406E-01	 9.6165E-01
    2.3200	 1.1286E-01	 2.1364E-01	 9.6018E-01
    2.3250	 1.1264E-01	 2.1317E-01	 9.5854E-01
    2.3300	 1.1241E-01	 2.1267E-01	 9.5681E-01
    2.3350	 1.1217E-01	 2.1216E-01	 9.5504E-01
    2.3400	 1.1194E-01	 2.1167E-01	 9.5331E-01
    2.3450	 1.1172E-01	 2.1120E-01	 9.5168E-01
    2.3500	 1.1153E-01	 2.1078E-01	 9.5022E-01
    2.3550	 1.1136E-01	 2.1042E-01	 9.4898E-01
    2.3600	 1.1123E-01	 2.1014E-01	 9.4800E-01
    2.3650	 1.1114E-01	 2.0995E-01	 9.4732E-01
    2.3700	 1.1109E-01	 2.0984E-01	 9.4695E-01
    2.3750	 1.1108E-01	 2.0983E-01	 9.4691E-01
    2.3800	 1.1112E-01	 2.0991E-01	 9.4719E-01
    2.3850	 1.1120E-01	 2.1008E-01	 9.4778E-01
    2.3900	 1.1131E-01	 2.1033E-01	 9.4864E-01
    2.3950	 1.1146E-01	 2.1064E-01	 9.4973E-01
    2.4000	 1.1163E-01	 2.1101E-01	 9.5102E-01
    2.4050	 1.1182E-01	 2.1142E-01	 9.5243E-01
    2.4100	 1.1202E-01	 2.1184E-01	 9.5393E-01
    2.4150	 1.1223E-01	 2.1228E-01	 9.5544E-01
    2.4200	 1.1242E-01	 2.1270E-01	 9.5691E-01
    2.4250	 1.1261E-01	 2.1309E-01	 9.5827E-01
    2.4300	 1.1277E-01	 2.1344E-01	 9.5949E-01
    2.4350	 1.1291E-01	 2.1373E-01	 9.6052E-01
    2.4400	 1.1302E-01	 2.1396E-01	 9.6131E-01
    2.4450	 1.1309E-01	 2.1411E-01	 9.6184E-01
    2.4500	 1.1312E-01	 2.1419E-01	 9.6210E-01
    2.4550	 1.1312E-01	 2.1418E-01	 9.6209E-01
    2.4600	 1.1308E-01	 2.1410E-01	 9.6180E-01
    2.4650	 1.1301E-01	 2.1394E-01	 9.6126E-01
    2.4700	 1.1290E-01	 2.1372E-01	 9.6048E-01
    2.4750	 1.1277E-01	 2.1345E-01	 9.5952E-01
    2.4800	 1.1262E-01	 2.1312E-01	 9.5840E-01
    2.4850	 1.1246E-01	 2.1277E-01	 9.5717E-01
    2.4900	 1.1229E-01	 2.1240E-01	 9.5589E-01
    2.4950	 1.1211E-01	 2.1204E-01	 9.5460E-01
    2.5000	 1.1195E-01	 2.1168E-01	 9.5336E-01
    2.5050	 1.1179E-01	 2.1135E-01	 9.5221E-01
    2.5100	 1.1166E-01	 2.1106E-01	 9.5119E-01
    2.5150	 1.1154E-01	 2.1082E-01	 9.5035E-01
    2.5200	 1.1146E-01	 2.1064E-01	 9.4971E-01
    2.5250	 1.1140E-01	 2.1052E-01	 9.4929E-01
    2.5300	 1.1138E-01	 2.1046E-01	 9.4911E-01
    2.5350	 1.1138E-01	 2.1048E-01	 9.4917E-01
    2.5400	 1.1142E-01	 2.1056E-01	 9.4946E-01
    2.5450	 1.1149E-01	 2.1071E-01	 9.4996E-01
    2.5500	 1.1158E-01	 2.1091E-01	 9.5065E-01
    2.5550	 1.1170E-01	 2.1115E-01	 9.5150E-01
    2.5600	 1.1183E-01	 2.1143E-01	 9.5248E-01
    2.5650	 1.1197E-01	 2.1173E-01	 9.5354E-01
    2.5700	 1.1212E-01	 2.1205E-01	 9.5464E-01
    2.5750	 1.1227E-01	 2.1236E-01	 9.5574E-01
    2.5800	 1.1241E-01	 2.1266E-01	 9.5679E-01
    2.5850	 1.1254E-01	 2.1294E-01	 9.5775E-01
    2.5900	 1.1265E-01	 2.1318E-01	 9.5860E-01
    2.5950	 1.1274E-01	 2.1338E-01	 9.5929E-01
    2.6000	 1.1281E-01	 2.1353E-01	 9.5980E-01
    2.6050	 1.1286E-01	 2.1362E-01	 9.6012E-01
    2.6100	 1.1287E-01	 2.1365E-01	 9.6024E-01
    2.6150	 1.1286E-01	 2.1363E-01	 9.6015E-01
    2.6200	 1.1282E-01	 2.1355E-01	 9.5987E-01
    2.6250	 1.1276E-01	 2.1342E-01	 9.5941E-01
    2.6300	 1.1268E-01	 2.1324E-01	 9.5879E-01
    2.6350	 1.1258E-01	 2.1302E-01	 9.5804E-01
    2.6400	 1.1246E-01	 2.1278E-01	 9.5719E-01
    2.6450	 1.1234E-01	 2.1252E-01	 9.5628E-01
    2.6500	 1.1221E-01	 2.1225E-01	 9.5534E-01
    2.6550	 1.1209E-01	 2.1198E-01	 9.5440E-01
    2.6600	 1.1197E-01	 2.1173E-01	 9.5352E-01
    2.6650	 1.1186E-01	 2.1149E-01	 9.5271E-01
    2.6700	 1.1177E-01	 2.1129E-01	 9.5201E-01
    2.6750	 1.1169E-01	 2.1113E-01	 9.5145E-01
    2.6800	 1.1164E-01	 2.1102E-01	 9.5104E-01
    2.6850	 1.1160E-01	 2.1095E-01	 9.5080E-01
    2.6900	 1.1159E-01	 2.1093E-01	 9.5073E-01
    2.6950	 1.1161E-01	 2.1096E-01	 9.5083E-01
    2.7000	 1.1164E-01	 2.1103E-01	 9.5110E-01
    2.7050	 1.1170E-01	 2.1115E-01	 9.5151E-01
    2.7100	 1.1177E-01	 2.1131E-01	 9.5207E-01
    2.7150	 1.1186E-01	 2.1150E-01	 9.5272E-01
    2.7200	 1.1196E-01	 2.1171E-01	 9.5346E-01
    2.7250	 1.1207E-01	 2.1194E-01	 9.5425E-01
    2.7300	 1.1218E-01	 2.1217E-01	 9.5506E-01
    2.7350	 1.1228E-01	 2.1239E-01	 9.5585E-01
    2.7400	 1.1238E-01	 2.1261E-01	 9.5660E-01
    2.7450	 1.1247E-01	 2.1280E-01	 9.5727E-01
    2.7500	 1.1255E-01	 2.1297E-01	 9.5785E-01
    2.7550	 1.1261E-01	 2.1310E-01	 9.5831E-01
    2.7600	 1.1266E-01	 2.1319E-01	 9.5863E-01
    2.7650	 1.1268E-01	 2.1324E-01	 9.5882E-01
    2.7700	 1.1268E-01	 2.1325E-01	 9.5885E-01
    2.7750	 1.1267E-01	 2.1322E-01	 9.5873E-01
    2.7800	 1.1264E-01	 2.1315E-01	 9.5848E-01
    2.7850	 1.1258E-01	 2.1304E-01	 9.5810E-01
    2.7900	 1.1252E-01	 2.1290E-01	 9.5761E-01
    2.7950	 1.1244E-01	 2.1273E-01	 9.5704E-01
    2.8000	 1.1236E-01	 2.1255E-01	 9.5640E-01
    2.8050	 1.1226E-01	 2.1236E-01	 9.5572E-01
    2.8100	 1.1217E-01	 2.1216E-01	 9.5503E-01
    2.8150	 1.1208E-01	 2.1197E-01	 9.5436E-01
    2.8200	 1.1200E-01	 2.1179E-01	 9.5373E-01
    2.8250	 1.1192E-01	 2.1162E-01	 9.5316E-01
    2.8300	 1.1186E-01	 2.1149E-01	 9.5269E-01
    2.8350	 1.1181E-01	 2.1138E-01	 9.5231E-01
    2.8400	 1.1177E-01	 2.1131E-01	 9.5206E-01
    2.8450	 1.1175E-01	 2.1127E-01	 9.5193E-01
    2.8500	 1.1175E-01	 2.1127E-01	 9.5192E-01
    2.8550	 1.1177E-01	 2.1130E-01	 9.5204E-01
    2.8600	 1.1180E-01	 2.1137E-01	 9.5228E-01
    2.8650	 1.1185E-01	 2.1147E-01	 9.5262E-01
    2.8700	 1.1191E-01	 2.1159E-01	 9.5305E-01
    2.8750	 1.1197E-01	 2.1174E-01	 9.5355E-01
    2.8800	 1.1205E-01	 2.1190E-01	 9.5411E-01
    2.8850	 1.1213E-01	 2.1206E-01	 9.5469E-01
    2.8900	 1.1221E-01	 2.1223E-01	 9.5528E-01
    2.8950	 1.1228E-01	 2.1239E-01	 9.5585E-01
    2.9000	 1.1235E-01	 2.1255E-01	 9.5638E-01
    2.9050	 1.1242E-01	 2.1268E-01	 9.5685E-01
    2.9100	 1.1247E-01	 2.1279E-01	 9.5724E-01
    2.9150	 1.1251E-01	 2.1288E-01	 9.5754E-01
    2.9200	 1.1254E-01	 2.1294E-01	 9.5774E-01
    2.9250	 1.1255E-01	 2.1296E-01	 9.5784E-01
    2.9300	 1.1255E-01	 2.1296E-01	 9.5782E-01
    2.9350	 1.1253E-01	 2.1293E-01	 9.5770E-01
    2.9400	 1.1250E-01	 2.1286E-01	 9.5748E-01
    2.9450	 1.1246E-01	 2.1277E-01	 9.5718E-01
    2.9500	 1.1241E-01	 2.1267E-01	 9.5679E-01
    2.9550	 1.1235E-01	 2.1254E-01	 9.5635E-01
    2.9600	 1.1228E-01	 2.1240E-01	 9.5587E-01
    2.9650	 1.1222E-01	 2.1226E-01	 9.5537E-01
    2.9700	 1.1215E-01	 2.1211E-01	 9.5487E-01
    2.9750	 1.1209E-01	 2.1198E-01	 9.5439E-01
    2.9800	 1.1203E-01	 2.1185E-01	 9.5395E-01
    2.9850	 1.1197E-01	 2.1174E-01	 9.5355E-01
    2.9900	 1.1193E-01	 2.1164E-01	 9.5323E-01
    2.9950	 1.1190E-01	 2.1158E-01	 9.5299E-01
    3.0000	 1.1188E-01	 2.1153E-01	 9.5284E-01
    3.0050	 1.1187E-01	 2.1151E-01	 9.5277E-01
    3.0100	 1.1187E-01	 2.1152E-01	 9.5280E-01
    3.0150	 1.1189E-01	 2.1155E-01	 9.5292E-01
    3.0200	 1.1192E-01	 2.1161E-01	 9.5312E-01
    3.0250	 1.1195E-01	 2.1169E-01	 9.5340E-01
    3.0300	 1.1200E-01	 2.1179E-01	 9.5373E-01
    3.0350	 1.1205E-01	 2.1190E-01	 9.5412E-01
    3.0400	 1.1210E-01	 2.1202E-01	 9.5453E-01
    3.0450	 1.1216E-01	 2.1214E-01	 9.5496E-01
    3.0500	 1.1222E-01	 2.1226E-01	 9.5539E-01
    3.0550	 1.1227E-01	 2.1238E-01	 9.5579E-01
    3.0600	 1.1232E-01	 2.1249E-01	 9.5617E-01
    3.0650	 1.1237E-01	 2.1258E-01	 9.5649E-01
    3.0700	 1.1240E-01	 2.1265E-01	 9.5675E-01
    3.0750	 1.1243E-01	 2.1271E-01	 9.5695E-01
    3.0800	 1.1245E-01	 2.1274E-01	 9.5707E-01
    3.0850	 1.1245E-01	 2.1275E-01	 9.5711E-01
    3.0900	 1.1245E-01	 2.1274E-01	 9.5707E-01
    3.0950	 1.1243E-01	 2.1271E-01	 9.5695E-01
    3.1000	 1.1241E-01	 2.1266E-01	 9.5677E-01
    3.1050	 1.1237E-01	 2.1259E-01	 9.5652E-01
    3.1100	 1.1233E-01	 2.1250E-01	 9.5623E-01
    3.1150	 1.1229E-01	 2.1241E-01	 9.5589E-01
    3.1200	 1.1224E-01	 2.1230E-01	 9.5554E-01
    3.1250	 1.1219E-01	 2.1220E-01	 9.5517E-01
    3.1300	 1.1214E-01	 2.1210E-01	 9.5481E-01
    3.1350	 1.1210E-01	 2.1200E-01	 9.5446E-01
    3.1400	 1.1205E-01	 2.1191E-01	 9.5415E-01
    3.1450	 1.1202E-01	 2.1183E-01	 9.5388E-01
    3.1500	 1.1199E-01	 2.1177E-01	 9.5367E-01
    3.1550	 1.1197E-01	 2.1173E-01	 9.5351E-01
    3.1600	 1.1196E-01	 2.1170E-01	 9.5342E-01
    3.1650	 1.1195E-01	 2.1169E-01	 9.5340E-01
    3.1700	 1.1196E-01	 2.1171E-01	 9.5345E-01
    3.1750	 1.1197E-01	 2.1174E-01	 9.5356E-01
    3.1800	 1.1200E-01	 2.1179E-01	 9.5372E-01
    3.1850	 1.1203E-01	 2.1185E-01	 9.5394E-01
    3.1900	 1.1206E-01	 2.1192E-01	 9.5420E-01
    3.1950	 1.1210E-01	 2.1200E-01	 9.5449E-01
    3.2000	 1.1214E-01	 2.1209E-01	 9.5480E-01
    3.2050	 1.1218E-01	 2.1218E-01	 9.5511E-01
    3.2100	 1.1222E-01	 2.1227E-01	 9.5542E-01
    3.2150	 1.1226E-01	 2.1235E-01	 9.5571E-01
    3.2200	 1.1230E-01	 2.1243E-01	 9.5597E-01
    3.2250	 1.1233E-01	 2.1249E-01	 9.5619E-01
    3.2300	 1.1235E-01	 2.1254E-01	 9.5637E-01
    3.2350	 1.1237E-01	 2.1258E-01	 9.5649E-01
    3.2400	 1.1238E-01	 2.1260E-01	 9.5656E-01
    3.2450	 1.1238E-01	 2.1260E-01	 9.5656E-01
    3.2500	 1.1237E-01	 2.1259E-01	 9.5652E-01
    3.2550	 1.1236E-01	 2.1256E-01	 9.5641E-01
    3.2600	 1.1234E-01	 2.1251E-01	 9.5626E-01
    3.2650	 1.1231E-01	 2.1246E-01	 9.5607E-01
    3.2700	 1.1228E-01	 2.1239E-01	 9.5584E-01
    3.2750	 1.1225E-01	 2.1232E-01	 9.5559E-01
    3.2800	 1.1221E-01	 2.1224E-01	 9.5533E-01
    3.2850	 1.1218E-01	 2.1217E-01	 9.5506E-01
    3.2900	 1.1214E-01	 2.1209E-01	 9.5480E-01
    3.2950	 1.1211E-01	 2.1202E-01	 9.5455E-01
    3.3000	 1.1208E-01	 2.1196E-01	 9.5434E-01
    3.3050	 1.1205E-01	 2.1191E-01	 9.5415E-01
    3.3100	 1.1203E-01	 2.1187E-01	 9.5401E-01
    3.3150	 1.1202E-01	 2.1184E-01	 9.5391E-01
    3.3200	 1.1202E-01	 2.1183E-01	 9.5387E-01
    3.3250	 1.1202E-01	 2.1183E-01	 9.5387E-01
    3.3300	 1.1202E-01	 2.1184E-01	 9.5392E-01
    3.3350	 1.1204E-01	 2.1187E-01	 9.5401E-01
    3.3400	 1.1205E-01	 2.1191E-01	 9.5415E-01
    3.3450	 1.1208E-01	 2.1196E-01	 9.5432E-01
    3.3500	 1.1210E-01	 2.1201E-01	 9.5452E-01
    3.3550	 1.1213E-01	 2.1208E-01	 9.5474E-01
    3.3600	 1.1216E-01	 2.1214E-01	 9.5496E-01
    3.3650	 1.1219E-01	 2.1221E-01	 9.5519E-01
    3.3700	 1.1222E-01	 2.1227E-01	 9.5541E-01
    3.3750	 1.1225E-01	 2.1233E-01	 9.5562E-01
    3.3800	 1.1227E-01	 2.1238E-01	 9.5580E-01
    3.3850	 1.1230E-01	 2.1242E-01	 9.5595E-01
    3.3900	 1.1231E-01	 2.1246E-01	 9.5606E-01
    3.3950	 1.1232E-01	 2.1248E-01	 9.5614E-01
    3.4000	 1.1233E-01	 2.1249E-01	 9.5617E-01
    3.4050	 1.1232E-01	 2.1248E-01	 9.5616E-01
    3.4100	 1.1232E-01	 2.1247E-01	 9.5611E-01
    3.4150	 1.1231E-01	 2.1244E-01	 9.5603E-01
    3.4200	 1.1229E-01	 2.1241E-01	 9.5590E-01
    3.4250	 1.1227E-01	 2.1237E-01	 9.5575E-01
    3.4300	 1.1225E-01	 2.1232E-01	 9.5558E-01
    3.4350	 1.1222E-01	 2.1226E-01	 9.5539E-01
    3.4400	 1.1219E-01	 2.1221E-01	 9.5520E-01
    3.4450	 1.1217E-01	 2.1215E-01	 9.5500E-01
    3.4500	 1.1214E-01	 2.1210E-01	 9.5481E-01
    3.4550	 1.1212E-01	 2.1205E-01	 9.5464E-01
    3.4600	 1.1210E-01	 2.1201E-01	 9.5449E-01
    3.4650	 1.1208E-01	 2.1197E-01	 9.5437E-01
    3.4700	 1.1207E-01	 2.1194E-01	 9.5428E-01
    3.4750	 1.1206E-01	 2.1193E-01	 9.5422E-01
    3.4800	 1.1206E-01	 2.1192E-01	 9.5420E-01
    3.4850	 1.1206E-01	 2.1193E-01	 9.5421E-01
    3.4900	 1.1207E-01	 2.1194E-01	 9.5426E-01
    3.4950	 1.1208E-01	 2.1196E-01	 9.5434E-01
    3.5000	 1.1209E-01	 2.1199E-01	 9.5445E-01
    3.5050	 1.1211E-01	 2.1203E-01	 9.5458E-01
    3.5100	 1.1213E-01	 2.1207E-01	 9.5473E-01
    3.5150	 1.1215E-01	 2.1212E-01	 9.5490E-01
    3.5200	 1.1218E-01	 2.1217E-01	 9.5506E-01
    3.5250	 1.1220E-01	 2.1222E-01	 9.5523E-01
    3.5300	 1.1222E-01	 2.1226E-01	 9.5539E-01
    3.5350	 1.1224E-01	 2.1230E-01	 9.5553E-01
    3.5400	 1.1226E-01	 2.1234E-01	 9.5565E-01
    3.5450	 1.1227E-01	 2.1237E-01	 9.5576E-01
    3.5500	 1.1228E-01	 2.1239E-01	 9.5583E-01
    3.5550	 1.1228E-01	 2.1240E-01	 9.5587E-01
    3.5600	 1.1229E-01	 2.1241E-01	 9.5589E-01
    3.5650	 1.1228E-01	 2.1240E-01	 9.5587E-01
    3.5700	 1.1228E-01	 2.1239E-01	 9.5582E-01
    3.5750	 1.1227E-01	 2.1237E-01	 9.5575E-01
    3.5800	 1.1226E-01	 2.1234E-01	 9.5565E-01
    3.5850	 1.1224E-01	 2.1230E-01	 9.5553E-01
    3.5900	 1.1222E-01	 2.1227E-01	 9.5540E-01
    3.5950	 1.1220E-01	 2.1223E-01	 9.5526E-01
    3.6000	 1.1218E-01	 2.1219E-01	 9.5512E-01
    3.6050	 1.1216E-01	 2.1215E-01	 9.5498E-01
    3.6100	 1.1215E-01	 2.1211E-01	 9.5485E-01
    3.6150	 1.1213E-01	 2.1207E-01	 9.5473E-01
    3.6200	 1.1212E-01	 2.1204E-01	 9.5462E-01
    3.6250	 1.1211E-01	 2.1202E-01	 9.5454E-01
    3.6300	 1.1210E-01	 2.1200E-01	 9.5448E-01
    3.6350	 1.1209E-01	 2.1199E-01	 9.5445E-01
    3.6400	 1.1209E-01	 2.1199E-01	 9.5444E-01
    3.6450	 1.1210E-01	 2.1200E-01	 9.5446E-01
    3.6500	 1.1210E-01	 2.1201E-01	 9.5451E-01
    3.6550	 1.1211E-01	 2.1203E-01	 9.5457E-01
    3.6600	 1.1212E-01	 2.1205E-01	 9.5466E-01
    3.6650	 1.1214E-01	 2.1208E-01	 9.5476E-01
    3.6700	 1.1215E-01	 2.1212E-01	 9.5488E-01
    3.6750	 1.1217E-01	 2.1215E-01	 9.5500E-01
    3.6800	 1.1218E-01	 2.1219E-01	 9.5512E-01
    3.6850	 1.1220E-01	 2.1222E-01	 9.5524E-01
    3.6900	 1.1221E-01	 2.1225E-01	 9.5535E-01
    3.6950	 1.1223E-01	 2.1228E-01	 9.5545E-01
    3.7000	 1.1224E-01	 2.1230E-01	 9.5554E-01
    3.7050	 1.1225E-01	 2.1232E-01	 9.5560E-01
    3.7100	 1.1225E-01	 2.1234E-01	 9.5565E-01
    3.7150	 1.1226E-01	 2.1234E-01	 9.5567E-01
    3.7200	 1.1226E-01	 2.1234E-01	 9.5567E-01
    3.7250	 1.1226E-01	 2.1234E-01	 9.5565E-01
    3.7300	 1.1225E-01	 2.1233E-01	 9.5561E-01
    3.7350	 1.1224E-01	 2.1231E-01	 9.5555E-01
    3.7400	 1.1223E-01	 2.1229E-01	 9.5548E-01
    3.7450	 1.1222E-01	 2.1226E-01	 9.5539E-01
    3.7500	 1.1221E-01	 2.1223E-01	 9.5529E-01
    3.7550	 1.1219E-01	 2.1220E-01	 9.5518E-01
    3.7600	 1.1218E-01	 2.1217E-01	 9.5508E-01
    3.7650	 1.1216E-01	 2.1215E-01	 9.5498E-01
    3.7700	 1.1215E-01	 2.1212E-01	 9.5488E-01
    3.7750	 1.1214E-01	 2.1209E-01	 9.5480E-01
    3.7800	 1.1213E-01	 2.1207E-01	 9.5473E-01
    3.7850	 1.1212E-01	 2.1206E-01	 9.5468E-01
    3.7900	 1.1212E-01	 2.1205E-01	 9.5464E-01
    3.7950	 1.1212E-01	 2.1204E-01	 9.5462E-01
    3.8000	 1.1212E-01	 2.1204E-01	 9.5463E-01
    3.8050	 1.1212E-01	 2.1205E-01	 9.5465E-01
    3.8100	 1.1213E-01	 2.1206E-01	 9.5469E-01
    3.8150	 1.1213E-01	 2.1208E-01	 9.5474E-01
    3.8200	 1.1214E-01	 2.1210E-01	 9.5481E-01
    3.8250	 1.1215E-01	 2.1212E-01	 9.5488E-01
    3.8300	 1.1216E-01	 2.1214E-01	 9.5497E-01
    3.8350	 1.1218E-01	 2.1217E-01	 9.5506E-01
    3.8400	 1.1219E-01	 2.1219E-01	 9.5515E-01
    3.8450	 1.1220E-01	 2.1222E-01	 9.5523E-01
    3.8500	 1.1221E-01	 2.1224E-01	 9.5531E-01
    3.8550	 1.1222E-01	 2.1226E-01	 9.5538E-01
    3.8600	 1.1223E-01	 2.1228E-01	 9.5544E-01
    3.8650	 1.1223E-01	 2.1229E-01	 9.5548E-01
    3.8700	 1.1224E-01	 2.1230E-01	 9.5551E-01
    3.8750	 1.1224E-01	 2.1230E-01	 9.5552E-01
    3.8800	 1.1224E-01	 2.1230E-01	 9.5552E-01
    3.8850	 1.1223E-01	 2.1229E-01	 9.5550E-01
    3.8900	 1.1223E-01	 2.1228E-01	 9.5546E-01
    3.8950	 1.1222E-01	 2.1227E-01	 9.5541E-01
    3.9000	 1.1222E-01	 2.1225E-01	 9.5535E-01
    3.9050	 1.1221E-01	 2.1223E-01	 9.5529E-01
    3.9100	 1.1220E-01	 2.1221E-01	 9.5521E-01
    3.9150	 1.1219E-01	 2.1219E-01	 9.5514E-01
    3.9200	 1.1218E-01	 2.1217E-01	 9.5506E-01
    3.9250	 1.1217E-01	 2.1215E-01	 9.5499E-01
    3.9300	 1.1216E-01	 2.1213E-01	 9.5492E-01
    3.9350	 1.1215E-01	 2.1211E-01	 9.5486E-01
    3.9400	 1.1214E-01	 2.1210E-01	 9.5482E-01
    3.9450	 1.1214E-01	 2.1209E-01	 9.5478E-01
    3.9500	 1.1214E-01	 2.1208E-01	 9.5476E-01
    3.9550	 1.1213E-01	 2.1208E-01	 9.5475E-01
    3.9600	 1.1214E-01	 2.1208E-01	 9.5476E-01
    3.9650	 1.1214E-01	 2.1209E-01	 9.5478E-01
    3.9700	 1.1214E-01	 2.1210E-01	 9.5481E-01
    3.9750	 1.1215E-01	 2.1211E-01	 9.5486E-01
    3.9800	 1.1216E-01	 2.1212E-01	 9.5491E-01
    3.9850	 1.1216E-01	 2.1214E-01	 9.5497E-01
    3.9900	 1.1217E-01	 2.1216E-01	 9.5503E-01
    3.9950	 1.1218E-01	 2.1218E-01	 9.5510E-01
    4.0000	 1.1219E-01	 2.1220E-01	 9.5516E-01
    4.0050	 1.1220E-01	 2.1221E-01	 9.5522E-01
    4.0100	 1.1220E-01	 2.1223E-01	 9.5528E-01
    4.0150	 1.1221E-01	 2.1224E-01	 9.5532E-01
    4.0200	 1.1222E-01	 2.1226E-01	 9.5536E-01
    4.0250	 1.1222E-01	 2.1226E-01	 9.5539E-01
    4.0300	 1.1222E-01	 2.1227E-01	 9.5541E-01
    4.0350	 1.1222E-01	 2.1227E-01	 9.5541E-01
    4.0400	 1.1222E-01	 2.1227E-01	 9.5540E-01
    4.0450	 1.1222E-01	 2.1226E-01	 9.5538E-01
    4.0500	 1.1222E-01	 2.1225E-01	 9.5536E-01
    4.0550	 1.1221E-01	 2.1224E-01	 9.5532E-01
    4.0600	 1.1220E-01	 2.1223E-01	 9.5527E-01
    4.0650	 1.1220E-01	 2.1221E-01	 9.5522E-01
    4.0700	 1.1219E-01	 2.1220E-01	 9.5516E-01
    4.0750	 1.1218E-01	 2.1218E-01	 9.5511E-01
    4.0800	 1.1217E-01	 2.1217E-01	 9.5505E-01
    4.0850	 1.1217E-01	 2.1215E-01	 9.5500E-01
    4.0900	 1.1216E-01	 2.1214E-01	 9.5496E-01
    4.0950	 1.1216E-01	 2.1213E-01	 9.5492E-01
    4.1000	 1.1215E-01	 2.1212E-01	 9.5489E-01
    4.1050	 1.1215E-01	 2.1211E-01	 9.5486E-01
    4.1100	 1.1215E-01	 2.1211E-01	 9.5485E-01
    4.1150	 1.1215E-01	 2.1211E-01	 9.5485E-01
    4.1200	 1.1215E-01	 2.1211E-01	 9.5486E-01
    4.1250	 1.1215E-01	 2.1212E-01	 9.5488E-01
    4.1300	 1.1215E-01	 2.1212E-01	 9.5490E-01
    4.1350	 1.1216E-01	 2.1213E-01	 9.5494E-01
    4.1400	 1.1216E-01	 2.1214E-01	 9.5498E-01
    4.1450	 1.1217E-01	 2.1216E-01	 9.5502E-01
    4.1500	 1.1218E-01	 2.1217E-01	 9.5507E-01
    4.1550	 1.1218E-01	 2.1218E-01	 9.5512E-01
    4.1600	 1.1219E-01	 2.1220E-01	 9.5516E-01
    4.1650	 1.1220E-01	 2.1221E-01	 9.5521E-01
    4.1700	 1.1220E-01	 2.1222E-01	 9.5524E-01
    4.1750	 1.1220E-01	 2.1223E-01	 9.5528E-01
    4.1800	 1.1221E-01	 2.1224E-01	 9.5530E-01
    4.1850	 1.1221E-01	 2.1224E-01	 9.5532E-01
    4.1900	 1.1221E-01	 2.1225E-01	 9.5533E-01
    4.1950	 1.1221E-01	 2.1225E-01	 9.5533E-01
    4.2000	 1.1221E-01	 2.1224E-01	 9.5532E-01
    4.2050	 1.1221E-01	 2.1224E-01	 9.5530E-01
    4.2100	 1.1221E-01	 2.1223E-01	 9.5528E-01
    4.2150	 1.1220E-01	 2.1222E-01	 9.5525E-01
    4.2200	 1.1220E-01	 2.1221E-01	 9.5521E-01
    4.2250	 1.1219E-01	 2.1220E-01	 9.5518E-01
    4.2300	 1.1219E-01	 2.1219E-01	 9.5513E-01
    4.2350	 1.1218E-01	 2.1218E-01	 9.5509E-01
    4.2400	 1.1217E-01	 2.1217E-01	 9.5505E-01
    4.2450	 1.1217E-01	 2.1216E-01	 9.5502E-01
    4.2500	 1.1217E-01	 2.1215E-01	 9.5499E-01
    4.2550	 1.1216E-01	 2.1214E-01	 9.5496E-01
    4.2600	 1.1216E-01	 2.1213E-01	 9.5494E-01
    4.2650	 1.1216E-01	 2.1213E-01	 9.5493E-01
    4.2700	 1.1216E-01	 2.1213E-01	 9.5492E-01
    4.2750	 1.1216E-01	 2.1213E-01	 9.5492E-01
    4.2800	 1.1216E-01	 2.1213E-01	 9.5493E-01
    4.2850	 1.1216E-01	 2.1214E-01	 9.5494E-01
    4.2900	 1.1216E-01	 2.1214E-01	 9.5497E-01
    4.2950	 1.1217E-01	 2.1215E-01	 9.5499E-01
    4.3000	 1.1217E-01	 2.1216E-01	 9.5502E-01
    4.3050	 1.1218E-01	 2.1217E-01	 9.5506E-01
    4.3100	 1.1218E-01	 2.1218E-01	 9.5509E-01
    4.3150	 1.1218E-01	 2.1219E-01	 9.5513E-01
    4.3200	 1.1219E-01	 2.1220E-01	 9.5516E-01
    4.3250	 1.1219E-01	 2.1221E-01	 9.5519E-01
    4.3300	 1.1220E-01	 2.1221E-01	 9.5522E-01
    4.3350	 1.1220E-01	 2.1222E-01	 9.5524E-01
    4.3400	 1.1220E-01	 2.1222E-01	 9.5526E-01
    4.3450	 1.1220E-01	 2.1223E-01	 9.5527E-01
    4.3500	 1.1220E-01	 2.1223E-01	 9.5527E-01
    4.3550	 1.1220E-01	 2.1223E-01	 9.5527E-01
    4.3600	 1.1220E-01	 2.1223E-01	 9.5526E-01
    4.3650	 1.1220E-01	 2.1222E-01	 9.5524E-01
    4.3700	 1.1220E-01	 2.1222E-01	 9.5523E-01
    4.3750	 1.1219E-01	 2.1221E-01	 9.5520E-01
    4.3800	 1.1219E-01	 2.1220E-01	 9.5518E-01
    4.3850	 1.1219E-01	 2.1219E-01	 9.5515E-01
    4.3900	 1.1218E-01	 2.1218E-01	 9.5512E-01
    4.3950	 1.1218E-01	 2.1218E-01	 9.5509E-01
    4.4000	 1.1218E-01	 2.1217E-01	 9.5506E-01
    4.4050	 1.1217E-01	 2.1216E-01	 9.5503E-01
    4.4100	 1.1217E-01	 2.1215E-01	 9.5501E-01
    4.4150	 1.1217E-01	 2.1215E-01	 9.5499E-01
    4.4200	 1.1216E-01	 2.1215E-01	 9.5498E-01
    4.4250	 1.1216E-01	 2.1214E-01	 9.5497E-01
    4.4300	 1.1216E-01	 2.1214E-01	 9.5497E-01
    4.4350	 1.1216E-01	 2.1214E-01	 9.5497E-01
    4.4400	 1.1217E-01	 2.1215E-01	 9.5498E-01
    4.4450	 1.1217E-01	 2.1215E-01	 9.5499E-01
    4.4500	 1.1217E-01	 2.1215E-01	 9.5501E-01
    4.4550	 1.1217E-01	 2.1216E-01	 9.5503E-01
    4.4600	 1.1217E-01	 2.1217E-01	 9.5505E-01
    4.4650	 1.1218E-01	 2.1217E-01	 9.5508E-01
    4.4700	 1.1218E-01	 2.1218E-01	 9.5511E-01
    4.4750	 1.1219E-01	 2.1219E-01	 9.5513E-01
    4.4800	 1.1219E-01	 2.1220E-01	 9.5515E-01
    4.4850	 1.1219E-01	 2.1220E-01	 9.5518E-01
    4.4900	 1.1219E-01	 2.1221E-01	 9.5519E-01
    4.4950	 1.1220E-01	 2.1221E-01	 9.5521E-01
    4.5000	 1.1220E-01	 2.1221E-01	 9.5522E-01
    4.5050	 1.1220E-01	 2.1222E-01	 9.5522E-01
    4.5100	 1.1220E-01	 2.1222E-01	 9.5523E-01
    4.5150	 1.1220E-01	 2.1221E-01	 9.5522E-01
    4.5200	 1.1220E-01	 2.1221E-01	 9.5522E-01
    4.5250	 1.1219E-01	 2.1221E-01	 9.5520E-01
    4.5300	 1.1219E-01	 2.1221E-01	 9.5519E-01
    4.5350	 1.1219E-01	 2.1220E-01	 9.5517E-01
    4.5400	 1.1219E-01	 2.1219E-01	 9.5515E-01
    4.5450	 1.1218E-01	 2.1219E-01	 9.5513E-01
    4.5500	 1.1218E-01	 2.1218E-01	 9.5511E-01
    4.5550	 1.1218E-01	 2.1218E-01	 9.5509E-01
    4.5600	 1.1218E-01	 2.1217E-01	 9.5507E-01
    4.5650	 1.1217E-01	 2.1216E-01	 9.5505E-01
    4.5700	 1.1217E-01	 2.1216E-01	 9.5503E-01
    4.5750	 1.1217E-01	 2.1216E-01	 9.5502E-01
    4.5800	 1.1217E-01	 2.1215E-01	 9.5501E-01
    4.5850	 1.1217E-01	 2.1215E-01	 9.5501E-01
    4.5900	 1.1217E-01	 2.1215E-01	 9.5501E-01
    4.5950	 1.1217E-01	 2.1215E-01	 9.5501E-01
    4.6000	 1.1217E-01	 2.1216E-01	 9.5502E-01
    4.6050	 1.1217E-01	 2.1216E-01	 9.5503E-01
    4.6100	 1.1217E-01	 2.1216E-01	 9.5504E-01
    4.6150	 1.1218E-01	 2.1217E-01	 9.5506E-01
    4.6200	 1.1218E-01	 2.1217E-01	 9.5508E-01
    4.6250	 1.1218E-01	 2.1218E-01	 9.5509E-01
    4.6300	 1.1218E-01	 2.1218E-01	 9.5511E-01
    4.6350	 1.1219E-01	 2.1219E-01	 9.5513E-01
    4.6400	 1.1219E-01	 2.1219E-01	 9.5515E-01
    4.6450	 1.1219E-01	 2.1220E-01	 9.5516E-01
    4.6500	 1.1219E-01	 2.1220E-01	 9.5517E-01
    4.6550	 1.1219E-01	 2.1220E-01	 9.5518E-01
    4.6600	 1.1219E-01	 2.1221E-01	 9.5519E-01
    4.6650	 1.1219E-01	 2.1221E-01	 9.5519E-01
    4.6700	 1.1219E-01	 2.1221E-01	 9.5519E-01
    4.6750	 1.1219E-01	 2.1221E-01	 9.5519E-01
    4.6800	 1.1219E-01	 2.1220E-01	 9.5518E-01
    4.6850	 1.1219E-01	 2.1220E-01	 9.5517E-01
    4.6900	 1.1219E-01	 2.1220E-01	 9.5516E-01
    4.6950	 1.1219E-01	 2.1219E-01	 9.5515E-01
    4.7000	 1.1219E-01	 2.1219E-01	 9.5513E-01
    4.7050	 1.1218E-01	 2.1218E-01	 9.5512E-01
    4.7100	 1.1218E-01	 2.1218E-01	 9.5510E-01
    4.7150	 1.1218E-01	 2.1218E-01	 9.5509E-01
    4.7200	 1.1218E-01	 2.1217E-01	 9.5507E-01
    4.7250	 1.1218E-01	 2.1217E-01	 9.5506E-01
    4.7300	 1.1217E-01	 2.1217E-01	 9.5505E-01
    4.7350	 1.1217E-01	 2.1216E-01	 9.5504E-01
    4.7400	 1.1217E-01	 2.1216E-01	 9.5504E-01
    4.7450	 1.1217E-01	 2.1216E-01	 9.5503E-01
    4.7500	 1.1217E-01	 2.1216E-01	 9.5504E-01
    4.7550	 1.1217E-01	 2.1216E-01	 9.5504E-01
    4.7600	 1.1217E-01	 2.1216E-01	 9.5505E-01
    4.7650	 1.1217E-01	 2.1217E-01	 9.5505E-01
    4.7700	 1.1218E-01	 2.1217E-01	 9.5506E-01
    4.7750	 1.1218E-01	 2.1217E-01	 9.5508E-01
    4.7800	 1.1218E-01	 2.1218E-01	 9.5509E-01
    4.7850	 1.1218E-01	 2.1218E-01	 9.5510E-01
    4.7900	 1.1218E-01	 2.1218E-01	 9.5512E-01
    4.7950	 1.1218E-01	 2.1219E-01	 9.5513E-01
    4.8000	 1.1219E-01	 2.1219E-01	 9.5514E-01
    4.8050	 1.1219E-01	 2.1219E-01	 9.5515E-01
    4.8100	 1.1219E-01	 2.1220E-01	 9.5516E-01
    4.8150	 1.1219E-01	 2.1220E-01	 9.5517E-01
    4.8200	 1.1219E-01	 2.1220E-01	 9.5517E-01
    4.8250	 1.1219E-01	 2.1220E-01	 9.5517E-01
    4.8300	 1.1219E-01	 2.1220E-01	 9.5517E-01
    4.8350	 1.1219E-01	 2.1220E-01	 9.5517E-01
    4.8400	 1.1219E-01	 2.1220E-01	 9.5516E-01
    4.8450	 1.1219E-01	 2.1220E-01	 9.5515E-01
    4.8500	 1.1219E-01	 2.1219E-01	 9.5514E-01
    4.8550	 1.1219E-01	 2.1219E-01	 9.5513E-01
    4.8600	 1.1218E-01	 2.1219E-01	 9.5512E-01
    4.8650	 1.1218E-01	 2.1218E-01	 9.5511E-01
    4.8700	 1.1218E-01	 2.1218E-01	 9.5510E-01
    4.8750	 1.1218E-01	 2.1218E-01	 9.5509E-01
    4.8800	 1.1218E-01	 2.1217E-01	 9.5508E-01
    4.8850	 1.1218E-01	 2.1217E-01	 9.5507E-01
    4.8900	 1.1218E-01	 2.1217E-01	 9.5506E-01
    4.8950	 1.1218E-01	 2.1217E-01	 9.5506E-01
    4.9000	 1.1218E-01	 2.1217E-01	 9.5506E-01
    4.9050	 1.1217E-01	 2.1217E-01	 9.5505E-01
    4.9100	 1.1218E-01	 2.1217E-01	 9.5506E-01
    4.9150	 1.1218E-01	 2.1217E-01	 9.5506E-01
    4.9200	 1.1218E-01	 2.1217E-01	 9.5506E-01
    4.9250	 1.1218E-01	 2.1217E-01	 9.5507E-01
    4.9300	 1.1218E-01	 2.1217E-01	 9.5508E-01
    4.9350	 1.1218E-01	 2.1218E-01	 9.5509E-01
    4.9400	 1.1218E-01	 2.1218E-01	 9.5510E-01
    4.9450	 1.1218E-01	 2.1218E-01	 9.5511E-01
    4.9500	 1.1218E-01	 2.1218E-01	 9.5512E-01
    4.9550	 1.1218E-01	 2.1219E-01	 9.5513E-01
    4.9600	 1.1219E-01	 2.1219E-01	 9.5513E-01
    4.9650	 1.1219E-01	 2.1219E-01	 9.5514E-01
    4.9700	 1.1219E-01	 2.1219E-01	 9.5515E-01
    4.9750	 1.1219E-01	 2.1219E-01	 9.5515E-01
    4.9800	 1.1219E-01	 2.1220E-01	 9.5515E-01
    4.9850	 1.1219E-01	 2.1220E-01	 9.5515E-01
    4.9900	 1.1219E-01	 2.1219E-01	 9.5515E-01
    4.9950	 1.1219E-01	 2.1219E-01	 9.5515E-01
    5.0000	 1.1219E-01	 2.1219E-01	 9.5514E-01
    5.0050	 1.1219E-01	 2.1219E-01	 9.5514E-01
    5.0100	 1.1219E-01	 2.1219E-01	 9.5513E-01
    5.0150	 1.1218E-01	 2.1219E-01	 9.5512E-01
    5.0200	 1.1218E-01	 2.1218E-01	 9.5512E-01
    5.0250	 1.1218E-01	 2.1218E-01	 9.5511E-01
    5.0300	 1.1218E-01	 2.1218E-01	 9.5510E-01
    5.0350	 1.1218E-01	 2.1218E-01	 9.5509E-01
    5.0400	 1.1218E-01	 2.1218E-01	 9.5508E-01
    5.0450	 1.1218E-01	 2.1217E-01	 9.5508E-01
    5.0500	 1.1218E-01	 2.1217E-01	 9.5507E-01
    5.0550	 1.1218E-01	 2.1217E-01	 9.5507E-01
    5.0600	 1.1218E-01	 2.1217E-01	 9.5507E-01
    5.0650	 1.1218E-01	 2.1217E-01	 9.5507E-01
    5.0700	 1.1218E-01	 2.1217E-01	 9.5507E-01
    5.0750	 1.1218E-01	 2.1217E-01	 9.5507E-01
    5.0800	 1.1218E-01	 2.1217E-01	 9.5508E-01
    5.0850	 1.1218E-01	 2.1217E-01	 9.5508E-01
    5.0900	 1.1218E-01	 2.1218E-01	 9.5509E-01
    5.0950	 1.1218E-01	 2.1218E-01	 9.5510E-01
    5.1000	 1.1218E-01	 2.1218E-01	 9.5510E-01
    5.1050	 1.1218E-01	 2.1218E-01	 9.5511E-01
    5.1100	 1.1218E-01	 2.1218E-01	 9.5512E-01
    5.1150	 1.1218E-01	 2.1219E-01	 9.5512E-01
    5.1200	 1.1219E-01	 2.1219E-01	 9.5513E-01
    5.1250	 1.1219E-01	 2.1219E-01	 9.5513E-01
    5.1300	 1.1219E-01	 2.1219E-01	 9.5514E-01
    5.1350	 1.1219E-01	 2.1219E-01	 9.5514E-01
    5.1400	 1.1219E-01	 2.1219E-01	 9.5514E-01
    5.1450	 1.1219E-01	 2.1219E-01	 9.5514E-01
    5.1500	 1.1219E-01	 2.1219E-01	 9.5514E-01
    5.1550	 1.1219E-01	 2.1219E-01	 9.5514E-01
    5.1600	 1.1219E-01	 2.1219E-01	 9.5513E-01
    5.1650	 1.1218E-01	 2.1219E-01	 9.5513E-01
    5.1700	 1.1218E-01	 2.1219E-01	 9.5512E-01
    5.1750	 1.1218E-01	 2.1218E-01	 9.5512E-01
    5.1800	 1.1218E-01	 2.1218E-01	 9.5511E-01
    5.1850	 1.1218E-01	 2.1218E-01	 9.5511E-01
    5.1900	 1.1218E-01	 2.1218E-01	 9.5510E-01
    5.1950	 1.1218E-01	 2.1218E-01	 9.5509E-01
    5.2000	 1.1218E-01	 2.1218E-01	 9.5509E-01
    5.2050	 1.1218E-01	 2.1218E-01	 9.5509E-01
    5.2100	 1.1218E-01	 2.1217E-01	 9.5508E-01
    5.2150	 1.1218E-01	 2.1217E-01	 9.5508E-01
    5.2200	 1.1218E-01	 2.1217E-01	 9.5508E-01
    5.2250	 1.1218E-01	 2.1217E-01	 9.5508E-01
    5.2300	 1.1218E-01	 2.1217E-01	 9.5508E-01
    5.2350	 1.1218E-01	 2.1218E-01	 9.5508E-01
    5.2400	 1.1218E-01	 2.1218E-01	 9.5509E-01
    5.2450	 1.1218E-01	 2.1218E-01	 9.5509E-01
    5.2500	 1.1218E-01	 2.1218E-01	 9.5510E-01
    5.2550	 1.1218E-01	 2.1218E-01	 9.5510E-01
    5.2600	 1.1218E-01	 2.1218E-01	 9.5511E-01
    5.2650	 1.1218E-01	 2.1218E-01	 9.5511E-01
    5.2700	 1.1218E-01	 2.1218E-01	 9.5512E-01
    5.2750	 1.1218E-01	 2.1219E-01	 9.5512E-01
    5.2800	 1.1218E-01	 2.1219E-01	 9.5513E-01
    5.2850	 1.1218E-01	 2.1219E-01	 9.5513E-01
    5.2900	 1.1219E-01	 2.1219E-01	 9.5513E-01
    5.2950	 1.1219E-01	 2.1219E-01	 9.5513E-01
    5.3000	 1.1219E-01	 2.1219E-01	 9.5513E-01
    5.3050	 1.1219E-01	 2.1219E-01	 9.5513E-01
    5.3100	 1.1219E-01	 2.1219E-01	 9.5513E-01
    5.3150	 1.1218E-01	 2.1219E-01	 9.5513E-01
    5.3200	 1.1218E-01	 2.1219E-01	 9.5513E-01
    5.3250	 1.1218E-01	 2.1219E-01	 9.5512E-01
    5.3300	 1.1218E-01	 2.1218E-01	 9.5512E-01
    5.3350	 1.1218E-01	 2.1218E-01	 9.5511E-01
    5.3400	 1.1218E-01	 2.1218E-01	 9.5511E-01
    5.3450	 1.1218E-01	 2.1218E-01	 9.5510E-01
    5.3500	 1.1218E-01	 2.1218E-01	 9.5510E-01
    5.3550	 1.1218E-01	 2.1218E-01	 9.5510E-01
    5.3600	 1.1218E-01	 2.1218E-01	 9.5509E-01
    5.3650	 1.1218E-01	 2.1218E-01	 9.5509E-01
    5.3700	 1.1218E-01	 2.1218E-01	 9.5509E-01
    5.3750	 1.1218E-01	 2.1218E-01	 9.5509E-01
    5.3800	 1.1218E-01	 2.1218E-01	 9.5509E-01
    5.3850	 1.1218E-01	 2.1218E-01	 9.5509E-01
    5.3900	 1.1218E-01	 2.1218E-01	 9.5509E-01
    5.3950	 1.1218E-01	 2.1218E-01	 9.5509E-01
    5.4000	 1.1218E-01	 2.1218E-01	 9.5509E-01
    5.4050	 1.1218E-01	 2.1218E-01	 9.5510E-01
    5.4100	 1.1218E-01	 2.1218E-01	 9.5510E-01
    5.4150	 1.1218E-01	 2.1218E-01	 9.5510E-01
    5.4200	 1.1218E-01	 2.1218E-01	 9.5511E-01
    5.4250	 1.1218E-01	 2.1218E-01	 9.5511E-01
    5.4300	 1.1218E-01	 2.1218E-01	 9.5512E-01
    5.4350	 1.1218E-01	 2.1219E-01	 9.5512E-01
    5.4400	 1.1218E-01	 2.1219E-01	 9.5512E-01
    5.4450	 1.1218E-01	 2.1219E-01	 9.5512E-01
    5.4500	 1.1218E-01	 2.1219E-01	 9.5513E-01
    5.4550	 1.1218E-01	 2.1219E-01	 9.5513E-01
    5.4600	 1.1218E-01	 2.1219E-01	 9.5513E-01
    5.4650	 1.1218E-01	 2.1219E-01	 9.5513E-01
    5.4700	 1.1218E-01	 2.1219E-01	 9.5512E-01
    5.4750	 1.1218E-01	 2.1219E-01	 9.5512E-01
    5.4800	 1.1218E-01	 2.1219E-01	 9.5512E-01
    5.4850	 1.1218E-01	 2.1218E-01	 9.5512E-01
    5.4900	 1.1218E-01	 2.1218E-01	 9.5511E-01
    5.4950	 1.1218E-01	 2.1218E-01	 9.5511E-01
    5.5000	 1.1218E-01	 2.1218E-01	 9.5511E-01
    5.5050	 1.1218E-01	 2.1218E-01	 9.5510E-01
    5.5100	 1.1218E-01	 2.1218E-01	 9.5510E-01
    5.5150	 1.1218E-01	 2.1218E-01	 9.5510E-01
    5.5200	 1.1218E-01	 2.1218E-01	 9.5510E-01
    5.5250	 1.1218E-01	 2.1218E-01	 9.5509E-01
    5.5300	 1.1218E-01	 2.1218E-01	 9.5509E-01
    5.5350	 1.1218E-01	 2.1218E-01	 9.5509E-01
    5.5400	 1.1218E-01	 2.1218E-01	 9.5509E-01
    5.5450	 1.1218E-01	 2.1218E-01	 9.5509E-01
    5.5500	 1.1218E-01	 2.1218E-01	 9.5509E-01
    5.5550	 1.1218E-01	 2.1218E-01	 9.5510E-01
    5.5600	 1.1218E-01	 2.1218E-01	 9.5510E-01
    5.5650	 1.1218E-01	 2.1218E-01	 9.5510E-01
    5.5700	 1.1218E-01	 2.1218E-01	 9.5510E-01
    5.5750	 1.1218E-01	 2.1218E-01	 9.5511E-01
    5.5800	 1.1218E-01	 2.1218E-01	 9.5511E-01
    5.5850	 1.1218E-01	 2.1218E-01	 9.5511E-01
    5.5900	 1.1218E-01	 2.1218E-01	 9.5511E-01
    5.5950	 1.1218E-01	 2.1218E-01	 9.5512E-01
    5.6000	 1.1218E-01	 2.1219E-01	 9.5512E-01
    5.6050	 1.1218E-01	 2.1219E-01	 9.5512E-01
    5.6100	 1.1218E-01	 2.1219E-01	 9.5512E-01
    5.6150	 1.1218E-01	 2.1219E-01	 9.5512E-01
    5.6200	 1.1218E-01	 2.1219E-01	 9.5512E-01
    5.6250	 1.1218E-01	 2.1219E-01	 9.5512E-01
    5.6300	 1.1218E-01	 2.1219E-01	 9.5512E-01
    5.6350	 1.1218E-01	 2.1218E-01	 9.5512E-01
    5.6400	 1.1218E-01	 2.1218E-01	 9.5512E-01
    5.6450	 1.1218E-01	 2.1218E-01	 9.5511E-01
    5.6500	 1.1218E-01	 2.1218E-01	 9.5511E-01
    5.6550	 1.1218E-01	 2.1218E-01	 9.5511E-01
    5.6600	 1.1218E-01	 2.1218E-01	 9.5511E-01
    5.6650	 1.1218E-01	 2.1218E-01	 9.5510E-01
    5.6700	 1.1218E-01	 2.1218E-01	 9.5510E-01
    5.6750	 1.1218E-01	 2.1218E-01	 9.5510E-01
    5.6800	 1.1218E-01	 2.1218E-01	 9.5510E-01
    5.6850	 1.1218E-01	 2.1218E-01	 9.5510E-01
    5.6900	 1.1218E-01	 2.1218E-01	 9.5510E-01
    5.6950	 1.1218E-01	 2.1218E-01	 9.5510E-01
    5.7000	 1.1218E-01	 2.1218E-01	 9.5510E-01
    5.7050	 1.1218E-01	 2.1218E-01	 9.5510E-01
    5.7100	 1.1218E-01	 2.1218E-01	 9.5510E-01
    5.7150	 1.1218E-01	 2.1218E-01	 9.5510E-01
    5.7200	 1.1218E-01	 2.1218E-01	 9.5510E-01
    5.7250	 1.1218E-01	 2.1218E-01	 9.5510E-01
    5.7300	 1.1218E-01	 2.1218E-01	 9.5511E-01
    5.7350	 1.1218E-01	 2.1218E-01	 9.5511E-01
    5.7400	 1.1218E-01	 2.1218E-01	 9.5511E-01
    5.7450	 1.1218E-01	 2.1218E-01	 9.5511E-01
    5.7500	 1.1218E-01	 2.1218E-01	 9.5511E-01
    5.7550	 1.1218E-01	 2.1218E-01	 9.5511E-01
    5.7600	 1.1218E-01	 2.1218E-01	 9.5512E-01
    5.7650	 1.1218E-01	 2.1218E-01	 9.5512E-01
    5.7700	 1.1218E-01	 2.1218E-01	 9.5512E-01
    5.7750	 1.1218E-01	 2.1218E-01	 9.5512E-01
    5.7800	 1.1218E-01	 2.1218E-01	 9.5512E-01
    5.7850	 1.1218E-01	 2.1218E-01	 9.5512E-01
    5.7900	 1.1218E-01	 2.1218E-01	 9.5512E-01
    5.7950	 1.1218E-01	 2.1218E-01	 9.5511E-01
    5.8000	 1.1218E-01	 2.1218E-01	 9.5511E-01
    5.8050	 1.1218E-01	 2.1218E-01	 9.5511E-01
    5.8100	 1.1218E-01	 2.1218E-01	 9.5511E-01
    5.8150	 1.1218E-01	 2.1218E-01	 9.5511E-01
    5.8200	 1.1218E-01	 2.1218E-01	 9.5511E-01
    5.8250	 1.1218E-01	 2.1218E-01	 9.5510E-01
    5.8300	 1.1218E-01	 2.1218E-01	 9.5510E-01
    5.8350	 1.1218E-01	 2.1218E-01	 9.5510E-01
    5.8400	 1.1218E-01	 2.1218E-01	 9.5510E-01
    5.8450	 1.1218E-01	 2.1218E-01	 9.5510E-01
    5.8500	 1.1218E-01	 2.1218E-01	 9.5510E-01
    5.8550	 1.1218E-01	 2.1218E-01	 9.5510E-01
    5.8600	 1.1218E-01	 2.1218E-01	 9.5510E-01
    5.8650	 1.1218E-01	 2.1218E-01	 9.5510E-01
    5.8700	 1.1218E-01	 2.1218E-01	 9.5510E-01
    5.8750	 1.1218E-01	 2.1218E-01	 9.5510E-01
    5.8800	 1.1218E-01	 2.1218E-01	 9.5510E-01
    5.8850	 1.1218E-01	 2.1218E-01	 9.5511E-01
    5.8900	 1.1218E-01	 2.1218E-01	 9.5511E-01
    5.8950	 1.1218E-01	 2.1218E-01	 9.5511E-01
    5.9000	 1.1218E-01	 2.1218E-01	 9.5511E-01
    5.9050	 1.1218E-01	 2.1218E-01	 9.5511E-01
    5.9100	 1.1218E-01	 2.1218E-01	 9.5511E-01
    5.9150	 1.1218E-01	 2.1218E-01	 9.5511E-01
    5.9200	 1.1218E-01	 2.1218E-01	 9.5511E-01
    5.9250	 1.1218E-01	 2.1218E-01	 9.5511E-01
    5.9300	 1.1218E-01	 2.1218E-01	 9.5512E-01
    5.9350	 1.1218E-01	 2.1218E-01	 9.5512E-01
    5.9400	 1.1218E-01	 2.1218E-01	 9.5511E-01
    5.9450	 1.1218E-01	 2.1218E-01	 9.5511E-01
    5.9500	 1.1218E-01	 2.1218E-01	 9.5511E-01
    5.9550	 1.1218E-01	 2.1218E-01	 9.5511E-01
    5.9600	 1.1218E-01	 2.1218E-01	 9.5511E-01
    5.9650	 1.1218E-01	 2.1218E-01	 9.5511E-01
    5.9700	 1.1218E-01	 2.1218E-01	 9.5511E-01
    5.9750	 1.1218E-01	 2.1218E-01	 9.5511E-01
    5.9800	 1.1218E-01	 2.1218E-01	 9.5511E-01
    5.9850	 1.1218E-01	 2.1218E-01	 9.5511E-01
    5.9900	 1.1218E-01	 2.1218E-01	 9.5510E-01
    5.9950	 1.1218E-01	 2.1218E-01	 9.5510E-01
    6.0000	 1.1218E-01	 2.1218E-01	 9.5510E-01
    6.0050	 1.1218E-01	 2.1218E-01	 9.5510E-01
    6.0100	 1.1218E-01	 2.1218E-01	 9.5510E-01
    6.0150	 1.1218E-01	 2.1218E-01	 9.5510E-01
    6.0200	 1.1218E-01	 2.1218E-01	 9.5510E-01
    6.0250	 1.1218E-01	 2.1218E-01	 9.5510E-01
    6.0300	 1.1218E-01	 2.1218E-01	 9.5510E-01
    6.0350	 1.1218E-01	 2.1218E-01	 9.5510E-01
    6.0400	 1.1218E-01	 2.1218E-01	 9.5511E-01
    6.0450	 1.1218E-01	 2.1218E-01	 9.5511E-01
    6.0500	 1.1218E-01	 2.1218E-01	 9.5511E-01
    6.0550	 1.1218E-01	 2.1218E-01	 9.5511E-01
    6.0600	 1.1218E-01	 2.1218E-01	 9.5511E-01
    6.0650	 1.1218E-01	 2.1218E-01	 9.5511E-01
    6.0700	 1.1218E-01	 2.1218E-01	 9.5511E-01
    6.0750	 1.1218E-01	 2.1218E-01	 9.5511E-01
    6.0800	 1.1218E-01	 2.1218E-01	 9.5511E-01
    6.0850	 1.1218E-01	 2.1218E-01	 9.5511E-01
    6.0900	 1.1218E-01	 2.1218E-01	 9.5511E-01
    6.0950	 1.1218E-01	 2.1218E-01	 9.5511E-01
    6.1000	 1.1218E-01	 2.1218E-01	 9.5511E-01
    6.1050	 1.1218E-01	 2.1218E-01	 9.5511E-01
    6.1100	 1.1218E-01	 2.1218E-01	 9.5511E-01
    6.1150	 1.1218E-01	 2.1218E-01	 9.5511E-01
    6.1200	 1.1218E-01	 2.1218E-01	 9.5511E-01
    6.1250	 1.1218E-01	 2.1218E-01	 9.5511E-01
    6.1300	 1.1218E-01	 2.1218E-01	 9.5511E-01
    6.1350	 1.1218E-01	 2.1218E-01	 9.5511E-01
    6.1400	 1.1218E-01	 2.1218E-01	 9.5511E-01
    6.1450	 1.1218E-01	 2.1218E-01	 9.5511E-01
    6.1500	 1.1218E-01	 2.1218E-01	 9.5511E-01
    6.1550	 1.1218E-01	 2.1218E-01	 9.5510E-01
    6.1600	 1.1218E-01	 2.1218E-01	 9.5510E-01
    6.1650	 1.1218E-01	 2.1218E-01	 9.5510E-01
    6.1700	 1.1218E-01	 2.1218E-01	 9.5510E-01
    6.1750	 1.1218E-01	 2.1218E-01	 9.5510E-01
    6.1800	 1.1218E-01	 2.1218E-01	 9.5510E-01
    6.1850	 1.1218E-01	 2.1218E-01	 9.5510E-01
    6.1900	 1.1218E-01	 2.1218E-01	 9.5511E-01
    6.1950	 1.1218E-01	 2.1218E-01	 9.5511E-01
    6.2000	 1.1218E-01	 2.1218E-01	 9.5511E-01
    6.2050	 1.1218E-01	 2.1218E-01	 9.5511E-01
    6.2100	 1.1218E-01	 2.1218E-01	 9.5511E-01
    6.2150	 1.1218E-01	 2.1218E-01	 9.5511E-01
    6.2200	 1.1218E-01	 2.1218E-01	 9.5511E-01
    6.2250	 1.1218E-01	 2.1218E-01	 9.5511E-01
    6.2300	 1.1218E-01	 2.1218E-01	 9.5511E-01
    6.2350	 1.1218E-01	 2.1218E-01	 9.5511E-01
    6.2400	 1.1218E-01	 2.1218E-01	 9.5511E-01
    6.2450	 1.1218E-01	 2.1218E-01	 9.5511E-01
    6.2500	 1.1218E-01	 2.1218E-01	 9.5511E-01
    6.2550	 1.1218E-01	 2.1218E-01	 9.5511E-01
    6.2600	 1.1218E-01	 2.1218E-01	 9.5511E-01
    6.2650	 1.1218E-01	 2.1218E-01	 9.5511E-01
    6.2700	 1.1218E-01	 2.1218E-01	 9.5511E-01
    6.2750	 1.1218E-01	 2.1218E-01	 9.5511E-01
    6.2800	 1.1218E-01	 2.1218E-01	 9.5511E-01
    6.2850	 1.1218E-01	 2.1218E-01	 9.5511E-01
    6.2900	 1.1218E-01	 2.1218E-01	 9.5511E-01
    6.2950	 1.1218E-01	 2.1218E-01	 9.5511E-01
    6.3000	 1.1218E-01	 2.1218E-01	 9.5511E-01
    6.3050	 1.1218E-01	 2.1218E-01	 9.5511E-01
    6.3100	 1.1218E-01	 2.1218E-01	 9.5511E-01
    6.3150	 1.1218E-01	 2.1218E-01	 9.5511E-01
    6.3200	 1.1218E-01	 2.1218E-01	 9.5511E-01
    6.3250	 1.1218E-01	 2.1218E-01	 9.5511E-01
    6.3300	 1.1218E-01	 2.1218E-01	 9.5511E-01
    6.3350	 1.1218E-01	 2.1218E-01	 9.5511E-01
    6.3400	 1.1218E-01	 2.1218E-01	 9.5511E-01
    6.3450	 1.1218E-01	 2.1218E-01	 9.5511E-01
    6.3500	 1.1218E-01	 2.1218E-01	 9.5511E-01
    6.3550	 1.1218E-01	 2.1218E-01	 9.5511E-01
    6.3600	 1.1218E-01	 2.1218E-01	 9.5511E-01
    6.3650	 1.1218E-01	 2.1218E-01	 9.5511E-01
    6.3700	 1.1218E-01	 2.1218E-01	 9.5511E-01
    6.3750	 1.1218E-01	 2.1218E-01	 9.5511E-01
    6.3800	 1.1218E-01	 2.1218E-01	 9.5511E-01
    6.3850	 1.1218E-01	 2.1218E-01	 9.5511E-01
    6.3900	 1.1218E-01	 2.1218E-01	 9.5511E-01
    6.3950	 1.1218E-01	 2.1218E-01	 9.5511E-01
    6.4000	 1.1218E-01	 2.1218E-01	 9.5511E-01
    6.4050	 1.1218E-01	 2.1218E-01	 9.5511E-01
    6.4100	 1.1218E-01	 2.1218E-01	 9.5511E-01
    6.4150	 1.1218E-01	 2.1218E-01	 9.5511E-01
    6.4200	 1.1218E-01	 2.1218E-01	 9.5511E-01
    6.4250	 1.1218E-01	 2.1218E-01	 9.5511E-01
    6.4300	 1.1218E-01	 2.1218E-01	 9.5511E-01
    6.4350	 1.1218E-01	 2.1218E-01	 9.5511E-01
    6.4400	 1.1218E-01	 2.1218E-01	 9.5511E-01
    6.4450	 1.1218E-01	 2.1218E-01	 9.5511E-01
    6.4500	 1.1218E-01	 2.1218E-01	 9.5511E-01
    6.4550	 1.1218E-01	 2.1218E-01	 9.5511E-01
    6.4600	 1.1218E-01	 2.1218E-01	 9.5511E-01
    6.4650	 1.1218E-01	 2.1218E-01	 9.5511E-01
    6.4700	 1.1218E-01	 2.1218E-01	 9.5511E-01
    6.4750	 1.1218E-01	 2.1218E-01	 9.5511E-01
    6.4800	 1.1218E-01	 2.1218E-01	 9.5511E-01
    6.4850	 1.1218E-01	 2.1218E-01	 9.5511E-01
    6.4900	 1.1218E-01	 2.1218E-01	 9.5511E-01
    6.4950	 1.1218E-01	 2.1218E-01	 9.5511E-01
    6.5000	 1.1218E-01	 2.1218E-01	 9.5511E-01
    6.5050	 1.1218E-01	 2.1218E-01	 9.5511E-01
    6.5100	 1.1218E-01	 2.1218E-01	 9.5511E-01
    6.5150	 1.1218E-01	 2.1218E-01	 9.5511E-01
    6.5200	 1.1218E-01	 2.1218E-01	 9.5511E-01
    6.5250	 1.1218E-01	 2.1218E-01	 9.5511E-01
    6.5300	 1.1218E-01	 2.1218E-01	 9.5511E-01
    6.5350	 1.1218E-01	 2.1218E-01	 9.5511E-01
    6.5400	 1.1218E-01	 2.1218E-01	 9.5511E-01
    6.5450	 1.1218E-01	 2.1218E-01	 9.5511E-01
    6.5500	 1.1218E-01	 2.1218E-01	 9.5511E-01
    6.5550	 1.1218E-01	 2.1218E-01	 9.5511E-01
    6.5600	 1.1218E-01	 2.1218E-01	 9.5511E-01
    6.5650	 1.1218E-01	 2.1218E-01	 9.5511E-01
    6.5700	 1.1218E-01	 2.1218E-01	 9.5511E-01
    6.5750	 1.1218E-01	 2.1218E-01	 9.5511E-01
    6.5800	 1.1218E-01	 2.1218E-01	 9.5511E-01
    6.5850	 1.1218E-01	 2.1218E-01	 9.5511E-01
    6.5900	 1.1218E-01	 2.1218E-01	 9.5511E-01
    6.5950	 1.1218E-01	 2.1218E-01	 9.5511E-01
    6.6000	 1.1218E-01	 2.1218E-01	 9.5511E-01
    6.6050	 1.1218E-01	 2.1218E-01	 9.5511E-01
    6.6100	 1.1218E-01	 2.1218E-01	 9.5511E-01
    6.6150	 1.1218E-01	 2.1218E-01	 9.5511E-01
    6.6200	 1.1218E-01	 2.1218E-01	 9.5511E-01
    6.6250	 1.1218E-01	 2.1218E-01	 9.5511E-01
    6.6300	 1.1218E-01	 2.1218E-01	 9.5511E-01
    6.6350	 1.1218E-01	 2.1218E-01	 9.5511E-01
    6.6400	 1.1218E-01	 2.1218E-01	 9.5511E-01
    6.6450	 1.1218E-01	 2.1218E-01	 9.5511E-01
    6.6500	 1.1218E-01	 2.1218E-01	 9.5511E-01
    6.6550	 1.1218E-01	 2.1218E-01	 9.5511E-01
    6.6600	 1.1218E-01	 2.1218E-01	 9.5511E-01
    6.6650	 1.1218E-01	 2.1218E-01	 9.5511E-01
    6.6700	 1.1218E-01	 2.1218E-01	 9.5511E-01
    6.6750	 1.1218E-01	 2.1218E-01	 9.5511E-01
    6.6800	 1.1218E-01	 2.1218E-01	 9.5511E-01
    6.6850	 1.1218E-01	 2.1218E-01	 9.5511E-01
    6.6900	 1.1218E-01	 2.1218E-01	 9.5511E-01
    6.6950	 1.1218E-01	 2.1218E-01	 9.5511E-01
    6.7000	 1.1218E-01	 2.1218E-01	 9.5511E-01
    6.7050	 1.1218E-01	 2.1218E-01	 9.5511E-01
    6.7100	 1.1218E-01	 2.1218E-01	 9.5511E-01
    6.7150	 1.1218E-01	 2.1218E-01	 9.5511E-01
    6.7200	 1.1218E-01	 2.1218E-01	 9.5511E-01
    6.7250	 1.1218E-01	 2.1218E-01	 9.5511E-01
    6.7300	 1.1218E-01	 2.1218E-01	 9.5511E-01
    6.7350	 1.1218E-01	 2.1218E-01	 9.5511E-01
    6.7400	 1.1218E-01	 2.1218E-01	 9.5511E-01
    6.7450	 1.1218E-01	 2.1218E-01	 9.5511E-01
    6.7500	 1.1218E-01	 2.1218E-01	 9.5511E-01
    6.7550	 1.1218E-01	 2.1218E-01	 9.5511E-01
    6.7600	 1.1218E-01	 2.1218E-01	 9.5511E-01
    6.7650	 1.1218E-01	 2.1218E-01	 9.5511E-01
    6.7700	 1.1218E-01	 2.1218E-01	 9.5511E-01
    6.7750	 1.1218E-01	 2.1218E-01	 9.5511E-01
    6.7800	 1.1218E-01	 2.1218E-01	 9.5511E-01
    6.7850	 1.1218E-01	 2.1218E-01	 9.5511E-01
    6.7900	 1.1218E-01	 2.1218E-01	 9.5511E-01
    6.7950	 1.1218E-01	 2.1218E-01	 9.5511E-01
    6.8000	 1.1218E-01	 2.1218E-01	 9.5511E-01
    6.8050	 1.1218E-01	 2.1218E-01	 9.5511E-01
    6.8100	 1.1218E-01	 2.1218E-01	 9.5511E-01
    6.8150	 1.1218E-01	 2.1218E-01	 9.5511E-01
    6.8200	 1.1218E-01	 2.1218E-01	 9.5511E-01
    6.8250	 1.1218E-01	 2.1218E-01	 9.5511E-01
    6.8300	 1.1218E-01	 2.1218E-01	 9.5511E-01
    6.8350	 1.1218E-01	 2.1218E-01	 9.5511E-01
    6.8400	 1.1218E-01	 2.1218E-01	 9.5511E-01
    6.8450	 1.1218E-01	 2.1218E-01	 9.5511E-01
    6.8500	 1.1218E-01	 2.1218E-01	 9.5511E-01
    6.8550	 1.1218E-01	 2.1218E-01	 9.5511E-01
    6.8600	 1.1218E-01	 2.1218E-01	 9.5511E-01
    6.8650	 1.1218E-01	 2.1218E-01	 9.5511E-01
    6.8700	 1.1218E-01	 2.1218E-01	 9.5511E-01
    6.8750	 1.1218E-01	 2.1218E-01	 9.5511E-01
    6.8800	 1.1218E-01	 2.1218E-01	 9.5511E-01
    6.8850	 1.1218E-01	 2.1218E-01	 9.5511E-01
    6.8900	 1.1218E-01	 2.1218E-01	 9.5511E-01
    6.8950	 1.1218E-01	 2.1218E-01	 9.5511E-01
    6.9000	 1.1218E-01	 2.1218E-01	 9.5511E-01
    6.9050	 1.1218E-01	 2.1218E-01	 9.5511E-01
    6.9100	 1.1218E-01	 2.1218E-01	 9.5511E-01
    6.9150	 1.1218E-01	 2.1218E-01	 9.5511E-01
    6.9200	 1.1218E-01	 2.1218E-01	 9.5511E-01
    6.9250	 1.1218E-01	 2.1218E-01	 9.5511E-01
    6.9300	 1.1218E-01	 2.1218E-01	 9.5511E-01
    6.9350	 1.1218E-01	 2.1218E-01	 9.5511E-01
    6.9400	 1.1218E-01	 2.1218E-01	 9.5511E-01
    6.9450	 1.1218E-01	 2.1218E-01	 9.5511E-01
    6.9500	 1.1218E-01	 2.1218E-01	 9.5511E-01
    6.9550	 1.1218E-01	 2.1218E-01	 9.5511E-01
    6.9600	 1.1218E-01	 2.1218E-01	 9.5511E-01
    6.9650	 1.1218E-01	 2.1218E-01	 9.5511E-01
    6.9700	 1.1218E-01	 2.1218E-01	 9.5511E-01
    6.9750	 1.1218E-01	 2.1218E-01	 9.5511E-01
    6.9800	 1.1218E-01	 2.1218E-01	 9.5511E-01
    6.9850	 1.1218E-01	 2.1218E-01	 9.5511E-01
    6.9900	 1.1218E-01	 2.1218E-01	 9.5511E-01
    6.9950	 1.1218E-01	 2.1218E-01	 9.5511E-01
    7.0000	 1.1218E-01	 2.1218E-01	 9.5511E-01
    7.0050	 1.1218E-01	 2.1218E-01	 9.5511E-01
    7.0100	 1.1218E-01	 2.1218E-01	 9.5511E-01
    7.0150	 1.1218E-01	 2.1218E-01	 9.5511E-01
    7.0200	 1.1218E-01	 2.1218E-01	 9.5511E-01
    7.0250	 1.1218E-01	 2.1218E-01	 9.5511E-01
    7.0300	 1.1218E-01	 2.1218E-01	 9.5511E-01
    7.0350	 1.1218E-01	 2.1218E-01	 9.5511E-01
    7.0400	 1.1218E-01	 2.1218E-01	 9.5511E-01
    7.0450	 1.1218E-01	 2.1218E-01	 9.5511E-01
    7.0500	 1.1218E-01	 2.1218E-01	 9.5511E-01
    7.0550	 1.1218E-01	 2.1218E-01	 9.5511E-01
    7.0600	 1.1218E-01	 2.1218E-01	 9.5511E-01
    7.0650	 1.1218E-01	 2.1218E-01	 9.5511E-01
    7.0700	 1.1218E-01	 2.1218E-01	 9.5511E-01
    7.0750	 1.1218E-01	 2.1218E-01	 9.5511E-01
    7.0800	 1.1218E-01	 2.1218E-01	 9.5511E-01
    7.0850	 1.1218E-01	 2.1218E-01	 9.5511E-01
    7.0900	 1.1218E-01	 2.1218E-01	 9.5511E-01
    7.0950	 1.1218E-01	 2.1218E-01	 9.5511E-01
    7.1000	 1.1218E-01	 2.1218E-01	 9.5511E-01
    7.1050	 1.1218E-01	 2.1218E-01	 9.5511E-01
    7.1100	 1.1218E-01	 2.1218E-01	 9.5511E-01
    7.1150	 1.1218E-01	 2.1218E-01	 9.5511E-01
    7.1200	 1.1218E-01	 2.1218E-01	 9.5511E-01
    7.1250	 1.1218E-01	 2.1218E-01	 9.5511E-01
    7.1300	 1.1218E-01	 2.1218E-01	 9.5511E-01
    7.1350	 1.1218E-01	 2.1218E-01	 9.5511E-01
    7.1400	 1.1218E-01	 2.1218E-01	 9.5511E-01
    7.1450	 1.1218E-01	 2.1218E-01	 9.5511E-01
    7.1500	 1.1218E-01	 2.1218E-01	 9.5511E-01
    7.1550	 1.1218E-01	 2.1218E-01	 9.5511E-01
    7.1600	 1.1218E-01	 2.1218E-01	 9.5511E-01
    7.1650	 1.1218E-01	 2.1218E-01	 9.5511E-01
    7.1700	 1.1218E-01	 2.1218E-01	 9.5511E-01
    7.1750	 1.1218E-01	 2.1218E-01	 9.5511E-01
    7.1800	 1.1218E-01	 2.1218E-01	 9.5511E-01
    7.1850	 1.1218E-01	 2.1218E-01	 9.5511E-01
    7.1900	 1.1218E-01	 2.1218E-01	 9.5511E-01
    7.1950	 1.1218E-01	 2.1218E-01	 9.5511E-01
    7.2000	 1.1218E-01	 2.1218E-01	 9.5511E-01
    7.2050	 1.1218E-01	 2.1218E-01	 9.5511E-01
    7.2100	 1.1218E-01	 2.1218E-01	 9.5511E-01
    7.2150	 1.1218E-01	 2.1218E-01	 9.5511E-01
    7.2200	 1.1218E-01	 2.1218E-01	 9.5511E-01
    7.2250	 1.1218E-01	 2.1218E-01	 9.5511E-01
    7.2300	 1.1218E-01	 2.1218E-01	 9.5511E-01
    7.2350	 1.1218E-01	 2.1218E-01	 9.5511E-01
    7.2400	 1.1218E-01	 2.1218E-01	 9.5511E-01
    7.2450	 1.1218E-01	 2.1218E-01	 9.5511E-01
    7.2500	 1.1218E-01	 2.1218E-01	 9.5511E-01
    7.2550	 1.1218E-01	 2.1218E-01	 9.5511E-01
    7.2600	 1.1218E-01	 2.1218E-01	 9.5511E-01
    7.2650	 1.1218E-01	 2.1218E-01	 9.5511E-01
    7.2700	 1.1218E-01	 2.1218E-01	 9.5511E-01
    7.2750	 1.1218E-01	 2.1218E-01	 9.5511E-01
    7.2800	 1.1218E-01	 2.1218E-01	 9.5511E-01
    7.2850	 1.1218E-01	 2.1218E-01	 9.5511E-01
    7.2900	 1.1218E-01	 2.1218E-01	 9.5511E-01
    7.2950	 1.1218E-01	 2.1218E-01	 9.5511E-01
    7.3000	 1.1218E-01	 2.1218E-01	 9.5511E-01
    7.3050	 1.1218E-01	 2.1218E-01	 9.5511E-01
    7.3100	 1.1218E-01	 2.1218E-01	 9.5511E-01
    7.3150	 1.1218E-01	 2.1218E-01	 9.5511E-01
    7.3200	 1.1218E-01	 2.1218E-01	 9.5511E-01
    7.3250	 1.1218E-01	 2.1218E-01	 9.5511E-01
    7.3300	 1.1218E-01	 2.1218E-01	 9.5511E-01
    7.3350	 1.1218E-01	 2.1218E-01	 9.5511E-01
    7.3400	 1.1218E-01	 2.1218E-01	 9.5511E-01
    7.3450	 1.1218E-01	 2.1218E-01	 9.5511E-01
    7.3500	 1.1218E-01	 2.1218E-01	 9.5511E-01
    7.3550	 1.1218E-01	 2.1218E-01	 9.5511E-01
    7.3600	 1.1218E-01	 2.1218E-01	 9.5511E-01
    7.3650	 1.1218E-01	 2.1218E-01	 9.5511E-01
    7.3700	 1.1218E-01	 2.1218E-01	 9.5511E-01
    7.3750	 1.1218E-01	 2.1218E-01	 9.5511E-01
    7.3800	 1.1218E-01	 2.1218E-01	 9.5511E-01
    7.3850	 1.1218E-01	 2.1218E-01	 9.5511E-01
    7.3900	 1.1218E-01	 2.1218E-01	 9.5511E-01
    7.3950	 1.1218E-01	 2.1218E-01	 9.5511E-01
    7.4000	 1.1218E-01	 2.1218E-01	 9.5511E-01
    7.4050	 1.1218E-01	 2.1218E-01	 9.5511E-01
    7.4100	 1.1218E-01	 2.1218E-01	 9.5511E-01
    7.4150	 1.1218E-01	 2.1218E-01	 9.5511E-01
    7.4200	 1.1218E-01	 2.1218E-01	 9.5511E-01
    7.4250	 1.1218E-01	 2.1218E-01	 9.5511E-01
    7.4300	 1.1218E-01	 2.1218E-01	 9.5511E-01
    7.4350	 1.1218E-01	 2.1218E-01	 9.5511E-01
    7.4400	 1.1218E-01	 2.1218E-01	 9.5511E-01
    7.4450	 1.1218E-01	 2.1218E-01	 9.5511E-01
    7.4500	 1.1218E-01	 2.1218E-01	 9.5511E-01
    7.4550	 1.1218E-01	 2.1218E-01	 9.5511E-01
    7.4600	 1.1218E-01	 2.1218E-01	 9.5511E-01
    7.4650	 1.1218E-01	 2.1218E-01	 9.5511E-01
    7.4700	 1.1218E-01	 2.1218E-01	 9.5511E-01
    7.4750	 1.1218E-01	 2.1218E-01	 9.5511E-01
    7.4800	 1.1218E-01	 2.1218E-01	 9.5511E-01
    7.4850	 1.1218E-01	 2.1218E-01	 9.5511E-01
    7.4900	 1.1218E-01	 2.1218E-01	 9.5511E-01
    7.4950	 1.1218E-01	 2.1218E-01	 9.5511E-01
    7.5000	 1.1218E-01	 2.1218E-01	 9.5511E-01
    7.5050	 1.1218E-01	 2.1218E-01	 9.5511E-01
    7.5100	 1.1218E-01	 2.1218E-01	 9.5511E-01
    7.5150	 1.1218E-01	 2.1218E-01	 9.5511E-01
    7.5200	 1.1218E-01	 2.1218E-01	 9.5511E-01
    7.5250	 1.1218E-01	 2.1218E-01	 9.5511E-01
    7.5300	 1.1218E-01	 2.1218E-01	 9.5511E-01
    7.5350	 1.1218E-01	 2.1218E-01	 9.5511E-01
    7.5400	 1.1218E-01	 2.1218E-01	 9.5511E-01
    7.5450	 1.1218E-01	 2.1218E-01	 9.5511E-01
    7.5500	 1.1218E-01	 2.1218E-01	 9.5511E-01
    7.5550	 1.1218E-01	 2.1218E-01	 9.5511E-01
    7.5600	 1.1218E-01	 2.1218E-01	 9.5511E-01
    7.5650	 1.1218E-01	 2.1218E-01	 9.5511E-01
    7.5700	 1.1218E-01	 2.1218E-01	 9.5511E-01
    7.5750	 1.1218E-01	 2.1218E-01	 9.5511E-01
    7.5800	 1.1218E-01	 2.1218E-01	 9.5511E-01
    7.5850	 1.1218E-01	 2.1218E-01	 9.5511E-01
    7.5900	 1.1218E-01	 2.1218E-01	 9.5511E-01
    7.5950	 1.1218E-01	 2.1218E-01	 9.5511E-01
    7.6000	 1.1218E-01	 2.1218E-01	 9.5511E-01
    7.6050	 1.1218E-01	 2.1218E-01	 9.5511E-01
    7.6100	 1.1218E-01	 2.1218E-01	 9.5511E-01
    7.6150	 1.1218E-01	 2.1218E-01	 9.5511E-01
    7.6200	 1.1218E-01	 2.1218E-01	 9.5511E-01
    7.6250	 1.1218E-01	 2.1218E-01	 9.5511E-01
    7.6300	 1.1218E-01	 2.1218E-01	 9.5511E-01
    7.6350	 1.1218E-01	 2.1218E-01	 9.5511E-01
    7.6400	 1.1218E-01	 2.1218E-01	 9.5511E-01
    7.6450	 1.1218E-01	 2.1218E-01	 9.5511E-01
    7.6500	 1.1218E-01	 2.1218E-01	 9.5511E-01
    7.6550	 1.1218E-01	 2.1218E-01	 9.5511E-01
    7.6600	 1.1218E-01	 2.1218E-01	 9.5511E-01
    7.6650	 1.1218E-01	 2.1218E-01	 9.5511E-01
    7.6700	 1.1218E-01	 2.1218E-01	 9.5511E-01
    7.6750	 1.1218E-01	 2.1218E-01	 9.5511E-01
    7.6800	 1.1218E-01	 2.1218E-01	 9.5511E-01
    7.6850	 1.1218E-01	 2.1218E-01	 9.5511E-01
    7.6900	 1.1218E-01	 2.1218E-01	 9.5511E-01
    7.6950	 1.1218E-01	 2.1218E-01	 9.5511E-01
    7.7000	 1.1218E-01	 2.1218E-01	 9.5511E-01
    7.7050	 1.1218E-01	 2.1218E-01	 9.5511E-01
    7.7100	 1.1218E-01	 2.1218E-01	 9.5511E-01
    7.7150	 1.1218E-01	 2.1218E-01	 9.5511E-01
    7.7200	 1.1218E-01	 2.1218E-01	 9.5511E-01
    7.7250	 1.1218E-01	 2.1218E-01	 9.5511E-01
    7.7300	 1.1218E-01	 2.1218E-01	 9.5511E-01
    7.7350	 1.1218E-01	 2.1218E-01	 9.5511E-01
    7.7400	 1.1218E-01	 2.1218E-01	 9.5511E-01
    7.7450	 1.1218E-01	 2.1218E-01	 9.5511E-01
    7.7500	 1.1218E-01	 2.1218E-01	 9.5511E-01
    7.7550	 1.1218E-01	 2.1218E-01	 9.5511E-01
    7.7600	 1.1218E-01	 2.1218E-01	 9.5511E-01
    7.7650	 1.1218E-01	 2.1218E-01	 9.5511E-01
    7.7700	 1.1218E-01	 2.1218E-01	 9.5511E-01
    7.7750	 1.1218E-01	 2.1218E-01	 9.5511E-01
    7.7800	 1.1218E-01	 2.1218E-01	 9.5511E-01
    7.7850	 1.1218E-01	 2.1218E-01	 9.5511E-01
    7.7900	 1.1218E-01	 2.1218E-01	 9.5511E-01
    7.7950	 1.1218E-01	 2.1218E-01	 9.5511E-01
    7.8000	 1.1218E-01	 2.1218E-01	 9.5511E-01
    7.8050	 1.1218E-01	 2.1218E-01	 9.5511E-01
    7.8100	 1.1218E-01	 2.1218E-01	 9.5511E-01
    7.8150	 1.1218E-01	 2.1218E-01	 9.5511E-01
    7.8200	 1.1218E-01	 2.1218E-01	 9.5511E-01
    7.8250	 1.1218E-01	 2.1218E-01	 9.5511E-01
    7.8300	 1.1218E-01	 2.1218E-01	 9.5511E-01
    7.8350	 1.1218E-01	 2.1218E-01	 9.5511E-01
    7.8400	 1.1218E-01	 2.1218E-01	 9.5511E-01
    7.8450	 1.1218E-01	 2.1218E-01	 9.5511E-01
    7.8500	 1.1218E-01	 2.1218E-01	 9.5511E-01
    7.8550	 1.1218E-01	 2.1218E-01	 9.5511E-01
    7.8600	 1.1218E-01	 2.1218E-01	 9.5511E-01
    7.8650	 1.1218E-01	 2.1218E-01	 9.5511E-01
    7.8700	 1.1218E-01	 2.1218E-01	 9.5511E-01
    7.8750	 1.1218E-01	 2.1218E-01	 9.5511E-01
    7.8800	 1.1218E-01	 2.1218E-01	 9.5511E-01
    7.8850	 1.1218E-01	 2.1218E-01	 9.5511E-01
    7.8900	 1.1218E-01	 2.1218E-01	 9.5511E-01
    7.8950	 1.1218E-01	 2.1218E-01	 9.5511E-01
    7.9000	 1.1218E-01	 2.1218E-01	 9.5511E-01
    7.9050	 1.1218E-01	 2.1218E-01	 9.5511E-01
    7.9100	 1.1218E-01	 2.1218E-01	 9.5511E-01
    7.9150	 1.1218E-01	 2.1218E-01	 9.5511E-01
    7.9200	 1.1218E-01	 2.1218E-01	 9.5511E-01
    7.9250	 1.1218E-01	 2.1218E-01	 9.5511E-01
    7.9300	 1.1218E-01	 2.1218E-01	 9.5511E-01
    7.9350	 1.1218E-01	 2.1218E-01	 9.5511E-01
    7.9400	 1.1218E-01	 2.1218E-01	 9.5511E-01
    7.9450	 1.1218E-01	 2.1218E-01	 9.5511E-01
    7.9500	 1.1218E-01	 2.1218E-01	 9.5511E-01
    7.9550	 1.1218E-01	 2.1218E-01	 9.5511E-01
    7.9600	 1.1218E-01	 2.1218E-01	 9.5511E-01
    7.9650	 1.1218E-01	 2.1218E-01	 9.5511E-01
    7.9700	 1.1218E-01	 2.1218E-01	 9.5511E-01
    7.9750	 1.1218E-01	 2.1218E-01	 9.5511E-01
    7.9800	 1.1218E-01	 2.1218E-01	 9.5511E-01
    7.9850	 1.1218E-01	 2.1218E-01	 9.5511E-01
    7.9900	 1.1218E-01	 2.1218E-01	 9.5511E-01
    7.9950	 1.1218E-01	 2.1218E-01	 9.5511E-01
    8.0000	 1.1218E-01	 2.1218E-01	 9.5511E-01
    8.0050	 1.1218E-01	 2.1218E-01	 9.5511E-01
    8.0100	 1.1218E-01	 2.1218E-01	 9.5511E-01
    8.0150	 1.1218E-01	 2.1218E-01	 9.5511E-01
    8.0200	 1.1218E-01	 2.1218E-01	 9.5511E-01
    8.0250	 1.1218E-01	 2.1218E-01	 9.5511E-01
    8.0300	 1.1218E-01	 2.1218E-01	 9.5511E-01
    8.0350	 1.1218E-01	 2.1218E-01	 9.5511E-01
    8.0400	 1.1218E-01	 2.1218E-01	 9.5511E-01
    8.0450	 1.1218E-01	 2.1218E-01	 9.5511E-01
    8.0500	 1.1218E-01	 2.1218E-01	 9.5511E-01
    8.0550	 1.1218E-01	 2.1218E-01	 9.5511E-01
    8.0600	 1.1218E-01	 2.1218E-01	 9.5511E-01
    8.0650	 1.1218E-01	 2.1218E-01	 9.5511E-01
    8.0700	 1.1218E-01	 2.1218E-01	 9.5511E-01
    8.0750	 1.1218E-01	 2.1218E-01	 9.5511E-01
    8.0800	 1.1218E-01	 2.1218E-01	 9.5511E-01
    8.0850	 1.1218E-01	 2.1218E-01	 9.5511E-01
    8.0900	 1.1218E-01	 2.1218E-01	 9.5511E-01
    8.0950	 1.1218E-01	 2.1218E-01	 9.5511E-01
    8.1000	 1.1218E-01	 2.1218E-01	 9.5511E-01
    8.1050	 1.1218E-01	 2.1218E-01	 9.5511E-01
    8.1100	 1.1218E-01	 2.1218E-01	 9.5511E-01
    8.1150	 1.1218E-01	 2.1218E-01	 9.5511E-01
    8.1200	 1.1218E-01	 2.1218E-01	 9.5511E-01
    8.1250	 1.1218E-01	 2.1218E-01	 9.5511E-01
    8.1300	 1.1218E-01	 2.1218E-01	 9.5511E-01
    8.1350	 1.1218E-01	 2.1218E-01	 9.5511E-01
    8.1400	 1.1218E-01	 2.1218E-01	 9.5511E-01
    8.1450	 1.1218E-01	 2.1218E-01	 9.5511E-01
    8.1500	 1.1218E-01	 2.1218E-01	 9.5511E-01
    8.1550	 1.1218E-01	 2.1218E-01	 9.5511E-01
    8.1600	 1.1218E-01	 2.1218E-01	 9.5511E-01
    8.1650	 1.1218E-01	 2.1218E-01	 9.5511E-01
    8.1700	 1.1218E-01	 2.1218E-01	 9.5511E-01
    8.1750	 1.1218E-01	 2.1218E-01	 9.5511E-01
    8.1800	 1.1218E-01	 2.1218E-01	 9.5511E-01
    8.1850	 1.1218E-01	 2.1218E-01	 9.5511E-01
    8.1900	 1.1218E-01	 2.1218E-01	 9.5511E-01
    8.1950	 1.1218E-01	 2.1218E-01	 9.5511E-01
    8.2000	 1.1218E-01	 2.1218E-01	 9.5511E-01
    8.2050	 1.1218E-01	 2.1218E-01	 9.5511E-01
    8.2100	 1.1218E-01	 2.1218E-01	 9.5511E-01
    8.2150	 1.1218E-01	 2.1218E-01	 9.5511E-01
    8.2200	 1.1218E-01	 2.1218E-01	 9.5511E-01
    8.2250	 1.1218E-01	 2.1218E-01	 9.5511E-01
    8.2300	 1.1218E-01	 2.1218E-01	 9.5511E-01
    8.2350	 1.1218E-01	 2.1218E-01	 9.5511E-01
    8.2400	 1.1218E-01	 2.1218E-01	 9.5511E-01
    8.2450	 1.1218E-01	 2.1218E-01	 9.5511E-01
    8.2500	 1.1218E-01	 2.1218E-01	 9.5511E-01
    8.2550	 1.1218E-01	 2.1218E-01	 9.5511E-01
    8.2600	 1.1218E-01	 2.1218E-01	 9.5511E-01
    8.2650	 1.1218E-01	 2.1218E-01	 9.5511E-01
    8.2700	 1.1218E-01	 2.1218E-01	 9.5511E-01
    8.2750	 1.1218E-01	 2.1218E-01	 9.5511E-01
    8.2800	 1.1218E-01	 2.1218E-01	 9.5511E-01
    8.2850	 1.1218E-01	 2.1218E-01	 9.5511E-01
    8.2900	 1.1218E-01	 2.1218E-01	 9.5511E-01
    8.2950	 1.1218E-01	 2.1218E-01	 9.5511E-01
    8.3000	 1.1218E-01	 2.1218E-01	 9.5511E-01
    8.3050	 1.1218E-01	 2.1218E-01	 9.5511E-01
    8.3100	 1.1218E-01	 2.1218E-01	 9.5511E-01
    8.3150	 1.1218E-01	 2.1218E-01	 9.5511E-01
    8.3200	 1.1218E-01	 2.1218E-01	 9.5511E-01
    8.3250	 1.1218E-01	 2.1218E-01	 9.5511E-01
    8.3300	 1.1218E-01	 2.1218E-01	 9.5511E-01
    8.3350	 1.1218E-01	 2.1218E-01	 9.5511E-01
    8.3400	 1.1218E-01	 2.1218E-01	 9.5511E-01
    8.3450	 1.1218E-01	 2.1218E-01	 9.5511E-01
    8.3500	 1.1218E-01	 2.1218E-01	 9.5511E-01
    8.3550	 1.1218E-01	 2.1218E-01	 9.5511E-01
    8.3600	 1.1218E-01	 2.1218E-01	 9.5511E-01
    8.3650	 1.1218E-01	 2.1218E-01	 9.5511E-01
    8.3700	 1.1218E-01	 2.1218E-01	 9.5511E-01
    8.3750	 1.1218E-01	 2.1218E-01	 9.5511E-01
    8.3800	 1.1218E-01	 2.1218E-01	 9.5511E-01
    8.3850	 1.1218E-01	 2.1218E-01	 9.5511E-01
    8.3900	 1.1218E-01	 2.1218E-01	 9.5511E-01
    8.3950	 1.1218E-01	 2.1218E-01	 9.5511E-01
    8.4000	 1.1218E-01	 2.1218E-01	 9.5511E-01
    8.4050	 1.1218E-01	 2.1218E-01	 9.5511E-01
    8.4100	 1.1218E-01	 2.1218E-01	 9.5511E-01
    8.4150	 1.1218E-01	 2.1218E-01	 9.5511E-01
    8.4200	 1.1218E-01	 2.1218E-01	 9.5511E-01
    8.4250	 1.1218E-01	 2.1218E-01	 9.5511E-01
    8.4300	 1.1218E-01	 2.1218E-01	 9.5511E-01
    8.4350	 1.1218E-01	 2.1218E-01	 9.5511E-01
    8.4400	 1.1218E-01	 2.1218E-01	 9.5511E-01
    8.4450	 1.1218E-01	 2.1218E-01	 9.5511E-01
    8.4500	 1.1218E-01	 2.1218E-01	 9.5511E-01
    8.4550	 1.1218E-01	 2.1218E-01	 9.5511E-01
    8.4600	 1.1218E-01	 2.1218E-01	 9.5511E-01
    8.4650	 1.1218E-01	 2.1218E-01	 9.5511E-01
    8.4700	 1.1218E-01	 2.1218E-01	 9.5511E-01
    8.4750	 1.1218E-01	 2.1218E-01	 9.5511E-01
    8.4800	 1.1218E-01	 2.1218E-01	 9.5511E-01
    8.4850	 1.1218E-01	 2.1218E-01	 9.5511E-01
    8.4900	 1.1218E-01	 2.1218E-01	 9.5511E-01
    8.4950	 1.1218E-01	 2.1218E-01	 9.5511E-01
    8.5000	 1.1218E-01	 2.1218E-01	 9.5511E-01
    8.5050	 1.1218E-01	 2.1218E-01	 9.5511E-01
    8.5100	 1.1218E-01	 2.1218E-01	 9.5511E-01
    8.5150	 1.1218E-01	 2.1218E-01	 9.5511E-01
    8.5200	 1.1218E-01	 2.1218E-01	 9.5511E-01
    8.5250	 1.1218E-01	 2.1218E-01	 9.5511E-01
    8.5300	 1.1218E-01	 2.1218E-01	 9.5511E-01
    8.5350	 1.1218E-01	 2.1218E-01	 9.5511E-01
    8.5400	 1.1218E-01	 2.1218E-01	 9.5511E-01
    8.5450	 1.1218E-01	 2.1218E-01	 9.5511E-01
    8.5500	 1.1218E-01	 2.1218E-01	 9.5511E-01
    8.5550	 1.1218E-01	 2.1218E-01	 9.5511E-01
    8.5600	 1.1218E-01	 2.1218E-01	 9.5511E-01
    8.5650	 1.1218E-01	 2.1218E-01	 9.5511E-01
    8.5700	 1.1218E-01	 2.1218E-01	 9.5511E-01
    8.5750	 1.1218E-01	 2.1218E-01	 9.5511E-01
    8.5800	 1.1218E-01	 2.1218E-01	 9.5511E-01
    8.5850	 1.1218E-01	 2.1218E-01	 9.5511E-01
    8.5900	 1.1218E-01	 2.1218E-01	 9.5511E-01
    8.5950	 1.1218E-01	 2.1218E-01	 9.5511E-01
    8.6000	 1.1218E-01	 2.1218E-01	 9.5511E-01
    8.6050	 1.1218E-01	 2.1218E-01	 9.5511E-01
    8.6100	 1.1218E-01	 2.1218E-01	 9.5511E-01
    8.6150	 1.1218E-01	 2.1218E-01	 9.5511E-01
    8.6200	 1.1218E-01	 2.1218E-01	 9.5511E-01
    8.6250	 1.1218E-01	 2.1218E-01	 9.5511E-01
    8.6300	 1.1218E-01	 2.1218E-01	 9.5511E-01
    8.6350	 1.1218E-01	 2.1218E-01	 9.5511E-01
    8.6400	 1.1218E-01	 2.1218E-01	 9.5511E-01
    8.6450	 1.1218E-01	 2.1218E-01	 9.5511E-01
    8.6500	 1.1218E-01	 2.1218E-01	 9.5511E-01
    8.6550	 1.1218E-01	 2.1218E-01	 9.5511E-01
    8.6600	 1.1218E-01	 2.1218E-01	 9.5511E-01
    8.6650	 1.1218E-01	 2.1218E-01	 9.5511E-01
    8.6700	 1.1218E-01	 2.1218E-01	 9.5511E-01
    8.6750	 1.1218E-01	 2.1218E-01	 9.5511E-01
    8.6800	 1.1218E-01	 2.1218E-01	 9.5511E-01
    8.6850	 1.1218E-01	 2.1218E-01	 9.5511E-01
    8.6900	 1.1218E-01	 2.1218E-01	 9.5511E-01
    8.6950	 1.1218E-01	 2.1218E-01	 9.5511E-01
    8.7000	 1.1218E-01	 2.1218E-01	 9.5511E-01
    8.7050	 1.1218E-01	 2.1218E-01	 9.5511E-01
    8.7100	 1.1218E-01	 2.1218E-01	 9.5511E-01
    8.7150	 1.1218E-01	 2.1218E-01	 9.5511E-01
    8.7200	 1.1218E-01	 2.1218E-01	 9.5511E-01
    8.7250	 1.1218E-01	 2.1218E-01	 9.5511E-01
    8.7300	 1.1218E-01	 2.1218E-01	 9.5511E-01
    8.7350	 1.1218E-01	 2.1218E-01	 9.5511E-01
    8.7400	 1.1218E-01	 2.1218E-01	 9.5511E-01
    8.7450	 1.1218E-01	 2.1218E-01	 9.5511E-01
    8.7500	 1.1218E-01	 2.1218E-01	 9.5511E-01
    8.7550	 1.1218E-01	 2.1218E-01	 9.5511E-01
    8.7600	 1.1218E-01	 2.1218E-01	 9.5511E-01
    8.7650	 1.1218E-01	 2.1218E-01	 9.5511E-01
    8.7700	 1.1218E-01	 2.1218E-01	 9.5511E-01
    8.7750	 1.1218E-01	 2.1218E-01	 9.5511E-01
    8.7800	 1.1218E-01	 2.1218E-01	 9.5511E-01
    8.7850	 1.1218E-01	 2.1218E-01	 9.5511E-01
    8.7900	 1.1218E-01	 2.1218E-01	 9.5511E-01
    8.7950	 1.1218E-01	 2.1218E-01	 9.5511E-01
    8.8000	 1.1218E-01	 2.1218E-01	 9.5511E-01
    8.8050	 1.1218E-01	 2.1218E-01	 9.5511E-01
    8.8100	 1.1218E-01	 2.1218E-01	 9.5511E-01
    8.8150	 1.1218E-01	 2.1218E-01	 9.5511E-01
    8.8200	 1.1218E-01	 2.1218E-01	 9.5511E-01
    8.8250	 1.1218E-01	 2.1218E-01	 9.5511E-01
    8.8300	 1.1218E-01	 2.1218E-01	 9.5511E-01
    8.8350	 1.1218E-01	 2.1218E-01	 9.5511E-01
    8.8400	 1.1218E-01	 2.1218E-01	 9.5511E-01
    8.8450	 1.1218E-01	 2.1218E-01	 9.5511E-01
    8.8500	 1.1218E-01	 2.1218E-01	 9.5511E-01
    8.8550	 1.1218E-01	 2.1218E-01	 9.5511E-01
    8.8600	 1.1218E-01	 2.1218E-01	 9.5511E-01
    8.8650	 1.1218E-01	 2.1218E-01	 9.5511E-01
    8.8700	 1.1218E-01	 2.1218E-01	 9.5511E-01
    8.8750	 1.1218E-01	 2.1218E-01	 9.5511E-01
    8.8800	 1.1218E-01	 2.1218E-01	 9.5511E-01
    8.8850	 1.1218E-01	 2.1218E-01	 9.5511E-01
    8.8900	 1.1218E-01	 2.1218E-01	 9.5511E-01
    8.8950	 1.1218E-01	 2.1218E-01	 9.5511E-01
    8.9000	 1.1218E-01	 2.1218E-01	 9.5511E-01
    8.9050	 1.1218E-01	 2.1218E-01	 9.5511E-01
    8.9100	 1.1218E-01	 2.1218E-01	 9.5511E-01
    8.9150	 1.1218E-01	 2.1218E-01	 9.5511E-01
    8.9200	 1.1218E-01	 2.1218E-01	 9.5511E-01
    8.9250	 1.1218E-01	 2.1218E-01	 9.5511E-01
    8.9300	 1.1218E-01	 2.1218E-01	 9.5511E-01
    8.9350	 1.1218E-01	 2.1218E-01	 9.5511E-01
    8.9400	 1.1218E-01	 2.1218E-01	 9.5511E-01
    8.9450	 1.1218E-01	 2.1218E-01	 9.5511E-01
    8.9500	 1.1218E-01	 2.1218E-01	 9.5511E-01
    8.9550	 1.1218E-01	 2.1218E-01	 9.5511E-01
    8.9600	 1.1218E-01	 2.1218E-01	 9.5511E-01
    8.9650	 1.1218E-01	 2.1218E-01	 9.5511E-01
    8.9700	 1.1218E-01	 2.1218E-01	 9.5511E-01
    8.9750	 1.1218E-01	 2.1218E-01	 9.5511E-01
    8.9800	 1.1218E-01	 2.1218E-01	 9.5511E-01
    8.9850	 1.1218E-01	 2.1218E-01	 9.5511E-01
    8.9900	 1.1218E-01	 2.1218E-01	 9.5511E-01
    8.9950	 1.1218E-01	 2.1218E-01	 9.5511E-01
    9.0000	 1.1218E-01	 2.1218E-01	 9.5511E-01
    9.0050	 1.1218E-01	 2.1218E-01	 9.5511E-01
    9.0100	 1.1218E-01	 2.1218E-01	 9.5511E-01
    9.0150	 1.1218E-01	 2.1218E-01	 9.5511E-01
    9.0200	 1.1218E-01	 2.1218E-01	 9.5511E-01
    9.0250	 1.1218E-01	 2.1218E-01	 9.5511E-01
    9.0300	 1.1218E-01	 2.1218E-01	 9.5511E-01
    9.0350	 1.1218E-01	 2.1218E-01	 9.5511E-01
    9.0400	 1.1218E-01	 2.1218E-01	 9.5511E-01
    9.0450	 1.1218E-01	 2.1218E-01	 9.5511E-01
    9.0500	 1.1218E-01	 2.1218E-01	 9.5511E-01
    9.0550	 1.1218E-01	 2.1218E-01	 9.5511E-01
    9.0600	 1.1218E-01	 2.1218E-01	 9.5511E-01
    9.0650	 1.1218E-01	 2.1218E-01	 9.5511E-01
    9.0700	 1.1218E-01	 2.1218E-01	 9.5511E-01
    9.0750	 1.1218E-01	 2.1218E-01	 9.5511E-01
    9.0800	 1.1218E-01	 2.1218E-01	 9.5511E-01
    9.0850	 1.1218E-01	 2.1218E-01	 9.5511E-01
    9.0900	 1.1218E-01	 2.1218E-01	 9.5511E-01
    9.0950	 1.1218E-01	 2.1218E-01	 9.5511E-01
    9.1000	 1.1218E-01	 2.1218E-01	 9.5511E-01
    9.1050	 1.1218E-01	 2.1218E-01	 9.5511E-01
    9.1100	 1.1218E-01	 2.1218E-01	 9.5511E-01
    9.1150	 1.1218E-01	 2.1218E-01	 9.5511E-01
    9.1200	 1.1218E-01	 2.1218E-01	 9.5511E-01
    9.1250	 1.1218E-01	 2.1218E-01	 9.5511E-01
    9.1300	 1.1218E-01	 2.1218E-01	 9.5511E-01
    9.1350	 1.1218E-01	 2.1218E-01	 9.5511E-01
    9.1400	 1.1218E-01	 2.1218E-01	 9.5511E-01
    9.1450	 1.1218E-01	 2.1218E-01	 9.5511E-01
    9.1500	 1.1218E-01	 2.1218E-01	 9.5511E-01
    9.1550	 1.1218E-01	 2.1218E-01	 9.5511E-01
    9.1600	 1.1218E-01	 2.1218E-01	 9.5511E-01
    9.1650	 1.1218E-01	 2.1218E-01	 9.5511E-01
    9.1700	 1.1218E-01	 2.1218E-01	 9.5511E-01
    9.1750	 1.1218E-01	 2.1218E-01	 9.5511E-01
    9.1800	 1.1218E-01	 2.1218E-01	 9.5511E-01
    9.1850	 1.1218E-01	 2.1218E-01	 9.5511E-01
    9.1900	 1.1218E-01	 2.1218E-01	 9.5511E-01
    9.1950	 1.1218E-01	 2.1218E-01	 9.5511E-01
    9.2000	 1.1218E-01	 2.1218E-01	 9.5511E-01
    9.2050	 1.1218E-01	 2.1218E-01	 9.5511E-01
    9.2100	 1.1218E-01	 2.1218E-01	 9.5511E-01
    9.2150	 1.1218E-01	 2.1218E-01	 9.5511E-01
    9.2200	 1.1218E-01	 2.1218E-01	 9.5511E-01
    9.2250	 1.1218E-01	 2.1218E-01	 9.5511E-01
    9.2300	 1.1218E-01	 2.1218E-01	 9.5511E-01
    9.2350	 1.1218E-01	 2.1218E-01	 9.5511E-01
    9.2400	 1.1218E-01	 2.1218E-01	 9.5511E-01
    9.2450	 1.1218E-01	 2.1218E-01	 9.5511E-01
    9.2500	 1.1218E-01	 2.1218E-01	 9.5511E-01
    9.2550	 1.1218E-01	 2.1218E-01	 9.5511E-01
    9.2600	 1.1218E-01	 2.1218E-01	 9.5511E-01
    9.2650	 1.1218E-01	 2.1218E-01	 9.5511E-01
    9.2700	 1.1218E-01	 2.1218E-01	 9.5511E-01
    9.2750	 1.1218E-01	 2.1218E-01	 9.5511E-01
    9.2800	 1.1218E-01	 2.1218E-01	 9.5511E-01
    9.2850	 1.1218E-01	 2.1218E-01	 9.5511E-01
    9.2900	 1.1218E-01	 2.1218E-01	 9.5511E-01
    9.2950	 1.1218E-01	 2.1218E-01	 9.5511E-01
    9.3000	 1.1218E-01	 2.1218E-01	 9.5511E-01
    9.3050	 1.1218E-01	 2.1218E-01	 9.5511E-01
    9.3100	 1.1218E-01	 2.1218E-01	 9.5511E-01
    9.3150	 1.1218E-01	 2.1218E-01	 9.5511E-01
    9.3200	 1.1218E-01	 2.1218E-01	 9.5511E-01
    9.3250	 1.1218E-01	 2.1218E-01	 9.5511E-01
    9.3300	 1.1218E-01	 2.1218E-01	 9.5511E-01
    9.3350	 1.1218E-01	 2.1218E-01	 9.5511E-01
    9.3400	 1.1218E-01	 2.1218E-01	 9.5511E-01
    9.3450	 1.1218E-01	 2.1218E-01	 9.5511E-01
    9.3500	 1.1218E-01	 2.1218E-01	 9.5511E-01
    9.3550	 1.1218E-01	 2.1218E-01	 9.5511E-01
    9.3600	 1.1218E-01	 2.1218E-01	 9.5511E-01
    9.3650	 1.1218E-01	 2.1218E-01	 9.5511E-01
    9.3700	 1.1218E-01	 2.1218E-01	 9.5511E-01
    9.3750	 1.1218E-01	 2.1218E-01	 9.5511E-01
    9.3800	 1.1218E-01	 2.1218E-01	 9.5511E-01
    9.3850	 1.1218E-01	 2.1218E-01	 9.5511E-01
    9.3900	 1.1218E-01	 2.1218E-01	 9.5511E-01
    9.3950	 1.1218E-01	 2.1218E-01	 9.5511E-01
    9.4000	 1.1218E-01	 2.1218E-01	 9.5511E-01
    9.4050	 1.1218E-01	 2.1218E-01	 9.5511E-01
    9.4100	 1.1218E-01	 2.1218E-01	 9.5511E-01
    9.4150	 1.1218E-01	 2.1218E-01	 9.5511E-01
    9.4200	 1.1218E-01	 2.1218E-01	 9.5511E-01
    9.4250	 1.1218E-01	 2.1218E-01	 9.5511E-01
    9.4300	 1.1218E-01	 2.1218E-01	 9.5511E-01
    9.4350	 1.1218E-01	 2.1218E-01	 9.5511E-01
    9.4400	 1.1218E-01	 2.1218E-01	 9.5511E-01
    9.4450	 1.1218E-01	 2.1218E-01	 9.5511E-01
    9.4500	 1.1218E-01	 2.1218E-01	 9.5511E-01
    9.4550	 1.1218E-01	 2.1218E-01	 9.5511E-01
    9.4600	 1.1218E-01	 2.1218E-01	 9.5511E-01
    9.4650	 1.1218E-01	 2.1218E-01	 9.5511E-01
    9.4700	 1.1218E-01	 2.1218E-01	 9.5511E-01
    9.4750	 1.1218E-01	 2.1218E-01	 9.5511E-01
    9.4800	 1.1218E-01	 2.1218E-01	 9.5511E-01
    9.4850	 1.1218E-01	 2.1218E-01	 9.5511E-01
    9.4900	 1.1218E-01	 2.1218E-01	 9.5511E-01
    9.4950	 1.1218E-01	 2.1218E-01	 9.5511E-01
    9.5000	 1.1218E-01	 2.1218E-01	 9.5511E-01
    9.5050	 1.1218E-01	 2.1218E-01	 9.5511E-01
    9.5100	 1.1218E-01	 2.1218E-01	 9.5511E-01
    9.5150	 1.1218E-01	 2.1218E-01	 9.5511E-01
    9.5200	 1.1218E-01	 2.1218E-01	 9.5511E-01
    9.5250	 1.1218E-01	 2.1218E-01	 9.5511E-01
    9.5300	 1.1218E-01	 2.1218E-01	 9.5511E-01
    9.5350	 1.1218E-01	 2.1218E-01	 9.5511E-01
    9.5400	 1.1218E-01	 2.1218E-01	 9.5511E-01
    9.5450	 1.1218E-01	 2.1218E-01	 9.5511E-01
    9.5500	 1.1218E-01	 2.1218E-01	 9.5511E-01
    9.5550	 1.1218E-01	 2.1218E-01	 9.5511E-01
    9.5600	 1.1218E-01	 2.1218E-01	 9.5511E-01
    9.5650	 1.1218E-01	 2.1218E-01	 9.5511E-01
    9.5700	 1.1218E-01	 2.1218E-01	 9.5511E-01
    9.5750	 1.1218E-01	 2.1218E-01	 9.5511E-01
    9.5800	 1.1218E-01	 2.1218E-01	 9.5511E-01
    9.5850	 1.1218E-01	 2.1218E-01	 9.5511E-01
    9.5900	 1.1218E-01	 2.1218E-01	 9.5511E-01
    9.5950	 1.1218E-01	 2.1218E-01	 9.5511E-01
    9.6000	 1.1218E-01	 2.1218E-01	 9.5511E-01
    9.6050	 1.1218E-01	 2.1218E-01	 9.5511E-01
    9.6100	 1.1218E-01	 2.1218E-01	 9.5511E-01
    9.6150	 1.1218E-01	 2.1218E-01	 9.5511E-01
    9.6200	 1.1218E-01	 2.1218E-01	 9.5511E-01
    9.6250	 1.1218E-01	 2.1218E-01	 9.5511E-01
    9.6300	 1.1218E-01	 2.1218E-01	 9.5511E-01
    9.6350	 1.1218E-01	 2.1218E-01	 9.5511E-01
    9.6400	 1.1218E-01	 2.1218E-01	 9.5511E-01
    9.6450	 1.1218E-01	 2.1218E-01	 9.5511E-01
    9.6500	 1.1218E-01	 2.1218E-01	 9.5511E-01
    9.6550	 1.1218E-01	 2.1218E-01	 9.5511E-01
    9.6600	 1.1218E-01	 2.1218E-01	 9.5511E-01
    9.6650	 1.1218E-01	 2.1218E-01	 9.5511E-01
    9.6700	 1.1218E-01	 2.1218E-01	 9.5511E-01
    9.6750	 1.1218E-01	 2.1218E-01	 9.5511E-01
    9.6800	 1.1218E-01	 2.1218E-01	 9.5511E-01
    9.6850	 1.1218E-01	 2.1218E-01	 9.5511E-01
    9.6900	 1.1218E-01	 2.1218E-01	 9.5511E-01
    9.6950	 1.1218E-01	 2.1218E-01	 9.5511E-01
    9.7000	 1.1218E-01	 2.1218E-01	 9.5511E-01
    9.7050	 1.1218E-01	 2.1218E-01	 9.5511E-01
    9.7100	 1.1218E-01	 2.1218E-01	 9.5511E-01
    9.7150	 1.1218E-01	 2.1218E-01	 9.5511E-01
    9.7200	 1.1218E-01	 2.1218E-01	 9.5511E-01
    9.7250	 1.1218E-01	 2.1218E-01	 9.5511E-01
    9.7300	 1.1218E-01	 2.1218E-01	 9.5511E-01
    9.7350	 1.1218E-01	 2.1218E-01	 9.5511E-01
    9.7400	 1.1218E-01	 2.1218E-01	 9.5511E-01
    9.7450	 1.1218E-01	 2.1218E-01	 9.5511E-01
    9.7500	 1.1218E-01	 2.1218E-01	 9.5511E-01
    9.7550	 1.1218E-01	 2.1218E-01	 9.5511E-01
    9.7600	 1.1218E-01	 2.1218E-01	 9.5511E-01
    9.7650	 1.1218E-01	 2.1218E-01	 9.5511E-01
    9.7700	 1.1218E-01	 2.1218E-01	 9.5511E-01
    9.7750	 1.1218E-01	 2.1218E-01	 9.5511E-01
    9.7800	 1.1218E-01	 2.1218E-01	 9.5511E-01
    9.7850	 1.1218E-01	 2.1218E-01	 9.5511E-01
    9.7900	 1.1218E-01	 2.1218E-01	 9.5511E-01
    9.7950	 1.1218E-01	 2.1218E-01	 9.5511E-01
    9.8000	 1.1218E-01	 2.1218E-01	 9.5511E-01
    9.8050	 1.1218E-01	 2.1218E-01	 9.5511E-01
    9.8100	 1.1218E-01	 2.1218E-01	 9.5511E-01
    9.8150	 1.1218E-01	 2.1218E-01	 9.5511E-01
    9.8200	 1.1218E-01	 2.1218E-01	 9.5511E-01
    9.8250	 1.1218E-01	 2.1218E-01	 9.5511E-01
    9.8300	 1.1218E-01	 2.1218E-01	 9.5511E-01
    9.8350	 1.1218E-01	 2.1218E-01	 9.5511E-01
    9.8400	 1.1218E-01	 2.1218E-01	 9.5511E-01
    9.8450	 1.1218E-01	 2.1218E-01	 9.5511E-01
    9.8500	 1.1218E-01	 2.1218E-01	 9.5511E-01
    9.8550	 1.1218E-01	 2.1218E-01	 9.5511E-01
    9.8600	 1.1218E-01	 2.1218E-01	 9.5511E-01
    9.8650	 1.1218E-01	 2.1218E-01	 9.5511E-01
    9.8700	 1.1218E-01	 2.1218E-01	 9.5511E-01
    9.8750	 1.1218E-01	 2.1218E-01	 9.5511E-01
    9.8800	 1.1218E-01	 2.1218E-01	 9.5511E-01
    9.8850	 1.1218E-01	 2.1218E-01	 9.5511E-01
    9.8900	 1.1218E-01	 2.1218E-01	 9.5511E-01
    9.8950	 1.1218E-01	 2.1218E-01	 9.5511E-01
    9.9000	 1.1218E-01	 2.1218E-01	 9.5511E-01
    9.9050	 1.1218E-01	 2.1218E-01	 9.5511E-01
    9.9100	 1.1218E-01	 2.1218E-01	 9.5511E-01
    9.9150	 1.1218E-01	 2.1218E-01	 9.5511E-01
    9.9200	 1.1218E-01	 2.1218E-01	 9.5511E-01
    9.9250	 1.1218E-01	 2.1218E-01	 9.5511E-01
    9.9300	 1.1218E-01	 2.1218E-01	 9.5511E-01
    9.9350	 1.1218E-01	 2.1218E-01	 9.5511E-01
    9.9400	 1.1218E-01	 2.1218E-01	 9.5511E-01
    9.9450	 1.1218E-01	 2.1218E-01	 9.5511E-01
    9.9500	 1.1218E-01	 2.1218E-01	 9.5511E-01
    9.9550	 1.1218E-01	 2.1218E-01	 9.5511E-01
    9.9600	 1.1218E-01	 2.1218E-01	 9.5511E-01
    9.9650	 1.1218E-01	 2.1218E-01	 9.5511E-01
    9.9700	 1.1218E-01	 2.1218E-01	 9.5511E-01
    9.9750	 1.1218E-01	 2.1218E-01	 9.5511E-01
    9.9800	 1.1218E-01	 2.1218E-01	 9.5511E-01
    9.9850	 1.1218E-01	 2.1218E-01	 9.5511E-01
    9.9900	 1.1218E-01	 2.1218E-01	 9.5511E-01
    9.9950	 1.1218E-01	 2.1218E-01	 9.5511E-01
   10.0000	 1.1218E-01	 2.1218E-01	 9.5511E-01
