
These predictions were generated by MoorDyn (v2.2.22024-01-16) on 25-Jun-2024 at 17:35:59.

 
 
 
      Time        ROD1NBPX        ROD1NBPY        ROD1NBPZ          ROD1RX          ROD1RY
       (s)             (m)             (m)             (m)           (deg)           (deg)
    0.1000   9.2268638E+00   0.0000000E+00  -8.8615391E+00  -0.0000000E+00   1.1270982E+02
    0.2000   9.1869184E+00   0.0000000E+00  -8.9556327E+00  -0.0000000E+00   1.1329537E+02
    0.3000   9.1185879E+00   0.0000000E+00  -9.1107000E+00  -0.0000000E+00   1.1426606E+02
    0.4000   9.0193593E+00   0.0000000E+00  -9.3240789E+00  -0.0000000E+00   1.1561408E+02
    0.5000   8.8859497E+00   0.0000000E+00  -9.5919927E+00  -0.0000000E+00   1.1732857E+02
    0.6000   8.7145338E+00   0.0000000E+00  -9.9095215E+00  -0.0000000E+00   1.1939568E+02
    0.7000   8.5010218E+00   0.0000000E+00  -1.0270591E+01  -0.0000000E+00   1.2179870E+02
    0.8000   8.2413785E+00   0.0000000E+00  -1.0667996E+01  -0.0000000E+00   1.2451819E+02
    0.9000   7.9319637E+00   0.0000000E+00  -1.1093476E+01  -0.0000000E+00   1.2753211E+02
    1.0000   7.5698772E+00   0.0000000E+00  -1.1537848E+01  -0.0000000E+00   1.3081607E+02
    1.1000   7.1532823E+00   0.0000000E+00  -1.1991213E+01  -0.0000000E+00   1.3434353E+02
    1.2000   6.6816835E+00   0.0000000E+00  -1.2443226E+01  -0.0000000E+00   1.3808610E+02
    1.3000   6.1561350E+00   0.0000000E+00  -1.2883432E+01  -0.0000000E+00   1.4201389E+02
    1.4000   5.5793585E+00   0.0000000E+00  -1.3301642E+01  -0.0000000E+00   1.4609578E+02
    1.5000   4.9557565E+00   0.0000000E+00  -1.3688324E+01  -0.0000000E+00   1.5029988E+02
    1.6000   4.2913166E+00   0.0000000E+00  -1.4034993E+01  -0.0000000E+00   1.5459386E+02
    1.7000   3.5934110E+00   0.0000000E+00  -1.4334554E+01  -0.0000000E+00   1.5894539E+02
    1.8000   2.8705064E+00   0.0000000E+00  -1.4581581E+01  -0.0000000E+00   1.6332253E+02
    1.9000   2.1318093E+00   0.0000000E+00  -1.4772507E+01  -0.0000000E+00   1.6769408E+02
    2.0000   1.3868739E+00   0.0000000E+00  -1.4905710E+01  -0.0000000E+00   1.7202997E+02
    2.1000   6.4520653E-01   0.0000000E+00  -1.4981493E+01  -0.0000000E+00   1.7630153E+02
    2.2000  -8.4104176E-02   1.3398053E-23  -1.5001971E+01  -2.1984642E-14  -1.7951822E+02
    2.3000  -7.9270567E-01  -1.2196389E-22  -1.4970863E+01   2.1486969E-14  -1.7545442E+02
    2.4000  -1.4732299E+00   2.5586569E-22  -1.4893235E+01  -2.1006386E-14  -1.7153016E+02
    2.5000  -2.1194616E+00  -2.9422535E-22  -1.4775192E+01   2.0545466E-14  -1.6776646E+02
    2.6000  -2.7264250E+00   4.3950621E-22  -1.4623570E+01  -2.0106521E-14  -1.6418220E+02
    2.7000  -3.2903931E+00  -6.5533367E-22  -1.4445624E+01   1.9691606E-14  -1.6079416E+02
    2.8000  -3.8088310E+00   7.6945185E-22  -1.4248746E+01  -1.9302527E-14  -1.5761709E+02
    2.9000  -4.2802866E+00  -6.2745077E-22  -1.4040224E+01   1.8940851E-14  -1.5466379E+02
    3.0000  -4.7042438E+00   7.9157102E-22  -1.3827037E+01  -1.8607927E-14  -1.5194525E+02
    3.1000  -5.0809528E+00  -8.2735910E-22  -1.3615708E+01   1.8304896E-14  -1.4947081E+02
    3.2000  -5.4112513E+00   8.1800685E-22  -1.3412185E+01  -1.8032716E-14  -1.4724830E+02
    3.3000  -5.6963864E+00  -9.5765110E-22  -1.3221781E+01   1.7792183E-14  -1.4528420E+02
    3.4000  -5.9378469E+00   8.4604387E-22  -1.3049129E+01  -1.7583942E-14  -1.4358378E+02
    3.5000  -6.1372109E+00  -1.0328711E-21  -1.2898173E+01   1.7408513E-14  -1.4215130E+02
    3.6000  -6.2960127E+00   8.7339853E-22  -1.2772176E+01  -1.7266305E-14  -1.4099008E+02
    3.7000  -6.4156316E+00  -1.0670997E-21  -1.2673733E+01   1.7157627E-14  -1.4010266E+02
    3.8000  -6.4972017E+00   8.9680149E-22  -1.2604793E+01  -1.7082705E-14  -1.3949087E+02
    3.9000  -6.5415453E+00  -1.0728342E-21  -1.2566683E+01   1.7041688E-14  -1.3915594E+02
    4.0000  -6.5491261E+00   9.1109485E-22  -1.2560122E+01  -1.7034655E-14  -1.3909852E+02
    4.1000  -6.5200558E+00  -1.0606055E-21  -1.2585207E+01   1.7061591E-14  -1.3931846E+02
    4.2000  -6.4542463E+00   9.0874673E-22  -1.2641283E+01  -1.7122244E-14  -1.3981373E+02
    4.3000  -6.3515143E+00  -1.0386512E-21  -1.2726886E+01   1.7216052E-14  -1.4057973E+02
    4.4000  -6.2116352E+00   8.8006188E-22  -1.2839776E+01  -1.7342150E-14  -1.4160940E+02
    4.5000  -6.0344180E+00  -1.0132154E-21  -1.2976986E+01   1.7499380E-14  -1.4289328E+02
    4.6000  -5.8197973E+00   8.1418639E-22  -1.3134891E+01  -1.7686303E-14  -1.4441962E+02
    4.7000  -5.5679373E+00  -9.8879281E-22  -1.3309307E+01   1.7901222E-14  -1.4617457E+02
    4.8000  -5.2793370E+00   7.0048537E-22  -1.3495593E+01  -1.8142203E-14  -1.4814233E+02
    4.9000  -4.9549297E+00  -9.6867492E-22  -1.3688796E+01   1.8407095E-14  -1.5030533E+02
    5.0000  -4.5961658E+00   1.0319151E-20  -1.3883792E+01  -1.8693563E-14  -1.5264452E+02
    5.1000  -4.2050736E+00  -2.6858289E-20  -1.4075454E+01   1.8999115E-14  -1.5513955E+02
    5.2000  -3.7842890E+00  -6.3047069E-21  -1.4258815E+01   1.9321136E-14  -1.5776905E+02
    5.3000  -3.3370530E+00  -1.8052970E-20  -1.4429241E+01   1.9656914E-14  -1.6051089E+02
    5.4000  -2.8671727E+00   5.2042259E-20  -1.4582579E+01  -2.0003682E-14  -1.6334246E+02
    5.5000  -2.3789504E+00   5.4485457E-20  -1.4715302E+01  -2.0358642E-14  -1.6624092E+02
    5.6000  -1.8770830E+00   6.0917064E-20  -1.4824615E+01  -2.0719000E-14  -1.6918347E+02
    5.7000  -1.3665395E+00   4.6157357E-20  -1.4908535E+01  -2.1081997E-14  -1.7214757E+02
    5.8000  -8.5242405E-01  -8.1102098E-20  -1.4965936E+01   2.1444934E-14  -1.7511118E+02
    5.9000  -3.3983574E-01   8.9939976E-20  -1.4996550E+01  -2.1805199E-14  -1.7805296E+02
    6.0000   1.6626840E-01   1.3356119E-19  -1.5000943E+01  -1.4382650E-16   1.7904753E+02
    6.1000   6.6119693E-01   1.5424823E-19  -1.4980447E+01  -4.1107330E-17   1.7620974E+02
    6.2000   1.1406282E+00   1.7359480E-19  -1.4937075E+01  -2.6398048E-17   1.7345196E+02
    6.3000   1.6006906E+00   1.9146356E-19  -1.4873413E+01  -2.0428871E-17   1.7079125E+02
    6.4000   2.0380159E+00   2.0774413E-19  -1.4792497E+01  -1.7149809E-17   1.6824342E+02
    6.5000   2.4497660E+00   2.2235250E-19  -1.4697688E+01  -1.5050882E-17   1.6582291E+02
    6.6000   2.8336341E+00   2.3522934E-19  -1.4592550E+01  -1.3576236E-17   1.6354289E+02
    6.7000   3.1878232E+00   2.4633739E-19  -1.4480732E+01  -1.2473275E-17   1.6141518E+02
    6.8000   3.5110063E+00   2.5565831E-19  -1.4365860E+01  -1.1610576E-17   1.5945034E+02
    6.9000   3.8022725E+00   2.6318908E-19  -1.4251444E+01  -1.0912892E-17   1.5765771E+02
    7.0000   4.0610635E+00   2.6893830E-19  -1.4140802E+01  -1.0333893E-17   1.5604544E+02
    7.1000   4.2871055E+00   2.7292258E-19  -1.4036992E+01  -9.8433414E-18   1.5462056E+02
    7.2000   4.4803396E+00   2.7516305E-19  -1.3942766E+01  -9.4204918E-18   1.5338906E+02
    7.3000   4.6408554E+00   2.7568243E-19  -1.3860528E+01  -9.0504546E-18   1.5235592E+02
    7.4000   4.7688291E+00   2.7450239E-19  -1.3792313E+01  -8.7220637E-18   1.5152521E+02
    7.5000   4.8644699E+00   2.7164159E-19  -1.3739762E+01  -8.4265589E-18   1.5090009E+02
    7.6000   4.9279748E+00   2.6711432E-19  -1.3704112E+01  -8.1567268E-18   1.5048292E+02
    7.7000   4.9594941E+00   2.6092966E-19  -1.3686191E+01  -7.9063032E-18   1.5027523E+02
    7.8000   4.9591091E+00   2.5309192E-19  -1.3686411E+01  -7.6695408E-18   1.5027777E+02
    7.9000   4.9268560E+00   2.4361317E-19  -1.3704745E+01  -7.4411382E-18   1.5049029E+02
    8.0000   4.8628330E+00   2.3251948E-19  -1.3740672E+01  -7.2158979E-18   1.5091083E+02
    8.1000   4.7672462E+00   2.1984436E-19  -1.3793171E+01  -6.9881498E-18   1.5153552E+02
    8.2000   4.6404316E+00   2.0563039E-19  -1.3860750E+01  -6.7514347E-18   1.5235866E+02
    8.3000   4.4828858E+00   1.8993136E-19  -1.3941490E+01  -6.4981121E-18   1.5337274E+02
    8.4000   4.2953008E+00   1.7281460E-19  -1.4033100E+01  -6.2188217E-18   1.5456859E+02
    8.5000   4.0786020E+00   1.5436304E-19  -1.4132990E+01  -5.9016967E-18   1.5593546E+02
    8.6000   3.8339835E+00   1.3467692E-19  -1.4238348E+01  -5.5311629E-18   1.5746118E+02
    8.7000   3.5629378E+00   1.1387491E-19  -1.4346228E+01  -5.0860215E-18   1.5913232E+02
    8.8000   3.2672764E+00   9.2094461E-20  -1.4453645E+01  -4.5362432E-18   1.6093433E+02
    8.9000   2.9491381E+00   6.9491320E-20  -1.4557671E+01  -3.8373185E-18   1.6285174E+02
    9.0000   2.6109836E+00   4.6238096E-20  -1.4655530E+01  -2.9196656E-18   1.6486836E+02
    9.1000   2.2555740E+00   2.2521988E-20  -1.4744685E+01  -1.6671758E-18   1.6696743E+02
    9.2000   1.8859363E+00  -1.4583082E-21  -1.4822919E+01   1.3078191E-19   1.6913184E+02
    9.3000   1.5053138E+00  -2.5496313E-20  -1.4888404E+01   2.9021510E-18   1.7134431E+02
    9.4000   1.1171072E+00  -4.9381920E-20  -1.4939747E+01   7.6734688E-18   1.7358756E+02
    9.5000   7.2480674E-01  -7.2905746E-20  -1.4976029E+01   1.7687575E-17   1.7584449E+02
    9.6000   3.3192200E-01  -9.5863444E-20  -1.4996816E+01   5.1437139E-17   1.7809832E+02
    9.7000  -5.8089503E-02  -1.1788288E-19  -1.5002156E+01   2.2002892E-14  -1.7966725E+02
    9.8000  -4.4188900E-01  -5.6375816E-20  -1.4992559E+01   2.1733553E-14  -1.7746793E+02
    9.9000  -8.1631618E-01   6.0608535E-20  -1.4968958E+01  -2.1470353E-14  -1.7531873E+02
   10.0000  -1.1784390E+00  -1.4984870E-20  -1.4932662E+01   2.1215034E-14  -1.7323390E+02
   10.1000  -1.5255920E+00  -5.5805736E-20  -1.4885296E+01   2.0969234E-14  -1.7122679E+02
   10.2000  -1.8554015E+00  -4.4607077E-20  -1.4828733E+01   2.0734481E-14  -1.6930989E+02
   10.3000  -2.1657987E+00  -4.6582769E-20  -1.4765030E+01   2.0512188E-14  -1.6749472E+02
   10.4000  -2.4550202E+00  -4.8828338E-20  -1.4696359E+01   2.0303648E-14  -1.6579187E+02
   10.5000  -2.7215986E+00   1.1157819E-21  -1.4624936E+01  -2.0110040E-14  -1.6421094E+02
   10.6000  -2.9643428E+00   4.8258555E-20  -1.4552967E+01  -1.9932421E-14  -1.6276057E+02
   10.7000  -3.1823130E+00  -2.9656545E-20  -1.4482583E+01   1.9771736E-14  -1.6144847E+02
   10.8000  -3.3747897E+00   2.6140832E-20  -1.4415800E+01  -1.9628813E-14  -1.6028142E+02
   10.9000  -3.5412404E+00  -2.1766078E-20  -1.4354470E+01   1.9504371E-14  -1.5926527E+02
   11.0000  -3.6812862E+00   3.3318514E-20  -1.4300249E+01  -1.9399020E-14  -1.5840502E+02
   11.1000  -3.7946690E+00  -3.3583851E-20  -1.4254566E+01   1.9313267E-14  -1.5770480E+02
   11.2000  -3.8812216E+00   1.9047865E-20  -1.4218602E+01  -1.9247517E-14  -1.5716790E+02
   11.3000  -3.9408425E+00   2.0196854E-20  -1.4193273E+01  -1.9202074E-14  -1.5679684E+02
   11.4000  -3.9734748E+00  -3.2454007E-20  -1.4179216E+01   1.9177149E-14  -1.5659330E+02
   11.5000  -3.9790923E+00   4.3618604E-20  -1.4176782E+01  -1.9172854E-14  -1.5655824E+02
   11.6000  -3.9577046E+00  -3.7692913E-20  -1.4186026E+01   1.9189199E-14  -1.5669170E+02
   11.7000  -3.9094251E+00   3.1170404E-20  -1.4206677E+01  -1.9226036E-14  -1.5699250E+02
   11.8000  -3.8345114E+00   1.0783700E-20  -1.4238129E+01  -1.9283033E-14  -1.5745791E+02
   11.9000  -3.7333747E+00  -4.3212829E-20  -1.4279462E+01   1.9359678E-14  -1.5808376E+02
   12.0000  -3.6065916E+00   4.8900838E-20  -1.4329469E+01  -1.9455286E-14  -1.5886447E+02
   12.1000  -3.4549182E+00   4.0883254E-21  -1.4386695E+01  -1.9569009E-14  -1.5979308E+02
   12.2000  -3.2793045E+00  -6.4190432E-20  -1.4449479E+01   1.9699841E-14  -1.6086141E+02
   12.3000  -3.0809070E+00  -5.0954820E-20  -1.4516013E+01   1.9846639E-14  -1.6206011E+02
   12.4000  -2.8610986E+00  -3.7676300E-21  -1.4584394E+01   2.0008129E-14  -1.6337877E+02
   12.5000  -2.6214731E+00   1.5345419E-20  -1.4652688E+01  -2.0182927E-14  -1.6480610E+02
   12.6000  -2.3638432E+00  -8.0519267E-21  -1.4718989E+01   2.0369550E-14  -1.6633000E+02
   12.7000  -2.0902311E+00  -7.9895330E-20  -1.4781484E+01   2.0566441E-14  -1.6793774E+02
   12.8000  -1.8028518E+00  -5.3302145E-20  -1.4838507E+01   2.0771978E-14  -1.6961607E+02
   12.9000  -1.5040876E+00   9.7643318E-20  -1.4888590E+01  -2.0984496E-14  -1.7135141E+02
   13.0000  -1.1964566E+00  -8.4738150E-20  -1.4930508E+01   2.1202304E-14  -1.7312995E+02
   13.1000  -8.8257539E-01   8.8332520E-20  -1.4963311E+01  -2.1423703E-14  -1.7493781E+02
   13.2000  -5.6511698E-01  -1.3336847E-19  -1.4986348E+01   2.1646997E-14  -1.7676115E+02
   13.3000  -2.4676749E-01   5.6060012E-20  -1.4999280E+01  -2.1870515E-14  -1.7858631E+02
   13.4000   6.9817811E-02   2.4257974E-19  -1.5002081E+01  -6.2401464E-16   1.7960006E+02
   13.5000   3.8205631E-01   4.0373538E-19  -1.4995025E+01  -1.8790050E-16   1.7781095E+02
   13.6000   6.8747616E-01   5.5942524E-19  -1.4978671E+01  -1.4326572E-16   1.7605886E+02
   13.7000   9.8374911E-01   7.0850308E-19  -1.4953830E+01  -1.2557222E-16   1.7435572E+02
   13.8000   1.2687170E+00   8.4992857E-19  -1.4921535E+01  -1.1570239E-16   1.7271285E+02
   13.9000   1.5404110E+00   9.8277492E-19  -1.4882997E+01  -1.0918708E-16   1.7114089E+02
   14.0000   1.7970641E+00   1.1062327E-18  -1.4839566E+01  -1.0443263E-16   1.6964977E+02
   14.1000   2.0371157E+00   1.2196101E-18  -1.4792684E+01  -1.0072957E-16   1.6824868E+02
   14.2000   2.2592105E+00   1.3223294E-18  -1.4743843E+01  -9.7714514E-17   1.6694604E+02
   14.3000   2.4621912E+00   1.4139213E-18  -1.4694540E+01  -9.5182181E-17   1.6574949E+02
   14.4000   2.6450867E+00   1.4940168E-18  -1.4646244E+01  -9.3007765E-17   1.6466589E+02
   14.5000   2.8070968E+00   1.5623375E-18  -1.4600349E+01  -9.1110758E-17   1.6370133E+02
   14.6000   2.9475751E+00   1.6186854E-18  -1.4558154E+01  -8.9436534E-17   1.6286111E+02
   14.7000   3.0660103E+00   1.6629323E-18  -1.4520824E+01  -8.7946251E-17   1.6214978E+02
   14.8000   3.1620082E+00   1.6950099E-18  -1.4489373E+01  -8.6610982E-17   1.6157112E+02
   14.9000   3.2352749E+00   1.7149001E-18  -1.4464645E+01  -8.5408110E-17   1.6112817E+02
   15.0000   3.2856017E+00   1.7226282E-18  -1.4447292E+01  -8.4318995E-17   1.6082323E+02
   15.1000   3.3128532E+00   1.7182560E-18  -1.4437770E+01  -8.3327371E-17   1.6065787E+02
   15.2000   3.3169591E+00   1.7018782E-18  -1.4436328E+01  -8.2418172E-17   1.6063294E+02
   15.3000   3.2979196E+00   1.6736383E-18  -1.4442999E+01  -8.1577141E-17   1.6074850E+02
   15.4000   3.2558554E+00   1.6337612E-18  -1.4457585E+01  -8.0790234E-17   1.6100353E+02
   15.5000   3.1910332E+00   1.5825476E-18  -1.4479652E+01  -8.0041940E-17   1.6139578E+02
   15.6000   3.1038709E+00   1.5203736E-18  -1.4508548E+01  -7.9314383E-17   1.6192179E+02
   15.7000   2.9949418E+00   1.4476921E-18  -1.4543418E+01  -7.8586293E-17   1.6257696E+02
   15.8000   2.8649804E+00   1.3650342E-18  -1.4583235E+01  -7.7831574E-17   1.6335557E+02
   15.9000   2.7148875E+00   1.2730103E-18  -1.4626832E+01  -7.7017213E-17   1.6425088E+02
   16.0000   2.5457340E+00   1.1723108E-18  -1.4672938E+01  -7.6100039E-17   1.6525520E+02
   16.1000   2.3587617E+00   1.0637045E-18  -1.4720223E+01  -7.5021497E-17   1.6635996E+02
   16.2000   2.1553817E+00   9.4803604E-19  -1.4767335E+01  -7.3698765E-17   1.6755584E+02
   16.3000   1.9371680E+00   8.2622091E-19  -1.4812945E+01  -7.2008848E-17   1.6883286E+02
   16.4000   1.7058469E+00   6.9923829E-19  -1.4855789E+01  -6.9758146E-17   1.7018049E+02
   16.5000   1.4632815E+00   5.6812157E-19  -1.4894711E+01  -6.6619248E-17   1.7158777E+02
   16.6000   1.2114523E+00   4.3394683E-19  -1.4928690E+01  -6.1984814E-17   1.7304342E+02
   16.7000   9.5243259E-01   2.9781958E-19  -1.4956876E+01  -5.4576277E-17   1.7453595E+02
   16.8000   6.8836193E-01   1.6086021E-19  -1.4978610E+01  -4.1141215E-17   1.7605377E+02
   16.9000   4.2141634E-01   2.4188606E-20  -1.4993443E+01  -1.0193105E-17   1.7758531E+02
   17.0000   1.5377798E-01  -1.1109122E-19  -1.5001143E+01   1.2939796E-16   1.7911909E+02
   17.1000  -1.1239529E-01  -2.4114621E-19  -1.5001693E+01   2.1964795E-14  -1.7935616E+02
   17.2000  -3.7499895E-01  -2.6603982E-19  -1.4995293E+01   2.1780516E-14  -1.7785141E+02
   17.3000  -6.3200843E-01   2.6927166E-20  -1.4982338E+01  -2.1599988E-14  -1.7637729E+02
   17.4000  -8.8150243E-01   1.7863045E-19  -1.4963406E+01  -2.1424458E-14  -1.7494398E+02
   17.5000  -1.1216822E+00  -1.7192598E-19  -1.4939232E+01   2.1255115E-14  -1.7356118E+02
   17.6000  -1.3508861E+00   1.3724076E-19  -1.4910681E+01  -2.1093080E-14  -1.7223807E+02
   17.7000  -1.5676003E+00  -1.3135978E-19  -1.4878721E+01   2.0939406E-14  -1.7098323E+02
   17.8000  -1.7704635E+00   1.4440256E-19  -1.4844387E+01  -2.0795070E-14  -1.6980463E+02
   17.9000  -1.9582689E+00  -1.4595045E-19  -1.4808755E+01   2.0660970E-14  -1.6870963E+02
   18.0000  -2.1299613E+00   1.0324602E-19  -1.4772910E+01  -2.0537928E-14  -1.6770491E+02
   18.1000  -2.2846316E+00   2.8900613E-20  -1.4737913E+01  -2.0426682E-14  -1.6679652E+02
   18.2000  -2.4215088E+00  -1.3490125E-19  -1.4704782E+01   2.0327888E-14  -1.6598980E+02
   18.3000  -2.5399500E+00   1.0795620E-19  -1.4674459E+01  -2.0242120E-14  -1.6528945E+02
   18.4000  -2.6394302E+00   6.9664626E-20  -1.4647793E+01  -2.0169870E-14  -1.6469949E+02
   18.5000  -2.7195315E+00  -1.2502678E-19  -1.4625521E+01   2.0111546E-14  -1.6422324E+02
   18.6000  -2.7799332E+00  -4.5077519E-20  -1.4608250E+01   2.0067476E-14  -1.6386338E+02
   18.7000  -2.8204029E+00   1.2333887E-19  -1.4596449E+01  -2.0037904E-14  -1.6362190E+02
   18.8000  -2.8407895E+00   6.0319681E-20  -1.4590434E+01  -2.0022993E-14  -1.6350014E+02
   18.9000  -2.8410185E+00  -1.2302965E-19  -1.4590366E+01   2.0022825E-14  -1.6349878E+02
   19.0000  -2.8211019E+00  -5.6025113E-20  -1.4596243E+01   2.0037393E-14  -1.6361773E+02
   19.1000  -2.7811760E+00   1.2957173E-19  -1.4607891E+01  -2.0066568E-14  -1.6385597E+02
   19.2000  -2.7215161E+00   2.4072798E-20  -1.4624960E+01  -2.0110100E-14  -1.6421143E+02
   19.3000  -2.6425372E+00  -1.3673345E-19  -1.4646942E+01   2.0167610E-14  -1.6468103E+02
   19.4000  -2.5447966E+00   7.4437790E-20  -1.4673185E+01  -2.0238605E-14  -1.6526075E+02
   19.5000  -2.4289947E+00   8.8217206E-20  -1.4702911E+01  -2.0322475E-14  -1.6594560E+02
   19.6000  -2.2959761E+00  -1.5662868E-19  -1.4735245E+01   2.0418507E-14  -1.6672976E+02
   19.7000  -2.1467292E+00   1.3835093E-19  -1.4769240E+01  -2.0525887E-14  -1.6760659E+02
   19.8000  -1.9823834E+00  -7.5851062E-20  -1.4803910E+01   2.0643716E-14  -1.6856873E+02
   19.9000  -1.8042042E+00   1.6191499E-20  -1.4838259E+01  -2.0771013E-14  -1.6960819E+02
   20.0000  -1.6135855E+00   1.7191009E-20  -1.4871314E+01  -2.0906731E-14  -1.7071642E+02
   20.1000  -1.4120386E+00  -7.8032328E-21  -1.4902154E+01   2.1049766E-14  -1.7188438E+02
   20.2000  -1.2011785E+00  -6.7912761E-20  -1.4929938E+01   2.1198968E-14  -1.7310271E+02
   20.3000  -9.8270707E-01   1.6301119E-19  -1.4953933E+01  -2.1353152E-14  -1.7436172E+02
   20.4000  -7.5839356E-01  -1.9877345E-19  -1.4973532E+01   2.1511112E-14  -1.7565156E+02
   20.5000  -5.3005370E-01  -5.5008496E-20  -1.4988270E+01   2.1671631E-14  -1.7696230E+02
   20.6000  -2.9952695E-01   2.6018226E-19  -1.4997839E+01  -2.1833490E-14  -1.7828398E+02
   20.7000  -6.8653597E-02   3.2389208E-19  -1.5002089E+01  -2.1995481E-14  -1.7960673E+02
   20.8000   1.6074805E-01   3.1665714E-19  -1.5001033E+01  -3.5276753E-16   1.7907916E+02
   20.9000   3.8690329E-01   3.0686002E-19  -1.4994839E+01  -1.4100306E-16   1.7778317E+02
   21.0000   6.0810091E-01   2.9536720E-19  -1.4983823E+01  -8.5736746E-17   1.7651450E+02
   21.1000   8.2271073E-01   2.8227466E-19  -1.4968433E+01  -6.0139804E-17   1.7528198E+02
   21.2000   1.0291983E+00   2.6768613E-19  -1.4949234E+01  -4.5280451E-17   1.7409405E+02
   21.3000   1.2261363E+00   2.5171137E-19  -1.4926887E+01  -3.5506382E-17   1.7295868E+02
   21.4000   1.4122135E+00   2.3446449E-19  -1.4902129E+01  -2.8537150E-17   1.7188337E+02
   21.5000   1.5862391E+00   2.1606242E-19  -1.4875745E+01  -2.3274984E-17   1.7087511E+02
   21.6000   1.7471456E+00   1.9662340E-19  -1.4848552E+01  -1.9125048E-17   1.6994032E+02
   21.7000   1.8939881E+00   1.7626581E-19  -1.4821370E+01  -1.5736044E-17   1.6908487E+02
   21.8000   2.0259419E+00   1.5510712E-19  -1.4795002E+01  -1.2886208E-17   1.6831405E+02
   21.9000   2.1422976E+00   1.3326309E-19  -1.4770213E+01  -1.0427700E-17   1.6763258E+02
   22.0000   2.2424561E+00   1.1084731E-19  -1.4747712E+01  -8.2572131E-18   1.6704454E+02
   22.1000   2.3259220E+00   8.7970810E-20  -1.4728134E+01  -6.2993694E-18   1.6655345E+02
   22.2000   2.3922974E+00   6.4742079E-20  -1.4712024E+01  -4.4968014E-18   1.6616220E+02
   22.3000   2.4412755E+00   4.1267167E-20  -1.4699829E+01  -2.8039079E-18   1.6587307E+02
   22.4000   2.4726358E+00   1.7650005E-20  -1.4691882E+01  -1.1827013E-18   1.6568775E+02
   22.5000   2.4862398E+00  -6.0071469E-21  -1.4688401E+01   4.0013336E-19   1.6560732E+02
   22.6000   2.4820285E+00  -2.9600962E-20  -1.4689481E+01   1.9753493E-18   1.6563222E+02
   22.7000   2.4600372E+00  -5.3008786E-20  -1.4695087E+01   3.5718378E-18   1.6576222E+02
   22.8000   2.4204238E+00  -7.6098035E-20  -1.4705053E+01   5.2189146E-18   1.6599621E+02
   22.9000   2.3634736E+00  -9.8737077E-20  -1.4719079E+01   6.9487356E-18   1.6633218E+02
   23.0000   2.2896001E+00  -1.2079566E-19  -1.4736746E+01   8.7983769E-18   1.6676728E+02
   23.1000   2.1993446E+00  -1.4214538E-19  -1.4757530E+01   1.0812590E-17   1.6729782E+02
   23.2000   2.0933760E+00  -1.6266021E-19  -1.4780812E+01   1.3047723E-17   1.6791931E+02
   23.3000   1.9724890E+00  -1.8221726E-19  -1.4805906E+01   1.5577612E-17   1.6862655E+02
   23.4000   1.8376019E+00  -2.0069766E-19  -1.4832076E+01   1.8502876E-17   1.6941363E+02
   23.5000   1.6897518E+00  -2.1798751E-19  -1.4858562E+01   2.1966312E-17   1.7027404E+02
   23.6000   1.5300884E+00  -2.3397900E-19  -1.4884601E+01   2.6179779E-17   1.7120073E+02
   23.7000   1.3598661E+00  -2.4857157E-19  -1.4909453E+01   3.1474117E-17   1.7218615E+02
   23.8000   1.1804331E+00  -2.6167310E-19  -1.4932426E+01   3.8399162E-17   1.7322239E+02
   23.9000   9.9321892E-01  -2.7320098E-19  -1.4952890E+01   4.7944374E-17   1.7430121E+02
   24.0000   7.9971998E-01  -2.8308322E-19  -1.4970303E+01   6.2092724E-17   1.7541411E+02
   24.1000   6.0148314E-01  -2.9125934E-19  -1.4984223E+01   8.5492932E-17   1.7655248E+02
   24.2000   4.0008849E-01  -2.9768102E-19  -1.4994320E+01   1.3222118E-16   1.7770758E+02
   24.3000   1.9713117E-01  -3.0231265E-19  -1.5000382E+01   2.7430912E-16   1.7887071E+02
   24.4000  -5.7968704E-03  -3.0513139E-19  -1.5002323E+01   2.2039576E-14  -1.7996679E+02
   24.5000  -2.0712485E-01  -2.7579582E-19  -1.5000180E+01   2.1898332E-14  -1.7881345E+02
   24.6000  -4.0532008E-01  -6.9929739E-20  -1.4994109E+01   2.1759229E-14  -1.7767759E+02
   24.7000  -5.9890357E-01   1.9505375E-19  -1.4984379E+01  -2.1623255E-14  -1.7656728E+02
   24.8000  -7.8646379E-01  -3.8669025E-20  -1.4971358E+01   2.1491362E-14  -1.7549029E+02
   24.9000  -9.6666834E-01  -1.1312180E-19  -1.4955504E+01   2.1364457E-14  -1.7445403E+02
   25.0000  -1.1382733E+00   1.5558172E-19  -1.4937345E+01  -2.1243401E-14  -1.7346553E+02
   25.1000  -1.3001303E+00  -1.5413420E-19  -1.4917467E+01   2.1129003E-14  -1.7253140E+02
   25.2000  -1.4511911E+00   1.5216620E-19  -1.4896492E+01  -2.1022015E-14  -1.7165778E+02
   25.3000  -1.5905102E+00  -1.4995078E-19  -1.4875058E+01   2.0923131E-14  -1.7085033E+02
   25.4000  -1.7172454E+00   1.3544302E-19  -1.4853810E+01  -2.0832983E-14  -1.7011422E+02
   25.5000  -1.8306566E+00  -1.0442314E-19  -1.4833372E+01   2.0752142E-14  -1.6945410E+02
   25.6000  -1.9301039E+00   2.7998247E-20  -1.4814336E+01  -2.0681113E-14  -1.6887410E+02
   25.7000  -2.0150437E+00   8.2882429E-20  -1.4797250E+01  -2.0620333E-14  -1.6837780E+02
   25.8000  -2.0850256E+00  -1.3427214E-19  -1.4782595E+01   2.0570175E-14  -1.6796823E+02
   25.9000  -2.1396882E+00   1.0190445E-19  -1.4770785E+01  -2.0530944E-14  -1.6764788E+02
   26.0000  -2.1787553E+00   3.4882032E-20  -1.4762148E+01  -2.0502876E-14  -1.6741869E+02
   26.1000  -2.2020331E+00  -1.3033514E-19  -1.4756923E+01   2.0486140E-14  -1.6728203E+02
   26.2000  -2.2094073E+00   1.2875921E-19  -1.4755256E+01  -2.0480837E-14  -1.6723872E+02
   26.3000  -2.2008440E+00  -3.0211435E-20  -1.4757191E+01   2.0486996E-14  -1.6728901E+02
   26.4000  -2.1764075E+00  -1.0430081E-19  -1.4762671E+01   2.0504564E-14  -1.6743247E+02
   26.5000  -2.1362779E+00   1.4471487E-19  -1.4771531E+01  -2.0533393E-14  -1.6766788E+02
   26.6000  -2.0807522E+00  -1.1538754E-19  -1.4783505E+01   2.0573240E-14  -1.6799325E+02
   26.7000  -2.0102434E+00   3.0275204E-20  -1.4798236E+01  -2.0623771E-14  -1.6840587E+02
   26.8000  -1.9252801E+00   7.6915129E-20  -1.4815284E+01  -2.0684561E-14  -1.6890226E+02
   26.9000  -1.8265042E+00  -1.2972431E-19  -1.4834144E+01   2.0755105E-14  -1.6947830E+02
   27.0000  -1.7146683E+00   1.5176683E-19  -1.4854259E+01  -2.0834818E-14  -1.7012920E+02
   27.1000  -1.5906322E+00  -1.6110189E-19  -1.4875039E+01   2.0923044E-14  -1.7084962E+02
   27.2000  -1.4553574E+00   1.6462162E-19  -1.4895880E+01  -2.1019061E-14  -1.7163365E+02
   27.3000  -1.3099007E+00  -1.6902721E-19  -1.4916182E+01   2.1122090E-14  -1.7247495E+02
   27.4000  -1.1554053E+00   1.5333181E-19  -1.4935368E+01  -2.1231303E-14  -1.7336675E+02
   27.5000  -9.9309144E-01  -7.3644721E-20  -1.4952903E+01   2.1345831E-14  -1.7430194E+02
   27.6000  -8.2424451E-01  -1.2327134E-19  -1.4968306E+01   2.1464772E-14  -1.7527316E+02
   27.7000  -6.5020241E-01   2.1686376E-19  -1.4981169E+01  -2.1587198E-14  -1.7627285E+02
   27.8000  -4.7234152E-01   5.5415492E-20  -1.4991166E+01  -2.1712168E-14  -1.7729330E+02
   27.9000  -2.9206199E-01  -2.5236974E-19  -1.4998060E+01   2.1838729E-14  -1.7832676E+02
   28.0000  -1.1077274E-01  -3.1465476E-19  -1.5001711E+01   2.1965933E-14  -1.7936545E+02
   28.1000   7.0123686E-02  -2.8007732E-19  -1.5002079E+01   7.1732416E-16   1.7959831E+02
   28.2000   2.4924569E-01  -2.3848006E-19  -1.4999219E+01   1.7085907E-16   1.7857211E+02
   28.3000   4.2524644E-01  -1.9575570E-19  -1.4993281E+01   8.1738574E-17   1.7756335E+02
   28.4000   5.9682650E-01  -1.5222860E-19  -1.4984503E+01   4.5038891E-17   1.7657920E+02
   28.5000   7.6274502E-01  -1.0822134E-19  -1.4973200E+01   2.4918606E-17   1.7562656E+02
   28.6000   9.2182928E-01  -6.4051709E-20  -1.4959756E+01   1.2139563E-17   1.7471203E+02
   28.7000   1.0729825E+00  -2.0029904E-20  -1.4944607E+01   3.2451932E-18   1.7384184E+02
   28.8000   1.2151897E+00   2.3543828E-20  -1.4928233E+01  -3.3522313E-18   1.7302186E+02
   28.9000   1.3475220E+00   6.6381205E-20  -1.4911139E+01  -8.4856961E-18   1.7225752E+02
   29.0000   1.4691391E+00   1.0820751E-19  -1.4893843E+01  -1.2635573E-17   1.7155385E+02
   29.1000   1.5792905E+00   1.4876278E-19  -1.4876859E+01  -1.6099542E-17   1.7091542E+02
   29.2000   1.6773150E+00   1.8780267E-19  -1.4860685E+01  -1.9073038E-17   1.7034632E+02
   29.3000   1.7626402E+00   2.2509891E-19  -1.4845791E+01  -2.1690805E-17   1.6985016E+02
   29.4000   1.8347800E+00   2.6043956E-19  -1.4832603E+01  -2.4049910E-17   1.6943008E+02
   29.5000   1.8933327E+00   2.9362897E-19  -1.4821496E+01  -2.6223250E-17   1.6908869E+02
   29.6000   1.9379790E+00   3.2448762E-19  -1.4812784E+01  -2.8267920E-17   1.6882812E+02
   29.7000   1.9684790E+00   3.5285186E-19  -1.4806711E+01  -3.0230680E-17   1.6864998E+02
   29.8000   1.9846710E+00   3.7857356E-19  -1.4803447E+01  -3.2151729E-17   1.6855536E+02
   29.9000   1.9864699E+00   4.0151966E-19  -1.4803083E+01  -3.4067504E-17   1.6854485E+02
   30.0000   1.9738708E+00   4.2156299E-19  -1.4805628E+01  -3.6012139E-17   1.6861848E+02
   30.1000   1.9469683E+00   4.3858240E-19  -1.4811005E+01  -3.8019118E-17   1.6877563E+02
   30.2000   1.9059641E+00   4.5247775E-19  -1.4819053E+01  -4.0124326E-17   1.6901499E+02
   30.3000   1.8511664E+00   4.6317162E-19  -1.4829531E+01  -4.2368406E-17   1.6933458E+02
   30.4000   1.7829894E+00   4.7060974E-19  -1.4842126E+01  -4.4799706E-17   1.6973172E+02
   30.5000   1.7019509E+00   4.7476145E-19  -1.4856463E+01  -4.7478389E-17   1.7020314E+02
   30.6000   1.6086702E+00   4.7562004E-19  -1.4872116E+01  -5.0482514E-17   1.7074495E+02
   30.7000   1.5038648E+00   4.7320302E-19  -1.4888624E+01  -5.3917492E-17   1.7135270E+02
   30.8000   1.3883454E+00   4.6755216E-19  -1.4905503E+01  -5.7931549E-17   1.7202145E+02
   30.9000   1.2630112E+00   4.5873338E-19  -1.4922263E+01  -6.2742327E-17   1.7274580E+02
   31.0000   1.1288422E+00   4.4683643E-19  -1.4938421E+01  -6.8685435E-17   1.7351991E+02
   31.1000   9.8689149E-01   4.3197424E-19  -1.4953519E+01  -7.6309670E-17   1.7433763E+02
   31.2000   8.3827589E-01   4.1428199E-19  -1.4967136E+01  -8.6581403E-17   1.7519251E+02
   31.3000   6.8416527E-01   3.9391596E-19  -1.4978899E+01  -1.0137884E-16   1.7607787E+02
   31.4000   5.2577118E-01   3.7105191E-19  -1.4988497E+01  -1.2490474E-16   1.7698686E+02
   31.5000   3.6433459E-01   3.4588333E-19  -1.4995687E+01  -1.6890239E-16   1.7791254E+02
   31.6000   2.0111322E-01   3.1861933E-19  -1.5000303E+01  -2.8334485E-16   1.7884790E+02
   31.7000   3.7368681E-02   2.8948236E-19  -1.5002255E+01  -1.3927401E-15   1.7978594E+02
   31.8000  -1.2564627E-01   2.4852432E-19  -1.5001536E+01  -2.1955498E-14  -1.7928025E+02
   31.9000  -2.8669994E-01   1.0006918E-19  -1.4998215E+01  -2.1842493E-14  -1.7835749E+02
   32.0000  -4.4459325E-01  -1.5198852E-19  -1.4992439E+01   2.1731654E-14  -1.7745242E+02
   32.1000  -5.9817027E-01  -5.3020205E-20  -1.4984422E+01   2.1623771E-14  -1.7657149E+02
   32.2000  -7.4632751E-01   1.3668991E-19  -1.4974442E+01  -2.1519601E-14  -1.7572088E+02
   32.3000  -8.8802195E-01  -1.2956294E-19  -1.4962827E+01   2.1419867E-14  -1.7490649E+02
   32.4000  -1.0222776E+00   1.0719510E-19  -1.4949947E+01  -2.1325252E-14  -1.7413390E+02
   32.5000  -1.1481907E+00  -8.9891773E-20  -1.4936204E+01   2.1236398E-14  -1.7340835E+02
   32.6000  -1.2649334E+00   9.3272689E-20  -1.4922018E+01  -2.1153899E-14  -1.7273470E+02
   32.7000  -1.3717563E+00  -1.0735665E-19  -1.4907814E+01   2.1078302E-14  -1.7211740E+02
   32.8000  -1.4679897E+00   1.1794239E-19  -1.4894014E+01  -2.1010103E-14  -1.7156051E+02
   32.9000  -1.5530441E+00  -9.7524540E-20  -1.4881020E+01   2.0949744E-14  -1.7106764E+02
   33.0000  -1.6264098E+00   3.2980860E-20  -1.4869209E+01  -2.0897615E-14  -1.7064197E+02
   33.1000  -1.6876558E+00   6.9973715E-20  -1.4858921E+01  -2.0854048E-14  -1.7028622E+02
   33.2000  -1.7364288E+00  -1.0160765E-19  -1.4850447E+01   2.0819321E-14  -1.7000266E+02
   33.3000  -1.7724517E+00   2.4421055E-20  -1.4844029E+01  -2.0793653E-14  -1.6979306E+02
   33.4000  -1.7955222E+00   8.2979010E-20  -1.4839848E+01  -2.0777205E-14  -1.6965875E+02
   33.5000  -1.8055120E+00  -7.4288015E-20  -1.4838019E+01   2.0770080E-14  -1.6960058E+02
   33.6000  -1.8023661E+00  -4.4059512E-20  -1.4838596E+01   2.0772324E-14  -1.6961890E+02
   33.7000  -1.7861110E+00   1.0561186E-19  -1.4841560E+01  -2.0783915E-14  -1.6971355E+02
   33.8000  -1.7568697E+00  -5.9545376E-20  -1.4846822E+01   2.0804758E-14  -1.6988374E+02
   33.9000  -1.7148638E+00  -5.1993126E-20  -1.4854225E+01   2.0834679E-14  -1.7012807E+02
   34.0000  -1.6604125E+00   1.0701723E-19  -1.4863546E+01  -2.0873433E-14  -1.7044451E+02
   34.1000  -1.5939313E+00  -8.8209189E-20  -1.4874507E+01   2.0920700E-14  -1.7083048E+02
   34.2000  -1.5159292E+00   1.7722079E-20  -1.4886782E+01  -2.0976092E-14  -1.7128279E+02
   34.3000  -1.4270063E+00   5.2139004E-20  -1.4900008E+01  -2.1039159E-14  -1.7179777E+02
   34.4000  -1.3278501E+00  -9.3532267E-20  -1.4913794E+01   2.1109387E-14  -1.7237123E+02
   34.5000  -1.2192302E+00   1.1017239E-19  -1.4927738E+01  -2.1186211E-14  -1.7299854E+02
   34.6000  -1.1019927E+00  -1.1236822E-19  -1.4941434E+01   2.1269013E-14  -1.7367467E+02
   34.7000  -9.7705395E-01   1.1165785E-19  -1.4954490E+01  -2.1357137E-14  -1.7439426E+02
   34.8000  -8.4539196E-01  -8.7239260E-20  -1.4966535E+01   2.1449885E-14  -1.7515160E+02
   34.9000  -7.0803811E-01  -7.0389580E-22  -1.4977233E+01   2.1546532E-14  -1.7594079E+02
   35.0000  -5.6606726E-01   1.2547943E-19  -1.4986294E+01  -2.1646329E-14  -1.7675569E+02
   35.1000  -4.2058751E-01  -1.3368985E-19  -1.4993478E+01   2.1748510E-14  -1.7759006E+02
   35.2000  -2.7272932E-01  -1.4209799E-19  -1.4998606E+01   2.1852297E-14  -1.7843755E+02
   35.3000  -1.2363436E-01   7.1557670E-20  -1.5001561E+01  -2.1956910E-14  -1.7929177E+02
   35.4000   2.5555627E-02   2.6313937E-19  -1.5002292E+01  -1.8519040E-15   1.7985361E+02
   35.5000   1.7370978E-01   4.4001179E-19  -1.5000816E+01  -4.5342447E-16   1.7900490E+02
   35.6000   3.1971860E-01   6.1260840E-19  -1.4997214E+01  -3.4138575E-16   1.7816826E+02
   35.7000   4.6250376E-01   7.7966565E-19  -1.4991626E+01  -2.9896727E-16   1.7734972E+02
   35.8000   6.0102704E-01   9.3998059E-19  -1.4984251E+01  -2.7612462E-16   1.7655509E+02
   35.9000   7.3429830E-01   1.0924196E-18  -1.4975335E+01  -2.6152371E-16   1.7578997E+02
   36.0000   8.6138226E-01   1.2359259E-18  -1.4965165E+01  -2.5117860E-16   1.7505967E+02
   36.1000   9.8140421E-01   1.3695252E-18  -1.4954062E+01  -2.4332791E-16   1.7436922E+02
   36.2000   1.0935545E+00   1.4923300E-18  -1.4942366E+01  -2.3707325E-16   1.7372330E+02
   36.3000   1.1970918E+00   1.6035433E-18  -1.4930432E+01  -2.3190827E-16   1.7312629E+02
   36.4000   1.2913458E+00   1.7024595E-18  -1.4918615E+01  -2.2752551E-16   1.7258215E+02
   36.5000   1.3757183E+00   1.7884661E-18  -1.4907265E+01  -2.2372688E-16   1.7209449E+02
   36.6000   1.4496839E+00   1.8610431E-18  -1.4896712E+01  -2.2037822E-16   1.7166650E+02
   36.7000   1.5127906E+00   1.9197626E-18  -1.4887263E+01  -2.1738450E-16   1.7130098E+02
   36.8000   1.5646586E+00   1.9642874E-18  -1.4879187E+01  -2.1467541E-16   1.7100029E+02
   36.9000   1.6049803E+00   1.9943696E-18  -1.4872717E+01  -2.1219652E-16   1.7076636E+02
   37.0000   1.6335196E+00   2.0098493E-18  -1.4868035E+01  -2.0990363E-16   1.7060070E+02
   37.1000   1.6501106E+00   2.0106531E-18  -1.4865274E+01  -2.0775886E-16   1.7050435E+02
   37.2000   1.6546575E+00   1.9967929E-18  -1.4864513E+01  -2.0572785E-16   1.7047794E+02
   37.3000   1.6471358E+00   1.9683711E-18  -1.4865771E+01  -2.0377789E-16   1.7052163E+02
   37.4000   1.6276031E+00   1.9256013E-18  -1.4869013E+01  -2.0187666E-16   1.7063505E+02
   37.5000   1.5962083E+00   1.8688081E-18  -1.4874139E+01  -1.9998936E-16   1.7081726E+02
   37.6000   1.5531911E+00   1.7984231E-18  -1.4880997E+01  -1.9807638E-16   1.7106679E+02
   37.7000   1.4988805E+00   1.7149833E-18  -1.4889381E+01  -1.9609071E-16   1.7138158E+02
   37.8000   1.4336933E+00   1.6191266E-18  -1.4899042E+01  -1.9397433E-16   1.7175907E+02
   37.9000   1.3581312E+00   1.5115888E-18  -1.4909691E+01  -1.9165294E-16   1.7219618E+02
   38.0000   1.2727778E+00   1.3931976E-18  -1.4921015E+01  -1.8902786E-16   1.7268940E+02
   38.1000   1.1782944E+00   1.2648674E-18  -1.4932680E+01  -1.8596282E-16   1.7323473E+02
   38.2000   1.0754153E+00   1.1275917E-18  -1.4944344E+01  -1.8226151E-16   1.7382783E+02
   38.3000   9.6494155E-01   9.8243577E-19  -1.4955671E+01  -1.7762697E-16   1.7446397E+02
   38.4000   8.4773498E-01   8.3052739E-19  -1.4966336E+01  -1.7158313E-16   1.7513813E+02
   38.5000   7.2471015E-01   6.7304699E-19  -1.4976036E+01  -1.6330939E-16   1.7584504E+02
   38.6000   5.9682637E-01   5.1121704E-19  -1.4984503E+01  -1.5125052E-16   1.7657920E+02
   38.7000   4.6507875E-01   3.4629078E-19  -1.4991506E+01  -1.3204099E-16   1.7733495E+02
   38.8000   3.3048881E-01   1.7954038E-19  -1.4996863E+01  -9.6757633E-17   1.7810653E+02
   38.9000   1.9409472E-01   1.2244937E-20  -1.5000441E+01  -1.1285591E-17   1.7888811E+02
   39.0000   5.6941414E-02  -1.5432155E-19  -1.5002163E+01   4.8694862E-16   1.7967382E+02
   39.1000  -7.9929177E-02  -3.1528521E-19  -1.5002005E+01   2.1987571E-14  -1.7954214E+02
   39.2000  -2.1548773E-01  -4.0522316E-19  -1.5000003E+01   2.1892464E-14  -1.7876554E+02
   39.3000  -3.4872663E-01  -3.0989849E-19  -1.4996244E+01   2.1798958E-14  -1.7800200E+02
   39.4000  -4.7866845E-01   7.4413233E-20  -1.4990865E+01  -2.1707724E-14  -1.7725702E+02
   39.5000  -6.0437368E-01   3.0708060E-19  -1.4984049E+01  -2.1619411E-14  -1.7653589E+02
   39.6000  -7.2494757E-01   2.0612758E-20  -1.4976019E+01  -2.1534640E-14  -1.7584368E+02
   39.7000  -8.3954609E-01  -2.6580686E-19  -1.4967029E+01   2.1454000E-14  -1.7518521E+02
   39.8000  -9.4738082E-01   1.2539149E-19  -1.4957358E+01  -2.1378050E-14  -1.7456502E+02
   39.9000  -1.0477230E+00   1.5677621E-19  -1.4947300E+01  -2.1307306E-14  -1.7398736E+02
   40.0000  -1.1399064E+00  -2.3355170E-19  -1.4937158E+01   2.1242248E-14  -1.7345612E+02
   40.1000  -1.2233300E+00   1.7068247E-19  -1.4927233E+01  -2.1183313E-14  -1.7297488E+02
   40.2000  -1.2974589E+00  -7.7201622E-21  -1.4917817E+01   2.1130893E-14  -1.7254683E+02
   40.3000  -1.3618256E+00  -1.4203688E-19  -1.4909184E+01   2.1085335E-14  -1.7217482E+02
   40.4000  -1.4160301E+00   2.0071191E-19  -1.4901584E+01  -2.1046938E-14  -1.7186129E+02
   40.5000  -1.4597400E+00  -2.1260256E-19  -1.4895234E+01   2.1015953E-14  -1.7160828E+02
   40.6000  -1.4926904E+00   1.9294464E-19  -1.4890317E+01  -2.0992582E-14  -1.7141744E+02
   40.7000  -1.5146834E+00  -1.4091031E-19  -1.4886973E+01   2.0976976E-14  -1.7129001E+02
   40.8000  -1.5255879E+00   5.1113503E-20  -1.4885296E+01  -2.0969237E-14  -1.7122681E+02
   40.9000  -1.5253390E+00   6.5068942E-20  -1.4885335E+01  -2.0969414E-14  -1.7122826E+02
   41.0000  -1.5139423E+00  -1.4716850E-19  -1.4887086E+01   2.0977502E-14  -1.7129431E+02
   41.1000  -1.4914852E+00   2.0115528E-19  -1.4890499E+01  -2.0993437E-14  -1.7142442E+02
   41.2000  -1.4581394E+00  -2.2177585E-19  -1.4895470E+01   2.1017088E-14  -1.7161755E+02
   41.3000  -1.4141607E+00   1.9333394E-19  -1.4901851E+01  -2.1048262E-14  -1.7187211E+02
   41.4000  -1.3598870E+00  -1.0883063E-19  -1.4909450E+01   2.1086707E-14  -1.7218603E+02
   41.5000  -1.2957362E+00  -6.4422109E-20  -1.4918043E+01   2.1132112E-14  -1.7255679E+02
   41.6000  -1.2222035E+00   2.1039656E-19  -1.4927372E+01  -2.1184109E-14  -1.7298138E+02
   41.7000  -1.1398578E+00  -2.3634228E-19  -1.4937164E+01   2.1242282E-14  -1.7345640E+02
   41.8000  -1.0493378E+00   7.9895197E-20  -1.4947130E+01  -2.1306167E-14  -1.7397805E+02
   41.9000  -9.5134655E-01   2.0289455E-19  -1.4956979E+01  -2.1375255E-14  -1.7454220E+02
   42.0000  -8.4664622E-01  -2.4304638E-19  -1.4966428E+01   2.1449002E-14  -1.7514439E+02
   42.1000  -7.3605140E-01  -1.0841778E-19  -1.4975206E+01   2.1526829E-14  -1.7577990E+02
   42.2000  -6.2042200E-01   2.8261772E-19  -1.4983064E+01  -2.1608132E-14  -1.7644379E+02
   42.3000  -5.0065556E-01   1.6501505E-19  -1.4989787E+01  -2.1692282E-14  -1.7713092E+02
   42.4000  -3.7767898E-01  -2.4047617E-19  -1.4995192E+01   2.1778635E-14  -1.7783605E+02
   42.5000  -2.5243995E-01  -3.7869841E-19  -1.4999139E+01   2.1866535E-14  -1.7855381E+02
   42.6000  -1.2589813E-01  -2.9980703E-19  -1.5001532E+01   2.1955322E-14  -1.7927881E+02
   42.7000   9.8370420E-04  -1.1332577E-19  -1.5002325E+01   2.0735908E-14   1.7999437E+02
   42.8000   1.2724838E-01   8.9989447E-20  -1.5001515E+01  -1.2677965E-16   1.7927107E+02
   42.9000   2.5195278E-01   2.9145266E-19  -1.4999151E+01  -2.0654980E-16   1.7855660E+02
   43.0000   3.7417586E-01   4.8957524E-19  -1.4995324E+01  -2.3270864E-16   1.7785613E+02
   43.1000   4.9302607E-01   6.8291240E-19  -1.4990166E+01  -2.4541255E-16   1.7717468E+02
   43.2000   6.0764814E-01   8.7007431E-19  -1.4983850E+01  -2.5274988E-16   1.7651710E+02
   43.3000   7.1722905E-01   1.0497359E-18  -1.4976577E+01  -2.5742955E-16   1.7588801E+02
   43.4000   8.2100323E-01   1.2206454E-18  -1.4968573E+01  -2.6061910E-16   1.7529179E+02
   43.5000   9.1825692E-01   1.3816317E-18  -1.4960086E+01  -2.6290690E-16   1.7473258E+02
   43.6000   1.0083318E+00   1.5316102E-18  -1.4951370E+01  -2.6462347E-16   1.7421420E+02
   43.7000   1.0906275E+00   1.6695875E-18  -1.4942687E+01  -2.6597020E-16   1.7374017E+02
   43.8000   1.1646042E+00   1.7946650E-18  -1.4934294E+01  -2.6707789E-16   1.7331369E+02
   43.9000   1.2297835E+00   1.9060414E-18  -1.4926436E+01  -2.6803603E-16   1.7293763E+02
   44.0000   1.2857498E+00   2.0030147E-18  -1.4919342E+01  -2.6890872E-16   1.7261447E+02
   44.1000   1.3321507E+00   2.0849827E-18  -1.4913217E+01  -2.6974366E-16   1.7234637E+02
   44.2000   1.3686972E+00   2.1514438E-18  -1.4908237E+01  -2.7057773E-16   1.7213509E+02
   44.3000   1.3951637E+00   2.2019974E-18  -1.4904545E+01  -2.7144050E-16   1.7198201E+02
   44.4000   1.4113881E+00   2.2363431E-18  -1.4902246E+01  -2.7235660E-16   1.7188815E+02
   44.5000   1.4172714E+00   2.2542814E-18  -1.4901406E+01  -2.7334744E-16   1.7185411E+02
   44.6000   1.4127784E+00   2.2557131E-18  -1.4902048E+01  -2.7443242E-16   1.7188010E+02
   44.7000   1.3979444E+00   2.2406466E-18  -1.4904153E+01  -2.7562961E-16   1.7196593E+02
   44.8000   1.3728832E+00   2.2092142E-18  -1.4907658E+01  -2.7695714E-16   1.7211088E+02
   44.9000   1.3377874E+00   2.1616737E-18  -1.4912458E+01  -2.7843453E-16   1.7231379E+02
   45.0000   1.2929268E+00   2.0984068E-18  -1.4918409E+01  -2.8008423E-16   1.7257302E+02
   45.1000   1.2386469E+00   2.0199163E-18  -1.4925334E+01  -2.8193361E-16   1.7288646E+02
   45.2000   1.1753666E+00   1.9268228E-18  -1.4933026E+01  -2.8401792E-16   1.7325162E+02
   45.3000   1.1035750E+00   1.8198603E-18  -1.4941259E+01  -2.8638476E-16   1.7366555E+02
   45.4000   1.0238279E+00   1.6998705E-18  -1.4949788E+01  -2.8910123E-16   1.7412497E+02
   45.5000   9.3674360E-01   1.5677964E-18  -1.4958364E+01  -2.9226607E-16   1.7462623E+02
   45.6000   8.4299785E-01   1.4246747E-18  -1.4966737E+01  -2.9603119E-16   1.7516537E+02
   45.7000   7.4331825E-01   1.2716271E-18  -1.4974667E+01  -3.0064298E-16   1.7573816E+02
   45.8000   6.3847804E-01   1.1098508E-18  -1.4981926E+01  -3.0652780E-16   1.7634015E+02
   45.9000   5.2928937E-01   9.4060788E-19  -1.4988311E+01  -3.1449008E-16   1.7696668E+02
   46.0000   4.1659595E-01   7.6521374E-19  -1.4993645E+01  -3.2624385E-16   1.7761295E+02
   46.1000   3.0126546E-01   5.8502554E-19  -1.4997787E+01  -3.4618921E-16   1.7827402E+02
   46.2000   1.8418166E-01   4.0142957E-19  -1.5000629E+01  -3.9001589E-16   1.7894490E+02
   46.3000   6.6236326E-02   2.1582864E-19  -1.5002105E+01  -5.8528706E-16   1.7962058E+02
   46.4000  -5.1678701E-02   2.8253962E-20  -1.5002191E+01  -2.2007389E-14  -1.7970397E+02
   46.5000  -1.6867937E-01  -1.4113122E-19  -1.5000902E+01   2.1925307E-14  -1.7903372E+02
   46.6000  -2.8389694E-01  -1.6588666E-19  -1.4998295E+01   2.1844460E-14  -1.7837355E+02
   46.7000  -3.9648511E-01   4.5508309E-20  -1.4994463E+01  -2.1765432E-14  -1.7772824E+02
   46.8000  -5.0562658E-01   1.3112495E-19  -1.4989537E+01  -2.1688790E-14  -1.7710241E+02
   46.9000  -6.1053906E-01  -1.1616600E-19  -1.4983674E+01   2.1615078E-14  -1.7650051E+02
   47.0000  -7.1048054E-01   1.8847066E-20  -1.4977060E+01  -2.1544815E-14  -1.7592676E+02
   47.1000  -8.0475388E-01   6.5378736E-20  -1.4969898E+01  -2.1478490E-14  -1.7538518E+02
   47.2000  -8.9271074E-01  -1.0116830E-19  -1.4962408E+01   2.1416564E-14  -1.7487952E+02
   47.3000  -9.7375473E-01   1.1091026E-19  -1.4954813E+01  -2.1359462E-14  -1.7441324E+02
   47.4000  -1.0473440E+00  -1.1216322E-19  -1.4947340E+01   2.1307573E-14  -1.7398954E+02
   47.5000  -1.1129930E+00   1.1223606E-19  -1.4940209E+01  -2.1261249E-14  -1.7361127E+02
   47.6000  -1.1702743E+00  -1.0159876E-19  -1.4933628E+01   2.1220801E-14  -1.7328099E+02
   47.7000  -1.2188193E+00   8.5111494E-20  -1.4927788E+01  -2.1186501E-14  -1.7300091E+02
   47.8000  -1.2583186E+00  -5.7483791E-20  -1.4922859E+01   2.1158577E-14  -1.7277289E+02
   47.9000  -1.2885230E+00   5.5904413E-21  -1.4918982E+01  -2.1137214E-14  -1.7259845E+02
   48.0000  -1.3092433E+00   5.3303738E-20  -1.4916269E+01  -2.1122555E-14  -1.7247875E+02
   48.1000  -1.3203504E+00  -8.7218780E-20  -1.4914796E+01   2.1114695E-14  -1.7241457E+02
   48.2000  -1.3217753E+00   8.3398803E-20  -1.4914606E+01  -2.1113687E-14  -1.7240633E+02
   48.3000  -1.3135111E+00  -4.1328798E-20  -1.4915704E+01   2.1119535E-14  -1.7245409E+02
   48.4000  -1.2956215E+00  -3.9194818E-20  -1.4918058E+01   2.1132193E-14  -1.7255745E+02
   48.5000  -1.2682439E+00   8.0579228E-20  -1.4921596E+01  -2.1151558E-14  -1.7271558E+02
   48.6000  -1.2315892E+00  -8.0373129E-20  -1.4926212E+01   2.1177475E-14  -1.7292720E+02
   48.7000  -1.1859397E+00   3.7174717E-20  -1.4931770E+01  -2.1209735E-14  -1.7319063E+02
   48.8000  -1.1316474E+00   3.3886855E-20  -1.4938102E+01  -2.1248079E-14  -1.7350374E+02
   48.9000  -1.0691317E+00  -7.2157379E-20  -1.4945022E+01   2.1292203E-14  -1.7386403E+02
   49.0000  -9.9887603E-01   8.7700622E-20  -1.4952324E+01  -2.1341753E-14  -1.7426864E+02
   49.1000  -9.2142410E-01  -9.0757501E-20  -1.4959793E+01   2.1396338E-14  -1.7471436E+02
   49.2000  -8.3737583E-01   9.1021635E-20  -1.4967211E+01  -2.1455528E-14  -1.7519768E+02
   49.3000  -7.4738228E-01  -9.2986136E-20  -1.4974363E+01   2.1518859E-14  -1.7571482E+02
   49.4000  -6.5214027E-01   8.9000044E-20  -1.4981043E+01  -2.1585836E-14  -1.7626173E+02
   49.5000  -5.5238629E-01  -4.8646851E-20  -1.4987060E+01   2.1655942E-14  -1.7683418E+02
   49.6000  -4.4889016E-01  -6.5185437E-20  -1.4992247E+01   2.1728637E-14  -1.7742778E+02
   49.7000  -3.4244811E-01   1.2297536E-19  -1.4996461E+01  -2.1803365E-14  -1.7803799E+02
   49.8000  -2.3387569E-01   4.3402956E-20  -1.4999590E+01  -2.1879562E-14  -1.7866018E+02
   49.9000  -1.2400050E-01  -1.3624235E-19  -1.5001556E+01   2.1956653E-14  -1.7928968E+02
   50.0000  -1.3654858E-02  -2.1630296E-19  -1.5002315E+01   2.2034063E-14  -1.7992178E+02
   50.1000   9.6331519E-02  -2.7306185E-19  -1.5001861E+01   5.0866479E-16   1.7944818E+02
   50.2000   2.0513853E-01  -3.2766774E-19  -1.5000221E+01   2.8563687E-16   1.7882483E+02
   50.3000   3.1196251E-01  -3.7974471E-19  -1.4997459E+01   2.1693419E-16   1.7821271E+02
   50.4000   4.1602255E-01  -4.2891670E-19  -1.4993669E+01   1.8312125E-16   1.7761623E+02
   50.5000   5.1656642E-01  -4.7483238E-19  -1.4988977E+01   1.6273641E-16   1.7703966E+02
   50.6000   6.1287587E-01  -5.1716733E-19  -1.4983531E+01   1.4892634E-16   1.7648710E+02
   50.7000   7.0427135E-01  -5.5562595E-19  -1.4977500E+01   1.3882332E-16   1.7596242E+02
   50.8000   7.9011613E-01  -5.8994293E-19  -1.4971069E+01   1.3101476E-16   1.7546930E+02
   50.9000   8.6981977E-01  -6.1988442E-19  -1.4964432E+01   1.2472318E-16   1.7501116E+02
   51.0000   9.4284102E-01  -6.4524886E-19  -1.4957788E+01   1.1948434E-16   1.7459114E+02
   51.1000   1.0086901E+00  -6.6586751E-19  -1.4951334E+01   1.1500281E-16   1.7421214E+02
   51.2000   1.0669307E+00  -6.8160473E-19  -1.4945258E+01   1.1108049E-16   1.7387671E+02
   51.3000   1.1171810E+00  -6.9235807E-19  -1.4939739E+01   1.0757832E-16   1.7358713E+02
   51.4000   1.1591149E+00  -6.9805818E-19  -1.4934936E+01   1.0439444E-16   1.7334535E+02
   51.5000   1.1924627E+00  -6.9866858E-19  -1.4930989E+01   1.0145102E-16   1.7315299E+02
   51.6000   1.2170116E+00  -6.9418536E-19  -1.4928010E+01   9.8685944E-17   1.7301134E+02
   51.7000   1.2326058E+00  -6.8463681E-19  -1.4926086E+01   9.6047182E-17   1.7292134E+02
   51.8000   1.2391466E+00  -6.7008300E-19  -1.4925272E+01   9.3488814E-17   1.7288358E+02
   51.9000   1.2365931E+00  -6.5061651E-19  -1.4925590E+01   9.0968080E-17   1.7289832E+02
   52.0000   1.2249660E+00  -6.2637106E-19  -1.4927032E+01   8.8443709E-17   1.7296543E+02
   52.1000   1.2043549E+00  -5.9752032E-19  -1.4929553E+01   8.5872888E-17   1.7308438E+02
   52.2000   1.1749183E+00  -5.6427365E-19  -1.4933079E+01   8.3208151E-17   1.7325420E+02
   52.3000   1.1368832E+00  -5.2687460E-19  -1.4937505E+01   8.0394195E-17   1.7347355E+02
   52.4000   1.0905426E+00  -4.8559916E-19  -1.4942697E+01   7.7363615E-17   1.7374066E+02
   52.5000   1.0362544E+00  -4.4075380E-19  -1.4948501E+01   7.4030763E-17   1.7405341E+02
   52.6000   9.7443774E-01  -3.9267315E-19  -1.4954746E+01   7.0282433E-17   1.7440931E+02
   52.7000   9.0557057E-01  -3.4171751E-19  -1.4961247E+01   6.5962964E-17   1.7480556E+02
   52.8000   8.3018544E-01  -2.8826995E-19  -1.4967813E+01   6.0849227E-17   1.7523902E+02
   52.9000   7.4886539E-01  -2.3273334E-19  -1.4974252E+01   5.4606226E-17   1.7570630E+02
   53.0000   6.6223903E-01  -1.7552696E-19  -1.4980378E+01   4.6702939E-17   1.7620375E+02
   53.1000   5.7097531E-01  -1.1708306E-19  -1.4986015E+01   3.6239396E-17   1.7672753E+02
   53.2000   4.7577770E-01  -5.7843152E-20  -1.4991003E+01   2.1552216E-17   1.7727360E+02
   53.3000   3.7737806E-01   1.7457551E-21  -1.4995203E+01  -8.2267952E-19   1.7783777E+02
   53.4000   2.7653022E-01   6.1235015E-20  -1.4998501E+01  -3.9508492E-17   1.7841576E+02
   53.5000   1.7400331E-01   1.2017819E-19  -1.5000811E+01  -1.2363146E-16   1.7900322E+02
   53.6000   7.0575042E-02   1.7813488E-19  -1.5002076E+01  -4.5330845E-16   1.7959573E+02
   53.7000  -3.2975049E-02   2.3427025E-19  -1.5002270E+01  -2.2020510E-14  -1.7981111E+02
   53.8000  -1.3587225E-01   2.5689518E-19  -1.5001402E+01  -2.1948324E-14  -1.7922167E+02
   53.9000  -2.3735310E-01   1.6287089E-19  -1.4999508E+01  -2.1877122E-14  -1.7864026E+02
   54.0000  -3.3667151E-01  -9.9377525E-20  -1.4996657E+01   2.1807420E-14  -1.7807110E+02
   54.1000  -4.3310449E-01  -1.6966430E-19  -1.4992944E+01   2.1739721E-14  -1.7751829E+02
   54.2000  -5.2595746E-01   9.5102074E-20  -1.4988487E+01  -2.1674509E-14  -1.7698580E+02
   54.3000  -6.1456902E-01   1.1372543E-19  -1.4983427E+01  -2.1612246E-14  -1.7647738E+02
   54.4000  -6.9831516E-01  -1.5396884E-19  -1.4977918E+01   2.1553370E-14  -1.7599662E+02
   54.5000  -7.7661298E-01   7.9938680E-20  -1.4972130E+01  -2.1498293E-14  -1.7554689E+02
   54.6000  -8.4892385E-01   3.2523322E-20  -1.4966234E+01  -2.1447398E-14  -1.7513130E+02
   54.7000  -9.1475597E-01  -1.0639576E-19  -1.4960408E+01   2.1401036E-14  -1.7475272E+02
   54.8000  -9.7366655E-01   1.3604700E-19  -1.4954822E+01  -2.1359524E-14  -1.7441375E+02
   54.9000  -1.0252635E+00  -1.4210128E-19  -1.4949640E+01   2.1323147E-14  -1.7411670E+02
   55.0000  -1.0692066E+00   1.2643702E-19  -1.4945014E+01  -2.1292150E-14  -1.7386360E+02
   55.1000  -1.1052088E+00  -1.0954707E-19  -1.4941077E+01   2.1266743E-14  -1.7365614E+02
   55.2000  -1.1330365E+00   9.8241670E-20  -1.4937944E+01  -2.1247099E-14  -1.7349573E+02
   55.3000  -1.1525103E+00  -8.5773082E-20  -1.4935704E+01   2.1233348E-14  -1.7338344E+02
   55.4000  -1.1635051E+00   6.7851149E-20  -1.4934423E+01  -2.1225582E-14  -1.7332003E+02
   55.5000  -1.1659506E+00  -4.7525303E-20  -1.4934136E+01   2.1223855E-14  -1.7330593E+02
   55.6000  -1.1598323E+00   2.4338853E-20  -1.4934852E+01  -2.1228176E-14  -1.7334122E+02
   55.7000  -1.1451973E+00   2.0388988E-21  -1.4936550E+01  -2.1238512E-14  -1.7342561E+02
   55.8000  -1.1221584E+00  -2.5772788E-20  -1.4939178E+01   2.1254779E-14  -1.7355844E+02
   55.9000  -1.0908931E+00   4.8201432E-20  -1.4942658E+01  -2.1276847E-14  -1.7373864E+02
   56.0000  -1.0516424E+00  -7.9933825E-20  -1.4946886E+01   2.1304541E-14  -1.7396478E+02
   56.1000  -1.0047089E+00   1.1662212E-19  -1.4951737E+01  -2.1337641E-14  -1.7423506E+02
   56.2000  -9.5045496E-01  -1.3714880E-19  -1.4957065E+01   2.1375883E-14  -1.7454733E+02
   56.3000  -8.8929938E-01   1.3660241E-19  -1.4962713E+01  -2.1418967E-14  -1.7489914E+02
   56.4000  -8.2171456E-01  -9.7228307E-20  -1.4968515E+01   2.1466553E-14  -1.7528771E+02
   56.5000  -7.4822246E-01  -7.2702895E-21  -1.4974300E+01   2.1518268E-14  -1.7570999E+02
   56.6000  -6.6939046E-01   1.2975772E-19  -1.4979901E+01  -2.1573708E-14  -1.7616270E+02
   56.7000  -5.8582654E-01  -1.4759207E-19  -1.4985154E+01   2.1632445E-14  -1.7664232E+02
   56.8000  -4.9817419E-01  -3.3617267E-20  -1.4989911E+01   2.1694025E-14  -1.7714515E+02
   56.9000  -4.0710682E-01   1.7866318E-19  -1.4994036E+01  -2.1757975E-14  -1.7766735E+02
   57.0000  -3.1332196E-01   4.4155146E-20  -1.4997416E+01  -2.1823809E-14  -1.7820492E+02
   57.1000  -2.1753514E-01  -1.9020090E-19  -1.4999959E+01   2.1891028E-14  -1.7875381E+02
   57.2000  -1.2047374E-01  -2.4296227E-19  -1.5001599E+01   2.1959127E-14  -1.7930988E+02
   57.3000  -2.2870659E-02  -1.9214408E-19  -1.5002299E+01   2.2027598E-14  -1.7986899E+02
   57.4000   7.4541864E-02  -1.1534227E-19  -1.5002047E+01   2.7786209E-16   1.7957300E+02
   57.5000   1.7103838E-01  -3.7961604E-20  -1.5000862E+01   3.9733153E-17   1.7902020E+02
   57.6000   2.6590608E-01   3.9277311E-20  -1.4998790E+01  -2.6363003E-17   1.7847665E+02
   57.7000   3.5845038E-01   1.1580672E-19  -1.4995900E+01  -5.7490173E-17   1.7794627E+02
   57.8000   4.4800010E-01   1.9107006E-19  -1.4992287E+01  -7.5674343E-17   1.7743289E+02
   57.9000   5.3391226E-01   2.6452606E-19  -1.4988065E+01  -8.7664750E-17   1.7694016E+02
   58.0000   6.1557639E-01   3.3565252E-19  -1.4983364E+01  -9.6223860E-17   1.7647160E+02
   58.1000   6.9241836E-01   4.0394977E-19  -1.4978329E+01  -1.0269438E-16   1.7603048E+02
   58.2000   7.6390369E-01   4.6894373E-19  -1.4973111E+01  -1.0780921E-16   1.7561991E+02
   58.3000   8.2954041E-01   5.3018860E-19  -1.4967867E+01  -1.1200382E-16   1.7524272E+02
   58.4000   8.8888149E-01   5.8726923E-19  -1.4962750E+01  -1.1555454E-16   1.7490154E+02
   58.5000   9.4152670E-01   6.3980311E-19  -1.4957913E+01  -1.1864644E-16   1.7459871E+02
   58.6000   9.8712428E-01   6.8744206E-19  -1.4953496E+01  -1.2140933E-16   1.7433629E+02
   58.7000   1.0253721E+00   7.2987361E-19  -1.4949629E+01  -1.2393816E-16   1.7411608E+02
   58.8000   1.0560185E+00   7.6682217E-19  -1.4946423E+01  -1.2630529E-16   1.7393957E+02
   58.9000   1.0788632E+00   7.9804999E-19  -1.4943971E+01  -1.2856815E-16   1.7380796E+02
   59.0000   1.0937576E+00   8.2335790E-19  -1.4942344E+01  -1.3077439E-16   1.7372213E+02
   59.1000   1.1006052E+00   8.4258596E-19  -1.4941588E+01  -1.3296555E-16   1.7368267E+02
   59.2000   1.0993617E+00   8.5561363E-19  -1.4941725E+01  -1.3517970E-16   1.7368984E+02
   59.3000   1.0900381E+00   8.6235781E-19  -1.4942752E+01  -1.3745310E-16   1.7374357E+02
   59.4000   1.0727062E+00   8.6277941E-19  -1.4944637E+01  -1.3982256E-16   1.7384343E+02
   59.5000   1.0474995E+00   8.5688785E-19  -1.4947323E+01  -1.4232823E-16   1.7398864E+02
   59.6000   1.0146122E+00   8.4474099E-19  -1.4950732E+01  -1.4501632E-16   1.7417804E+02
   59.7000   9.7429773E-01   8.2644464E-19  -1.4954760E+01  -1.4794277E-16   1.7441012E+02
   59.8000   9.2686707E-01   8.0215178E-19  -1.4959288E+01  -1.5117844E-16   1.7468305E+02
   59.9000   8.7268606E-01   7.7206125E-19  -1.4964182E+01  -1.5481696E-16   1.7499468E+02
