
Predictions were generated on 02-Dec-2019 at 13:37:09 using OpenFAST, compiled as a 64-bit application using double precision at commit -128-NOTFOUND
 linked with  NWTC Subroutine Library; ElastoDyn; InflowWind; AeroDyn; ServoDyn

Description from the FAST input file: FAST Certification Test #10: UAE Phase VI (upwind) with no DOFs in a ramped wind.

Time      	Wind1VelX 	Wind1VelY 	Wind1VelZ 	RootFxc1  	RootFyc1  	RootFzc1  	RootFxc2  	RootFyc2  	RootFzc2  	RootMOoP1 	RootMIP1  	RootMzc1  	RotTorq   	RotThrust 	RotPwr    	LSSGagMya 	LSSGagMza 	YawBrMxp  	YawBrMyp  	RtAeroCp  	RtAeroCq  	RtAeroCt  	GenPwr    
(s)       	(m/s)     	(m/s)     	(m/s)     	(kN)      	(kN)      	(kN)      	(kN)      	(kN)      	(kN)      	(kN-m)    	(kN-m)    	(kN-m)    	(kN-m)    	(kN)      	(kW)      	(kN-m)    	(kN-m)    	(kN-m)    	(kN-m)    	(-)       	(-)       	(-)       	(kW)      
    5.0000	 5.000E+00	 0.000E+00	 0.000E+00	 3.519E-01	-1.462E-02	 6.857E+00	 3.519E-01	-7.759E-02	 8.058E+00	 1.073E+00	 6.614E-02	-1.657E-02	 2.799E-01	 7.038E-01	 2.108E+00	-1.703E+00	-8.924E-02	 2.799E-01	-7.476E+00	 3.406E-01	 4.498E-02	 5.688E-01	 3.407E+00
    5.1000	 5.100E+00	 0.000E+00	 0.000E+00	 3.661E-01	-4.375E-01	 6.998E+00	 3.661E-01	 3.382E-01	 7.918E+00	 1.113E+00	 7.929E-01	-1.676E-02	 3.005E-01	 7.321E-01	 2.263E+00	-1.304E+00	 1.099E+00	 3.005E-01	-7.457E+00	 3.446E-01	 4.642E-02	 5.687E-01	 3.407E+00
    5.2000	 5.200E+00	 0.000E+00	 0.000E+00	 3.804E-01	-6.509E-01	 7.387E+00	 3.804E-01	 5.441E-01	 7.528E+00	 1.153E+00	 1.161E+00	-1.695E-02	 3.220E-01	 7.607E-01	 2.424E+00	-1.995E-01	 1.693E+00	 3.220E-01	-7.437E+00	 3.483E-01	 4.783E-02	 5.683E-01	 3.407E+00
    5.3000	 5.300E+00	 0.000E+00	 0.000E+00	 3.948E-01	-5.413E-01	 7.815E+00	 3.948E-01	 4.269E-01	 7.100E+00	 1.194E+00	 9.763E-01	-1.714E-02	 3.442E-01	 7.896E-01	 2.592E+00	 1.012E+00	 1.372E+00	 3.442E-01	-7.417E+00	 3.517E-01	 4.923E-02	 5.679E-01	 3.407E+00
    5.4000	 5.400E+00	 0.000E+00	 0.000E+00	 4.093E-01	-1.702E-01	 8.049E+00	 4.093E-01	 4.782E-02	 6.866E+00	 1.235E+00	 3.439E-01	-1.734E-02	 3.673E-01	 8.187E-01	 2.766E+00	 1.677E+00	 3.090E-01	 3.673E-01	-7.397E+00	 3.548E-01	 5.060E-02	 5.672E-01	 3.407E+00
    5.5000	 5.500E+00	 0.000E+00	 0.000E+00	 4.240E-01	 2.597E-01	 7.964E+00	 4.240E-01	-3.903E-01	 6.951E+00	 1.276E+00	-3.891E-01	-1.753E-02	 3.912E-01	 8.480E-01	 2.946E+00	 1.435E+00	-9.212E-01	 3.912E-01	-7.376E+00	 3.577E-01	 5.195E-02	 5.664E-01	 3.407E+00
    5.6000	 5.600E+00	 0.000E+00	 0.000E+00	 4.388E-01	 5.138E-01	 7.605E+00	 4.388E-01	-6.529E-01	 7.310E+00	 1.318E+00	-8.210E-01	-1.773E-02	 4.159E-01	 8.776E-01	 3.131E+00	 4.171E-01	-1.653E+00	 4.159E-01	-7.356E+00	 3.602E-01	 5.327E-02	 5.654E-01	 3.407E+00
    5.7000	 5.700E+00	 0.000E+00	 0.000E+00	 4.537E-01	 4.523E-01	 7.166E+00	 4.537E-01	-6.003E-01	 7.749E+00	 1.360E+00	-7.124E-01	-1.794E-02	 4.413E-01	 9.074E-01	 3.323E+00	-8.262E-01	-1.492E+00	 4.413E-01	-7.335E+00	 3.625E-01	 5.457E-02	 5.642E-01	 3.407E+00
    5.8000	 5.800E+00	 0.000E+00	 0.000E+00	 4.687E-01	 1.062E-01	 6.885E+00	 4.687E-01	-2.632E-01	 8.030E+00	 1.402E+00	-1.164E-01	-1.814E-02	 4.676E-01	 9.374E-01	 3.520E+00	-1.623E+00	-5.235E-01	 4.676E-01	-7.315E+00	 3.645E-01	 5.583E-02	 5.629E-01	 3.407E+00
    5.9000	 5.900E+00	 0.000E+00	 0.000E+00	 4.838E-01	-3.399E-01	 6.914E+00	 4.838E-01	 1.736E-01	 8.002E+00	 1.445E+00	 6.509E-01	-1.835E-02	 4.945E-01	 9.675E-01	 3.723E+00	-1.542E+00	 7.276E-01	 4.945E-01	-7.294E+00	 3.662E-01	 5.707E-02	 5.615E-01	 3.407E+00
    6.0000	 6.000E+00	 0.000E+00	 0.000E+00	 4.988E-01	-6.473E-01	 7.236E+00	 4.988E-01	 4.715E-01	 7.679E+00	 1.487E+00	 1.181E+00	-1.846E-02	 5.220E-01	 9.976E-01	 3.930E+00	-6.277E-01	 1.585E+00	 5.220E-01	-7.273E+00	 3.676E-01	 5.825E-02	 5.598E-01	 3.407E+00
    6.1000	 6.100E+00	 0.000E+00	 0.000E+00	 5.138E-01	-6.524E-01	 7.679E+00	 5.138E-01	 4.669E-01	 7.237E+00	 1.529E+00	 1.193E+00	-1.848E-02	 5.501E-01	 1.028E+00	 4.142E+00	 6.261E-01	 1.586E+00	 5.501E-01	-7.252E+00	 3.686E-01	 5.939E-02	 5.579E-01	 3.407E+00
    6.2000	 6.200E+00	 0.000E+00	 0.000E+00	 5.287E-01	-3.550E-01	 8.001E+00	 5.287E-01	 1.596E-01	 6.914E+00	 1.572E+00	 6.878E-01	-1.844E-02	 5.788E-01	 1.057E+00	 4.358E+00	 1.541E+00	 7.293E-01	 5.788E-01	-7.231E+00	 3.694E-01	 6.049E-02	 5.557E-01	 3.407E+00
    6.3000	 6.300E+00	 0.000E+00	 0.000E+00	 5.436E-01	 8.138E-02	 8.030E+00	 5.436E-01	-2.868E-01	 6.885E+00	 1.614E+00	-5.558E-02	-1.833E-02	 6.081E-01	 1.087E+00	 4.579E+00	 1.623E+00	-5.218E-01	 6.081E-01	-7.211E+00	 3.699E-01	 6.155E-02	 5.534E-01	 3.407E+00
    6.4000	 6.400E+00	 0.000E+00	 0.000E+00	 5.585E-01	 4.181E-01	 7.750E+00	 5.585E-01	-6.339E-01	 7.166E+00	 1.656E+00	-6.282E-01	-1.820E-02	 6.381E-01	 1.117E+00	 4.804E+00	 8.277E-01	-1.491E+00	 6.381E-01	-7.190E+00	 3.702E-01	 6.258E-02	 5.509E-01	 3.407E+00
    6.5000	 6.500E+00	 0.000E+00	 0.000E+00	 5.734E-01	 4.704E-01	 7.311E+00	 5.734E-01	-6.967E-01	 7.604E+00	 1.698E+00	-7.137E-01	-1.803E-02	 6.686E-01	 1.147E+00	 5.034E+00	-4.154E-01	-1.654E+00	 6.686E-01	-7.170E+00	 3.703E-01	 6.357E-02	 5.484E-01	 3.407E+00
    6.6000	 6.600E+00	 0.000E+00	 0.000E+00	 5.883E-01	 2.070E-01	 6.952E+00	 5.883E-01	-4.441E-01	 7.964E+00	 1.740E+00	-2.587E-01	-1.784E-02	 6.998E-01	 1.177E+00	 5.269E+00	-1.434E+00	-9.227E-01	 6.998E-01	-7.149E+00	 3.703E-01	 6.454E-02	 5.457E-01	 3.407E+00
    6.7000	 6.700E+00	 0.000E+00	 0.000E+00	 6.032E-01	-2.324E-01	 6.866E+00	 6.032E-01	-1.563E-02	 8.049E+00	 1.782E+00	 4.978E-01	-1.764E-02	 7.316E-01	 1.206E+00	 5.509E+00	-1.677E+00	 3.072E-01	 7.316E-01	-7.128E+00	 3.700E-01	 6.547E-02	 5.429E-01	 3.407E+00
    6.8000	 6.800E+00	 0.000E+00	 0.000E+00	 6.170E-01	-6.131E-01	 7.100E+00	 6.170E-01	 3.545E-01	 7.815E+00	 1.822E+00	 1.154E+00	-1.740E-02	 7.625E-01	 1.234E+00	 5.741E+00	-1.014E+00	 1.371E+00	 7.625E-01	-7.109E+00	 3.689E-01	 6.625E-02	 5.392E-01	 3.407E+00
    6.9000	 6.900E+00	 0.000E+00	 0.000E+00	 6.301E-01	-7.320E-01	 7.527E+00	 6.301E-01	 4.631E-01	 7.388E+00	 1.860E+00	 1.362E+00	-1.717E-02	 7.929E-01	 1.260E+00	 5.970E+00	 1.978E-01	 1.694E+00	 7.929E-01	-7.091E+00	 3.671E-01	 6.690E-02	 5.347E-01	 3.407E+00
    7.0000	 7.000E+00	 0.000E+00	 0.000E+00	 6.424E-01	-5.278E-01	 7.917E+00	 6.424E-01	 2.489E-01	 6.998E+00	 1.896E+00	 1.016E+00	-1.691E-02	 8.228E-01	 1.285E+00	 6.195E+00	 1.302E+00	 1.101E+00	 8.228E-01	-7.074E+00	 3.649E-01	 6.745E-02	 5.297E-01	 3.407E+00
    7.1000	 7.100E+00	 0.000E+00	 0.000E+00	 6.541E-01	-1.136E-01	 8.058E+00	 6.541E-01	-1.753E-01	 6.857E+00	 1.930E+00	 3.109E-01	-1.665E-02	 8.523E-01	 1.308E+00	 6.417E+00	 1.703E+00	-8.746E-02	 8.523E-01	-7.058E+00	 3.622E-01	 6.792E-02	 5.242E-01	 3.407E+00
    7.2000	 7.200E+00	 0.000E+00	 0.000E+00	 6.652E-01	 2.840E-01	 7.875E+00	 6.652E-01	-5.828E-01	 7.040E+00	 1.962E+00	-3.658E-01	-1.637E-02	 8.815E-01	 1.330E+00	 6.637E+00	 1.183E+00	-1.228E+00	 8.815E-01	-7.042E+00	 3.593E-01	 6.831E-02	 5.185E-01	 3.407E+00
    7.3000	 7.300E+00	 0.000E+00	 0.000E+00	 6.762E-01	 4.472E-01	 7.466E+00	 6.762E-01	-7.560E-01	 7.449E+00	 1.994E+00	-6.413E-01	-1.608E-02	 9.110E-01	 1.352E+00	 6.859E+00	 2.321E-02	-1.705E+00	 9.110E-01	-7.027E+00	 3.562E-01	 6.867E-02	 5.127E-01	 3.407E+00
    7.4000	 7.400E+00	 0.000E+00	 0.000E+00	 6.864E-01	 2.852E-01	 7.052E+00	 6.864E-01	-6.039E-01	 7.863E+00	 2.024E+00	-3.601E-01	-1.578E-02	 9.398E-01	 1.373E+00	 7.076E+00	-1.149E+00	-1.260E+00	 9.398E-01	-7.013E+00	 3.528E-01	 6.894E-02	 5.065E-01	 3.407E+00
    7.5000	 7.500E+00	 0.000E+00	 0.000E+00	 6.966E-01	-1.171E-01	 6.858E+00	 6.966E-01	-2.115E-01	 8.057E+00	 2.054E+00	 3.328E-01	-1.548E-02	 9.692E-01	 1.393E+00	 7.297E+00	-1.700E+00	-1.338E-01	 9.692E-01	-6.999E+00	 3.494E-01	 6.921E-02	 5.004E-01	 3.407E+00
    7.6000	 7.600E+00	 0.000E+00	 0.000E+00	 7.059E-01	-5.449E-01	 6.988E+00	 7.059E-01	 2.064E-01	 7.928E+00	 2.082E+00	 1.069E+00	-1.518E-02	 9.978E-01	 1.412E+00	 7.513E+00	-1.332E+00	 1.065E+00	 9.978E-01	-6.986E+00	 3.457E-01	 6.939E-02	 4.938E-01	 3.407E+00
    7.7000	 7.700E+00	 0.000E+00	 0.000E+00	 7.150E-01	-7.696E-01	 7.372E+00	 7.150E-01	 4.213E-01	 7.544E+00	 2.109E+00	 1.458E+00	-1.488E-02	 1.027E+00	 1.430E+00	 7.731E+00	-2.438E-01	 1.688E+00	 1.027E+00	-6.974E+00	 3.421E-01	 6.957E-02	 4.873E-01	 3.407E+00
    7.8000	 7.800E+00	 0.000E+00	 0.000E+00	 7.236E-01	-6.722E-01	 7.802E+00	 7.236E-01	 3.144E-01	 7.113E+00	 2.135E+00	 1.295E+00	-1.463E-02	 1.055E+00	 1.447E+00	 7.941E+00	 9.761E-01	 1.398E+00	 1.055E+00	-6.962E+00	 3.381E-01	 6.964E-02	 4.805E-01	 3.407E+00
    7.9000	 7.900E+00	 0.000E+00	 0.000E+00	 7.317E-01	-3.080E-01	 8.046E+00	 7.317E-01	-5.901E-02	 6.869E+00	 2.160E+00	 6.749E-01	-1.442E-02	 1.082E+00	 1.463E+00	 8.148E+00	 1.668E+00	 3.528E-01	 1.082E+00	-6.950E+00	 3.338E-01	 6.965E-02	 4.737E-01	 3.407E+00
    8.0000	 8.000E+00	 0.000E+00	 0.000E+00	 7.397E-01	 1.236E-01	 7.972E+00	 7.397E-01	-4.997E-01	 6.943E+00	 2.183E+00	-6.031E-02	-1.423E-02	 1.109E+00	 1.479E+00	 8.351E+00	 1.459E+00	-8.833E-01	 1.109E+00	-6.939E+00	 3.295E-01	 6.962E-02	 4.670E-01	 3.407E+00
    8.1000	 8.100E+00	 0.000E+00	 0.000E+00	 7.480E-01	 3.866E-01	 7.620E+00	 7.480E-01	-7.720E-01	 7.295E+00	 2.207E+00	-5.070E-01	-1.413E-02	 1.136E+00	 1.496E+00	 8.556E+00	 4.603E-01	-1.642E+00	 1.136E+00	-6.928E+00	 3.252E-01	 6.958E-02	 4.606E-01	 3.407E+00
    8.2000	 8.200E+00	 0.000E+00	 0.000E+00	 7.561E-01	 3.365E-01	 7.180E+00	 7.561E-01	-7.310E-01	 7.735E+00	 2.229E+00	-4.176E-01	-1.405E-02	 1.163E+00	 1.512E+00	 8.758E+00	-7.868E-01	-1.513E+00	 1.163E+00	-6.917E+00	 3.209E-01	 6.949E-02	 4.543E-01	 3.407E+00
    8.3000	 8.300E+00	 0.000E+00	 0.000E+00	 7.643E-01	-2.131E-03	 6.890E+00	 7.643E-01	-4.014E-01	 8.025E+00	 2.252E+00	 1.660E-01	-1.403E-02	 1.190E+00	 1.529E+00	 8.960E+00	-1.609E+00	-5.658E-01	 1.190E+00	-6.905E+00	 3.166E-01	 6.939E-02	 4.483E-01	 3.407E+00
    8.4000	 8.400E+00	 0.000E+00	 0.000E+00	 7.718E-01	-4.485E-01	 6.907E+00	 7.718E-01	 3.635E-02	 8.008E+00	 2.273E+00	 9.339E-01	-1.405E-02	 1.216E+00	 1.544E+00	 9.153E+00	-1.561E+00	 6.870E-01	 1.216E+00	-6.895E+00	 3.120E-01	 6.921E-02	 4.420E-01	 3.407E+00
    8.5000	 8.500E+00	 0.000E+00	 0.000E+00	 7.788E-01	-7.636E-01	 7.222E+00	 7.788E-01	 3.432E-01	 7.694E+00	 2.293E+00	 1.477E+00	-1.409E-02	 1.240E+00	 1.558E+00	 9.340E+00	-6.690E-01	 1.568E+00	 1.240E+00	-6.885E+00	 3.072E-01	 6.897E-02	 4.356E-01	 3.407E+00
    8.6000	 8.600E+00	 0.000E+00	 0.000E+00	 7.852E-01	-7.793E-01	 7.664E+00	 7.852E-01	 3.511E-01	 7.251E+00	 2.311E+00	 1.507E+00	-1.416E-02	 1.264E+00	 1.570E+00	 9.517E+00	 5.843E-01	 1.602E+00	 1.264E+00	-6.876E+00	 3.023E-01	 6.866E-02	 4.290E-01	 3.407E+00
    8.7000	 8.700E+00	 0.000E+00	 0.000E+00	 7.907E-01	-4.892E-01	 7.995E+00	 7.907E-01	 5.372E-02	 6.921E+00	 2.326E+00	 1.014E+00	-1.422E-02	 1.286E+00	 1.581E+00	 9.681E+00	 1.522E+00	 7.694E-01	 1.286E+00	-6.869E+00	 2.970E-01	 6.824E-02	 4.221E-01	 3.407E+00
    8.8000	 8.800E+00	 0.000E+00	 0.000E+00	 7.959E-01	-5.226E-02	 8.035E+00	 7.959E-01	-3.904E-01	 6.880E+00	 2.340E+00	 2.685E-01	-1.427E-02	 1.307E+00	 1.592E+00	 9.843E+00	 1.636E+00	-4.792E-01	 1.307E+00	-6.862E+00	 2.918E-01	 6.781E-02	 4.153E-01	 3.407E+00
    8.9000	 8.900E+00	 0.000E+00	 0.000E+00	 8.009E-01	 2.933E-01	 7.763E+00	 8.009E-01	-7.430E-01	 7.152E+00	 2.354E+00	-3.202E-01	-1.430E-02	 1.328E+00	 1.602E+00	 1.000E+01	 8.665E-01	-1.469E+00	 1.328E+00	-6.855E+00	 2.866E-01	 6.736E-02	 4.085E-01	 3.407E+00
    9.0000	 9.000E+00	 0.000E+00	 0.000E+00	 8.055E-01	 3.588E-01	 7.326E+00	 8.055E-01	-8.154E-01	 7.589E+00	 2.367E+00	-4.295E-01	-1.433E-02	 1.349E+00	 1.611E+00	 1.016E+01	-3.720E-01	-1.664E+00	 1.349E+00	-6.848E+00	 2.815E-01	 6.690E-02	 4.018E-01	 3.407E+00
    9.1000	 9.100E+00	 0.000E+00	 0.000E+00	 8.097E-01	 1.072E-01	 6.960E+00	 8.097E-01	-5.702E-01	 7.955E+00	 2.378E+00	 4.188E-03	-1.439E-02	 1.368E+00	 1.619E+00	 1.030E+01	-1.409E+00	-9.599E-01	 1.368E+00	-6.843E+00	 2.762E-01	 6.637E-02	 3.951E-01	 3.407E+00
    9.2000	 9.200E+00	 0.000E+00	 0.000E+00	 8.143E-01	-3.276E-01	 6.863E+00	 8.143E-01	-1.418E-01	 8.052E+00	 2.391E+00	 7.515E-01	-1.448E-02	 1.388E+00	 1.629E+00	 1.045E+01	-1.685E+00	 2.632E-01	 1.388E+00	-6.836E+00	 2.711E-01	 6.587E-02	 3.887E-01	 3.407E+00
    9.3000	 9.300E+00	 0.000E+00	 0.000E+00	 8.178E-01	-7.117E-01	 7.087E+00	 8.178E-01	 2.368E-01	 7.828E+00	 2.401E+00	 1.412E+00	-1.459E-02	 1.405E+00	 1.636E+00	 1.058E+01	-1.049E+00	 1.344E+00	 1.405E+00	-6.831E+00	 2.657E-01	 6.525E-02	 3.821E-01	 3.407E+00
    9.4000	 9.400E+00	 0.000E+00	 0.000E+00	 8.206E-01	-8.389E-01	 7.512E+00	 8.206E-01	 3.595E-01	 7.404E+00	 2.409E+00	 1.632E+00	-1.472E-02	 1.419E+00	 1.641E+00	 1.068E+01	 1.534E-01	 1.698E+00	 1.419E+00	-6.828E+00	 2.599E-01	 6.451E-02	 3.752E-01	 3.407E+00
    9.5000	 9.500E+00	 0.000E+00	 0.000E+00	 8.234E-01	-6.417E-01	 7.907E+00	 8.234E-01	 1.588E-01	 7.008E+00	 2.417E+00	 1.297E+00	-1.490E-02	 1.432E+00	 1.647E+00	 1.078E+01	 1.273E+00	 1.134E+00	 1.432E+00	-6.824E+00	 2.540E-01	 6.372E-02	 3.686E-01	 3.407E+00
    9.6000	 9.600E+00	 0.000E+00	 0.000E+00	 8.266E-01	-2.255E-01	 8.059E+00	 8.266E-01	-2.557E-01	 6.856E+00	 2.426E+00	 5.870E-01	-1.586E-02	 1.434E+00	 1.653E+00	 1.079E+01	 1.705E+00	-4.285E-02	 1.434E+00	-6.819E+00	 2.465E-01	 6.249E-02	 3.624E-01	 3.407E+00
    9.7000	 9.700E+00	 0.000E+00	 0.000E+00	 8.292E-01	 1.837E-01	 7.886E+00	 8.292E-01	-6.609E-01	 7.029E+00	 2.432E+00	-1.109E-01	-1.718E-02	 1.430E+00	 1.658E+00	 1.077E+01	 1.215E+00	-1.197E+00	 1.430E+00	-6.816E+00	 2.384E-01	 6.107E-02	 3.561E-01	 3.407E+00
    9.8000	 9.800E+00	 0.000E+00	 0.000E+00	 8.322E-01	 3.654E-01	 7.482E+00	 8.322E-01	-8.369E-01	 7.434E+00	 2.440E+00	-4.190E-01	-1.871E-02	 1.424E+00	 1.664E+00	 1.072E+01	 6.784E-02	-1.704E+00	 1.424E+00	-6.811E+00	 2.302E-01	 5.957E-02	 3.501E-01	 3.407E+00
    9.9000	 9.900E+00	 0.000E+00	 0.000E+00	 8.357E-01	 2.258E-01	 7.064E+00	 8.357E-01	-6.843E-01	 7.851E+00	 2.448E+00	-1.765E-01	-2.081E-02	 1.403E+00	 1.671E+00	 1.057E+01	-1.116E+00	-1.290E+00	 1.403E+00	-6.807E+00	 2.200E-01	 5.751E-02	 3.445E-01	 3.407E+00
   10.0000	 1.000E+01	 0.000E+00	 0.000E+00	 8.388E-01	-1.585E-01	 6.859E+00	 8.388E-01	-2.843E-01	 8.056E+00	 2.456E+00	 4.849E-01	-2.298E-02	 1.376E+00	 1.678E+00	 1.036E+01	-1.696E+00	-1.782E-01	 1.376E+00	-6.802E+00	 2.094E-01	 5.530E-02	 3.389E-01	 3.407E+00
   10.1000	 1.010E+01	 0.000E+00	 0.000E+00	 8.415E-01	-5.802E-01	 6.978E+00	 8.415E-01	 1.463E-01	 7.937E+00	 2.462E+00	 1.209E+00	-2.456E-02	 1.362E+00	 1.683E+00	 1.026E+01	-1.359E+00	 1.030E+00	 1.362E+00	-6.799E+00	 2.011E-01	 5.364E-02	 3.333E-01	 3.407E+00
   10.2000	 1.020E+01	 0.000E+00	 0.000E+00	 8.443E-01	-8.058E-01	 7.356E+00	 8.443E-01	 3.802E-01	 7.559E+00	 2.468E+00	 1.598E+00	-2.578E-02	 1.348E+00	 1.689E+00	 1.015E+01	-2.879E-01	 1.681E+00	 1.348E+00	-6.795E+00	 1.933E-01	 5.207E-02	 3.279E-01	 3.407E+00
   10.3000	 1.030E+01	 0.000E+00	 0.000E+00	 8.467E-01	-7.113E-01	 7.789E+00	 8.467E-01	 2.930E-01	 7.126E+00	 2.474E+00	 1.437E+00	-2.680E-02	 1.335E+00	 1.693E+00	 1.005E+01	 9.392E-01	 1.423E+00	 1.335E+00	-6.791E+00	 1.858E-01	 5.054E-02	 3.225E-01	 3.407E+00
   10.4000	 1.040E+01	 0.000E+00	 0.000E+00	 8.494E-01	-3.467E-01	 8.043E+00	 8.494E-01	-6.698E-02	 6.872E+00	 2.480E+00	 8.133E-01	-2.783E-02	 1.326E+00	 1.699E+00	 9.987E+00	 1.658E+00	 3.963E-01	 1.326E+00	-6.788E+00	 1.794E-01	 4.926E-02	 3.173E-01	 3.407E+00
   10.5000	 1.050E+01	 0.000E+00	 0.000E+00	 8.527E-01	 9.166E-02	 7.980E+00	 8.527E-01	-5.045E-01	 6.935E+00	 2.487E+00	 6.314E-02	-2.880E-02	 1.325E+00	 1.705E+00	 9.979E+00	 1.481E+00	-8.448E-01	 1.325E+00	-6.783E+00	 1.742E-01	 4.830E-02	 3.125E-01	 3.407E+00
   10.6000	 1.060E+01	 0.000E+00	 0.000E+00	 8.560E-01	 3.684E-01	 7.635E+00	 8.560E-01	-7.813E-01	 7.280E+00	 2.494E+00	-4.118E-01	-2.980E-02	 1.323E+00	 1.712E+00	 9.963E+00	 5.031E-01	-1.629E+00	 1.323E+00	-6.778E+00	 1.690E-01	 4.731E-02	 3.078E-01	 3.407E+00
   10.7000	 1.070E+01	 0.000E+00	 0.000E+00	 8.595E-01	 3.344E-01	 7.194E+00	 8.595E-01	-7.473E-01	 7.721E+00	 2.500E+00	-3.549E-01	-3.091E-02	 1.321E+00	 1.719E+00	 9.944E+00	-7.470E-01	-1.533E+00	 1.321E+00	-6.774E+00	 1.640E-01	 4.634E-02	 3.033E-01	 3.407E+00
   10.8000	 1.080E+01	 0.000E+00	 0.000E+00	 8.633E-01	 7.899E-03	 6.895E+00	 8.633E-01	-4.210E-01	 8.020E+00	 2.508E+00	 2.029E-01	-3.216E-02	 1.319E+00	 1.727E+00	 9.928E+00	-1.593E+00	-6.077E-01	 1.319E+00	-6.768E+00	 1.592E-01	 4.541E-02	 2.991E-01	 3.407E+00
   10.9000	 1.090E+01	 0.000E+00	 0.000E+00	 8.681E-01	-4.349E-01	 6.901E+00	 8.681E-01	 2.088E-02	 8.014E+00	 2.517E+00	 9.597E-01	-3.344E-02	 1.318E+00	 1.736E+00	 9.923E+00	-1.578E+00	 6.459E-01	 1.318E+00	-6.762E+00	 1.548E-01	 4.456E-02	 2.952E-01	 3.407E+00
   11.0000	 1.100E+01	 0.000E+00	 0.000E+00	 8.730E-01	-7.546E-01	 7.207E+00	 8.730E-01	 3.394E-01	 7.708E+00	 2.526E+00	 1.505E+00	-3.488E-02	 1.316E+00	 1.746E+00	 9.909E+00	-7.098E-01	 1.550E+00	 1.316E+00	-6.755E+00	 1.504E-01	 4.369E-02	 2.915E-01	 3.407E+00
   11.1000	 1.110E+01	 0.000E+00	 0.000E+00	 8.777E-01	-7.785E-01	 7.649E+00	 8.777E-01	 3.623E-01	 7.266E+00	 2.534E+00	 1.543E+00	-3.633E-02	 1.313E+00	 1.755E+00	 9.889E+00	 5.422E-01	 1.617E+00	 1.313E+00	-6.748E+00	 1.461E-01	 4.282E-02	 2.878E-01	 3.407E+00
   11.2000	 1.120E+01	 0.000E+00	 0.000E+00	 8.825E-01	-4.940E-01	 7.987E+00	 8.825E-01	 7.682E-02	 6.928E+00	 2.542E+00	 1.054E+00	-3.778E-02	 1.311E+00	 1.765E+00	 9.870E+00	 1.501E+00	 8.089E-01	 1.311E+00	-6.742E+00	 1.419E-01	 4.198E-02	 2.842E-01	 3.407E+00
   11.3000	 1.130E+01	 0.000E+00	 0.000E+00	 8.876E-01	-5.539E-02	 8.039E+00	 8.876E-01	-3.632E-01	 6.876E+00	 2.551E+00	 3.004E-01	-3.918E-02	 1.309E+00	 1.775E+00	 9.852E+00	 1.648E+00	-4.362E-01	 1.309E+00	-6.735E+00	 1.379E-01	 4.117E-02	 2.808E-01	 3.407E+00
   11.4000	 1.140E+01	 0.000E+00	 0.000E+00	 8.933E-01	 2.998E-01	 7.777E+00	 8.933E-01	-7.202E-01	 7.138E+00	 2.561E+00	-3.107E-01	-4.071E-02	 1.307E+00	 1.787E+00	 9.839E+00	 9.046E-01	-1.445E+00	 1.307E+00	-6.727E+00	 1.342E-01	 4.039E-02	 2.777E-01	 3.407E+00
   11.5000	 1.150E+01	 0.000E+00	 0.000E+00	 8.987E-01	 3.793E-01	 7.342E+00	 8.987E-01	-8.014E-01	 7.573E+00	 2.570E+00	-4.498E-01	-4.223E-02	 1.304E+00	 1.797E+00	 9.822E+00	-3.283E-01	-1.673E+00	 1.304E+00	-6.719E+00	 1.305E-01	 3.962E-02	 2.746E-01	 3.407E+00
   11.6000	 1.160E+01	 0.000E+00	 0.000E+00	 9.042E-01	 1.396E-01	 6.969E+00	 9.042E-01	-5.636E-01	 7.946E+00	 2.579E+00	-4.232E-02	-4.374E-02	 1.303E+00	 1.808E+00	 9.807E+00	-1.384E+00	-9.965E-01	 1.303E+00	-6.712E+00	 1.269E-01	 3.889E-02	 2.715E-01	 3.407E+00
   11.7000	 1.170E+01	 0.000E+00	 0.000E+00	 9.101E-01	-2.906E-01	 6.861E+00	 9.101E-01	-1.360E-01	 8.054E+00	 2.590E+00	 6.917E-01	-4.514E-02	 1.303E+00	 1.820E+00	 9.811E+00	-1.691E+00	 2.190E-01	 1.303E+00	-6.704E+00	 1.238E-01	 3.824E-02	 2.686E-01	 3.407E+00
   11.8000	 1.180E+01	 0.000E+00	 0.000E+00	 9.164E-01	-6.789E-01	 7.075E+00	 9.164E-01	 2.498E-01	 7.840E+00	 2.602E+00	 1.353E+00	-4.669E-02	 1.301E+00	 1.833E+00	 9.798E+00	-1.084E+00	 1.316E+00	 1.301E+00	-6.695E+00	 1.205E-01	 3.754E-02	 2.659E-01	 3.407E+00
   11.9000	 1.190E+01	 0.000E+00	 0.000E+00	 9.223E-01	-8.160E-01	 7.496E+00	 9.223E-01	 3.849E-01	 7.419E+00	 2.612E+00	 1.584E+00	-4.831E-02	 1.298E+00	 1.845E+00	 9.772E+00	 1.089E-01	 1.702E+00	 1.298E+00	-6.687E+00	 1.172E-01	 3.682E-02	 2.632E-01	 3.407E+00
   12.0000	 1.200E+01	 0.000E+00	 0.000E+00	 9.281E-01	-6.284E-01	 7.896E+00	 9.281E-01	 1.953E-01	 7.019E+00	 2.621E+00	 1.259E+00	-4.992E-02	 1.294E+00	 1.856E+00	 9.744E+00	 1.243E+00	 1.167E+00	 1.294E+00	-6.679E+00	 1.139E-01	 3.610E-02	 2.604E-01	 3.407E+00
   12.1000	 1.210E+01	 0.000E+00	 0.000E+00	 9.339E-01	-2.182E-01	 8.059E+00	 9.339E-01	-2.170E-01	 6.856E+00	 2.631E+00	 5.524E-01	-5.154E-02	 1.291E+00	 1.868E+00	 9.718E+00	 1.705E+00	 1.786E-03	 1.291E+00	-6.671E+00	 1.108E-01	 3.541E-02	 2.577E-01	 3.407E+00
   12.2000	 1.220E+01	 0.000E+00	 0.000E+00	 9.399E-01	 1.915E-01	 7.897E+00	 9.399E-01	-6.304E-01	 7.018E+00	 2.640E+00	-1.525E-01	-5.296E-02	 1.292E+00	 1.880E+00	 9.727E+00	 1.245E+00	-1.165E+00	 1.292E+00	-6.662E+00	 1.082E-01	 3.487E-02	 2.551E-01	 3.407E+00
   12.3000	 1.230E+01	 0.000E+00	 0.000E+00	 9.466E-01	 3.795E-01	 7.497E+00	 9.466E-01	-8.211E-01	 7.418E+00	 2.652E+00	-4.790E-01	-5.461E-02	 1.289E+00	 1.893E+00	 9.702E+00	 1.124E-01	-1.701E+00	 1.289E+00	-6.653E+00	 1.053E-01	 3.422E-02	 2.528E-01	 3.407E+00
   12.4000	 1.240E+01	 0.000E+00	 0.000E+00	 9.535E-01	 2.429E-01	 7.076E+00	 9.535E-01	-6.875E-01	 7.839E+00	 2.664E+00	-2.495E-01	-5.626E-02	 1.286E+00	 1.907E+00	 9.684E+00	-1.081E+00	-1.318E+00	 1.286E+00	-6.644E+00	 1.026E-01	 3.360E-02	 2.506E-01	 3.407E+00
   12.5000	 1.250E+01	 0.000E+00	 0.000E+00	 9.605E-01	-1.453E-01	 6.861E+00	 9.605E-01	-3.024E-01	 8.054E+00	 2.677E+00	 4.109E-01	-5.792E-02	 1.284E+00	 1.921E+00	 9.668E+00	-1.691E+00	-2.226E-01	 1.284E+00	-6.634E+00	 1.000E-01	 3.301E-02	 2.484E-01	 3.407E+00
   12.6000	 1.260E+01	 0.000E+00	 0.000E+00	 9.671E-01	-5.758E-01	 6.969E+00	 9.671E-01	 1.254E-01	 7.947E+00	 2.688E+00	 1.143E+00	-5.963E-02	 1.280E+00	 1.934E+00	 9.637E+00	-1.386E+00	 9.936E-01	 1.280E+00	-6.625E+00	 9.734E-02	 3.239E-02	 2.461E-01	 3.407E+00
   12.7000	 1.270E+01	 0.000E+00	 0.000E+00	 9.740E-01	-8.164E-01	 7.341E+00	 9.740E-01	 3.639E-01	 7.575E+00	 2.700E+00	 1.549E+00	-6.142E-02	 1.274E+00	 1.948E+00	 9.589E+00	-3.318E-01	 1.673E+00	 1.274E+00	-6.615E+00	 9.457E-02	 3.172E-02	 2.440E-01	 3.407E+00
   12.8000	 1.280E+01	 0.000E+00	 0.000E+00	 9.815E-01	-7.385E-01	 7.776E+00	 9.815E-01	 2.828E-01	 7.140E+00	 2.714E+00	 1.411E+00	-6.300E-02	 1.271E+00	 1.963E+00	 9.566E+00	 9.016E-01	 1.447E+00	 1.271E+00	-6.605E+00	 9.215E-02	 3.115E-02	 2.420E-01	 3.407E+00
   12.9000	 1.290E+01	 0.000E+00	 0.000E+00	 9.891E-01	-3.844E-01	 8.039E+00	 9.891E-01	-7.416E-02	 6.876E+00	 2.728E+00	 8.000E-01	-6.451E-02	 1.267E+00	 1.978E+00	 9.539E+00	 1.648E+00	 4.396E-01	 1.267E+00	-6.594E+00	 8.977E-02	 3.058E-02	 2.401E-01	 3.407E+00
   13.0000	 1.300E+01	 0.000E+00	 0.000E+00	 9.964E-01	 5.402E-02	 7.988E+00	 9.964E-01	-5.146E-01	 6.927E+00	 2.741E+00	 4.445E-02	-6.589E-02	 1.261E+00	 1.993E+00	 9.498E+00	 1.503E+00	-8.058E-01	 1.261E+00	-6.584E+00	 8.734E-02	 2.998E-02	 2.382E-01	 3.407E+00
   13.1000	 1.310E+01	 0.000E+00	 0.000E+00	 1.003E+00	 3.394E-01	 7.650E+00	 1.003E+00	-8.006E-01	 7.265E+00	 2.752E+00	-4.507E-01	-6.738E-02	 1.250E+00	 2.007E+00	 9.411E+00	 5.456E-01	-1.616E+00	 1.250E+00	-6.575E+00	 8.457E-02	 2.926E-02	 2.362E-01	 3.407E+00
   13.2000	 1.320E+01	 0.000E+00	 0.000E+00	 1.011E+00	 3.168E-01	 7.208E+00	 1.011E+00	-7.783E-01	 7.707E+00	 2.765E+00	-4.193E-01	-6.885E-02	 1.236E+00	 2.021E+00	 9.306E+00	-7.066E-01	-1.552E+00	 1.236E+00	-6.565E+00	 8.174E-02	 2.849E-02	 2.343E-01	 3.407E+00
   13.3000	 1.330E+01	 0.000E+00	 0.000E+00	 1.018E+00	-2.987E-03	 6.901E+00	 1.018E+00	-4.611E-01	 8.014E+00	 2.779E+00	 1.228E-01	-7.024E-02	 1.231E+00	 2.037E+00	 9.265E+00	-1.577E+00	-6.492E-01	 1.231E+00	-6.554E+00	 7.956E-02	 2.795E-02	 2.326E-01	 3.407E+00
   13.4000	 1.340E+01	 0.000E+00	 0.000E+00	 1.026E+00	-4.465E-01	 6.895E+00	 1.026E+00	-2.001E-02	 8.020E+00	 2.793E+00	 8.768E-01	-7.158E-02	 1.225E+00	 2.052E+00	 9.222E+00	-1.594E+00	 6.044E-01	 1.225E+00	-6.543E+00	 7.743E-02	 2.740E-02	 2.309E-01	 3.407E+00
   13.5000	 1.350E+01	 0.000E+00	 0.000E+00	 1.034E+00	-7.748E-01	 7.193E+00	 1.034E+00	 3.058E-01	 7.722E+00	 2.808E+00	 1.433E+00	-7.293E-02	 1.219E+00	 2.068E+00	 9.178E+00	-7.502E-01	 1.531E+00	 1.219E+00	-6.532E+00	 7.535E-02	 2.686E-02	 2.292E-01	 3.407E+00
   13.6000	 1.360E+01	 0.000E+00	 0.000E+00	 1.042E+00	-8.102E-01	 7.634E+00	 1.042E+00	 3.403E-01	 7.281E+00	 2.824E+00	 1.486E+00	-7.449E-02	 1.206E+00	 2.084E+00	 9.081E+00	 4.997E-01	 1.630E+00	 1.206E+00	-6.521E+00	 7.294E-02	 2.620E-02	 2.277E-01	 3.407E+00
   13.7000	 1.370E+01	 0.000E+00	 0.000E+00	 1.051E+00	-5.349E-01	 7.980E+00	 1.051E+00	 6.343E-02	 6.936E+00	 2.840E+00	 1.008E+00	-7.575E-02	 1.196E+00	 2.101E+00	 9.004E+00	 1.479E+00	 8.479E-01	 1.196E+00	-6.509E+00	 7.074E-02	 2.560E-02	 2.262E-01	 3.407E+00
   13.8000	 1.380E+01	 0.000E+00	 0.000E+00	 1.059E+00	-9.823E-02	 8.043E+00	 1.059E+00	-3.754E-01	 6.872E+00	 2.858E+00	 2.541E-01	-7.707E-02	 1.187E+00	 2.119E+00	 8.940E+00	 1.659E+00	-3.929E-01	 1.187E+00	-6.497E+00	 6.873E-02	 2.505E-02	 2.248E-01	 3.407E+00
   13.9000	 1.390E+01	 0.000E+00	 0.000E+00	 1.068E+00	 2.636E-01	 7.790E+00	 1.068E+00	-7.393E-01	 7.125E+00	 2.872E+00	-3.725E-01	-7.845E-02	 1.178E+00	 2.135E+00	 8.867E+00	 9.421E-01	-1.421E+00	 1.178E+00	-6.486E+00	 6.670E-02	 2.449E-02	 2.232E-01	 3.407E+00
   14.0000	 1.400E+01	 0.000E+00	 0.000E+00	 1.075E+00	 3.548E-01	 7.357E+00	 1.075E+00	-8.316E-01	 7.558E+00	 2.885E+00	-5.363E-01	-7.994E-02	 1.165E+00	 2.150E+00	 8.771E+00	-2.844E-01	-1.681E+00	 1.165E+00	-6.475E+00	 6.457E-02	 2.387E-02	 2.216E-01	 3.407E+00
   14.1000	 1.410E+01	 0.000E+00	 0.000E+00	 1.082E+00	 1.258E-01	 6.979E+00	 1.082E+00	-6.027E-01	 7.936E+00	 2.896E+00	-1.533E-01	-8.154E-02	 1.147E+00	 2.165E+00	 8.634E+00	-1.357E+00	-1.032E+00	 1.147E+00	-6.465E+00	 6.223E-02	 2.317E-02	 2.200E-01	 3.407E+00
   14.2000	 1.420E+01	 0.000E+00	 0.000E+00	 1.090E+00	-3.008E-01	 6.859E+00	 1.090E+00	-1.776E-01	 8.056E+00	 2.909E+00	 5.692E-01	-8.298E-02	 1.134E+00	 2.180E+00	 8.539E+00	-1.696E+00	 1.747E-01	 1.134E+00	-6.455E+00	 6.025E-02	 2.259E-02	 2.184E-01	 3.407E+00
   14.3000	 1.430E+01	 0.000E+00	 0.000E+00	 1.098E+00	-6.949E-01	 7.063E+00	 1.098E+00	 2.135E-01	 7.852E+00	 2.923E+00	 1.237E+00	-8.448E-02	 1.127E+00	 2.196E+00	 8.487E+00	-1.118E+00	 1.287E+00	 1.127E+00	-6.444E+00	 5.863E-02	 2.214E-02	 2.169E-01	 3.407E+00
   14.4000	 1.440E+01	 0.000E+00	 0.000E+00	 1.106E+00	-8.432E-01	 7.480E+00	 1.106E+00	 3.592E-01	 7.435E+00	 2.938E+00	 1.486E+00	-8.591E-02	 1.122E+00	 2.212E+00	 8.446E+00	 6.427E-02	 1.704E+00	 1.122E+00	-6.433E+00	 5.715E-02	 2.173E-02	 2.155E-01	 3.407E+00
   14.5000	 1.450E+01	 0.000E+00	 0.000E+00	 1.114E+00	-6.660E-01	 7.885E+00	 1.114E+00	 1.804E-01	 7.030E+00	 2.953E+00	 1.176E+00	-8.728E-02	 1.113E+00	 2.227E+00	 8.381E+00	 1.212E+00	 1.199E+00	 1.113E+00	-6.422E+00	 5.554E-02	 2.127E-02	 2.140E-01	 3.407E+00
   14.6000	 1.460E+01	 0.000E+00	 0.000E+00	 1.121E+00	-2.598E-01	 8.059E+00	 1.121E+00	-2.270E-01	 6.856E+00	 2.967E+00	 4.742E-01	-8.851E-02	 1.103E+00	 2.242E+00	 8.302E+00	 1.705E+00	 4.642E-02	 1.103E+00	-6.411E+00	 5.389E-02	 2.078E-02	 2.125E-01	 3.407E+00
   14.7000	 1.470E+01	 0.000E+00	 0.000E+00	 1.129E+00	 1.550E-01	 7.908E+00	 1.129E+00	-6.436E-01	 7.008E+00	 2.983E+00	-2.422E-01	-8.964E-02	 1.094E+00	 2.258E+00	 8.237E+00	 1.276E+00	-1.132E+00	 1.094E+00	-6.400E+00	 5.239E-02	 2.034E-02	 2.111E-01	 3.407E+00
   14.8000	 1.480E+01	 0.000E+00	 0.000E+00	 1.137E+00	 3.532E-01	 7.513E+00	 1.137E+00	-8.450E-01	 7.402E+00	 2.998E+00	-5.865E-01	-9.096E-02	 1.091E+00	 2.274E+00	 8.215E+00	 1.569E-01	-1.698E+00	 1.091E+00	-6.389E+00	 5.119E-02	 2.001E-02	 2.098E-01	 3.407E+00
   14.9000	 1.490E+01	 0.000E+00	 0.000E+00	 1.145E+00	 2.281E-01	 7.088E+00	 1.145E+00	-7.219E-01	 7.827E+00	 3.011E+00	-3.790E-01	-9.253E-02	 1.082E+00	 2.289E+00	 8.147E+00	-1.047E+00	-1.346E+00	 1.082E+00	-6.379E+00	 4.975E-02	 1.958E-02	 2.083E-01	 3.407E+00
   15.0000	 1.500E+01	 0.000E+00	 0.000E+00	 1.152E+00	-1.543E-01	 6.863E+00	 1.152E+00	-3.425E-01	 8.052E+00	 3.026E+00	 2.705E-01	-9.397E-02	 1.078E+00	 2.305E+00	 8.116E+00	-1.684E+00	-2.667E-01	 1.078E+00	-6.368E+00	 4.858E-02	 1.924E-02	 2.069E-01	 3.407E+00
   15.1000	 1.510E+01	 0.000E+00	 0.000E+00	 1.160E+00	-5.876E-01	 6.960E+00	 1.160E+00	 8.765E-02	 7.956E+00	 3.040E+00	 1.007E+00	-9.535E-02	 1.074E+00	 2.320E+00	 8.090E+00	-1.411E+00	 9.570E-01	 1.074E+00	-6.358E+00	 4.747E-02	 1.893E-02	 2.055E-01	 3.407E+00
   15.2000	 1.520E+01	 0.000E+00	 0.000E+00	 1.167E+00	-8.385E-01	 7.325E+00	 1.167E+00	 3.352E-01	 7.590E+00	 3.054E+00	 1.432E+00	-9.676E-02	 1.072E+00	 2.335E+00	 8.069E+00	-3.755E-01	 1.663E+00	 1.072E+00	-6.347E+00	 4.642E-02	 1.863E-02	 2.042E-01	 3.407E+00
   15.3000	 1.530E+01	 0.000E+00	 0.000E+00	 1.175E+00	-7.724E-01	 7.762E+00	 1.175E+00	 2.652E-01	 7.153E+00	 3.068E+00	 1.314E+00	-9.809E-02	 1.071E+00	 2.350E+00	 8.067E+00	 8.634E-01	 1.470E+00	 1.071E+00	-6.337E+00	 4.550E-02	 1.839E-02	 2.028E-01	 3.407E+00
   15.4000	 1.540E+01	 0.000E+00	 0.000E+00	 1.183E+00	-4.257E-01	 8.035E+00	 1.183E+00	-8.520E-02	 6.881E+00	 3.083E+00	 7.162E-01	-9.940E-02	 1.070E+00	 2.366E+00	 8.057E+00	 1.635E+00	 4.826E-01	 1.070E+00	-6.326E+00	 4.456E-02	 1.812E-02	 2.015E-01	 3.407E+00
   15.5000	 1.550E+01	 0.000E+00	 0.000E+00	 1.191E+00	 1.293E-02	 7.995E+00	 1.191E+00	-5.277E-01	 6.920E+00	 3.098E+00	-3.960E-02	-1.007E-01	 1.069E+00	 2.382E+00	 8.048E+00	 1.523E+00	-7.662E-01	 1.069E+00	-6.315E+00	 4.367E-02	 1.787E-02	 2.003E-01	 3.407E+00
   15.6000	 1.560E+01	 0.000E+00	 0.000E+00	 1.199E+00	 3.052E-01	 7.665E+00	 1.199E+00	-8.243E-01	 7.250E+00	 3.115E+00	-5.433E-01	-1.021E-01	 1.072E+00	 2.398E+00	 8.069E+00	 5.877E-01	-1.601E+00	 1.072E+00	-6.304E+00	 4.294E-02	 1.769E-02	 1.990E-01	 3.407E+00
   15.7000	 1.570E+01	 0.000E+00	 0.000E+00	 1.207E+00	 2.921E-01	 7.223E+00	 1.207E+00	-8.157E-01	 7.692E+00	 3.132E+00	-5.236E-01	-1.034E-01	 1.076E+00	 2.414E+00	 8.100E+00	-6.657E-01	-1.570E+00	 1.076E+00	-6.293E+00	 4.229E-02	 1.753E-02	 1.978E-01	 3.407E+00
   15.8000	 1.580E+01	 0.000E+00	 0.000E+00	 1.215E+00	-2.064E-02	 6.907E+00	 1.215E+00	-5.078E-01	 8.008E+00	 3.149E+00	 1.062E-02	-1.046E-01	 1.084E+00	 2.430E+00	 8.158E+00	-1.559E+00	-6.903E-01	 1.084E+00	-6.282E+00	 4.179E-02	 1.744E-02	 1.966E-01	 3.407E+00
   15.9000	 1.590E+01	 0.000E+00	 0.000E+00	 1.222E+00	-4.646E-01	 6.890E+00	 1.222E+00	-6.768E-02	 8.026E+00	 3.164E+00	 7.688E-01	-1.057E-01	 1.088E+00	 2.444E+00	 8.192E+00	-1.610E+00	 5.625E-01	 1.088E+00	-6.272E+00	 4.117E-02	 1.729E-02	 1.953E-01	 3.407E+00
   16.0000	 1.600E+01	 0.000E+00	 0.000E+00	 1.229E+00	-8.012E-01	 7.179E+00	 1.229E+00	 2.651E-01	 7.736E+00	 3.178E+00	 1.343E+00	-1.069E-01	 1.092E+00	 2.458E+00	 8.222E+00	-7.900E-01	 1.511E+00	 1.092E+00	-6.262E+00	 4.055E-02	 1.714E-02	 1.940E-01	 3.407E+00
   16.1000	 1.610E+01	 0.000E+00	 0.000E+00	 1.236E+00	-8.496E-01	 7.619E+00	 1.236E+00	 3.097E-01	 7.296E+00	 3.192E+00	 1.424E+00	-1.081E-01	 1.096E+00	 2.473E+00	 8.252E+00	 4.568E-01	 1.643E+00	 1.096E+00	-6.252E+00	 3.995E-02	 1.699E-02	 1.927E-01	 3.407E+00
   16.2000	 1.620E+01	 0.000E+00	 0.000E+00	 1.244E+00	-5.845E-01	 7.972E+00	 1.244E+00	 4.093E-02	 6.944E+00	 3.207E+00	 9.679E-01	-1.093E-01	 1.100E+00	 2.487E+00	 8.280E+00	 1.457E+00	 8.864E-01	 1.100E+00	-6.242E+00	 3.935E-02	 1.683E-02	 1.914E-01	 3.407E+00
   16.3000	 1.630E+01	 0.000E+00	 0.000E+00	 1.251E+00	-1.509E-01	 8.046E+00	 1.251E+00	-3.974E-01	 6.869E+00	 3.223E+00	 2.248E-01	-1.105E-01	 1.109E+00	 2.502E+00	 8.347E+00	 1.669E+00	-3.493E-01	 1.109E+00	-6.232E+00	 3.894E-02	 1.676E-02	 1.903E-01	 3.407E+00
   16.4000	 1.640E+01	 0.000E+00	 0.000E+00	 1.258E+00	 2.165E-01	 7.803E+00	 1.258E+00	-7.687E-01	 7.112E+00	 3.240E+00	-4.044E-01	-1.118E-01	 1.117E+00	 2.517E+00	 8.407E+00	 9.790E-01	-1.396E+00	 1.117E+00	-6.221E+00	 3.850E-02	 1.668E-02	 1.891E-01	 3.407E+00
   16.5000	 1.650E+01	 0.000E+00	 0.000E+00	 1.266E+00	 3.176E-01	 7.373E+00	 1.266E+00	-8.737E-01	 7.542E+00	 3.256E+00	-5.779E-01	-1.130E-01	 1.124E+00	 2.532E+00	 8.465E+00	-2.403E-01	-1.688E+00	 1.124E+00	-6.211E+00	 3.807E-02	 1.659E-02	 1.879E-01	 3.407E+00
   16.6000	 1.660E+01	 0.000E+00	 0.000E+00	 1.273E+00	 9.667E-02	 6.988E+00	 1.273E+00	-6.566E-01	 7.927E+00	 3.273E+00	-1.999E-01	-1.142E-01	 1.132E+00	 2.546E+00	 8.523E+00	-1.330E+00	-1.068E+00	 1.132E+00	-6.201E+00	 3.764E-02	 1.650E-02	 1.867E-01	 3.407E+00
   16.7000	 1.670E+01	 0.000E+00	 0.000E+00	 1.280E+00	-3.273E-01	 6.858E+00	 1.280E+00	-2.354E-01	 8.057E+00	 3.286E+00	 5.239E-01	-1.157E-01	 1.134E+00	 2.560E+00	 8.535E+00	-1.700E+00	 1.302E-01	 1.134E+00	-6.192E+00	 3.702E-02	 1.633E-02	 1.854E-01	 3.407E+00
   16.8000	 1.680E+01	 0.000E+00	 0.000E+00	 1.286E+00	-7.259E-01	 7.051E+00	 1.286E+00	 1.615E-01	 7.864E+00	 3.298E+00	 1.203E+00	-1.174E-01	 1.131E+00	 2.573E+00	 8.515E+00	-1.152E+00	 1.258E+00	 1.131E+00	-6.183E+00	 3.628E-02	 1.610E-02	 1.841E-01	 3.407E+00
   16.9000	 1.690E+01	 0.000E+00	 0.000E+00	 1.293E+00	-8.847E-01	 7.465E+00	 1.293E+00	 3.184E-01	 7.451E+00	 3.310E+00	 1.472E+00	-1.190E-01	 1.128E+00	 2.586E+00	 8.496E+00	 1.964E-02	 1.705E+00	 1.128E+00	-6.174E+00	 3.556E-02	 1.587E-02	 1.829E-01	 3.407E+00
   17.0000	 1.700E+01	 0.000E+00	 0.000E+00	 1.299E+00	-7.177E-01	 7.874E+00	 1.299E+00	 1.508E-01	 7.041E+00	 3.321E+00	 1.181E+00	-1.205E-01	 1.120E+00	 2.598E+00	 8.430E+00	 1.180E+00	 1.231E+00	 1.120E+00	-6.165E+00	 3.466E-02	 1.556E-02	 1.816E-01	 3.407E+00
   17.1000	 1.710E+01	 0.000E+00	 0.000E+00	 1.305E+00	-3.157E-01	 8.058E+00	 1.305E+00	-2.514E-01	 6.857E+00	 3.333E+00	 4.869E-01	-1.219E-01	 1.109E+00	 2.611E+00	 8.349E+00	 1.703E+00	 9.103E-02	 1.109E+00	-6.157E+00	 3.373E-02	 1.523E-02	 1.804E-01	 3.407E+00
   17.2000	 1.720E+01	 0.000E+00	 0.000E+00	 1.312E+00	 1.036E-01	 7.918E+00	 1.312E+00	-6.711E-01	 6.997E+00	 3.344E+00	-2.358E-01	-1.233E-01	 1.100E+00	 2.623E+00	 8.283E+00	 1.305E+00	-1.098E+00	 1.100E+00	-6.148E+00	 3.288E-02	 1.494E-02	 1.791E-01	 3.407E+00
   17.3000	 1.730E+01	 0.000E+00	 0.000E+00	 1.319E+00	 3.125E-01	 7.529E+00	 1.319E+00	-8.824E-01	 7.387E+00	 3.358E+00	-5.957E-01	-1.246E-01	 1.101E+00	 2.637E+00	 8.287E+00	 2.013E-01	-1.693E+00	 1.101E+00	-6.138E+00	 3.233E-02	 1.477E-02	 1.780E-01	 3.407E+00
   17.4000	 1.740E+01	 0.000E+00	 0.000E+00	 1.326E+00	 1.983E-01	 7.101E+00	 1.326E+00	-7.707E-01	 7.814E+00	 3.373E+00	-4.026E-01	-1.259E-01	 1.101E+00	 2.651E+00	 8.291E+00	-1.011E+00	-1.373E+00	 1.101E+00	-6.129E+00	 3.180E-02	 1.461E-02	 1.769E-01	 3.407E+00
   17.5000	 1.750E+01	 0.000E+00	 0.000E+00	 1.333E+00	-1.778E-01	 6.866E+00	 1.333E+00	-3.970E-01	 8.049E+00	 3.387E+00	 2.390E-01	-1.271E-01	 1.102E+00	 2.665E+00	 8.296E+00	-1.677E+00	-3.107E-01	 1.102E+00	-6.119E+00	 3.127E-02	 1.445E-02	 1.758E-01	 3.407E+00
   17.6000	 1.760E+01	 0.000E+00	 0.000E+00	 1.340E+00	-6.131E-01	 6.951E+00	 1.340E+00	 3.584E-02	 7.964E+00	 3.402E+00	 9.822E-01	-1.284E-01	 1.103E+00	 2.680E+00	 8.302E+00	-1.436E+00	 9.197E-01	 1.103E+00	-6.109E+00	 3.076E-02	 1.430E-02	 1.748E-01	 3.407E+00
   17.7000	 1.770E+01	 0.000E+00	 0.000E+00	 1.347E+00	-8.735E-01	 7.310E+00	 1.347E+00	 2.929E-01	 7.605E+00	 3.419E+00	 1.427E+00	-1.298E-01	 1.107E+00	 2.695E+00	 8.337E+00	-4.189E-01	 1.653E+00	 1.107E+00	-6.098E+00	 3.037E-02	 1.420E-02	 1.738E-01	 3.407E+00
   17.8000	 1.780E+01	 0.000E+00	 0.000E+00	 1.355E+00	-8.187E-01	 7.749E+00	 1.355E+00	 2.345E-01	 7.167E+00	 3.436E+00	 1.332E+00	-1.311E-01	 1.113E+00	 2.710E+00	 8.382E+00	 8.246E-01	 1.493E+00	 1.113E+00	-6.088E+00	 3.002E-02	 1.411E-02	 1.728E-01	 3.407E+00
   17.9000	 1.790E+01	 0.000E+00	 0.000E+00	 1.363E+00	-4.790E-01	 8.030E+00	 1.363E+00	-1.084E-01	 6.885E+00	 3.452E+00	 7.493E-01	-1.325E-01	 1.118E+00	 2.725E+00	 8.415E+00	 1.622E+00	 5.252E-01	 1.118E+00	-6.077E+00	 2.964E-02	 1.401E-02	 1.718E-01	 3.407E+00
   18.0000	 1.800E+01	 0.000E+00	 0.000E+00	 1.370E+00	-3.904E-02	 8.002E+00	 1.370E+00	-5.514E-01	 6.913E+00	 3.468E+00	-5.524E-03	-1.339E-01	 1.121E+00	 2.740E+00	 8.442E+00	 1.543E+00	-7.260E-01	 1.121E+00	-6.067E+00	 2.924E-02	 1.390E-02	 1.708E-01	 3.407E+00
   18.1000	 1.810E+01	 0.000E+00	 0.000E+00	 1.377E+00	 2.624E-01	 7.680E+00	 1.377E+00	-8.559E-01	 7.236E+00	 3.483E+00	-5.231E-01	-1.353E-01	 1.125E+00	 2.754E+00	 8.470E+00	 6.294E-01	-1.585E+00	 1.125E+00	-6.057E+00	 2.886E-02	 1.379E-02	 1.698E-01	 3.407E+00
   18.2000	 1.820E+01	 0.000E+00	 0.000E+00	 1.385E+00	 2.616E-01	 7.237E+00	 1.385E+00	-8.581E-01	 7.678E+00	 3.499E+00	-5.232E-01	-1.366E-01	 1.128E+00	 2.769E+00	 8.497E+00	-6.244E-01	-1.587E+00	 1.128E+00	-6.047E+00	 2.847E-02	 1.369E-02	 1.689E-01	 3.407E+00
   18.3000	 1.830E+01	 0.000E+00	 0.000E+00	 1.392E+00	-4.179E-02	 6.914E+00	 1.392E+00	-5.575E-01	 8.001E+00	 3.514E+00	-5.332E-03	-1.381E-01	 1.131E+00	 2.783E+00	 8.518E+00	-1.541E+00	-7.309E-01	 1.131E+00	-6.037E+00	 2.808E-02	 1.357E-02	 1.679E-01	 3.407E+00
   18.4000	 1.840E+01	 0.000E+00	 0.000E+00	 1.399E+00	-4.846E-01	 6.885E+00	 1.399E+00	-1.176E-01	 8.031E+00	 3.529E+00	 7.512E-01	-1.395E-01	 1.134E+00	 2.798E+00	 8.540E+00	-1.624E+00	 5.201E-01	 1.134E+00	-6.027E+00	 2.769E-02	 1.346E-02	 1.670E-01	 3.407E+00
   18.5000	 1.850E+01	 0.000E+00	 0.000E+00	 1.406E+00	-8.282E-01	 7.165E+00	 1.406E+00	 2.232E-01	 7.750E+00	 3.544E+00	 1.338E+00	-1.409E-01	 1.137E+00	 2.813E+00	 8.559E+00	-8.293E-01	 1.490E+00	 1.137E+00	-6.017E+00	 2.731E-02	 1.334E-02	 1.660E-01	 3.407E+00
   18.6000	 1.860E+01	 0.000E+00	 0.000E+00	 1.414E+00	-8.875E-01	 7.604E+00	 1.414E+00	 2.799E-01	 7.312E+00	 3.559E+00	 1.438E+00	-1.423E-01	 1.139E+00	 2.828E+00	 8.578E+00	 4.137E-01	 1.654E+00	 1.139E+00	-6.006E+00	 2.693E-02	 1.323E-02	 1.651E-01	 3.407E+00
   18.7000	 1.870E+01	 0.000E+00	 0.000E+00	 1.422E+00	-6.313E-01	 7.963E+00	 1.422E+00	 2.092E-02	 6.952E+00	 3.575E+00	 9.975E-01	-1.438E-01	 1.142E+00	 2.843E+00	 8.598E+00	 1.433E+00	 9.242E-01	 1.142E+00	-5.996E+00	 2.656E-02	 1.312E-02	 1.643E-01	 3.407E+00
   18.8000	 1.880E+01	 0.000E+00	 0.000E+00	 1.429E+00	-1.988E-01	 8.050E+00	 1.429E+00	-4.143E-01	 6.866E+00	 3.591E+00	 2.553E-01	-1.452E-01	 1.145E+00	 2.859E+00	 8.618E+00	 1.678E+00	-3.055E-01	 1.145E+00	-5.985E+00	 2.620E-02	 1.301E-02	 1.634E-01	 3.407E+00
   18.9000	 1.890E+01	 0.000E+00	 0.000E+00	 1.437E+00	 1.754E-01	 7.816E+00	 1.437E+00	-7.913E-01	 7.099E+00	 3.607E+00	-3.870E-01	-1.467E-01	 1.147E+00	 2.874E+00	 8.639E+00	 1.015E+00	-1.370E+00	 1.147E+00	-5.974E+00	 2.585E-02	 1.290E-02	 1.626E-01	 3.407E+00
   19.0000	 1.900E+01	 0.000E+00	 0.000E+00	 1.445E+00	 2.884E-01	 7.388E+00	 1.445E+00	-9.069E-01	 7.527E+00	 3.622E+00	-5.822E-01	-1.481E-01	 1.149E+00	 2.889E+00	 8.654E+00	-1.960E-01	-1.694E+00	 1.149E+00	-5.964E+00	 2.549E-02	 1.279E-02	 1.617E-01	 3.407E+00
   19.1000	 1.910E+01	 0.000E+00	 0.000E+00	 1.452E+00	 7.828E-02	 6.998E+00	 1.452E+00	-6.993E-01	 7.917E+00	 3.637E+00	-2.243E-01	-1.496E-01	 1.151E+00	 2.905E+00	 8.667E+00	-1.301E+00	-1.102E+00	 1.151E+00	-5.953E+00	 2.513E-02	 1.268E-02	 1.608E-01	 3.407E+00
   19.2000	 1.920E+01	 0.000E+00	 0.000E+00	 1.460E+00	-3.420E-01	 6.857E+00	 1.460E+00	-2.816E-01	 8.058E+00	 3.652E+00	 4.935E-01	-1.511E-01	 1.153E+00	 2.920E+00	 8.680E+00	-1.703E+00	 8.568E-02	 1.153E+00	-5.943E+00	 2.478E-02	 1.256E-02	 1.600E-01	 3.407E+00
   19.3000	 1.930E+01	 0.000E+00	 0.000E+00	 1.468E+00	-7.460E-01	 7.040E+00	 1.468E+00	 1.198E-01	 7.875E+00	 3.667E+00	 1.183E+00	-1.526E-01	 1.155E+00	 2.935E+00	 8.694E+00	-1.184E+00	 1.227E+00	 1.155E+00	-5.932E+00	 2.443E-02	 1.245E-02	 1.592E-01	 3.407E+00
   19.4000	 1.940E+01	 0.000E+00	 0.000E+00	 1.475E+00	-9.160E-01	 7.449E+00	 1.475E+00	 2.872E-01	 7.466E+00	 3.683E+00	 1.472E+00	-1.541E-01	 1.156E+00	 2.951E+00	 8.708E+00	-2.500E-02	 1.705E+00	 1.156E+00	-5.921E+00	 2.409E-02	 1.234E-02	 1.584E-01	 3.407E+00
   19.5000	 1.950E+01	 0.000E+00	 0.000E+00	 1.484E+00	-7.605E-01	 7.863E+00	 1.484E+00	 1.295E-01	 7.053E+00	 3.699E+00	 1.204E+00	-1.556E-01	 1.158E+00	 2.967E+00	 8.716E+00	 1.148E+00	 1.261E+00	 1.158E+00	-5.910E+00	 2.375E-02	 1.223E-02	 1.576E-01	 3.407E+00
   19.6000	 1.960E+01	 0.000E+00	 0.000E+00	 1.492E+00	-3.644E-01	 8.057E+00	 1.492E+00	-2.687E-01	 6.858E+00	 3.714E+00	 5.244E-01	-1.571E-01	 1.159E+00	 2.983E+00	 8.723E+00	 1.700E+00	 1.356E-01	 1.159E+00	-5.899E+00	 2.340E-02	 1.212E-02	 1.569E-01	 3.407E+00
   19.7000	 1.970E+01	 0.000E+00	 0.000E+00	 1.500E+00	 5.762E-02	 7.928E+00	 1.500E+00	-6.927E-01	 6.987E+00	 3.729E+00	-1.999E-01	-1.586E-01	 1.159E+00	 2.999E+00	 8.730E+00	 1.333E+00	-1.063E+00	 1.159E+00	-5.888E+00	 2.307E-02	 1.200E-02	 1.561E-01	 3.407E+00
   19.8000	 1.980E+01	 0.000E+00	 0.000E+00	 1.508E+00	 2.768E-01	 7.544E+00	 1.508E+00	-9.139E-01	 7.371E+00	 3.745E+00	-5.760E-01	-1.601E-01	 1.162E+00	 3.016E+00	 8.750E+00	 2.456E-01	-1.687E+00	 1.162E+00	-5.876E+00	 2.277E-02	 1.191E-02	 1.554E-01	 3.407E+00
   19.9000	 1.990E+01	 0.000E+00	 0.000E+00	 1.517E+00	 1.742E-01	 7.114E+00	 1.517E+00	-8.131E-01	 7.801E+00	 3.762E+00	-4.010E-01	-1.616E-01	 1.165E+00	 3.033E+00	 8.768E+00	-9.746E-01	-1.399E+00	 1.165E+00	-5.864E+00	 2.248E-02	 1.181E-02	 1.547E-01	 3.407E+00
   20.0000	 2.000E+01	 0.000E+00	 0.000E+00	 1.525E+00	-1.953E-01	 6.869E+00	 1.525E+00	-4.454E-01	 8.046E+00	 3.779E+00	 2.309E-01	-1.631E-01	 1.167E+00	 3.051E+00	 8.787E+00	-1.668E+00	-3.545E-01	 1.167E+00	-5.852E+00	 2.219E-02	 1.172E-02	 1.541E-01	 3.407E+00
   20.1000	 2.010E+01	 0.000E+00	 0.000E+00	 1.534E+00	-6.324E-01	 6.943E+00	 1.534E+00	-1.015E-02	 7.973E+00	 3.796E+00	 9.787E-01	-1.646E-01	 1.170E+00	 3.068E+00	 8.806E+00	-1.459E+00	 8.818E-01	 1.170E+00	-5.840E+00	 2.191E-02	 1.163E-02	 1.534E-01	 3.407E+00
   20.2000	 2.020E+01	 0.000E+00	 0.000E+00	 1.543E+00	-9.013E-01	 7.295E+00	 1.543E+00	 2.569E-01	 7.621E+00	 3.813E+00	 1.438E+00	-1.661E-01	 1.172E+00	 3.086E+00	 8.825E+00	-4.620E-01	 1.641E+00	 1.172E+00	-5.828E+00	 2.163E-02	 1.154E-02	 1.528E-01	 3.407E+00
   20.3000	 2.030E+01	 0.000E+00	 0.000E+00	 1.552E+00	-8.572E-01	 7.735E+00	 1.552E+00	 2.109E-01	 7.181E+00	 3.830E+00	 1.362E+00	-1.676E-01	 1.175E+00	 3.104E+00	 8.845E+00	 7.853E-01	 1.514E+00	 1.175E+00	-5.815E+00	 2.136E-02	 1.145E-02	 1.522E-01	 3.407E+00
   20.4000	 2.040E+01	 0.000E+00	 0.000E+00	 1.561E+00	-5.243E-01	 8.025E+00	 1.561E+00	-1.239E-01	 6.890E+00	 3.847E+00	 7.916E-01	-1.691E-01	 1.177E+00	 3.122E+00	 8.866E+00	 1.608E+00	 5.675E-01	 1.177E+00	-5.803E+00	 2.110E-02	 1.137E-02	 1.516E-01	 3.407E+00
   20.5000	 2.050E+01	 0.000E+00	 0.000E+00	 1.570E+00	-8.324E-02	 8.009E+00	 1.570E+00	-5.669E-01	 6.907E+00	 3.865E+00	 3.564E-02	-1.706E-01	 1.180E+00	 3.140E+00	 8.887E+00	 1.561E+00	-6.854E-01	 1.180E+00	-5.790E+00	 2.084E-02	 1.128E-02	 1.510E-01	 3.407E+00
   20.6000	 2.060E+01	 0.000E+00	 0.000E+00	 1.579E+00	 2.269E-01	 7.694E+00	 1.579E+00	-8.794E-01	 7.221E+00	 3.883E+00	-4.955E-01	-1.721E-01	 1.185E+00	 3.159E+00	 8.923E+00	 6.706E-01	-1.568E+00	 1.185E+00	-5.777E+00	 2.062E-02	 1.122E-02	 1.504E-01	 3.407E+00
   20.7000	 2.070E+01	 0.000E+00	 0.000E+00	 1.589E+00	 2.378E-01	 7.252E+00	 1.589E+00	-8.930E-01	 7.663E+00	 3.902E+00	-5.141E-01	-1.736E-01	 1.191E+00	 3.178E+00	 8.969E+00	-5.826E-01	-1.603E+00	 1.191E+00	-5.764E+00	 2.043E-02	 1.117E-02	 1.498E-01	 3.407E+00
   20.8000	 2.080E+01	 0.000E+00	 0.000E+00	 1.599E+00	-5.690E-02	 6.921E+00	 1.599E+00	-6.009E-01	 7.994E+00	 3.922E+00	-9.238E-03	-1.751E-01	 1.197E+00	 3.198E+00	 9.014E+00	-1.521E+00	-7.710E-01	 1.197E+00	-5.750E+00	 2.024E-02	 1.112E-02	 1.493E-01	 3.407E+00
   20.9000	 2.090E+01	 0.000E+00	 0.000E+00	 1.609E+00	-4.987E-01	 6.880E+00	 1.609E+00	-1.618E-01	 8.035E+00	 3.941E+00	 7.474E-01	-1.766E-01	 1.203E+00	 3.217E+00	 9.060E+00	-1.637E+00	 4.774E-01	 1.203E+00	-5.737E+00	 2.005E-02	 1.107E-02	 1.488E-01	 3.407E+00
   21.0000	 2.100E+01	 0.000E+00	 0.000E+00	 1.618E+00	-8.495E-01	 7.151E+00	 1.618E+00	 1.862E-01	 7.764E+00	 3.961E+00	 1.348E+00	-1.781E-01	 1.210E+00	 3.237E+00	 9.107E+00	-8.680E-01	 1.468E+00	 1.210E+00	-5.723E+00	 1.987E-02	 1.102E-02	 1.483E-01	 3.407E+00
   21.1000	 2.110E+01	 0.000E+00	 0.000E+00	 1.628E+00	-9.203E-01	 7.588E+00	 1.628E+00	 2.543E-01	 7.327E+00	 3.981E+00	 1.470E+00	-1.796E-01	 1.216E+00	 3.257E+00	 9.154E+00	 3.702E-01	 1.665E+00	 1.216E+00	-5.709E+00	 1.969E-02	 1.097E-02	 1.478E-01	 3.407E+00
   21.2000	 2.120E+01	 0.000E+00	 0.000E+00	 1.638E+00	-6.736E-01	 7.954E+00	 1.638E+00	 4.827E-03	 6.961E+00	 4.000E+00	 1.047E+00	-1.811E-01	 1.222E+00	 3.277E+00	 9.202E+00	 1.408E+00	 9.614E-01	 1.222E+00	-5.696E+00	 1.951E-02	 1.092E-02	 1.473E-01	 3.407E+00
   21.3000	 2.130E+01	 0.000E+00	 0.000E+00	 1.648E+00	-2.435E-01	 8.052E+00	 1.648E+00	-4.280E-01	 6.863E+00	 4.020E+00	 3.112E-01	-1.826E-01	 1.228E+00	 3.297E+00	 9.250E+00	 1.685E+00	-2.615E-01	 1.228E+00	-5.682E+00	 1.934E-02	 1.088E-02	 1.468E-01	 3.407E+00
   21.4000	 2.140E+01	 0.000E+00	 0.000E+00	 1.659E+00	 1.366E-01	 7.828E+00	 1.659E+00	-8.111E-01	 7.087E+00	 4.041E+00	-3.395E-01	-1.841E-01	 1.235E+00	 3.317E+00	 9.299E+00	 1.051E+00	-1.343E+00	 1.235E+00	-5.668E+00	 1.917E-02	 1.083E-02	 1.463E-01	 3.407E+00
   21.5000	 2.150E+01	 0.000E+00	 0.000E+00	 1.669E+00	 2.606E-01	 7.404E+00	 1.669E+00	-9.379E-01	 7.511E+00	 4.061E+00	-5.516E-01	-1.856E-01	 1.242E+00	 3.338E+00	 9.348E+00	-1.516E-01	-1.698E+00	 1.242E+00	-5.653E+00	 1.900E-02	 1.079E-02	 1.459E-01	 3.407E+00
   21.6000	 2.160E+01	 0.000E+00	 0.000E+00	 1.680E+00	 6.067E-02	 7.009E+00	 1.680E+00	-7.407E-01	 7.906E+00	 4.082E+00	-2.089E-01	-1.872E-01	 1.248E+00	 3.359E+00	 9.397E+00	-1.272E+00	-1.136E+00	 1.248E+00	-5.639E+00	 1.884E-02	 1.075E-02	 1.455E-01	 3.407E+00
   21.7000	 2.170E+01	 0.000E+00	 0.000E+00	 1.690E+00	-3.559E-01	 6.856E+00	 1.690E+00	-3.269E-01	 8.059E+00	 4.104E+00	 5.046E-01	-1.886E-01	 1.255E+00	 3.381E+00	 9.446E+00	-1.705E+00	 4.107E-02	 1.255E+00	-5.624E+00	 1.868E-02	 1.070E-02	 1.450E-01	 3.407E+00
   21.8000	 2.180E+01	 0.000E+00	 0.000E+00	 1.701E+00	-7.647E-01	 7.029E+00	 1.701E+00	 7.901E-02	 7.887E+00	 4.125E+00	 1.205E+00	-1.901E-01	 1.261E+00	 3.403E+00	 9.495E+00	-1.216E+00	 1.196E+00	 1.261E+00	-5.608E+00	 1.852E-02	 1.066E-02	 1.446E-01	 3.407E+00
   21.9000	 2.190E+01	 0.000E+00	 0.000E+00	 1.713E+00	-9.454E-01	 7.433E+00	 1.713E+00	 2.569E-01	 7.482E+00	 4.148E+00	 1.514E+00	-1.916E-01	 1.267E+00	 3.425E+00	 9.542E+00	-6.962E-02	 1.704E+00	 1.267E+00	-5.593E+00	 1.835E-02	 1.061E-02	 1.443E-01	 3.407E+00
   22.0000	 2.200E+01	 0.000E+00	 0.000E+00	 1.724E+00	-8.013E-01	 7.851E+00	 1.724E+00	 1.096E-01	 7.064E+00	 4.171E+00	 1.268E+00	-1.931E-01	 1.276E+00	 3.448E+00	 9.604E+00	 1.114E+00	 1.291E+00	 1.276E+00	-5.577E+00	 1.822E-02	 1.059E-02	 1.439E-01	 3.407E+00
   22.1000	 2.210E+01	 0.000E+00	 0.000E+00	 1.735E+00	-4.110E-01	 8.056E+00	 1.735E+00	-2.840E-01	 6.859E+00	 4.194E+00	 6.007E-01	-1.945E-01	 1.284E+00	 3.470E+00	 9.669E+00	 1.696E+00	 1.800E-01	 1.284E+00	-5.562E+00	 1.810E-02	 1.056E-02	 1.435E-01	 3.407E+00
   22.2000	 2.220E+01	 0.000E+00	 0.000E+00	 1.747E+00	 1.360E-02	 7.938E+00	 1.747E+00	-7.119E-01	 6.978E+00	 4.217E+00	-1.255E-01	-1.960E-01	 1.293E+00	 3.493E+00	 9.734E+00	 1.360E+00	-1.028E+00	 1.293E+00	-5.546E+00	 1.797E-02	 1.054E-02	 1.432E-01	 3.407E+00
   22.3000	 2.230E+01	 0.000E+00	 0.000E+00	 1.758E+00	 2.421E-01	 7.560E+00	 1.758E+00	-9.437E-01	 7.355E+00	 4.240E+00	-5.160E-01	-1.975E-01	 1.302E+00	 3.516E+00	 9.800E+00	 2.897E-01	-1.680E+00	 1.302E+00	-5.530E+00	 1.785E-02	 1.051E-02	 1.429E-01	 3.407E+00
   22.4000	 2.240E+01	 0.000E+00	 0.000E+00	 1.770E+00	 1.500E-01	 7.127E+00	 1.770E+00	-8.550E-01	 7.788E+00	 4.264E+00	-3.575E-01	-1.989E-01	 1.310E+00	 3.540E+00	 9.866E+00	-9.377E-01	-1.424E+00	 1.310E+00	-5.514E+00	 1.773E-02	 1.049E-02	 1.425E-01	 3.407E+00
   22.5000	 2.250E+01	 0.000E+00	 0.000E+00	 1.781E+00	-2.138E-01	 6.873E+00	 1.781E+00	-4.947E-01	 8.043E+00	 4.288E+00	 2.662E-01	-2.004E-01	 1.319E+00	 3.563E+00	 9.934E+00	-1.658E+00	-3.981E-01	 1.319E+00	-5.498E+00	 1.762E-02	 1.047E-02	 1.422E-01	 3.407E+00
   22.6000	 2.260E+01	 0.000E+00	 0.000E+00	 1.793E+00	-6.535E-01	 6.935E+00	 1.793E+00	-5.847E-02	 7.981E+00	 4.312E+00	 1.020E+00	-2.019E-01	 1.328E+00	 3.587E+00	 1.000E+01	-1.482E+00	 8.433E-01	 1.328E+00	-5.481E+00	 1.750E-02	 1.045E-02	 1.419E-01	 3.407E+00
   22.7000	 2.270E+01	 0.000E+00	 0.000E+00	 1.805E+00	-9.324E-01	 7.279E+00	 1.805E+00	 2.169E-01	 7.636E+00	 4.337E+00	 1.498E+00	-2.033E-01	 1.337E+00	 3.611E+00	 1.007E+01	-5.048E-01	 1.629E+00	 1.337E+00	-5.464E+00	 1.739E-02	 1.042E-02	 1.416E-01	 3.407E+00
   22.8000	 2.280E+01	 0.000E+00	 0.000E+00	 1.818E+00	-9.006E-01	 7.721E+00	 1.818E+00	 1.817E-01	 7.195E+00	 4.362E+00	 1.444E+00	-2.048E-01	 1.346E+00	 3.635E+00	 1.013E+01	 7.454E-01	 1.534E+00	 1.346E+00	-5.447E+00	 1.727E-02	 1.040E-02	 1.413E-01	 3.407E+00
   22.9000	 2.290E+01	 0.000E+00	 0.000E+00	 1.830E+00	-5.762E-01	 8.020E+00	 1.830E+00	-1.462E-01	 6.896E+00	 4.387E+00	 8.894E-01	-2.062E-01	 1.354E+00	 3.660E+00	 1.020E+01	 1.593E+00	 6.094E-01	 1.354E+00	-5.430E+00	 1.716E-02	 1.038E-02	 1.410E-01	 3.407E+00
   23.0000	 2.300E+01	 0.000E+00	 0.000E+00	 1.842E+00	-1.356E-01	 8.015E+00	 1.842E+00	-5.902E-01	 6.901E+00	 4.413E+00	 1.356E-01	-2.076E-01	 1.363E+00	 3.685E+00	 1.026E+01	 1.579E+00	-6.443E-01	 1.363E+00	-5.413E+00	 1.704E-02	 1.035E-02	 1.407E-01	 3.407E+00
   23.1000	 2.310E+01	 0.000E+00	 0.000E+00	 1.855E+00	 1.821E-01	 7.709E+00	 1.855E+00	-9.114E-01	 7.207E+00	 4.438E+00	-4.078E-01	-2.091E-01	 1.372E+00	 3.710E+00	 1.033E+01	 7.115E-01	-1.550E+00	 1.372E+00	-5.396E+00	 1.693E-02	 1.033E-02	 1.404E-01	 3.407E+00
   23.2000	 2.320E+01	 0.000E+00	 0.000E+00	 1.867E+00	 2.043E-01	 7.267E+00	 1.867E+00	-9.369E-01	 7.648E+00	 4.464E+00	-4.450E-01	-2.105E-01	 1.380E+00	 3.735E+00	 1.039E+01	-5.405E-01	-1.617E+00	 1.380E+00	-5.379E+00	 1.682E-02	 1.030E-02	 1.402E-01	 3.407E+00
   23.3000	 2.330E+01	 0.000E+00	 0.000E+00	 1.880E+00	-8.210E-02	 6.928E+00	 1.880E+00	-6.540E-01	 7.987E+00	 4.490E+00	 4.593E-02	-2.120E-01	 1.389E+00	 3.760E+00	 1.046E+01	-1.500E+00	-8.105E-01	 1.389E+00	-5.362E+00	 1.670E-02	 1.028E-02	 1.399E-01	 3.407E+00
   23.4000	 2.340E+01	 0.000E+00	 0.000E+00	 1.892E+00	-5.231E-01	 6.876E+00	 1.892E+00	-2.166E-01	 8.039E+00	 4.516E+00	 8.017E-01	-2.134E-01	 1.398E+00	 3.785E+00	 1.053E+01	-1.649E+00	 4.344E-01	 1.398E+00	-5.344E+00	 1.660E-02	 1.026E-02	 1.396E-01	 3.407E+00
   23.5000	 2.350E+01	 0.000E+00	 0.000E+00	 1.905E+00	-8.812E-01	 7.138E+00	 1.905E+00	 1.381E-01	 7.777E+00	 4.542E+00	 1.415E+00	-2.149E-01	 1.407E+00	 3.810E+00	 1.059E+01	-9.061E-01	 1.444E+00	 1.407E+00	-5.327E+00	 1.649E-02	 1.023E-02	 1.394E-01	 3.407E+00
   23.6000	 2.360E+01	 0.000E+00	 0.000E+00	 1.918E+00	-9.638E-01	 7.573E+00	 1.918E+00	 2.172E-01	 7.342E+00	 4.569E+00	 1.557E+00	-2.163E-01	 1.415E+00	 3.836E+00	 1.065E+01	 3.265E-01	 1.674E+00	 1.415E+00	-5.309E+00	 1.637E-02	 1.021E-02	 1.391E-01	 3.407E+00
   23.7000	 2.370E+01	 0.000E+00	 0.000E+00	 1.931E+00	-7.271E-01	 7.945E+00	 1.931E+00	-2.294E-02	 6.970E+00	 4.597E+00	 1.153E+00	-2.177E-01	 1.423E+00	 3.862E+00	 1.072E+01	 1.383E+00	 9.979E-01	 1.423E+00	-5.290E+00	 1.626E-02	 1.018E-02	 1.389E-01	 3.407E+00
   23.8000	 2.380E+01	 0.000E+00	 0.000E+00	 1.944E+00	-3.001E-01	 8.054E+00	 1.944E+00	-4.535E-01	 6.861E+00	 4.624E+00	 4.219E-01	-2.190E-01	 1.432E+00	 3.889E+00	 1.078E+01	 1.691E+00	-2.173E-01	 1.432E+00	-5.272E+00	 1.616E-02	 1.016E-02	 1.387E-01	 3.407E+00
   23.9000	 2.390E+01	 0.000E+00	 0.000E+00	 1.958E+00	 8.539E-02	 7.841E+00	 1.958E+00	-8.425E-01	 7.075E+00	 4.652E+00	-2.377E-01	-2.205E-01	 1.441E+00	 3.915E+00	 1.085E+01	 1.086E+00	-1.315E+00	 1.441E+00	-5.254E+00	 1.605E-02	 1.013E-02	 1.385E-01	 3.407E+00
   24.0000	 2.400E+01	 0.000E+00	 0.000E+00	 1.971E+00	 2.201E-01	 7.420E+00	 1.971E+00	-9.808E-01	 7.495E+00	 4.680E+00	-4.678E-01	-2.219E-01	 1.449E+00	 3.942E+00	 1.091E+01	-1.071E-01	-1.702E+00	 1.449E+00	-5.235E+00	 1.595E-02	 1.011E-02	 1.383E-01	 3.407E+00
   24.1000	 2.410E+01	 0.000E+00	 0.000E+00	 1.984E+00	 3.034E-02	 7.019E+00	 1.984E+00	-7.943E-01	 7.896E+00	 4.707E+00	-1.428E-01	-2.233E-01	 1.456E+00	 3.968E+00	 1.096E+01	-1.242E+00	-1.169E+00	 1.456E+00	-5.217E+00	 1.583E-02	 1.007E-02	 1.380E-01	 3.407E+00
   24.2000	 2.420E+01	 0.000E+00	 0.000E+00	 1.997E+00	-3.823E-01	 6.856E+00	 1.997E+00	-3.848E-01	 8.059E+00	 4.734E+00	 5.637E-01	-2.246E-01	 1.463E+00	 3.995E+00	 1.102E+01	-1.705E+00	-3.571E-03	 1.463E+00	-5.199E+00	 1.570E-02	 1.004E-02	 1.378E-01	 3.407E+00
   24.3000	 2.430E+01	 0.000E+00	 0.000E+00	 2.011E+00	-7.956E-01	 7.018E+00	 2.011E+00	 2.533E-02	 7.897E+00	 4.762E+00	 1.272E+00	-2.260E-01	 1.470E+00	 4.021E+00	 1.107E+01	-1.247E+00	 1.163E+00	 1.470E+00	-5.181E+00	 1.558E-02	 1.000E-02	 1.376E-01	 3.407E+00
   24.4000	 2.440E+01	 0.000E+00	 0.000E+00	 2.024E+00	-9.870E-01	 7.417E+00	 2.024E+00	 2.135E-01	 7.498E+00	 4.789E+00	 1.599E+00	-2.274E-01	 1.477E+00	 4.048E+00	 1.112E+01	-1.142E-01	 1.701E+00	 1.477E+00	-5.162E+00	 1.547E-02	 9.967E-03	 1.374E-01	 3.407E+00
   24.5000	 2.450E+01	 0.000E+00	 0.000E+00	 2.037E+00	-8.540E-01	 7.839E+00	 2.037E+00	 7.717E-02	 7.077E+00	 4.817E+00	 1.372E+00	-2.289E-01	 1.484E+00	 4.075E+00	 1.118E+01	 1.080E+00	 1.320E+00	 1.484E+00	-5.144E+00	 1.535E-02	 9.934E-03	 1.371E-01	 3.407E+00
   24.6000	 2.460E+01	 0.000E+00	 0.000E+00	 2.051E+00	-4.692E-01	 8.054E+00	 2.051E+00	-3.109E-01	 6.861E+00	 4.845E+00	 7.129E-01	-2.303E-01	 1.492E+00	 4.102E+00	 1.123E+01	 1.690E+00	 2.243E-01	 1.492E+00	-5.125E+00	 1.524E-02	 9.902E-03	 1.369E-01	 3.407E+00
   24.7000	 2.470E+01	 0.000E+00	 0.000E+00	 2.064E+00	-4.166E-02	 7.947E+00	 2.064E+00	-7.418E-01	 6.968E+00	 4.873E+00	-1.912E-02	-2.317E-01	 1.499E+00	 4.129E+00	 1.129E+01	 1.387E+00	-9.921E-01	 1.499E+00	-5.106E+00	 1.513E-02	 9.870E-03	 1.367E-01	 3.407E+00
   24.8000	 2.480E+01	 0.000E+00	 0.000E+00	 2.078E+00	 1.966E-01	 7.575E+00	 2.078E+00	-9.834E-01	 7.340E+00	 4.902E+00	-4.271E-01	-2.330E-01	 1.506E+00	 4.157E+00	 1.134E+01	 3.335E-01	-1.672E+00	 1.506E+00	-5.087E+00	 1.502E-02	 9.838E-03	 1.365E-01	 3.407E+00
   24.9000	 2.490E+01	 0.000E+00	 0.000E+00	 2.092E+00	 1.159E-01	 7.140E+00	 2.092E+00	-9.061E-01	 7.775E+00	 4.930E+00	-2.889E-01	-2.344E-01	 1.514E+00	 4.184E+00	 1.140E+01	-9.001E-01	-1.448E+00	 1.514E+00	-5.068E+00	 1.491E-02	 9.806E-03	 1.363E-01	 3.407E+00
   25.0000	 2.500E+01	 0.000E+00	 0.000E+00	 2.106E+00	-2.410E-01	 6.876E+00	 2.106E+00	-5.525E-01	 8.039E+00	 4.960E+00	 3.225E-01	-2.358E-01	 1.521E+00	 4.212E+00	 1.145E+01	-1.647E+00	-4.413E-01	 1.521E+00	-5.048E+00	 1.481E-02	 9.776E-03	 1.362E-01	 3.407E+00
