      Time       CON1FX       CON1FY       CON1FZ       CON2FX       CON2FY       CON2FZ      L1N20PX      L1N20PY      L1N20PZ       L1N9PX      L1N10PY      L1N10PZ       L1N10T       L1N1PX       L1N1PY       L1N1PZ        L1N1T
       (s)          (N)          (N)          (N)          (N)          (N)          (N)          (m)          (m)          (m)          (m)          (m)          (m)          (N)          (m)          (m)          (m)          (N)
    0.2000  0.23960E+07  0.00000E+00 -0.30251E+07 -0.24029E+07  0.00000E+00 -0.10998E+06  0.00000E+00  0.00000E+00  0.00000E+00  0.79079E+03  0.00000E+00 -0.54447E+03  0.25342E+07  0.15098E+04  0.00000E+00 -0.60000E+03  0.24029E+07
    0.4000  0.23963E+07  0.00000E+00 -0.30271E+07 -0.24043E+07  0.00000E+00 -0.10998E+06  0.00000E+00  0.00000E+00  0.00000E+00  0.79080E+03  0.00000E+00 -0.54445E+03  0.25358E+07  0.15098E+04  0.00000E+00 -0.60000E+03  0.24043E+07
    0.6000  0.23965E+07  0.00000E+00 -0.30292E+07 -0.24042E+07  0.00000E+00 -0.10998E+06  0.00000E+00  0.00000E+00  0.00000E+00  0.79080E+03  0.00000E+00 -0.54442E+03  0.25369E+07  0.15098E+04  0.00000E+00 -0.60000E+03  0.24041E+07
    0.8000  0.23963E+07  0.00000E+00 -0.30309E+07 -0.24030E+07  0.00000E+00 -0.10998E+06  0.00000E+00  0.00000E+00  0.00000E+00  0.79081E+03  0.00000E+00 -0.54439E+03  0.25372E+07  0.15098E+04  0.00000E+00 -0.60000E+03  0.24030E+07
    1.0000  0.23953E+07  0.00000E+00 -0.30317E+07 -0.24012E+07  0.00000E+00 -0.10998E+06  0.00000E+00  0.00000E+00  0.00000E+00  0.79082E+03  0.00000E+00 -0.54435E+03  0.25366E+07  0.15098E+04  0.00000E+00 -0.60000E+03  0.24012E+07
    1.2000  0.23931E+07  0.00000E+00 -0.30311E+07 -0.23993E+07  0.00000E+00 -0.10998E+06  0.00000E+00  0.00000E+00  0.00000E+00  0.79083E+03  0.00000E+00 -0.54432E+03  0.25350E+07  0.15098E+04  0.00000E+00 -0.60000E+03  0.23993E+07
    1.4000  0.23899E+07  0.00000E+00 -0.30291E+07 -0.23971E+07  0.00000E+00 -0.10998E+06  0.00000E+00  0.00000E+00  0.00000E+00  0.79084E+03  0.00000E+00 -0.54429E+03  0.25325E+07  0.15098E+04  0.00000E+00 -0.60000E+03  0.23971E+07
    1.6000  0.23861E+07  0.00000E+00 -0.30262E+07 -0.23943E+07  0.00000E+00 -0.10998E+06  0.00000E+00  0.00000E+00  0.00000E+00  0.79085E+03  0.00000E+00 -0.54427E+03  0.25292E+07  0.15098E+04  0.00000E+00 -0.60000E+03  0.23943E+07
    1.8000  0.23819E+07  0.00000E+00 -0.30228E+07 -0.23905E+07  0.00000E+00 -0.10998E+06  0.00000E+00  0.00000E+00  0.00000E+00  0.79086E+03  0.00000E+00 -0.54424E+03  0.25251E+07  0.15098E+04  0.00000E+00 -0.60000E+03  0.23904E+07
    2.0000  0.23780E+07  0.00000E+00 -0.30193E+07 -0.23854E+07  0.00000E+00 -0.10998E+06  0.00000E+00  0.00000E+00  0.00000E+00  0.79087E+03  0.00000E+00 -0.54422E+03  0.25205E+07  0.15098E+04  0.00000E+00 -0.60000E+03  0.23854E+07
    2.2000  0.23744E+07  0.00000E+00 -0.30159E+07 -0.23794E+07  0.00000E+00 -0.10998E+06  0.00000E+00  0.00000E+00  0.00000E+00  0.79088E+03  0.00000E+00 -0.54420E+03  0.25155E+07  0.15098E+04  0.00000E+00 -0.60000E+03  0.23794E+07
    2.4000  0.23713E+07  0.00000E+00 -0.30127E+07 -0.23729E+07  0.00000E+00 -0.10998E+06  0.00000E+00  0.00000E+00  0.00000E+00  0.79088E+03  0.00000E+00 -0.54418E+03  0.25105E+07  0.15098E+04  0.00000E+00 -0.60000E+03  0.23729E+07
    2.6000  0.23684E+07  0.00000E+00 -0.30095E+07 -0.23667E+07  0.00000E+00 -0.10998E+06  0.00000E+00  0.00000E+00  0.00000E+00  0.79089E+03  0.00000E+00 -0.54416E+03  0.25056E+07  0.15098E+04  0.00000E+00 -0.60000E+03  0.23667E+07
    2.8000  0.23659E+07  0.00000E+00 -0.30063E+07 -0.23613E+07  0.00000E+00 -0.10998E+06  0.00000E+00  0.00000E+00  0.00000E+00  0.79089E+03  0.00000E+00 -0.54415E+03  0.25012E+07  0.15098E+04  0.00000E+00 -0.60000E+03  0.23614E+07
    3.0000  0.23636E+07  0.00000E+00 -0.30031E+07 -0.23574E+07  0.00000E+00 -0.10998E+06  0.00000E+00  0.00000E+00  0.00000E+00  0.79089E+03  0.00000E+00 -0.54415E+03  0.24975E+07  0.15098E+04  0.00000E+00 -0.60000E+03  0.23574E+07
    3.2000  0.23618E+07  0.00000E+00 -0.30002E+07 -0.23548E+07  0.00000E+00 -0.10998E+06  0.00000E+00  0.00000E+00  0.00000E+00  0.79089E+03  0.00000E+00 -0.54415E+03  0.24947E+07  0.15098E+04  0.00000E+00 -0.60000E+03  0.23549E+07
    3.4000  0.23608E+07  0.00000E+00 -0.29980E+07 -0.23536E+07  0.00000E+00 -0.10998E+06  0.00000E+00  0.00000E+00  0.00000E+00  0.79089E+03  0.00000E+00 -0.54415E+03  0.24929E+07  0.15098E+04  0.00000E+00 -0.60000E+03  0.23536E+07
    3.6000  0.23608E+07  0.00000E+00 -0.29969E+07 -0.23535E+07  0.00000E+00 -0.10998E+06  0.00000E+00  0.00000E+00  0.00000E+00  0.79088E+03  0.00000E+00 -0.54415E+03  0.24923E+07  0.15098E+04  0.00000E+00 -0.60000E+03  0.23535E+07
    3.8000  0.23619E+07  0.00000E+00 -0.29971E+07 -0.23543E+07  0.00000E+00 -0.10998E+06  0.00000E+00  0.00000E+00  0.00000E+00  0.79088E+03  0.00000E+00 -0.54416E+03  0.24929E+07  0.15098E+04  0.00000E+00 -0.60000E+03  0.23543E+07
    4.0000  0.23639E+07  0.00000E+00 -0.29985E+07 -0.23560E+07  0.00000E+00 -0.10998E+06  0.00000E+00  0.00000E+00  0.00000E+00  0.79087E+03  0.00000E+00 -0.54418E+03  0.24947E+07  0.15098E+04  0.00000E+00 -0.60000E+03  0.23561E+07
    4.2000  0.23667E+07  0.00000E+00 -0.30009E+07 -0.23588E+07  0.00000E+00 -0.10998E+06  0.00000E+00  0.00000E+00  0.00000E+00  0.79086E+03  0.00000E+00 -0.54419E+03  0.24975E+07  0.15098E+04  0.00000E+00 -0.60000E+03  0.23588E+07
    4.4000  0.23699E+07  0.00000E+00 -0.30040E+07 -0.23626E+07  0.00000E+00 -0.10998E+06  0.00000E+00  0.00000E+00  0.00000E+00  0.79086E+03  0.00000E+00 -0.54421E+03  0.25013E+07  0.15098E+04  0.00000E+00 -0.60000E+03  0.23626E+07
    4.6000  0.23732E+07  0.00000E+00 -0.30076E+07 -0.23674E+07  0.00000E+00 -0.10998E+06  0.00000E+00  0.00000E+00  0.00000E+00  0.79085E+03  0.00000E+00 -0.54423E+03  0.25057E+07  0.15098E+04  0.00000E+00 -0.60000E+03  0.23675E+07
    4.8000  0.23764E+07  0.00000E+00 -0.30112E+07 -0.23730E+07  0.00000E+00 -0.10998E+06  0.00000E+00  0.00000E+00  0.00000E+00  0.79085E+03  0.00000E+00 -0.54425E+03  0.25105E+07  0.15098E+04  0.00000E+00 -0.60000E+03  0.23730E+07
    5.0000  0.23795E+07  0.00000E+00 -0.30150E+07 -0.23789E+07  0.00000E+00 -0.10998E+06  0.00000E+00  0.00000E+00  0.00000E+00  0.79084E+03  0.00000E+00 -0.54426E+03  0.25155E+07  0.15098E+04  0.00000E+00 -0.60000E+03  0.23789E+07
    5.2000  0.23823E+07  0.00000E+00 -0.30186E+07 -0.23846E+07  0.00000E+00 -0.10998E+06  0.00000E+00  0.00000E+00  0.00000E+00  0.79084E+03  0.00000E+00 -0.54428E+03  0.25203E+07  0.15098E+04  0.00000E+00 -0.60000E+03  0.23846E+07
    5.4000  0.23848E+07  0.00000E+00 -0.30222E+07 -0.23896E+07  0.00000E+00 -0.10998E+06  0.00000E+00  0.00000E+00  0.00000E+00  0.79084E+03  0.00000E+00 -0.54429E+03  0.25246E+07  0.15098E+04  0.00000E+00 -0.60000E+03  0.23896E+07
    5.6000  0.23869E+07  0.00000E+00 -0.30253E+07 -0.23936E+07  0.00000E+00 -0.10998E+06  0.00000E+00  0.00000E+00  0.00000E+00  0.79083E+03  0.00000E+00 -0.54429E+03  0.25282E+07  0.15098E+04  0.00000E+00 -0.60000E+03  0.23935E+07
    5.8000  0.23884E+07  0.00000E+00 -0.30279E+07 -0.23963E+07  0.00000E+00 -0.10998E+06  0.00000E+00  0.00000E+00  0.00000E+00  0.79083E+03  0.00000E+00 -0.54429E+03  0.25309E+07  0.15098E+04  0.00000E+00 -0.60000E+03  0.23962E+07
    6.0000  0.23891E+07  0.00000E+00 -0.30296E+07 -0.23977E+07  0.00000E+00 -0.10998E+06  0.00000E+00  0.00000E+00  0.00000E+00  0.79083E+03  0.00000E+00 -0.54429E+03  0.25325E+07  0.15098E+04  0.00000E+00 -0.60000E+03  0.23977E+07
    6.2000  0.23890E+07  0.00000E+00 -0.30303E+07 -0.23979E+07  0.00000E+00 -0.10998E+06  0.00000E+00  0.00000E+00  0.00000E+00  0.79084E+03  0.00000E+00 -0.54429E+03  0.25329E+07  0.15098E+04  0.00000E+00 -0.60000E+03  0.23979E+07
    6.4000  0.23880E+07  0.00000E+00 -0.30299E+07 -0.23969E+07  0.00000E+00 -0.10998E+06  0.00000E+00  0.00000E+00  0.00000E+00  0.79084E+03  0.00000E+00 -0.54428E+03  0.25321E+07  0.15098E+04  0.00000E+00 -0.60000E+03  0.23969E+07
    6.6000  0.23862E+07  0.00000E+00 -0.30283E+07 -0.23949E+07  0.00000E+00 -0.10998E+06  0.00000E+00  0.00000E+00  0.00000E+00  0.79084E+03  0.00000E+00 -0.54426E+03  0.25301E+07  0.15098E+04  0.00000E+00 -0.60000E+03  0.23948E+07
    6.8000  0.23838E+07  0.00000E+00 -0.30259E+07 -0.23918E+07  0.00000E+00 -0.10998E+06  0.00000E+00  0.00000E+00  0.00000E+00  0.79085E+03  0.00000E+00 -0.54425E+03  0.25272E+07  0.15098E+04  0.00000E+00 -0.60000E+03  0.23918E+07
    7.0000  0.23810E+07  0.00000E+00 -0.30228E+07 -0.23879E+07  0.00000E+00 -0.10998E+06  0.00000E+00  0.00000E+00  0.00000E+00  0.79085E+03  0.00000E+00 -0.54424E+03  0.25235E+07  0.15098E+04  0.00000E+00 -0.60000E+03  0.23878E+07
    7.2000  0.23780E+07  0.00000E+00 -0.30193E+07 -0.23833E+07  0.00000E+00 -0.10998E+06  0.00000E+00  0.00000E+00  0.00000E+00  0.79086E+03  0.00000E+00 -0.54422E+03  0.25193E+07  0.15098E+04  0.00000E+00 -0.60000E+03  0.23833E+07
    7.4000  0.23750E+07  0.00000E+00 -0.30156E+07 -0.23783E+07  0.00000E+00 -0.10998E+06  0.00000E+00  0.00000E+00  0.00000E+00  0.79086E+03  0.00000E+00 -0.54421E+03  0.25148E+07  0.15098E+04  0.00000E+00 -0.60000E+03  0.23783E+07
    7.6000  0.23723E+07  0.00000E+00 -0.30120E+07 -0.23734E+07  0.00000E+00 -0.10998E+06  0.00000E+00  0.00000E+00  0.00000E+00  0.79087E+03  0.00000E+00 -0.54420E+03  0.25104E+07  0.15098E+04  0.00000E+00 -0.60000E+03  0.23734E+07
    7.8000  0.23700E+07  0.00000E+00 -0.30086E+07 -0.23688E+07  0.00000E+00 -0.10998E+06  0.00000E+00  0.00000E+00  0.00000E+00  0.79087E+03  0.00000E+00 -0.54420E+03  0.25063E+07  0.15098E+04  0.00000E+00 -0.60000E+03  0.23688E+07
    8.0000  0.23681E+07  0.00000E+00 -0.30056E+07 -0.23649E+07  0.00000E+00 -0.10998E+06  0.00000E+00  0.00000E+00  0.00000E+00  0.79087E+03  0.00000E+00 -0.54419E+03  0.25028E+07  0.15098E+04  0.00000E+00 -0.60000E+03  0.23650E+07
    8.2000  0.23669E+07  0.00000E+00 -0.30033E+07 -0.23621E+07  0.00000E+00 -0.10998E+06  0.00000E+00  0.00000E+00  0.00000E+00  0.79087E+03  0.00000E+00 -0.54420E+03  0.25002E+07  0.15098E+04  0.00000E+00 -0.60000E+03  0.23621E+07
    8.4000  0.23664E+07  0.00000E+00 -0.30017E+07 -0.23604E+07  0.00000E+00 -0.10998E+06  0.00000E+00  0.00000E+00  0.00000E+00  0.79087E+03  0.00000E+00 -0.54420E+03  0.24986E+07  0.15098E+04  0.00000E+00 -0.60000E+03  0.23604E+07
    8.6000  0.23668E+07  0.00000E+00 -0.30009E+07 -0.23600E+07  0.00000E+00 -0.10998E+06  0.00000E+00  0.00000E+00  0.00000E+00  0.79087E+03  0.00000E+00 -0.54421E+03  0.24981E+07  0.15098E+04  0.00000E+00 -0.60000E+03  0.23600E+07
    8.8000  0.23680E+07  0.00000E+00 -0.30012E+07 -0.23608E+07  0.00000E+00 -0.10998E+06  0.00000E+00  0.00000E+00  0.00000E+00  0.79087E+03  0.00000E+00 -0.54423E+03  0.24988E+07  0.15098E+04  0.00000E+00 -0.60000E+03  0.23609E+07
    9.0000  0.23700E+07  0.00000E+00 -0.30024E+07 -0.23629E+07  0.00000E+00 -0.10998E+06  0.00000E+00  0.00000E+00  0.00000E+00  0.79087E+03  0.00000E+00 -0.54425E+03  0.25007E+07  0.15098E+04  0.00000E+00 -0.60000E+03  0.23629E+07
    9.2000  0.23726E+07  0.00000E+00 -0.30045E+07 -0.23661E+07  0.00000E+00 -0.10998E+06  0.00000E+00  0.00000E+00  0.00000E+00  0.79086E+03  0.00000E+00 -0.54427E+03  0.25036E+07  0.15098E+04  0.00000E+00 -0.60000E+03  0.23661E+07
    9.4000  0.23759E+07  0.00000E+00 -0.30073E+07 -0.23703E+07  0.00000E+00 -0.10998E+06  0.00000E+00  0.00000E+00  0.00000E+00  0.79085E+03  0.00000E+00 -0.54429E+03  0.25074E+07  0.15098E+04  0.00000E+00 -0.60000E+03  0.23703E+07
    9.6000  0.23794E+07  0.00000E+00 -0.30107E+07 -0.23752E+07  0.00000E+00 -0.10998E+06  0.00000E+00  0.00000E+00  0.00000E+00  0.79085E+03  0.00000E+00 -0.54431E+03  0.25118E+07  0.15098E+04  0.00000E+00 -0.60000E+03  0.23752E+07
    9.8000  0.23831E+07  0.00000E+00 -0.30143E+07 -0.23805E+07  0.00000E+00 -0.10998E+06  0.00000E+00  0.00000E+00  0.00000E+00  0.79084E+03  0.00000E+00 -0.54433E+03  0.25166E+07  0.15098E+04  0.00000E+00 -0.60000E+03  0.23805E+07
   10.0000  0.23867E+07  0.00000E+00 -0.30181E+07 -0.23859E+07  0.00000E+00 -0.10998E+06  0.00000E+00  0.00000E+00  0.00000E+00  0.79084E+03  0.00000E+00 -0.54435E+03  0.25214E+07  0.15098E+04  0.00000E+00 -0.60000E+03  0.23859E+07
   10.2000  0.23901E+07  0.00000E+00 -0.30218E+07 -0.23912E+07  0.00000E+00 -0.10998E+06  0.00000E+00  0.00000E+00  0.00000E+00  0.79083E+03  0.00000E+00 -0.54437E+03  0.25261E+07  0.15098E+04  0.00000E+00 -0.60000E+03  0.23911E+07
   10.4000  0.23930E+07  0.00000E+00 -0.30251E+07 -0.23958E+07  0.00000E+00 -0.10998E+06  0.00000E+00  0.00000E+00  0.00000E+00  0.79082E+03  0.00000E+00 -0.54438E+03  0.25303E+07  0.15098E+04  0.00000E+00 -0.60000E+03  0.23958E+07
   10.6000  0.23953E+07  0.00000E+00 -0.30279E+07 -0.23997E+07  0.00000E+00 -0.10998E+06  0.00000E+00  0.00000E+00  0.00000E+00  0.79082E+03  0.00000E+00 -0.54439E+03  0.25338E+07  0.15098E+04  0.00000E+00 -0.60000E+03  0.23997E+07
   10.8000  0.23969E+07  0.00000E+00 -0.30301E+07 -0.24025E+07  0.00000E+00 -0.10998E+06  0.00000E+00  0.00000E+00  0.00000E+00  0.79082E+03  0.00000E+00 -0.54440E+03  0.25364E+07  0.15098E+04  0.00000E+00 -0.60000E+03  0.24025E+07
   11.0000  0.23977E+07  0.00000E+00 -0.30314E+07 -0.24041E+07  0.00000E+00 -0.10998E+06  0.00000E+00  0.00000E+00  0.00000E+00  0.79082E+03  0.00000E+00 -0.54440E+03  0.25379E+07  0.15098E+04  0.00000E+00 -0.60000E+03  0.24041E+07
   11.2000  0.23977E+07  0.00000E+00 -0.30319E+07 -0.24045E+07  0.00000E+00 -0.10998E+06  0.00000E+00  0.00000E+00  0.00000E+00  0.79082E+03  0.00000E+00 -0.54440E+03  0.25383E+07  0.15098E+04  0.00000E+00 -0.60000E+03  0.24045E+07
   11.4000  0.23968E+07  0.00000E+00 -0.30314E+07 -0.24036E+07  0.00000E+00 -0.10998E+06  0.00000E+00  0.00000E+00  0.00000E+00  0.79082E+03  0.00000E+00 -0.54439E+03  0.25375E+07  0.15098E+04  0.00000E+00 -0.60000E+03  0.24036E+07
   11.6000  0.23951E+07  0.00000E+00 -0.30300E+07 -0.24015E+07  0.00000E+00 -0.10998E+06  0.00000E+00  0.00000E+00  0.00000E+00  0.79082E+03  0.00000E+00 -0.54438E+03  0.25356E+07  0.15098E+04  0.00000E+00 -0.60000E+03  0.24014E+07
   11.8000  0.23928E+07  0.00000E+00 -0.30279E+07 -0.23982E+07  0.00000E+00 -0.10998E+06  0.00000E+00  0.00000E+00  0.00000E+00  0.79082E+03  0.00000E+00 -0.54436E+03  0.25327E+07  0.15098E+04  0.00000E+00 -0.60000E+03  0.23982E+07
   12.0000  0.23898E+07  0.00000E+00 -0.30251E+07 -0.23940E+07  0.00000E+00 -0.10998E+06  0.00000E+00  0.00000E+00  0.00000E+00  0.79083E+03  0.00000E+00 -0.54434E+03  0.25290E+07  0.15098E+04  0.00000E+00 -0.60000E+03  0.23940E+07
   12.2000  0.23865E+07  0.00000E+00 -0.30219E+07 -0.23891E+07  0.00000E+00 -0.10998E+06  0.00000E+00  0.00000E+00  0.00000E+00  0.79083E+03  0.00000E+00 -0.54432E+03  0.25247E+07  0.15098E+04  0.00000E+00 -0.60000E+03  0.23891E+07
   12.4000  0.23829E+07  0.00000E+00 -0.30183E+07 -0.23837E+07  0.00000E+00 -0.10998E+06  0.00000E+00  0.00000E+00  0.00000E+00  0.79084E+03  0.00000E+00 -0.54430E+03  0.25199E+07  0.15098E+04  0.00000E+00 -0.60000E+03  0.23837E+07
   12.6000  0.23792E+07  0.00000E+00 -0.30147E+07 -0.23781E+07  0.00000E+00 -0.10998E+06  0.00000E+00  0.00000E+00  0.00000E+00  0.79085E+03  0.00000E+00 -0.54428E+03  0.25150E+07  0.15098E+04  0.00000E+00 -0.60000E+03  0.23781E+07
   12.8000  0.23755E+07  0.00000E+00 -0.30111E+07 -0.23727E+07  0.00000E+00 -0.10998E+06  0.00000E+00  0.00000E+00  0.00000E+00  0.79085E+03  0.00000E+00 -0.54426E+03  0.25101E+07  0.15098E+04  0.00000E+00 -0.60000E+03  0.23727E+07
   13.0000  0.23721E+07  0.00000E+00 -0.30077E+07 -0.23676E+07  0.00000E+00 -0.10998E+06  0.00000E+00  0.00000E+00  0.00000E+00  0.79086E+03  0.00000E+00 -0.54424E+03  0.25056E+07  0.15098E+04  0.00000E+00 -0.60000E+03  0.23676E+07
   13.2000  0.23689E+07  0.00000E+00 -0.30047E+07 -0.23631E+07  0.00000E+00 -0.10998E+06  0.00000E+00  0.00000E+00  0.00000E+00  0.79087E+03  0.00000E+00 -0.54423E+03  0.25015E+07  0.15098E+04  0.00000E+00 -0.60000E+03  0.23631E+07
   13.4000  0.23662E+07  0.00000E+00 -0.30022E+07 -0.23594E+07  0.00000E+00 -0.10998E+06  0.00000E+00  0.00000E+00  0.00000E+00  0.79087E+03  0.00000E+00 -0.54422E+03  0.24982E+07  0.15098E+04  0.00000E+00 -0.60000E+03  0.23594E+07
   13.6000  0.23641E+07  0.00000E+00 -0.30004E+07 -0.23566E+07  0.00000E+00 -0.10998E+06  0.00000E+00  0.00000E+00  0.00000E+00  0.79088E+03  0.00000E+00 -0.54421E+03  0.24956E+07  0.15098E+04  0.00000E+00 -0.60000E+03  0.23566E+07
   13.8000  0.23626E+07  0.00000E+00 -0.29992E+07 -0.23548E+07  0.00000E+00 -0.10998E+06  0.00000E+00  0.00000E+00  0.00000E+00  0.79088E+03  0.00000E+00 -0.54420E+03  0.24939E+07  0.15098E+04  0.00000E+00 -0.60000E+03  0.23548E+07
   14.0000  0.23618E+07  0.00000E+00 -0.29988E+07 -0.23540E+07  0.00000E+00 -0.10998E+06  0.00000E+00  0.00000E+00  0.00000E+00  0.79089E+03  0.00000E+00 -0.54420E+03  0.24932E+07  0.15098E+04  0.00000E+00 -0.60000E+03  0.23540E+07
   14.2000  0.23617E+07  0.00000E+00 -0.29992E+07 -0.23542E+07  0.00000E+00 -0.10998E+06  0.00000E+00  0.00000E+00  0.00000E+00  0.79089E+03  0.00000E+00 -0.54420E+03  0.24934E+07  0.15098E+04  0.00000E+00 -0.60000E+03  0.23543E+07
   14.4000  0.23622E+07  0.00000E+00 -0.30002E+07 -0.23555E+07  0.00000E+00 -0.10998E+06  0.00000E+00  0.00000E+00  0.00000E+00  0.79089E+03  0.00000E+00 -0.54421E+03  0.24946E+07  0.15098E+04  0.00000E+00 -0.60000E+03  0.23555E+07
   14.6000  0.23633E+07  0.00000E+00 -0.30018E+07 -0.23577E+07  0.00000E+00 -0.10998E+06  0.00000E+00  0.00000E+00  0.00000E+00  0.79089E+03  0.00000E+00 -0.54421E+03  0.24965E+07  0.15098E+04  0.00000E+00 -0.60000E+03  0.23577E+07
   14.8000  0.23650E+07  0.00000E+00 -0.30039E+07 -0.23607E+07  0.00000E+00 -0.10998E+06  0.00000E+00  0.00000E+00  0.00000E+00  0.79088E+03  0.00000E+00 -0.54422E+03  0.24991E+07  0.15098E+04  0.00000E+00 -0.60000E+03  0.23607E+07
   15.0000  0.23672E+07  0.00000E+00 -0.30064E+07 -0.23643E+07  0.00000E+00 -0.10998E+06  0.00000E+00  0.00000E+00  0.00000E+00  0.79088E+03  0.00000E+00 -0.54424E+03  0.25023E+07  0.15098E+04  0.00000E+00 -0.60000E+03  0.23643E+07
   15.2000  0.23696E+07  0.00000E+00 -0.30091E+07 -0.23684E+07  0.00000E+00 -0.10998E+06  0.00000E+00  0.00000E+00  0.00000E+00  0.79087E+03  0.00000E+00 -0.54425E+03  0.25059E+07  0.15098E+04  0.00000E+00 -0.60000E+03  0.23684E+07
   15.4000  0.23724E+07  0.00000E+00 -0.30119E+07 -0.23727E+07  0.00000E+00 -0.10998E+06  0.00000E+00  0.00000E+00  0.00000E+00  0.79086E+03  0.00000E+00 -0.54426E+03  0.25096E+07  0.15098E+04  0.00000E+00 -0.60000E+03  0.23727E+07
   15.6000  0.23752E+07  0.00000E+00 -0.30147E+07 -0.23770E+07  0.00000E+00 -0.10998E+06  0.00000E+00  0.00000E+00  0.00000E+00  0.79086E+03  0.00000E+00 -0.54428E+03  0.25134E+07  0.15098E+04  0.00000E+00 -0.60000E+03  0.23770E+07
   15.8000  0.23780E+07  0.00000E+00 -0.30174E+07 -0.23811E+07  0.00000E+00 -0.10998E+06  0.00000E+00  0.00000E+00  0.00000E+00  0.79085E+03  0.00000E+00 -0.54429E+03  0.25170E+07  0.15098E+04  0.00000E+00 -0.60000E+03  0.23810E+07
   16.0000  0.23807E+07  0.00000E+00 -0.30198E+07 -0.23848E+07  0.00000E+00 -0.10998E+06  0.00000E+00  0.00000E+00  0.00000E+00  0.79084E+03  0.00000E+00 -0.54430E+03  0.25204E+07  0.15098E+04  0.00000E+00 -0.60000E+03  0.23848E+07
   16.2000  0.23832E+07  0.00000E+00 -0.30219E+07 -0.23880E+07  0.00000E+00 -0.10998E+06  0.00000E+00  0.00000E+00  0.00000E+00  0.79083E+03  0.00000E+00 -0.54431E+03  0.25233E+07  0.15098E+04  0.00000E+00 -0.60000E+03  0.23880E+07
   16.4000  0.23853E+07  0.00000E+00 -0.30235E+07 -0.23906E+07  0.00000E+00 -0.10998E+06  0.00000E+00  0.00000E+00  0.00000E+00  0.79083E+03  0.00000E+00 -0.54432E+03  0.25256E+07  0.15098E+04  0.00000E+00 -0.60000E+03  0.23906E+07
   16.6000  0.23869E+07  0.00000E+00 -0.30246E+07 -0.23925E+07  0.00000E+00 -0.10998E+06  0.00000E+00  0.00000E+00  0.00000E+00  0.79082E+03  0.00000E+00 -0.54433E+03  0.25273E+07  0.15098E+04  0.00000E+00 -0.60000E+03  0.23925E+07
   16.8000  0.23880E+07  0.00000E+00 -0.30252E+07 -0.23937E+07  0.00000E+00 -0.10998E+06  0.00000E+00  0.00000E+00  0.00000E+00  0.79082E+03  0.00000E+00 -0.54433E+03  0.25284E+07  0.15098E+04  0.00000E+00 -0.60000E+03  0.23937E+07
   17.0000  0.23887E+07  0.00000E+00 -0.30252E+07 -0.23941E+07  0.00000E+00 -0.10998E+06  0.00000E+00  0.00000E+00  0.00000E+00  0.79082E+03  0.00000E+00 -0.54434E+03  0.25288E+07  0.15098E+04  0.00000E+00 -0.60000E+03  0.23941E+07
   17.2000  0.23888E+07  0.00000E+00 -0.30248E+07 -0.23938E+07  0.00000E+00 -0.10998E+06  0.00000E+00  0.00000E+00  0.00000E+00  0.79082E+03  0.00000E+00 -0.54434E+03  0.25285E+07  0.15098E+04  0.00000E+00 -0.60000E+03  0.23938E+07
   17.4000  0.23885E+07  0.00000E+00 -0.30240E+07 -0.23928E+07  0.00000E+00 -0.10998E+06  0.00000E+00  0.00000E+00  0.00000E+00  0.79082E+03  0.00000E+00 -0.54433E+03  0.25277E+07  0.15098E+04  0.00000E+00 -0.60000E+03  0.23928E+07
   17.6000  0.23877E+07  0.00000E+00 -0.30227E+07 -0.23912E+07  0.00000E+00 -0.10998E+06  0.00000E+00  0.00000E+00  0.00000E+00  0.79082E+03  0.00000E+00 -0.54433E+03  0.25263E+07  0.15098E+04  0.00000E+00 -0.60000E+03  0.23912E+07
   17.8000  0.23867E+07  0.00000E+00 -0.30212E+07 -0.23892E+07  0.00000E+00 -0.10998E+06  0.00000E+00  0.00000E+00  0.00000E+00  0.79083E+03  0.00000E+00 -0.54432E+03  0.25245E+07  0.15098E+04  0.00000E+00 -0.60000E+03  0.23892E+07
   18.0000  0.23853E+07  0.00000E+00 -0.30195E+07 -0.23868E+07  0.00000E+00 -0.10998E+06  0.00000E+00  0.00000E+00  0.00000E+00  0.79084E+03  0.00000E+00 -0.54430E+03  0.25225E+07  0.15098E+04  0.00000E+00 -0.60000E+03  0.23868E+07
   18.2000  0.23838E+07  0.00000E+00 -0.30178E+07 -0.23843E+07  0.00000E+00 -0.10998E+06  0.00000E+00  0.00000E+00  0.00000E+00  0.79084E+03  0.00000E+00 -0.54429E+03  0.25203E+07  0.15098E+04  0.00000E+00 -0.60000E+03  0.23843E+07
   18.4000  0.23822E+07  0.00000E+00 -0.30160E+07 -0.23817E+07  0.00000E+00 -0.10998E+06  0.00000E+00  0.00000E+00  0.00000E+00  0.79085E+03  0.00000E+00 -0.54428E+03  0.25180E+07  0.15098E+04  0.00000E+00 -0.60000E+03  0.23817E+07
   18.6000  0.23807E+07  0.00000E+00 -0.30143E+07 -0.23793E+07  0.00000E+00 -0.10998E+06  0.00000E+00  0.00000E+00  0.00000E+00  0.79085E+03  0.00000E+00 -0.54426E+03  0.25159E+07  0.15098E+04  0.00000E+00 -0.60000E+03  0.23793E+07
   18.8000  0.23792E+07  0.00000E+00 -0.30128E+07 -0.23771E+07  0.00000E+00 -0.10998E+06  0.00000E+00  0.00000E+00  0.00000E+00  0.79086E+03  0.00000E+00 -0.54424E+03  0.25139E+07  0.15098E+04  0.00000E+00 -0.60000E+03  0.23771E+07
   19.0000  0.23780E+07  0.00000E+00 -0.30115E+07 -0.23752E+07  0.00000E+00 -0.10998E+06  0.00000E+00  0.00000E+00  0.00000E+00  0.79086E+03  0.00000E+00 -0.54423E+03  0.25123E+07  0.15098E+04  0.00000E+00 -0.60000E+03  0.23752E+07
   19.2000  0.23769E+07  0.00000E+00 -0.30105E+07 -0.23737E+07  0.00000E+00 -0.10998E+06  0.00000E+00  0.00000E+00  0.00000E+00  0.79087E+03  0.00000E+00 -0.54422E+03  0.25109E+07  0.15098E+04  0.00000E+00 -0.60000E+03  0.23737E+07
   19.4000  0.23761E+07  0.00000E+00 -0.30099E+07 -0.23726E+07  0.00000E+00 -0.10998E+06  0.00000E+00  0.00000E+00  0.00000E+00  0.79087E+03  0.00000E+00 -0.54421E+03  0.25100E+07  0.15098E+04  0.00000E+00 -0.60000E+03  0.23726E+07
   19.6000  0.23757E+07  0.00000E+00 -0.30095E+07 -0.23720E+07  0.00000E+00 -0.10998E+06  0.00000E+00  0.00000E+00  0.00000E+00  0.79087E+03  0.00000E+00 -0.54420E+03  0.25095E+07  0.15098E+04  0.00000E+00 -0.60000E+03  0.23721E+07
   19.8000  0.23755E+07  0.00000E+00 -0.30096E+07 -0.23720E+07  0.00000E+00 -0.10998E+06  0.00000E+00  0.00000E+00  0.00000E+00  0.79087E+03  0.00000E+00 -0.54419E+03  0.25094E+07  0.15098E+04  0.00000E+00 -0.60000E+03  0.23720E+07
   20.0000  0.23755E+07  0.00000E+00 -0.30099E+07 -0.23724E+07  0.00000E+00 -0.10998E+06  0.00000E+00  0.00000E+00  0.00000E+00  0.79087E+03  0.00000E+00 -0.54419E+03  0.25098E+07  0.15098E+04  0.00000E+00 -0.60000E+03  0.23724E+07
   20.2000  0.23759E+07  0.00000E+00 -0.30106E+07 -0.23732E+07  0.00000E+00 -0.10998E+06  0.00000E+00  0.00000E+00  0.00000E+00  0.79087E+03  0.00000E+00 -0.54420E+03  0.25105E+07  0.15098E+04  0.00000E+00 -0.60000E+03  0.23732E+07
   20.4000  0.23764E+07  0.00000E+00 -0.30115E+07 -0.23745E+07  0.00000E+00 -0.10998E+06  0.00000E+00  0.00000E+00  0.00000E+00  0.79087E+03  0.00000E+00 -0.54421E+03  0.25116E+07  0.15098E+04  0.00000E+00 -0.60000E+03  0.23745E+07
   20.6000  0.23772E+07  0.00000E+00 -0.30126E+07 -0.23760E+07  0.00000E+00 -0.10998E+06  0.00000E+00  0.00000E+00  0.00000E+00  0.79086E+03  0.00000E+00 -0.54422E+03  0.25129E+07  0.15098E+04  0.00000E+00 -0.60000E+03  0.23760E+07
   20.8000  0.23781E+07  0.00000E+00 -0.30139E+07 -0.23778E+07  0.00000E+00 -0.10998E+06  0.00000E+00  0.00000E+00  0.00000E+00  0.79086E+03  0.00000E+00 -0.54423E+03  0.25144E+07  0.15098E+04  0.00000E+00 -0.60000E+03  0.23778E+07
   21.0000  0.23790E+07  0.00000E+00 -0.30153E+07 -0.23797E+07  0.00000E+00 -0.10998E+06  0.00000E+00  0.00000E+00  0.00000E+00  0.79085E+03  0.00000E+00 -0.54424E+03  0.25160E+07  0.15098E+04  0.00000E+00 -0.60000E+03  0.23797E+07
   21.2000  0.23800E+07  0.00000E+00 -0.30167E+07 -0.23815E+07  0.00000E+00 -0.10998E+06  0.00000E+00  0.00000E+00  0.00000E+00  0.79085E+03  0.00000E+00 -0.54426E+03  0.25177E+07  0.15098E+04  0.00000E+00 -0.60000E+03  0.23815E+07
   21.4000  0.23809E+07  0.00000E+00 -0.30180E+07 -0.23833E+07  0.00000E+00 -0.10998E+06  0.00000E+00  0.00000E+00  0.00000E+00  0.79084E+03  0.00000E+00 -0.54428E+03  0.25192E+07  0.15098E+04  0.00000E+00 -0.60000E+03  0.23833E+07
   21.6000  0.23818E+07  0.00000E+00 -0.30192E+07 -0.23849E+07  0.00000E+00 -0.10998E+06  0.00000E+00  0.00000E+00  0.00000E+00  0.79084E+03  0.00000E+00 -0.54429E+03  0.25206E+07  0.15098E+04  0.00000E+00 -0.60000E+03  0.23849E+07
   21.8000  0.23825E+07  0.00000E+00 -0.30203E+07 -0.23863E+07  0.00000E+00 -0.10998E+06  0.00000E+00  0.00000E+00  0.00000E+00  0.79084E+03  0.00000E+00 -0.54430E+03  0.25218E+07  0.15098E+04  0.00000E+00 -0.60000E+03  0.23863E+07
   22.0000  0.23830E+07  0.00000E+00 -0.30210E+07 -0.23873E+07  0.00000E+00 -0.10998E+06  0.00000E+00  0.00000E+00  0.00000E+00  0.79083E+03  0.00000E+00 -0.54432E+03  0.25227E+07  0.15098E+04  0.00000E+00 -0.60000E+03  0.23873E+07
   22.2000  0.23833E+07  0.00000E+00 -0.30215E+07 -0.23879E+07  0.00000E+00 -0.10998E+06  0.00000E+00  0.00000E+00  0.00000E+00  0.79083E+03  0.00000E+00 -0.54433E+03  0.25232E+07  0.15098E+04  0.00000E+00 -0.60000E+03  0.23879E+07
   22.4000  0.23834E+07  0.00000E+00 -0.30217E+07 -0.23881E+07  0.00000E+00 -0.10998E+06  0.00000E+00  0.00000E+00  0.00000E+00  0.79083E+03  0.00000E+00 -0.54433E+03  0.25234E+07  0.15098E+04  0.00000E+00 -0.60000E+03  0.23881E+07
   22.6000  0.23833E+07  0.00000E+00 -0.30216E+07 -0.23879E+07  0.00000E+00 -0.10998E+06  0.00000E+00  0.00000E+00  0.00000E+00  0.79083E+03  0.00000E+00 -0.54434E+03  0.25231E+07  0.15098E+04  0.00000E+00 -0.60000E+03  0.23879E+07
   22.8000  0.23828E+07  0.00000E+00 -0.30212E+07 -0.23872E+07  0.00000E+00 -0.10998E+06  0.00000E+00  0.00000E+00  0.00000E+00  0.79083E+03  0.00000E+00 -0.54434E+03  0.25225E+07  0.15098E+04  0.00000E+00 -0.60000E+03  0.23872E+07
   23.0000  0.23822E+07  0.00000E+00 -0.30204E+07 -0.23860E+07  0.00000E+00 -0.10998E+06  0.00000E+00  0.00000E+00  0.00000E+00  0.79083E+03  0.00000E+00 -0.54433E+03  0.25215E+07  0.15098E+04  0.00000E+00 -0.60000E+03  0.23860E+07
   23.2000  0.23813E+07  0.00000E+00 -0.30194E+07 -0.23844E+07  0.00000E+00 -0.10998E+06  0.00000E+00  0.00000E+00  0.00000E+00  0.79083E+03  0.00000E+00 -0.54433E+03  0.25201E+07  0.15098E+04  0.00000E+00 -0.60000E+03  0.23844E+07
   23.4000  0.23802E+07  0.00000E+00 -0.30181E+07 -0.23825E+07  0.00000E+00 -0.10998E+06  0.00000E+00  0.00000E+00  0.00000E+00  0.79084E+03  0.00000E+00 -0.54432E+03  0.25184E+07  0.15098E+04  0.00000E+00 -0.60000E+03  0.23825E+07
   23.6000  0.23790E+07  0.00000E+00 -0.30166E+07 -0.23804E+07  0.00000E+00 -0.10998E+06  0.00000E+00  0.00000E+00  0.00000E+00  0.79084E+03  0.00000E+00 -0.54431E+03  0.25166E+07  0.15098E+04  0.00000E+00 -0.60000E+03  0.23803E+07
   23.8000  0.23776E+07  0.00000E+00 -0.30150E+07 -0.23780E+07  0.00000E+00 -0.10998E+06  0.00000E+00  0.00000E+00  0.00000E+00  0.79085E+03  0.00000E+00 -0.54430E+03  0.25145E+07  0.15098E+04  0.00000E+00 -0.60000E+03  0.23780E+07
   24.0000  0.23763E+07  0.00000E+00 -0.30134E+07 -0.23756E+07  0.00000E+00 -0.10998E+06  0.00000E+00  0.00000E+00  0.00000E+00  0.79085E+03  0.00000E+00 -0.54429E+03  0.25125E+07  0.15098E+04  0.00000E+00 -0.60000E+03  0.23756E+07
   24.2000  0.23750E+07  0.00000E+00 -0.30118E+07 -0.23733E+07  0.00000E+00 -0.10998E+06  0.00000E+00  0.00000E+00  0.00000E+00  0.79086E+03  0.00000E+00 -0.54427E+03  0.25105E+07  0.15098E+04  0.00000E+00 -0.60000E+03  0.23733E+07
   24.4000  0.23738E+07  0.00000E+00 -0.30103E+07 -0.23711E+07  0.00000E+00 -0.10998E+06  0.00000E+00  0.00000E+00  0.00000E+00  0.79086E+03  0.00000E+00 -0.54426E+03  0.25086E+07  0.15098E+04  0.00000E+00 -0.60000E+03  0.23711E+07
   24.6000  0.23727E+07  0.00000E+00 -0.30090E+07 -0.23692E+07  0.00000E+00 -0.10998E+06  0.00000E+00  0.00000E+00  0.00000E+00  0.79086E+03  0.00000E+00 -0.54424E+03  0.25070E+07  0.15098E+04  0.00000E+00 -0.60000E+03  0.23692E+07
   24.8000  0.23719E+07  0.00000E+00 -0.30080E+07 -0.23677E+07  0.00000E+00 -0.10998E+06  0.00000E+00  0.00000E+00  0.00000E+00  0.79087E+03  0.00000E+00 -0.54423E+03  0.25057E+07  0.15098E+04  0.00000E+00 -0.60000E+03  0.23677E+07
   25.0000  0.23713E+07  0.00000E+00 -0.30072E+07 -0.23666E+07  0.00000E+00 -0.10998E+06  0.00000E+00  0.00000E+00  0.00000E+00  0.79087E+03  0.00000E+00 -0.54422E+03  0.25048E+07  0.15098E+04  0.00000E+00 -0.60000E+03  0.23667E+07
   25.2000  0.23709E+07  0.00000E+00 -0.30067E+07 -0.23660E+07  0.00000E+00 -0.10998E+06  0.00000E+00  0.00000E+00  0.00000E+00  0.79087E+03  0.00000E+00 -0.54421E+03  0.25042E+07  0.15098E+04  0.00000E+00 -0.60000E+03  0.23660E+07
   25.4000  0.23708E+07  0.00000E+00 -0.30066E+07 -0.23659E+07  0.00000E+00 -0.10998E+06  0.00000E+00  0.00000E+00  0.00000E+00  0.79087E+03  0.00000E+00 -0.54420E+03  0.25041E+07  0.15098E+04  0.00000E+00 -0.60000E+03  0.23659E+07
   25.6000  0.23710E+07  0.00000E+00 -0.30068E+07 -0.23662E+07  0.00000E+00 -0.10998E+06  0.00000E+00  0.00000E+00  0.00000E+00  0.79087E+03  0.00000E+00 -0.54420E+03  0.25044E+07  0.15098E+04  0.00000E+00 -0.60000E+03  0.23662E+07
   25.8000  0.23715E+07  0.00000E+00 -0.30073E+07 -0.23670E+07  0.00000E+00 -0.10998E+06  0.00000E+00  0.00000E+00  0.00000E+00  0.79087E+03  0.00000E+00 -0.54420E+03  0.25051E+07  0.15098E+04  0.00000E+00 -0.60000E+03  0.23670E+07
   26.0000  0.23722E+07  0.00000E+00 -0.30081E+07 -0.23682E+07  0.00000E+00 -0.10998E+06  0.00000E+00  0.00000E+00  0.00000E+00  0.79087E+03  0.00000E+00 -0.54420E+03  0.25061E+07  0.15098E+04  0.00000E+00 -0.60000E+03  0.23682E+07
   26.2000  0.23731E+07  0.00000E+00 -0.30092E+07 -0.23698E+07  0.00000E+00 -0.10998E+06  0.00000E+00  0.00000E+00  0.00000E+00  0.79087E+03  0.00000E+00 -0.54421E+03  0.25075E+07  0.15098E+04  0.00000E+00 -0.60000E+03  0.23698E+07
   26.4000  0.23742E+07  0.00000E+00 -0.30104E+07 -0.23716E+07  0.00000E+00 -0.10998E+06  0.00000E+00  0.00000E+00  0.00000E+00  0.79087E+03  0.00000E+00 -0.54422E+03  0.25091E+07  0.15098E+04  0.00000E+00 -0.60000E+03  0.23716E+07
   26.6000  0.23755E+07  0.00000E+00 -0.30118E+07 -0.23737E+07  0.00000E+00 -0.10998E+06  0.00000E+00  0.00000E+00  0.00000E+00  0.79086E+03  0.00000E+00 -0.54423E+03  0.25109E+07  0.15098E+04  0.00000E+00 -0.60000E+03  0.23737E+07
   26.8000  0.23768E+07  0.00000E+00 -0.30132E+07 -0.23759E+07  0.00000E+00 -0.10998E+06  0.00000E+00  0.00000E+00  0.00000E+00  0.79086E+03  0.00000E+00 -0.54425E+03  0.25127E+07  0.15098E+04  0.00000E+00 -0.60000E+03  0.23759E+07
   27.0000  0.23783E+07  0.00000E+00 -0.30146E+07 -0.23781E+07  0.00000E+00 -0.10998E+06  0.00000E+00  0.00000E+00  0.00000E+00  0.79085E+03  0.00000E+00 -0.54426E+03  0.25146E+07  0.15098E+04  0.00000E+00 -0.60000E+03  0.23781E+07
   27.2000  0.23797E+07  0.00000E+00 -0.30159E+07 -0.23802E+07  0.00000E+00 -0.10998E+06  0.00000E+00  0.00000E+00  0.00000E+00  0.79085E+03  0.00000E+00 -0.54428E+03  0.25165E+07  0.15098E+04  0.00000E+00 -0.60000E+03  0.23802E+07
   27.4000  0.23811E+07  0.00000E+00 -0.30171E+07 -0.23822E+07  0.00000E+00 -0.10998E+06  0.00000E+00  0.00000E+00  0.00000E+00  0.79084E+03  0.00000E+00 -0.54430E+03  0.25182E+07  0.15098E+04  0.00000E+00 -0.60000E+03  0.23822E+07
   27.6000  0.23825E+07  0.00000E+00 -0.30182E+07 -0.23840E+07  0.00000E+00 -0.10998E+06  0.00000E+00  0.00000E+00  0.00000E+00  0.79084E+03  0.00000E+00 -0.54432E+03  0.25197E+07  0.15098E+04  0.00000E+00 -0.60000E+03  0.23840E+07
   27.8000  0.23837E+07  0.00000E+00 -0.30191E+07 -0.23855E+07  0.00000E+00 -0.10998E+06  0.00000E+00  0.00000E+00  0.00000E+00  0.79084E+03  0.00000E+00 -0.54434E+03  0.25211E+07  0.15098E+04  0.00000E+00 -0.60000E+03  0.23855E+07
   28.0000  0.23848E+07  0.00000E+00 -0.30198E+07 -0.23868E+07  0.00000E+00 -0.10998E+06  0.00000E+00  0.00000E+00  0.00000E+00  0.79083E+03  0.00000E+00 -0.54435E+03  0.25221E+07  0.15098E+04  0.00000E+00 -0.60000E+03  0.23868E+07
   28.2000  0.23857E+07  0.00000E+00 -0.30203E+07 -0.23878E+07  0.00000E+00 -0.10998E+06  0.00000E+00  0.00000E+00  0.00000E+00  0.79083E+03  0.00000E+00 -0.54436E+03  0.25230E+07  0.15098E+04  0.00000E+00 -0.60000E+03  0.23878E+07
   28.4000  0.23864E+07  0.00000E+00 -0.30205E+07 -0.23884E+07  0.00000E+00 -0.10998E+06  0.00000E+00  0.00000E+00  0.00000E+00  0.79083E+03  0.00000E+00 -0.54437E+03  0.25235E+07  0.15098E+04  0.00000E+00 -0.60000E+03  0.23884E+07
   28.6000  0.23869E+07  0.00000E+00 -0.30206E+07 -0.23888E+07  0.00000E+00 -0.10998E+06  0.00000E+00  0.00000E+00  0.00000E+00  0.79083E+03  0.00000E+00 -0.54438E+03  0.25238E+07  0.15098E+04  0.00000E+00 -0.60000E+03  0.23887E+07
   28.8000  0.23871E+07  0.00000E+00 -0.30205E+07 -0.23888E+07  0.00000E+00 -0.10998E+06  0.00000E+00  0.00000E+00  0.00000E+00  0.79083E+03  0.00000E+00 -0.54438E+03  0.25238E+07  0.15098E+04  0.00000E+00 -0.60000E+03  0.23888E+07
   29.0000  0.23871E+07  0.00000E+00 -0.30203E+07 -0.23886E+07  0.00000E+00 -0.10998E+06  0.00000E+00  0.00000E+00  0.00000E+00  0.79083E+03  0.00000E+00 -0.54438E+03  0.25237E+07  0.15098E+04  0.00000E+00 -0.60000E+03  0.23886E+07
   29.2000  0.23868E+07  0.00000E+00 -0.30199E+07 -0.23881E+07  0.00000E+00 -0.10998E+06  0.00000E+00  0.00000E+00  0.00000E+00  0.79083E+03  0.00000E+00 -0.54437E+03  0.25232E+07  0.15098E+04  0.00000E+00 -0.60000E+03  0.23881E+07
   29.4000  0.23864E+07  0.00000E+00 -0.30195E+07 -0.23874E+07  0.00000E+00 -0.10998E+06  0.00000E+00  0.00000E+00  0.00000E+00  0.79083E+03  0.00000E+00 -0.54436E+03  0.25227E+07  0.15098E+04  0.00000E+00 -0.60000E+03  0.23874E+07
   29.6000  0.23857E+07  0.00000E+00 -0.30189E+07 -0.23866E+07  0.00000E+00 -0.10998E+06  0.00000E+00  0.00000E+00  0.00000E+00  0.79083E+03  0.00000E+00 -0.54435E+03  0.25219E+07  0.15098E+04  0.00000E+00 -0.60000E+03  0.23866E+07
   29.8000  0.23848E+07  0.00000E+00 -0.30184E+07 -0.23856E+07  0.00000E+00 -0.10998E+06  0.00000E+00  0.00000E+00  0.00000E+00  0.79083E+03  0.00000E+00 -0.54434E+03  0.25211E+07  0.15098E+04  0.00000E+00 -0.60000E+03  0.23856E+07
   30.0000  0.23838E+07  0.00000E+00 -0.30178E+07 -0.23845E+07  0.00000E+00 -0.10998E+06  0.00000E+00  0.00000E+00  0.00000E+00  0.79084E+03  0.00000E+00 -0.54432E+03  0.25202E+07  0.15098E+04  0.00000E+00 -0.60000E+03  0.23844E+07
   30.2000  0.23826E+07  0.00000E+00 -0.30172E+07 -0.23833E+07  0.00000E+00 -0.10998E+06  0.00000E+00  0.00000E+00  0.00000E+00  0.79084E+03  0.00000E+00 -0.54431E+03  0.25192E+07  0.15098E+04  0.00000E+00 -0.60000E+03  0.23833E+07
   30.4000  0.23815E+07  0.00000E+00 -0.30166E+07 -0.23821E+07  0.00000E+00 -0.10998E+06  0.00000E+00  0.00000E+00  0.00000E+00  0.79084E+03  0.00000E+00 -0.54429E+03  0.25181E+07  0.15098E+04  0.00000E+00 -0.60000E+03  0.23821E+07
   30.6000  0.23803E+07  0.00000E+00 -0.30160E+07 -0.23808E+07  0.00000E+00 -0.10998E+06  0.00000E+00  0.00000E+00  0.00000E+00  0.79085E+03  0.00000E+00 -0.54428E+03  0.25171E+07  0.15098E+04  0.00000E+00 -0.60000E+03  0.23808E+07
   30.8000  0.23791E+07  0.00000E+00 -0.30154E+07 -0.23796E+07  0.00000E+00 -0.10998E+06  0.00000E+00  0.00000E+00  0.00000E+00  0.79085E+03  0.00000E+00 -0.54426E+03  0.25160E+07  0.15098E+04  0.00000E+00 -0.60000E+03  0.23796E+07
   31.0000  0.23779E+07  0.00000E+00 -0.30148E+07 -0.23784E+07  0.00000E+00 -0.10998E+06  0.00000E+00  0.00000E+00  0.00000E+00  0.79086E+03  0.00000E+00 -0.54425E+03  0.25150E+07  0.15098E+04  0.00000E+00 -0.60000E+03  0.23784E+07
   31.2000  0.23769E+07  0.00000E+00 -0.30142E+07 -0.23772E+07  0.00000E+00 -0.10998E+06  0.00000E+00  0.00000E+00  0.00000E+00  0.79086E+03  0.00000E+00 -0.54424E+03  0.25140E+07  0.15098E+04  0.00000E+00 -0.60000E+03  0.23772E+07
   31.4000  0.23759E+07  0.00000E+00 -0.30136E+07 -0.23760E+07  0.00000E+00 -0.10998E+06  0.00000E+00  0.00000E+00  0.00000E+00  0.79086E+03  0.00000E+00 -0.54423E+03  0.25130E+07  0.15098E+04  0.00000E+00 -0.60000E+03  0.23760E+07
   31.6000  0.23751E+07  0.00000E+00 -0.30130E+07 -0.23750E+07  0.00000E+00 -0.10998E+06  0.00000E+00  0.00000E+00  0.00000E+00  0.79087E+03  0.00000E+00 -0.54422E+03  0.25121E+07  0.15098E+04  0.00000E+00 -0.60000E+03  0.23750E+07
   31.8000  0.23744E+07  0.00000E+00 -0.30124E+07 -0.23741E+07  0.00000E+00 -0.10998E+06  0.00000E+00  0.00000E+00  0.00000E+00  0.79087E+03  0.00000E+00 -0.54421E+03  0.25113E+07  0.15098E+04  0.00000E+00 -0.60000E+03  0.23741E+07
   32.0000  0.23739E+07  0.00000E+00 -0.30119E+07 -0.23733E+07  0.00000E+00 -0.10998E+06  0.00000E+00  0.00000E+00  0.00000E+00  0.79087E+03  0.00000E+00 -0.54421E+03  0.25106E+07  0.15098E+04  0.00000E+00 -0.60000E+03  0.23733E+07
   32.2000  0.23736E+07  0.00000E+00 -0.30115E+07 -0.23726E+07  0.00000E+00 -0.10998E+06  0.00000E+00  0.00000E+00  0.00000E+00  0.79087E+03  0.00000E+00 -0.54420E+03  0.25101E+07  0.15098E+04  0.00000E+00 -0.60000E+03  0.23726E+07
   32.4000  0.23734E+07  0.00000E+00 -0.30112E+07 -0.23722E+07  0.00000E+00 -0.10998E+06  0.00000E+00  0.00000E+00  0.00000E+00  0.79087E+03  0.00000E+00 -0.54420E+03  0.25097E+07  0.15098E+04  0.00000E+00 -0.60000E+03  0.23722E+07
   32.6000  0.23735E+07  0.00000E+00 -0.30110E+07 -0.23720E+07  0.00000E+00 -0.10998E+06  0.00000E+00  0.00000E+00  0.00000E+00  0.79087E+03  0.00000E+00 -0.54421E+03  0.25095E+07  0.15098E+04  0.00000E+00 -0.60000E+03  0.23720E+07
   32.8000  0.23737E+07  0.00000E+00 -0.30109E+07 -0.23720E+07  0.00000E+00 -0.10998E+06  0.00000E+00  0.00000E+00  0.00000E+00  0.79087E+03  0.00000E+00 -0.54421E+03  0.25095E+07  0.15098E+04  0.00000E+00 -0.60000E+03  0.23720E+07
   33.0000  0.23740E+07  0.00000E+00 -0.30110E+07 -0.23722E+07  0.00000E+00 -0.10998E+06  0.00000E+00  0.00000E+00  0.00000E+00  0.79086E+03  0.00000E+00 -0.54421E+03  0.25097E+07  0.15098E+04  0.00000E+00 -0.60000E+03  0.23722E+07
   33.2000  0.23745E+07  0.00000E+00 -0.30112E+07 -0.23727E+07  0.00000E+00 -0.10998E+06  0.00000E+00  0.00000E+00  0.00000E+00  0.79086E+03  0.00000E+00 -0.54422E+03  0.25100E+07  0.15098E+04  0.00000E+00 -0.60000E+03  0.23727E+07
   33.4000  0.23751E+07  0.00000E+00 -0.30116E+07 -0.23733E+07  0.00000E+00 -0.10998E+06  0.00000E+00  0.00000E+00  0.00000E+00  0.79086E+03  0.00000E+00 -0.54423E+03  0.25106E+07  0.15098E+04  0.00000E+00 -0.60000E+03  0.23733E+07
   33.6000  0.23758E+07  0.00000E+00 -0.30121E+07 -0.23742E+07  0.00000E+00 -0.10998E+06  0.00000E+00  0.00000E+00  0.00000E+00  0.79086E+03  0.00000E+00 -0.54424E+03  0.25114E+07  0.15098E+04  0.00000E+00 -0.60000E+03  0.23742E+07
   33.8000  0.23765E+07  0.00000E+00 -0.30127E+07 -0.23752E+07  0.00000E+00 -0.10998E+06  0.00000E+00  0.00000E+00  0.00000E+00  0.79085E+03  0.00000E+00 -0.54425E+03  0.25122E+07  0.15098E+04  0.00000E+00 -0.60000E+03  0.23752E+07
   34.0000  0.23772E+07  0.00000E+00 -0.30134E+07 -0.23764E+07  0.00000E+00 -0.10998E+06  0.00000E+00  0.00000E+00  0.00000E+00  0.79085E+03  0.00000E+00 -0.54426E+03  0.25132E+07  0.15098E+04  0.00000E+00 -0.60000E+03  0.23764E+07
   34.2000  0.23779E+07  0.00000E+00 -0.30142E+07 -0.23776E+07  0.00000E+00 -0.10998E+06  0.00000E+00  0.00000E+00  0.00000E+00  0.79085E+03  0.00000E+00 -0.54427E+03  0.25142E+07  0.15098E+04  0.00000E+00 -0.60000E+03  0.23776E+07
   34.4000  0.23786E+07  0.00000E+00 -0.30151E+07 -0.23788E+07  0.00000E+00 -0.10998E+06  0.00000E+00  0.00000E+00  0.00000E+00  0.79085E+03  0.00000E+00 -0.54427E+03  0.25153E+07  0.15098E+04  0.00000E+00 -0.60000E+03  0.23788E+07
   34.6000  0.23792E+07  0.00000E+00 -0.30159E+07 -0.23800E+07  0.00000E+00 -0.10998E+06  0.00000E+00  0.00000E+00  0.00000E+00  0.79084E+03  0.00000E+00 -0.54428E+03  0.25163E+07  0.15098E+04  0.00000E+00 -0.60000E+03  0.23800E+07
   34.8000  0.23797E+07  0.00000E+00 -0.30167E+07 -0.23810E+07  0.00000E+00 -0.10998E+06  0.00000E+00  0.00000E+00  0.00000E+00  0.79084E+03  0.00000E+00 -0.54429E+03  0.25172E+07  0.15098E+04  0.00000E+00 -0.60000E+03  0.23810E+07
   35.0000  0.23800E+07  0.00000E+00 -0.30174E+07 -0.23819E+07  0.00000E+00 -0.10998E+06  0.00000E+00  0.00000E+00  0.00000E+00  0.79084E+03  0.00000E+00 -0.54429E+03  0.25179E+07  0.15098E+04  0.00000E+00 -0.60000E+03  0.23819E+07
   35.2000  0.23802E+07  0.00000E+00 -0.30179E+07 -0.23826E+07  0.00000E+00 -0.10998E+06  0.00000E+00  0.00000E+00  0.00000E+00  0.79084E+03  0.00000E+00 -0.54430E+03  0.25185E+07  0.15098E+04  0.00000E+00 -0.60000E+03  0.23825E+07
   35.4000  0.23803E+07  0.00000E+00 -0.30183E+07 -0.23830E+07  0.00000E+00 -0.10998E+06  0.00000E+00  0.00000E+00  0.00000E+00  0.79084E+03  0.00000E+00 -0.54430E+03  0.25189E+07  0.15098E+04  0.00000E+00 -0.60000E+03  0.23830E+07
   35.6000  0.23803E+07  0.00000E+00 -0.30184E+07 -0.23831E+07  0.00000E+00 -0.10998E+06  0.00000E+00  0.00000E+00  0.00000E+00  0.79084E+03  0.00000E+00 -0.54430E+03  0.25190E+07  0.15098E+04  0.00000E+00 -0.60000E+03  0.23831E+07
   35.8000  0.23801E+07  0.00000E+00 -0.30184E+07 -0.23830E+07  0.00000E+00 -0.10998E+06  0.00000E+00  0.00000E+00  0.00000E+00  0.79084E+03  0.00000E+00 -0.54430E+03  0.25189E+07  0.15098E+04  0.00000E+00 -0.60000E+03  0.23830E+07
   36.0000  0.23798E+07  0.00000E+00 -0.30181E+07 -0.23826E+07  0.00000E+00 -0.10998E+06  0.00000E+00  0.00000E+00  0.00000E+00  0.79084E+03  0.00000E+00 -0.54429E+03  0.25186E+07  0.15098E+04  0.00000E+00 -0.60000E+03  0.23826E+07
   36.2000  0.23794E+07  0.00000E+00 -0.30177E+07 -0.23820E+07  0.00000E+00 -0.10998E+06  0.00000E+00  0.00000E+00  0.00000E+00  0.79085E+03  0.00000E+00 -0.54429E+03  0.25180E+07  0.15098E+04  0.00000E+00 -0.60000E+03  0.23820E+07
   36.4000  0.23790E+07  0.00000E+00 -0.30171E+07 -0.23812E+07  0.00000E+00 -0.10998E+06  0.00000E+00  0.00000E+00  0.00000E+00  0.79085E+03  0.00000E+00 -0.54428E+03  0.25173E+07  0.15098E+04  0.00000E+00 -0.60000E+03  0.23812E+07
   36.6000  0.23785E+07  0.00000E+00 -0.30163E+07 -0.23802E+07  0.00000E+00 -0.10998E+06  0.00000E+00  0.00000E+00  0.00000E+00  0.79085E+03  0.00000E+00 -0.54427E+03  0.25165E+07  0.15098E+04  0.00000E+00 -0.60000E+03  0.23802E+07
   36.8000  0.23780E+07  0.00000E+00 -0.30155E+07 -0.23792E+07  0.00000E+00 -0.10998E+06  0.00000E+00  0.00000E+00  0.00000E+00  0.79085E+03  0.00000E+00 -0.54427E+03  0.25156E+07  0.15098E+04  0.00000E+00 -0.60000E+03  0.23792E+07
   37.0000  0.23776E+07  0.00000E+00 -0.30147E+07 -0.23782E+07  0.00000E+00 -0.10998E+06  0.00000E+00  0.00000E+00  0.00000E+00  0.79085E+03  0.00000E+00 -0.54426E+03  0.25147E+07  0.15098E+04  0.00000E+00 -0.60000E+03  0.23782E+07
   37.2000  0.23772E+07  0.00000E+00 -0.30139E+07 -0.23772E+07  0.00000E+00 -0.10998E+06  0.00000E+00  0.00000E+00  0.00000E+00  0.79085E+03  0.00000E+00 -0.54426E+03  0.25138E+07  0.15098E+04  0.00000E+00 -0.60000E+03  0.23772E+07
   37.4000  0.23770E+07  0.00000E+00 -0.30132E+07 -0.23764E+07  0.00000E+00 -0.10998E+06  0.00000E+00  0.00000E+00  0.00000E+00  0.79086E+03  0.00000E+00 -0.54425E+03  0.25131E+07  0.15098E+04  0.00000E+00 -0.60000E+03  0.23764E+07
   37.6000  0.23769E+07  0.00000E+00 -0.30126E+07 -0.23757E+07  0.00000E+00 -0.10998E+06  0.00000E+00  0.00000E+00  0.00000E+00  0.79086E+03  0.00000E+00 -0.54425E+03  0.25125E+07  0.15098E+04  0.00000E+00 -0.60000E+03  0.23757E+07
   37.8000  0.23769E+07  0.00000E+00 -0.30122E+07 -0.23753E+07  0.00000E+00 -0.10998E+06  0.00000E+00  0.00000E+00  0.00000E+00  0.79086E+03  0.00000E+00 -0.54425E+03  0.25121E+07  0.15098E+04  0.00000E+00 -0.60000E+03  0.23753E+07
   38.0000  0.23771E+07  0.00000E+00 -0.30119E+07 -0.23751E+07  0.00000E+00 -0.10998E+06  0.00000E+00  0.00000E+00  0.00000E+00  0.79086E+03  0.00000E+00 -0.54425E+03  0.25120E+07  0.15098E+04  0.00000E+00 -0.60000E+03  0.23751E+07
   38.2000  0.23775E+07  0.00000E+00 -0.30119E+07 -0.23752E+07  0.00000E+00 -0.10998E+06  0.00000E+00  0.00000E+00  0.00000E+00  0.79086E+03  0.00000E+00 -0.54425E+03  0.25122E+07  0.15098E+04  0.00000E+00 -0.60000E+03  0.23752E+07
   38.4000  0.23780E+07  0.00000E+00 -0.30121E+07 -0.23757E+07  0.00000E+00 -0.10998E+06  0.00000E+00  0.00000E+00  0.00000E+00  0.79086E+03  0.00000E+00 -0.54426E+03  0.25126E+07  0.15098E+04  0.00000E+00 -0.60000E+03  0.23757E+07
   38.6000  0.23787E+07  0.00000E+00 -0.30125E+07 -0.23764E+07  0.00000E+00 -0.10998E+06  0.00000E+00  0.00000E+00  0.00000E+00  0.79086E+03  0.00000E+00 -0.54426E+03  0.25132E+07  0.15098E+04  0.00000E+00 -0.60000E+03  0.23764E+07
   38.8000  0.23795E+07  0.00000E+00 -0.30131E+07 -0.23774E+07  0.00000E+00 -0.10998E+06  0.00000E+00  0.00000E+00  0.00000E+00  0.79085E+03  0.00000E+00 -0.54427E+03  0.25140E+07  0.15098E+04  0.00000E+00 -0.60000E+03  0.23774E+07
   39.0000  0.23804E+07  0.00000E+00 -0.30138E+07 -0.23785E+07  0.00000E+00 -0.10998E+06  0.00000E+00  0.00000E+00  0.00000E+00  0.79085E+03  0.00000E+00 -0.54428E+03  0.25150E+07  0.15098E+04  0.00000E+00 -0.60000E+03  0.23785E+07
   39.2000  0.23813E+07  0.00000E+00 -0.30147E+07 -0.23798E+07  0.00000E+00 -0.10998E+06  0.00000E+00  0.00000E+00  0.00000E+00  0.79085E+03  0.00000E+00 -0.54429E+03  0.25162E+07  0.15098E+04  0.00000E+00 -0.60000E+03  0.23798E+07
   39.4000  0.23822E+07  0.00000E+00 -0.30156E+07 -0.23811E+07  0.00000E+00 -0.10998E+06  0.00000E+00  0.00000E+00  0.00000E+00  0.79085E+03  0.00000E+00 -0.54430E+03  0.25173E+07  0.15098E+04  0.00000E+00 -0.60000E+03  0.23811E+07
   39.6000  0.23831E+07  0.00000E+00 -0.30165E+07 -0.23823E+07  0.00000E+00 -0.10998E+06  0.00000E+00  0.00000E+00  0.00000E+00  0.79084E+03  0.00000E+00 -0.54431E+03  0.25184E+07  0.15098E+04  0.00000E+00 -0.60000E+03  0.23823E+07
   39.8000  0.23839E+07  0.00000E+00 -0.30173E+07 -0.23835E+07  0.00000E+00 -0.10998E+06  0.00000E+00  0.00000E+00  0.00000E+00  0.79084E+03  0.00000E+00 -0.54432E+03  0.25195E+07  0.15098E+04  0.00000E+00 -0.60000E+03  0.23835E+07
   40.0000  0.23845E+07  0.00000E+00 -0.30181E+07 -0.23845E+07  0.00000E+00 -0.10998E+06  0.00000E+00  0.00000E+00  0.00000E+00  0.79084E+03  0.00000E+00 -0.54432E+03  0.25204E+07  0.15098E+04  0.00000E+00 -0.60000E+03  0.23845E+07
   40.2000  0.23849E+07  0.00000E+00 -0.30187E+07 -0.23853E+07  0.00000E+00 -0.10998E+06  0.00000E+00  0.00000E+00  0.00000E+00  0.79084E+03  0.00000E+00 -0.54433E+03  0.25211E+07  0.15098E+04  0.00000E+00 -0.60000E+03  0.23853E+07
   40.4000  0.23851E+07  0.00000E+00 -0.30191E+07 -0.23859E+07  0.00000E+00 -0.10998E+06  0.00000E+00  0.00000E+00  0.00000E+00  0.79084E+03  0.00000E+00 -0.54433E+03  0.25216E+07  0.15098E+04  0.00000E+00 -0.60000E+03  0.23859E+07
   40.6000  0.23850E+07  0.00000E+00 -0.30194E+07 -0.23861E+07  0.00000E+00 -0.10998E+06  0.00000E+00  0.00000E+00  0.00000E+00  0.79084E+03  0.00000E+00 -0.54433E+03  0.25218E+07  0.15098E+04  0.00000E+00 -0.60000E+03  0.23861E+07
   40.8000  0.23847E+07  0.00000E+00 -0.30194E+07 -0.23860E+07  0.00000E+00 -0.10998E+06  0.00000E+00  0.00000E+00  0.00000E+00  0.79084E+03  0.00000E+00 -0.54433E+03  0.25217E+07  0.15098E+04  0.00000E+00 -0.60000E+03  0.23860E+07
   41.0000  0.23842E+07  0.00000E+00 -0.30193E+07 -0.23856E+07  0.00000E+00 -0.10998E+06  0.00000E+00  0.00000E+00  0.00000E+00  0.79084E+03  0.00000E+00 -0.54433E+03  0.25213E+07  0.15098E+04  0.00000E+00 -0.60000E+03  0.23856E+07
   41.2000  0.23834E+07  0.00000E+00 -0.30189E+07 -0.23849E+07  0.00000E+00 -0.10998E+06  0.00000E+00  0.00000E+00  0.00000E+00  0.79084E+03  0.00000E+00 -0.54432E+03  0.25206E+07  0.15098E+04  0.00000E+00 -0.60000E+03  0.23849E+07
   41.4000  0.23824E+07  0.00000E+00 -0.30183E+07 -0.23839E+07  0.00000E+00 -0.10998E+06  0.00000E+00  0.00000E+00  0.00000E+00  0.79084E+03  0.00000E+00 -0.54432E+03  0.25197E+07  0.15098E+04  0.00000E+00 -0.60000E+03  0.23839E+07
   41.6000  0.23812E+07  0.00000E+00 -0.30176E+07 -0.23826E+07  0.00000E+00 -0.10998E+06  0.00000E+00  0.00000E+00  0.00000E+00  0.79084E+03  0.00000E+00 -0.54431E+03  0.25186E+07  0.15098E+04  0.00000E+00 -0.60000E+03  0.23826E+07
   41.8000  0.23800E+07  0.00000E+00 -0.30167E+07 -0.23811E+07  0.00000E+00 -0.10998E+06  0.00000E+00  0.00000E+00  0.00000E+00  0.79084E+03  0.00000E+00 -0.54430E+03  0.25173E+07  0.15098E+04  0.00000E+00 -0.60000E+03  0.23811E+07
   42.0000  0.23787E+07  0.00000E+00 -0.30158E+07 -0.23795E+07  0.00000E+00 -0.10998E+06  0.00000E+00  0.00000E+00  0.00000E+00  0.79085E+03  0.00000E+00 -0.54429E+03  0.25159E+07  0.15098E+04  0.00000E+00 -0.60000E+03  0.23795E+07
   42.2000  0.23774E+07  0.00000E+00 -0.30147E+07 -0.23779E+07  0.00000E+00 -0.10998E+06  0.00000E+00  0.00000E+00  0.00000E+00  0.79085E+03  0.00000E+00 -0.54428E+03  0.25144E+07  0.15098E+04  0.00000E+00 -0.60000E+03  0.23779E+07
   42.4000  0.23761E+07  0.00000E+00 -0.30137E+07 -0.23762E+07  0.00000E+00 -0.10998E+06  0.00000E+00  0.00000E+00  0.00000E+00  0.79085E+03  0.00000E+00 -0.54427E+03  0.25129E+07  0.15098E+04  0.00000E+00 -0.60000E+03  0.23762E+07
   42.6000  0.23749E+07  0.00000E+00 -0.30127E+07 -0.23746E+07  0.00000E+00 -0.10998E+06  0.00000E+00  0.00000E+00  0.00000E+00  0.79085E+03  0.00000E+00 -0.54426E+03  0.25115E+07  0.15098E+04  0.00000E+00 -0.60000E+03  0.23746E+07
   42.8000  0.23739E+07  0.00000E+00 -0.30118E+07 -0.23732E+07  0.00000E+00 -0.10998E+06  0.00000E+00  0.00000E+00  0.00000E+00  0.79086E+03  0.00000E+00 -0.54425E+03  0.25103E+07  0.15098E+04  0.00000E+00 -0.60000E+03  0.23732E+07
   43.0000  0.23731E+07  0.00000E+00 -0.30109E+07 -0.23719E+07  0.00000E+00 -0.10998E+06  0.00000E+00  0.00000E+00  0.00000E+00  0.79086E+03  0.00000E+00 -0.54425E+03  0.25091E+07  0.15098E+04  0.00000E+00 -0.60000E+03  0.23719E+07
   43.2000  0.23724E+07  0.00000E+00 -0.30103E+07 -0.23708E+07  0.00000E+00 -0.10998E+06  0.00000E+00  0.00000E+00  0.00000E+00  0.79086E+03  0.00000E+00 -0.54424E+03  0.25082E+07  0.15098E+04  0.00000E+00 -0.60000E+03  0.23708E+07
   43.4000  0.23719E+07  0.00000E+00 -0.30098E+07 -0.23701E+07  0.00000E+00 -0.10998E+06  0.00000E+00  0.00000E+00  0.00000E+00  0.79087E+03  0.00000E+00 -0.54424E+03  0.25076E+07  0.15098E+04  0.00000E+00 -0.60000E+03  0.23701E+07
   43.6000  0.23717E+07  0.00000E+00 -0.30095E+07 -0.23696E+07  0.00000E+00 -0.10998E+06  0.00000E+00  0.00000E+00  0.00000E+00  0.79087E+03  0.00000E+00 -0.54424E+03  0.25072E+07  0.15098E+04  0.00000E+00 -0.60000E+03  0.23696E+07
   43.8000  0.23717E+07  0.00000E+00 -0.30094E+07 -0.23695E+07  0.00000E+00 -0.10998E+06  0.00000E+00  0.00000E+00  0.00000E+00  0.79087E+03  0.00000E+00 -0.54424E+03  0.25071E+07  0.15098E+04  0.00000E+00 -0.60000E+03  0.23695E+07
   44.0000  0.23719E+07  0.00000E+00 -0.30095E+07 -0.23697E+07  0.00000E+00 -0.10998E+06  0.00000E+00  0.00000E+00  0.00000E+00  0.79087E+03  0.00000E+00 -0.54424E+03  0.25072E+07  0.15098E+04  0.00000E+00 -0.60000E+03  0.23697E+07
   44.2000  0.23723E+07  0.00000E+00 -0.30098E+07 -0.23702E+07  0.00000E+00 -0.10998E+06  0.00000E+00  0.00000E+00  0.00000E+00  0.79087E+03  0.00000E+00 -0.54424E+03  0.25077E+07  0.15098E+04  0.00000E+00 -0.60000E+03  0.23702E+07
   44.4000  0.23729E+07  0.00000E+00 -0.30103E+07 -0.23710E+07  0.00000E+00 -0.10998E+06  0.00000E+00  0.00000E+00  0.00000E+00  0.79087E+03  0.00000E+00 -0.54425E+03  0.25084E+07  0.15098E+04  0.00000E+00 -0.60000E+03  0.23710E+07
   44.6000  0.23737E+07  0.00000E+00 -0.30109E+07 -0.23721E+07  0.00000E+00 -0.10998E+06  0.00000E+00  0.00000E+00  0.00000E+00  0.79086E+03  0.00000E+00 -0.54425E+03  0.25093E+07  0.15098E+04  0.00000E+00 -0.60000E+03  0.23721E+07
   44.8000  0.23747E+07  0.00000E+00 -0.30117E+07 -0.23734E+07  0.00000E+00 -0.10998E+06  0.00000E+00  0.00000E+00  0.00000E+00  0.79086E+03  0.00000E+00 -0.54426E+03  0.25105E+07  0.15098E+04  0.00000E+00 -0.60000E+03  0.23734E+07
   45.0000  0.23757E+07  0.00000E+00 -0.30126E+07 -0.23748E+07  0.00000E+00 -0.10998E+06  0.00000E+00  0.00000E+00  0.00000E+00  0.79086E+03  0.00000E+00 -0.54426E+03  0.25118E+07  0.15098E+04  0.00000E+00 -0.60000E+03  0.23748E+07
   45.2000  0.23769E+07  0.00000E+00 -0.30136E+07 -0.23764E+07  0.00000E+00 -0.10998E+06  0.00000E+00  0.00000E+00  0.00000E+00  0.79085E+03  0.00000E+00 -0.54427E+03  0.25131E+07  0.15098E+04  0.00000E+00 -0.60000E+03  0.23764E+07
   45.4000  0.23780E+07  0.00000E+00 -0.30146E+07 -0.23780E+07  0.00000E+00 -0.10998E+06  0.00000E+00  0.00000E+00  0.00000E+00  0.79085E+03  0.00000E+00 -0.54427E+03  0.25146E+07  0.15098E+04  0.00000E+00 -0.60000E+03  0.23780E+07
   45.6000  0.23792E+07  0.00000E+00 -0.30155E+07 -0.23797E+07  0.00000E+00 -0.10998E+06  0.00000E+00  0.00000E+00  0.00000E+00  0.79085E+03  0.00000E+00 -0.54428E+03  0.25160E+07  0.15098E+04  0.00000E+00 -0.60000E+03  0.23797E+07
   45.8000  0.23804E+07  0.00000E+00 -0.30165E+07 -0.23812E+07  0.00000E+00 -0.10998E+06  0.00000E+00  0.00000E+00  0.00000E+00  0.79084E+03  0.00000E+00 -0.54428E+03  0.25174E+07  0.15098E+04  0.00000E+00 -0.60000E+03  0.23812E+07
   46.0000  0.23815E+07  0.00000E+00 -0.30173E+07 -0.23826E+07  0.00000E+00 -0.10998E+06  0.00000E+00  0.00000E+00  0.00000E+00  0.79084E+03  0.00000E+00 -0.54429E+03  0.25187E+07  0.15098E+04  0.00000E+00 -0.60000E+03  0.23826E+07
   46.2000  0.23824E+07  0.00000E+00 -0.30181E+07 -0.23839E+07  0.00000E+00 -0.10998E+06  0.00000E+00  0.00000E+00  0.00000E+00  0.79084E+03  0.00000E+00 -0.54429E+03  0.25198E+07  0.15098E+04  0.00000E+00 -0.60000E+03  0.23839E+07
   46.4000  0.23832E+07  0.00000E+00 -0.30187E+07 -0.23849E+07  0.00000E+00 -0.10998E+06  0.00000E+00  0.00000E+00  0.00000E+00  0.79084E+03  0.00000E+00 -0.54429E+03  0.25207E+07  0.15098E+04  0.00000E+00 -0.60000E+03  0.23849E+07
   46.6000  0.23839E+07  0.00000E+00 -0.30192E+07 -0.23857E+07  0.00000E+00 -0.10998E+06  0.00000E+00  0.00000E+00  0.00000E+00  0.79084E+03  0.00000E+00 -0.54429E+03  0.25214E+07  0.15098E+04  0.00000E+00 -0.60000E+03  0.23857E+07
   46.8000  0.23843E+07  0.00000E+00 -0.30195E+07 -0.23862E+07  0.00000E+00 -0.10998E+06  0.00000E+00  0.00000E+00  0.00000E+00  0.79084E+03  0.00000E+00 -0.54429E+03  0.25219E+07  0.15098E+04  0.00000E+00 -0.60000E+03  0.23862E+07
   47.0000  0.23844E+07  0.00000E+00 -0.30196E+07 -0.23864E+07  0.00000E+00 -0.10998E+06  0.00000E+00  0.00000E+00  0.00000E+00  0.79084E+03  0.00000E+00 -0.54429E+03  0.25221E+07  0.15098E+04  0.00000E+00 -0.60000E+03  0.23864E+07
   47.2000  0.23844E+07  0.00000E+00 -0.30195E+07 -0.23863E+07  0.00000E+00 -0.10998E+06  0.00000E+00  0.00000E+00  0.00000E+00  0.79084E+03  0.00000E+00 -0.54429E+03  0.25220E+07  0.15098E+04  0.00000E+00 -0.60000E+03  0.23863E+07
   47.4000  0.23842E+07  0.00000E+00 -0.30193E+07 -0.23859E+07  0.00000E+00 -0.10998E+06  0.00000E+00  0.00000E+00  0.00000E+00  0.79084E+03  0.00000E+00 -0.54429E+03  0.25217E+07  0.15098E+04  0.00000E+00 -0.60000E+03  0.23859E+07
   47.6000  0.23837E+07  0.00000E+00 -0.30189E+07 -0.23853E+07  0.00000E+00 -0.10998E+06  0.00000E+00  0.00000E+00  0.00000E+00  0.79084E+03  0.00000E+00 -0.54428E+03  0.25211E+07  0.15098E+04  0.00000E+00 -0.60000E+03  0.23853E+07
   47.8000  0.23831E+07  0.00000E+00 -0.30183E+07 -0.23844E+07  0.00000E+00 -0.10998E+06  0.00000E+00  0.00000E+00  0.00000E+00  0.79085E+03  0.00000E+00 -0.54428E+03  0.25203E+07  0.15098E+04  0.00000E+00 -0.60000E+03  0.23844E+07
   48.0000  0.23823E+07  0.00000E+00 -0.30176E+07 -0.23833E+07  0.00000E+00 -0.10998E+06  0.00000E+00  0.00000E+00  0.00000E+00  0.79085E+03  0.00000E+00 -0.54428E+03  0.25194E+07  0.15098E+04  0.00000E+00 -0.60000E+03  0.23833E+07
   48.2000  0.23815E+07  0.00000E+00 -0.30169E+07 -0.23822E+07  0.00000E+00 -0.10998E+06  0.00000E+00  0.00000E+00  0.00000E+00  0.79085E+03  0.00000E+00 -0.54427E+03  0.25184E+07  0.15098E+04  0.00000E+00 -0.60000E+03  0.23822E+07
   48.4000  0.23806E+07  0.00000E+00 -0.30161E+07 -0.23809E+07  0.00000E+00 -0.10998E+06  0.00000E+00  0.00000E+00  0.00000E+00  0.79085E+03  0.00000E+00 -0.54427E+03  0.25172E+07  0.15098E+04  0.00000E+00 -0.60000E+03  0.23809E+07
   48.6000  0.23797E+07  0.00000E+00 -0.30152E+07 -0.23796E+07  0.00000E+00 -0.10998E+06  0.00000E+00  0.00000E+00  0.00000E+00  0.79086E+03  0.00000E+00 -0.54426E+03  0.25161E+07  0.15098E+04  0.00000E+00 -0.60000E+03  0.23796E+07
   48.8000  0.23788E+07  0.00000E+00 -0.30144E+07 -0.23784E+07  0.00000E+00 -0.10998E+06  0.00000E+00  0.00000E+00  0.00000E+00  0.79086E+03  0.00000E+00 -0.54426E+03  0.25150E+07  0.15098E+04  0.00000E+00 -0.60000E+03  0.23784E+07
   49.0000  0.23780E+07  0.00000E+00 -0.30136E+07 -0.23773E+07  0.00000E+00 -0.10998E+06  0.00000E+00  0.00000E+00  0.00000E+00  0.79086E+03  0.00000E+00 -0.54426E+03  0.25139E+07  0.15098E+04  0.00000E+00 -0.60000E+03  0.23773E+07
   49.2000  0.23773E+07  0.00000E+00 -0.30130E+07 -0.23763E+07  0.00000E+00 -0.10998E+06  0.00000E+00  0.00000E+00  0.00000E+00  0.79086E+03  0.00000E+00 -0.54425E+03  0.25131E+07  0.15098E+04  0.00000E+00 -0.60000E+03  0.23763E+07
   49.4000  0.23767E+07  0.00000E+00 -0.30125E+07 -0.23756E+07  0.00000E+00 -0.10998E+06  0.00000E+00  0.00000E+00  0.00000E+00  0.79086E+03  0.00000E+00 -0.54425E+03  0.25124E+07  0.15098E+04  0.00000E+00 -0.60000E+03  0.23756E+07
   49.6000  0.23764E+07  0.00000E+00 -0.30121E+07 -0.23751E+07  0.00000E+00 -0.10998E+06  0.00000E+00  0.00000E+00  0.00000E+00  0.79086E+03  0.00000E+00 -0.54425E+03  0.25120E+07  0.15098E+04  0.00000E+00 -0.60000E+03  0.23751E+07
   49.8000  0.23762E+07  0.00000E+00 -0.30120E+07 -0.23749E+07  0.00000E+00 -0.10998E+06  0.00000E+00  0.00000E+00  0.00000E+00  0.79086E+03  0.00000E+00 -0.54425E+03  0.25118E+07  0.15098E+04  0.00000E+00 -0.60000E+03  0.23750E+07
   50.0000  0.23762E+07  0.00000E+00 -0.30121E+07 -0.23751E+07  0.00000E+00 -0.10998E+06  0.00000E+00  0.00000E+00  0.00000E+00  0.79086E+03  0.00000E+00 -0.54425E+03  0.25119E+07  0.15098E+04  0.00000E+00 -0.60000E+03  0.23751E+07
   50.2000  0.23764E+07  0.00000E+00 -0.30124E+07 -0.23754E+07  0.00000E+00 -0.10998E+06  0.00000E+00  0.00000E+00  0.00000E+00  0.79085E+03  0.00000E+00 -0.54426E+03  0.25122E+07  0.15098E+04  0.00000E+00 -0.60000E+03  0.23754E+07
   50.4000  0.23767E+07  0.00000E+00 -0.30129E+07 -0.23761E+07  0.00000E+00 -0.10998E+06  0.00000E+00  0.00000E+00  0.00000E+00  0.79085E+03  0.00000E+00 -0.54426E+03  0.25128E+07  0.15098E+04  0.00000E+00 -0.60000E+03  0.23761E+07
   50.6000  0.23772E+07  0.00000E+00 -0.30135E+07 -0.23770E+07  0.00000E+00 -0.10998E+06  0.00000E+00  0.00000E+00  0.00000E+00  0.79085E+03  0.00000E+00 -0.54427E+03  0.25135E+07  0.15098E+04  0.00000E+00 -0.60000E+03  0.23770E+07
   50.8000  0.23778E+07  0.00000E+00 -0.30143E+07 -0.23780E+07  0.00000E+00 -0.10998E+06  0.00000E+00  0.00000E+00  0.00000E+00  0.79085E+03  0.00000E+00 -0.54427E+03  0.25145E+07  0.15098E+04  0.00000E+00 -0.60000E+03  0.23780E+07
   51.0000  0.23785E+07  0.00000E+00 -0.30151E+07 -0.23791E+07  0.00000E+00 -0.10998E+06  0.00000E+00  0.00000E+00  0.00000E+00  0.79085E+03  0.00000E+00 -0.54428E+03  0.25155E+07  0.15098E+04  0.00000E+00 -0.60000E+03  0.23791E+07
   51.2000  0.23792E+07  0.00000E+00 -0.30160E+07 -0.23803E+07  0.00000E+00 -0.10998E+06  0.00000E+00  0.00000E+00  0.00000E+00  0.79084E+03  0.00000E+00 -0.54428E+03  0.25165E+07  0.15098E+04  0.00000E+00 -0.60000E+03  0.23803E+07
   51.4000  0.23799E+07  0.00000E+00 -0.30168E+07 -0.23813E+07  0.00000E+00 -0.10998E+06  0.00000E+00  0.00000E+00  0.00000E+00  0.79084E+03  0.00000E+00 -0.54429E+03  0.25174E+07  0.15098E+04  0.00000E+00 -0.60000E+03  0.23813E+07
   51.6000  0.23805E+07  0.00000E+00 -0.30175E+07 -0.23823E+07  0.00000E+00 -0.10998E+06  0.00000E+00  0.00000E+00  0.00000E+00  0.79084E+03  0.00000E+00 -0.54430E+03  0.25183E+07  0.15098E+04  0.00000E+00 -0.60000E+03  0.23822E+07
   51.8000  0.23810E+07  0.00000E+00 -0.30181E+07 -0.23830E+07  0.00000E+00 -0.10998E+06  0.00000E+00  0.00000E+00  0.00000E+00  0.79084E+03  0.00000E+00 -0.54430E+03  0.25189E+07  0.15098E+04  0.00000E+00 -0.60000E+03  0.23830E+07
   52.0000  0.23813E+07  0.00000E+00 -0.30184E+07 -0.23834E+07  0.00000E+00 -0.10998E+06  0.00000E+00  0.00000E+00  0.00000E+00  0.79084E+03  0.00000E+00 -0.54430E+03  0.25194E+07  0.15098E+04  0.00000E+00 -0.60000E+03  0.23834E+07
   52.2000  0.23815E+07  0.00000E+00 -0.30186E+07 -0.23835E+07  0.00000E+00 -0.10998E+06  0.00000E+00  0.00000E+00  0.00000E+00  0.79084E+03  0.00000E+00 -0.54430E+03  0.25195E+07  0.15098E+04  0.00000E+00 -0.60000E+03  0.23835E+07
   52.4000  0.23814E+07  0.00000E+00 -0.30185E+07 -0.23833E+07  0.00000E+00 -0.10998E+06  0.00000E+00  0.00000E+00  0.00000E+00  0.79084E+03  0.00000E+00 -0.54430E+03  0.25194E+07  0.15098E+04  0.00000E+00 -0.60000E+03  0.23833E+07
   52.6000  0.23812E+07  0.00000E+00 -0.30181E+07 -0.23828E+07  0.00000E+00 -0.10998E+06  0.00000E+00  0.00000E+00  0.00000E+00  0.79084E+03  0.00000E+00 -0.54430E+03  0.25189E+07  0.15098E+04  0.00000E+00 -0.60000E+03  0.23828E+07
   52.8000  0.23807E+07  0.00000E+00 -0.30176E+07 -0.23820E+07  0.00000E+00 -0.10998E+06  0.00000E+00  0.00000E+00  0.00000E+00  0.79085E+03  0.00000E+00 -0.54429E+03  0.25182E+07  0.15098E+04  0.00000E+00 -0.60000E+03  0.23820E+07
   53.0000  0.23801E+07  0.00000E+00 -0.30168E+07 -0.23808E+07  0.00000E+00 -0.10998E+06  0.00000E+00  0.00000E+00  0.00000E+00  0.79085E+03  0.00000E+00 -0.54429E+03  0.25172E+07  0.15098E+04  0.00000E+00 -0.60000E+03  0.23808E+07
   53.2000  0.23793E+07  0.00000E+00 -0.30158E+07 -0.23795E+07  0.00000E+00 -0.10998E+06  0.00000E+00  0.00000E+00  0.00000E+00  0.79085E+03  0.00000E+00 -0.54428E+03  0.25160E+07  0.15098E+04  0.00000E+00 -0.60000E+03  0.23795E+07
   53.4000  0.23784E+07  0.00000E+00 -0.30148E+07 -0.23780E+07  0.00000E+00 -0.10998E+06  0.00000E+00  0.00000E+00  0.00000E+00  0.79085E+03  0.00000E+00 -0.54427E+03  0.25147E+07  0.15098E+04  0.00000E+00 -0.60000E+03  0.23780E+07
   53.6000  0.23775E+07  0.00000E+00 -0.30137E+07 -0.23764E+07  0.00000E+00 -0.10998E+06  0.00000E+00  0.00000E+00  0.00000E+00  0.79085E+03  0.00000E+00 -0.54427E+03  0.25134E+07  0.15098E+04  0.00000E+00 -0.60000E+03  0.23764E+07
   53.8000  0.23765E+07  0.00000E+00 -0.30126E+07 -0.23749E+07  0.00000E+00 -0.10998E+06  0.00000E+00  0.00000E+00  0.00000E+00  0.79086E+03  0.00000E+00 -0.54426E+03  0.25120E+07  0.15098E+04  0.00000E+00 -0.60000E+03  0.23749E+07
   54.0000  0.23756E+07  0.00000E+00 -0.30116E+07 -0.23735E+07  0.00000E+00 -0.10998E+06  0.00000E+00  0.00000E+00  0.00000E+00  0.79086E+03  0.00000E+00 -0.54425E+03  0.25107E+07  0.15098E+04  0.00000E+00 -0.60000E+03  0.23735E+07
   54.2000  0.23749E+07  0.00000E+00 -0.30108E+07 -0.23723E+07  0.00000E+00 -0.10998E+06  0.00000E+00  0.00000E+00  0.00000E+00  0.79086E+03  0.00000E+00 -0.54425E+03  0.25097E+07  0.15098E+04  0.00000E+00 -0.60000E+03  0.23723E+07
   54.4000  0.23742E+07  0.00000E+00 -0.30101E+07 -0.23714E+07  0.00000E+00 -0.10998E+06  0.00000E+00  0.00000E+00  0.00000E+00  0.79086E+03  0.00000E+00 -0.54424E+03  0.25088E+07  0.15098E+04  0.00000E+00 -0.60000E+03  0.23714E+07
   54.6000  0.23738E+07  0.00000E+00 -0.30096E+07 -0.23707E+07  0.00000E+00 -0.10998E+06  0.00000E+00  0.00000E+00  0.00000E+00  0.79086E+03  0.00000E+00 -0.54424E+03  0.25082E+07  0.15098E+04  0.00000E+00 -0.60000E+03  0.23707E+07
   54.8000  0.23735E+07  0.00000E+00 -0.30094E+07 -0.23705E+07  0.00000E+00 -0.10998E+06  0.00000E+00  0.00000E+00  0.00000E+00  0.79086E+03  0.00000E+00 -0.54424E+03  0.25080E+07  0.15098E+04  0.00000E+00 -0.60000E+03  0.23705E+07
   55.0000  0.23735E+07  0.00000E+00 -0.30094E+07 -0.23706E+07  0.00000E+00 -0.10998E+06  0.00000E+00  0.00000E+00  0.00000E+00  0.79086E+03  0.00000E+00 -0.54424E+03  0.25080E+07  0.15098E+04  0.00000E+00 -0.60000E+03  0.23706E+07
   55.2000  0.23738E+07  0.00000E+00 -0.30097E+07 -0.23710E+07  0.00000E+00 -0.10998E+06  0.00000E+00  0.00000E+00  0.00000E+00  0.79086E+03  0.00000E+00 -0.54424E+03  0.25084E+07  0.15098E+04  0.00000E+00 -0.60000E+03  0.23710E+07
   55.4000  0.23742E+07  0.00000E+00 -0.30103E+07 -0.23718E+07  0.00000E+00 -0.10998E+06  0.00000E+00  0.00000E+00  0.00000E+00  0.79086E+03  0.00000E+00 -0.54425E+03  0.25091E+07  0.15098E+04  0.00000E+00 -0.60000E+03  0.23718E+07
   55.6000  0.23749E+07  0.00000E+00 -0.30110E+07 -0.23729E+07  0.00000E+00 -0.10998E+06  0.00000E+00  0.00000E+00  0.00000E+00  0.79086E+03  0.00000E+00 -0.54426E+03  0.25101E+07  0.15098E+04  0.00000E+00 -0.60000E+03  0.23729E+07
   55.8000  0.23757E+07  0.00000E+00 -0.30120E+07 -0.23743E+07  0.00000E+00 -0.10998E+06  0.00000E+00  0.00000E+00  0.00000E+00  0.79086E+03  0.00000E+00 -0.54426E+03  0.25112E+07  0.15098E+04  0.00000E+00 -0.60000E+03  0.23743E+07
   56.0000  0.23767E+07  0.00000E+00 -0.30130E+07 -0.23758E+07  0.00000E+00 -0.10998E+06  0.00000E+00  0.00000E+00  0.00000E+00  0.79085E+03  0.00000E+00 -0.54427E+03  0.25126E+07  0.15098E+04  0.00000E+00 -0.60000E+03  0.23758E+07
   56.2000  0.23778E+07  0.00000E+00 -0.30141E+07 -0.23775E+07  0.00000E+00 -0.10998E+06  0.00000E+00  0.00000E+00  0.00000E+00  0.79085E+03  0.00000E+00 -0.54428E+03  0.25140E+07  0.15098E+04  0.00000E+00 -0.60000E+03  0.23775E+07
   56.4000  0.23789E+07  0.00000E+00 -0.30152E+07 -0.23792E+07  0.00000E+00 -0.10998E+06  0.00000E+00  0.00000E+00  0.00000E+00  0.79085E+03  0.00000E+00 -0.54429E+03  0.25155E+07  0.15098E+04  0.00000E+00 -0.60000E+03  0.23792E+07
   56.6000  0.23800E+07  0.00000E+00 -0.30163E+07 -0.23808E+07  0.00000E+00 -0.10998E+06  0.00000E+00  0.00000E+00  0.00000E+00  0.79085E+03  0.00000E+00 -0.54430E+03  0.25170E+07  0.15098E+04  0.00000E+00 -0.60000E+03  0.23808E+07
   56.8000  0.23811E+07  0.00000E+00 -0.30173E+07 -0.23824E+07  0.00000E+00 -0.10998E+06  0.00000E+00  0.00000E+00  0.00000E+00  0.79084E+03  0.00000E+00 -0.54430E+03  0.25183E+07  0.15098E+04  0.00000E+00 -0.60000E+03  0.23824E+07
   57.0000  0.23820E+07  0.00000E+00 -0.30181E+07 -0.23837E+07  0.00000E+00 -0.10998E+06  0.00000E+00  0.00000E+00  0.00000E+00  0.79084E+03  0.00000E+00 -0.54431E+03  0.25195E+07  0.15098E+04  0.00000E+00 -0.60000E+03  0.23837E+07
   57.2000  0.23829E+07  0.00000E+00 -0.30188E+07 -0.23848E+07  0.00000E+00 -0.10998E+06  0.00000E+00  0.00000E+00  0.00000E+00  0.79084E+03  0.00000E+00 -0.54432E+03  0.25205E+07  0.15098E+04  0.00000E+00 -0.60000E+03  0.23848E+07
   57.4000  0.23836E+07  0.00000E+00 -0.30193E+07 -0.23857E+07  0.00000E+00 -0.10998E+06  0.00000E+00  0.00000E+00  0.00000E+00  0.79084E+03  0.00000E+00 -0.54432E+03  0.25213E+07  0.15098E+04  0.00000E+00 -0.60000E+03  0.23857E+07
   57.6000  0.23841E+07  0.00000E+00 -0.30196E+07 -0.23863E+07  0.00000E+00 -0.10998E+06  0.00000E+00  0.00000E+00  0.00000E+00  0.79084E+03  0.00000E+00 -0.54432E+03  0.25218E+07  0.15098E+04  0.00000E+00 -0.60000E+03  0.23863E+07
   57.8000  0.23844E+07  0.00000E+00 -0.30198E+07 -0.23866E+07  0.00000E+00 -0.10998E+06  0.00000E+00  0.00000E+00  0.00000E+00  0.79084E+03  0.00000E+00 -0.54433E+03  0.25221E+07  0.15098E+04  0.00000E+00 -0.60000E+03  0.23866E+07
   58.0000  0.23846E+07  0.00000E+00 -0.30197E+07 -0.23866E+07  0.00000E+00 -0.10998E+06  0.00000E+00  0.00000E+00  0.00000E+00  0.79084E+03  0.00000E+00 -0.54433E+03  0.25221E+07  0.15098E+04  0.00000E+00 -0.60000E+03  0.23866E+07
   58.2000  0.23846E+07  0.00000E+00 -0.30194E+07 -0.23864E+07  0.00000E+00 -0.10998E+06  0.00000E+00  0.00000E+00  0.00000E+00  0.79084E+03  0.00000E+00 -0.54433E+03  0.25219E+07  0.15098E+04  0.00000E+00 -0.60000E+03  0.23864E+07
   58.4000  0.23843E+07  0.00000E+00 -0.30190E+07 -0.23858E+07  0.00000E+00 -0.10998E+06  0.00000E+00  0.00000E+00  0.00000E+00  0.79084E+03  0.00000E+00 -0.54432E+03  0.25214E+07  0.15098E+04  0.00000E+00 -0.60000E+03  0.23858E+07
   58.6000  0.23840E+07  0.00000E+00 -0.30185E+07 -0.23851E+07  0.00000E+00 -0.10998E+06  0.00000E+00  0.00000E+00  0.00000E+00  0.79084E+03  0.00000E+00 -0.54432E+03  0.25208E+07  0.15098E+04  0.00000E+00 -0.60000E+03  0.23851E+07
   58.8000  0.23834E+07  0.00000E+00 -0.30179E+07 -0.23842E+07  0.00000E+00 -0.10998E+06  0.00000E+00  0.00000E+00  0.00000E+00  0.79084E+03  0.00000E+00 -0.54431E+03  0.25200E+07  0.15098E+04  0.00000E+00 -0.60000E+03  0.23842E+07
   59.0000  0.23828E+07  0.00000E+00 -0.30172E+07 -0.23832E+07  0.00000E+00 -0.10998E+06  0.00000E+00  0.00000E+00  0.00000E+00  0.79084E+03  0.00000E+00 -0.54431E+03  0.25191E+07  0.15098E+04  0.00000E+00 -0.60000E+03  0.23832E+07
   59.2000  0.23821E+07  0.00000E+00 -0.30165E+07 -0.23821E+07  0.00000E+00 -0.10998E+06  0.00000E+00  0.00000E+00  0.00000E+00  0.79084E+03  0.00000E+00 -0.54430E+03  0.25182E+07  0.15098E+04  0.00000E+00 -0.60000E+03  0.23821E+07
   59.4000  0.23813E+07  0.00000E+00 -0.30158E+07 -0.23810E+07  0.00000E+00 -0.10998E+06  0.00000E+00  0.00000E+00  0.00000E+00  0.79084E+03  0.00000E+00 -0.54429E+03  0.25172E+07  0.15098E+04  0.00000E+00 -0.60000E+03  0.23810E+07
   59.6000  0.23804E+07  0.00000E+00 -0.30152E+07 -0.23799E+07  0.00000E+00 -0.10998E+06  0.00000E+00  0.00000E+00  0.00000E+00  0.79085E+03  0.00000E+00 -0.54428E+03  0.25163E+07  0.15098E+04  0.00000E+00 -0.60000E+03  0.23799E+07
   59.8000  0.23796E+07  0.00000E+00 -0.30145E+07 -0.23788E+07  0.00000E+00 -0.10998E+06  0.00000E+00  0.00000E+00  0.00000E+00  0.79085E+03  0.00000E+00 -0.54427E+03  0.25153E+07  0.15098E+04  0.00000E+00 -0.60000E+03  0.23788E+07
   60.0000  0.23787E+07  0.00000E+00 -0.30140E+07 -0.23778E+07  0.00000E+00 -0.10998E+06  0.00000E+00  0.00000E+00  0.00000E+00  0.79085E+03  0.00000E+00 -0.54426E+03  0.25145E+07  0.15098E+04  0.00000E+00 -0.60000E+03  0.23778E+07
