
These predictions were generated by MoorDyn (v2.2.22024-01-16) on 25-Jun-2024 at 17:36:25.

 
 
 
      Time        FAIRTEN2       LINE1NBPZ
       (s)             (N)             (m)
    0.1000   5.4931207E+08  -9.7279373E+01
    0.2000   4.8593002E+08  -9.5593153E+01
    0.3000   4.1798688E+08  -9.4294185E+01
    0.4000   3.5480264E+08  -9.3239667E+01
    0.5000   2.9918889E+08  -9.2371161E+01
    0.6000   2.5124707E+08  -9.1651870E+01
    0.7000   2.1017958E+08  -9.1066610E+01
    0.8000   1.7501492E+08  -9.0596325E+01
    0.9000   1.4486564E+08  -9.0228667E+01
    1.0000   1.1895967E+08  -8.9952355E+01
    1.1000   9.6633696E+07  -8.9757129E+01
    1.2000   7.7491812E+07  -8.9629983E+01
    1.3000   6.0990794E+07  -8.9569427E+01
    1.4000   4.6964222E+07  -8.9564720E+01
    1.5000   3.4919904E+07  -8.9613487E+01
    1.6000   2.5019023E+07  -8.9711787E+01
    1.7000   1.6685756E+07  -8.9850917E+01
    1.8000   9.8794942E+06  -9.0030977E+01
    1.9000   4.8451901E+06  -9.0256086E+01
    2.0000   1.1351155E+06  -9.0513626E+01
    2.1000   1.2094013E+05  -9.0799288E+01
    2.2000   8.0343131E+04  -9.1102688E+01
    2.3000   6.0331761E+04  -9.1416735E+01
    2.4000   4.4818002E+04  -9.1739091E+01
    2.5000   3.0641915E+04  -9.2068753E+01
    2.6000   1.6802009E+04  -9.2405358E+01
    2.7000   3.2231513E+03  -9.2748824E+01
    2.8000   1.2386537E+04  -9.3099457E+01
    2.9000   2.5752410E+04  -9.3457281E+01
    3.0000   3.7017368E+04  -9.3822238E+01
    3.1000   4.6310420E+04  -9.4194340E+01
    3.2000   5.4051627E+04  -9.4574128E+01
    3.3000   7.9957501E+04  -9.4960788E+01
    3.4000   2.1134322E+05  -9.5352792E+01
    3.5000   1.2127842E+06  -9.5746813E+01
    3.6000   1.6713718E+06  -9.6141731E+01
    3.7000   1.7367036E+06  -9.6551546E+01
    3.8000   1.5134899E+06  -9.6964721E+01
    3.9000   1.0388911E+06  -9.7366435E+01
    4.0000   6.6512435E+05  -9.7756098E+01
    4.1000   4.1584482E+05  -9.8132403E+01
    4.2000   3.1986909E+05  -9.8498428E+01
    4.3000   4.0245290E+05  -9.8858570E+01
    4.4000   5.7963724E+05  -9.9213212E+01
    4.5000   7.8085716E+05  -9.9561769E+01
    4.6000   9.0662758E+05  -9.9902762E+01
    4.7000   9.0907892E+05  -1.0023783E+02
    4.8000   8.8401936E+05  -1.0057299E+02
    4.9000   8.2431664E+05  -1.0091091E+02
    5.0000   7.6371444E+05  -1.0125386E+02
    5.1000   7.3648557E+05  -1.0160322E+02
    5.2000   7.3738326E+05  -1.0195868E+02
    5.3000   7.6374073E+05  -1.0231971E+02
    5.4000   7.2888726E+05  -1.0268262E+02
    5.5000   6.8455427E+05  -1.0304764E+02
    5.6000   6.9355539E+05  -1.0341622E+02
    5.7000   7.0721483E+05  -1.0378622E+02
    5.8000   7.4033910E+05  -1.0415787E+02
    5.9000   7.8825141E+05  -1.0453123E+02
    6.0000   8.2577762E+05  -1.0490553E+02
    6.1000   8.6150416E+05  -1.0528121E+02
    6.2000   8.4138013E+05  -1.0565444E+02
    6.3000   7.2486249E+05  -1.0602350E+02
    6.4000   7.1942573E+05  -1.0639423E+02
    6.5000   7.2935251E+05  -1.0676337E+02
    6.6000   7.4735106E+05  -1.0713111E+02
    6.7000   8.0843975E+05  -1.0749943E+02
    6.8000   8.6213428E+05  -1.0786763E+02
    6.9000   8.9765311E+05  -1.0823576E+02
    7.0000   8.9044310E+05  -1.0860169E+02
    7.1000   6.7993854E+05  -1.0896074E+02
    7.2000   6.7663473E+05  -1.0932354E+02
    7.3000   7.0190379E+05  -1.0968641E+02
    7.4000   7.2532893E+05  -1.1004836E+02
    7.5000   8.0509373E+05  -1.1041228E+02
    7.6000   8.7814819E+05  -1.1077740E+02
    7.7000   9.1803446E+05  -1.1114319E+02
    7.8000   9.4107607E+05  -1.1151024E+02
    7.9000   8.1202145E+05  -1.1187099E+02
    8.0000   6.2604282E+05  -1.1222827E+02
    8.1000   6.5723981E+05  -1.1259106E+02
    8.2000   6.9143860E+05  -1.1295213E+02
    8.3000   7.4766226E+05  -1.1331328E+02
    8.4000   8.5552213E+05  -1.1367704E+02
    8.5000   9.2176972E+05  -1.1404128E+02
    8.6000   9.5149717E+05  -1.1440627E+02
    8.7000   9.6161019E+05  -1.1477242E+02
    8.8000   8.6526994E+05  -1.1513289E+02
    8.9000   5.4834140E+05  -1.1548464E+02
    9.0000   6.2318396E+05  -1.1584559E+02
    9.1000   6.8613005E+05  -1.1620492E+02
    9.2000   7.4440290E+05  -1.1656314E+02
    9.3000   8.7652964E+05  -1.1692488E+02
    9.4000   9.5588229E+05  -1.1728727E+02
    9.5000   9.7858257E+05  -1.1765004E+02
    9.6000   9.8196772E+05  -1.1801424E+02
    9.7000   9.5364835E+05  -1.1837792E+02
    9.8000   5.9336478E+05  -1.1872692E+02
    9.9000   5.3456966E+05  -1.1908049E+02
   10.0000   6.6009649E+05  -1.1944025E+02
   10.1000   7.2028130E+05  -1.1979599E+02
   10.2000   8.4269477E+05  -1.2015420E+02
   10.3000   9.7122475E+05  -1.2051526E+02
   10.4000   1.0061013E+06  -1.2087586E+02
   10.5000   1.0062869E+06  -1.2123763E+02
   10.6000   9.8224993E+05  -1.2160027E+02
   10.7000   8.7566989E+05  -1.2195662E+02
   10.8000   4.5796776E+05  -1.2229993E+02
   10.9000   6.0383265E+05  -1.2265803E+02
   11.0000   7.6688258E+05  -1.2301686E+02
   11.1000   8.3490607E+05  -1.2337178E+02
   11.2000   9.7740065E+05  -1.2373131E+02
   11.3000   1.0736284E+06  -1.2409271E+02
   11.4000   1.0646357E+06  -1.2445295E+02
   11.5000   1.0385239E+06  -1.2481433E+02
   11.6000   9.9966579E+05  -1.2517599E+02
   11.7000   8.2643036E+05  -1.2552747E+02
   11.8000   4.6209170E+05  -1.2586897E+02
   11.9000   6.3497535E+05  -1.2622538E+02
   12.0000   7.7818445E+05  -1.2657996E+02
   12.1000   8.6477553E+05  -1.2693215E+02
   12.2000   1.0207755E+06  -1.2728890E+02
   12.3000   1.0971809E+06  -1.2764618E+02
   12.4000   1.0807379E+06  -1.2800257E+02
   12.5000   1.0477410E+06  -1.2836015E+02
   12.6000   9.9688374E+05  -1.2871772E+02
   12.7000   7.2857461E+05  -1.2906183E+02
   12.8000   4.8753364E+05  -1.2940238E+02
   12.9000   6.6371663E+05  -1.2975663E+02
   13.0000   7.9823573E+05  -1.3010817E+02
   13.1000   9.0250976E+05  -1.3045893E+02
   13.2000   1.0542268E+06  -1.3081412E+02
   13.3000   1.1049625E+06  -1.3116897E+02
   13.4000   1.0760389E+06  -1.3152319E+02
   13.5000   1.0324312E+06  -1.3187833E+02
   13.6000   9.7340278E+05  -1.3223311E+02
   13.7000   8.1838552E+05  -1.3257877E+02
   13.8000   4.7811530E+05  -1.3291436E+02
   13.9000   6.1959902E+05  -1.3326407E+02
   14.0000   7.9393630E+05  -1.3361499E+02
   14.1000   9.4925783E+05  -1.3396541E+02
   14.2000   1.0716983E+06  -1.3431779E+02
   14.3000   1.1396754E+06  -1.3467160E+02
   14.4000   1.1086196E+06  -1.3502428E+02
   14.5000   1.0400540E+06  -1.3537679E+02
   14.6000   9.7224612E+05  -1.3572924E+02
   14.7000   9.1910530E+05  -1.3608099E+02
   14.8000   8.8842733E+05  -1.3642934E+02
   14.9000   5.6120021E+05  -1.3676328E+02
   15.0000   6.0040686E+05  -1.3710525E+02
   15.1000   7.9743789E+05  -1.3745346E+02
   15.2000   9.0539785E+05  -1.3779891E+02
   15.3000   9.9536216E+05  -1.3814507E+02
   15.4000   1.0674309E+06  -1.3849348E+02
   15.5000   1.0491275E+06  -1.3884081E+02
   15.6000   9.8374498E+05  -1.3918747E+02
   15.7000   9.2484505E+05  -1.3953459E+02
   15.8000   8.7874334E+05  -1.3988152E+02
   15.9000   8.5928617E+05  -1.4022827E+02
   16.0000   8.7227832E+05  -1.4057518E+02
   16.1000   8.3503611E+05  -1.4091562E+02
   16.2000   5.9430162E+05  -1.4124636E+02
   16.3000   6.4423740E+05  -1.4158620E+02
   16.4000   8.5146986E+05  -1.4193233E+02
   16.5000   9.2620975E+05  -1.4227524E+02
   16.6000   9.7207872E+05  -1.4261863E+02
   16.7000   1.0053408E+06  -1.4296430E+02
   16.8000   9.7044813E+05  -1.4330897E+02
   16.9000   8.9747025E+05  -1.4365239E+02
   17.0000   8.4756039E+05  -1.4399615E+02
   17.1000   8.2346396E+05  -1.4433986E+02
   17.2000   8.2061379E+05  -1.4468315E+02
   17.3000   8.4056633E+05  -1.4502637E+02
   17.4000   8.6883041E+05  -1.4536938E+02
   17.5000   8.8761640E+05  -1.4571174E+02
   17.6000   8.9245662E+05  -1.4605340E+02
   17.7000   8.7428484E+05  -1.4639163E+02
   17.8000   6.2557659E+05  -1.4671961E+02
   17.9000   6.0696328E+05  -1.4705271E+02
   18.0000   7.0823854E+05  -1.4739033E+02
   18.1000   7.9275998E+05  -1.4772804E+02
   18.2000   8.8116442E+05  -1.4806745E+02
   18.3000   9.3200363E+05  -1.4840802E+02
   18.4000   9.1788876E+05  -1.4874757E+02
   18.5000   8.5857434E+05  -1.4908619E+02
   18.6000   8.0250862E+05  -1.4942465E+02
   18.7000   7.6435595E+05  -1.4976287E+02
   18.8000   7.5224173E+05  -1.5010086E+02
   18.9000   7.6631016E+05  -1.5043887E+02
   19.0000   7.9315802E+05  -1.5077678E+02
   19.1000   8.1450683E+05  -1.5111416E+02
   19.2000   8.2169519E+05  -1.5145078E+02
   19.3000   8.1541330E+05  -1.5178663E+02
   19.4000   8.0127818E+05  -1.5212176E+02
   19.5000   7.9259196E+05  -1.5245700E+02
   19.6000   8.3086785E+05  -1.5279382E+02
   19.7000   8.1930384E+05  -1.5312872E+02
   19.8000   7.9896893E+05  -1.5346055E+02
   19.9000   6.2025531E+05  -1.5378487E+02
   20.0000   6.1360428E+05  -1.5411277E+02
   20.1000   6.6949731E+05  -1.5444255E+02
   20.2000   7.5249530E+05  -1.5477351E+02
   20.3000   7.9134110E+05  -1.5510333E+02
   20.4000   8.0764933E+05  -1.5543309E+02
   20.5000   8.3300818E+05  -1.5576448E+02
   20.6000   8.0781088E+05  -1.5609444E+02
   20.7000   7.5599321E+05  -1.5642230E+02
   20.8000   7.1795695E+05  -1.5674968E+02
   20.9000   7.1138270E+05  -1.5707709E+02
   21.0000   7.2386641E+05  -1.5740446E+02
   21.1000   7.9186612E+05  -1.5773348E+02
   21.2000   8.0496635E+05  -1.5806019E+02
   21.3000   7.9507308E+05  -1.5838516E+02
   21.4000   8.3975105E+05  -1.5871219E+02
   21.5000   8.7811481E+05  -1.5904093E+02
   21.6000   1.2239886E+06  -1.5938832E+02
   21.7000   1.5600468E+06  -1.5974091E+02
   21.8000   1.4761968E+06  -1.6007450E+02
   21.9000   1.1848363E+06  -1.6039240E+02
   22.0000   8.1704173E+05  -1.6069717E+02
   22.1000   4.9964332E+05  -1.6099446E+02
   22.2000   4.6937630E+05  -1.6129720E+02
   22.3000   6.3086213E+05  -1.6160412E+02
   22.4000   7.9104368E+05  -1.6190628E+02
   22.5000   8.8724990E+05  -1.6220011E+02
   22.6000   8.9939134E+05  -1.6248506E+02
   22.7000   8.8684605E+05  -1.6276511E+02
   22.8000   9.5522911E+05  -1.6304673E+02
   22.9000   1.0897325E+06  -1.6333010E+02
   23.0000   1.2043697E+06  -1.6361010E+02
   23.1000   1.2384473E+06  -1.6388170E+02
   23.2000   1.1696428E+06  -1.6414183E+02
   23.3000   1.0412558E+06  -1.6439147E+02
   23.4000   9.3642603E+05  -1.6463463E+02
   23.5000   8.9680529E+05  -1.6487371E+02
   23.6000   9.0935227E+05  -1.6510759E+02
   23.7000   9.3717416E+05  -1.6533304E+02
   23.8000   9.4574813E+05  -1.6554693E+02
   23.9000   9.3316037E+05  -1.6574863E+02
   24.0000   9.2940093E+05  -1.6594009E+02
   24.1000   9.5918991E+05  -1.6612326E+02
   24.2000   1.0199547E+06  -1.6629807E+02
   24.3000   1.0857092E+06  -1.6646267E+02
   24.4000   1.1245785E+06  -1.6661527E+02
   24.5000   1.1226914E+06  -1.6675630E+02
   24.6000   1.0931074E+06  -1.6688901E+02
   24.7000   1.0613272E+06  -1.6701811E+02
   24.8000   1.0456945E+06  -1.6714771E+02
   24.9000   1.0471319E+06  -1.6728012E+02
   25.0000   1.0524856E+06  -1.6741595E+02
   25.1000   1.0486986E+06  -1.6755525E+02
   25.2000   1.0349003E+06  -1.6769844E+02
   25.3000   1.0222594E+06  -1.6784639E+02
   25.4000   1.0240321E+06  -1.6799970E+02
   25.5000   1.0445253E+06  -1.6815792E+02
   25.6000   1.0754741E+06  -1.6831938E+02
   25.7000   1.1025094E+06  -1.6848173E+02
   25.8000   1.1157718E+06  -1.6864292E+02
   25.9000   1.1158604E+06  -1.6880172E+02
   26.0000   1.1113042E+06  -1.6895761E+02
   26.1000   1.1104604E+06  -1.6911014E+02
   26.2000   1.1147774E+06  -1.6925844E+02
   26.3000   1.1186853E+06  -1.6940116E+02
   26.4000   1.1154003E+06  -1.6953697E+02
   26.5000   1.1033746E+06  -1.6966516E+02
   26.6000   1.0881641E+06  -1.6978581E+02
   26.7000   1.0784982E+06  -1.6989950E+02
   26.8000   1.0800419E+06  -1.7000670E+02
   26.9000   1.0918941E+06  -1.7010745E+02
   27.0000   1.1081667E+06  -1.7020148E+02
   27.1000   1.1228679E+06  -1.7028871E+02
   27.2000   1.1340511E+06  -1.7036966E+02
   27.3000   1.1441186E+06  -1.7044551E+02
   27.4000   1.1565022E+06  -1.7051776E+02
   27.5000   1.1718449E+06  -1.7058783E+02
   27.6000   1.1868290E+06  -1.7065684E+02
   27.7000   1.1963896E+06  -1.7072572E+02
   27.8000   1.1973986E+06  -1.7079536E+02
   27.9000   1.1908937E+06  -1.7086671E+02
   28.0000   1.1812168E+06  -1.7094058E+02
   28.1000   1.1729464E+06  -1.7101742E+02
   28.2000   1.1681150E+06  -1.7109704E+02
   28.3000   1.1657220E+06  -1.7117866E+02
   28.4000   1.1636155E+06  -1.7126116E+02
   28.5000   1.1609823E+06  -1.7134338E+02
   28.6000   1.1593792E+06  -1.7142435E+02
   28.7000   1.1615597E+06  -1.7150324E+02
   28.8000   1.1691618E+06  -1.7157928E+02
   28.9000   1.1811834E+06  -1.7165163E+02
   29.0000   1.1944416E+06  -1.7171948E+02
   29.1000   1.2055868E+06  -1.7178227E+02
   29.2000   1.2130952E+06  -1.7183981E+02
   29.3000   1.2177848E+06  -1.7189240E+02
   29.4000   1.2216250E+06  -1.7194062E+02
   29.5000   1.2259265E+06  -1.7198515E+02
   29.6000   1.2303795E+06  -1.7202659E+02
   29.7000   1.2335864E+06  -1.7206546E+02
   29.8000   1.2345047E+06  -1.7210228E+02
   29.9000   1.2335641E+06  -1.7213764E+02
   30.0000   1.2325573E+06  -1.7217213E+02
   30.1000   1.2334341E+06  -1.7220628E+02
   30.2000   1.2369822E+06  -1.7224043E+02
   30.3000   1.2424102E+06  -1.7227470E+02
   30.4000   1.2480798E+06  -1.7230903E+02
   30.5000   1.2527488E+06  -1.7234336E+02
   30.6000   1.2563359E+06  -1.7237766E+02
   30.7000   1.2596815E+06  -1.7241191E+02
   30.8000   1.2635816E+06  -1.7244606E+02
   30.9000   1.2679223E+06  -1.7247990E+02
   31.0000   1.2716185E+06  -1.7251306E+02
   31.1000   1.2733821E+06  -1.7254510E+02
   31.2000   1.2726881E+06  -1.7257556E+02
   31.3000   1.2701935E+06  -1.7260408E+02
   31.4000   1.2673276E+06  -1.7263037E+02
   31.5000   1.2654023E+06  -1.7265418E+02
   31.6000   1.2649415E+06  -1.7267526E+02
   31.7000   1.2656938E+06  -1.7269342E+02
   31.8000   1.2672140E+06  -1.7270862E+02
   31.9000   1.2694835E+06  -1.7272099E+02
   32.0000   1.2730500E+06  -1.7273093E+02
   32.1000   1.2785789E+06  -1.7273900E+02
   32.2000   1.2861957E+06  -1.7274587E+02
   32.3000   1.2951582E+06  -1.7275224E+02
   32.4000   1.3041158E+06  -1.7275877E+02
   32.5000   1.3117554E+06  -1.7276610E+02
   32.6000   1.3173647E+06  -1.7277477E+02
   32.7000   1.3209329E+06  -1.7278521E+02
   32.8000   1.3227963E+06  -1.7279760E+02
   32.9000   1.3231666E+06  -1.7281183E+02
   33.0000   1.3219277E+06  -1.7282751E+02
   33.1000   1.3188502E+06  -1.7284401E+02
   33.2000   1.3140194E+06  -1.7286059E+02
   33.3000   1.3081022E+06  -1.7287649E+02
   33.4000   1.3022148E+06  -1.7289103E+02
   33.5000   1.2974774E+06  -1.7290362E+02
   33.6000   1.2945764E+06  -1.7291381E+02
   33.7000   1.2936273E+06  -1.7292130E+02
   33.8000   1.2943878E+06  -1.7292598E+02
   33.9000   1.2966067E+06  -1.7292794E+02
   34.0000   1.3002187E+06  -1.7292749E+02
   34.1000   1.3052439E+06  -1.7292511E+02
   34.2000   1.3115096E+06  -1.7292138E+02
   34.3000   1.3184487E+06  -1.7291690E+02
   34.4000   1.3251639E+06  -1.7291221E+02
   34.5000   1.3307295E+06  -1.7290776E+02
   34.6000   1.3345242E+06  -1.7290390E+02
   34.7000   1.3363732E+06  -1.7290085E+02
   34.8000   1.3364334E+06  -1.7289867E+02
   34.9000   1.3349500E+06  -1.7289732E+02
   35.0000   1.3320859E+06  -1.7289660E+02
   35.1000   1.3279468E+06  -1.7289628E+02
   35.2000   1.3227564E+06  -1.7289609E+02
   35.3000   1.3170048E+06  -1.7289581E+02
   35.4000   1.3114177E+06  -1.7289530E+02
   35.5000   1.3067434E+06  -1.7289449E+02
   35.6000   1.3034945E+06  -1.7289334E+02
   35.7000   1.3018131E+06  -1.7289184E+02
   35.8000   1.3015276E+06  -1.7288998E+02
   35.9000   1.3023361E+06  -1.7288778E+02
   36.0000   1.3039679E+06  -1.7288520E+02
   36.1000   1.3062170E+06  -1.7288224E+02
   36.2000   1.3088583E+06  -1.7287881E+02
   36.3000   1.3115521E+06  -1.7287484E+02
   36.4000   1.3138485E+06  -1.7287017E+02
   36.5000   1.3153128E+06  -1.7286469E+02
   36.6000   1.3156907E+06  -1.7285830E+02
   36.7000   1.3150003E+06  -1.7285096E+02
   36.8000   1.3134834E+06  -1.7284275E+02
   36.9000   1.3114602E+06  -1.7283381E+02
   37.0000   1.3091922E+06  -1.7282438E+02
   37.1000   1.3068378E+06  -1.7281477E+02
   37.2000   1.3045054E+06  -1.7280534E+02
   37.3000   1.3023359E+06  -1.7279650E+02
   37.4000   1.3005290E+06  -1.7278865E+02
   37.5000   1.2992809E+06  -1.7278217E+02
   37.6000   1.2986808E+06  -1.7277733E+02
   37.7000   1.2986463E+06  -1.7277429E+02
   37.8000   1.2989443E+06  -1.7277307E+02
   37.9000   1.2992873E+06  -1.7277355E+02
   38.0000   1.2994418E+06  -1.7277545E+02
   38.1000   1.2992830E+06  -1.7277841E+02
   38.2000   1.2987809E+06  -1.7278197E+02
   38.3000   1.2979510E+06  -1.7278567E+02
   38.4000   1.2968224E+06  -1.7278905E+02
   38.5000   1.2954548E+06  -1.7279172E+02
   38.6000   1.2939829E+06  -1.7279339E+02
   38.7000   1.2926395E+06  -1.7279394E+02
   38.8000   1.2917172E+06  -1.7279339E+02
   38.9000   1.2914828E+06  -1.7279190E+02
   39.0000   1.2920917E+06  -1.7278975E+02
   39.1000   1.2935446E+06  -1.7278731E+02
   39.2000   1.2957086E+06  -1.7278502E+02
   39.3000   1.2983772E+06  -1.7278330E+02
   39.4000   1.3013249E+06  -1.7278255E+02
   39.5000   1.3043234E+06  -1.7278310E+02
   39.6000   1.3071275E+06  -1.7278517E+02
   39.7000   1.3094642E+06  -1.7278882E+02
   39.8000   1.3110590E+06  -1.7279398E+02
   39.9000   1.3116993E+06  -1.7280044E+02
   40.0000   1.3113026E+06  -1.7280788E+02
   40.1000   1.3099478E+06  -1.7281590E+02
   40.2000   1.3078533E+06  -1.7282410E+02
   40.3000   1.3053194E+06  -1.7283207E+02
   40.4000   1.3026686E+06  -1.7283944E+02
   40.5000   1.3002113E+06  -1.7284596E+02
   40.6000   1.2982363E+06  -1.7285142E+02
   40.7000   1.2970084E+06  -1.7285577E+02
   40.8000   1.2967474E+06  -1.7285902E+02
   40.9000   1.2975861E+06  -1.7286131E+02
   41.0000   1.2995257E+06  -1.7286281E+02
   41.1000   1.3024151E+06  -1.7286373E+02
   41.2000   1.3059700E+06  -1.7286429E+02
   41.3000   1.3098280E+06  -1.7286470E+02
   41.4000   1.3136104E+06  -1.7286510E+02
   41.5000   1.3169686E+06  -1.7286561E+02
   41.6000   1.3196090E+06  -1.7286628E+02
   41.7000   1.3213037E+06  -1.7286709E+02
   41.8000   1.3219054E+06  -1.7286798E+02
   41.9000   1.3213690E+06  -1.7286886E+02
   42.0000   1.3197730E+06  -1.7286962E+02
   42.1000   1.3173207E+06  -1.7287018E+02
   42.2000   1.3143139E+06  -1.7287048E+02
   42.3000   1.3111019E+06  -1.7287048E+02
   42.4000   1.3080278E+06  -1.7287019E+02
   42.5000   1.3053880E+06  -1.7286964E+02
   42.6000   1.3034128E+06  -1.7286888E+02
   42.7000   1.3022585E+06  -1.7286797E+02
   42.8000   1.3020013E+06  -1.7286695E+02
   42.9000   1.3026283E+06  -1.7286584E+02
   43.0000   1.3040268E+06  -1.7286464E+02
   43.1000   1.3059875E+06  -1.7286332E+02
   43.2000   1.3082290E+06  -1.7286180E+02
   43.3000   1.3104433E+06  -1.7286001E+02
   43.4000   1.3123451E+06  -1.7285789E+02
   43.5000   1.3137104E+06  -1.7285536E+02
   43.6000   1.3143952E+06  -1.7285241E+02
   43.7000   1.3143365E+06  -1.7284904E+02
   43.8000   1.3135478E+06  -1.7284532E+02
   43.9000   1.3121145E+06  -1.7284134E+02
   44.0000   1.3101883E+06  -1.7283724E+02
   44.1000   1.3079758E+06  -1.7283317E+02
   44.2000   1.3057154E+06  -1.7282928E+02
   44.3000   1.3036434E+06  -1.7282573E+02
   44.4000   1.3019576E+06  -1.7282263E+02
   44.5000   1.3007899E+06  -1.7282006E+02
   44.6000   1.3001923E+06  -1.7281803E+02
   44.7000   1.3001402E+06  -1.7281653E+02
   44.8000   1.3005453E+06  -1.7281550E+02
   44.9000   1.3012731E+06  -1.7281483E+02
   45.0000   1.3021602E+06  -1.7281441E+02
   45.1000   1.3030346E+06  -1.7281411E+02
   45.2000   1.3037382E+06  -1.7281384E+02
   45.3000   1.3041508E+06  -1.7281349E+02
   45.4000   1.3042091E+06  -1.7281302E+02
   45.5000   1.3039166E+06  -1.7281241E+02
   45.6000   1.3033372E+06  -1.7281165E+02
   45.7000   1.3025774E+06  -1.7281081E+02
   45.8000   1.3017632E+06  -1.7280992E+02
   45.9000   1.3010199E+06  -1.7280907E+02
   46.0000   1.3004576E+06  -1.7280833E+02
   46.1000   1.3001614E+06  -1.7280776E+02
   46.2000   1.3001839E+06  -1.7280742E+02
   46.3000   1.3005376E+06  -1.7280735E+02
   46.4000   1.3011889E+06  -1.7280758E+02
   46.5000   1.3020578E+06  -1.7280810E+02
   46.6000   1.3030276E+06  -1.7280891E+02
   46.7000   1.3039627E+06  -1.7280997E+02
   46.8000   1.3047309E+06  -1.7281124E+02
   46.9000   1.3052238E+06  -1.7281268E+02
   47.0000   1.3053712E+06  -1.7281426E+02
   47.1000   1.3051494E+06  -1.7281592E+02
   47.2000   1.3045858E+06  -1.7281764E+02
   47.3000   1.3037585E+06  -1.7281940E+02
   47.4000   1.3027909E+06  -1.7282120E+02
   47.5000   1.3018402E+06  -1.7282304E+02
   47.6000   1.3010778E+06  -1.7282494E+02
   47.7000   1.3006633E+06  -1.7282693E+02
   47.8000   1.3007189E+06  -1.7282901E+02
   47.9000   1.3013098E+06  -1.7283120E+02
   48.0000   1.3024350E+06  -1.7283352E+02
   48.1000   1.3040274E+06  -1.7283596E+02
   48.2000   1.3059620E+06  -1.7283851E+02
   48.3000   1.3080679E+06  -1.7284116E+02
   48.4000   1.3101451E+06  -1.7284387E+02
   48.5000   1.3119863E+06  -1.7284663E+02
   48.6000   1.3134012E+06  -1.7284939E+02
   48.7000   1.3142414E+06  -1.7285211E+02
   48.8000   1.3144206E+06  -1.7285475E+02
   48.9000   1.3139257E+06  -1.7285723E+02
   49.0000   1.3128185E+06  -1.7285950E+02
   49.1000   1.3112281E+06  -1.7286149E+02
   49.2000   1.3093356E+06  -1.7286311E+02
   49.3000   1.3073550E+06  -1.7286429E+02
   49.4000   1.3055111E+06  -1.7286498E+02
   49.5000   1.3040158E+06  -1.7286514E+02
   49.6000   1.3030452E+06  -1.7286476E+02
   49.7000   1.3027192E+06  -1.7286385E+02
   49.8000   1.3030868E+06  -1.7286249E+02
   49.9000   1.3041202E+06  -1.7286075E+02
   50.0000   1.3057169E+06  -1.7285876E+02
   50.1000   1.3077101E+06  -1.7285665E+02
   50.2000   1.3098862E+06  -1.7285454E+02
   50.3000   1.3120077E+06  -1.7285256E+02
   50.4000   1.3138383E+06  -1.7285081E+02
   50.5000   1.3151677E+06  -1.7284933E+02
   50.6000   1.3158353E+06  -1.7284816E+02
   50.7000   1.3157473E+06  -1.7284724E+02
   50.8000   1.3148873E+06  -1.7284653E+02
   50.9000   1.3133186E+06  -1.7284591E+02
   51.0000   1.3111769E+06  -1.7284526E+02
   51.1000   1.3086565E+06  -1.7284448E+02
   51.2000   1.3059890E+06  -1.7284344E+02
   51.3000   1.3034183E+06  -1.7284206E+02
   51.4000   1.3011741E+06  -1.7284030E+02
   51.5000   1.2994482E+06  -1.7283816E+02
   51.6000   1.2983755E+06  -1.7283567E+02
   51.7000   1.2980218E+06  -1.7283291E+02
   51.8000   1.2983783E+06  -1.7283000E+02
   51.9000   1.2993656E+06  -1.7282705E+02
   52.0000   1.3008431E+06  -1.7282422E+02
   52.1000   1.3026267E+06  -1.7282161E+02
   52.2000   1.3045092E+06  -1.7281934E+02
   52.3000   1.3062835E+06  -1.7281746E+02
   52.4000   1.3077635E+06  -1.7281601E+02
   52.5000   1.3088014E+06  -1.7281498E+02
   52.6000   1.3093017E+06  -1.7281432E+02
   52.7000   1.3092284E+06  -1.7281397E+02
   52.8000   1.3086067E+06  -1.7281386E+02
   52.9000   1.3075175E+06  -1.7281391E+02
   53.0000   1.3060872E+06  -1.7281406E+02
   53.1000   1.3044726E+06  -1.7281429E+02
   53.2000   1.3028423E+06  -1.7281457E+02
   53.3000   1.3013573E+06  -1.7281494E+02
   53.4000   1.3001527E+06  -1.7281543E+02
   53.5000   1.2993249E+06  -1.7281608E+02
   53.6000   1.2989241E+06  -1.7281693E+02
   53.7000   1.2989523E+06  -1.7281799E+02
   53.8000   1.2993683E+06  -1.7281926E+02
   53.9000   1.3000956E+06  -1.7282069E+02
   54.0000   1.3010349E+06  -1.7282220E+02
   54.1000   1.3020772E+06  -1.7282372E+02
   54.2000   1.3031185E+06  -1.7282513E+02
   54.3000   1.3040726E+06  -1.7282633E+02
   54.4000   1.3048794E+06  -1.7282724E+02
   54.5000   1.3055093E+06  -1.7282780E+02
   54.6000   1.3059615E+06  -1.7282802E+02
   54.7000   1.3062582E+06  -1.7282793E+02
   54.8000   1.3064366E+06  -1.7282762E+02
   54.9000   1.3065405E+06  -1.7282722E+02
   55.0000   1.3066127E+06  -1.7282688E+02
   55.1000   1.3066892E+06  -1.7282679E+02
   55.2000   1.3067948E+06  -1.7282711E+02
   55.3000   1.3069404E+06  -1.7282799E+02
   55.4000   1.3071216E+06  -1.7282953E+02
   55.5000   1.3073192E+06  -1.7283176E+02
   55.6000   1.3075021E+06  -1.7283465E+02
   55.7000   1.3076315E+06  -1.7283809E+02
   55.8000   1.3076686E+06  -1.7284191E+02
   55.9000   1.3075826E+06  -1.7284585E+02
   56.0000   1.3073583E+06  -1.7284967E+02
   56.1000   1.3070024E+06  -1.7285309E+02
   56.2000   1.3065455E+06  -1.7285586E+02
   56.3000   1.3060412E+06  -1.7285778E+02
   56.4000   1.3055610E+06  -1.7285872E+02
   56.5000   1.3051854E+06  -1.7285867E+02
   56.6000   1.3049924E+06  -1.7285767E+02
   56.7000   1.3050469E+06  -1.7285587E+02
   56.8000   1.3053899E+06  -1.7285351E+02
   56.9000   1.3060303E+06  -1.7285086E+02
   57.0000   1.3069404E+06  -1.7284822E+02
   57.1000   1.3080571E+06  -1.7284588E+02
   57.2000   1.3092869E+06  -1.7284406E+02
   57.3000   1.3105153E+06  -1.7284293E+02
   57.4000   1.3116179E+06  -1.7284259E+02
   57.5000   1.3124735E+06  -1.7284300E+02
   57.6000   1.3129773E+06  -1.7284407E+02
   57.7000   1.3130531E+06  -1.7284562E+02
   57.8000   1.3126648E+06  -1.7284741E+02
   57.9000   1.3118220E+06  -1.7284920E+02
   58.0000   1.3105807E+06  -1.7285074E+02
   58.1000   1.3090373E+06  -1.7285181E+02
   58.2000   1.3073184E+06  -1.7285225E+02
   58.3000   1.3055671E+06  -1.7285198E+02
   58.4000   1.3039302E+06  -1.7285096E+02
   58.5000   1.3025453E+06  -1.7284926E+02
   58.6000   1.3015290E+06  -1.7284699E+02
   58.7000   1.3009659E+06  -1.7284429E+02
   58.8000   1.3008990E+06  -1.7284134E+02
   58.9000   1.3013233E+06  -1.7283831E+02
   59.0000   1.3021844E+06  -1.7283535E+02
   59.1000   1.3033838E+06  -1.7283257E+02
   59.2000   1.3047886E+06  -1.7283004E+02
   59.3000   1.3062450E+06  -1.7282779E+02
   59.4000   1.3075952E+06  -1.7282582E+02
   59.5000   1.3086935E+06  -1.7282409E+02
   59.6000   1.3094205E+06  -1.7282254E+02
   59.7000   1.3096957E+06  -1.7282112E+02
   59.8000   1.3094842E+06  -1.7281981E+02
   59.9000   1.3087999E+06  -1.7281859E+02
