
These predictions were generated by MoorDyn (v2.a272022-07-20) on 06-Dec-2022 at 13:08:30.

 
 
 
      Time          CON1FX          CON1FY          CON1FZ          CON2FX          CON2FY          CON2FZ         L1N20PX         L1N20PY         L1N20PZ          L1N9PX         L1N10PY         L1N10PZ          L1N10T          L1N1PX          L1N1PY          L1N1PZ           L1N1T
       (s)             (N)             (N)             (N)             (N)             (N)             (N)             (m)             (m)             (m)             (m)             (m)             (m)             (N)             (m)             (m)             (m)             (N)
    0.2000   2.3959983E+06   0.0000000E+00  -3.0251119E+06  -2.4028986E+06   0.0000000E+00  -1.0998405E+05   0.0000000E+00   0.0000000E+00   0.0000000E+00   7.9079164E+02   0.0000000E+00  -5.4447116E+02   2.5341653E+06   1.5098242E+03   0.0000000E+00  -6.0000377E+02   2.4028588E+06
    0.4000   2.3962706E+06   0.0000000E+00  -3.0270573E+06  -2.4043116E+06   0.0000000E+00  -1.0998410E+05   0.0000000E+00   0.0000000E+00   0.0000000E+00   7.9079653E+02   0.0000000E+00  -5.4444503E+02   2.5358489E+06   1.5098241E+03   0.0000000E+00  -6.0000377E+02   2.4042716E+06
    0.6000   2.3965342E+06   0.0000000E+00  -3.0292000E+06  -2.4041758E+06   0.0000000E+00  -1.0998410E+05   0.0000000E+00   0.0000000E+00   0.0000000E+00   7.9080371E+02   0.0000000E+00  -5.4441619E+02   2.5368876E+06   1.5098240E+03   0.0000000E+00  -6.0000377E+02   2.4041466E+06
    0.8000   2.3963489E+06   0.0000000E+00  -3.0309394E+06  -2.4029713E+06   0.0000000E+00  -1.0998405E+05   0.0000000E+00   0.0000000E+00   0.0000000E+00   7.9081260E+02   0.0000000E+00  -5.4438579E+02   2.5371579E+06   1.5098241E+03   0.0000000E+00  -6.0000377E+02   2.4029563E+06
    1.0000   2.3952834E+06   0.0000000E+00  -3.0316780E+06  -2.4012479E+06   0.0000000E+00  -1.0998398E+05   0.0000000E+00   0.0000000E+00   0.0000000E+00   7.9082251E+02   0.0000000E+00  -5.4435480E+02   2.5365534E+06   1.5098242E+03   0.0000000E+00  -6.0000377E+02   2.4012426E+06
    1.2000   2.3931164E+06   0.0000000E+00  -3.0310699E+06  -2.3993206E+06   0.0000000E+00  -1.0998390E+05   0.0000000E+00   0.0000000E+00   0.0000000E+00   7.9083281E+02   0.0000000E+00  -5.4432406E+02   2.5350088E+06   1.5098244E+03   0.0000000E+00  -6.0000377E+02   2.3993157E+06
    1.4000   2.3899263E+06   0.0000000E+00  -3.0291341E+06  -2.3971258E+06   0.0000000E+00  -1.0998381E+05   0.0000000E+00   0.0000000E+00   0.0000000E+00   7.9084301E+02   0.0000000E+00  -5.4429428E+02   2.5325281E+06   1.5098245E+03   0.0000000E+00  -6.0000377E+02   2.3971129E+06
    1.6000   2.3860515E+06   0.0000000E+00  -3.0262116E+06  -2.3943083E+06   0.0000000E+00  -1.0998369E+05   0.0000000E+00   0.0000000E+00   0.0000000E+00   7.9085280E+02   0.0000000E+00  -5.4426608E+02   2.5291837E+06   1.5098247E+03   0.0000000E+00  -6.0000377E+02   2.3942850E+06
    1.8000   2.3819468E+06   0.0000000E+00  -3.0227918E+06  -2.3904713E+06   0.0000000E+00  -1.0998353E+05   0.0000000E+00   0.0000000E+00   0.0000000E+00   7.9086198E+02   0.0000000E+00  -5.4423999E+02   2.5251066E+06   1.5098250E+03   0.0000000E+00  -6.0000377E+02   2.3904418E+06
    2.0000   2.3780072E+06   0.0000000E+00  -3.0192992E+06  -2.3854377E+06   0.0000000E+00  -1.0998332E+05   0.0000000E+00   0.0000000E+00   0.0000000E+00   7.9087034E+02   0.0000000E+00  -5.4421646E+02   2.5204766E+06   1.5098253E+03   0.0000000E+00  -6.0000377E+02   2.3854108E+06
    2.2000   2.3744468E+06   0.0000000E+00  -3.0159484E+06  -2.3793994E+06   0.0000000E+00  -1.0998307E+05   0.0000000E+00   0.0000000E+00   0.0000000E+00   7.9087763E+02   0.0000000E+00  -5.4419583E+02   2.5155175E+06   1.5098258E+03   0.0000000E+00  -6.0000377E+02   2.3793843E+06
    2.4000   2.3712876E+06   0.0000000E+00  -3.0127317E+06  -2.3728972E+06   0.0000000E+00  -1.0998280E+05   0.0000000E+00   0.0000000E+00   0.0000000E+00   7.9088352E+02   0.0000000E+00  -5.4417840E+02   2.5104835E+06   1.5098262E+03   0.0000000E+00  -6.0000377E+02   2.3728996E+06
    2.6000   2.3684471E+06   0.0000000E+00  -3.0095305E+06  -2.3666527E+06   0.0000000E+00  -1.0998254E+05   0.0000000E+00   0.0000000E+00   0.0000000E+00   7.9088768E+02   0.0000000E+00  -5.4416442E+02   2.5056379E+06   1.5098267E+03   0.0000000E+00  -6.0000377E+02   2.3666724E+06
    2.8000   2.3658641E+06   0.0000000E+00  -3.0062728E+06  -2.3613333E+06   0.0000000E+00  -1.0998231E+05   0.0000000E+00   0.0000000E+00   0.0000000E+00   7.9088989E+02   0.0000000E+00  -5.4415412E+02   2.5012322E+06   1.5098271E+03   0.0000000E+00  -6.0000377E+02   2.3613650E+06
    3.0000   2.3635984E+06   0.0000000E+00  -3.0030594E+06  -2.3573572E+06   0.0000000E+00  -1.0998215E+05   0.0000000E+00   0.0000000E+00   0.0000000E+00   7.9089010E+02   0.0000000E+00  -5.4414773E+02   2.4975004E+06   1.5098274E+03   0.0000000E+00  -6.0000377E+02   2.3573928E+06
    3.2000   2.3618408E+06   0.0000000E+00  -3.0001768E+06  -2.3548235E+06   0.0000000E+00  -1.0998204E+05   0.0000000E+00   0.0000000E+00   0.0000000E+00   7.9088846E+02   0.0000000E+00  -5.4414545E+02   2.4946584E+06   1.5098276E+03   0.0000000E+00  -6.0000377E+02   2.3548565E+06
    3.4000   2.3608467E+06   0.0000000E+00  -2.9980120E+06  -2.3535969E+06   0.0000000E+00  -1.0998199E+05   0.0000000E+00   0.0000000E+00   0.0000000E+00   7.9088530E+02   0.0000000E+00  -5.4414739E+02   2.4928842E+06   1.5098277E+03   0.0000000E+00  -6.0000377E+02   2.3536245E+06
    3.6000   2.3608363E+06   0.0000000E+00  -2.9969212E+06  -2.3534653E+06   0.0000000E+00  -1.0998199E+05   0.0000000E+00   0.0000000E+00   0.0000000E+00   7.9088101E+02   0.0000000E+00  -5.4415352E+02   2.4922877E+06   1.5098278E+03   0.0000000E+00  -6.0000377E+02   2.3534888E+06
    3.8000   2.3618950E+06   0.0000000E+00  -2.9970988E+06  -2.3542847E+06   0.0000000E+00  -1.0998202E+05   0.0000000E+00   0.0000000E+00   0.0000000E+00   7.9087596E+02   0.0000000E+00  -5.4416358E+02   2.4929017E+06   1.5098277E+03   0.0000000E+00  -6.0000377E+02   2.3543071E+06
    4.0000   2.3639259E+06   0.0000000E+00  -2.9985124E+06  -2.3560367E+06   0.0000000E+00  -1.0998209E+05   0.0000000E+00   0.0000000E+00   0.0000000E+00   7.9087045E+02   0.0000000E+00  -5.4417700E+02   2.4946868E+06   1.5098276E+03   0.0000000E+00  -6.0000377E+02   2.3560607E+06
    4.2000   2.3666819E+06   0.0000000E+00  -3.0009353E+06  -2.3587929E+06   0.0000000E+00  -1.0998221E+05   0.0000000E+00   0.0000000E+00   0.0000000E+00   7.9086470E+02   0.0000000E+00  -5.4419300E+02   2.4975353E+06   1.5098274E+03   0.0000000E+00  -6.0000377E+02   2.3588189E+06
    4.4000   2.3698519E+06   0.0000000E+00  -3.0040483E+06  -2.3626143E+06   0.0000000E+00  -1.0998237E+05   0.0000000E+00   0.0000000E+00   0.0000000E+00   7.9085887E+02   0.0000000E+00  -5.4421058E+02   2.5012763E+06   1.5098272E+03   0.0000000E+00  -6.0000377E+02   2.3626397E+06
    4.6000   2.3731532E+06   0.0000000E+00  -3.0075500E+06  -2.3674369E+06   0.0000000E+00  -1.0998257E+05   0.0000000E+00   0.0000000E+00   0.0000000E+00   7.9085312E+02   0.0000000E+00  -5.4422868E+02   2.5056878E+06   1.5098268E+03   0.0000000E+00  -6.0000377E+02   2.3674571E+06
    4.8000   2.3763891E+06   0.0000000E+00  -3.0112261E+06  -2.3730056E+06   0.0000000E+00  -1.0998280E+05   0.0000000E+00   0.0000000E+00   0.0000000E+00   7.9084768E+02   0.0000000E+00  -5.4424617E+02   2.5105126E+06   1.5098264E+03   0.0000000E+00  -6.0000377E+02   2.3730160E+06
    5.0000   2.3794529E+06   0.0000000E+00  -3.0149534E+06  -2.3788908E+06   0.0000000E+00  -1.0998305E+05   0.0000000E+00   0.0000000E+00   0.0000000E+00   7.9084277E+02   0.0000000E+00  -5.4426203E+02   2.5154715E+06   1.5098260E+03   0.0000000E+00  -6.0000377E+02   2.3788887E+06
    5.2000   2.3822819E+06   0.0000000E+00  -3.0186443E+06  -2.3845773E+06   0.0000000E+00  -1.0998328E+05   0.0000000E+00   0.0000000E+00   0.0000000E+00   7.9083868E+02   0.0000000E+00  -5.4427534E+02   2.5202707E+06   1.5098256E+03   0.0000000E+00  -6.0000377E+02   2.3845629E+06
    5.4000   2.3847983E+06   0.0000000E+00  -3.0221744E+06  -2.3895833E+06   0.0000000E+00  -1.0998349E+05   0.0000000E+00   0.0000000E+00   0.0000000E+00   7.9083562E+02   0.0000000E+00  -5.4428536E+02   2.5246193E+06   1.5098252E+03   0.0000000E+00  -6.0000377E+02   2.3895593E+06
    5.6000   2.3868793E+06   0.0000000E+00  -3.0253491E+06  -2.3935505E+06   0.0000000E+00  -1.0998366E+05   0.0000000E+00   0.0000000E+00   0.0000000E+00   7.9083377E+02   0.0000000E+00  -5.4429155E+02   2.5282469E+06   1.5098249E+03   0.0000000E+00  -6.0000377E+02   2.3935209E+06
    5.8000   2.3883704E+06   0.0000000E+00  -3.0279244E+06  -2.3962810E+06   0.0000000E+00  -1.0998377E+05   0.0000000E+00   0.0000000E+00   0.0000000E+00   7.9083320E+02   0.0000000E+00  -5.4429361E+02   2.5309282E+06   1.5098247E+03   0.0000000E+00  -6.0000377E+02   2.3962494E+06
    6.0000   2.3891144E+06   0.0000000E+00  -3.0296477E+06  -2.3977200E+06   0.0000000E+00  -1.0998383E+05   0.0000000E+00   0.0000000E+00   0.0000000E+00   7.9083388E+02   0.0000000E+00  -5.4429150E+02   2.5325041E+06   1.5098245E+03   0.0000000E+00  -6.0000377E+02   2.3976891E+06
    6.2000   2.3889997E+06   0.0000000E+00  -3.0303226E+06  -2.3979093E+06   0.0000000E+00  -1.0998384E+05   0.0000000E+00   0.0000000E+00   0.0000000E+00   7.9083573E+02   0.0000000E+00  -5.4428546E+02   2.5328892E+06   1.5098245E+03   0.0000000E+00  -6.0000377E+02   2.3978803E+06
    6.4000   2.3880059E+06   0.0000000E+00  -3.0298680E+06  -2.3969273E+06   0.0000000E+00  -1.0998380E+05   0.0000000E+00   0.0000000E+00   0.0000000E+00   7.9083860E+02   0.0000000E+00  -5.4427604E+02   2.5320745E+06   1.5098246E+03   0.0000000E+00  -6.0000377E+02   2.3969003E+06
    6.6000   2.3862165E+06   0.0000000E+00  -3.0283374E+06  -2.3948561E+06   0.0000000E+00  -1.0998371E+05   0.0000000E+00   0.0000000E+00   0.0000000E+00   7.9084229E+02   0.0000000E+00  -5.4426403E+02   2.5301288E+06   1.5098247E+03   0.0000000E+00  -6.0000377E+02   2.3948312E+06
    6.8000   2.3838013E+06   0.0000000E+00  -3.0258986E+06  -2.3917870E+06   0.0000000E+00  -1.0998358E+05   0.0000000E+00   0.0000000E+00   0.0000000E+00   7.9084662E+02   0.0000000E+00  -5.4425044E+02   2.5271989E+06   1.5098249E+03   0.0000000E+00  -6.0000377E+02   2.3917650E+06
    7.0000   2.3809810E+06   0.0000000E+00  -3.0227906E+06  -2.3878541E+06   0.0000000E+00  -1.0998342E+05   0.0000000E+00   0.0000000E+00   0.0000000E+00   7.9085136E+02   0.0000000E+00  -5.4423635E+02   2.5234940E+06   1.5098252E+03   0.0000000E+00  -6.0000377E+02   2.3878367E+06
    7.2000   2.3779883E+06   0.0000000E+00  -3.0192754E+06  -2.3832672E+06   0.0000000E+00  -1.0998323E+05   0.0000000E+00   0.0000000E+00   0.0000000E+00   7.9085626E+02   0.0000000E+00  -5.4422288E+02   2.5192657E+06   1.5098255E+03   0.0000000E+00  -6.0000377E+02   2.3832566E+06
    7.4000   2.3750377E+06   0.0000000E+00  -3.0156004E+06  -2.3783206E+06   0.0000000E+00  -1.0998302E+05   0.0000000E+00   0.0000000E+00   0.0000000E+00   7.9086103E+02   0.0000000E+00  -5.4421108E+02   2.5147939E+06   1.5098259E+03   0.0000000E+00  -6.0000377E+02   2.3783185E+06
    7.6000   2.3723105E+06   0.0000000E+00  -3.0119807E+06  -2.3733711E+06   0.0000000E+00  -1.0998282E+05   0.0000000E+00   0.0000000E+00   0.0000000E+00   7.9086536E+02   0.0000000E+00  -5.4420188E+02   2.5103720E+06   1.5098262E+03   0.0000000E+00  -6.0000377E+02   2.3733782E+06
    7.8000   2.3699585E+06   0.0000000E+00  -3.0086038E+06  -2.3687942E+06   0.0000000E+00  -1.0998262E+05   0.0000000E+00   0.0000000E+00   0.0000000E+00   7.9086898E+02   0.0000000E+00  -5.4419605E+02   2.5062907E+06   1.5098266E+03   0.0000000E+00  -6.0000377E+02   2.3688101E+06
    8.0000   2.3681148E+06   0.0000000E+00  -3.0056452E+06  -2.3649356E+06   0.0000000E+00  -1.0998246E+05   0.0000000E+00   0.0000000E+00   0.0000000E+00   7.9087160E+02   0.0000000E+00  -5.4419415E+02   2.5028196E+06   1.5098269E+03   0.0000000E+00  -6.0000377E+02   2.3649586E+06
    8.2000   2.3669023E+06   0.0000000E+00  -3.0032769E+06  -2.3620709E+06   0.0000000E+00  -1.0998234E+05   0.0000000E+00   0.0000000E+00   0.0000000E+00   7.9087303E+02   0.0000000E+00  -5.4419652E+02   2.5001898E+06   1.5098271E+03   0.0000000E+00  -6.0000377E+02   2.3620990E+06
    8.4000   2.3664294E+06   0.0000000E+00  -3.0016628E+06  -2.3603845E+06   0.0000000E+00  -1.0998227E+05   0.0000000E+00   0.0000000E+00   0.0000000E+00   7.9087313E+02   0.0000000E+00  -5.4420324E+02   2.4985785E+06   1.5098272E+03   0.0000000E+00  -6.0000377E+02   2.3604152E+06
    8.6000   2.3667734E+06   0.0000000E+00  -3.0009366E+06  -2.3599666E+06   0.0000000E+00  -1.0998226E+05   0.0000000E+00   0.0000000E+00   0.0000000E+00   7.9087185E+02   0.0000000E+00  -5.4421413E+02   2.4981038E+06   1.5098273E+03   0.0000000E+00  -6.0000377E+02   2.3599980E+06
    8.8000   2.3679607E+06   0.0000000E+00  -3.0011760E+06  -2.3608276E+06   0.0000000E+00  -1.0998229E+05   0.0000000E+00   0.0000000E+00   0.0000000E+00   7.9086920E+02   0.0000000E+00  -5.4422875E+02   2.4988136E+06   1.5098272E+03   0.0000000E+00  -6.0000377E+02   2.3608580E+06
    9.0000   2.3699529E+06   0.0000000E+00  -3.0023824E+06  -2.3629162E+06   0.0000000E+00  -1.0998238E+05   0.0000000E+00   0.0000000E+00   0.0000000E+00   7.9086529E+02   0.0000000E+00  -5.4424644E+02   2.5006744E+06   1.5098271E+03   0.0000000E+00  -6.0000377E+02   2.3629442E+06
    9.2000   2.3726423E+06   0.0000000E+00  -3.0044740E+06  -2.3661243E+06   0.0000000E+00  -1.0998251E+05   0.0000000E+00   0.0000000E+00   0.0000000E+00   7.9086032E+02   0.0000000E+00  -5.4426639E+02   2.5035787E+06   1.5098269E+03   0.0000000E+00  -6.0000377E+02   2.3661486E+06
    9.4000   2.3758647E+06   0.0000000E+00  -3.0072979E+06  -2.3702854E+06   0.0000000E+00  -1.0998269E+05   0.0000000E+00   0.0000000E+00   0.0000000E+00   7.9085453E+02   0.0000000E+00  -5.4428768E+02   2.5073538E+06   1.5098266E+03   0.0000000E+00  -6.0000377E+02   2.3703045E+06
    9.6000   2.3794241E+06   0.0000000E+00  -3.0106574E+06  -2.3751718E+06   0.0000000E+00  -1.0998289E+05   0.0000000E+00   0.0000000E+00   0.0000000E+00   7.9084823E+02   0.0000000E+00  -5.4430935E+02   2.5117703E+06   1.5098263E+03   0.0000000E+00  -6.0000377E+02   2.3751842E+06
    9.8000   2.3831132E+06   0.0000000E+00  -3.0143357E+06  -2.3804976E+06   0.0000000E+00  -1.0998311E+05   0.0000000E+00   0.0000000E+00   0.0000000E+00   7.9084175E+02   0.0000000E+00  -5.4433041E+02   2.5165604E+06   1.5098259E+03   0.0000000E+00  -6.0000377E+02   2.3805023E+06
   10.0000   2.3867276E+06   0.0000000E+00  -3.0181105E+06  -2.3859383E+06   0.0000000E+00  -1.0998334E+05   0.0000000E+00   0.0000000E+00   0.0000000E+00   7.9083542E+02   0.0000000E+00  -5.4434994E+02   2.5214371E+06   1.5098255E+03   0.0000000E+00  -6.0000377E+02   2.3859347E+06
   10.2000   2.3900766E+06   0.0000000E+00  -3.0217660E+06  -2.3911558E+06   0.0000000E+00  -1.0998356E+05   0.0000000E+00   0.0000000E+00   0.0000000E+00   7.9082955E+02   0.0000000E+00  -5.4436709E+02   2.5261118E+06   1.5098251E+03   0.0000000E+00  -6.0000377E+02   2.3911441E+06
   10.4000   2.3929885E+06   0.0000000E+00  -3.0250990E+06  -2.3958281E+06   0.0000000E+00  -1.0998375E+05   0.0000000E+00   0.0000000E+00   0.0000000E+00   7.9082445E+02   0.0000000E+00  -5.4438111E+02   2.5303119E+06   1.5098247E+03   0.0000000E+00  -6.0000377E+02   2.3958093E+06
   10.6000   2.3953132E+06   0.0000000E+00  -3.0279220E+06  -2.3996770E+06   0.0000000E+00  -1.0998391E+05   0.0000000E+00   0.0000000E+00   0.0000000E+00   7.9082034E+02   0.0000000E+00  -5.4439138E+02   2.5337978E+06   1.5098244E+03   0.0000000E+00  -6.0000377E+02   2.3996526E+06
   10.8000   2.3969271E+06   0.0000000E+00  -3.0300711E+06  -2.4024870E+06   0.0000000E+00  -1.0998403E+05   0.0000000E+00   0.0000000E+00   0.0000000E+00   7.9081739E+02   0.0000000E+00  -5.4439742E+02   2.5363733E+06   1.5098242E+03   0.0000000E+00  -6.0000377E+02   2.4024587E+06
   11.0000   2.3977402E+06   0.0000000E+00  -3.0314144E+06  -2.4041143E+06   0.0000000E+00  -1.0998410E+05   0.0000000E+00   0.0000000E+00   0.0000000E+00   7.9081573E+02   0.0000000E+00  -5.4439890E+02   2.5378939E+06   1.5098241E+03   0.0000000E+00  -6.0000377E+02   2.4040839E+06
   11.2000   2.3977036E+06   0.0000000E+00  -3.0318650E+06  -2.4044844E+06   0.0000000E+00  -1.0998411E+05   0.0000000E+00   0.0000000E+00   0.0000000E+00   7.9081540E+02   0.0000000E+00  -5.4439571E+02   2.5382756E+06   1.5098240E+03   0.0000000E+00  -6.0000377E+02   2.4044534E+06
   11.4000   2.3968175E+06   0.0000000E+00  -3.0313937E+06  -2.4035845E+06   0.0000000E+00  -1.0998407E+05   0.0000000E+00   0.0000000E+00   0.0000000E+00   7.9081643E+02   0.0000000E+00  -5.4438796E+02   2.5375028E+06   1.5098241E+03   0.0000000E+00  -6.0000377E+02   2.4035543E+06
   11.6000   2.3951386E+06   0.0000000E+00  -3.0300414E+06  -2.4014619E+06   0.0000000E+00  -1.0998399E+05   0.0000000E+00   0.0000000E+00   0.0000000E+00   7.9081878E+02   0.0000000E+00  -5.4437604E+02   2.5356238E+06   1.5098242E+03   0.0000000E+00  -6.0000377E+02   2.4014340E+06
   11.8000   2.3927704E+06   0.0000000E+00  -3.0279094E+06  -2.3982242E+06   0.0000000E+00  -1.0998385E+05   0.0000000E+00   0.0000000E+00   0.0000000E+00   7.9082237E+02   0.0000000E+00  -5.4436055E+02   2.5327449E+06   1.5098244E+03   0.0000000E+00  -6.0000377E+02   2.3982000E+06
   12.0000   2.3898446E+06   0.0000000E+00  -3.0251384E+06  -2.3940356E+06   0.0000000E+00  -1.0998368E+05   0.0000000E+00   0.0000000E+00   0.0000000E+00   7.9082709E+02   0.0000000E+00  -5.4434231E+02   2.5290270E+06   1.5098247E+03   0.0000000E+00  -6.0000377E+02   2.3940163E+06
   12.2000   2.3865070E+06   0.0000000E+00  -3.0218913E+06  -2.3891126E+06   0.0000000E+00  -1.0998347E+05   0.0000000E+00   0.0000000E+00   0.0000000E+00   7.9083276E+02   0.0000000E+00  -5.4432223E+02   2.5246741E+06   1.5098251E+03   0.0000000E+00  -6.0000377E+02   2.3890996E+06
   12.4000   2.3829098E+06   0.0000000E+00  -3.0183432E+06  -2.3837185E+06   0.0000000E+00  -1.0998325E+05   0.0000000E+00   0.0000000E+00   0.0000000E+00   7.9083919E+02   0.0000000E+00  -5.4430131E+02   2.5199147E+06   1.5098255E+03   0.0000000E+00  -6.0000377E+02   2.3837125E+06
   12.6000   2.3792061E+06   0.0000000E+00  -3.0146734E+06  -2.3781429E+06   0.0000000E+00  -1.0998301E+05   0.0000000E+00   0.0000000E+00   0.0000000E+00   7.9084611E+02   0.0000000E+00  -5.4428053E+02   2.5149889E+06   1.5098259E+03   0.0000000E+00  -6.0000377E+02   2.3781441E+06
   12.8000   2.3755454E+06   0.0000000E+00  -3.0110580E+06  -2.3726765E+06   0.0000000E+00  -1.0998279E+05   0.0000000E+00   0.0000000E+00   0.0000000E+00   7.9085325E+02   0.0000000E+00  -5.4426081E+02   2.5101372E+06   1.5098263E+03   0.0000000E+00  -6.0000377E+02   2.3726843E+06
   13.0000   2.3720730E+06   0.0000000E+00  -3.0076679E+06  -2.3675864E+06   0.0000000E+00  -1.0998257E+05   0.0000000E+00   0.0000000E+00   0.0000000E+00   7.9086035E+02   0.0000000E+00  -5.4424296E+02   2.5055871E+06   1.5098266E+03   0.0000000E+00  -6.0000377E+02   2.3676000E+06
   13.2000   2.3689282E+06   0.0000000E+00  -3.0046636E+06  -2.3630979E+06   0.0000000E+00  -1.0998239E+05   0.0000000E+00   0.0000000E+00   0.0000000E+00   7.9086710E+02   0.0000000E+00  -5.4422766E+02   2.5015418E+06   1.5098270E+03   0.0000000E+00  -6.0000377E+02   2.3631161E+06
   13.4000   2.3662370E+06   0.0000000E+00  -3.0021868E+06  -2.3593866E+06   0.0000000E+00  -1.0998223E+05   0.0000000E+00   0.0000000E+00   0.0000000E+00   7.9087325E+02   0.0000000E+00  -5.4421543E+02   2.4981721E+06   1.5098273E+03   0.0000000E+00  -6.0000377E+02   2.3594082E+06
   13.6000   2.3641048E+06   0.0000000E+00  -3.0003500E+06  -2.3565795E+06   0.0000000E+00  -1.0998212E+05   0.0000000E+00   0.0000000E+00   0.0000000E+00   7.9087853E+02   0.0000000E+00  -5.4420660E+02   2.4956103E+06   1.5098275E+03   0.0000000E+00  -6.0000377E+02   2.3566032E+06
   13.8000   2.3626089E+06   0.0000000E+00  -2.9992273E+06  -2.3547599E+06   0.0000000E+00  -1.0998204E+05   0.0000000E+00   0.0000000E+00   0.0000000E+00   7.9088272E+02   0.0000000E+00  -5.4420136E+02   2.4939464E+06   1.5098276E+03   0.0000000E+00  -6.0000377E+02   2.3547849E+06
   14.0000   2.3617928E+06   0.0000000E+00  -2.9988489E+06  -2.3539734E+06   0.0000000E+00  -1.0998201E+05   0.0000000E+00   0.0000000E+00   0.0000000E+00   7.9088561E+02   0.0000000E+00  -5.4419970E+02   2.4932260E+06   1.5098277E+03   0.0000000E+00  -6.0000377E+02   2.3539988E+06
   14.2000   2.3616648E+06   0.0000000E+00  -2.9992004E+06  -2.3542286E+06   0.0000000E+00  -1.0998202E+05   0.0000000E+00   0.0000000E+00   0.0000000E+00   7.9088703E+02   0.0000000E+00  -5.4420149E+02   2.4934488E+06   1.5098277E+03   0.0000000E+00  -6.0000377E+02   2.3542535E+06
   14.4000   2.3622013E+06   0.0000000E+00  -3.0002287E+06  -2.3554939E+06   0.0000000E+00  -1.0998207E+05   0.0000000E+00   0.0000000E+00   0.0000000E+00   7.9088687E+02   0.0000000E+00  -5.4420645E+02   2.4945698E+06   1.5098276E+03   0.0000000E+00  -6.0000377E+02   2.3555172E+06
   14.6000   2.3633496E+06   0.0000000E+00  -3.0018476E+06  -2.3576903E+06   0.0000000E+00  -1.0998216E+05   0.0000000E+00   0.0000000E+00   0.0000000E+00   7.9088508E+02   0.0000000E+00  -5.4421417E+02   2.4965060E+06   1.5098275E+03   0.0000000E+00  -6.0000377E+02   2.3577108E+06
   14.8000   2.3650346E+06   0.0000000E+00  -3.0039484E+06  -2.3606920E+06   0.0000000E+00  -1.0998229E+05   0.0000000E+00   0.0000000E+00   0.0000000E+00   7.9088171E+02   0.0000000E+00  -5.4422414E+02   2.4991376E+06   1.5098273E+03   0.0000000E+00  -6.0000377E+02   2.3607086E+06
   15.0000   2.3671675E+06   0.0000000E+00  -3.0064119E+06  -2.3643309E+06   0.0000000E+00  -1.0998244E+05   0.0000000E+00   0.0000000E+00   0.0000000E+00   7.9087689E+02   0.0000000E+00  -5.4423582E+02   2.5023154E+06   1.5098270E+03   0.0000000E+00  -6.0000377E+02   2.3643427E+06
   15.2000   2.3696492E+06   0.0000000E+00  -3.0091162E+06  -2.3684037E+06   0.0000000E+00  -1.0998261E+05   0.0000000E+00   0.0000000E+00   0.0000000E+00   7.9087083E+02   0.0000000E+00  -5.4424866E+02   2.5058711E+06   1.5098267E+03   0.0000000E+00  -6.0000377E+02   2.3684101E+06
   15.4000   2.3723694E+06   0.0000000E+00  -3.0119357E+06  -2.3726901E+06   0.0000000E+00  -1.0998279E+05   0.0000000E+00   0.0000000E+00   0.0000000E+00   7.9086385E+02   0.0000000E+00  -5.4426211E+02   2.5096276E+06   1.5098264E+03   0.0000000E+00  -6.0000377E+02   2.3726912E+06
   15.6000   2.3752078E+06   0.0000000E+00  -3.0147433E+06  -2.3769728E+06   0.0000000E+00  -1.0998297E+05   0.0000000E+00   0.0000000E+00   0.0000000E+00   7.9085631E+02   0.0000000E+00  -5.4427564E+02   2.5134082E+06   1.5098261E+03   0.0000000E+00  -6.0000377E+02   2.3769689E+06
   15.8000   2.3780383E+06   0.0000000E+00  -3.0174140E+06  -2.3810544E+06   0.0000000E+00  -1.0998314E+05   0.0000000E+00   0.0000000E+00   0.0000000E+00   7.9084860E+02   0.0000000E+00  -5.4428877E+02   2.5170420E+06   1.5098258E+03   0.0000000E+00  -6.0000377E+02   2.3810462E+06
   16.0000   2.3807333E+06   0.0000000E+00  -3.0198285E+06  -2.3847677E+06   0.0000000E+00  -1.0998329E+05   0.0000000E+00   0.0000000E+00   0.0000000E+00   7.9084113E+02   0.0000000E+00  -5.4430103E+02   2.5203730E+06   1.5098255E+03   0.0000000E+00  -6.0000377E+02   2.3847561E+06
   16.2000   2.3831719E+06   0.0000000E+00  -3.0218806E+06  -2.3879785E+06   0.0000000E+00  -1.0998342E+05   0.0000000E+00   0.0000000E+00   0.0000000E+00   7.9083428E+02   0.0000000E+00  -5.4431200E+02   2.5232670E+06   1.5098253E+03   0.0000000E+00  -6.0000377E+02   2.3879642E+06
   16.4000   2.3852502E+06   0.0000000E+00  -3.0234861E+06  -2.3905831E+06   0.0000000E+00  -1.0998353E+05   0.0000000E+00   0.0000000E+00   0.0000000E+00   7.9082841E+02   0.0000000E+00  -5.4432129E+02   2.5256171E+06   1.5098251E+03   0.0000000E+00  -6.0000377E+02   2.3905668E+06
   16.6000   2.3868892E+06   0.0000000E+00  -3.0245905E+06  -2.3925057E+06   0.0000000E+00  -1.0998361E+05   0.0000000E+00   0.0000000E+00   0.0000000E+00   7.9082381E+02   0.0000000E+00  -5.4432855E+02   2.5273456E+06   1.5098249E+03   0.0000000E+00  -6.0000377E+02   2.3924881E+06
   16.8000   2.3880397E+06   0.0000000E+00  -3.0251710E+06  -2.3936962E+06   0.0000000E+00  -1.0998366E+05   0.0000000E+00   0.0000000E+00   0.0000000E+00   7.9082072E+02   0.0000000E+00  -5.4433344E+02   2.5284068E+06   1.5098248E+03   0.0000000E+00  -6.0000377E+02   2.3936778E+06
   17.0000   2.3886818E+06   0.0000000E+00  -3.0252341E+06  -2.3941319E+06   0.0000000E+00  -1.0998368E+05   0.0000000E+00   0.0000000E+00   0.0000000E+00   7.9081930E+02   0.0000000E+00  -5.4433571E+02   2.5287895E+06   1.5098248E+03   0.0000000E+00  -6.0000377E+02   2.3941136E+06
   17.2000   2.3888224E+06   0.0000000E+00  -3.0248110E+06  -2.3938225E+06   0.0000000E+00  -1.0998367E+05   0.0000000E+00   0.0000000E+00   0.0000000E+00   7.9081959E+02   0.0000000E+00  -5.4433514E+02   2.5285224E+06   1.5098248E+03   0.0000000E+00  -6.0000377E+02   2.3938052E+06
   17.4000   2.3884933E+06   0.0000000E+00  -3.0239537E+06  -2.3928214E+06   0.0000000E+00  -1.0998363E+05   0.0000000E+00   0.0000000E+00   0.0000000E+00   7.9082154E+02   0.0000000E+00  -5.4433161E+02   2.5276651E+06   1.5098249E+03   0.0000000E+00  -6.0000377E+02   2.3928063E+06
   17.6000   2.3877496E+06   0.0000000E+00  -3.0227337E+06  -2.3912279E+06   0.0000000E+00  -1.0998356E+05   0.0000000E+00   0.0000000E+00   0.0000000E+00   7.9082498E+02   0.0000000E+00  -5.4432512E+02   2.5263011E+06   1.5098250E+03   0.0000000E+00  -6.0000377E+02   2.3912159E+06
   17.8000   2.3866644E+06   0.0000000E+00  -3.0212350E+06  -2.3891741E+06   0.0000000E+00  -1.0998347E+05   0.0000000E+00   0.0000000E+00   0.0000000E+00   7.9082963E+02   0.0000000E+00  -5.4431582E+02   2.5245336E+06   1.5098251E+03   0.0000000E+00  -6.0000377E+02   2.3891657E+06
   18.0000   2.3853215E+06   0.0000000E+00  -3.0195481E+06  -2.3868088E+06   0.0000000E+00  -1.0998338E+05   0.0000000E+00   0.0000000E+00   0.0000000E+00   7.9083517E+02   0.0000000E+00  -5.4430403E+02   2.5224831E+06   1.5098253E+03   0.0000000E+00  -6.0000377E+02   2.3868041E+06
   18.2000   2.3838125E+06   0.0000000E+00  -3.0177669E+06  -2.3842826E+06   0.0000000E+00  -1.0998327E+05   0.0000000E+00   0.0000000E+00   0.0000000E+00   7.9084125E+02   0.0000000E+00  -5.4429023E+02   2.5202776E+06   1.5098255E+03   0.0000000E+00  -6.0000377E+02   2.3842815E+06
   18.4000   2.3822324E+06   0.0000000E+00  -3.0159858E+06  -2.3817392E+06   0.0000000E+00  -1.0998316E+05   0.0000000E+00   0.0000000E+00   0.0000000E+00   7.9084748E+02   0.0000000E+00  -5.4427505E+02   2.5180426E+06   1.5098257E+03   0.0000000E+00  -6.0000377E+02   2.3817413E+06
   18.6000   2.3806746E+06   0.0000000E+00  -3.0142958E+06  -2.3793077E+06   0.0000000E+00  -1.0998306E+05   0.0000000E+00   0.0000000E+00   0.0000000E+00   7.9085353E+02   0.0000000E+00  -5.4425924E+02   2.5158945E+06   1.5098258E+03   0.0000000E+00  -6.0000377E+02   2.3793126E+06
   18.8000   2.3792239E+06   0.0000000E+00  -3.0127786E+06  -2.3770988E+06   0.0000000E+00  -1.0998297E+05   0.0000000E+00   0.0000000E+00   0.0000000E+00   7.9085908E+02   0.0000000E+00  -5.4424360E+02   2.5139370E+06   1.5098260E+03   0.0000000E+00  -6.0000377E+02   2.3771060E+06
   19.0000   2.3779510E+06   0.0000000E+00  -3.0115013E+06  -2.3752037E+06   0.0000000E+00  -1.0998289E+05   0.0000000E+00   0.0000000E+00   0.0000000E+00   7.9086386E+02   0.0000000E+00  -5.4422895E+02   2.5122587E+06   1.5098261E+03   0.0000000E+00  -6.0000377E+02   2.3752128E+06
   19.2000   2.3769100E+06   0.0000000E+00  -3.0105146E+06  -2.3736958E+06   0.0000000E+00  -1.0998283E+05   0.0000000E+00   0.0000000E+00   0.0000000E+00   7.9086768E+02   0.0000000E+00  -5.4421611E+02   2.5109295E+06   1.5098263E+03   0.0000000E+00  -6.0000377E+02   2.3737064E+06
   19.4000   2.3761370E+06   0.0000000E+00  -3.0098523E+06  -2.3726314E+06   0.0000000E+00  -1.0998278E+05   0.0000000E+00   0.0000000E+00   0.0000000E+00   7.9087037E+02   0.0000000E+00  -5.4420576E+02   2.5099984E+06   1.5098263E+03   0.0000000E+00  -6.0000377E+02   2.3726430E+06
   19.6000   2.3756503E+06   0.0000000E+00  -3.0095307E+06  -2.3720481E+06   0.0000000E+00  -1.0998276E+05   0.0000000E+00   0.0000000E+00   0.0000000E+00   7.9087186E+02   0.0000000E+00  -5.4419850E+02   2.5094941E+06   1.5098264E+03   0.0000000E+00  -6.0000377E+02   2.3720602E+06
   19.8000   2.3754521E+06   0.0000000E+00  -3.0095502E+06  -2.3719616E+06   0.0000000E+00  -1.0998276E+05   0.0000000E+00   0.0000000E+00   0.0000000E+00   7.9087211E+02   0.0000000E+00  -5.4419474E+02   2.5094257E+06   1.5098264E+03   0.0000000E+00  -6.0000377E+02   2.3719737E+06
   20.0000   2.3755324E+06   0.0000000E+00  -3.0098991E+06  -2.3723645E+06   0.0000000E+00  -1.0998277E+05   0.0000000E+00   0.0000000E+00   0.0000000E+00   7.9087116E+02   0.0000000E+00  -5.4419470E+02   2.5097795E+06   1.5098264E+03   0.0000000E+00  -6.0000377E+02   2.3723759E+06
   20.2000   2.3758713E+06   0.0000000E+00  -3.0105545E+06  -2.3732235E+06   0.0000000E+00  -1.0998281E+05   0.0000000E+00   0.0000000E+00   0.0000000E+00   7.9086910E+02   0.0000000E+00  -5.4419842E+02   2.5105168E+06   1.5098263E+03   0.0000000E+00  -6.0000377E+02   2.3732335E+06
   20.4000   2.3764363E+06   0.0000000E+00  -3.0114788E+06  -2.3744755E+06   0.0000000E+00  -1.0998286E+05   0.0000000E+00   0.0000000E+00   0.0000000E+00   7.9086608E+02   0.0000000E+00  -5.4420568E+02   2.5115829E+06   1.5098262E+03   0.0000000E+00  -6.0000377E+02   2.3744834E+06
   20.6000   2.3771829E+06   0.0000000E+00  -3.0126188E+06  -2.3760324E+06   0.0000000E+00  -1.0998293E+05   0.0000000E+00   0.0000000E+00   0.0000000E+00   7.9086229E+02   0.0000000E+00  -5.4421608E+02   2.5129128E+06   1.5098261E+03   0.0000000E+00  -6.0000377E+02   2.3760379E+06
   20.8000   2.3780605E+06   0.0000000E+00  -3.0139125E+06  -2.3777946E+06   0.0000000E+00  -1.0998300E+05   0.0000000E+00   0.0000000E+00   0.0000000E+00   7.9085797E+02   0.0000000E+00  -5.4422901E+02   2.5144295E+06   1.5098260E+03   0.0000000E+00  -6.0000377E+02   2.3777977E+06
   21.0000   2.3790158E+06   0.0000000E+00  -3.0152931E+06  -2.3796613E+06   0.0000000E+00  -1.0998308E+05   0.0000000E+00   0.0000000E+00   0.0000000E+00   7.9085333E+02   0.0000000E+00  -5.4424374E+02   2.5160465E+06   1.5098259E+03   0.0000000E+00  -6.0000377E+02   2.3796620E+06
   21.2000   2.3799924E+06   0.0000000E+00  -3.0166890E+06  -2.3815338E+06   0.0000000E+00  -1.0998316E+05   0.0000000E+00   0.0000000E+00   0.0000000E+00   7.9084863E+02   0.0000000E+00  -5.4425946E+02   2.5176745E+06   1.5098257E+03   0.0000000E+00  -6.0000377E+02   2.3815321E+06
   21.4000   2.3809323E+06   0.0000000E+00  -3.0180262E+06  -2.3833169E+06   0.0000000E+00  -1.0998323E+05   0.0000000E+00   0.0000000E+00   0.0000000E+00   7.9084408E+02   0.0000000E+00  -5.4427535E+02   2.5192277E+06   1.5098256E+03   0.0000000E+00  -6.0000377E+02   2.3833130E+06
   21.6000   2.3817806E+06   0.0000000E+00  -3.0192341E+06  -2.3849222E+06   0.0000000E+00  -1.0998330E+05   0.0000000E+00   0.0000000E+00   0.0000000E+00   7.9083988E+02   0.0000000E+00  -5.4429061E+02   2.5206258E+06   1.5098255E+03   0.0000000E+00  -6.0000377E+02   2.3849163E+06
   21.8000   2.3824890E+06   0.0000000E+00  -3.0202515E+06  -2.3862702E+06   0.0000000E+00  -1.0998335E+05   0.0000000E+00   0.0000000E+00   0.0000000E+00   7.9083622E+02   0.0000000E+00  -5.4430454E+02   2.5217959E+06   1.5098254E+03   0.0000000E+00  -6.0000377E+02   2.3862625E+06
   22.0000   2.3830177E+06   0.0000000E+00  -3.0210284E+06  -2.3872916E+06   0.0000000E+00  -1.0998340E+05   0.0000000E+00   0.0000000E+00   0.0000000E+00   7.9083325E+02   0.0000000E+00  -5.4431651E+02   2.5226746E+06   1.5098253E+03   0.0000000E+00  -6.0000377E+02   2.3872825E+06
   22.2000   2.3833354E+06   0.0000000E+00  -3.0215270E+06  -2.3879279E+06   0.0000000E+00  -1.0998342E+05   0.0000000E+00   0.0000000E+00   0.0000000E+00   7.9083110E+02   0.0000000E+00  -5.4432605E+02   2.5232118E+06   1.5098252E+03   0.0000000E+00  -6.0000377E+02   2.3879176E+06
   22.4000   2.3834193E+06   0.0000000E+00  -3.0217211E+06  -2.3881342E+06   0.0000000E+00  -1.0998343E+05   0.0000000E+00   0.0000000E+00   0.0000000E+00   7.9082987E+02   0.0000000E+00  -5.4433279E+02   2.5233720E+06   1.5098252E+03   0.0000000E+00  -6.0000377E+02   2.3881231E+06
   22.6000   2.3832555E+06   0.0000000E+00  -3.0215967E+06  -2.3878833E+06   0.0000000E+00  -1.0998342E+05   0.0000000E+00   0.0000000E+00   0.0000000E+00   7.9082960E+02   0.0000000E+00  -5.4433653E+02   2.5231353E+06   1.5098252E+03   0.0000000E+00  -6.0000377E+02   2.3878719E+06
   22.8000   2.3828396E+06   0.0000000E+00  -3.0211514E+06  -2.3871695E+06   0.0000000E+00  -1.0998339E+05   0.0000000E+00   0.0000000E+00   0.0000000E+00   7.9083032E+02   0.0000000E+00  -5.4433716E+02   2.5224986E+06   1.5098253E+03   0.0000000E+00  -6.0000377E+02   2.3871585E+06
   23.0000   2.3821775E+06   0.0000000E+00  -3.0203954E+06  -2.3860095E+06   0.0000000E+00  -1.0998334E+05   0.0000000E+00   0.0000000E+00   0.0000000E+00   7.9083201E+02   0.0000000E+00  -5.4433472E+02   2.5214782E+06   1.5098254E+03   0.0000000E+00  -6.0000377E+02   2.3859992E+06
   23.2000   2.3812864E+06   0.0000000E+00  -3.0193525E+06  -2.3844418E+06   0.0000000E+00  -1.0998328E+05   0.0000000E+00   0.0000000E+00   0.0000000E+00   7.9083459E+02   0.0000000E+00  -5.4432936E+02   2.5201098E+06   1.5098255E+03   0.0000000E+00  -6.0000377E+02   2.3844330E+06
   23.4000   2.3801986E+06   0.0000000E+00  -3.0180632E+06  -2.3825282E+06   0.0000000E+00  -1.0998320E+05   0.0000000E+00   0.0000000E+00   0.0000000E+00   7.9083797E+02   0.0000000E+00  -5.4432137E+02   2.5184481E+06   1.5098256E+03   0.0000000E+00  -6.0000377E+02   2.3825213E+06
   23.6000   2.3789616E+06   0.0000000E+00  -3.0165860E+06  -2.3803509E+06   0.0000000E+00  -1.0998311E+05   0.0000000E+00   0.0000000E+00   0.0000000E+00   7.9084200E+02   0.0000000E+00  -5.4431113E+02   2.5165647E+06   1.5098258E+03   0.0000000E+00  -6.0000377E+02   2.3803463E+06
   23.8000   2.3776354E+06   0.0000000E+00  -3.0149936E+06  -2.3780091E+06   0.0000000E+00  -1.0998301E+05   0.0000000E+00   0.0000000E+00   0.0000000E+00   7.9084650E+02   0.0000000E+00  -5.4429910E+02   2.5145452E+06   1.5098259E+03   0.0000000E+00  -6.0000377E+02   2.3780072E+06
   24.0000   2.3762862E+06   0.0000000E+00  -3.0133658E+06  -2.3756129E+06   0.0000000E+00  -1.0998291E+05   0.0000000E+00   0.0000000E+00   0.0000000E+00   7.9085127E+02   0.0000000E+00  -5.4428578E+02   2.5124852E+06   1.5098261E+03   0.0000000E+00  -6.0000377E+02   2.3756138E+06
   24.2000   2.3749806E+06   0.0000000E+00  -3.0117825E+06  -2.3732779E+06   0.0000000E+00  -1.0998281E+05   0.0000000E+00   0.0000000E+00   0.0000000E+00   7.9085607E+02   0.0000000E+00  -5.4427173E+02   2.5104835E+06   1.5098263E+03   0.0000000E+00  -6.0000377E+02   2.3732816E+06
   24.4000   2.3737795E+06   0.0000000E+00  -3.0103177E+06  -2.3711189E+06   0.0000000E+00  -1.0998272E+05   0.0000000E+00   0.0000000E+00   0.0000000E+00   7.9086070E+02   0.0000000E+00  -5.4425753E+02   2.5086328E+06   1.5098264E+03   0.0000000E+00  -6.0000377E+02   2.3711252E+06
   24.6000   2.3727336E+06   0.0000000E+00  -3.0090336E+06  -2.3692405E+06   0.0000000E+00  -1.0998264E+05   0.0000000E+00   0.0000000E+00   0.0000000E+00   7.9086493E+02   0.0000000E+00  -5.4424376E+02   2.5070181E+06   1.5098266E+03   0.0000000E+00  -6.0000377E+02   2.3692490E+06
   24.8000   2.3718852E+06   0.0000000E+00  -3.0079829E+06  -2.3677278E+06   0.0000000E+00  -1.0998258E+05   0.0000000E+00   0.0000000E+00   0.0000000E+00   7.9086858E+02   0.0000000E+00  -5.4423100E+02   2.5057118E+06   1.5098267E+03   0.0000000E+00  -6.0000377E+02   2.3677380E+06
   25.0000   2.3712687E+06   0.0000000E+00  -3.0072093E+06  -2.3666432E+06   0.0000000E+00  -1.0998254E+05   0.0000000E+00   0.0000000E+00   0.0000000E+00   7.9087149E+02   0.0000000E+00  -5.4421980E+02   2.5047698E+06   1.5098268E+03   0.0000000E+00  -6.0000377E+02   2.3666544E+06
   25.2000   2.3709101E+06   0.0000000E+00  -3.0067465E+06  -2.3660251E+06   0.0000000E+00  -1.0998251E+05   0.0000000E+00   0.0000000E+00   0.0000000E+00   7.9087355E+02   0.0000000E+00  -5.4421069E+02   2.5042290E+06   1.5098268E+03   0.0000000E+00  -6.0000377E+02   2.3660368E+06
   25.4000   2.3708253E+06   0.0000000E+00  -3.0066148E+06  -2.3658879E+06   0.0000000E+00  -1.0998250E+05   0.0000000E+00   0.0000000E+00   0.0000000E+00   7.9087467E+02   0.0000000E+00  -5.4420413E+02   2.5041069E+06   1.5098269E+03   0.0000000E+00  -6.0000377E+02   2.3658996E+06
   25.6000   2.3710176E+06   0.0000000E+00  -3.0068171E+06  -2.3662255E+06   0.0000000E+00  -1.0998252E+05   0.0000000E+00   0.0000000E+00   0.0000000E+00   7.9087482E+02   0.0000000E+00  -5.4420052E+02   2.5044017E+06   1.5098268E+03   0.0000000E+00  -6.0000377E+02   2.3662367E+06
   25.8000   2.3714772E+06   0.0000000E+00  -3.0073374E+06  -2.3670143E+06   0.0000000E+00  -1.0998255E+05   0.0000000E+00   0.0000000E+00   0.0000000E+00   7.9087402E+02   0.0000000E+00  -5.4420015E+02   2.5050947E+06   1.5098268E+03   0.0000000E+00  -6.0000377E+02   2.3670246E+06
   26.0000   2.3721841E+06   0.0000000E+00  -3.0081438E+06  -2.3682158E+06   0.0000000E+00  -1.0998260E+05   0.0000000E+00   0.0000000E+00   0.0000000E+00   7.9087230E+02   0.0000000E+00  -5.4420322E+02   2.5061484E+06   1.5098267E+03   0.0000000E+00  -6.0000377E+02   2.3682249E+06
   26.2000   2.3731106E+06   0.0000000E+00  -3.0091917E+06  -2.3697779E+06   0.0000000E+00  -1.0998267E+05   0.0000000E+00   0.0000000E+00   0.0000000E+00   7.9086976E+02   0.0000000E+00  -5.4420974E+02   2.5075085E+06   1.5098266E+03   0.0000000E+00  -6.0000377E+02   2.3697855E+06
   26.4000   2.3742215E+06   0.0000000E+00  -3.0104241E+06  -2.3716321E+06   0.0000000E+00  -1.0998274E+05   0.0000000E+00   0.0000000E+00   0.0000000E+00   7.9086650E+02   0.0000000E+00  -5.4421955E+02   2.5091099E+06   1.5098265E+03   0.0000000E+00  -6.0000377E+02   2.3716376E+06
   26.6000   2.3754760E+06   0.0000000E+00  -3.0117764E+06  -2.3736945E+06   0.0000000E+00  -1.0998283E+05   0.0000000E+00   0.0000000E+00   0.0000000E+00   7.9086267E+02   0.0000000E+00  -5.4423232E+02   2.5108816E+06   1.5098263E+03   0.0000000E+00  -6.0000377E+02   2.3736978E+06
   26.8000   2.3768324E+06   0.0000000E+00  -3.0131833E+06  -2.3758733E+06   0.0000000E+00  -1.0998292E+05   0.0000000E+00   0.0000000E+00   0.0000000E+00   7.9085843E+02   0.0000000E+00  -5.4424754E+02   2.5127485E+06   1.5098262E+03   0.0000000E+00  -6.0000377E+02   2.3758744E+06
   27.0000   2.3782503E+06   0.0000000E+00  -3.0145840E+06  -2.3780762E+06   0.0000000E+00  -1.0998301E+05   0.0000000E+00   0.0000000E+00   0.0000000E+00   7.9085393E+02   0.0000000E+00  -5.4426457E+02   2.5146342E+06   1.5098260E+03   0.0000000E+00  -6.0000377E+02   2.3780751E+06
   27.2000   2.3796882E+06   0.0000000E+00  -3.0159221E+06  -2.3802156E+06   0.0000000E+00  -1.0998310E+05   0.0000000E+00   0.0000000E+00   0.0000000E+00   7.9084936E+02   0.0000000E+00  -5.4428265E+02   2.5164664E+06   1.5098258E+03   0.0000000E+00  -6.0000377E+02   2.3802125E+06
   27.4000   2.3811037E+06   0.0000000E+00  -3.0171477E+06  -2.3822135E+06   0.0000000E+00  -1.0998318E+05   0.0000000E+00   0.0000000E+00   0.0000000E+00   7.9084487E+02   0.0000000E+00  -5.4430100E+02   2.5181811E+06   1.5098257E+03   0.0000000E+00  -6.0000377E+02   2.3822088E+06
   27.6000   2.3824537E+06   0.0000000E+00  -3.0182191E+06  -2.3840064E+06   0.0000000E+00  -1.0998326E+05   0.0000000E+00   0.0000000E+00   0.0000000E+00   7.9084061E+02   0.0000000E+00  -5.4431880E+02   2.5197247E+06   1.5098256E+03   0.0000000E+00  -6.0000377E+02   2.3840005E+06
   27.8000   2.3836965E+06   0.0000000E+00  -3.0191055E+06  -2.3855471E+06   0.0000000E+00  -1.0998332E+05   0.0000000E+00   0.0000000E+00   0.0000000E+00   7.9083670E+02   0.0000000E+00  -5.4433528E+02   2.5210547E+06   1.5098254E+03   0.0000000E+00  -6.0000377E+02   2.3855403E+06
   28.0000   2.3847931E+06   0.0000000E+00  -3.0197881E+06  -2.3868044E+06   0.0000000E+00  -1.0998338E+05   0.0000000E+00   0.0000000E+00   0.0000000E+00   7.9083327E+02   0.0000000E+00  -5.4434974E+02   2.5221409E+06   1.5098253E+03   0.0000000E+00  -6.0000377E+02   2.3867971E+06
   28.2000   2.3857087E+06   0.0000000E+00  -3.0202601E+06  -2.3877604E+06   0.0000000E+00  -1.0998342E+05   0.0000000E+00   0.0000000E+00   0.0000000E+00   7.9083041E+02   0.0000000E+00  -5.4436159E+02   2.5229653E+06   1.5098253E+03   0.0000000E+00  -6.0000377E+02   2.3877529E+06
   28.4000   2.3864148E+06   0.0000000E+00  -3.0205257E+06  -2.3884087E+06   0.0000000E+00  -1.0998344E+05   0.0000000E+00   0.0000000E+00   0.0000000E+00   7.9082820E+02   0.0000000E+00  -5.4437036E+02   2.5235214E+06   1.5098252E+03   0.0000000E+00  -6.0000377E+02   2.3884013E+06
   28.6000   2.3868899E+06   0.0000000E+00  -3.0205994E+06  -2.3887528E+06   0.0000000E+00  -1.0998346E+05   0.0000000E+00   0.0000000E+00   0.0000000E+00   7.9082669E+02   0.0000000E+00  -5.4437572E+02   2.5238125E+06   1.5098252E+03   0.0000000E+00  -6.0000377E+02   2.3887456E+06
   28.8000   2.3871216E+06   0.0000000E+00  -3.0205028E+06  -2.3888042E+06   0.0000000E+00  -1.0998346E+05   0.0000000E+00   0.0000000E+00   0.0000000E+00   7.9082592E+02   0.0000000E+00  -5.4437752E+02   2.5238501E+06   1.5098252E+03   0.0000000E+00  -6.0000377E+02   2.3887974E+06
   29.0000   2.3871055E+06   0.0000000E+00  -3.0202620E+06  -2.3885817E+06   0.0000000E+00  -1.0998345E+05   0.0000000E+00   0.0000000E+00   0.0000000E+00   7.9082591E+02   0.0000000E+00  -5.4437573E+02   2.5236531E+06   1.5098252E+03   0.0000000E+00  -6.0000377E+02   2.3885754E+06
   29.2000   2.3868461E+06   0.0000000E+00  -3.0199047E+06  -2.3881101E+06   0.0000000E+00  -1.0998343E+05   0.0000000E+00   0.0000000E+00   0.0000000E+00   7.9082666E+02   0.0000000E+00  -5.4437052E+02   2.5232489E+06   1.5098252E+03   0.0000000E+00  -6.0000377E+02   2.3881046E+06
   29.4000   2.3863565E+06   0.0000000E+00  -3.0194582E+06  -2.3874218E+06   0.0000000E+00  -1.0998340E+05   0.0000000E+00   0.0000000E+00   0.0000000E+00   7.9082814E+02   0.0000000E+00  -5.4436218E+02   2.5226690E+06   1.5098253E+03   0.0000000E+00  -6.0000377E+02   2.3874172E+06
   29.6000   2.3856591E+06   0.0000000E+00  -3.0189481E+06  -2.3865561E+06   0.0000000E+00  -1.0998337E+05   0.0000000E+00   0.0000000E+00   0.0000000E+00   7.9083031E+02   0.0000000E+00  -5.4435117E+02   2.5219442E+06   1.5098253E+03   0.0000000E+00  -6.0000377E+02   2.3865526E+06
   29.8000   2.3847848E+06   0.0000000E+00  -3.0183968E+06  -2.3855539E+06   0.0000000E+00  -1.0998332E+05   0.0000000E+00   0.0000000E+00   0.0000000E+00   7.9083307E+02   0.0000000E+00  -5.4433804E+02   2.5211026E+06   1.5098254E+03   0.0000000E+00  -6.0000377E+02   2.3855513E+06
   30.0000   2.3837686E+06   0.0000000E+00  -3.0178198E+06  -2.3844518E+06   0.0000000E+00  -1.0998328E+05   0.0000000E+00   0.0000000E+00   0.0000000E+00   7.9083635E+02   0.0000000E+00  -5.4432339E+02   2.5201716E+06   1.5098255E+03   0.0000000E+00  -6.0000377E+02   2.3844500E+06
   30.2000   2.3826479E+06   0.0000000E+00  -3.0172257E+06  -2.3832801E+06   0.0000000E+00  -1.0998323E+05   0.0000000E+00   0.0000000E+00   0.0000000E+00   7.9084002E+02   0.0000000E+00  -5.4430784E+02   2.5191773E+06   1.5098256E+03   0.0000000E+00  -6.0000377E+02   2.3832789E+06
   30.4000   2.3814626E+06   0.0000000E+00  -3.0166202E+06  -2.3820641E+06   0.0000000E+00  -1.0998318E+05   0.0000000E+00   0.0000000E+00   0.0000000E+00   7.9084396E+02   0.0000000E+00  -5.4429199E+02   2.5181422E+06   1.5098256E+03   0.0000000E+00  -6.0000377E+02   2.3820635E+06
   30.6000   2.3802535E+06   0.0000000E+00  -3.0160077E+06  -2.3808259E+06   0.0000000E+00  -1.0998313E+05   0.0000000E+00   0.0000000E+00   0.0000000E+00   7.9084802E+02   0.0000000E+00  -5.4427640E+02   2.5170849E+06   1.5098257E+03   0.0000000E+00  -6.0000377E+02   2.3808258E+06
   30.8000   2.3790600E+06   0.0000000E+00  -3.0153916E+06  -2.3795850E+06   0.0000000E+00  -1.0998307E+05   0.0000000E+00   0.0000000E+00   0.0000000E+00   7.9085205E+02   0.0000000E+00  -5.4426155E+02   2.5160226E+06   1.5098258E+03   0.0000000E+00  -6.0000377E+02   2.3795853E+06
   31.0000   2.3779177E+06   0.0000000E+00  -3.0147748E+06  -2.3783595E+06   0.0000000E+00  -1.0998302E+05   0.0000000E+00   0.0000000E+00   0.0000000E+00   7.9085591E+02   0.0000000E+00  -5.4424787E+02   2.5149727E+06   1.5098259E+03   0.0000000E+00  -6.0000377E+02   2.3783602E+06
   31.2000   2.3768582E+06   0.0000000E+00  -3.0141616E+06  -2.3771690E+06   0.0000000E+00  -1.0998297E+05   0.0000000E+00   0.0000000E+00   0.0000000E+00   7.9085947E+02   0.0000000E+00  -5.4423568E+02   2.5139537E+06   1.5098260E+03   0.0000000E+00  -6.0000377E+02   2.3771703E+06
   31.4000   2.3759085E+06   0.0000000E+00  -3.0135591E+06  -2.3760364E+06   0.0000000E+00  -1.0998293E+05   0.0000000E+00   0.0000000E+00   0.0000000E+00   7.9086257E+02   0.0000000E+00  -5.4422524E+02   2.5129849E+06   1.5098261E+03   0.0000000E+00  -6.0000377E+02   2.3760383E+06
   31.6000   2.3750916E+06   0.0000000E+00  -3.0129778E+06  -2.3749877E+06   0.0000000E+00  -1.0998288E+05   0.0000000E+00   0.0000000E+00   0.0000000E+00   7.9086513E+02   0.0000000E+00  -5.4421674E+02   2.5120876E+06   1.5098262E+03   0.0000000E+00  -6.0000377E+02   2.3749903E+06
   31.8000   2.3744250E+06   0.0000000E+00  -3.0124312E+06  -2.3740509E+06   0.0000000E+00  -1.0998284E+05   0.0000000E+00   0.0000000E+00   0.0000000E+00   7.9086704E+02   0.0000000E+00  -5.4421028E+02   2.5112849E+06   1.5098262E+03   0.0000000E+00  -6.0000377E+02   2.3740542E+06
   32.0000   2.3739222E+06   0.0000000E+00  -3.0119363E+06  -2.3732550E+06   0.0000000E+00  -1.0998281E+05   0.0000000E+00   0.0000000E+00   0.0000000E+00   7.9086825E+02   0.0000000E+00  -5.4420593E+02   2.5106003E+06   1.5098263E+03   0.0000000E+00  -6.0000377E+02   2.3732589E+06
   32.2000   2.3735925E+06   0.0000000E+00  -3.0115133E+06  -2.3726276E+06   0.0000000E+00  -1.0998278E+05   0.0000000E+00   0.0000000E+00   0.0000000E+00   7.9086873E+02   0.0000000E+00  -5.4420369E+02   2.5100565E+06   1.5098264E+03   0.0000000E+00  -6.0000377E+02   2.3726322E+06
   32.4000   2.3734405E+06   0.0000000E+00  -3.0111845E+06  -2.3721928E+06   0.0000000E+00  -1.0998277E+05   0.0000000E+00   0.0000000E+00   0.0000000E+00   7.9086850E+02   0.0000000E+00  -5.4420351E+02   2.5096747E+06   1.5098264E+03   0.0000000E+00  -6.0000377E+02   2.3721979E+06
   32.6000   2.3734652E+06   0.0000000E+00  -3.0109711E+06  -2.3719690E+06   0.0000000E+00  -1.0998276E+05   0.0000000E+00   0.0000000E+00   0.0000000E+00   7.9086759E+02   0.0000000E+00  -5.4420531E+02   2.5094728E+06   1.5098264E+03   0.0000000E+00  -6.0000377E+02   2.3719744E+06
   32.8000   2.3736592E+06   0.0000000E+00  -3.0108919E+06  -2.3719690E+06   0.0000000E+00  -1.0998276E+05   0.0000000E+00   0.0000000E+00   0.0000000E+00   7.9086608E+02   0.0000000E+00  -5.4420894E+02   2.5094633E+06   1.5098264E+03   0.0000000E+00  -6.0000377E+02   2.3719746E+06
   33.0000   2.3740086E+06   0.0000000E+00  -3.0109598E+06  -2.3721989E+06   0.0000000E+00  -1.0998277E+05   0.0000000E+00   0.0000000E+00   0.0000000E+00   7.9086408E+02   0.0000000E+00  -5.4421423E+02   2.5096528E+06   1.5098264E+03   0.0000000E+00  -6.0000377E+02   2.3722045E+06
   33.2000   2.3744924E+06   0.0000000E+00  -3.0111803E+06  -2.3726572E+06   0.0000000E+00  -1.0998279E+05   0.0000000E+00   0.0000000E+00   0.0000000E+00   7.9086169E+02   0.0000000E+00  -5.4422094E+02   2.5100402E+06   1.5098264E+03   0.0000000E+00  -6.0000377E+02   2.3726625E+06
   33.4000   2.3750849E+06   0.0000000E+00  -3.0115514E+06  -2.3733328E+06   0.0000000E+00  -1.0998281E+05   0.0000000E+00   0.0000000E+00   0.0000000E+00   7.9085903E+02   0.0000000E+00  -5.4422880E+02   2.5106150E+06   1.5098263E+03   0.0000000E+00  -6.0000377E+02   2.3733377E+06
   33.6000   2.3757569E+06   0.0000000E+00  -3.0120643E+06  -2.3742038E+06   0.0000000E+00  -1.0998285E+05   0.0000000E+00   0.0000000E+00   0.0000000E+00   7.9085625E+02   0.0000000E+00  -5.4423749E+02   2.5113566E+06   1.5098263E+03   0.0000000E+00  -6.0000377E+02   2.3742080E+06
   33.8000   2.3764769E+06   0.0000000E+00  -3.0127022E+06  -2.3752362E+06   0.0000000E+00  -1.0998289E+05   0.0000000E+00   0.0000000E+00   0.0000000E+00   7.9085347E+02   0.0000000E+00  -5.4424668E+02   2.5122352E+06   1.5098262E+03   0.0000000E+00  -6.0000377E+02   2.3752393E+06
   34.0000   2.3772118E+06   0.0000000E+00  -3.0134410E+06  -2.3763843E+06   0.0000000E+00  -1.0998294E+05   0.0000000E+00   0.0000000E+00   0.0000000E+00   7.9085081E+02   0.0000000E+00  -5.4425602E+02   2.5132133E+06   1.5098261E+03   0.0000000E+00  -6.0000377E+02   2.3763861E+06
   34.2000   2.3779289E+06   0.0000000E+00  -3.0142493E+06  -2.3775936E+06   0.0000000E+00  -1.0998299E+05   0.0000000E+00   0.0000000E+00   0.0000000E+00   7.9084837E+02   0.0000000E+00  -5.4426516E+02   2.5142475E+06   1.5098260E+03   0.0000000E+00  -6.0000377E+02   2.3775940E+06
   34.4000   2.3785966E+06   0.0000000E+00  -3.0150901E+06  -2.3788058E+06   0.0000000E+00  -1.0998304E+05   0.0000000E+00   0.0000000E+00   0.0000000E+00   7.9084626E+02   0.0000000E+00  -5.4427373E+02   2.5152891E+06   1.5098259E+03   0.0000000E+00  -6.0000377E+02   2.3788048E+06
   34.6000   2.3791858E+06   0.0000000E+00  -3.0159213E+06  -2.3799621E+06   0.0000000E+00  -1.0998309E+05   0.0000000E+00   0.0000000E+00   0.0000000E+00   7.9084453E+02   0.0000000E+00  -5.4428140E+02   2.5162862E+06   1.5098258E+03   0.0000000E+00  -6.0000377E+02   2.3799597E+06
   34.8000   2.3796701E+06   0.0000000E+00  -3.0166967E+06  -2.3810063E+06   0.0000000E+00  -1.0998313E+05   0.0000000E+00   0.0000000E+00   0.0000000E+00   7.9084324E+02   0.0000000E+00  -5.4428788E+02   2.5171869E+06   1.5098258E+03   0.0000000E+00  -6.0000377E+02   2.3810026E+06
   35.0000   2.3800281E+06   0.0000000E+00  -3.0173697E+06  -2.3818859E+06   0.0000000E+00  -1.0998317E+05   0.0000000E+00   0.0000000E+00   0.0000000E+00   7.9084241E+02   0.0000000E+00  -5.4429290E+02   2.5179433E+06   1.5098257E+03   0.0000000E+00  -6.0000377E+02   2.3818810E+06
   35.2000   2.3802466E+06   0.0000000E+00  -3.0178996E+06  -2.3825547E+06   0.0000000E+00  -1.0998320E+05   0.0000000E+00   0.0000000E+00   0.0000000E+00   7.9084206E+02   0.0000000E+00  -5.4429627E+02   2.5185164E+06   1.5098256E+03   0.0000000E+00  -6.0000377E+02   2.3825488E+06
   35.4000   2.3803223E+06   0.0000000E+00  -3.0182548E+06  -2.3829769E+06   0.0000000E+00  -1.0998322E+05   0.0000000E+00   0.0000000E+00   0.0000000E+00   7.9084218E+02   0.0000000E+00  -5.4429786E+02   2.5188764E+06   1.5098256E+03   0.0000000E+00  -6.0000377E+02   2.3829704E+06
   35.6000   2.3802603E+06   0.0000000E+00  -3.0184150E+06  -2.3831311E+06   0.0000000E+00  -1.0998322E+05   0.0000000E+00   0.0000000E+00   0.0000000E+00   7.9084272E+02   0.0000000E+00  -5.4429764E+02   2.5190048E+06   1.5098256E+03   0.0000000E+00  -6.0000377E+02   2.3831244E+06
   35.8000   2.3800726E+06   0.0000000E+00  -3.0183702E+06  -2.3830112E+06   0.0000000E+00  -1.0998322E+05   0.0000000E+00   0.0000000E+00   0.0000000E+00   7.9084364E+02   0.0000000E+00  -5.4429565E+02   2.5188970E+06   1.5098256E+03   0.0000000E+00  -6.0000377E+02   2.3830046E+06
   36.0000   2.3797765E+06   0.0000000E+00  -3.0181214E+06  -2.3826277E+06   0.0000000E+00  -1.0998320E+05   0.0000000E+00   0.0000000E+00   0.0000000E+00   7.9084487E+02   0.0000000E+00  -5.4429204E+02   2.5185630E+06   1.5098256E+03   0.0000000E+00  -6.0000377E+02   2.3826217E+06
   36.2000   2.3793941E+06   0.0000000E+00  -3.0176818E+06  -2.3820086E+06   0.0000000E+00  -1.0998318E+05   0.0000000E+00   0.0000000E+00   0.0000000E+00   7.9084636E+02   0.0000000E+00  -5.4428706E+02   2.5180257E+06   1.5098257E+03   0.0000000E+00  -6.0000377E+02   2.3820036E+06
   36.4000   2.3789526E+06   0.0000000E+00  -3.0170771E+06  -2.3811974E+06   0.0000000E+00  -1.0998314E+05   0.0000000E+00   0.0000000E+00   0.0000000E+00   7.9084801E+02   0.0000000E+00  -5.4428105E+02   2.5173195E+06   1.5098257E+03   0.0000000E+00  -6.0000377E+02   2.3811937E+06
   36.6000   2.3784830E+06   0.0000000E+00  -3.0163451E+06  -2.3802485E+06   0.0000000E+00  -1.0998310E+05   0.0000000E+00   0.0000000E+00   0.0000000E+00   7.9084974E+02   0.0000000E+00  -5.4427442E+02   2.5164898E+06   1.5098258E+03   0.0000000E+00  -6.0000377E+02   2.3802463E+06
   36.8000   2.3780187E+06   0.0000000E+00  -3.0155328E+06  -2.3792235E+06   0.0000000E+00  -1.0998306E+05   0.0000000E+00   0.0000000E+00   0.0000000E+00   7.9085147E+02   0.0000000E+00  -5.4426762E+02   2.5155911E+06   1.5098259E+03   0.0000000E+00  -6.0000377E+02   2.3792229E+06
   37.0000   2.3775944E+06   0.0000000E+00  -3.0146942E+06  -2.3781882E+06   0.0000000E+00  -1.0998302E+05   0.0000000E+00   0.0000000E+00   0.0000000E+00   7.9085311E+02   0.0000000E+00  -5.4426113E+02   2.5146837E+06   1.5098259E+03   0.0000000E+00  -6.0000377E+02   2.3781893E+06
   37.2000   2.3772441E+06   0.0000000E+00  -3.0138861E+06  -2.3772103E+06   0.0000000E+00  -1.0998298E+05   0.0000000E+00   0.0000000E+00   0.0000000E+00   7.9085460E+02   0.0000000E+00  -5.4425541E+02   2.5138292E+06   1.5098260E+03   0.0000000E+00  -6.0000377E+02   2.3772130E+06
   37.4000   2.3769993E+06   0.0000000E+00  -3.0131632E+06  -2.3763560E+06   0.0000000E+00  -1.0998294E+05   0.0000000E+00   0.0000000E+00   0.0000000E+00   7.9085584E+02   0.0000000E+00  -5.4425087E+02   2.5130874E+06   1.5098261E+03   0.0000000E+00  -6.0000377E+02   2.3763602E+06
   37.6000   2.3768861E+06   0.0000000E+00  -3.0125738E+06  -2.3756866E+06   0.0000000E+00  -1.0998291E+05   0.0000000E+00   0.0000000E+00   0.0000000E+00   7.9085678E+02   0.0000000E+00  -5.4424788E+02   2.5125123E+06   1.5098261E+03   0.0000000E+00  -6.0000377E+02   2.3756921E+06
   37.8000   2.3769239E+06   0.0000000E+00  -3.0121563E+06  -2.3752543E+06   0.0000000E+00  -1.0998289E+05   0.0000000E+00   0.0000000E+00   0.0000000E+00   7.9085735E+02   0.0000000E+00  -5.4424670E+02   2.5121487E+06   1.5098262E+03   0.0000000E+00  -6.0000377E+02   2.3752609E+06
   38.0000   2.3771242E+06   0.0000000E+00  -3.0119371E+06  -2.3750983E+06   0.0000000E+00  -1.0998289E+05   0.0000000E+00   0.0000000E+00   0.0000000E+00   7.9085751E+02   0.0000000E+00  -5.4424750E+02   2.5120283E+06   1.5098262E+03   0.0000000E+00  -6.0000377E+02   2.3751056E+06
   38.2000   2.3774900E+06   0.0000000E+00  -3.0119294E+06  -2.3752408E+06   0.0000000E+00  -1.0998289E+05   0.0000000E+00   0.0000000E+00   0.0000000E+00   7.9085723E+02   0.0000000E+00  -5.4425032E+02   2.5121664E+06   1.5098262E+03   0.0000000E+00  -6.0000377E+02   2.3752482E+06
   38.4000   2.3780152E+06   0.0000000E+00  -3.0121335E+06  -2.3756834E+06   0.0000000E+00  -1.0998291E+05   0.0000000E+00   0.0000000E+00   0.0000000E+00   7.9085649E+02   0.0000000E+00  -5.4425509E+02   2.5125610E+06   1.5098261E+03   0.0000000E+00  -6.0000377E+02   2.3756903E+06
   38.6000   2.3786845E+06   0.0000000E+00  -3.0125369E+06  -2.3764047E+06   0.0000000E+00  -1.0998294E+05   0.0000000E+00   0.0000000E+00   0.0000000E+00   7.9085532E+02   0.0000000E+00  -5.4426161E+02   2.5131947E+06   1.5098261E+03   0.0000000E+00  -6.0000377E+02   2.3764107E+06
   38.8000   2.3794743E+06   0.0000000E+00  -3.0131170E+06  -2.3773626E+06   0.0000000E+00  -1.0998298E+05   0.0000000E+00   0.0000000E+00   0.0000000E+00   7.9085375E+02   0.0000000E+00  -5.4426956E+02   2.5140361E+06   1.5098260E+03   0.0000000E+00  -6.0000377E+02   2.3773673E+06
   39.0000   2.3803535E+06   0.0000000E+00  -3.0138427E+06  -2.3785004E+06   0.0000000E+00  -1.0998303E+05   0.0000000E+00   0.0000000E+00   0.0000000E+00   7.9085184E+02   0.0000000E+00  -5.4427856E+02   2.5150402E+06   1.5098259E+03   0.0000000E+00  -6.0000377E+02   2.3785036E+06
   39.2000   2.3812827E+06   0.0000000E+00  -3.0146747E+06  -2.3797531E+06   0.0000000E+00  -1.0998308E+05   0.0000000E+00   0.0000000E+00   0.0000000E+00   7.9084967E+02   0.0000000E+00  -5.4428815E+02   2.5161510E+06   1.5098259E+03   0.0000000E+00  -6.0000377E+02   2.3797545E+06
   39.4000   2.3822149E+06   0.0000000E+00  -3.0155660E+06  -2.3810507E+06   0.0000000E+00  -1.0998314E+05   0.0000000E+00   0.0000000E+00   0.0000000E+00   7.9084733E+02   0.0000000E+00  -5.4429785E+02   2.5173066E+06   1.5098258E+03   0.0000000E+00  -6.0000377E+02   2.3810504E+06
   39.6000   2.3830973E+06   0.0000000E+00  -3.0164642E+06  -2.3823227E+06   0.0000000E+00  -1.0998319E+05   0.0000000E+00   0.0000000E+00   0.0000000E+00   7.9084494E+02   0.0000000E+00  -5.4430715E+02   2.5184426E+06   1.5098257E+03   0.0000000E+00  -6.0000377E+02   2.3823207E+06
   39.8000   2.3838753E+06   0.0000000E+00  -3.0173159E+06  -2.3835013E+06   0.0000000E+00  -1.0998324E+05   0.0000000E+00   0.0000000E+00   0.0000000E+00   7.9084260E+02   0.0000000E+00  -5.4431559E+02   2.5194954E+06   1.5098256E+03   0.0000000E+00  -6.0000377E+02   2.3834978E+06
   40.0000   2.3844975E+06   0.0000000E+00  -3.0180712E+06  -2.3845237E+06   0.0000000E+00  -1.0998328E+05   0.0000000E+00   0.0000000E+00   0.0000000E+00   7.9084044E+02   0.0000000E+00  -5.4432273E+02   2.5204045E+06   1.5098255E+03   0.0000000E+00  -6.0000377E+02   2.3845187E+06
   40.2000   2.3849200E+06   0.0000000E+00  -3.0186873E+06  -2.3853330E+06   0.0000000E+00  -1.0998331E+05   0.0000000E+00   0.0000000E+00   0.0000000E+00   7.9083856E+02   0.0000000E+00  -5.4432822E+02   2.5211160E+06   1.5098254E+03   0.0000000E+00  -6.0000377E+02   2.3853269E+06
   40.4000   2.3851097E+06   0.0000000E+00  -3.0191307E+06  -2.3858802E+06   0.0000000E+00  -1.0998334E+05   0.0000000E+00   0.0000000E+00   0.0000000E+00   7.9083707E+02   0.0000000E+00  -5.4433177E+02   2.5215865E+06   1.5098254E+03   0.0000000E+00  -6.0000377E+02   2.3858730E+06
   40.6000   2.3850476E+06   0.0000000E+00  -3.0193793E+06  -2.3861261E+06   0.0000000E+00  -1.0998335E+05   0.0000000E+00   0.0000000E+00   0.0000000E+00   7.9083605E+02   0.0000000E+00  -5.4433319E+02   2.5217847E+06   1.5098254E+03   0.0000000E+00  -6.0000377E+02   2.3861183E+06
   40.8000   2.3847289E+06   0.0000000E+00  -3.0194215E+06  -2.3860460E+06   0.0000000E+00  -1.0998334E+05   0.0000000E+00   0.0000000E+00   0.0000000E+00   7.9083559E+02   0.0000000E+00  -5.4433238E+02   2.5216935E+06   1.5098254E+03   0.0000000E+00  -6.0000377E+02   2.3860378E+06
   41.0000   2.3841627E+06   0.0000000E+00  -3.0192554E+06  -2.3856319E+06   0.0000000E+00  -1.0998333E+05   0.0000000E+00   0.0000000E+00   0.0000000E+00   7.9083573E+02   0.0000000E+00  -5.4432937E+02   2.5213112E+06   1.5098254E+03   0.0000000E+00  -6.0000377E+02   2.3856239E+06
   41.2000   2.3833699E+06   0.0000000E+00  -3.0188871E+06  -2.3848950E+06   0.0000000E+00  -1.0998330E+05   0.0000000E+00   0.0000000E+00   0.0000000E+00   7.9083649E+02   0.0000000E+00  -5.4432429E+02   2.5206500E+06   1.5098254E+03   0.0000000E+00  -6.0000377E+02   2.3848877E+06
   41.4000   2.3823823E+06   0.0000000E+00  -3.0183306E+06  -2.3838659E+06   0.0000000E+00  -1.0998325E+05   0.0000000E+00   0.0000000E+00   0.0000000E+00   7.9083786E+02   0.0000000E+00  -5.4431739E+02   2.5197352E+06   1.5098255E+03   0.0000000E+00  -6.0000377E+02   2.3838596E+06
   41.6000   2.3812395E+06   0.0000000E+00  -3.0176066E+06  -2.3825901E+06   0.0000000E+00  -1.0998320E+05   0.0000000E+00   0.0000000E+00   0.0000000E+00   7.9083981E+02   0.0000000E+00  -5.4430900E+02   2.5186039E+06   1.5098256E+03   0.0000000E+00  -6.0000377E+02   2.3825851E+06
   41.8000   2.3799878E+06   0.0000000E+00  -3.0167430E+06  -2.3811234E+06   0.0000000E+00  -1.0998314E+05   0.0000000E+00   0.0000000E+00   0.0000000E+00   7.9084226E+02   0.0000000E+00  -5.4429952E+02   2.5173035E+06   1.5098257E+03   0.0000000E+00  -6.0000377E+02   2.3811200E+06
   42.0000   2.3786785E+06   0.0000000E+00  -3.0157755E+06  -2.3795289E+06   0.0000000E+00  -1.0998307E+05   0.0000000E+00   0.0000000E+00   0.0000000E+00   7.9084512E+02   0.0000000E+00  -5.4428942E+02   2.5158883E+06   1.5098258E+03   0.0000000E+00  -6.0000377E+02   2.3795271E+06
   42.2000   2.3773654E+06   0.0000000E+00  -3.0147467E+06  -2.3778722E+06   0.0000000E+00  -1.0998300E+05   0.0000000E+00   0.0000000E+00   0.0000000E+00   7.9084827E+02   0.0000000E+00  -5.4427915E+02   2.5144163E+06   1.5098259E+03   0.0000000E+00  -6.0000377E+02   2.3778719E+06
   42.4000   2.3761016E+06   0.0000000E+00  -3.0137032E+06  -2.3762181E+06   0.0000000E+00  -1.0998293E+05   0.0000000E+00   0.0000000E+00   0.0000000E+00   7.9085159E+02   0.0000000E+00  -5.4426918E+02   2.5129474E+06   1.5098261E+03   0.0000000E+00  -6.0000377E+02   2.3762194E+06
   42.6000   2.3749355E+06   0.0000000E+00  -3.0126922E+06  -2.3746296E+06   0.0000000E+00  -1.0998287E+05   0.0000000E+00   0.0000000E+00   0.0000000E+00   7.9085494E+02   0.0000000E+00  -5.4425995E+02   2.5115408E+06   1.5098262E+03   0.0000000E+00  -6.0000377E+02   2.3746323E+06
   42.8000   2.3739086E+06   0.0000000E+00  -3.0117583E+06  -2.3731668E+06   0.0000000E+00  -1.0998281E+05   0.0000000E+00   0.0000000E+00   0.0000000E+00   7.9085815E+02   0.0000000E+00  -5.4425184E+02   2.5102529E+06   1.5098263E+03   0.0000000E+00  -6.0000377E+02   2.3731709E+06
   43.0000   2.3730537E+06   0.0000000E+00  -3.0109407E+06  -2.3718867E+06   0.0000000E+00  -1.0998275E+05   0.0000000E+00   0.0000000E+00   0.0000000E+00   7.9086109E+02   0.0000000E+00  -5.4424516E+02   2.5091338E+06   1.5098264E+03   0.0000000E+00  -6.0000377E+02   2.3718921E+06
   43.2000   2.3723945E+06   0.0000000E+00  -3.0102723E+06  -2.3708409E+06   0.0000000E+00  -1.0998271E+05   0.0000000E+00   0.0000000E+00   0.0000000E+00   7.9086362E+02   0.0000000E+00  -5.4424013E+02   2.5082264E+06   1.5098265E+03   0.0000000E+00  -6.0000377E+02   2.3708475E+06
   43.4000   2.3719464E+06   0.0000000E+00  -3.0097782E+06  -2.3700725E+06   0.0000000E+00  -1.0998268E+05   0.0000000E+00   0.0000000E+00   0.0000000E+00   7.9086561E+02   0.0000000E+00  -5.4423689E+02   2.5075647E+06   1.5098265E+03   0.0000000E+00  -6.0000377E+02   2.3700799E+06
   43.6000   2.3717174E+06   0.0000000E+00  -3.0094759E+06  -2.3696129E+06   0.0000000E+00  -1.0998266E+05   0.0000000E+00   0.0000000E+00   0.0000000E+00   7.9086697E+02   0.0000000E+00  -5.4423548E+02   2.5071734E+06   1.5098266E+03   0.0000000E+00  -6.0000377E+02   2.3696208E+06
   43.8000   2.3717091E+06   0.0000000E+00  -3.0093753E+06  -2.3694802E+06   0.0000000E+00  -1.0998265E+05   0.0000000E+00   0.0000000E+00   0.0000000E+00   7.9086763E+02   0.0000000E+00  -5.4423586E+02   2.5070656E+06   1.5098266E+03   0.0000000E+00  -6.0000377E+02   2.3694882E+06
   44.0000   2.3719179E+06   0.0000000E+00  -3.0094789E+06  -2.3696781E+06   0.0000000E+00  -1.0998266E+05   0.0000000E+00   0.0000000E+00   0.0000000E+00   7.9086754E+02   0.0000000E+00  -5.4423787E+02   2.5072426E+06   1.5098266E+03   0.0000000E+00  -6.0000377E+02   2.3696860E+06
   44.2000   2.3723349E+06   0.0000000E+00  -3.0097814E+06  -2.3701957E+06   0.0000000E+00  -1.0998268E+05   0.0000000E+00   0.0000000E+00   0.0000000E+00   7.9086669E+02   0.0000000E+00  -5.4424131E+02   2.5076952E+06   1.5098265E+03   0.0000000E+00  -6.0000377E+02   2.3702031E+06
   44.4000   2.3729459E+06   0.0000000E+00  -3.0102690E+06  -2.3710086E+06   0.0000000E+00  -1.0998272E+05   0.0000000E+00   0.0000000E+00   0.0000000E+00   7.9086513E+02   0.0000000E+00  -5.4424588E+02   2.5084050E+06   1.5098265E+03   0.0000000E+00  -6.0000377E+02   2.3710152E+06
   44.6000   2.3737312E+06   0.0000000E+00  -3.0109210E+06  -2.3720823E+06   0.0000000E+00  -1.0998276E+05   0.0000000E+00   0.0000000E+00   0.0000000E+00   7.9086291E+02   0.0000000E+00  -5.4425126E+02   2.5093442E+06   1.5098264E+03   0.0000000E+00  -6.0000377E+02   2.3720879E+06
   44.8000   2.3746663E+06   0.0000000E+00  -3.0117100E+06  -2.3733741E+06   0.0000000E+00  -1.0998282E+05   0.0000000E+00   0.0000000E+00   0.0000000E+00   7.9086015E+02   0.0000000E+00  -5.4425712E+02   2.5104764E+06   1.5098263E+03   0.0000000E+00  -6.0000377E+02   2.3733785E+06
   45.0000   2.3757209E+06   0.0000000E+00  -3.0126031E+06  -2.3748346E+06   0.0000000E+00  -1.0998288E+05   0.0000000E+00   0.0000000E+00   0.0000000E+00   7.9085698E+02   0.0000000E+00  -5.4426313E+02   2.5117587E+06   1.5098262E+03   0.0000000E+00  -6.0000377E+02   2.3748377E+06
   45.2000   2.3768602E+06   0.0000000E+00  -3.0135642E+06  -2.3764089E+06   0.0000000E+00  -1.0998294E+05   0.0000000E+00   0.0000000E+00   0.0000000E+00   7.9085356E+02   0.0000000E+00  -5.4426899E+02   2.5131432E+06   1.5098261E+03   0.0000000E+00  -6.0000377E+02   2.3764105E+06
   45.4000   2.3780458E+06   0.0000000E+00  -3.0145553E+06  -2.3780380E+06   0.0000000E+00  -1.0998301E+05   0.0000000E+00   0.0000000E+00   0.0000000E+00   7.9085005E+02   0.0000000E+00  -5.4427444E+02   2.5145787E+06   1.5098260E+03   0.0000000E+00  -6.0000377E+02   2.3780382E+06
   45.6000   2.3792373E+06   0.0000000E+00  -3.0155394E+06  -2.3796610E+06   0.0000000E+00  -1.0998308E+05   0.0000000E+00   0.0000000E+00   0.0000000E+00   7.9084665E+02   0.0000000E+00  -5.4427928E+02   2.5160122E+06   1.5098259E+03   0.0000000E+00  -6.0000377E+02   2.3796597E+06
   45.8000   2.3803927E+06   0.0000000E+00  -3.0164808E+06  -2.3812170E+06   0.0000000E+00  -1.0998314E+05   0.0000000E+00   0.0000000E+00   0.0000000E+00   7.9084351E+02   0.0000000E+00  -5.4428337E+02   2.5173907E+06   1.5098258E+03   0.0000000E+00  -6.0000377E+02   2.3812143E+06
   46.0000   2.3814702E+06   0.0000000E+00  -3.0173461E+06  -2.3826479E+06   0.0000000E+00  -1.0998320E+05   0.0000000E+00   0.0000000E+00   0.0000000E+00   7.9084081E+02   0.0000000E+00  -5.4428661E+02   2.5186637E+06   1.5098256E+03   0.0000000E+00  -6.0000377E+02   2.3826438E+06
   46.2000   2.3824298E+06   0.0000000E+00  -3.0181047E+06  -2.3839009E+06   0.0000000E+00  -1.0998325E+05   0.0000000E+00   0.0000000E+00   0.0000000E+00   7.9083867E+02   0.0000000E+00  -5.4428897E+02   2.5197848E+06   1.5098256E+03   0.0000000E+00  -6.0000377E+02   2.3838957E+06
   46.4000   2.3832346E+06   0.0000000E+00  -3.0187296E+06  -2.3849310E+06   0.0000000E+00  -1.0998330E+05   0.0000000E+00   0.0000000E+00   0.0000000E+00   7.9083720E+02   0.0000000E+00  -5.4429044E+02   2.5207129E+06   1.5098255E+03   0.0000000E+00  -6.0000377E+02   2.3849249E+06
   46.6000   2.3838536E+06   0.0000000E+00  -3.0191984E+06  -2.3857029E+06   0.0000000E+00  -1.0998333E+05   0.0000000E+00   0.0000000E+00   0.0000000E+00   7.9083647E+02   0.0000000E+00  -5.4429107E+02   2.5214155E+06   1.5098254E+03   0.0000000E+00  -6.0000377E+02   2.3856961E+06
   46.8000   2.3842631E+06   0.0000000E+00  -3.0194940E+06  -2.3861917E+06   0.0000000E+00  -1.0998335E+05   0.0000000E+00   0.0000000E+00   0.0000000E+00   7.9083649E+02   0.0000000E+00  -5.4429088E+02   2.5218701E+06   1.5098254E+03   0.0000000E+00  -6.0000377E+02   2.3861846E+06
   47.0000   2.3844498E+06   0.0000000E+00  -3.0196068E+06  -2.3863859E+06   0.0000000E+00  -1.0998336E+05   0.0000000E+00   0.0000000E+00   0.0000000E+00   7.9083724E+02   0.0000000E+00  -5.4428993E+02   2.5220637E+06   1.5098254E+03   0.0000000E+00  -6.0000377E+02   2.3863787E+06
   47.2000   2.3844116E+06   0.0000000E+00  -3.0195357E+06  -2.3862863E+06   0.0000000E+00  -1.0998335E+05   0.0000000E+00   0.0000000E+00   0.0000000E+00   7.9083865E+02   0.0000000E+00  -5.4428829E+02   2.5219940E+06   1.5098254E+03   0.0000000E+00  -6.0000377E+02   2.3862793E+06
   47.4000   2.3841581E+06   0.0000000E+00  -3.0192877E+06  -2.3859046E+06   0.0000000E+00  -1.0998334E+05   0.0000000E+00   0.0000000E+00   0.0000000E+00   7.9084062E+02   0.0000000E+00  -5.4428601E+02   2.5216693E+06   1.5098254E+03   0.0000000E+00  -6.0000377E+02   2.3858981E+06
   47.6000   2.3837082E+06   0.0000000E+00  -3.0188764E+06  -2.3852629E+06   0.0000000E+00  -1.0998331E+05   0.0000000E+00   0.0000000E+00   0.0000000E+00   7.9084300E+02   0.0000000E+00  -5.4428315E+02   2.5211093E+06   1.5098254E+03   0.0000000E+00  -6.0000377E+02   2.3852571E+06
   47.8000   2.3830892E+06   0.0000000E+00  -3.0183206E+06  -2.3843936E+06   0.0000000E+00  -1.0998327E+05   0.0000000E+00   0.0000000E+00   0.0000000E+00   7.9084564E+02   0.0000000E+00  -5.4427979E+02   2.5203433E+06   1.5098255E+03   0.0000000E+00  -6.0000377E+02   2.3843888E+06
   48.0000   2.3823348E+06   0.0000000E+00  -3.0176446E+06  -2.3833397E+06   0.0000000E+00  -1.0998323E+05   0.0000000E+00   0.0000000E+00   0.0000000E+00   7.9084837E+02   0.0000000E+00  -5.4427601E+02   2.5194089E+06   1.5098256E+03   0.0000000E+00  -6.0000377E+02   2.3833362E+06
   48.2000   2.3814839E+06   0.0000000E+00  -3.0168775E+06  -2.3821529E+06   0.0000000E+00  -1.0998318E+05   0.0000000E+00   0.0000000E+00   0.0000000E+00   7.9085102E+02   0.0000000E+00  -5.4427192E+02   2.5183511E+06   1.5098256E+03   0.0000000E+00  -6.0000377E+02   2.3821508E+06
   48.4000   2.3805784E+06   0.0000000E+00  -3.0160533E+06  -2.3808911E+06   0.0000000E+00  -1.0998313E+05   0.0000000E+00   0.0000000E+00   0.0000000E+00   7.9085344E+02   0.0000000E+00  -5.4426767E+02   2.5172204E+06   1.5098257E+03   0.0000000E+00  -6.0000377E+02   2.3808904E+06
   48.6000   2.3796620E+06   0.0000000E+00  -3.0152095E+06  -2.3796158E+06   0.0000000E+00  -1.0998308E+05   0.0000000E+00   0.0000000E+00   0.0000000E+00   7.9085550E+02   0.0000000E+00  -5.4426344E+02   2.5160720E+06   1.5098258E+03   0.0000000E+00  -6.0000377E+02   2.3796167E+06
   48.8000   2.3787782E+06   0.0000000E+00  -3.0143872E+06  -2.3783898E+06   0.0000000E+00  -1.0998302E+05   0.0000000E+00   0.0000000E+00   0.0000000E+00   7.9085710E+02   0.0000000E+00  -5.4425942E+02   2.5149626E+06   1.5098259E+03   0.0000000E+00  -6.0000377E+02   2.3783922E+06
   49.0000   2.3779695E+06   0.0000000E+00  -3.0136296E+06  -2.3772745E+06   0.0000000E+00  -1.0998298E+05   0.0000000E+00   0.0000000E+00   0.0000000E+00   7.9085816E+02   0.0000000E+00  -5.4425585E+02   2.5139489E+06   1.5098260E+03   0.0000000E+00  -6.0000377E+02   2.3772783E+06
   49.2000   2.3772743E+06   0.0000000E+00  -3.0129790E+06  -2.3763269E+06   0.0000000E+00  -1.0998294E+05   0.0000000E+00   0.0000000E+00   0.0000000E+00   7.9085865E+02   0.0000000E+00  -5.4425295E+02   2.5130839E+06   1.5098261E+03   0.0000000E+00  -6.0000377E+02   2.3763320E+06
   49.4000   2.3767260E+06   0.0000000E+00  -3.0124745E+06  -2.3755981E+06   0.0000000E+00  -1.0998291E+05   0.0000000E+00   0.0000000E+00   0.0000000E+00   7.9085856E+02   0.0000000E+00  -5.4425098E+02   2.5124139E+06   1.5098261E+03   0.0000000E+00  -6.0000377E+02   2.3756043E+06
   49.6000   2.3763505E+06   0.0000000E+00  -3.0121492E+06  -2.3751284E+06   0.0000000E+00  -1.0998289E+05   0.0000000E+00   0.0000000E+00   0.0000000E+00   7.9085793E+02   0.0000000E+00  -5.4425012E+02   2.5119743E+06   1.5098262E+03   0.0000000E+00  -6.0000377E+02   2.3751352E+06
   49.8000   2.3761638E+06   0.0000000E+00  -3.0120258E+06  -2.3749430E+06   0.0000000E+00  -1.0998288E+05   0.0000000E+00   0.0000000E+00   0.0000000E+00   7.9085682E+02   0.0000000E+00  -5.4425053E+02   2.5117889E+06   1.5098262E+03   0.0000000E+00  -6.0000377E+02   2.3749501E+06
   50.0000   2.3761701E+06   0.0000000E+00  -3.0121137E+06  -2.3750504E+06   0.0000000E+00  -1.0998289E+05   0.0000000E+00   0.0000000E+00   0.0000000E+00   7.9085533E+02   0.0000000E+00  -5.4425231E+02   2.5118676E+06   1.5098262E+03   0.0000000E+00  -6.0000377E+02   2.3750574E+06
   50.2000   2.3763628E+06   0.0000000E+00  -3.0124088E+06  -2.3754426E+06   0.0000000E+00  -1.0998290E+05   0.0000000E+00   0.0000000E+00   0.0000000E+00   7.9085355E+02   0.0000000E+00  -5.4425545E+02   2.5122041E+06   1.5098262E+03   0.0000000E+00  -6.0000377E+02   2.3754491E+06
   50.4000   2.3767248E+06   0.0000000E+00  -3.0128940E+06  -2.3760949E+06   0.0000000E+00  -1.0998293E+05   0.0000000E+00   0.0000000E+00   0.0000000E+00   7.9085160E+02   0.0000000E+00  -5.4425987E+02   2.5127756E+06   1.5098261E+03   0.0000000E+00  -6.0000377E+02   2.3761005E+06
   50.6000   2.3772292E+06   0.0000000E+00  -3.0135393E+06  -2.3769657E+06   0.0000000E+00  -1.0998297E+05   0.0000000E+00   0.0000000E+00   0.0000000E+00   7.9084961E+02   0.0000000E+00  -5.4426535E+02   2.5135441E+06   1.5098261E+03   0.0000000E+00  -6.0000377E+02   2.3769700E+06
   50.8000   2.3778412E+06   0.0000000E+00  -3.0143041E+06  -2.3779976E+06   0.0000000E+00  -1.0998301E+05   0.0000000E+00   0.0000000E+00   0.0000000E+00   7.9084769E+02   0.0000000E+00  -5.4427161E+02   2.5144591E+06   1.5098260E+03   0.0000000E+00  -6.0000377E+02   2.3780002E+06
   51.0000   2.3785198E+06   0.0000000E+00  -3.0151391E+06  -2.3791206E+06   0.0000000E+00  -1.0998306E+05   0.0000000E+00   0.0000000E+00   0.0000000E+00   7.9084593E+02   0.0000000E+00  -5.4427828E+02   2.5154596E+06   1.5098259E+03   0.0000000E+00  -6.0000377E+02   2.3791214E+06
   51.2000   2.3792199E+06   0.0000000E+00  -3.0159900E+06  -2.3802574E+06   0.0000000E+00  -1.0998310E+05   0.0000000E+00   0.0000000E+00   0.0000000E+00   7.9084443E+02   0.0000000E+00  -5.4428492E+02   2.5164777E+06   1.5098258E+03   0.0000000E+00  -6.0000377E+02   2.3802562E+06
   51.4000   2.3798948E+06   0.0000000E+00  -3.0167997E+06  -2.3813277E+06   0.0000000E+00  -1.0998315E+05   0.0000000E+00   0.0000000E+00   0.0000000E+00   7.9084326E+02   0.0000000E+00  -5.4429111E+02   2.5174427E+06   1.5098257E+03   0.0000000E+00  -6.0000377E+02   2.3813246E+06
   51.6000   2.3804977E+06   0.0000000E+00  -3.0175121E+06  -2.3822543E+06   0.0000000E+00  -1.0998319E+05   0.0000000E+00   0.0000000E+00   0.0000000E+00   7.9084247E+02   0.0000000E+00  -5.4429640E+02   2.5182859E+06   1.5098257E+03   0.0000000E+00  -6.0000377E+02   2.3822495E+06
   51.8000   2.3809851E+06   0.0000000E+00  -3.0180753E+06  -2.3829680E+06   0.0000000E+00  -1.0998322E+05   0.0000000E+00   0.0000000E+00   0.0000000E+00   7.9084209E+02   0.0000000E+00  -5.4430041E+02   2.5189448E+06   1.5098256E+03   0.0000000E+00  -6.0000377E+02   2.3829616E+06
   52.0000   2.3813192E+06   0.0000000E+00  -3.0184457E+06  -2.3834118E+06   0.0000000E+00  -1.0998323E+05   0.0000000E+00   0.0000000E+00   0.0000000E+00   7.9084215E+02   0.0000000E+00  -5.4430283E+02   2.5193672E+06   1.5098256E+03   0.0000000E+00  -6.0000377E+02   2.3834044E+06
   52.2000   2.3814707E+06   0.0000000E+00  -3.0185908E+06  -2.3835452E+06   0.0000000E+00  -1.0998324E+05   0.0000000E+00   0.0000000E+00   0.0000000E+00   7.9084262E+02   0.0000000E+00  -5.4430345E+02   2.5195147E+06   1.5098256E+03   0.0000000E+00  -6.0000377E+02   2.3835372E+06
   52.4000   2.3814209E+06   0.0000000E+00  -3.0184920E+06  -2.3833458E+06   0.0000000E+00  -1.0998323E+05   0.0000000E+00   0.0000000E+00   0.0000000E+00   7.9084351E+02   0.0000000E+00  -5.4430216E+02   2.5193659E+06   1.5098256E+03   0.0000000E+00  -6.0000377E+02   2.3833376E+06
   52.6000   2.3811636E+06   0.0000000E+00  -3.0181462E+06  -2.3828114E+06   0.0000000E+00  -1.0998321E+05   0.0000000E+00   0.0000000E+00   0.0000000E+00   7.9084476E+02   0.0000000E+00  -5.4429903E+02   2.5189183E+06   1.5098256E+03   0.0000000E+00  -6.0000377E+02   2.3828035E+06
   52.8000   2.3807061E+06   0.0000000E+00  -3.0175669E+06  -2.3819610E+06   0.0000000E+00  -1.0998317E+05   0.0000000E+00   0.0000000E+00   0.0000000E+00   7.9084634E+02   0.0000000E+00  -5.4429421E+02   2.5181880E+06   1.5098257E+03   0.0000000E+00  -6.0000377E+02   2.3819540E+06
   53.0000   2.3800695E+06   0.0000000E+00  -3.0167843E+06  -2.3808344E+06   0.0000000E+00  -1.0998313E+05   0.0000000E+00   0.0000000E+00   0.0000000E+00   7.9084817E+02   0.0000000E+00  -5.4428799E+02   2.5172093E+06   1.5098257E+03   0.0000000E+00  -6.0000377E+02   2.3808287E+06
   53.2000   2.3792875E+06   0.0000000E+00  -3.0158424E+06  -2.3794896E+06   0.0000000E+00  -1.0998307E+05   0.0000000E+00   0.0000000E+00   0.0000000E+00   7.9085019E+02   0.0000000E+00  -5.4428077E+02   2.5160333E+06   1.5098258E+03   0.0000000E+00  -6.0000377E+02   2.3794856E+06
   53.4000   2.3784033E+06   0.0000000E+00  -3.0147955E+06  -2.3779995E+06   0.0000000E+00  -1.0998301E+05   0.0000000E+00   0.0000000E+00   0.0000000E+00   7.9085230E+02   0.0000000E+00  -5.4427300E+02   2.5147242E+06   1.5098259E+03   0.0000000E+00  -6.0000377E+02   2.3779976E+06
   53.6000   2.3774662E+06   0.0000000E+00  -3.0137038E+06  -2.3764480E+06   0.0000000E+00  -1.0998294E+05   0.0000000E+00   0.0000000E+00   0.0000000E+00   7.9085443E+02   0.0000000E+00  -5.4426515E+02   2.5133554E+06   1.5098261E+03   0.0000000E+00  -6.0000377E+02   2.3764482E+06
   53.8000   2.3765287E+06   0.0000000E+00  -3.0126289E+06  -2.3749241E+06   0.0000000E+00  -1.0998288E+05   0.0000000E+00   0.0000000E+00   0.0000000E+00   7.9085646E+02   0.0000000E+00  -5.4425769E+02   2.5120045E+06   1.5098262E+03   0.0000000E+00  -6.0000377E+02   2.3749264E+06
   54.0000   2.3756430E+06   0.0000000E+00  -3.0116305E+06  -2.3735159E+06   0.0000000E+00  -1.0998282E+05   0.0000000E+00   0.0000000E+00   0.0000000E+00   7.9085832E+02   0.0000000E+00  -5.4425107E+02   2.5107489E+06   1.5098263E+03   0.0000000E+00  -6.0000377E+02   2.3735203E+06
   54.2000   2.3748591E+06   0.0000000E+00  -3.0107640E+06  -2.3723052E+06   0.0000000E+00  -1.0998277E+05   0.0000000E+00   0.0000000E+00   0.0000000E+00   7.9085990E+02   0.0000000E+00  -5.4424567E+02   2.5096604E+06   1.5098264E+03   0.0000000E+00  -6.0000377E+02   2.3723114E+06
   54.4000   2.3742229E+06   0.0000000E+00  -3.0100784E+06  -2.3713615E+06   0.0000000E+00  -1.0998273E+05   0.0000000E+00   0.0000000E+00   0.0000000E+00   7.9086114E+02   0.0000000E+00  -5.4424177E+02   2.5088013E+06   1.5098264E+03   0.0000000E+00  -6.0000377E+02   2.3713691E+06
   54.6000   2.3737728E+06   0.0000000E+00  -3.0096127E+06  -2.3707376E+06   0.0000000E+00  -1.0998271E+05   0.0000000E+00   0.0000000E+00   0.0000000E+00   7.9086197E+02   0.0000000E+00  -5.4423960E+02   2.5082207E+06   1.5098265E+03   0.0000000E+00  -6.0000377E+02   2.3707461E+06
   54.8000   2.3735379E+06   0.0000000E+00  -3.0093944E+06  -2.3704676E+06   0.0000000E+00  -1.0998269E+05   0.0000000E+00   0.0000000E+00   0.0000000E+00   7.9086234E+02   0.0000000E+00  -5.4423926E+02   2.5079525E+06   1.5098265E+03   0.0000000E+00  -6.0000377E+02   2.3704765E+06
   55.0000   2.3735354E+06   0.0000000E+00  -3.0094368E+06  -2.3705661E+06   0.0000000E+00  -1.0998270E+05   0.0000000E+00   0.0000000E+00   0.0000000E+00   7.9086223E+02   0.0000000E+00  -5.4424078E+02   2.5080126E+06   1.5098265E+03   0.0000000E+00  -6.0000377E+02   2.3705750E+06
   55.2000   2.3737699E+06   0.0000000E+00  -3.0097383E+06  -2.3710290E+06   0.0000000E+00  -1.0998272E+05   0.0000000E+00   0.0000000E+00   0.0000000E+00   7.9086163E+02   0.0000000E+00  -5.4424406E+02   2.5083987E+06   1.5098265E+03   0.0000000E+00  -6.0000377E+02   2.3710375E+06
   55.4000   2.3742321E+06   0.0000000E+00  -3.0102814E+06  -2.3718339E+06   0.0000000E+00  -1.0998275E+05   0.0000000E+00   0.0000000E+00   0.0000000E+00   7.9086055E+02   0.0000000E+00  -5.4424893E+02   2.5090915E+06   1.5098264E+03   0.0000000E+00  -6.0000377E+02   2.3718415E+06
   55.6000   2.3749001E+06   0.0000000E+00  -3.0110347E+06  -2.3729412E+06   0.0000000E+00  -1.0998280E+05   0.0000000E+00   0.0000000E+00   0.0000000E+00   7.9085903E+02   0.0000000E+00  -5.4425516E+02   2.5100562E+06   1.5098264E+03   0.0000000E+00  -6.0000377E+02   2.3729476E+06
   55.8000   2.3757418E+06   0.0000000E+00  -3.0119561E+06  -2.3742977E+06   0.0000000E+00  -1.0998285E+05   0.0000000E+00   0.0000000E+00   0.0000000E+00   7.9085711E+02   0.0000000E+00  -5.4426245E+02   2.5112443E+06   1.5098263E+03   0.0000000E+00  -6.0000377E+02   2.3743025E+06
   56.0000   2.3767175E+06   0.0000000E+00  -3.0129957E+06  -2.3758389E+06   0.0000000E+00  -1.0998292E+05   0.0000000E+00   0.0000000E+00   0.0000000E+00   7.9085489E+02   0.0000000E+00  -5.4427048E+02   2.5125966E+06   1.5098261E+03   0.0000000E+00  -6.0000377E+02   2.3758420E+06
   56.2000   2.3777828E+06   0.0000000E+00  -3.0141000E+06  -2.3774919E+06   0.0000000E+00  -1.0998299E+05   0.0000000E+00   0.0000000E+00   0.0000000E+00   7.9085243E+02   0.0000000E+00  -5.4427890E+02   2.5140476E+06   1.5098260E+03   0.0000000E+00  -6.0000377E+02   2.3774932E+06
   56.4000   2.3788912E+06   0.0000000E+00  -3.0152150E+06  -2.3791794E+06   0.0000000E+00  -1.0998306E+05   0.0000000E+00   0.0000000E+00   0.0000000E+00   7.9084983E+02   0.0000000E+00  -5.4428739E+02   2.5155296E+06   1.5098259E+03   0.0000000E+00  -6.0000377E+02   2.3791787E+06
   56.6000   2.3799964E+06   0.0000000E+00  -3.0162885E+06  -2.3808247E+06   0.0000000E+00  -1.0998313E+05   0.0000000E+00   0.0000000E+00   0.0000000E+00   7.9084721E+02   0.0000000E+00  -5.4429563E+02   2.5169762E+06   1.5098258E+03   0.0000000E+00  -6.0000377E+02   2.3808223E+06
   56.8000   2.3810546E+06   0.0000000E+00  -3.0172736E+06  -2.3823573E+06   0.0000000E+00  -1.0998319E+05   0.0000000E+00   0.0000000E+00   0.0000000E+00   7.9084466E+02   0.0000000E+00  -5.4430333E+02   2.5183254E+06   1.5098257E+03   0.0000000E+00  -6.0000377E+02   2.3823533E+06
   57.0000   2.3820259E+06   0.0000000E+00  -3.0181298E+06  -2.3837156E+06   0.0000000E+00  -1.0998325E+05   0.0000000E+00   0.0000000E+00   0.0000000E+00   7.9084228E+02   0.0000000E+00  -5.4431025E+02   2.5195227E+06   1.5098256E+03   0.0000000E+00  -6.0000377E+02   2.3837104E+06
   57.2000   2.3828754E+06   0.0000000E+00  -3.0188245E+06  -2.3848501E+06   0.0000000E+00  -1.0998329E+05   0.0000000E+00   0.0000000E+00   0.0000000E+00   7.9084016E+02   0.0000000E+00  -5.4431615E+02   2.5205238E+06   1.5098255E+03   0.0000000E+00  -6.0000377E+02   2.3848439E+06
   57.4000   2.3835747E+06   0.0000000E+00  -3.0193347E+06  -2.3857241E+06   0.0000000E+00  -1.0998333E+05   0.0000000E+00   0.0000000E+00   0.0000000E+00   7.9083838E+02   0.0000000E+00  -5.4432087E+02   2.5212957E+06   1.5098254E+03   0.0000000E+00  -6.0000377E+02   2.3857173E+06
   57.6000   2.3841027E+06   0.0000000E+00  -3.0196472E+06  -2.3863152E+06   0.0000000E+00  -1.0998336E+05   0.0000000E+00   0.0000000E+00   0.0000000E+00   7.9083699E+02   0.0000000E+00  -5.4432427E+02   2.5218177E+06   1.5098254E+03   0.0000000E+00  -6.0000377E+02   2.3863081E+06
   57.8000   2.3844459E+06   0.0000000E+00  -3.0197597E+06  -2.3866141E+06   0.0000000E+00  -1.0998337E+05   0.0000000E+00   0.0000000E+00   0.0000000E+00   7.9083606E+02   0.0000000E+00  -5.4432623E+02   2.5220812E+06   1.5098253E+03   0.0000000E+00  -6.0000377E+02   2.3866070E+06
   58.0000   2.3845988E+06   0.0000000E+00  -3.0196798E+06  -2.3866240E+06   0.0000000E+00  -1.0998337E+05   0.0000000E+00   0.0000000E+00   0.0000000E+00   7.9083559E+02   0.0000000E+00  -5.4432669E+02   2.5220896E+06   1.5098253E+03   0.0000000E+00  -6.0000377E+02   2.3866172E+06
   58.2000   2.3845632E+06   0.0000000E+00  -3.0194237E+06  -2.3863595E+06   0.0000000E+00  -1.0998336E+05   0.0000000E+00   0.0000000E+00   0.0000000E+00   7.9083561E+02   0.0000000E+00  -5.4432563E+02   2.5218578E+06   1.5098253E+03   0.0000000E+00  -6.0000377E+02   2.3863532E+06
   58.4000   2.3843477E+06   0.0000000E+00  -3.0190153E+06  -2.3858455E+06   0.0000000E+00  -1.0998334E+05   0.0000000E+00   0.0000000E+00   0.0000000E+00   7.9083611E+02   0.0000000E+00  -5.4432305E+02   2.5214111E+06   1.5098254E+03   0.0000000E+00  -6.0000377E+02   2.3858401E+06
   58.6000   2.3839678E+06   0.0000000E+00  -3.0184848E+06  -2.3851175E+06   0.0000000E+00  -1.0998331E+05   0.0000000E+00   0.0000000E+00   0.0000000E+00   7.9083707E+02   0.0000000E+00  -5.4431902E+02   2.5207819E+06   1.5098254E+03   0.0000000E+00  -6.0000377E+02   2.3851131E+06
   58.8000   2.3834441E+06   0.0000000E+00  -3.0178663E+06  -2.3842190E+06   0.0000000E+00  -1.0998327E+05   0.0000000E+00   0.0000000E+00   0.0000000E+00   7.9083845E+02   0.0000000E+00  -5.4431365E+02   2.5200071E+06   1.5098255E+03   0.0000000E+00  -6.0000377E+02   2.3842157E+06
   59.0000   2.3828003E+06   0.0000000E+00  -3.0171938E+06  -2.3831971E+06   0.0000000E+00  -1.0998323E+05   0.0000000E+00   0.0000000E+00   0.0000000E+00   7.9084021E+02   0.0000000E+00  -5.4430709E+02   2.5191267E+06   1.5098256E+03   0.0000000E+00  -6.0000377E+02   2.3831950E+06
   59.2000   2.3820619E+06   0.0000000E+00  -3.0164991E+06  -2.3820994E+06   0.0000000E+00  -1.0998318E+05   0.0000000E+00   0.0000000E+00   0.0000000E+00   7.9084227E+02   0.0000000E+00  -5.4429952E+02   2.5181825E+06   1.5098256E+03   0.0000000E+00  -6.0000377E+02   2.3820985E+06
   59.4000   2.3812562E+06   0.0000000E+00  -3.0158108E+06  -2.3809727E+06   0.0000000E+00  -1.0998313E+05   0.0000000E+00   0.0000000E+00   0.0000000E+00   7.9084457E+02   0.0000000E+00  -5.4429119E+02   2.5172139E+06   1.5098257E+03   0.0000000E+00  -6.0000377E+02   2.3809729E+06
   59.6000   2.3804116E+06   0.0000000E+00  -3.0151540E+06  -2.3798604E+06   0.0000000E+00  -1.0998309E+05   0.0000000E+00   0.0000000E+00   0.0000000E+00   7.9084702E+02   0.0000000E+00  -5.4428234E+02   2.5162569E+06   1.5098258E+03   0.0000000E+00  -6.0000377E+02   2.3798615E+06
   59.8000   2.3795569E+06   0.0000000E+00  -3.0145489E+06  -2.3788000E+06   0.0000000E+00  -1.0998304E+05   0.0000000E+00   0.0000000E+00   0.0000000E+00   7.9084955E+02   0.0000000E+00  -5.4427327E+02   2.5153423E+06   1.5098259E+03   0.0000000E+00  -6.0000377E+02   2.3788018E+06
