
These predictions were generated by SubDyn on 27-Nov-2023 at 17:39:51.




    Time	  M1N1TDxss	  M1N2TDxss
       s	        (m)	        (m)
    0.0000	-7.0380E-03	 1.0822E-02
    0.0050	-1.4726E-03	 2.6894E-02
    0.0100	 1.4480E-02	 7.2963E-02
    0.0150	 3.9024E-02	 1.4384E-01
    0.0200	 6.9618E-02	 2.3219E-01
    0.0250	 1.0325E-01	 3.2930E-01
    0.0300	 1.3669E-01	 4.2589E-01
    0.0350	 1.6685E-01	 5.1298E-01
    0.0400	 1.9102E-01	 5.8278E-01
    0.0450	 2.0714E-01	 6.2932E-01
    0.0500	 2.1394E-01	 6.4897E-01
    0.0550	 2.1109E-01	 6.4073E-01
    0.0600	 1.9913E-01	 6.0619E-01
    0.0650	 1.7945E-01	 5.4936E-01
    0.0700	 1.5411E-01	 4.7619E-01
    0.0750	 1.2564E-01	 3.9397E-01
    0.0800	 9.6777E-02	 3.1062E-01
    0.0850	 7.0216E-02	 2.3392E-01
    0.0900	 4.8356E-02	 1.7079E-01
    0.0950	 3.3085E-02	 1.2669E-01
    0.1000	 2.5625E-02	 1.0515E-01
    0.1050	 2.6434E-02	 1.0748E-01
    0.1100	 3.5186E-02	 1.3276E-01
    0.1150	 5.0830E-02	 1.7793E-01
    0.1200	 7.1704E-02	 2.3821E-01
    0.1250	 9.5710E-02	 3.0754E-01
    0.1300	 1.2052E-01	 3.7919E-01
    0.1350	 1.4381E-01	 4.4645E-01
    0.1400	 1.6346E-01	 5.0320E-01
    0.1450	 1.7775E-01	 5.4447E-01
    0.1500	 1.8552E-01	 5.6690E-01
    0.1550	 1.8624E-01	 5.6897E-01
    0.1600	 1.8005E-01	 5.5111E-01
    0.1650	 1.6775E-01	 5.1557E-01
    0.1700	 1.5065E-01	 4.6619E-01
    0.1750	 1.3049E-01	 4.0798E-01
    0.1800	 1.0924E-01	 3.4661E-01
    0.1850	 8.8900E-02	 2.8787E-01
    0.1900	 7.1339E-02	 2.3716E-01
    0.1950	 5.8102E-02	 1.9894E-01
    0.2000	 5.0290E-02	 1.7637E-01
    0.2050	 4.8465E-02	 1.7110E-01
    0.2100	 5.2616E-02	 1.8309E-01
    0.2150	 6.2177E-02	 2.1070E-01
    0.2200	 7.6097E-02	 2.5090E-01
    0.2250	 9.2951E-02	 2.9957E-01
    0.2300	 1.1108E-01	 3.5194E-01
    0.2350	 1.2877E-01	 4.0302E-01
    0.2400	 1.4439E-01	 4.4811E-01
    0.2450	 1.5654E-01	 4.8319E-01
    0.2500	 1.6420E-01	 5.0532E-01
    0.2550	 1.6680E-01	 5.1283E-01
    0.2600	 1.6424E-01	 5.0545E-01
    0.2650	 1.5692E-01	 4.8432E-01
    0.2700	 1.4567E-01	 4.5182E-01
    0.2750	 1.3164E-01	 4.1131E-01
    0.2800	 1.1623E-01	 3.6680E-01
    0.2850	 1.0091E-01	 3.2255E-01
    0.2900	 8.7093E-02	 2.8266E-01
    0.2950	 7.6026E-02	 2.5070E-01
    0.3000	 6.8653E-02	 2.2940E-01
    0.3050	 6.5547E-02	 2.2043E-01
    0.3100	 6.6868E-02	 2.2425E-01
    0.3150	 7.2360E-02	 2.4011E-01
    0.3200	 8.1388E-02	 2.6618E-01
    0.3250	 9.3005E-02	 2.9973E-01
    0.3300	 1.0605E-01	 3.3741E-01
    0.3350	 1.1928E-01	 3.7560E-01
    0.3400	 1.3145E-01	 4.1074E-01
    0.3450	 1.4146E-01	 4.3965E-01
    0.3500	 1.4844E-01	 4.5983E-01
    0.3550	 1.5185E-01	 4.6967E-01
    0.3600	 1.5147E-01	 4.6857E-01
    0.3650	 1.4745E-01	 4.5696E-01
    0.3700	 1.4027E-01	 4.3623E-01
    0.3750	 1.3070E-01	 4.0859E-01
    0.3800	 1.1970E-01	 3.7681E-01
    0.3850	 1.0833E-01	 3.4398E-01
    0.3900	 9.7658E-02	 3.1316E-01
    0.3950	 8.8659E-02	 2.8718E-01
    0.4000	 8.2118E-02	 2.6829E-01
    0.4050	 7.8568E-02	 2.5804E-01
    0.4100	 7.8248E-02	 2.5711E-01
    0.4150	 8.1092E-02	 2.6532E-01
    0.4200	 8.6738E-02	 2.8163E-01
    0.4250	 9.4580E-02	 3.0428E-01
    0.4300	 1.0382E-01	 3.3096E-01
    0.4350	 1.1356E-01	 3.5909E-01
    0.4400	 1.2288E-01	 3.8599E-01
    0.4450	 1.3092E-01	 4.0922E-01
    0.4500	 1.3698E-01	 4.2672E-01
    0.4550	 1.4055E-01	 4.3703E-01
    0.4600	 1.4138E-01	 4.3943E-01
    0.4650	 1.3947E-01	 4.3391E-01
    0.4700	 1.3508E-01	 4.2124E-01
    0.4750	 1.2870E-01	 4.0280E-01
    0.4800	 1.2097E-01	 3.8049E-01
    0.4850	 1.1266E-01	 3.5649E-01
    0.4900	 1.0456E-01	 3.3309E-01
    0.4950	 9.7406E-02	 3.1244E-01
    0.5000	 9.1843E-02	 2.9637E-01
    0.5050	 8.8338E-02	 2.8625E-01
    0.5100	 8.7154E-02	 2.8283E-01
    0.5150	 8.8332E-02	 2.8623E-01
    0.5200	 9.1691E-02	 2.9593E-01
    0.5250	 9.6852E-02	 3.1084E-01
    0.5300	 1.0328E-01	 3.2941E-01
    0.5350	 1.1035E-01	 3.4981E-01
    0.5400	 1.1737E-01	 3.7009E-01
    0.5450	 1.2370E-01	 3.8836E-01
    0.5500	 1.2876E-01	 4.0299E-01
    0.5550	 1.3214E-01	 4.1273E-01
    0.5600	 1.3355E-01	 4.1683E-01
    0.5650	 1.3294E-01	 4.1506E-01
    0.5700	 1.3042E-01	 4.0778E-01
    0.5750	 1.2628E-01	 3.9582E-01
    0.5800	 1.2095E-01	 3.8044E-01
    0.5850	 1.1497E-01	 3.6317E-01
    0.5900	 1.0891E-01	 3.4567E-01
    0.5950	 1.0334E-01	 3.2957E-01
    0.6000	 9.8755E-02	 3.1633E-01
    0.6050	 9.5557E-02	 3.0710E-01
    0.6100	 9.4001E-02	 3.0260E-01
    0.6150	 9.4180E-02	 3.0312E-01
    0.6200	 9.6028E-02	 3.0846E-01
    0.6250	 9.9320E-02	 3.1797E-01
    0.6300	 1.0371E-01	 3.3064E-01
    0.6350	 1.0875E-01	 3.4521E-01
    0.6400	 1.1396E-01	 3.6025E-01
    0.6450	 1.1885E-01	 3.7437E-01
    0.6500	 1.2297E-01	 3.8627E-01
    0.6550	 1.2597E-01	 3.9491E-01
    0.6600	 1.2759E-01	 3.9960E-01
    0.6650	 1.2773E-01	 4.0001E-01
    0.6700	 1.2642E-01	 3.9624E-01
    0.6750	 1.2383E-01	 3.8875E-01
    0.6800	 1.2024E-01	 3.7837E-01
    0.6850	 1.1600E-01	 3.6614E-01
    0.6900	 1.1154E-01	 3.5325E-01
    0.6950	 1.0727E-01	 3.4092E-01
    0.7000	 1.0359E-01	 3.3028E-01
    0.7050	 1.0081E-01	 3.2227E-01
    0.7100	 9.9179E-02	 3.1756E-01
    0.7150	 9.8803E-02	 3.1647E-01
    0.7200	 9.9681E-02	 3.1901E-01
    0.7250	 1.0170E-01	 3.2482E-01
    0.7300	 1.0462E-01	 3.3328E-01
    0.7350	 1.0816E-01	 3.4351E-01
    0.7400	 1.1197E-01	 3.5451E-01
    0.7450	 1.1569E-01	 3.6523E-01
    0.7500	 1.1896E-01	 3.7469E-01
    0.7550	 1.2151E-01	 3.8204E-01
    0.7600	 1.2311E-01	 3.8667E-01
    0.7650	 1.2365E-01	 3.8823E-01
    0.7700	 1.2311E-01	 3.8666E-01
    0.7750	 1.2157E-01	 3.8221E-01
    0.7800	 1.1920E-01	 3.7537E-01
    0.7850	 1.1625E-01	 3.6686E-01
    0.7900	 1.1301E-01	 3.5751E-01
    0.7950	 1.0980E-01	 3.4822E-01
    0.8000	 1.0690E-01	 3.3985E-01
    0.8050	 1.0458E-01	 3.3315E-01
    0.8100	 1.0303E-01	 3.2869E-01
    0.8150	 1.0239E-01	 3.2682E-01
    0.8200	 1.0267E-01	 3.2764E-01
    0.8250	 1.0383E-01	 3.3098E-01
    0.8300	 1.0573E-01	 3.3647E-01
    0.8350	 1.0817E-01	 3.4352E-01
    0.8400	 1.1091E-01	 3.5144E-01
    0.8450	 1.1369E-01	 3.5946E-01
    0.8500	 1.1624E-01	 3.6683E-01
    0.8550	 1.1834E-01	 3.7289E-01
    0.8600	 1.1980E-01	 3.7712E-01
    0.8650	 1.2051E-01	 3.7917E-01
    0.8700	 1.2043E-01	 3.7893E-01
    0.8750	 1.1958E-01	 3.7648E-01
    0.8800	 1.1807E-01	 3.7211E-01
    0.8850	 1.1606E-01	 3.6630E-01
    0.8900	 1.1375E-01	 3.5963E-01
    0.8950	 1.1136E-01	 3.5273E-01
    0.9000	 1.0912E-01	 3.4626E-01
    0.9050	 1.0723E-01	 3.4082E-01
    0.9100	 1.0586E-01	 3.3686E-01
    0.9150	 1.0512E-01	 3.3472E-01
    0.9200	 1.0506E-01	 3.3453E-01
    0.9250	 1.0566E-01	 3.3627E-01
    0.9300	 1.0685E-01	 3.3970E-01
    0.9350	 1.0850E-01	 3.4446E-01
    0.9400	 1.1044E-01	 3.5007E-01
    0.9450	 1.1248E-01	 3.5598E-01
    0.9500	 1.1444E-01	 3.6162E-01
    0.9550	 1.1613E-01	 3.6650E-01
    0.9600	 1.1740E-01	 3.7016E-01
    0.9650	 1.1814E-01	 3.7232E-01
    0.9700	 1.1831E-01	 3.7281E-01
    0.9750	 1.1791E-01	 3.7165E-01
    0.9800	 1.1698E-01	 3.6898E-01
    0.9850	 1.1564E-01	 3.6510E-01
    0.9900	 1.1402E-01	 3.6041E-01
    0.9950	 1.1227E-01	 3.5537E-01
    1.0000	 1.1057E-01	 3.5046E-01
    1.0050	 1.0907E-01	 3.4612E-01
    1.0100	 1.0791E-01	 3.4276E-01
    1.0150	 1.0717E-01	 3.4064E-01
    1.0200	 1.0693E-01	 3.3993E-01
    1.0250	 1.0718E-01	 3.4065E-01
    1.0300	 1.0788E-01	 3.4270E-01
    1.0350	 1.0897E-01	 3.4583E-01
    1.0400	 1.1032E-01	 3.4974E-01
    1.0450	 1.1181E-01	 3.5402E-01
    1.0500	 1.1328E-01	 3.5828E-01
    1.0550	 1.1461E-01	 3.6211E-01
    1.0600	 1.1567E-01	 3.6518E-01
    1.0650	 1.1638E-01	 3.6722E-01
    1.0700	 1.1667E-01	 3.6807E-01
    1.0750	 1.1654E-01	 3.6769E-01
    1.0800	 1.1601E-01	 3.6616E-01
    1.0850	 1.1514E-01	 3.6364E-01
    1.0900	 1.1402E-01	 3.6041E-01
    1.0950	 1.1276E-01	 3.5678E-01
    1.1000	 1.1149E-01	 3.5310E-01
    1.1050	 1.1032E-01	 3.4973E-01
    1.1100	 1.0936E-01	 3.4695E-01
    1.1150	 1.0869E-01	 3.4502E-01
    1.1200	 1.0836E-01	 3.4408E-01
    1.1250	 1.0840E-01	 3.4419E-01
    1.1300	 1.0879E-01	 3.4532E-01
    1.1350	 1.0949E-01	 3.4732E-01
    1.1400	 1.1041E-01	 3.4999E-01
    1.1450	 1.1147E-01	 3.5305E-01
    1.1500	 1.1256E-01	 3.5621E-01
    1.1550	 1.1359E-01	 3.5917E-01
    1.1600	 1.1445E-01	 3.6166E-01
    1.1650	 1.1508E-01	 3.6348E-01
    1.1700	 1.1542E-01	 3.6445E-01
    1.1750	 1.1545E-01	 3.6454E-01
    1.1800	 1.1517E-01	 3.6374E-01
    1.1850	 1.1463E-01	 3.6216E-01
    1.1900	 1.1387E-01	 3.5998E-01
    1.1950	 1.1298E-01	 3.5741E-01
    1.2000	 1.1204E-01	 3.5470E-01
    1.2050	 1.1115E-01	 3.5211E-01
    1.2100	 1.1037E-01	 3.4988E-01
    1.2150	 1.0979E-01	 3.4820E-01
    1.2200	 1.0945E-01	 3.4722E-01
    1.2250	 1.0937E-01	 3.4699E-01
    1.2300	 1.0956E-01	 3.4753E-01
    1.2350	 1.0998E-01	 3.4876E-01
    1.2400	 1.1060E-01	 3.5054E-01
    1.2450	 1.1134E-01	 3.5269E-01
    1.2500	 1.1214E-01	 3.5500E-01
    1.2550	 1.1292E-01	 3.5725E-01
    1.2600	 1.1361E-01	 3.5923E-01
    1.2650	 1.1414E-01	 3.6077E-01
    1.2700	 1.1448E-01	 3.6174E-01
    1.2750	 1.1459E-01	 3.6206E-01
    1.2800	 1.1448E-01	 3.6173E-01
    1.2850	 1.1415E-01	 3.6079E-01
    1.2900	 1.1365E-01	 3.5935E-01
    1.2950	 1.1303E-01	 3.5756E-01
    1.3000	 1.1235E-01	 3.5560E-01
    1.3050	 1.1168E-01	 3.5365E-01
    1.3100	 1.1107E-01	 3.5189E-01
    1.3150	 1.1058E-01	 3.5049E-01
    1.3200	 1.1026E-01	 3.4956E-01
    1.3250	 1.1012E-01	 3.4917E-01
    1.3300	 1.1019E-01	 3.4934E-01
    1.3350	 1.1043E-01	 3.5005E-01
    1.3400	 1.1083E-01	 3.5120E-01
    1.3450	 1.1134E-01	 3.5268E-01
    1.3500	 1.1192E-01	 3.5435E-01
    1.3550	 1.1250E-01	 3.5603E-01
    1.3600	 1.1304E-01	 3.5758E-01
    1.3650	 1.1348E-01	 3.5885E-01
    1.3700	 1.1378E-01	 3.5973E-01
    1.3750	 1.1393E-01	 3.6016E-01
    1.3800	 1.1391E-01	 3.6011E-01
    1.3850	 1.1373E-01	 3.5959E-01
    1.3900	 1.1342E-01	 3.5867E-01
    1.3950	 1.1299E-01	 3.5745E-01
    1.4000	 1.1251E-01	 3.5605E-01
    1.4050	 1.1201E-01	 3.5460E-01
    1.4100	 1.1154E-01	 3.5324E-01
    1.4150	 1.1114E-01	 3.5210E-01
    1.4200	 1.1085E-01	 3.5127E-01
    1.4250	 1.1070E-01	 3.5082E-01
    1.4300	 1.1069E-01	 3.5079E-01
    1.4350	 1.1081E-01	 3.5115E-01
    1.4400	 1.1106E-01	 3.5188E-01
    1.4450	 1.1141E-01	 3.5288E-01
    1.4500	 1.1182E-01	 3.5406E-01
    1.4550	 1.1225E-01	 3.5530E-01
    1.4600	 1.1266E-01	 3.5648E-01
    1.4650	 1.1301E-01	 3.5751E-01
    1.4700	 1.1328E-01	 3.5827E-01
    1.4750	 1.1343E-01	 3.5872E-01
    1.4800	 1.1347E-01	 3.5883E-01
    1.4850	 1.1338E-01	 3.5858E-01
    1.4900	 1.1319E-01	 3.5802E-01
    1.4950	 1.1291E-01	 3.5720E-01
    1.5000	 1.1257E-01	 3.5622E-01
    1.5050	 1.1220E-01	 3.5516E-01
    1.5100	 1.1184E-01	 3.5413E-01
    1.5150	 1.1153E-01	 3.5322E-01
    1.5200	 1.1128E-01	 3.5251E-01
    1.5250	 1.1113E-01	 3.5207E-01
    1.5300	 1.1108E-01	 3.5192E-01
    1.5350	 1.1113E-01	 3.5207E-01
    1.5400	 1.1128E-01	 3.5250E-01
    1.5450	 1.1151E-01	 3.5316E-01
    1.5500	 1.1179E-01	 3.5398E-01
    1.5550	 1.1210E-01	 3.5488E-01
    1.5600	 1.1241E-01	 3.5578E-01
    1.5650	 1.1269E-01	 3.5658E-01
    1.5700	 1.1292E-01	 3.5723E-01
    1.5750	 1.1306E-01	 3.5765E-01
    1.5800	 1.1312E-01	 3.5783E-01
    1.5850	 1.1310E-01	 3.5775E-01
    1.5900	 1.1298E-01	 3.5743E-01
    1.5950	 1.1280E-01	 3.5690E-01
    1.6000	 1.1257E-01	 3.5622E-01
    1.6050	 1.1230E-01	 3.5545E-01
    1.6100	 1.1203E-01	 3.5468E-01
    1.6150	 1.1179E-01	 3.5397E-01
    1.6200	 1.1159E-01	 3.5339E-01
    1.6250	 1.1145E-01	 3.5299E-01
    1.6300	 1.1138E-01	 3.5279E-01
    1.6350	 1.1139E-01	 3.5282E-01
    1.6400	 1.1147E-01	 3.5305E-01
    1.6450	 1.1162E-01	 3.5348E-01
    1.6500	 1.1181E-01	 3.5404E-01
    1.6550	 1.1203E-01	 3.5468E-01
    1.6600	 1.1226E-01	 3.5534E-01
    1.6650	 1.1248E-01	 3.5596E-01
    1.6700	 1.1266E-01	 3.5649E-01
    1.6750	 1.1279E-01	 3.5687E-01
    1.6800	 1.1286E-01	 3.5707E-01
    1.6850	 1.1287E-01	 3.5709E-01
    1.6900	 1.1281E-01	 3.5692E-01
    1.6950	 1.1269E-01	 3.5659E-01
    1.7000	 1.1254E-01	 3.5613E-01
    1.7050	 1.1235E-01	 3.5559E-01
    1.7100	 1.1215E-01	 3.5502E-01
    1.7150	 1.1196E-01	 3.5448E-01
    1.7200	 1.1180E-01	 3.5401E-01
    1.7250	 1.1168E-01	 3.5366E-01
    1.7300	 1.1161E-01	 3.5345E-01
    1.7350	 1.1159E-01	 3.5340E-01
    1.7400	 1.1163E-01	 3.5352E-01
    1.7450	 1.1172E-01	 3.5378E-01
    1.7500	 1.1185E-01	 3.5415E-01
    1.7550	 1.1201E-01	 3.5460E-01
    1.7600	 1.1217E-01	 3.5509E-01
    1.7650	 1.1234E-01	 3.5556E-01
    1.7700	 1.1248E-01	 3.5598E-01
    1.7750	 1.1259E-01	 3.5630E-01
    1.7800	 1.1266E-01	 3.5650E-01
    1.7850	 1.1269E-01	 3.5657E-01
    1.7900	 1.1266E-01	 3.5650E-01
    1.7950	 1.1260E-01	 3.5630E-01
    1.8000	 1.1249E-01	 3.5600E-01
    1.8050	 1.1236E-01	 3.5562E-01
    1.8100	 1.1222E-01	 3.5521E-01
    1.8150	 1.1208E-01	 3.5480E-01
    1.8200	 1.1195E-01	 3.5443E-01
    1.8250	 1.1185E-01	 3.5414E-01
    1.8300	 1.1178E-01	 3.5394E-01
    1.8350	 1.1175E-01	 3.5386E-01
    1.8400	 1.1176E-01	 3.5390E-01
    1.8450	 1.1181E-01	 3.5405E-01
    1.8500	 1.1190E-01	 3.5429E-01
    1.8550	 1.1201E-01	 3.5460E-01
    1.8600	 1.1213E-01	 3.5495E-01
    1.8650	 1.1225E-01	 3.5530E-01
    1.8700	 1.1236E-01	 3.5563E-01
    1.8750	 1.1245E-01	 3.5590E-01
    1.8800	 1.1252E-01	 3.5608E-01
    1.8850	 1.1255E-01	 3.5617E-01
    1.8900	 1.1255E-01	 3.5616E-01
    1.8950	 1.1251E-01	 3.5605E-01
    1.9000	 1.1244E-01	 3.5586E-01
    1.9050	 1.1235E-01	 3.5560E-01
    1.9100	 1.1225E-01	 3.5530E-01
    1.9150	 1.1214E-01	 3.5500E-01
    1.9200	 1.1205E-01	 3.5472E-01
    1.9250	 1.1196E-01	 3.5448E-01
    1.9300	 1.1190E-01	 3.5430E-01
    1.9350	 1.1187E-01	 3.5421E-01
    1.9400	 1.1187E-01	 3.5420E-01
    1.9450	 1.1189E-01	 3.5428E-01
    1.9500	 1.1195E-01	 3.5443E-01
    1.9550	 1.1202E-01	 3.5464E-01
    1.9600	 1.1211E-01	 3.5489E-01
    1.9650	 1.1220E-01	 3.5515E-01
    1.9700	 1.1228E-01	 3.5540E-01
    1.9750	 1.1236E-01	 3.5561E-01
    1.9800	 1.1241E-01	 3.5577E-01
    1.9850	 1.1245E-01	 3.5587E-01
    1.9900	 1.1245E-01	 3.5589E-01
    1.9950	 1.1243E-01	 3.5584E-01
    2.0000	 1.1239E-01	 3.5572E-01
    2.0050	 1.1233E-01	 3.5555E-01
    2.0100	 1.1226E-01	 3.5534E-01
    2.0150	 1.1219E-01	 3.5512E-01
    2.0200	 1.1211E-01	 3.5490E-01
    2.0250	 1.1204E-01	 3.5471E-01
    2.0300	 1.1199E-01	 3.5456E-01
    2.0350	 1.1196E-01	 3.5447E-01
    2.0400	 1.1195E-01	 3.5444E-01
    2.0450	 1.1196E-01	 3.5447E-01
    2.0500	 1.1199E-01	 3.5456E-01
    2.0550	 1.1204E-01	 3.5470E-01
    2.0600	 1.1210E-01	 3.5487E-01
    2.0650	 1.1217E-01	 3.5506E-01
    2.0700	 1.1223E-01	 3.5525E-01
    2.0750	 1.1229E-01	 3.5542E-01
    2.0800	 1.1234E-01	 3.5555E-01
    2.0850	 1.1237E-01	 3.5564E-01
    2.0900	 1.1238E-01	 3.5568E-01
    2.0950	 1.1237E-01	 3.5566E-01
    2.1000	 1.1235E-01	 3.5559E-01
    2.1050	 1.1231E-01	 3.5548E-01
    2.1100	 1.1226E-01	 3.5534E-01
    2.1150	 1.1221E-01	 3.5518E-01
    2.1200	 1.1215E-01	 3.5502E-01
    2.1250	 1.1210E-01	 3.5487E-01
    2.1300	 1.1206E-01	 3.5475E-01
    2.1350	 1.1203E-01	 3.5466E-01
    2.1400	 1.1201E-01	 3.5462E-01
    2.1450	 1.1202E-01	 3.5463E-01
    2.1500	 1.1203E-01	 3.5468E-01
    2.1550	 1.1206E-01	 3.5477E-01
    2.1600	 1.1210E-01	 3.5488E-01
    2.1650	 1.1215E-01	 3.5502E-01
    2.1700	 1.1220E-01	 3.5516E-01
    2.1750	 1.1224E-01	 3.5529E-01
    2.1800	 1.1228E-01	 3.5540E-01
    2.1850	 1.1231E-01	 3.5548E-01
    2.1900	 1.1232E-01	 3.5552E-01
    2.1950	 1.1233E-01	 3.5552E-01
    2.2000	 1.1231E-01	 3.5549E-01
    2.2050	 1.1229E-01	 3.5542E-01
    2.2100	 1.1226E-01	 3.5532E-01
    2.2150	 1.1222E-01	 3.5521E-01
    2.2200	 1.1218E-01	 3.5509E-01
    2.2250	 1.1214E-01	 3.5497E-01
    2.2300	 1.1210E-01	 3.5488E-01
    2.2350	 1.1208E-01	 3.5480E-01
    2.2400	 1.1206E-01	 3.5476E-01
    2.2450	 1.1206E-01	 3.5475E-01
    2.2500	 1.1207E-01	 3.5477E-01
    2.2550	 1.1209E-01	 3.5483E-01
    2.2600	 1.1211E-01	 3.5491E-01
    2.2650	 1.1215E-01	 3.5500E-01
    2.2700	 1.1218E-01	 3.5510E-01
    2.2750	 1.1222E-01	 3.5520E-01
    2.2800	 1.1225E-01	 3.5529E-01
    2.2850	 1.1227E-01	 3.5536E-01
    2.2900	 1.1228E-01	 3.5540E-01
    2.2950	 1.1229E-01	 3.5541E-01
    2.3000	 1.1228E-01	 3.5540E-01
    2.3050	 1.1227E-01	 3.5536E-01
    2.3100	 1.1225E-01	 3.5529E-01
    2.3150	 1.1222E-01	 3.5522E-01
    2.3200	 1.1219E-01	 3.5513E-01
    2.3250	 1.1216E-01	 3.5504E-01
    2.3300	 1.1213E-01	 3.5497E-01
    2.3350	 1.1211E-01	 3.5490E-01
    2.3400	 1.1210E-01	 3.5486E-01
    2.3450	 1.1209E-01	 3.5485E-01
    2.3500	 1.1209E-01	 3.5485E-01
    2.3550	 1.1211E-01	 3.5489E-01
    2.3600	 1.1212E-01	 3.5494E-01
    2.3650	 1.1215E-01	 3.5500E-01
    2.3700	 1.1217E-01	 3.5508E-01
    2.3750	 1.1220E-01	 3.5515E-01
    2.3800	 1.1222E-01	 3.5522E-01
    2.3850	 1.1224E-01	 3.5527E-01
    2.3900	 1.1225E-01	 3.5531E-01
    2.3950	 1.1226E-01	 3.5533E-01
    2.4000	 1.1226E-01	 3.5533E-01
    2.4050	 1.1225E-01	 3.5531E-01
    2.4100	 1.1224E-01	 3.5526E-01
    2.4150	 1.1222E-01	 3.5521E-01
    2.4200	 1.1220E-01	 3.5515E-01
    2.4250	 1.1217E-01	 3.5509E-01
    2.4300	 1.1215E-01	 3.5503E-01
    2.4350	 1.1214E-01	 3.5498E-01
    2.4400	 1.1212E-01	 3.5494E-01
    2.4450	 1.1212E-01	 3.5492E-01
    2.4500	 1.1212E-01	 3.5492E-01
    2.4550	 1.1212E-01	 3.5493E-01
    2.4600	 1.1213E-01	 3.5497E-01
    2.4650	 1.1215E-01	 3.5501E-01
    2.4700	 1.1217E-01	 3.5506E-01
    2.4750	 1.1219E-01	 3.5512E-01
    2.4800	 1.1220E-01	 3.5517E-01
    2.4850	 1.1222E-01	 3.5521E-01
    2.4900	 1.1223E-01	 3.5525E-01
    2.4950	 1.1224E-01	 3.5527E-01
    2.5000	 1.1224E-01	 3.5527E-01
    2.5050	 1.1224E-01	 3.5526E-01
    2.5100	 1.1223E-01	 3.5524E-01
    2.5150	 1.1221E-01	 3.5520E-01
    2.5200	 1.1220E-01	 3.5516E-01
    2.5250	 1.1218E-01	 3.5511E-01
    2.5300	 1.1217E-01	 3.5506E-01
    2.5350	 1.1215E-01	 3.5502E-01
    2.5400	 1.1214E-01	 3.5499E-01
    2.5450	 1.1214E-01	 3.5497E-01
    2.5500	 1.1213E-01	 3.5497E-01
    2.5550	 1.1214E-01	 3.5497E-01
    2.5600	 1.1214E-01	 3.5499E-01
    2.5650	 1.1215E-01	 3.5502E-01
    2.5700	 1.1217E-01	 3.5506E-01
    2.5750	 1.1218E-01	 3.5510E-01
    2.5800	 1.1219E-01	 3.5514E-01
    2.5850	 1.1220E-01	 3.5517E-01
    2.5900	 1.1221E-01	 3.5520E-01
    2.5950	 1.1222E-01	 3.5522E-01
    2.6000	 1.1222E-01	 3.5523E-01
    2.6050	 1.1222E-01	 3.5522E-01
    2.6100	 1.1222E-01	 3.5521E-01
    2.6150	 1.1221E-01	 3.5519E-01
    2.6200	 1.1220E-01	 3.5516E-01
    2.6250	 1.1219E-01	 3.5512E-01
    2.6300	 1.1218E-01	 3.5509E-01
    2.6350	 1.1216E-01	 3.5506E-01
    2.6400	 1.1216E-01	 3.5503E-01
    2.6450	 1.1215E-01	 3.5501E-01
    2.6500	 1.1215E-01	 3.5501E-01
    2.6550	 1.1215E-01	 3.5501E-01
    2.6600	 1.1215E-01	 3.5502E-01
    2.6650	 1.1216E-01	 3.5504E-01
    2.6700	 1.1217E-01	 3.5506E-01
    2.6750	 1.1218E-01	 3.5509E-01
    2.6800	 1.1219E-01	 3.5512E-01
    2.6850	 1.1220E-01	 3.5515E-01
    2.6900	 1.1220E-01	 3.5517E-01
    2.6950	 1.1221E-01	 3.5519E-01
    2.7000	 1.1221E-01	 3.5519E-01
    2.7050	 1.1221E-01	 3.5520E-01
    2.7100	 1.1221E-01	 3.5519E-01
    2.7150	 1.1220E-01	 3.5517E-01
    2.7200	 1.1220E-01	 3.5515E-01
    2.7250	 1.1219E-01	 3.5513E-01
    2.7300	 1.1218E-01	 3.5510E-01
    2.7350	 1.1217E-01	 3.5508E-01
    2.7400	 1.1217E-01	 3.5506E-01
    2.7450	 1.1216E-01	 3.5504E-01
    2.7500	 1.1216E-01	 3.5504E-01
    2.7550	 1.1216E-01	 3.5503E-01
    2.7600	 1.1216E-01	 3.5504E-01
    2.7650	 1.1216E-01	 3.5505E-01
    2.7700	 1.1217E-01	 3.5507E-01
    2.7750	 1.1217E-01	 3.5509E-01
    2.7800	 1.1218E-01	 3.5511E-01
    2.7850	 1.1219E-01	 3.5513E-01
    2.7900	 1.1220E-01	 3.5515E-01
    2.7950	 1.1220E-01	 3.5516E-01
    2.8000	 1.1220E-01	 3.5517E-01
    2.8050	 1.1220E-01	 3.5517E-01
    2.8100	 1.1220E-01	 3.5517E-01
    2.8150	 1.1220E-01	 3.5516E-01
    2.8200	 1.1220E-01	 3.5515E-01
    2.8250	 1.1219E-01	 3.5513E-01
    2.8300	 1.1218E-01	 3.5511E-01
    2.8350	 1.1218E-01	 3.5509E-01
    2.8400	 1.1217E-01	 3.5508E-01
    2.8450	 1.1217E-01	 3.5507E-01
    2.8500	 1.1216E-01	 3.5506E-01
    2.8550	 1.1216E-01	 3.5505E-01
    2.8600	 1.1216E-01	 3.5505E-01
    2.8650	 1.1217E-01	 3.5506E-01
    2.8700	 1.1217E-01	 3.5507E-01
    2.8750	 1.1217E-01	 3.5509E-01
    2.8800	 1.1218E-01	 3.5510E-01
    2.8850	 1.1219E-01	 3.5512E-01
    2.8900	 1.1219E-01	 3.5513E-01
    2.8950	 1.1219E-01	 3.5514E-01
    2.9000	 1.1220E-01	 3.5515E-01
    2.9050	 1.1220E-01	 3.5516E-01
    2.9100	 1.1220E-01	 3.5515E-01
    2.9150	 1.1220E-01	 3.5515E-01
    2.9200	 1.1219E-01	 3.5514E-01
    2.9250	 1.1219E-01	 3.5513E-01
    2.9300	 1.1219E-01	 3.5512E-01
    2.9350	 1.1218E-01	 3.5510E-01
    2.9400	 1.1218E-01	 3.5509E-01
    2.9450	 1.1217E-01	 3.5508E-01
    2.9500	 1.1217E-01	 3.5507E-01
    2.9550	 1.1217E-01	 3.5507E-01
    2.9600	 1.1217E-01	 3.5507E-01
    2.9650	 1.1217E-01	 3.5507E-01
    2.9700	 1.1217E-01	 3.5508E-01
    2.9750	 1.1218E-01	 3.5509E-01
    2.9800	 1.1218E-01	 3.5510E-01
    2.9850	 1.1218E-01	 3.5511E-01
    2.9900	 1.1219E-01	 3.5512E-01
    2.9950	 1.1219E-01	 3.5513E-01
    3.0000	 1.1219E-01	 3.5514E-01
    3.0050	 1.1219E-01	 3.5514E-01
    3.0100	 1.1219E-01	 3.5514E-01
    3.0150	 1.1219E-01	 3.5514E-01
    3.0200	 1.1219E-01	 3.5513E-01
    3.0250	 1.1219E-01	 3.5513E-01
    3.0300	 1.1219E-01	 3.5512E-01
    3.0350	 1.1218E-01	 3.5511E-01
    3.0400	 1.1218E-01	 3.5510E-01
    3.0450	 1.1218E-01	 3.5509E-01
    3.0500	 1.1217E-01	 3.5508E-01
    3.0550	 1.1217E-01	 3.5508E-01
    3.0600	 1.1217E-01	 3.5508E-01
    3.0650	 1.1217E-01	 3.5508E-01
    3.0700	 1.1217E-01	 3.5508E-01
    3.0750	 1.1218E-01	 3.5509E-01
    3.0800	 1.1218E-01	 3.5510E-01
    3.0850	 1.1218E-01	 3.5511E-01
    3.0900	 1.1218E-01	 3.5511E-01
    3.0950	 1.1219E-01	 3.5512E-01
    3.1000	 1.1219E-01	 3.5513E-01
    3.1050	 1.1219E-01	 3.5513E-01
    3.1100	 1.1219E-01	 3.5513E-01
    3.1150	 1.1219E-01	 3.5513E-01
    3.1200	 1.1219E-01	 3.5513E-01
    3.1250	 1.1219E-01	 3.5512E-01
    3.1300	 1.1219E-01	 3.5512E-01
    3.1350	 1.1218E-01	 3.5511E-01
    3.1400	 1.1218E-01	 3.5510E-01
    3.1450	 1.1218E-01	 3.5510E-01
    3.1500	 1.1218E-01	 3.5509E-01
    3.1550	 1.1218E-01	 3.5509E-01
    3.1600	 1.1217E-01	 3.5509E-01
    3.1650	 1.1217E-01	 3.5509E-01
    3.1700	 1.1218E-01	 3.5509E-01
    3.1750	 1.1218E-01	 3.5509E-01
    3.1800	 1.1218E-01	 3.5510E-01
    3.1850	 1.1218E-01	 3.5510E-01
    3.1900	 1.1218E-01	 3.5511E-01
    3.1950	 1.1218E-01	 3.5512E-01
    3.2000	 1.1219E-01	 3.5512E-01
    3.2050	 1.1219E-01	 3.5512E-01
    3.2100	 1.1219E-01	 3.5513E-01
    3.2150	 1.1219E-01	 3.5513E-01
    3.2200	 1.1219E-01	 3.5512E-01
    3.2250	 1.1219E-01	 3.5512E-01
    3.2300	 1.1219E-01	 3.5512E-01
    3.2350	 1.1218E-01	 3.5511E-01
    3.2400	 1.1218E-01	 3.5511E-01
    3.2450	 1.1218E-01	 3.5510E-01
    3.2500	 1.1218E-01	 3.5510E-01
    3.2550	 1.1218E-01	 3.5509E-01
    3.2600	 1.1218E-01	 3.5509E-01
    3.2650	 1.1218E-01	 3.5509E-01
    3.2700	 1.1218E-01	 3.5509E-01
    3.2750	 1.1218E-01	 3.5510E-01
    3.2800	 1.1218E-01	 3.5510E-01
    3.2850	 1.1218E-01	 3.5510E-01
    3.2900	 1.1218E-01	 3.5511E-01
    3.2950	 1.1218E-01	 3.5511E-01
    3.3000	 1.1218E-01	 3.5512E-01
    3.3050	 1.1219E-01	 3.5512E-01
    3.3100	 1.1219E-01	 3.5512E-01
    3.3150	 1.1219E-01	 3.5512E-01
    3.3200	 1.1219E-01	 3.5512E-01
    3.3250	 1.1219E-01	 3.5512E-01
    3.3300	 1.1218E-01	 3.5512E-01
    3.3350	 1.1218E-01	 3.5511E-01
    3.3400	 1.1218E-01	 3.5511E-01
    3.3450	 1.1218E-01	 3.5511E-01
    3.3500	 1.1218E-01	 3.5510E-01
    3.3550	 1.1218E-01	 3.5510E-01
    3.3600	 1.1218E-01	 3.5510E-01
    3.3650	 1.1218E-01	 3.5510E-01
    3.3700	 1.1218E-01	 3.5510E-01
    3.3750	 1.1218E-01	 3.5510E-01
    3.3800	 1.1218E-01	 3.5510E-01
    3.3850	 1.1218E-01	 3.5510E-01
    3.3900	 1.1218E-01	 3.5511E-01
    3.3950	 1.1218E-01	 3.5511E-01
    3.4000	 1.1218E-01	 3.5511E-01
    3.4050	 1.1218E-01	 3.5512E-01
    3.4100	 1.1219E-01	 3.5512E-01
    3.4150	 1.1219E-01	 3.5512E-01
    3.4200	 1.1219E-01	 3.5512E-01
    3.4250	 1.1219E-01	 3.5512E-01
    3.4300	 1.1218E-01	 3.5512E-01
    3.4350	 1.1218E-01	 3.5511E-01
    3.4400	 1.1218E-01	 3.5511E-01
    3.4450	 1.1218E-01	 3.5511E-01
    3.4500	 1.1218E-01	 3.5510E-01
    3.4550	 1.1218E-01	 3.5510E-01
    3.4600	 1.1218E-01	 3.5510E-01
    3.4650	 1.1218E-01	 3.5510E-01
    3.4700	 1.1218E-01	 3.5510E-01
    3.4750	 1.1218E-01	 3.5510E-01
    3.4800	 1.1218E-01	 3.5510E-01
    3.4850	 1.1218E-01	 3.5510E-01
    3.4900	 1.1218E-01	 3.5511E-01
    3.4950	 1.1218E-01	 3.5511E-01
    3.5000	 1.1218E-01	 3.5511E-01
    3.5050	 1.1218E-01	 3.5511E-01
    3.5100	 1.1218E-01	 3.5511E-01
    3.5150	 1.1218E-01	 3.5512E-01
    3.5200	 1.1218E-01	 3.5512E-01
    3.5250	 1.1218E-01	 3.5511E-01
    3.5300	 1.1218E-01	 3.5511E-01
    3.5350	 1.1218E-01	 3.5511E-01
    3.5400	 1.1218E-01	 3.5511E-01
    3.5450	 1.1218E-01	 3.5511E-01
    3.5500	 1.1218E-01	 3.5511E-01
    3.5550	 1.1218E-01	 3.5510E-01
    3.5600	 1.1218E-01	 3.5510E-01
    3.5650	 1.1218E-01	 3.5510E-01
    3.5700	 1.1218E-01	 3.5510E-01
    3.5750	 1.1218E-01	 3.5510E-01
    3.5800	 1.1218E-01	 3.5510E-01
    3.5850	 1.1218E-01	 3.5510E-01
    3.5900	 1.1218E-01	 3.5511E-01
    3.5950	 1.1218E-01	 3.5511E-01
    3.6000	 1.1218E-01	 3.5511E-01
    3.6050	 1.1218E-01	 3.5511E-01
    3.6100	 1.1218E-01	 3.5511E-01
    3.6150	 1.1218E-01	 3.5511E-01
    3.6200	 1.1218E-01	 3.5511E-01
    3.6250	 1.1218E-01	 3.5511E-01
    3.6300	 1.1218E-01	 3.5511E-01
    3.6350	 1.1218E-01	 3.5511E-01
    3.6400	 1.1218E-01	 3.5511E-01
    3.6450	 1.1218E-01	 3.5511E-01
    3.6500	 1.1218E-01	 3.5511E-01
    3.6550	 1.1218E-01	 3.5511E-01
    3.6600	 1.1218E-01	 3.5510E-01
    3.6650	 1.1218E-01	 3.5510E-01
    3.6700	 1.1218E-01	 3.5510E-01
    3.6750	 1.1218E-01	 3.5510E-01
    3.6800	 1.1218E-01	 3.5510E-01
    3.6850	 1.1218E-01	 3.5511E-01
    3.6900	 1.1218E-01	 3.5511E-01
    3.6950	 1.1218E-01	 3.5511E-01
    3.7000	 1.1218E-01	 3.5511E-01
    3.7050	 1.1218E-01	 3.5511E-01
    3.7100	 1.1218E-01	 3.5511E-01
    3.7150	 1.1218E-01	 3.5511E-01
    3.7200	 1.1218E-01	 3.5511E-01
    3.7250	 1.1218E-01	 3.5511E-01
    3.7300	 1.1218E-01	 3.5511E-01
    3.7350	 1.1218E-01	 3.5511E-01
    3.7400	 1.1218E-01	 3.5511E-01
    3.7450	 1.1218E-01	 3.5511E-01
    3.7500	 1.1218E-01	 3.5511E-01
    3.7550	 1.1218E-01	 3.5511E-01
    3.7600	 1.1218E-01	 3.5511E-01
    3.7650	 1.1218E-01	 3.5511E-01
    3.7700	 1.1218E-01	 3.5510E-01
    3.7750	 1.1218E-01	 3.5510E-01
    3.7800	 1.1218E-01	 3.5511E-01
    3.7850	 1.1218E-01	 3.5511E-01
    3.7900	 1.1218E-01	 3.5511E-01
    3.7950	 1.1218E-01	 3.5511E-01
    3.8000	 1.1218E-01	 3.5511E-01
    3.8050	 1.1218E-01	 3.5511E-01
    3.8100	 1.1218E-01	 3.5511E-01
    3.8150	 1.1218E-01	 3.5511E-01
    3.8200	 1.1218E-01	 3.5511E-01
    3.8250	 1.1218E-01	 3.5511E-01
    3.8300	 1.1218E-01	 3.5511E-01
    3.8350	 1.1218E-01	 3.5511E-01
    3.8400	 1.1218E-01	 3.5511E-01
    3.8450	 1.1218E-01	 3.5511E-01
    3.8500	 1.1218E-01	 3.5511E-01
    3.8550	 1.1218E-01	 3.5511E-01
    3.8600	 1.1218E-01	 3.5511E-01
    3.8650	 1.1218E-01	 3.5511E-01
    3.8700	 1.1218E-01	 3.5511E-01
    3.8750	 1.1218E-01	 3.5511E-01
    3.8800	 1.1218E-01	 3.5511E-01
    3.8850	 1.1218E-01	 3.5511E-01
    3.8900	 1.1218E-01	 3.5511E-01
    3.8950	 1.1218E-01	 3.5511E-01
    3.9000	 1.1218E-01	 3.5511E-01
    3.9050	 1.1218E-01	 3.5511E-01
    3.9100	 1.1218E-01	 3.5511E-01
    3.9150	 1.1218E-01	 3.5511E-01
    3.9200	 1.1218E-01	 3.5511E-01
    3.9250	 1.1218E-01	 3.5511E-01
    3.9300	 1.1218E-01	 3.5511E-01
    3.9350	 1.1218E-01	 3.5511E-01
    3.9400	 1.1218E-01	 3.5511E-01
    3.9450	 1.1218E-01	 3.5511E-01
    3.9500	 1.1218E-01	 3.5511E-01
    3.9550	 1.1218E-01	 3.5511E-01
    3.9600	 1.1218E-01	 3.5511E-01
    3.9650	 1.1218E-01	 3.5511E-01
    3.9700	 1.1218E-01	 3.5511E-01
    3.9750	 1.1218E-01	 3.5511E-01
    3.9800	 1.1218E-01	 3.5511E-01
    3.9850	 1.1218E-01	 3.5511E-01
    3.9900	 1.1218E-01	 3.5511E-01
    3.9950	 1.1218E-01	 3.5511E-01
    4.0000	 1.1218E-01	 3.5511E-01
    4.0050	 1.1218E-01	 3.5511E-01
    4.0100	 1.1218E-01	 3.5511E-01
    4.0150	 1.1218E-01	 3.5511E-01
    4.0200	 1.1218E-01	 3.5511E-01
    4.0250	 1.1218E-01	 3.5511E-01
    4.0300	 1.1218E-01	 3.5511E-01
    4.0350	 1.1218E-01	 3.5511E-01
    4.0400	 1.1218E-01	 3.5511E-01
    4.0450	 1.1218E-01	 3.5511E-01
    4.0500	 1.1218E-01	 3.5511E-01
    4.0550	 1.1218E-01	 3.5511E-01
    4.0600	 1.1218E-01	 3.5511E-01
    4.0650	 1.1218E-01	 3.5511E-01
    4.0700	 1.1218E-01	 3.5511E-01
    4.0750	 1.1218E-01	 3.5511E-01
    4.0800	 1.1218E-01	 3.5511E-01
    4.0850	 1.1218E-01	 3.5511E-01
    4.0900	 1.1218E-01	 3.5511E-01
    4.0950	 1.1218E-01	 3.5511E-01
    4.1000	 1.1218E-01	 3.5511E-01
    4.1050	 1.1218E-01	 3.5511E-01
    4.1100	 1.1218E-01	 3.5511E-01
    4.1150	 1.1218E-01	 3.5511E-01
    4.1200	 1.1218E-01	 3.5511E-01
    4.1250	 1.1218E-01	 3.5511E-01
    4.1300	 1.1218E-01	 3.5511E-01
    4.1350	 1.1218E-01	 3.5511E-01
    4.1400	 1.1218E-01	 3.5511E-01
    4.1450	 1.1218E-01	 3.5511E-01
    4.1500	 1.1218E-01	 3.5511E-01
    4.1550	 1.1218E-01	 3.5511E-01
    4.1600	 1.1218E-01	 3.5511E-01
    4.1650	 1.1218E-01	 3.5511E-01
    4.1700	 1.1218E-01	 3.5511E-01
    4.1750	 1.1218E-01	 3.5511E-01
    4.1800	 1.1218E-01	 3.5511E-01
    4.1850	 1.1218E-01	 3.5511E-01
    4.1900	 1.1218E-01	 3.5511E-01
    4.1950	 1.1218E-01	 3.5511E-01
    4.2000	 1.1218E-01	 3.5511E-01
    4.2050	 1.1218E-01	 3.5511E-01
    4.2100	 1.1218E-01	 3.5511E-01
    4.2150	 1.1218E-01	 3.5511E-01
    4.2200	 1.1218E-01	 3.5511E-01
    4.2250	 1.1218E-01	 3.5511E-01
    4.2300	 1.1218E-01	 3.5511E-01
    4.2350	 1.1218E-01	 3.5511E-01
    4.2400	 1.1218E-01	 3.5511E-01
    4.2450	 1.1218E-01	 3.5511E-01
    4.2500	 1.1218E-01	 3.5511E-01
    4.2550	 1.1218E-01	 3.5511E-01
    4.2600	 1.1218E-01	 3.5511E-01
    4.2650	 1.1218E-01	 3.5511E-01
    4.2700	 1.1218E-01	 3.5511E-01
    4.2750	 1.1218E-01	 3.5511E-01
    4.2800	 1.1218E-01	 3.5511E-01
    4.2850	 1.1218E-01	 3.5511E-01
    4.2900	 1.1218E-01	 3.5511E-01
    4.2950	 1.1218E-01	 3.5511E-01
    4.3000	 1.1218E-01	 3.5511E-01
    4.3050	 1.1218E-01	 3.5511E-01
    4.3100	 1.1218E-01	 3.5511E-01
    4.3150	 1.1218E-01	 3.5511E-01
    4.3200	 1.1218E-01	 3.5511E-01
    4.3250	 1.1218E-01	 3.5511E-01
    4.3300	 1.1218E-01	 3.5511E-01
    4.3350	 1.1218E-01	 3.5511E-01
    4.3400	 1.1218E-01	 3.5511E-01
    4.3450	 1.1218E-01	 3.5511E-01
    4.3500	 1.1218E-01	 3.5511E-01
    4.3550	 1.1218E-01	 3.5511E-01
    4.3600	 1.1218E-01	 3.5511E-01
    4.3650	 1.1218E-01	 3.5511E-01
    4.3700	 1.1218E-01	 3.5511E-01
    4.3750	 1.1218E-01	 3.5511E-01
    4.3800	 1.1218E-01	 3.5511E-01
    4.3850	 1.1218E-01	 3.5511E-01
    4.3900	 1.1218E-01	 3.5511E-01
    4.3950	 1.1218E-01	 3.5511E-01
    4.4000	 1.1218E-01	 3.5511E-01
    4.4050	 1.1218E-01	 3.5511E-01
    4.4100	 1.1218E-01	 3.5511E-01
    4.4150	 1.1218E-01	 3.5511E-01
    4.4200	 1.1218E-01	 3.5511E-01
    4.4250	 1.1218E-01	 3.5511E-01
    4.4300	 1.1218E-01	 3.5511E-01
    4.4350	 1.1218E-01	 3.5511E-01
    4.4400	 1.1218E-01	 3.5511E-01
    4.4450	 1.1218E-01	 3.5511E-01
    4.4500	 1.1218E-01	 3.5511E-01
    4.4550	 1.1218E-01	 3.5511E-01
    4.4600	 1.1218E-01	 3.5511E-01
    4.4650	 1.1218E-01	 3.5511E-01
    4.4700	 1.1218E-01	 3.5511E-01
    4.4750	 1.1218E-01	 3.5511E-01
    4.4800	 1.1218E-01	 3.5511E-01
    4.4850	 1.1218E-01	 3.5511E-01
    4.4900	 1.1218E-01	 3.5511E-01
    4.4950	 1.1218E-01	 3.5511E-01
    4.5000	 1.1218E-01	 3.5511E-01
    4.5050	 1.1218E-01	 3.5511E-01
    4.5100	 1.1218E-01	 3.5511E-01
    4.5150	 1.1218E-01	 3.5511E-01
    4.5200	 1.1218E-01	 3.5511E-01
    4.5250	 1.1218E-01	 3.5511E-01
    4.5300	 1.1218E-01	 3.5511E-01
    4.5350	 1.1218E-01	 3.5511E-01
    4.5400	 1.1218E-01	 3.5511E-01
    4.5450	 1.1218E-01	 3.5511E-01
    4.5500	 1.1218E-01	 3.5511E-01
    4.5550	 1.1218E-01	 3.5511E-01
    4.5600	 1.1218E-01	 3.5511E-01
    4.5650	 1.1218E-01	 3.5511E-01
    4.5700	 1.1218E-01	 3.5511E-01
    4.5750	 1.1218E-01	 3.5511E-01
    4.5800	 1.1218E-01	 3.5511E-01
    4.5850	 1.1218E-01	 3.5511E-01
    4.5900	 1.1218E-01	 3.5511E-01
    4.5950	 1.1218E-01	 3.5511E-01
    4.6000	 1.1218E-01	 3.5511E-01
    4.6050	 1.1218E-01	 3.5511E-01
    4.6100	 1.1218E-01	 3.5511E-01
    4.6150	 1.1218E-01	 3.5511E-01
    4.6200	 1.1218E-01	 3.5511E-01
    4.6250	 1.1218E-01	 3.5511E-01
    4.6300	 1.1218E-01	 3.5511E-01
    4.6350	 1.1218E-01	 3.5511E-01
    4.6400	 1.1218E-01	 3.5511E-01
    4.6450	 1.1218E-01	 3.5511E-01
    4.6500	 1.1218E-01	 3.5511E-01
    4.6550	 1.1218E-01	 3.5511E-01
    4.6600	 1.1218E-01	 3.5511E-01
    4.6650	 1.1218E-01	 3.5511E-01
    4.6700	 1.1218E-01	 3.5511E-01
    4.6750	 1.1218E-01	 3.5511E-01
    4.6800	 1.1218E-01	 3.5511E-01
    4.6850	 1.1218E-01	 3.5511E-01
    4.6900	 1.1218E-01	 3.5511E-01
    4.6950	 1.1218E-01	 3.5511E-01
    4.7000	 1.1218E-01	 3.5511E-01
    4.7050	 1.1218E-01	 3.5511E-01
    4.7100	 1.1218E-01	 3.5511E-01
    4.7150	 1.1218E-01	 3.5511E-01
    4.7200	 1.1218E-01	 3.5511E-01
    4.7250	 1.1218E-01	 3.5511E-01
    4.7300	 1.1218E-01	 3.5511E-01
    4.7350	 1.1218E-01	 3.5511E-01
    4.7400	 1.1218E-01	 3.5511E-01
    4.7450	 1.1218E-01	 3.5511E-01
    4.7500	 1.1218E-01	 3.5511E-01
    4.7550	 1.1218E-01	 3.5511E-01
    4.7600	 1.1218E-01	 3.5511E-01
    4.7650	 1.1218E-01	 3.5511E-01
    4.7700	 1.1218E-01	 3.5511E-01
    4.7750	 1.1218E-01	 3.5511E-01
    4.7800	 1.1218E-01	 3.5511E-01
    4.7850	 1.1218E-01	 3.5511E-01
    4.7900	 1.1218E-01	 3.5511E-01
    4.7950	 1.1218E-01	 3.5511E-01
    4.8000	 1.1218E-01	 3.5511E-01
    4.8050	 1.1218E-01	 3.5511E-01
    4.8100	 1.1218E-01	 3.5511E-01
    4.8150	 1.1218E-01	 3.5511E-01
    4.8200	 1.1218E-01	 3.5511E-01
    4.8250	 1.1218E-01	 3.5511E-01
    4.8300	 1.1218E-01	 3.5511E-01
    4.8350	 1.1218E-01	 3.5511E-01
    4.8400	 1.1218E-01	 3.5511E-01
    4.8450	 1.1218E-01	 3.5511E-01
    4.8500	 1.1218E-01	 3.5511E-01
    4.8550	 1.1218E-01	 3.5511E-01
    4.8600	 1.1218E-01	 3.5511E-01
    4.8650	 1.1218E-01	 3.5511E-01
    4.8700	 1.1218E-01	 3.5511E-01
    4.8750	 1.1218E-01	 3.5511E-01
    4.8800	 1.1218E-01	 3.5511E-01
    4.8850	 1.1218E-01	 3.5511E-01
    4.8900	 1.1218E-01	 3.5511E-01
    4.8950	 1.1218E-01	 3.5511E-01
    4.9000	 1.1218E-01	 3.5511E-01
    4.9050	 1.1218E-01	 3.5511E-01
    4.9100	 1.1218E-01	 3.5511E-01
    4.9150	 1.1218E-01	 3.5511E-01
    4.9200	 1.1218E-01	 3.5511E-01
    4.9250	 1.1218E-01	 3.5511E-01
    4.9300	 1.1218E-01	 3.5511E-01
    4.9350	 1.1218E-01	 3.5511E-01
    4.9400	 1.1218E-01	 3.5511E-01
    4.9450	 1.1218E-01	 3.5511E-01
    4.9500	 1.1218E-01	 3.5511E-01
    4.9550	 1.1218E-01	 3.5511E-01
    4.9600	 1.1218E-01	 3.5511E-01
    4.9650	 1.1218E-01	 3.5511E-01
    4.9700	 1.1218E-01	 3.5511E-01
    4.9750	 1.1218E-01	 3.5511E-01
    4.9800	 1.1218E-01	 3.5511E-01
    4.9850	 1.1218E-01	 3.5511E-01
    4.9900	 1.1218E-01	 3.5511E-01
    4.9950	 1.1218E-01	 3.5511E-01
    5.0000	 1.1218E-01	 3.5511E-01
    5.0050	 1.1218E-01	 3.5511E-01
    5.0100	 1.1218E-01	 3.5511E-01
    5.0150	 1.1218E-01	 3.5511E-01
    5.0200	 1.1218E-01	 3.5511E-01
    5.0250	 1.1218E-01	 3.5511E-01
    5.0300	 1.1218E-01	 3.5511E-01
    5.0350	 1.1218E-01	 3.5511E-01
    5.0400	 1.1218E-01	 3.5511E-01
    5.0450	 1.1218E-01	 3.5511E-01
    5.0500	 1.1218E-01	 3.5511E-01
    5.0550	 1.1218E-01	 3.5511E-01
    5.0600	 1.1218E-01	 3.5511E-01
    5.0650	 1.1218E-01	 3.5511E-01
    5.0700	 1.1218E-01	 3.5511E-01
    5.0750	 1.1218E-01	 3.5511E-01
    5.0800	 1.1218E-01	 3.5511E-01
    5.0850	 1.1218E-01	 3.5511E-01
    5.0900	 1.1218E-01	 3.5511E-01
    5.0950	 1.1218E-01	 3.5511E-01
    5.1000	 1.1218E-01	 3.5511E-01
    5.1050	 1.1218E-01	 3.5511E-01
    5.1100	 1.1218E-01	 3.5511E-01
    5.1150	 1.1218E-01	 3.5511E-01
    5.1200	 1.1218E-01	 3.5511E-01
    5.1250	 1.1218E-01	 3.5511E-01
    5.1300	 1.1218E-01	 3.5511E-01
    5.1350	 1.1218E-01	 3.5511E-01
    5.1400	 1.1218E-01	 3.5511E-01
    5.1450	 1.1218E-01	 3.5511E-01
    5.1500	 1.1218E-01	 3.5511E-01
    5.1550	 1.1218E-01	 3.5511E-01
    5.1600	 1.1218E-01	 3.5511E-01
    5.1650	 1.1218E-01	 3.5511E-01
    5.1700	 1.1218E-01	 3.5511E-01
    5.1750	 1.1218E-01	 3.5511E-01
    5.1800	 1.1218E-01	 3.5511E-01
    5.1850	 1.1218E-01	 3.5511E-01
    5.1900	 1.1218E-01	 3.5511E-01
    5.1950	 1.1218E-01	 3.5511E-01
    5.2000	 1.1218E-01	 3.5511E-01
    5.2050	 1.1218E-01	 3.5511E-01
    5.2100	 1.1218E-01	 3.5511E-01
    5.2150	 1.1218E-01	 3.5511E-01
    5.2200	 1.1218E-01	 3.5511E-01
    5.2250	 1.1218E-01	 3.5511E-01
    5.2300	 1.1218E-01	 3.5511E-01
    5.2350	 1.1218E-01	 3.5511E-01
    5.2400	 1.1218E-01	 3.5511E-01
    5.2450	 1.1218E-01	 3.5511E-01
    5.2500	 1.1218E-01	 3.5511E-01
    5.2550	 1.1218E-01	 3.5511E-01
    5.2600	 1.1218E-01	 3.5511E-01
    5.2650	 1.1218E-01	 3.5511E-01
    5.2700	 1.1218E-01	 3.5511E-01
    5.2750	 1.1218E-01	 3.5511E-01
    5.2800	 1.1218E-01	 3.5511E-01
    5.2850	 1.1218E-01	 3.5511E-01
    5.2900	 1.1218E-01	 3.5511E-01
    5.2950	 1.1218E-01	 3.5511E-01
    5.3000	 1.1218E-01	 3.5511E-01
    5.3050	 1.1218E-01	 3.5511E-01
    5.3100	 1.1218E-01	 3.5511E-01
    5.3150	 1.1218E-01	 3.5511E-01
    5.3200	 1.1218E-01	 3.5511E-01
    5.3250	 1.1218E-01	 3.5511E-01
    5.3300	 1.1218E-01	 3.5511E-01
    5.3350	 1.1218E-01	 3.5511E-01
    5.3400	 1.1218E-01	 3.5511E-01
    5.3450	 1.1218E-01	 3.5511E-01
    5.3500	 1.1218E-01	 3.5511E-01
    5.3550	 1.1218E-01	 3.5511E-01
    5.3600	 1.1218E-01	 3.5511E-01
    5.3650	 1.1218E-01	 3.5511E-01
    5.3700	 1.1218E-01	 3.5511E-01
    5.3750	 1.1218E-01	 3.5511E-01
    5.3800	 1.1218E-01	 3.5511E-01
    5.3850	 1.1218E-01	 3.5511E-01
    5.3900	 1.1218E-01	 3.5511E-01
    5.3950	 1.1218E-01	 3.5511E-01
    5.4000	 1.1218E-01	 3.5511E-01
    5.4050	 1.1218E-01	 3.5511E-01
    5.4100	 1.1218E-01	 3.5511E-01
    5.4150	 1.1218E-01	 3.5511E-01
    5.4200	 1.1218E-01	 3.5511E-01
    5.4250	 1.1218E-01	 3.5511E-01
    5.4300	 1.1218E-01	 3.5511E-01
    5.4350	 1.1218E-01	 3.5511E-01
    5.4400	 1.1218E-01	 3.5511E-01
    5.4450	 1.1218E-01	 3.5511E-01
    5.4500	 1.1218E-01	 3.5511E-01
    5.4550	 1.1218E-01	 3.5511E-01
    5.4600	 1.1218E-01	 3.5511E-01
    5.4650	 1.1218E-01	 3.5511E-01
    5.4700	 1.1218E-01	 3.5511E-01
    5.4750	 1.1218E-01	 3.5511E-01
    5.4800	 1.1218E-01	 3.5511E-01
    5.4850	 1.1218E-01	 3.5511E-01
    5.4900	 1.1218E-01	 3.5511E-01
    5.4950	 1.1218E-01	 3.5511E-01
    5.5000	 1.1218E-01	 3.5511E-01
    5.5050	 1.1218E-01	 3.5511E-01
    5.5100	 1.1218E-01	 3.5511E-01
    5.5150	 1.1218E-01	 3.5511E-01
    5.5200	 1.1218E-01	 3.5511E-01
    5.5250	 1.1218E-01	 3.5511E-01
    5.5300	 1.1218E-01	 3.5511E-01
    5.5350	 1.1218E-01	 3.5511E-01
    5.5400	 1.1218E-01	 3.5511E-01
    5.5450	 1.1218E-01	 3.5511E-01
    5.5500	 1.1218E-01	 3.5511E-01
    5.5550	 1.1218E-01	 3.5511E-01
    5.5600	 1.1218E-01	 3.5511E-01
    5.5650	 1.1218E-01	 3.5511E-01
    5.5700	 1.1218E-01	 3.5511E-01
    5.5750	 1.1218E-01	 3.5511E-01
    5.5800	 1.1218E-01	 3.5511E-01
    5.5850	 1.1218E-01	 3.5511E-01
    5.5900	 1.1218E-01	 3.5511E-01
    5.5950	 1.1218E-01	 3.5511E-01
    5.6000	 1.1218E-01	 3.5511E-01
    5.6050	 1.1218E-01	 3.5511E-01
    5.6100	 1.1218E-01	 3.5511E-01
    5.6150	 1.1218E-01	 3.5511E-01
    5.6200	 1.1218E-01	 3.5511E-01
    5.6250	 1.1218E-01	 3.5511E-01
    5.6300	 1.1218E-01	 3.5511E-01
    5.6350	 1.1218E-01	 3.5511E-01
    5.6400	 1.1218E-01	 3.5511E-01
    5.6450	 1.1218E-01	 3.5511E-01
    5.6500	 1.1218E-01	 3.5511E-01
    5.6550	 1.1218E-01	 3.5511E-01
    5.6600	 1.1218E-01	 3.5511E-01
    5.6650	 1.1218E-01	 3.5511E-01
    5.6700	 1.1218E-01	 3.5511E-01
    5.6750	 1.1218E-01	 3.5511E-01
    5.6800	 1.1218E-01	 3.5511E-01
    5.6850	 1.1218E-01	 3.5511E-01
    5.6900	 1.1218E-01	 3.5511E-01
    5.6950	 1.1218E-01	 3.5511E-01
    5.7000	 1.1218E-01	 3.5511E-01
    5.7050	 1.1218E-01	 3.5511E-01
    5.7100	 1.1218E-01	 3.5511E-01
    5.7150	 1.1218E-01	 3.5511E-01
    5.7200	 1.1218E-01	 3.5511E-01
    5.7250	 1.1218E-01	 3.5511E-01
    5.7300	 1.1218E-01	 3.5511E-01
    5.7350	 1.1218E-01	 3.5511E-01
    5.7400	 1.1218E-01	 3.5511E-01
    5.7450	 1.1218E-01	 3.5511E-01
    5.7500	 1.1218E-01	 3.5511E-01
    5.7550	 1.1218E-01	 3.5511E-01
    5.7600	 1.1218E-01	 3.5511E-01
    5.7650	 1.1218E-01	 3.5511E-01
    5.7700	 1.1218E-01	 3.5511E-01
    5.7750	 1.1218E-01	 3.5511E-01
    5.7800	 1.1218E-01	 3.5511E-01
    5.7850	 1.1218E-01	 3.5511E-01
    5.7900	 1.1218E-01	 3.5511E-01
    5.7950	 1.1218E-01	 3.5511E-01
    5.8000	 1.1218E-01	 3.5511E-01
    5.8050	 1.1218E-01	 3.5511E-01
    5.8100	 1.1218E-01	 3.5511E-01
    5.8150	 1.1218E-01	 3.5511E-01
    5.8200	 1.1218E-01	 3.5511E-01
    5.8250	 1.1218E-01	 3.5511E-01
    5.8300	 1.1218E-01	 3.5511E-01
    5.8350	 1.1218E-01	 3.5511E-01
    5.8400	 1.1218E-01	 3.5511E-01
    5.8450	 1.1218E-01	 3.5511E-01
    5.8500	 1.1218E-01	 3.5511E-01
    5.8550	 1.1218E-01	 3.5511E-01
    5.8600	 1.1218E-01	 3.5511E-01
    5.8650	 1.1218E-01	 3.5511E-01
    5.8700	 1.1218E-01	 3.5511E-01
    5.8750	 1.1218E-01	 3.5511E-01
    5.8800	 1.1218E-01	 3.5511E-01
    5.8850	 1.1218E-01	 3.5511E-01
    5.8900	 1.1218E-01	 3.5511E-01
    5.8950	 1.1218E-01	 3.5511E-01
    5.9000	 1.1218E-01	 3.5511E-01
    5.9050	 1.1218E-01	 3.5511E-01
    5.9100	 1.1218E-01	 3.5511E-01
    5.9150	 1.1218E-01	 3.5511E-01
    5.9200	 1.1218E-01	 3.5511E-01
    5.9250	 1.1218E-01	 3.5511E-01
    5.9300	 1.1218E-01	 3.5511E-01
    5.9350	 1.1218E-01	 3.5511E-01
    5.9400	 1.1218E-01	 3.5511E-01
    5.9450	 1.1218E-01	 3.5511E-01
    5.9500	 1.1218E-01	 3.5511E-01
    5.9550	 1.1218E-01	 3.5511E-01
    5.9600	 1.1218E-01	 3.5511E-01
    5.9650	 1.1218E-01	 3.5511E-01
    5.9700	 1.1218E-01	 3.5511E-01
    5.9750	 1.1218E-01	 3.5511E-01
    5.9800	 1.1218E-01	 3.5511E-01
    5.9850	 1.1218E-01	 3.5511E-01
    5.9900	 1.1218E-01	 3.5511E-01
    5.9950	 1.1218E-01	 3.5511E-01
    6.0000	 1.1218E-01	 3.5511E-01
    6.0050	 1.1218E-01	 3.5511E-01
    6.0100	 1.1218E-01	 3.5511E-01
    6.0150	 1.1218E-01	 3.5511E-01
    6.0200	 1.1218E-01	 3.5511E-01
    6.0250	 1.1218E-01	 3.5511E-01
    6.0300	 1.1218E-01	 3.5511E-01
    6.0350	 1.1218E-01	 3.5511E-01
    6.0400	 1.1218E-01	 3.5511E-01
    6.0450	 1.1218E-01	 3.5511E-01
    6.0500	 1.1218E-01	 3.5511E-01
    6.0550	 1.1218E-01	 3.5511E-01
    6.0600	 1.1218E-01	 3.5511E-01
    6.0650	 1.1218E-01	 3.5511E-01
    6.0700	 1.1218E-01	 3.5511E-01
    6.0750	 1.1218E-01	 3.5511E-01
    6.0800	 1.1218E-01	 3.5511E-01
    6.0850	 1.1218E-01	 3.5511E-01
    6.0900	 1.1218E-01	 3.5511E-01
    6.0950	 1.1218E-01	 3.5511E-01
    6.1000	 1.1218E-01	 3.5511E-01
    6.1050	 1.1218E-01	 3.5511E-01
    6.1100	 1.1218E-01	 3.5511E-01
    6.1150	 1.1218E-01	 3.5511E-01
    6.1200	 1.1218E-01	 3.5511E-01
    6.1250	 1.1218E-01	 3.5511E-01
    6.1300	 1.1218E-01	 3.5511E-01
    6.1350	 1.1218E-01	 3.5511E-01
    6.1400	 1.1218E-01	 3.5511E-01
    6.1450	 1.1218E-01	 3.5511E-01
    6.1500	 1.1218E-01	 3.5511E-01
    6.1550	 1.1218E-01	 3.5511E-01
    6.1600	 1.1218E-01	 3.5511E-01
    6.1650	 1.1218E-01	 3.5511E-01
    6.1700	 1.1218E-01	 3.5511E-01
    6.1750	 1.1218E-01	 3.5511E-01
    6.1800	 1.1218E-01	 3.5511E-01
    6.1850	 1.1218E-01	 3.5511E-01
    6.1900	 1.1218E-01	 3.5511E-01
    6.1950	 1.1218E-01	 3.5511E-01
    6.2000	 1.1218E-01	 3.5511E-01
    6.2050	 1.1218E-01	 3.5511E-01
    6.2100	 1.1218E-01	 3.5511E-01
    6.2150	 1.1218E-01	 3.5511E-01
    6.2200	 1.1218E-01	 3.5511E-01
    6.2250	 1.1218E-01	 3.5511E-01
    6.2300	 1.1218E-01	 3.5511E-01
    6.2350	 1.1218E-01	 3.5511E-01
    6.2400	 1.1218E-01	 3.5511E-01
    6.2450	 1.1218E-01	 3.5511E-01
    6.2500	 1.1218E-01	 3.5511E-01
    6.2550	 1.1218E-01	 3.5511E-01
    6.2600	 1.1218E-01	 3.5511E-01
    6.2650	 1.1218E-01	 3.5511E-01
    6.2700	 1.1218E-01	 3.5511E-01
    6.2750	 1.1218E-01	 3.5511E-01
    6.2800	 1.1218E-01	 3.5511E-01
    6.2850	 1.1218E-01	 3.5511E-01
    6.2900	 1.1218E-01	 3.5511E-01
    6.2950	 1.1218E-01	 3.5511E-01
    6.3000	 1.1218E-01	 3.5511E-01
    6.3050	 1.1218E-01	 3.5511E-01
    6.3100	 1.1218E-01	 3.5511E-01
    6.3150	 1.1218E-01	 3.5511E-01
    6.3200	 1.1218E-01	 3.5511E-01
    6.3250	 1.1218E-01	 3.5511E-01
    6.3300	 1.1218E-01	 3.5511E-01
    6.3350	 1.1218E-01	 3.5511E-01
    6.3400	 1.1218E-01	 3.5511E-01
    6.3450	 1.1218E-01	 3.5511E-01
    6.3500	 1.1218E-01	 3.5511E-01
    6.3550	 1.1218E-01	 3.5511E-01
    6.3600	 1.1218E-01	 3.5511E-01
    6.3650	 1.1218E-01	 3.5511E-01
    6.3700	 1.1218E-01	 3.5511E-01
    6.3750	 1.1218E-01	 3.5511E-01
    6.3800	 1.1218E-01	 3.5511E-01
    6.3850	 1.1218E-01	 3.5511E-01
    6.3900	 1.1218E-01	 3.5511E-01
    6.3950	 1.1218E-01	 3.5511E-01
    6.4000	 1.1218E-01	 3.5511E-01
    6.4050	 1.1218E-01	 3.5511E-01
    6.4100	 1.1218E-01	 3.5511E-01
    6.4150	 1.1218E-01	 3.5511E-01
    6.4200	 1.1218E-01	 3.5511E-01
    6.4250	 1.1218E-01	 3.5511E-01
    6.4300	 1.1218E-01	 3.5511E-01
    6.4350	 1.1218E-01	 3.5511E-01
    6.4400	 1.1218E-01	 3.5511E-01
    6.4450	 1.1218E-01	 3.5511E-01
    6.4500	 1.1218E-01	 3.5511E-01
    6.4550	 1.1218E-01	 3.5511E-01
    6.4600	 1.1218E-01	 3.5511E-01
    6.4650	 1.1218E-01	 3.5511E-01
    6.4700	 1.1218E-01	 3.5511E-01
    6.4750	 1.1218E-01	 3.5511E-01
    6.4800	 1.1218E-01	 3.5511E-01
    6.4850	 1.1218E-01	 3.5511E-01
    6.4900	 1.1218E-01	 3.5511E-01
    6.4950	 1.1218E-01	 3.5511E-01
    6.5000	 1.1218E-01	 3.5511E-01
    6.5050	 1.1218E-01	 3.5511E-01
    6.5100	 1.1218E-01	 3.5511E-01
    6.5150	 1.1218E-01	 3.5511E-01
    6.5200	 1.1218E-01	 3.5511E-01
    6.5250	 1.1218E-01	 3.5511E-01
    6.5300	 1.1218E-01	 3.5511E-01
    6.5350	 1.1218E-01	 3.5511E-01
    6.5400	 1.1218E-01	 3.5511E-01
    6.5450	 1.1218E-01	 3.5511E-01
    6.5500	 1.1218E-01	 3.5511E-01
    6.5550	 1.1218E-01	 3.5511E-01
    6.5600	 1.1218E-01	 3.5511E-01
    6.5650	 1.1218E-01	 3.5511E-01
    6.5700	 1.1218E-01	 3.5511E-01
    6.5750	 1.1218E-01	 3.5511E-01
    6.5800	 1.1218E-01	 3.5511E-01
    6.5850	 1.1218E-01	 3.5511E-01
    6.5900	 1.1218E-01	 3.5511E-01
    6.5950	 1.1218E-01	 3.5511E-01
    6.6000	 1.1218E-01	 3.5511E-01
    6.6050	 1.1218E-01	 3.5511E-01
    6.6100	 1.1218E-01	 3.5511E-01
    6.6150	 1.1218E-01	 3.5511E-01
    6.6200	 1.1218E-01	 3.5511E-01
    6.6250	 1.1218E-01	 3.5511E-01
    6.6300	 1.1218E-01	 3.5511E-01
    6.6350	 1.1218E-01	 3.5511E-01
    6.6400	 1.1218E-01	 3.5511E-01
    6.6450	 1.1218E-01	 3.5511E-01
    6.6500	 1.1218E-01	 3.5511E-01
    6.6550	 1.1218E-01	 3.5511E-01
    6.6600	 1.1218E-01	 3.5511E-01
    6.6650	 1.1218E-01	 3.5511E-01
    6.6700	 1.1218E-01	 3.5511E-01
    6.6750	 1.1218E-01	 3.5511E-01
    6.6800	 1.1218E-01	 3.5511E-01
    6.6850	 1.1218E-01	 3.5511E-01
    6.6900	 1.1218E-01	 3.5511E-01
    6.6950	 1.1218E-01	 3.5511E-01
    6.7000	 1.1218E-01	 3.5511E-01
    6.7050	 1.1218E-01	 3.5511E-01
    6.7100	 1.1218E-01	 3.5511E-01
    6.7150	 1.1218E-01	 3.5511E-01
    6.7200	 1.1218E-01	 3.5511E-01
    6.7250	 1.1218E-01	 3.5511E-01
    6.7300	 1.1218E-01	 3.5511E-01
    6.7350	 1.1218E-01	 3.5511E-01
    6.7400	 1.1218E-01	 3.5511E-01
    6.7450	 1.1218E-01	 3.5511E-01
    6.7500	 1.1218E-01	 3.5511E-01
    6.7550	 1.1218E-01	 3.5511E-01
    6.7600	 1.1218E-01	 3.5511E-01
    6.7650	 1.1218E-01	 3.5511E-01
    6.7700	 1.1218E-01	 3.5511E-01
    6.7750	 1.1218E-01	 3.5511E-01
    6.7800	 1.1218E-01	 3.5511E-01
    6.7850	 1.1218E-01	 3.5511E-01
    6.7900	 1.1218E-01	 3.5511E-01
    6.7950	 1.1218E-01	 3.5511E-01
    6.8000	 1.1218E-01	 3.5511E-01
    6.8050	 1.1218E-01	 3.5511E-01
    6.8100	 1.1218E-01	 3.5511E-01
    6.8150	 1.1218E-01	 3.5511E-01
    6.8200	 1.1218E-01	 3.5511E-01
    6.8250	 1.1218E-01	 3.5511E-01
    6.8300	 1.1218E-01	 3.5511E-01
    6.8350	 1.1218E-01	 3.5511E-01
    6.8400	 1.1218E-01	 3.5511E-01
    6.8450	 1.1218E-01	 3.5511E-01
    6.8500	 1.1218E-01	 3.5511E-01
    6.8550	 1.1218E-01	 3.5511E-01
    6.8600	 1.1218E-01	 3.5511E-01
    6.8650	 1.1218E-01	 3.5511E-01
    6.8700	 1.1218E-01	 3.5511E-01
    6.8750	 1.1218E-01	 3.5511E-01
    6.8800	 1.1218E-01	 3.5511E-01
    6.8850	 1.1218E-01	 3.5511E-01
    6.8900	 1.1218E-01	 3.5511E-01
    6.8950	 1.1218E-01	 3.5511E-01
    6.9000	 1.1218E-01	 3.5511E-01
    6.9050	 1.1218E-01	 3.5511E-01
    6.9100	 1.1218E-01	 3.5511E-01
    6.9150	 1.1218E-01	 3.5511E-01
    6.9200	 1.1218E-01	 3.5511E-01
    6.9250	 1.1218E-01	 3.5511E-01
    6.9300	 1.1218E-01	 3.5511E-01
    6.9350	 1.1218E-01	 3.5511E-01
    6.9400	 1.1218E-01	 3.5511E-01
    6.9450	 1.1218E-01	 3.5511E-01
    6.9500	 1.1218E-01	 3.5511E-01
    6.9550	 1.1218E-01	 3.5511E-01
    6.9600	 1.1218E-01	 3.5511E-01
    6.9650	 1.1218E-01	 3.5511E-01
    6.9700	 1.1218E-01	 3.5511E-01
    6.9750	 1.1218E-01	 3.5511E-01
    6.9800	 1.1218E-01	 3.5511E-01
    6.9850	 1.1218E-01	 3.5511E-01
    6.9900	 1.1218E-01	 3.5511E-01
    6.9950	 1.1218E-01	 3.5511E-01
    7.0000	 1.1218E-01	 3.5511E-01
    7.0050	 1.1218E-01	 3.5511E-01
    7.0100	 1.1218E-01	 3.5511E-01
    7.0150	 1.1218E-01	 3.5511E-01
    7.0200	 1.1218E-01	 3.5511E-01
    7.0250	 1.1218E-01	 3.5511E-01
    7.0300	 1.1218E-01	 3.5511E-01
    7.0350	 1.1218E-01	 3.5511E-01
    7.0400	 1.1218E-01	 3.5511E-01
    7.0450	 1.1218E-01	 3.5511E-01
    7.0500	 1.1218E-01	 3.5511E-01
    7.0550	 1.1218E-01	 3.5511E-01
    7.0600	 1.1218E-01	 3.5511E-01
    7.0650	 1.1218E-01	 3.5511E-01
    7.0700	 1.1218E-01	 3.5511E-01
    7.0750	 1.1218E-01	 3.5511E-01
    7.0800	 1.1218E-01	 3.5511E-01
    7.0850	 1.1218E-01	 3.5511E-01
    7.0900	 1.1218E-01	 3.5511E-01
    7.0950	 1.1218E-01	 3.5511E-01
    7.1000	 1.1218E-01	 3.5511E-01
    7.1050	 1.1218E-01	 3.5511E-01
    7.1100	 1.1218E-01	 3.5511E-01
    7.1150	 1.1218E-01	 3.5511E-01
    7.1200	 1.1218E-01	 3.5511E-01
    7.1250	 1.1218E-01	 3.5511E-01
    7.1300	 1.1218E-01	 3.5511E-01
    7.1350	 1.1218E-01	 3.5511E-01
    7.1400	 1.1218E-01	 3.5511E-01
    7.1450	 1.1218E-01	 3.5511E-01
    7.1500	 1.1218E-01	 3.5511E-01
    7.1550	 1.1218E-01	 3.5511E-01
    7.1600	 1.1218E-01	 3.5511E-01
    7.1650	 1.1218E-01	 3.5511E-01
    7.1700	 1.1218E-01	 3.5511E-01
    7.1750	 1.1218E-01	 3.5511E-01
    7.1800	 1.1218E-01	 3.5511E-01
    7.1850	 1.1218E-01	 3.5511E-01
    7.1900	 1.1218E-01	 3.5511E-01
    7.1950	 1.1218E-01	 3.5511E-01
    7.2000	 1.1218E-01	 3.5511E-01
    7.2050	 1.1218E-01	 3.5511E-01
    7.2100	 1.1218E-01	 3.5511E-01
    7.2150	 1.1218E-01	 3.5511E-01
    7.2200	 1.1218E-01	 3.5511E-01
    7.2250	 1.1218E-01	 3.5511E-01
    7.2300	 1.1218E-01	 3.5511E-01
    7.2350	 1.1218E-01	 3.5511E-01
    7.2400	 1.1218E-01	 3.5511E-01
    7.2450	 1.1218E-01	 3.5511E-01
    7.2500	 1.1218E-01	 3.5511E-01
    7.2550	 1.1218E-01	 3.5511E-01
    7.2600	 1.1218E-01	 3.5511E-01
    7.2650	 1.1218E-01	 3.5511E-01
    7.2700	 1.1218E-01	 3.5511E-01
    7.2750	 1.1218E-01	 3.5511E-01
    7.2800	 1.1218E-01	 3.5511E-01
    7.2850	 1.1218E-01	 3.5511E-01
    7.2900	 1.1218E-01	 3.5511E-01
    7.2950	 1.1218E-01	 3.5511E-01
    7.3000	 1.1218E-01	 3.5511E-01
    7.3050	 1.1218E-01	 3.5511E-01
    7.3100	 1.1218E-01	 3.5511E-01
    7.3150	 1.1218E-01	 3.5511E-01
    7.3200	 1.1218E-01	 3.5511E-01
    7.3250	 1.1218E-01	 3.5511E-01
    7.3300	 1.1218E-01	 3.5511E-01
    7.3350	 1.1218E-01	 3.5511E-01
    7.3400	 1.1218E-01	 3.5511E-01
    7.3450	 1.1218E-01	 3.5511E-01
    7.3500	 1.1218E-01	 3.5511E-01
    7.3550	 1.1218E-01	 3.5511E-01
    7.3600	 1.1218E-01	 3.5511E-01
    7.3650	 1.1218E-01	 3.5511E-01
    7.3700	 1.1218E-01	 3.5511E-01
    7.3750	 1.1218E-01	 3.5511E-01
    7.3800	 1.1218E-01	 3.5511E-01
    7.3850	 1.1218E-01	 3.5511E-01
    7.3900	 1.1218E-01	 3.5511E-01
    7.3950	 1.1218E-01	 3.5511E-01
    7.4000	 1.1218E-01	 3.5511E-01
    7.4050	 1.1218E-01	 3.5511E-01
    7.4100	 1.1218E-01	 3.5511E-01
    7.4150	 1.1218E-01	 3.5511E-01
    7.4200	 1.1218E-01	 3.5511E-01
    7.4250	 1.1218E-01	 3.5511E-01
    7.4300	 1.1218E-01	 3.5511E-01
    7.4350	 1.1218E-01	 3.5511E-01
    7.4400	 1.1218E-01	 3.5511E-01
    7.4450	 1.1218E-01	 3.5511E-01
    7.4500	 1.1218E-01	 3.5511E-01
    7.4550	 1.1218E-01	 3.5511E-01
    7.4600	 1.1218E-01	 3.5511E-01
    7.4650	 1.1218E-01	 3.5511E-01
    7.4700	 1.1218E-01	 3.5511E-01
    7.4750	 1.1218E-01	 3.5511E-01
    7.4800	 1.1218E-01	 3.5511E-01
    7.4850	 1.1218E-01	 3.5511E-01
    7.4900	 1.1218E-01	 3.5511E-01
    7.4950	 1.1218E-01	 3.5511E-01
    7.5000	 1.1218E-01	 3.5511E-01
    7.5050	 1.1218E-01	 3.5511E-01
    7.5100	 1.1218E-01	 3.5511E-01
    7.5150	 1.1218E-01	 3.5511E-01
    7.5200	 1.1218E-01	 3.5511E-01
    7.5250	 1.1218E-01	 3.5511E-01
    7.5300	 1.1218E-01	 3.5511E-01
    7.5350	 1.1218E-01	 3.5511E-01
    7.5400	 1.1218E-01	 3.5511E-01
    7.5450	 1.1218E-01	 3.5511E-01
    7.5500	 1.1218E-01	 3.5511E-01
    7.5550	 1.1218E-01	 3.5511E-01
    7.5600	 1.1218E-01	 3.5511E-01
    7.5650	 1.1218E-01	 3.5511E-01
    7.5700	 1.1218E-01	 3.5511E-01
    7.5750	 1.1218E-01	 3.5511E-01
    7.5800	 1.1218E-01	 3.5511E-01
    7.5850	 1.1218E-01	 3.5511E-01
    7.5900	 1.1218E-01	 3.5511E-01
    7.5950	 1.1218E-01	 3.5511E-01
    7.6000	 1.1218E-01	 3.5511E-01
    7.6050	 1.1218E-01	 3.5511E-01
    7.6100	 1.1218E-01	 3.5511E-01
    7.6150	 1.1218E-01	 3.5511E-01
    7.6200	 1.1218E-01	 3.5511E-01
    7.6250	 1.1218E-01	 3.5511E-01
    7.6300	 1.1218E-01	 3.5511E-01
    7.6350	 1.1218E-01	 3.5511E-01
    7.6400	 1.1218E-01	 3.5511E-01
    7.6450	 1.1218E-01	 3.5511E-01
    7.6500	 1.1218E-01	 3.5511E-01
    7.6550	 1.1218E-01	 3.5511E-01
    7.6600	 1.1218E-01	 3.5511E-01
    7.6650	 1.1218E-01	 3.5511E-01
    7.6700	 1.1218E-01	 3.5511E-01
    7.6750	 1.1218E-01	 3.5511E-01
    7.6800	 1.1218E-01	 3.5511E-01
    7.6850	 1.1218E-01	 3.5511E-01
    7.6900	 1.1218E-01	 3.5511E-01
    7.6950	 1.1218E-01	 3.5511E-01
    7.7000	 1.1218E-01	 3.5511E-01
    7.7050	 1.1218E-01	 3.5511E-01
    7.7100	 1.1218E-01	 3.5511E-01
    7.7150	 1.1218E-01	 3.5511E-01
    7.7200	 1.1218E-01	 3.5511E-01
    7.7250	 1.1218E-01	 3.5511E-01
    7.7300	 1.1218E-01	 3.5511E-01
    7.7350	 1.1218E-01	 3.5511E-01
    7.7400	 1.1218E-01	 3.5511E-01
    7.7450	 1.1218E-01	 3.5511E-01
    7.7500	 1.1218E-01	 3.5511E-01
    7.7550	 1.1218E-01	 3.5511E-01
    7.7600	 1.1218E-01	 3.5511E-01
    7.7650	 1.1218E-01	 3.5511E-01
    7.7700	 1.1218E-01	 3.5511E-01
    7.7750	 1.1218E-01	 3.5511E-01
    7.7800	 1.1218E-01	 3.5511E-01
    7.7850	 1.1218E-01	 3.5511E-01
    7.7900	 1.1218E-01	 3.5511E-01
    7.7950	 1.1218E-01	 3.5511E-01
    7.8000	 1.1218E-01	 3.5511E-01
    7.8050	 1.1218E-01	 3.5511E-01
    7.8100	 1.1218E-01	 3.5511E-01
    7.8150	 1.1218E-01	 3.5511E-01
    7.8200	 1.1218E-01	 3.5511E-01
    7.8250	 1.1218E-01	 3.5511E-01
    7.8300	 1.1218E-01	 3.5511E-01
    7.8350	 1.1218E-01	 3.5511E-01
    7.8400	 1.1218E-01	 3.5511E-01
    7.8450	 1.1218E-01	 3.5511E-01
    7.8500	 1.1218E-01	 3.5511E-01
    7.8550	 1.1218E-01	 3.5511E-01
    7.8600	 1.1218E-01	 3.5511E-01
    7.8650	 1.1218E-01	 3.5511E-01
    7.8700	 1.1218E-01	 3.5511E-01
    7.8750	 1.1218E-01	 3.5511E-01
    7.8800	 1.1218E-01	 3.5511E-01
    7.8850	 1.1218E-01	 3.5511E-01
    7.8900	 1.1218E-01	 3.5511E-01
    7.8950	 1.1218E-01	 3.5511E-01
    7.9000	 1.1218E-01	 3.5511E-01
    7.9050	 1.1218E-01	 3.5511E-01
    7.9100	 1.1218E-01	 3.5511E-01
    7.9150	 1.1218E-01	 3.5511E-01
    7.9200	 1.1218E-01	 3.5511E-01
    7.9250	 1.1218E-01	 3.5511E-01
    7.9300	 1.1218E-01	 3.5511E-01
    7.9350	 1.1218E-01	 3.5511E-01
    7.9400	 1.1218E-01	 3.5511E-01
    7.9450	 1.1218E-01	 3.5511E-01
    7.9500	 1.1218E-01	 3.5511E-01
    7.9550	 1.1218E-01	 3.5511E-01
    7.9600	 1.1218E-01	 3.5511E-01
    7.9650	 1.1218E-01	 3.5511E-01
    7.9700	 1.1218E-01	 3.5511E-01
    7.9750	 1.1218E-01	 3.5511E-01
    7.9800	 1.1218E-01	 3.5511E-01
    7.9850	 1.1218E-01	 3.5511E-01
    7.9900	 1.1218E-01	 3.5511E-01
    7.9950	 1.1218E-01	 3.5511E-01
    8.0000	 1.1218E-01	 3.5511E-01
    8.0050	 1.1218E-01	 3.5511E-01
    8.0100	 1.1218E-01	 3.5511E-01
    8.0150	 1.1218E-01	 3.5511E-01
    8.0200	 1.1218E-01	 3.5511E-01
    8.0250	 1.1218E-01	 3.5511E-01
    8.0300	 1.1218E-01	 3.5511E-01
    8.0350	 1.1218E-01	 3.5511E-01
    8.0400	 1.1218E-01	 3.5511E-01
    8.0450	 1.1218E-01	 3.5511E-01
    8.0500	 1.1218E-01	 3.5511E-01
    8.0550	 1.1218E-01	 3.5511E-01
    8.0600	 1.1218E-01	 3.5511E-01
    8.0650	 1.1218E-01	 3.5511E-01
    8.0700	 1.1218E-01	 3.5511E-01
    8.0750	 1.1218E-01	 3.5511E-01
    8.0800	 1.1218E-01	 3.5511E-01
    8.0850	 1.1218E-01	 3.5511E-01
    8.0900	 1.1218E-01	 3.5511E-01
    8.0950	 1.1218E-01	 3.5511E-01
    8.1000	 1.1218E-01	 3.5511E-01
    8.1050	 1.1218E-01	 3.5511E-01
    8.1100	 1.1218E-01	 3.5511E-01
    8.1150	 1.1218E-01	 3.5511E-01
    8.1200	 1.1218E-01	 3.5511E-01
    8.1250	 1.1218E-01	 3.5511E-01
    8.1300	 1.1218E-01	 3.5511E-01
    8.1350	 1.1218E-01	 3.5511E-01
    8.1400	 1.1218E-01	 3.5511E-01
    8.1450	 1.1218E-01	 3.5511E-01
    8.1500	 1.1218E-01	 3.5511E-01
    8.1550	 1.1218E-01	 3.5511E-01
    8.1600	 1.1218E-01	 3.5511E-01
    8.1650	 1.1218E-01	 3.5511E-01
    8.1700	 1.1218E-01	 3.5511E-01
    8.1750	 1.1218E-01	 3.5511E-01
    8.1800	 1.1218E-01	 3.5511E-01
    8.1850	 1.1218E-01	 3.5511E-01
    8.1900	 1.1218E-01	 3.5511E-01
    8.1950	 1.1218E-01	 3.5511E-01
    8.2000	 1.1218E-01	 3.5511E-01
    8.2050	 1.1218E-01	 3.5511E-01
    8.2100	 1.1218E-01	 3.5511E-01
    8.2150	 1.1218E-01	 3.5511E-01
    8.2200	 1.1218E-01	 3.5511E-01
    8.2250	 1.1218E-01	 3.5511E-01
    8.2300	 1.1218E-01	 3.5511E-01
    8.2350	 1.1218E-01	 3.5511E-01
    8.2400	 1.1218E-01	 3.5511E-01
    8.2450	 1.1218E-01	 3.5511E-01
    8.2500	 1.1218E-01	 3.5511E-01
    8.2550	 1.1218E-01	 3.5511E-01
    8.2600	 1.1218E-01	 3.5511E-01
    8.2650	 1.1218E-01	 3.5511E-01
    8.2700	 1.1218E-01	 3.5511E-01
    8.2750	 1.1218E-01	 3.5511E-01
    8.2800	 1.1218E-01	 3.5511E-01
    8.2850	 1.1218E-01	 3.5511E-01
    8.2900	 1.1218E-01	 3.5511E-01
    8.2950	 1.1218E-01	 3.5511E-01
    8.3000	 1.1218E-01	 3.5511E-01
    8.3050	 1.1218E-01	 3.5511E-01
    8.3100	 1.1218E-01	 3.5511E-01
    8.3150	 1.1218E-01	 3.5511E-01
    8.3200	 1.1218E-01	 3.5511E-01
    8.3250	 1.1218E-01	 3.5511E-01
    8.3300	 1.1218E-01	 3.5511E-01
    8.3350	 1.1218E-01	 3.5511E-01
    8.3400	 1.1218E-01	 3.5511E-01
    8.3450	 1.1218E-01	 3.5511E-01
    8.3500	 1.1218E-01	 3.5511E-01
    8.3550	 1.1218E-01	 3.5511E-01
    8.3600	 1.1218E-01	 3.5511E-01
    8.3650	 1.1218E-01	 3.5511E-01
    8.3700	 1.1218E-01	 3.5511E-01
    8.3750	 1.1218E-01	 3.5511E-01
    8.3800	 1.1218E-01	 3.5511E-01
    8.3850	 1.1218E-01	 3.5511E-01
    8.3900	 1.1218E-01	 3.5511E-01
    8.3950	 1.1218E-01	 3.5511E-01
    8.4000	 1.1218E-01	 3.5511E-01
    8.4050	 1.1218E-01	 3.5511E-01
    8.4100	 1.1218E-01	 3.5511E-01
    8.4150	 1.1218E-01	 3.5511E-01
    8.4200	 1.1218E-01	 3.5511E-01
    8.4250	 1.1218E-01	 3.5511E-01
    8.4300	 1.1218E-01	 3.5511E-01
    8.4350	 1.1218E-01	 3.5511E-01
    8.4400	 1.1218E-01	 3.5511E-01
    8.4450	 1.1218E-01	 3.5511E-01
    8.4500	 1.1218E-01	 3.5511E-01
    8.4550	 1.1218E-01	 3.5511E-01
    8.4600	 1.1218E-01	 3.5511E-01
    8.4650	 1.1218E-01	 3.5511E-01
    8.4700	 1.1218E-01	 3.5511E-01
    8.4750	 1.1218E-01	 3.5511E-01
    8.4800	 1.1218E-01	 3.5511E-01
    8.4850	 1.1218E-01	 3.5511E-01
    8.4900	 1.1218E-01	 3.5511E-01
    8.4950	 1.1218E-01	 3.5511E-01
    8.5000	 1.1218E-01	 3.5511E-01
    8.5050	 1.1218E-01	 3.5511E-01
    8.5100	 1.1218E-01	 3.5511E-01
    8.5150	 1.1218E-01	 3.5511E-01
    8.5200	 1.1218E-01	 3.5511E-01
    8.5250	 1.1218E-01	 3.5511E-01
    8.5300	 1.1218E-01	 3.5511E-01
    8.5350	 1.1218E-01	 3.5511E-01
    8.5400	 1.1218E-01	 3.5511E-01
    8.5450	 1.1218E-01	 3.5511E-01
    8.5500	 1.1218E-01	 3.5511E-01
    8.5550	 1.1218E-01	 3.5511E-01
    8.5600	 1.1218E-01	 3.5511E-01
    8.5650	 1.1218E-01	 3.5511E-01
    8.5700	 1.1218E-01	 3.5511E-01
    8.5750	 1.1218E-01	 3.5511E-01
    8.5800	 1.1218E-01	 3.5511E-01
    8.5850	 1.1218E-01	 3.5511E-01
    8.5900	 1.1218E-01	 3.5511E-01
    8.5950	 1.1218E-01	 3.5511E-01
    8.6000	 1.1218E-01	 3.5511E-01
    8.6050	 1.1218E-01	 3.5511E-01
    8.6100	 1.1218E-01	 3.5511E-01
    8.6150	 1.1218E-01	 3.5511E-01
    8.6200	 1.1218E-01	 3.5511E-01
    8.6250	 1.1218E-01	 3.5511E-01
    8.6300	 1.1218E-01	 3.5511E-01
    8.6350	 1.1218E-01	 3.5511E-01
    8.6400	 1.1218E-01	 3.5511E-01
    8.6450	 1.1218E-01	 3.5511E-01
    8.6500	 1.1218E-01	 3.5511E-01
    8.6550	 1.1218E-01	 3.5511E-01
    8.6600	 1.1218E-01	 3.5511E-01
    8.6650	 1.1218E-01	 3.5511E-01
    8.6700	 1.1218E-01	 3.5511E-01
    8.6750	 1.1218E-01	 3.5511E-01
    8.6800	 1.1218E-01	 3.5511E-01
    8.6850	 1.1218E-01	 3.5511E-01
    8.6900	 1.1218E-01	 3.5511E-01
    8.6950	 1.1218E-01	 3.5511E-01
    8.7000	 1.1218E-01	 3.5511E-01
    8.7050	 1.1218E-01	 3.5511E-01
    8.7100	 1.1218E-01	 3.5511E-01
    8.7150	 1.1218E-01	 3.5511E-01
    8.7200	 1.1218E-01	 3.5511E-01
    8.7250	 1.1218E-01	 3.5511E-01
    8.7300	 1.1218E-01	 3.5511E-01
    8.7350	 1.1218E-01	 3.5511E-01
    8.7400	 1.1218E-01	 3.5511E-01
    8.7450	 1.1218E-01	 3.5511E-01
    8.7500	 1.1218E-01	 3.5511E-01
    8.7550	 1.1218E-01	 3.5511E-01
    8.7600	 1.1218E-01	 3.5511E-01
    8.7650	 1.1218E-01	 3.5511E-01
    8.7700	 1.1218E-01	 3.5511E-01
    8.7750	 1.1218E-01	 3.5511E-01
    8.7800	 1.1218E-01	 3.5511E-01
    8.7850	 1.1218E-01	 3.5511E-01
    8.7900	 1.1218E-01	 3.5511E-01
    8.7950	 1.1218E-01	 3.5511E-01
    8.8000	 1.1218E-01	 3.5511E-01
    8.8050	 1.1218E-01	 3.5511E-01
    8.8100	 1.1218E-01	 3.5511E-01
    8.8150	 1.1218E-01	 3.5511E-01
    8.8200	 1.1218E-01	 3.5511E-01
    8.8250	 1.1218E-01	 3.5511E-01
    8.8300	 1.1218E-01	 3.5511E-01
    8.8350	 1.1218E-01	 3.5511E-01
    8.8400	 1.1218E-01	 3.5511E-01
    8.8450	 1.1218E-01	 3.5511E-01
    8.8500	 1.1218E-01	 3.5511E-01
    8.8550	 1.1218E-01	 3.5511E-01
    8.8600	 1.1218E-01	 3.5511E-01
    8.8650	 1.1218E-01	 3.5511E-01
    8.8700	 1.1218E-01	 3.5511E-01
    8.8750	 1.1218E-01	 3.5511E-01
    8.8800	 1.1218E-01	 3.5511E-01
    8.8850	 1.1218E-01	 3.5511E-01
    8.8900	 1.1218E-01	 3.5511E-01
    8.8950	 1.1218E-01	 3.5511E-01
    8.9000	 1.1218E-01	 3.5511E-01
    8.9050	 1.1218E-01	 3.5511E-01
    8.9100	 1.1218E-01	 3.5511E-01
    8.9150	 1.1218E-01	 3.5511E-01
    8.9200	 1.1218E-01	 3.5511E-01
    8.9250	 1.1218E-01	 3.5511E-01
    8.9300	 1.1218E-01	 3.5511E-01
    8.9350	 1.1218E-01	 3.5511E-01
    8.9400	 1.1218E-01	 3.5511E-01
    8.9450	 1.1218E-01	 3.5511E-01
    8.9500	 1.1218E-01	 3.5511E-01
    8.9550	 1.1218E-01	 3.5511E-01
    8.9600	 1.1218E-01	 3.5511E-01
    8.9650	 1.1218E-01	 3.5511E-01
    8.9700	 1.1218E-01	 3.5511E-01
    8.9750	 1.1218E-01	 3.5511E-01
    8.9800	 1.1218E-01	 3.5511E-01
    8.9850	 1.1218E-01	 3.5511E-01
    8.9900	 1.1218E-01	 3.5511E-01
    8.9950	 1.1218E-01	 3.5511E-01
    9.0000	 1.1218E-01	 3.5511E-01
    9.0050	 1.1218E-01	 3.5511E-01
    9.0100	 1.1218E-01	 3.5511E-01
    9.0150	 1.1218E-01	 3.5511E-01
    9.0200	 1.1218E-01	 3.5511E-01
    9.0250	 1.1218E-01	 3.5511E-01
    9.0300	 1.1218E-01	 3.5511E-01
    9.0350	 1.1218E-01	 3.5511E-01
    9.0400	 1.1218E-01	 3.5511E-01
    9.0450	 1.1218E-01	 3.5511E-01
    9.0500	 1.1218E-01	 3.5511E-01
    9.0550	 1.1218E-01	 3.5511E-01
    9.0600	 1.1218E-01	 3.5511E-01
    9.0650	 1.1218E-01	 3.5511E-01
    9.0700	 1.1218E-01	 3.5511E-01
    9.0750	 1.1218E-01	 3.5511E-01
    9.0800	 1.1218E-01	 3.5511E-01
    9.0850	 1.1218E-01	 3.5511E-01
    9.0900	 1.1218E-01	 3.5511E-01
    9.0950	 1.1218E-01	 3.5511E-01
    9.1000	 1.1218E-01	 3.5511E-01
    9.1050	 1.1218E-01	 3.5511E-01
    9.1100	 1.1218E-01	 3.5511E-01
    9.1150	 1.1218E-01	 3.5511E-01
    9.1200	 1.1218E-01	 3.5511E-01
    9.1250	 1.1218E-01	 3.5511E-01
    9.1300	 1.1218E-01	 3.5511E-01
    9.1350	 1.1218E-01	 3.5511E-01
    9.1400	 1.1218E-01	 3.5511E-01
    9.1450	 1.1218E-01	 3.5511E-01
    9.1500	 1.1218E-01	 3.5511E-01
    9.1550	 1.1218E-01	 3.5511E-01
    9.1600	 1.1218E-01	 3.5511E-01
    9.1650	 1.1218E-01	 3.5511E-01
    9.1700	 1.1218E-01	 3.5511E-01
    9.1750	 1.1218E-01	 3.5511E-01
    9.1800	 1.1218E-01	 3.5511E-01
    9.1850	 1.1218E-01	 3.5511E-01
    9.1900	 1.1218E-01	 3.5511E-01
    9.1950	 1.1218E-01	 3.5511E-01
    9.2000	 1.1218E-01	 3.5511E-01
    9.2050	 1.1218E-01	 3.5511E-01
    9.2100	 1.1218E-01	 3.5511E-01
    9.2150	 1.1218E-01	 3.5511E-01
    9.2200	 1.1218E-01	 3.5511E-01
    9.2250	 1.1218E-01	 3.5511E-01
    9.2300	 1.1218E-01	 3.5511E-01
    9.2350	 1.1218E-01	 3.5511E-01
    9.2400	 1.1218E-01	 3.5511E-01
    9.2450	 1.1218E-01	 3.5511E-01
    9.2500	 1.1218E-01	 3.5511E-01
    9.2550	 1.1218E-01	 3.5511E-01
    9.2600	 1.1218E-01	 3.5511E-01
    9.2650	 1.1218E-01	 3.5511E-01
    9.2700	 1.1218E-01	 3.5511E-01
    9.2750	 1.1218E-01	 3.5511E-01
    9.2800	 1.1218E-01	 3.5511E-01
    9.2850	 1.1218E-01	 3.5511E-01
    9.2900	 1.1218E-01	 3.5511E-01
    9.2950	 1.1218E-01	 3.5511E-01
    9.3000	 1.1218E-01	 3.5511E-01
    9.3050	 1.1218E-01	 3.5511E-01
    9.3100	 1.1218E-01	 3.5511E-01
    9.3150	 1.1218E-01	 3.5511E-01
    9.3200	 1.1218E-01	 3.5511E-01
    9.3250	 1.1218E-01	 3.5511E-01
    9.3300	 1.1218E-01	 3.5511E-01
    9.3350	 1.1218E-01	 3.5511E-01
    9.3400	 1.1218E-01	 3.5511E-01
    9.3450	 1.1218E-01	 3.5511E-01
    9.3500	 1.1218E-01	 3.5511E-01
    9.3550	 1.1218E-01	 3.5511E-01
    9.3600	 1.1218E-01	 3.5511E-01
    9.3650	 1.1218E-01	 3.5511E-01
    9.3700	 1.1218E-01	 3.5511E-01
    9.3750	 1.1218E-01	 3.5511E-01
    9.3800	 1.1218E-01	 3.5511E-01
    9.3850	 1.1218E-01	 3.5511E-01
    9.3900	 1.1218E-01	 3.5511E-01
    9.3950	 1.1218E-01	 3.5511E-01
    9.4000	 1.1218E-01	 3.5511E-01
    9.4050	 1.1218E-01	 3.5511E-01
    9.4100	 1.1218E-01	 3.5511E-01
    9.4150	 1.1218E-01	 3.5511E-01
    9.4200	 1.1218E-01	 3.5511E-01
    9.4250	 1.1218E-01	 3.5511E-01
    9.4300	 1.1218E-01	 3.5511E-01
    9.4350	 1.1218E-01	 3.5511E-01
    9.4400	 1.1218E-01	 3.5511E-01
    9.4450	 1.1218E-01	 3.5511E-01
    9.4500	 1.1218E-01	 3.5511E-01
    9.4550	 1.1218E-01	 3.5511E-01
    9.4600	 1.1218E-01	 3.5511E-01
    9.4650	 1.1218E-01	 3.5511E-01
    9.4700	 1.1218E-01	 3.5511E-01
    9.4750	 1.1218E-01	 3.5511E-01
    9.4800	 1.1218E-01	 3.5511E-01
    9.4850	 1.1218E-01	 3.5511E-01
    9.4900	 1.1218E-01	 3.5511E-01
    9.4950	 1.1218E-01	 3.5511E-01
    9.5000	 1.1218E-01	 3.5511E-01
    9.5050	 1.1218E-01	 3.5511E-01
    9.5100	 1.1218E-01	 3.5511E-01
    9.5150	 1.1218E-01	 3.5511E-01
    9.5200	 1.1218E-01	 3.5511E-01
    9.5250	 1.1218E-01	 3.5511E-01
    9.5300	 1.1218E-01	 3.5511E-01
    9.5350	 1.1218E-01	 3.5511E-01
    9.5400	 1.1218E-01	 3.5511E-01
    9.5450	 1.1218E-01	 3.5511E-01
    9.5500	 1.1218E-01	 3.5511E-01
    9.5550	 1.1218E-01	 3.5511E-01
    9.5600	 1.1218E-01	 3.5511E-01
    9.5650	 1.1218E-01	 3.5511E-01
    9.5700	 1.1218E-01	 3.5511E-01
    9.5750	 1.1218E-01	 3.5511E-01
    9.5800	 1.1218E-01	 3.5511E-01
    9.5850	 1.1218E-01	 3.5511E-01
    9.5900	 1.1218E-01	 3.5511E-01
    9.5950	 1.1218E-01	 3.5511E-01
    9.6000	 1.1218E-01	 3.5511E-01
    9.6050	 1.1218E-01	 3.5511E-01
    9.6100	 1.1218E-01	 3.5511E-01
    9.6150	 1.1218E-01	 3.5511E-01
    9.6200	 1.1218E-01	 3.5511E-01
    9.6250	 1.1218E-01	 3.5511E-01
    9.6300	 1.1218E-01	 3.5511E-01
    9.6350	 1.1218E-01	 3.5511E-01
    9.6400	 1.1218E-01	 3.5511E-01
    9.6450	 1.1218E-01	 3.5511E-01
    9.6500	 1.1218E-01	 3.5511E-01
    9.6550	 1.1218E-01	 3.5511E-01
    9.6600	 1.1218E-01	 3.5511E-01
    9.6650	 1.1218E-01	 3.5511E-01
    9.6700	 1.1218E-01	 3.5511E-01
    9.6750	 1.1218E-01	 3.5511E-01
    9.6800	 1.1218E-01	 3.5511E-01
    9.6850	 1.1218E-01	 3.5511E-01
    9.6900	 1.1218E-01	 3.5511E-01
    9.6950	 1.1218E-01	 3.5511E-01
    9.7000	 1.1218E-01	 3.5511E-01
    9.7050	 1.1218E-01	 3.5511E-01
    9.7100	 1.1218E-01	 3.5511E-01
    9.7150	 1.1218E-01	 3.5511E-01
    9.7200	 1.1218E-01	 3.5511E-01
    9.7250	 1.1218E-01	 3.5511E-01
    9.7300	 1.1218E-01	 3.5511E-01
    9.7350	 1.1218E-01	 3.5511E-01
    9.7400	 1.1218E-01	 3.5511E-01
    9.7450	 1.1218E-01	 3.5511E-01
    9.7500	 1.1218E-01	 3.5511E-01
    9.7550	 1.1218E-01	 3.5511E-01
    9.7600	 1.1218E-01	 3.5511E-01
    9.7650	 1.1218E-01	 3.5511E-01
    9.7700	 1.1218E-01	 3.5511E-01
    9.7750	 1.1218E-01	 3.5511E-01
    9.7800	 1.1218E-01	 3.5511E-01
    9.7850	 1.1218E-01	 3.5511E-01
    9.7900	 1.1218E-01	 3.5511E-01
    9.7950	 1.1218E-01	 3.5511E-01
    9.8000	 1.1218E-01	 3.5511E-01
    9.8050	 1.1218E-01	 3.5511E-01
    9.8100	 1.1218E-01	 3.5511E-01
    9.8150	 1.1218E-01	 3.5511E-01
    9.8200	 1.1218E-01	 3.5511E-01
    9.8250	 1.1218E-01	 3.5511E-01
    9.8300	 1.1218E-01	 3.5511E-01
    9.8350	 1.1218E-01	 3.5511E-01
    9.8400	 1.1218E-01	 3.5511E-01
    9.8450	 1.1218E-01	 3.5511E-01
    9.8500	 1.1218E-01	 3.5511E-01
    9.8550	 1.1218E-01	 3.5511E-01
    9.8600	 1.1218E-01	 3.5511E-01
    9.8650	 1.1218E-01	 3.5511E-01
    9.8700	 1.1218E-01	 3.5511E-01
    9.8750	 1.1218E-01	 3.5511E-01
    9.8800	 1.1218E-01	 3.5511E-01
    9.8850	 1.1218E-01	 3.5511E-01
    9.8900	 1.1218E-01	 3.5511E-01
    9.8950	 1.1218E-01	 3.5511E-01
    9.9000	 1.1218E-01	 3.5511E-01
    9.9050	 1.1218E-01	 3.5511E-01
    9.9100	 1.1218E-01	 3.5511E-01
    9.9150	 1.1218E-01	 3.5511E-01
    9.9200	 1.1218E-01	 3.5511E-01
    9.9250	 1.1218E-01	 3.5511E-01
    9.9300	 1.1218E-01	 3.5511E-01
    9.9350	 1.1218E-01	 3.5511E-01
    9.9400	 1.1218E-01	 3.5511E-01
    9.9450	 1.1218E-01	 3.5511E-01
    9.9500	 1.1218E-01	 3.5511E-01
    9.9550	 1.1218E-01	 3.5511E-01
    9.9600	 1.1218E-01	 3.5511E-01
    9.9650	 1.1218E-01	 3.5511E-01
    9.9700	 1.1218E-01	 3.5511E-01
    9.9750	 1.1218E-01	 3.5511E-01
    9.9800	 1.1218E-01	 3.5511E-01
    9.9850	 1.1218E-01	 3.5511E-01
    9.9900	 1.1218E-01	 3.5511E-01
    9.9950	 1.1218E-01	 3.5511E-01
   10.0000	 1.1218E-01	 3.5511E-01
