
Predictions were generated on 20-Dec-2019 at 14:30:05 using OpenFAST, compiled as a 64-bit application using double precision at commit -128-NOTFOUND
 linked with  NWTC Subroutine Library; ElastoDyn; InflowWind; AeroDyn; ServoDyn

Description from the FAST input file: FAST Certification Test #12: WindPACT 1.5 MW Baseline with many DOFs with VS and VP and ECD wind.

Time      	Wind1VelX 	Wind1VelY 	Wind1VelZ 	OoPDefl3  	IPDefl3   	TipALxb3  	TipALyb3  	Spn4ALxb1 	Spn4ALyb1 	BldPitch3 	RotAccel  	LSSGagA   	HSShftA   	RootFxb3  	RootFyb3  	RootMEdg3 	RootMFlp3 	LSShftFya 	LSShftFza 	YawBrFxp  	YawBrFyp  	TwrBsFxt  	TwrBsFyt  	RtSkew    
(s)       	(m/s)     	(m/s)     	(m/s)     	(m)       	(m)       	(m/s^2)   	(m/s^2)   	(m/s^2)   	(m/s^2)   	(deg)     	(deg/s^2) 	(deg/s^2) 	(deg/s^2) 	(kN)      	(kN)      	(kN-m)    	(kN-m)    	(kN)      	(kN)      	(kN)      	(kN)      	(kN)      	(kN)      	(deg)     
    5.0000	 1.180E+01	 0.000E+00	 0.000E+00	 1.332E+00	-4.106E-01	 1.316E+01	 4.926E-01	 3.121E+00	 1.844E-01	 7.500E+00	 3.287E-02	 3.584E-02	 3.153E+00	 6.048E+01	-4.140E+01	 4.913E+02	 1.097E+03	 2.114E+02	 1.613E+02	 1.075E+02	 5.100E+00	 8.871E+01	 9.402E+00	 5.112E+00
    5.0500	 1.180E+01	 0.000E+00	 0.000E+00	 1.381E+00	-3.037E-01	 4.777E+01	-4.309E+00	 5.375E+00	 1.206E+00	 2.600E+00	-1.097E+01	-5.868E+00	-5.161E+02	 5.990E+01	-4.521E+01	 5.359E+02	 1.099E+03	 2.273E+02	 1.383E+02	 1.098E+02	 3.360E+00	 9.139E+01	 8.182E+00	 5.317E+00
    5.1000	 1.180E+01	 0.000E+00	 0.000E+00	 1.478E+00	-3.337E-01	 2.569E+01	 6.852E+00	 7.292E+00	-4.302E-02	 2.600E+00	 9.499E+00	-6.868E-01	-6.042E+01	 5.854E+01	-4.012E+01	 5.308E+02	 1.116E+03	 2.395E+02	 1.147E+02	 1.136E+02	 5.678E+00	 9.238E+01	 2.668E+00	 5.502E+00
    5.1500	 1.180E+01	 0.000E+00	 0.000E+00	 1.605E+00	-3.473E-01	 9.705E+00	 7.978E+00	 6.868E+00	 2.474E-01	 2.600E+00	 7.968E+00	 8.148E+00	 7.167E+02	 6.192E+01	-3.900E+01	 5.205E+02	 1.197E+03	 2.505E+02	 9.025E+01	 1.190E+02	 7.304E+00	 9.567E+01	 7.136E-01	 5.581E+00
    5.2000	 1.180E+01	 0.000E+00	 0.000E+00	 1.721E+00	-3.316E-01	 1.093E+01	 2.626E+00	 3.778E+00	 3.606E-01	 2.600E+00	 5.999E-01	 2.247E+00	 1.977E+02	 6.992E+01	-3.698E+01	 4.685E+02	 1.336E+03	 2.603E+02	 6.273E+01	 1.267E+02	 2.251E+00	 1.009E+02	 6.620E+00	 5.559E+00
    5.2500	 1.180E+01	 0.000E+00	 0.000E+00	 1.824E+00	-3.073E-01	 1.466E+01	-2.391E+00	 1.176E+00	 2.655E-01	 2.600E+00	-5.241E+00	-5.563E+00	-4.894E+02	 7.729E+01	-3.397E+01	 4.077E+02	 1.461E+03	 2.664E+02	 3.408E+01	 1.363E+02	-2.750E+00	 1.061E+02	 1.087E+01	 5.473E+00
    5.3000	 1.180E+01	 0.000E+00	 0.000E+00	 1.919E+00	-2.969E-01	 9.881E+00	-2.359E+00	 1.406E+00	 5.683E-02	 2.600E+00	-4.776E+00	-5.189E+00	-4.564E+02	 7.965E+01	-3.032E+01	 3.660E+02	 1.516E+03	 2.676E+02	 6.679E+00	 1.468E+02	-2.353E+00	 1.114E+02	 6.364E+00	 5.359E+00
    5.3500	 1.180E+01	 0.000E+00	 0.000E+00	 1.991E+00	-2.995E-01	 1.708E+00	 1.107E+00	 3.502E+00	-2.237E-01	 2.600E+00	 6.544E-01	 7.125E-01	 6.267E+01	 7.796E+01	-2.614E+01	 3.377E+02	 1.510E+03	 2.654E+02	-1.945E+01	 1.569E+02	 1.539E+00	 1.200E+02	-3.406E+00	 5.246E+00
    5.4000	 1.180E+01	 0.000E+00	 0.000E+00	 2.021E+00	-2.976E-01	 8.983E-01	 2.986E+00	 4.972E+00	-4.157E-01	 2.600E+00	 4.742E+00	 4.933E+00	 4.339E+02	 7.613E+01	-2.188E+01	 3.025E+02	 1.490E+03	 2.611E+02	-4.595E+01	 1.662E+02	 3.525E+00	 1.348E+02	-9.337E+00	 5.162E+00
    5.4500	 1.180E+01	 0.000E+00	 0.000E+00	 2.007E+00	-2.792E-01	 9.222E+00	 1.142E+00	 4.895E+00	-4.161E-01	 2.600E+00	 4.051E+00	 4.138E+00	 3.640E+02	 7.619E+01	-1.779E+01	 2.505E+02	 1.483E+03	 2.546E+02	-7.373E+01	 1.756E+02	 7.815E-01	 1.546E+02	-6.667E+00	 5.118E+00
    5.5000	 1.180E+01	 0.000E+00	 0.000E+00	 1.967E+00	-2.498E-01	 1.893E+01	-2.047E+00	 4.427E+00	-2.898E-01	 2.600E+00	 9.543E-01	 8.951E-01	 7.873E+01	 7.671E+01	-1.375E+01	 1.904E+02	 1.477E+03	 2.448E+02	-1.015E+02	 1.862E+02	-4.477E+00	 1.752E+02	 5.857E-01	 5.112E+00
    5.5500	 1.180E+01	 0.000E+00	 0.000E+00	 1.926E+00	-2.230E-01	 2.274E+01	-3.309E+00	 4.771E+00	-1.720E-01	 2.600E+00	-4.670E-01	-5.563E-01	-4.894E+01	 7.584E+01	-9.645E+00	 1.366E+02	 1.453E+03	 2.317E+02	-1.270E+02	 1.985E+02	-7.842E+00	 1.929E+02	 4.348E+00	 5.134E+00
    5.6000	 1.180E+01	 0.000E+00	 0.000E+00	 1.894E+00	-2.053E-01	 2.115E+01	-2.092E+00	 5.633E+00	-1.370E-01	 2.600E+00	 7.929E-01	 7.746E-01	 6.813E+01	 7.365E+01	-5.517E+00	 9.391E+01	 1.415E+03	 2.161E+02	-1.493E+02	 2.120E+02	-7.286E+00	 2.074E+02	 5.880E-01	 5.176E+00
    5.6500	 1.180E+01	 0.000E+00	 0.000E+00	 1.868E+00	-1.923E-01	 1.948E+01	-3.410E-01	 5.920E+00	-1.558E-01	 2.600E+00	 2.465E+00	 2.524E+00	 2.220E+02	 7.180E+01	-1.556E+00	 5.576E+01	 1.383E+03	 1.991E+02	-1.692E+02	 2.259E+02	-4.618E+00	 2.212E+02	-7.535E+00	 5.233E+00
    5.7000	 1.180E+01	 0.000E+00	 0.000E+00	 1.843E+00	-1.770E-01	 2.079E+01	 1.240E-01	 5.218E+00	-1.573E-01	 2.600E+00	 2.309E+00	 2.364E+00	 2.079E+02	 7.147E+01	 2.119E+00	 1.462E+01	 1.371E+03	 1.805E+02	-1.878E+02	 2.390E+02	-3.141E+00	 2.368E+02	-1.350E+01	 5.298E+00
    5.7500	 1.180E+01	 0.000E+00	 0.000E+00	 1.824E+00	-1.580E-01	 2.317E+01	-5.729E-01	 4.225E+00	-1.218E-01	 2.600E+00	 6.113E-01	 5.987E-01	 5.266E+01	 7.226E+01	 5.548E+00	-2.979E+01	 1.376E+03	 1.597E+02	-2.054E+02	 2.510E+02	-4.421E+00	 2.542E+02	-1.358E+01	 5.365E+00
    5.8000	 1.180E+01	 0.000E+00	 0.000E+00	 1.816E+00	-1.397E-01	 2.348E+01	-1.062E+00	 3.731E+00	-9.195E-02	 2.600E+00	-5.960E-01	-6.513E-01	-5.729E+01	 7.299E+01	 8.878E+00	-7.237E+01	 1.384E+03	 1.367E+02	-2.210E+02	 2.621E+02	-7.302E+00	 2.716E+02	-9.363E+00	 5.430E+00
    5.8500	 1.180E+01	 0.000E+00	 0.000E+00	 1.820E+00	-1.260E-01	 2.134E+01	-5.623E-01	 3.739E+00	-1.118E-01	 2.600E+00	-5.745E-02	-9.356E-02	-8.230E+00	 7.318E+01	 1.221E+01	-1.099E+02	 1.387E+03	 1.122E+02	-2.338E+02	 2.726E+02	-9.512E+00	 2.869E+02	-5.388E+00	 5.489E+00
    5.9000	 1.180E+01	 0.000E+00	 0.000E+00	 1.831E+00	-1.157E-01	 1.902E+01	 3.454E-01	 3.693E+00	-1.798E-01	 2.600E+00	 1.455E+00	 1.472E+00	 1.295E+02	 7.327E+01	 1.550E+01	-1.445E+02	 1.391E+03	 8.691E+01	-2.437E+02	 2.828E+02	-9.789E+00	 2.991E+02	-4.917E+00	 5.543E+00
    5.9500	 1.180E+01	 0.000E+00	 0.000E+00	 1.843E+00	-1.049E-01	 1.838E+01	 5.753E-01	 3.281E+00	-2.562E-01	 2.600E+00	 2.255E+00	 2.302E+00	 2.025E+02	 7.382E+01	 1.861E+01	-1.801E+02	 1.401E+03	 6.126E+01	-2.508E+02	 2.925E+02	-8.584E+00	 3.085E+02	-7.771E+00	 5.591E+00
    6.0000	 1.180E+01	 0.000E+00	 0.000E+00	 1.855E+00	-9.148E-02	 1.909E+01	-1.936E-01	 2.751E+00	-3.122E-01	 2.600E+00	 1.670E+00	 1.690E+00	 1.487E+02	 7.481E+01	 2.142E+01	-2.172E+02	 1.417E+03	 3.514E+01	-2.556E+02	 3.011E+02	-7.191E+00	 3.161E+02	-1.134E+01	 5.628E+00
    6.0500	 1.180E+01	-1.545E-03	 0.000E+00	 1.867E+00	-7.790E-02	 1.967E+01	-1.260E+00	 2.504E+00	-3.563E-01	 2.600E+00	 5.879E-01	 5.646E-01	 4.966E+01	 7.579E+01	 2.384E+01	-2.510E+02	 1.432E+03	 8.501E+00	-2.578E+02	 3.079E+02	-6.539E+00	 3.231E+02	-1.301E+01	 5.650E+00
    6.1000	 1.180E+01	-3.090E-03	 0.000E+00	 1.882E+00	-6.810E-02	 1.944E+01	-1.730E+00	 2.611E+00	-4.149E-01	 2.600E+00	 3.064E-01	 2.680E-01	 2.358E+01	 7.647E+01	 2.584E+01	-2.765E+02	 1.445E+03	-1.847E+01	-2.573E+02	 3.126E+02	-6.720E+00	 3.299E+02	-1.189E+01	 5.658E+00
    6.1500	 1.181E+01	-7.729E-03	 0.000E+00	 1.899E+00	-6.388E-02	 1.901E+01	-1.403E+00	 2.838E+00	-5.011E-01	 2.600E+00	 1.155E+00	 1.143E+00	 1.005E+02	 7.700E+01	 2.739E+01	-2.919E+02	 1.456E+03	-4.536E+01	-2.541E+02	 3.153E+02	-7.258E+00	 3.357E+02	-8.888E+00	 5.660E+00
    6.2000	 1.181E+01	-1.237E-02	 0.000E+00	 1.917E+00	-6.370E-02	 1.906E+01	-7.974E-01	 2.957E+00	-6.038E-01	 2.600E+00	 2.323E+00	 2.341E+00	 2.059E+02	 7.769E+01	 2.845E+01	-2.998E+02	 1.470E+03	-7.172E+01	-2.480E+02	 3.168E+02	-7.570E+00	 3.392E+02	-5.797E+00	 5.664E+00
    6.2500	 1.182E+01	-2.012E-02	 0.000E+00	 1.935E+00	-6.489E-02	 1.951E+01	-5.191E-01	 2.991E+00	-7.035E-01	 2.600E+00	 2.820E+00	 2.852E+00	 2.509E+02	 7.853E+01	 2.904E+01	-3.037E+02	 1.487E+03	-9.713E+01	-2.391E+02	 3.173E+02	-7.239E+00	 3.395E+02	-4.175E+00	 5.677E+00
    6.3000	 1.183E+01	-2.788E-02	 0.000E+00	 1.957E+00	-6.621E-02	 1.976E+01	-6.898E-01	 3.069E+00	-7.946E-01	 2.600E+00	 2.488E+00	 2.495E+00	 2.195E+02	 7.950E+01	 2.920E+01	-3.051E+02	 1.507E+03	-1.213E+02	-2.276E+02	 3.170E+02	-6.146E+00	 3.366E+02	-4.474E+00	 5.699E+00
    6.3500	 1.185E+01	-3.887E-02	 0.000E+00	 1.981E+00	-6.835E-02	 1.961E+01	-1.016E+00	 3.272E+00	-8.789E-01	 2.600E+00	 1.922E+00	 1.910E+00	 1.680E+02	 8.045E+01	 2.900E+01	-3.033E+02	 1.526E+03	-1.441E+02	-2.138E+02	 3.152E+02	-4.554E+00	 3.314E+02	-5.820E+00	 5.728E+00
    6.4000	 1.186E+01	-4.988E-02	 0.000E+00	 2.007E+00	-7.254E-02	 1.936E+01	-1.202E+00	 3.532E+00	-9.549E-01	 2.600E+00	 1.794E+00	 1.774E+00	 1.561E+02	 8.138E+01	 2.850E+01	-2.969E+02	 1.546E+03	-1.655E+02	-1.981E+02	 3.118E+02	-3.043E+00	 3.254E+02	-6.546E+00	 5.754E+00
    6.4500	 1.188E+01	-6.394E-02	 0.000E+00	 2.035E+00	-7.913E-02	 1.928E+01	-1.241E+00	 3.797E+00	-1.014E+00	 2.600E+00	 2.227E+00	 2.219E+00	 1.952E+02	 8.233E+01	 2.767E+01	-2.856E+02	 1.567E+03	-1.857E+02	-1.803E+02	 3.067E+02	-2.155E+00	 3.192E+02	-5.350E+00	 5.773E+00
    6.5000	 1.189E+01	-7.804E-02	 0.000E+00	 2.064E+00	-8.753E-02	 1.940E+01	-1.326E+00	 4.048E+00	-1.046E+00	 2.600E+00	 2.839E+00	 2.845E+00	 2.503E+02	 8.325E+01	 2.645E+01	-2.699E+02	 1.589E+03	-2.043E+02	-1.605E+02	 3.001E+02	-1.973E+00	 3.122E+02	-2.286E+00	 5.778E+00
    6.5500	 1.191E+01	-9.522E-02	 0.000E+00	 2.093E+00	-9.725E-02	 1.949E+01	-1.566E+00	 4.317E+00	-1.057E+00	 2.600E+00	 3.233E+00	 3.246E+00	 2.855E+02	 8.407E+01	 2.480E+01	-2.498E+02	 1.609E+03	-2.207E+02	-1.387E+02	 2.927E+02	-1.989E+00	 3.037E+02	 1.186E+00	 5.772E+00
    6.6000	 1.193E+01	-1.125E-01	 0.000E+00	 2.121E+00	-1.084E-01	 1.950E+01	-1.872E+00	 4.584E+00	-1.061E+00	 2.600E+00	 3.309E+00	 3.312E+00	 2.914E+02	 8.474E+01	 2.272E+01	-2.248E+02	 1.627E+03	-2.346E+02	-1.152E+02	 2.848E+02	-1.498E+00	 2.930E+02	 3.290E+00	 5.758E+00
    6.6500	 1.196E+01	-1.330E-01	 0.000E+00	 2.148E+00	-1.217E-01	 1.964E+01	-2.075E+00	 4.835E+00	-1.070E+00	 2.600E+00	 3.224E+00	 3.224E+00	 2.836E+02	 8.532E+01	 2.023E+01	-1.944E+02	 1.643E+03	-2.457E+02	-9.042E+01	 2.767E+02	-1.886E-01	 2.804E+02	 3.312E+00	 5.741E+00
    6.7000	 1.198E+01	-1.537E-01	 0.000E+00	 2.173E+00	-1.371E-01	 2.009E+01	-2.103E+00	 5.053E+00	-1.084E+00	 2.600E+00	 3.161E+00	 3.157E+00	 2.777E+02	 8.585E+01	 1.737E+01	-1.583E+02	 1.658E+03	-2.541E+02	-6.467E+01	 2.681E+02	 1.559E+00	 2.671E+02	 2.166E+00	 5.724E+00
    6.7500	 1.201E+01	-1.774E-01	 0.000E+00	 2.195E+00	-1.545E-01	 2.073E+01	-2.023E+00	 5.266E+00	-1.097E+00	 2.600E+00	 3.190E+00	 3.190E+00	 2.807E+02	 8.629E+01	 1.415E+01	-1.175E+02	 1.671E+03	-2.599E+02	-3.799E+01	 2.588E+02	 2.987E+00	 2.541E+02	 1.611E+00	 5.711E+00
    6.8000	 1.203E+01	-2.012E-01	 0.000E+00	 2.215E+00	-1.730E-01	 2.127E+01	-1.936E+00	 5.468E+00	-1.102E+00	 2.600E+00	 3.314E+00	 3.329E+00	 2.928E+02	 8.651E+01	 1.059E+01	-7.286E+01	 1.681E+03	-2.631E+02	-1.045E+01	 2.490E+02	 3.573E+00	 2.419E+02	 2.817E+00	 5.700E+00
    6.8500	 1.206E+01	-2.284E-01	 0.000E+00	 2.232E+00	-1.921E-01	 2.160E+01	-1.887E+00	 5.650E+00	-1.099E+00	 2.600E+00	 3.511E+00	 3.509E+00	 3.087E+02	 8.653E+01	 6.799E+00	-2.591E+01	 1.687E+03	-2.635E+02	 1.760E+01	 2.390E+02	 3.421E+00	 2.302E+02	 5.478E+00	 5.692E+00
    6.9000	 1.210E+01	-2.557E-01	 0.000E+00	 2.246E+00	-2.114E-01	 2.189E+01	-1.867E+00	 5.770E+00	-1.091E+00	 2.600E+00	 3.728E+00	 3.726E+00	 3.278E+02	 8.638E+01	 2.847E+00	 2.252E+01	 1.691E+03	-2.608E+02	 4.563E+01	 2.292E+02	 3.161E+00	 2.186E+02	 8.078E+00	 5.685E+00
    6.9500	 1.213E+01	-2.863E-01	 0.000E+00	 2.257E+00	-2.306E-01	 2.237E+01	-1.870E+00	 5.832E+00	-1.082E+00	 2.600E+00	 3.877E+00	 3.884E+00	 3.417E+02	 8.619E+01	-1.179E+00	 7.149E+01	 1.692E+03	-2.550E+02	 7.306E+01	 2.201E+02	 3.385E+00	 2.066E+02	 9.157E+00	 5.682E+00
    7.0000	 1.216E+01	-3.170E-01	 0.000E+00	 2.263E+00	-2.493E-01	 2.307E+01	-1.928E+00	 5.849E+00	-1.068E+00	 2.600E+00	 3.856E+00	 3.861E+00	 3.396E+02	 8.599E+01	-5.243E+00	 1.203E+02	 1.692E+03	-2.463E+02	 9.954E+01	 2.117E+02	 4.186E+00	 1.945E+02	 8.409E+00	 5.683E+00
    7.0500	 1.220E+01	-3.511E-01	 0.000E+00	 2.265E+00	-2.672E-01	 2.381E+01	-2.053E+00	 5.859E+00	-1.048E+00	 2.600E+00	 3.679E+00	 3.683E+00	 3.239E+02	 8.579E+01	-9.343E+00	 1.687E+02	 1.691E+03	-2.347E+02	 1.249E+02	 2.040E+02	 5.142E+00	 1.832E+02	 6.802E+00	 5.691E+00
    7.1000	 1.224E+01	-3.854E-01	 0.000E+00	 2.265E+00	-2.845E-01	 2.442E+01	-2.208E+00	 5.854E+00	-1.021E+00	 2.600E+00	 3.478E+00	 3.474E+00	 3.056E+02	 8.554E+01	-1.347E+01	 2.169E+02	 1.688E+03	-2.204E+02	 1.491E+02	 1.968E+02	 5.668E+00	 1.734E+02	 5.757E+00	 5.703E+00
    7.1500	 1.228E+01	-4.230E-01	 0.000E+00	 2.263E+00	-3.016E-01	 2.480E+01	-2.299E+00	 5.832E+00	-9.930E-01	 2.600E+00	 3.420E+00	 3.415E+00	 3.004E+02	 8.523E+01	-1.763E+01	 2.652E+02	 1.684E+03	-2.035E+02	 1.720E+02	 1.903E+02	 5.473E+00	 1.654E+02	 6.040E+00	 5.725E+00
    7.2000	 1.232E+01	-4.607E-01	 0.000E+00	 2.260E+00	-3.187E-01	 2.504E+01	-2.264E+00	 5.767E+00	-9.713E-01	 2.600E+00	 3.541E+00	 3.538E+00	 3.112E+02	 8.490E+01	-2.176E+01	 3.135E+02	 1.678E+03	-1.839E+02	 1.931E+02	 1.846E+02	 4.730E+00	 1.591E+02	 7.282E+00	 5.754E+00
    7.2500	 1.236E+01	-5.020E-01	 0.000E+00	 2.255E+00	-3.356E-01	 2.525E+01	-2.094E+00	 5.680E+00	-9.673E-01	 2.600E+00	 3.779E+00	 3.789E+00	 3.333E+02	 8.463E+01	-2.577E+01	 3.609E+02	 1.673E+03	-1.620E+02	 2.120E+02	 1.800E+02	 3.890E+00	 1.540E+02	 8.356E+00	 5.796E+00
    7.3000	 1.241E+01	-5.436E-01	 0.000E+00	 2.248E+00	-3.517E-01	 2.546E+01	-1.895E+00	 5.593E+00	-9.828E-01	 2.600E+00	 3.929E+00	 3.927E+00	 3.454E+02	 8.448E+01	-2.959E+01	 4.059E+02	 1.669E+03	-1.382E+02	 2.283E+02	 1.768E+02	 3.322E+00	 1.499E+02	 8.259E+00	 5.848E+00
    7.3500	 1.245E+01	-5.886E-01	 0.000E+00	 2.241E+00	-3.662E-01	 2.564E+01	-1.797E+00	 5.541E+00	-1.002E+00	 2.600E+00	 3.769E+00	 3.773E+00	 3.319E+02	 8.448E+01	-3.317E+01	 4.473E+02	 1.665E+03	-1.128E+02	 2.419E+02	 1.751E+02	 3.140E+00	 1.467E+02	 6.759E+00	 5.916E+00
    7.4000	 1.250E+01	-6.340E-01	 0.000E+00	 2.234E+00	-3.789E-01	 2.570E+01	-1.783E+00	 5.516E+00	-1.021E+00	 2.600E+00	 3.471E+00	 3.467E+00	 3.050E+02	 8.456E+01	-3.644E+01	 4.844E+02	 1.663E+03	-8.609E+01	 2.525E+02	 1.746E+02	 3.086E+00	 1.451E+02	 4.562E+00	 5.992E+00
    7.4500	 1.255E+01	-6.827E-01	 0.000E+00	 2.227E+00	-3.923E-01	 2.510E+01	-1.765E+00	 5.321E+00	-1.021E+00	 2.666E+00	 3.207E+00	 3.689E+00	 3.245E+02	 8.442E+01	-3.928E+01	 5.162E+02	 1.660E+03	-5.833E+01	 2.601E+02	 1.751E+02	 2.891E+00	 1.455E+02	 2.673E+00	 6.082E+00
    7.5000	 1.260E+01	-7.318E-01	 0.000E+00	 2.220E+00	-4.040E-01	 2.446E+01	-1.788E+00	 5.247E+00	-1.044E+00	 2.752E+00	 3.302E+00	 3.728E+00	 3.279E+02	 8.465E+01	-4.171E+01	 5.419E+02	 1.659E+03	-2.971E+01	 2.647E+02	 1.768E+02	 2.024E+00	 1.480E+02	 2.012E+00	 6.177E+00
    7.5500	 1.265E+01	-7.846E-01	 0.000E+00	 2.211E+00	-4.133E-01	 2.413E+01	-1.987E+00	 5.159E+00	-1.052E+00	 2.841E+00	 3.288E+00	 3.726E+00	 3.278E+02	 8.500E+01	-4.375E+01	 5.621E+02	 1.659E+03	-5.605E-01	 2.662E+02	 1.795E+02	 6.742E-01	 1.525E+02	 2.253E+00	 6.290E+00
    7.6000	 1.270E+01	-8.378E-01	 0.000E+00	 2.201E+00	-4.207E-01	 2.389E+01	-2.163E+00	 5.120E+00	-1.056E+00	 2.932E+00	 3.302E+00	 3.752E+00	 3.300E+02	 8.535E+01	-4.536E+01	 5.775E+02	 1.658E+03	 2.857E+01	 2.642E+02	 1.835E+02	-6.716E-01	 1.583E+02	 2.340E+00	 6.414E+00
    7.6500	 1.275E+01	-8.945E-01	 0.000E+00	 2.190E+00	-4.268E-01	 2.362E+01	-2.196E+00	 5.167E+00	-1.064E+00	 3.026E+00	 3.402E+00	 3.867E+00	 3.402E+02	 8.572E+01	-4.653E+01	 5.885E+02	 1.656E+03	 5.716E+01	 2.591E+02	 1.886E+02	-1.585E+00	 1.651E+02	 1.358E+00	 6.559E+00
    7.7000	 1.281E+01	-9.516E-01	 0.000E+00	 2.178E+00	-4.315E-01	 2.336E+01	-2.144E+00	 5.255E+00	-1.073E+00	 3.124E+00	 3.483E+00	 3.970E+00	 3.493E+02	 8.607E+01	-4.725E+01	 5.948E+02	 1.655E+03	 8.484E+01	 2.508E+02	 1.949E+02	-2.063E+00	 1.728E+02	-7.007E-01	 6.717E+00
    7.7500	 1.287E+01	-1.012E+00	 0.000E+00	 2.166E+00	-4.344E-01	 2.319E+01	-2.126E+00	 5.335E+00	-1.081E+00	 3.227E+00	 3.437E+00	 3.948E+00	 3.473E+02	 8.642E+01	-4.755E+01	 5.960E+02	 1.653E+03	 1.114E+02	 2.396E+02	 2.020E+02	-2.457E+00	 1.817E+02	-3.015E+00	 6.895E+00
    7.8000	 1.292E+01	-1.074E+00	 0.000E+00	 2.154E+00	-4.353E-01	 2.305E+01	-2.171E+00	 5.374E+00	-1.084E+00	 3.330E+00	 3.312E+00	 3.826E+00	 3.366E+02	 8.680E+01	-4.742E+01	 5.919E+02	 1.652E+03	 1.367E+02	 2.255E+02	 2.098E+02	-3.132E+00	 1.919E+02	-4.663E+00	 7.082E+00
    7.8500	 1.298E+01	-1.139E+00	 0.000E+00	 2.143E+00	-4.344E-01	 2.288E+01	-2.206E+00	 5.399E+00	-1.086E+00	 3.434E+00	 3.273E+00	 3.787E+00	 3.331E+02	 8.718E+01	-4.685E+01	 5.827E+02	 1.651E+03	 1.603E+02	 2.087E+02	 2.180E+02	-4.162E+00	 2.031E+02	-5.323E+00	 7.285E+00
    7.9000	 1.304E+01	-1.204E+00	 0.000E+00	 2.132E+00	-4.319E-01	 2.262E+01	-2.168E+00	 5.416E+00	-1.087E+00	 3.539E+00	 3.416E+00	 3.944E+00	 3.469E+02	 8.756E+01	-4.581E+01	 5.684E+02	 1.650E+03	 1.820E+02	 1.894E+02	 2.266E+02	-5.320E+00	 2.150E+02	-5.410E+00	 7.495E+00
    7.9500	 1.310E+01	-1.274E+00	 0.000E+00	 2.123E+00	-4.279E-01	 2.234E+01	-2.102E+00	 5.430E+00	-1.091E+00	 3.649E+00	 3.656E+00	 4.228E+00	 3.719E+02	 8.788E+01	-4.427E+01	 5.487E+02	 1.649E+03	 2.013E+02	 1.678E+02	 2.355E+02	-6.292E+00	 2.270E+02	-5.650E+00	 7.718E+00
    8.0000	 1.316E+01	-1.343E+00	 0.000E+00	 2.114E+00	-4.219E-01	 2.210E+01	-2.110E+00	 5.409E+00	-1.096E+00	 3.767E+00	 3.826E+00	 4.440E+00	 3.906E+02	 8.817E+01	-4.225E+01	 5.229E+02	 1.648E+03	 2.179E+02	 1.442E+02	 2.447E+02	-6.907E+00	 2.388E+02	-6.500E+00	 7.948E+00
    8.0500	 1.323E+01	-1.417E+00	 0.000E+00	 2.105E+00	-4.138E-01	 2.194E+01	-2.250E+00	 5.359E+00	-1.107E+00	 3.890E+00	 3.856E+00	 4.474E+00	 3.936E+02	 8.847E+01	-3.979E+01	 4.914E+02	 1.648E+03	 2.318E+02	 1.190E+02	 2.540E+02	-7.211E+00	 2.502E+02	-7.865E+00	 8.191E+00
    8.1000	 1.329E+01	-1.491E+00	 0.000E+00	 2.096E+00	-4.037E-01	 2.186E+01	-2.480E+00	 5.280E+00	-1.119E+00	 4.016E+00	 3.788E+00	 4.410E+00	 3.880E+02	 8.865E+01	-3.693E+01	 4.548E+02	 1.646E+03	 2.428E+02	 9.245E+01	 2.631E+02	-7.396E+00	 2.613E+02	-9.222E+00	 8.440E+00
    8.1500	 1.336E+01	-1.569E+00	 0.000E+00	 2.087E+00	-3.921E-01	 2.187E+01	-2.678E+00	 5.198E+00	-1.138E+00	 4.143E+00	 3.814E+00	 4.445E+00	 3.910E+02	 8.872E+01	-3.373E+01	 4.146E+02	 1.643E+03	 2.510E+02	 6.485E+01	 2.717E+02	-7.644E+00	 2.722E+02	-1.002E+01	 8.702E+00
    8.2000	 1.342E+01	-1.648E+00	 0.000E+00	 2.077E+00	-3.797E-01	 2.193E+01	-2.778E+00	 5.104E+00	-1.165E+00	 4.273E+00	 4.021E+00	 4.682E+00	 4.118E+02	 8.868E+01	-3.022E+01	 3.714E+02	 1.639E+03	 2.561E+02	 3.650E+01	 2.798E+02	-8.020E+00	 2.827E+02	-1.003E+01	 8.966E+00
    8.2500	 1.349E+01	-1.731E+00	 0.000E+00	 2.066E+00	-3.667E-01	 2.208E+01	-2.805E+00	 4.994E+00	-1.203E+00	 4.410E+00	 4.346E+00	 5.064E+00	 4.454E+02	 8.856E+01	-2.645E+01	 3.257E+02	 1.634E+03	 2.581E+02	 7.742E+00	 2.873E+02	-8.431E+00	 2.925E+02	-9.495E+00	 9.241E+00
    8.3000	 1.355E+01	-1.814E+00	 0.000E+00	 2.055E+00	-3.530E-01	 2.227E+01	-2.841E+00	 4.856E+00	-1.255E+00	 4.556E+00	 4.642E+00	 5.412E+00	 4.761E+02	 8.840E+01	-2.245E+01	 2.773E+02	 1.629E+03	 2.570E+02	-2.103E+01	 2.941E+02	-8.703E+00	 3.013E+02	-8.908E+00	 9.514E+00
    8.3500	 1.362E+01	-1.901E+00	 0.000E+00	 2.044E+00	-3.383E-01	 2.249E+01	-2.944E+00	 4.703E+00	-1.318E+00	 4.709E+00	 4.795E+00	 5.617E+00	 4.941E+02	 8.821E+01	-1.827E+01	 2.264E+02	 1.624E+03	 2.528E+02	-4.942E+01	 3.001E+02	-8.678E+00	 3.089E+02	-8.694E+00	 9.795E+00
    8.4000	 1.369E+01	-1.989E+00	 0.000E+00	 2.033E+00	-3.229E-01	 2.269E+01	-3.093E+00	 4.544E+00	-1.394E+00	 4.869E+00	 4.852E+00	 5.701E+00	 5.015E+02	 8.798E+01	-1.394E+01	 1.736E+02	 1.618E+03	 2.455E+02	-7.710E+01	 3.054E+02	-8.337E+00	 3.151E+02	-8.902E+00	 1.007E+01
    8.4500	 1.376E+01	-2.081E+00	 0.000E+00	 2.021E+00	-3.072E-01	 2.289E+01	-3.231E+00	 4.406E+00	-1.483E+00	 5.032E+00	 4.939E+00	 5.814E+00	 5.114E+02	 8.770E+01	-9.516E+00	 1.195E+02	 1.612E+03	 2.352E+02	-1.038E+02	 3.098E+02	-7.806E+00	 3.201E+02	-9.186E+00	 1.035E+01
    8.5000	 1.383E+01	-2.174E+00	 0.000E+00	 2.010E+00	-2.914E-01	 2.307E+01	-3.333E+00	 4.286E+00	-1.577E+00	 5.200E+00	 5.124E+00	 6.045E+00	 5.318E+02	 8.739E+01	-5.028E+00	 6.512E+01	 1.605E+03	 2.221E+02	-1.292E+02	 3.131E+02	-7.293E+00	 3.241E+02	-9.045E+00	 1.063E+01
    8.5500	 1.390E+01	-2.271E+00	 0.000E+00	 2.000E+00	-2.760E-01	 2.325E+01	-3.417E+00	 4.179E+00	-1.675E+00	 5.374E+00	 5.401E+00	 6.376E+00	 5.608E+02	 8.708E+01	-5.290E-01	 1.071E+01	 1.600E+03	 2.062E+02	-1.532E+02	 3.152E+02	-6.930E+00	 3.270E+02	-8.219E+00	 1.092E+01
    8.6000	 1.397E+01	-2.368E+00	 0.000E+00	 1.990E+00	-2.609E-01	 2.338E+01	-3.525E+00	 4.081E+00	-1.771E+00	 5.556E+00	 5.686E+00	 6.714E+00	 5.906E+02	 8.680E+01	 3.928E+00	-4.329E+01	 1.595E+03	 1.878E+02	-1.754E+02	 3.162E+02	-6.676E+00	 3.286E+02	-6.886E+00	 1.120E+01
    8.6500	 1.404E+01	-2.470E+00	 0.000E+00	 1.982E+00	-2.465E-01	 2.346E+01	-3.664E+00	 4.030E+00	-1.871E+00	 5.747E+00	 5.962E+00	 7.023E+00	 6.177E+02	 8.654E+01	 8.299E+00	-9.643E+01	 1.591E+03	 1.669E+02	-1.955E+02	 3.162E+02	-6.350E+00	 3.289E+02	-5.551E+00	 1.149E+01
    8.7000	 1.411E+01	-2.572E+00	 0.000E+00	 1.975E+00	-2.330E-01	 2.343E+01	-3.852E+00	 3.966E+00	-1.963E+00	 5.945E+00	 6.102E+00	 7.221E+00	 6.352E+02	 8.628E+01	 1.250E+01	-1.477E+02	 1.588E+03	 1.439E+02	-2.131E+02	 3.152E+02	-5.797E+00	 3.274E+02	-4.633E+00	 1.177E+01
    8.7500	 1.418E+01	-2.678E+00	 0.000E+00	 1.969E+00	-2.208E-01	 2.261E+01	-4.017E+00	 4.020E+00	-2.058E+00	 6.149E+00	 6.215E+00	 7.349E+00	 6.464E+02	 8.600E+01	 1.648E+01	-1.963E+02	 1.585E+03	 1.191E+02	-2.281E+02	 3.132E+02	-4.996E+00	 3.244E+02	-4.209E+00	 1.206E+01
    8.8000	 1.425E+01	-2.786E+00	 0.000E+00	 1.963E+00	-2.101E-01	 2.391E+01	-4.176E+00	 3.910E+00	-2.149E+00	 6.357E+00	 6.403E+00	 7.588E+00	 6.675E+02	 8.597E+01	 2.016E+01	-2.411E+02	 1.584E+03	 9.286E+01	-2.402E+02	 3.103E+02	-4.076E+00	 3.202E+02	-3.958E+00	 1.235E+01
    8.8500	 1.432E+01	-2.897E+00	 0.000E+00	 1.959E+00	-2.015E-01	 2.344E+01	-4.226E+00	 4.046E+00	-2.222E+00	 6.573E+00	 6.516E+00	 7.770E+00	 6.835E+02	 8.567E+01	 2.349E+01	-2.815E+02	 1.581E+03	 6.525E+01	-2.493E+02	 3.061E+02	-3.295E+00	 3.150E+02	-3.382E+00	 1.264E+01
    8.9000	 1.439E+01	-3.009E+00	 0.000E+00	 1.956E+00	-1.949E-01	 2.266E+01	-4.277E+00	 4.248E+00	-2.284E+00	 6.793E+00	 6.633E+00	 7.912E+00	 6.959E+02	 8.542E+01	 2.643E+01	-3.172E+02	 1.579E+03	 3.662E+01	-2.552E+02	 3.009E+02	-2.748E+00	 3.089E+02	-2.298E+00	 1.293E+01
    8.9500	 1.446E+01	-3.125E+00	 0.000E+00	 1.952E+00	-1.903E-01	 2.249E+01	-4.339E+00	 4.380E+00	-2.332E+00	 7.019E+00	 6.798E+00	 8.122E+00	 7.145E+02	 8.517E+01	 2.899E+01	-3.481E+02	 1.577E+03	 7.338E+00	-2.580E+02	 2.948E+02	-2.321E+00	 3.018E+02	-9.652E-01	 1.323E+01
    9.0000	 1.453E+01	-3.243E+00	 0.000E+00	 1.948E+00	-1.877E-01	 2.266E+01	-4.398E+00	 4.458E+00	-2.370E+00	 7.251E+00	 6.986E+00	 8.407E+00	 7.395E+02	 8.502E+01	 3.112E+01	-3.738E+02	 1.576E+03	-2.223E+01	-2.573E+02	 2.880E+02	-1.858E+00	 2.936E+02	 1.971E-01	 1.353E+01
    9.0500	 1.461E+01	-3.363E+00	 0.000E+00	 1.943E+00	-1.871E-01	 2.258E+01	-4.470E+00	 4.594E+00	-2.394E+00	 7.490E+00	 7.103E+00	 8.524E+00	 7.498E+02	 8.482E+01	 3.278E+01	-3.941E+02	 1.574E+03	-5.163E+01	-2.532E+02	 2.806E+02	-1.326E+00	 2.843E+02	 9.626E-01	 1.384E+01
    9.1000	 1.468E+01	-3.485E+00	 0.000E+00	 1.936E+00	-1.883E-01	 2.213E+01	-4.568E+00	 4.817E+00	-2.395E+00	 7.734E+00	 7.055E+00	 8.507E+00	 7.483E+02	 8.442E+01	 3.394E+01	-4.086E+02	 1.570E+03	-8.045E+01	-2.457E+02	 2.726E+02	-7.179E-01	 2.739E+02	 1.309E+00	 1.415E+01
    9.1500	 1.475E+01	-3.611E+00	 0.000E+00	 1.928E+00	-1.915E-01	 2.172E+01	-4.639E+00	 5.029E+00	-2.381E+00	 7.980E+00	 7.007E+00	 8.461E+00	 7.443E+02	 8.388E+01	 3.460E+01	-4.168E+02	 1.562E+03	-1.083E+02	-2.349E+02	 2.642E+02	-1.234E-01	 2.631E+02	 1.464E+00	 1.447E+01
    9.2000	 1.482E+01	-3.738E+00	 0.000E+00	 1.916E+00	-1.967E-01	 2.163E+01	-4.661E+00	 5.174E+00	-2.350E+00	 8.228E+00	 7.000E+00	 8.491E+00	 7.469E+02	 8.325E+01	 3.474E+01	-4.182E+02	 1.553E+03	-1.350E+02	-2.210E+02	 2.552E+02	 3.298E-01	 2.521E+02	 1.741E+00	 1.479E+01
    9.2500	 1.489E+01	-3.869E+00	 0.000E+00	 1.899E+00	-2.038E-01	 2.175E+01	-4.628E+00	 5.297E+00	-2.306E+00	 8.479E+00	 7.054E+00	 8.559E+00	 7.529E+02	 8.256E+01	 3.434E+01	-4.130E+02	 1.542E+03	-1.601E+02	-2.040E+02	 2.459E+02	 5.457E-01	 2.411E+02	 2.315E+00	 1.513E+01
    9.3000	 1.496E+01	-4.001E+00	 0.000E+00	 1.880E+00	-2.126E-01	 2.181E+01	-4.571E+00	 5.450E+00	-2.247E+00	 8.735E+00	 7.053E+00	 8.576E+00	 7.544E+02	 8.168E+01	 3.340E+01	-4.012E+02	 1.528E+03	-1.833E+02	-1.840E+02	 2.365E+02	 5.480E-01	 2.301E+02	 3.058E+00	 1.547E+01
    9.3500	 1.503E+01	-4.137E+00	 0.000E+00	 1.856E+00	-2.228E-01	 2.167E+01	-4.505E+00	 5.580E+00	-2.174E+00	 8.993E+00	 6.947E+00	 8.504E+00	 7.481E+02	 8.073E+01	 3.189E+01	-3.828E+02	 1.510E+03	-2.040E+02	-1.613E+02	 2.271E+02	 4.613E-01	 2.190E+02	 3.627E+00	 1.582E+01
    9.4000	 1.509E+01	-4.274E+00	 0.000E+00	 1.828E+00	-2.343E-01	 2.156E+01	-4.408E+00	 5.638E+00	-2.095E+00	 9.253E+00	 6.779E+00	 8.360E+00	 7.354E+02	 7.963E+01	 2.988E+01	-3.584E+02	 1.490E+03	-2.219E+02	-1.362E+02	 2.180E+02	 4.147E-01	 2.078E+02	 3.721E+00	 1.618E+01
    9.4500	 1.516E+01	-4.415E+00	 0.000E+00	 1.795E+00	-2.469E-01	 2.159E+01	-4.271E+00	 5.627E+00	-2.008E+00	 9.514E+00	 6.583E+00	 8.178E+00	 7.194E+02	 7.839E+01	 2.739E+01	-3.282E+02	 1.467E+03	-2.368E+02	-1.091E+02	 2.091E+02	 4.165E-01	 1.969E+02	 3.323E+00	 1.655E+01
    9.5000	 1.523E+01	-4.556E+00	 0.000E+00	 1.758E+00	-2.602E-01	 2.169E+01	-4.084E+00	 5.591E+00	-1.920E+00	 9.774E+00	 6.430E+00	 7.992E+00	 7.030E+02	 7.706E+01	 2.447E+01	-2.928E+02	 1.442E+03	-2.485E+02	-8.031E+01	 2.006E+02	 3.644E-01	 1.867E+02	 2.680E+00	 1.693E+01
    9.5500	 1.529E+01	-4.702E+00	 0.000E+00	 1.717E+00	-2.741E-01	 2.155E+01	-3.868E+00	 5.520E+00	-1.834E+00	 1.003E+01	 6.325E+00	 7.825E+00	 6.883E+02	 7.612E+01	 2.106E+01	-2.524E+02	 1.418E+03	-2.567E+02	-5.010E+01	 1.923E+02	 1.043E-01	 1.776E+02	 2.120E+00	 1.733E+01
    9.6000	 1.536E+01	-4.849E+00	 0.000E+00	 1.673E+00	-2.883E-01	 2.161E+01	-3.729E+00	 5.417E+00	-1.726E+00	 1.029E+01	 5.980E+00	 7.562E+00	 6.652E+02	 7.433E+01	 1.739E+01	-2.086E+02	 1.387E+03	-2.613E+02	-1.912E+01	 1.845E+02	-4.061E-01	 1.691E+02	 1.801E+00	 1.773E+01
    9.6500	 1.542E+01	-4.998E+00	 0.000E+00	 1.626E+00	-3.026E-01	 2.149E+01	-3.530E+00	 5.265E+00	-1.627E+00	 1.055E+01	 5.767E+00	 7.322E+00	 6.441E+02	 7.282E+01	 1.337E+01	-1.611E+02	 1.357E+03	-2.622E+02	 1.240E+01	 1.773E+02	-1.085E+00	 1.615E+02	 1.516E+00	 1.814E+01
    9.7000	 1.549E+01	-5.150E+00	 0.000E+00	 1.576E+00	-3.171E-01	 2.128E+01	-3.302E+00	 5.078E+00	-1.528E+00	 1.081E+01	 5.524E+00	 7.110E+00	 6.254E+02	 7.141E+01	 9.089E+00	-1.108E+02	 1.326E+03	-2.592E+02	 4.388E+01	 1.708E+02	-1.783E+00	 1.546E+02	 9.675E-01	 1.855E+01
    9.7500	 1.555E+01	-5.304E+00	 0.000E+00	 1.525E+00	-3.315E-01	 2.104E+01	-3.007E+00	 4.875E+00	-1.425E+00	 1.107E+01	 5.299E+00	 6.883E+00	 6.055E+02	 7.012E+01	 4.633E+00	-5.843E+01	 1.295E+03	-2.523E+02	 7.480E+01	 1.649E+02	-2.419E+00	 1.484E+02	-9.814E-03	 1.898E+01
    9.8000	 1.561E+01	-5.460E+00	 0.000E+00	 1.472E+00	-3.454E-01	 2.072E+01	-2.711E+00	 4.652E+00	-1.320E+00	 1.133E+01	 4.971E+00	 6.521E+00	 5.736E+02	 6.899E+01	 5.101E-02	-4.997E+00	 1.265E+03	-2.415E+02	 1.047E+02	 1.596E+02	-3.047E+00	 1.429E+02	-1.311E+00	 1.941E+01
    9.8500	 1.567E+01	-5.619E+00	 0.000E+00	 1.418E+00	-3.585E-01	 2.032E+01	-2.460E+00	 4.416E+00	-1.216E+00	 1.158E+01	 4.494E+00	 6.038E+00	 5.311E+02	 6.800E+01	-4.593E+00	 4.871E+01	 1.236E+03	-2.271E+02	 1.331E+02	 1.549E+02	-3.741E+00	 1.383E+02	-2.696E+00	 1.984E+01
    9.9000	 1.573E+01	-5.780E+00	 0.000E+00	 1.364E+00	-3.710E-01	 1.985E+01	-2.201E+00	 4.167E+00	-1.120E+00	 1.183E+01	 4.058E+00	 5.543E+00	 4.876E+02	 6.711E+01	-9.212E+00	 1.020E+02	 1.208E+03	-2.092E+02	 1.596E+02	 1.507E+02	-4.536E+00	 1.345E+02	-3.953E+00	 2.029E+01
    9.9500	 1.579E+01	-5.943E+00	 0.000E+00	 1.311E+00	-3.828E-01	 1.922E+01	-1.909E+00	 3.920E+00	-1.027E+00	 1.207E+01	 3.696E+00	 5.141E+00	 4.522E+02	 6.636E+01	-1.375E+01	 1.545E+02	 1.182E+03	-1.880E+02	 1.837E+02	 1.472E+02	-5.422E+00	 1.314E+02	-5.012E+00	 2.074E+01
   10.0000	 1.585E+01	-6.108E+00	 0.000E+00	 1.259E+00	-3.939E-01	 1.851E+01	-1.568E+00	 3.681E+00	-9.383E-01	 1.231E+01	 3.391E+00	 4.835E+00	 4.253E+02	 6.565E+01	-1.814E+01	 2.052E+02	 1.156E+03	-1.638E+02	 2.051E+02	 1.442E+02	-6.348E+00	 1.290E+02	-5.924E+00	 2.119E+01
   10.0500	 1.590E+01	-6.276E+00	 0.000E+00	 1.208E+00	-4.030E-01	 1.813E+01	-1.211E+00	 3.624E+00	-8.691E-01	 1.250E+01	 3.304E+00	 4.343E+00	 3.820E+02	 6.523E+01	-2.231E+01	 2.532E+02	 1.133E+03	-1.372E+02	 2.234E+02	 1.417E+02	-7.314E+00	 1.273E+02	-6.774E+00	 2.166E+01
   10.1000	 1.596E+01	-6.445E+00	 0.000E+00	 1.160E+00	-4.110E-01	 1.749E+01	-9.608E-01	 3.494E+00	-7.752E-01	 1.268E+01	 2.928E+00	 3.986E+00	 3.507E+02	 6.481E+01	-2.619E+01	 2.978E+02	 1.111E+03	-1.084E+02	 2.382E+02	 1.399E+02	-8.141E+00	 1.261E+02	-7.772E+00	 2.214E+01
   10.1500	 1.601E+01	-6.617E+00	 0.000E+00	 1.116E+00	-4.179E-01	 1.655E+01	-6.980E-01	 3.401E+00	-6.880E-01	 1.285E+01	 2.617E+00	 3.658E+00	 3.218E+02	 6.451E+01	-2.969E+01	 3.379E+02	 1.092E+03	-7.800E+01	 2.494E+02	 1.385E+02	-8.857E+00	 1.255E+02	-8.878E+00	 2.264E+01
   10.2000	 1.606E+01	-6.790E+00	 0.000E+00	 1.074E+00	-4.232E-01	 1.565E+01	-5.011E-01	 3.248E+00	-6.100E-01	 1.302E+01	 2.378E+00	 3.363E+00	 2.958E+02	 6.434E+01	-3.274E+01	 3.725E+02	 1.074E+03	-4.640E+01	 2.568E+02	 1.378E+02	-9.524E+00	 1.254E+02	-9.909E+00	 2.314E+01
   10.2500	 1.611E+01	-6.966E+00	 0.000E+00	 1.035E+00	-4.268E-01	 1.476E+01	-3.902E-01	 3.098E+00	-5.311E-01	 1.318E+01	 2.060E+00	 3.047E+00	 2.680E+02	 6.424E+01	-3.534E+01	 4.012E+02	 1.059E+03	-1.411E+01	 2.604E+02	 1.376E+02	-1.022E+01	 1.258E+02	-1.068E+01	 2.365E+01
   10.3000	 1.616E+01	-7.143E+00	 0.000E+00	 9.994E-01	-4.284E-01	 1.357E+01	-3.318E-01	 2.980E+00	-4.526E-01	 1.334E+01	 1.735E+00	 2.697E+00	 2.373E+02	 6.406E+01	-3.742E+01	 4.238E+02	 1.043E+03	 1.839E+01	 2.600E+02	 1.380E+02	-1.096E+01	 1.268E+02	-1.116E+01	 2.415E+01
   10.3500	 1.620E+01	-7.323E+00	 0.000E+00	 9.649E-01	-4.280E-01	 1.225E+01	-2.403E-01	 2.870E+00	-3.790E-01	 1.349E+01	 1.530E+00	 2.448E+00	 2.153E+02	 6.383E+01	-3.898E+01	 4.404E+02	 1.027E+03	 5.059E+01	 2.558E+02	 1.388E+02	-1.164E+01	 1.285E+02	-1.154E+01	 2.465E+01
   10.4000	 1.625E+01	-7.504E+00	 0.000E+00	 9.303E-01	-4.253E-01	 1.112E+01	-1.261E-01	 2.744E+00	-3.120E-01	 1.364E+01	 1.430E+00	 2.317E+00	 2.038E+02	 6.353E+01	-4.000E+01	 4.509E+02	 1.009E+03	 8.199E+01	 2.477E+02	 1.399E+02	-1.217E+01	 1.308E+02	-1.198E+01	 2.515E+01
   10.4500	 1.629E+01	-7.687E+00	 0.000E+00	 8.946E-01	-4.196E-01	 1.032E+01	-4.137E-02	 2.615E+00	-2.445E-01	 1.379E+01	 1.273E+00	 2.204E+00	 1.938E+02	 6.311E+01	-4.049E+01	 4.551E+02	 9.896E+02	 1.121E+02	 2.360E+02	 1.413E+02	-1.257E+01	 1.336E+02	-1.250E+01	 2.564E+01
   10.5000	 1.633E+01	-7.871E+00	 0.000E+00	 8.575E-01	-4.108E-01	 9.509E+00	 8.732E-03	 2.528E+00	-1.814E-01	 1.394E+01	 1.067E+00	 1.945E+00	 1.711E+02	 6.242E+01	-4.041E+01	 4.526E+02	 9.664E+02	 1.405E+02	 2.206E+02	 1.431E+02	-1.291E+01	 1.367E+02	-1.301E+01	 2.612E+01
   10.5500	 1.637E+01	-8.058E+00	 0.000E+00	 8.185E-01	-3.987E-01	 8.745E+00	 3.106E-02	 2.464E+00	-1.114E-01	 1.408E+01	 7.517E-01	 1.659E+00	 1.459E+02	 6.136E+01	-3.978E+01	 4.436E+02	 9.390E+02	 1.667E+02	 2.020E+02	 1.449E+02	-1.318E+01	 1.400E+02	-1.347E+01	 2.660E+01
   10.6000	 1.640E+01	-8.245E+00	 0.000E+00	 7.775E-01	-3.836E-01	 8.160E+00	 1.255E-01	 2.406E+00	-5.483E-02	 1.422E+01	 6.360E-01	 1.463E+00	 1.287E+02	 6.005E+01	-3.855E+01	 4.282E+02	 9.076E+02	 1.904E+02	 1.800E+02	 1.467E+02	-1.337E+01	 1.435E+02	-1.388E+01	 2.708E+01
   10.6500	 1.644E+01	-8.435E+00	 0.000E+00	 7.345E-01	-3.654E-01	 7.590E+00	 2.167E-01	 2.344E+00	 1.886E-03	 1.436E+01	 5.360E-01	 1.304E+00	 1.147E+02	 5.853E+01	-3.678E+01	 4.065E+02	 8.731E+02	 2.112E+02	 1.553E+02	 1.485E+02	-1.352E+01	 1.469E+02	-1.412E+01	 2.755E+01
   10.7000	 1.647E+01	-8.625E+00	 0.000E+00	 6.897E-01	-3.440E-01	 7.099E+00	 2.487E-01	 2.285E+00	 6.713E-02	 1.449E+01	 3.338E-01	 1.100E+00	 9.677E+01	 5.662E+01	-3.447E+01	 3.789E+02	 8.352E+02	 2.286E+02	 1.282E+02	 1.502E+02	-1.365E+01	 1.499E+02	-1.415E+01	 2.802E+01
   10.7500	 1.650E+01	-8.818E+00	 0.000E+00	 6.436E-01	-3.199E-01	 6.687E+00	 2.506E-01	 2.230E+00	 1.366E-01	 1.462E+01	 9.572E-02	 8.483E-01	 7.462E+01	 5.459E+01	-3.170E+01	 3.458E+02	 7.952E+02	 2.423E+02	 9.920E+01	 1.517E+02	-1.372E+01	 1.525E+02	-1.405E+01	 2.849E+01
   10.8000	 1.653E+01	-9.011E+00	 0.000E+00	 5.967E-01	-2.934E-01	 6.309E+00	 2.703E-01	 2.172E+00	 2.053E-01	 1.475E+01	-1.163E-01	 6.277E-01	 5.522E+01	 5.226E+01	-2.847E+01	 3.078E+02	 7.528E+02	 2.523E+02	 6.874E+01	 1.529E+02	-1.365E+01	 1.547E+02	-1.400E+01	 2.896E+01
   10.8500	 1.656E+01	-9.206E+00	 0.000E+00	 5.494E-01	-2.650E-01	 5.883E+00	 3.275E-01	 2.100E+00	 2.697E-01	 1.488E+01	-2.748E-01	 4.400E-01	 3.870E+01	 4.968E+01	-2.481E+01	 2.656E+02	 7.085E+02	 2.582E+02	 3.729E+01	 1.537E+02	-1.341E+01	 1.564E+02	-1.401E+01	 2.943E+01
   10.9000	 1.658E+01	-9.402E+00	 0.000E+00	 5.023E-01	-2.352E-01	 5.432E+00	 3.796E-01	 2.033E+00	 3.306E-01	 1.500E+01	-4.660E-01	 2.548E-01	 2.242E+01	 4.691E+01	-2.083E+01	 2.200E+02	 6.627E+02	 2.602E+02	 5.334E+00	 1.539E+02	-1.309E+01	 1.576E+02	-1.394E+01	 2.989E+01
   10.9500	 1.661E+01	-9.599E+00	 0.000E+00	 4.558E-01	-2.041E-01	 5.027E+00	 4.299E-01	 1.959E+00	 3.840E-01	 1.512E+01	-6.667E-01	 5.714E-02	 5.026E+00	 4.406E+01	-1.659E+01	 1.714E+02	 6.167E+02	 2.581E+02	-2.665E+01	 1.538E+02	-1.276E+01	 1.581E+02	-1.362E+01	 3.034E+01
   11.0000	 1.663E+01	-9.798E+00	 0.000E+00	 4.103E-01	-1.723E-01	 4.718E+00	 4.954E-01	 1.896E+00	 4.225E-01	 1.523E+01	-7.944E-01	-1.196E-01	-1.052E+01	 4.113E+01	-1.214E+01	 1.206E+02	 5.708E+02	 2.521E+02	-5.824E+01	 1.533E+02	-1.244E+01	 1.578E+02	-1.300E+01	 3.079E+01
   11.0500	 1.665E+01	-9.997E+00	 0.000E+00	 3.664E-01	-1.401E-01	 4.421E+00	 5.437E-01	 1.826E+00	 4.542E-01	 1.535E+01	-9.603E-01	-2.575E-01	-2.265E+01	 3.832E+01	-7.582E+00	 6.842E+01	 5.268E+02	 2.425E+02	-8.891E+01	 1.524E+02	-1.213E+01	 1.567E+02	-1.215E+01	 3.124E+01
   11.1000	 1.666E+01	-1.020E+01	 0.000E+00	 3.249E-01	-1.080E-01	 4.183E+00	 6.129E-01	 1.769E+00	 4.621E-01	 1.546E+01	-1.012E+00	-3.536E-01	-3.110E+01	 3.554E+01	-2.927E+00	 1.510E+01	 4.844E+02	 2.291E+02	-1.183E+02	 1.510E+02	-1.178E+01	 1.551E+02	-1.122E+01	 3.169E+01
   11.1500	 1.668E+01	-1.040E+01	 0.000E+00	 2.865E-01	-7.637E-02	 3.927E+00	 6.427E-01	 1.714E+00	 4.638E-01	 1.557E+01	-1.114E+00	-4.608E-01	-4.053E+01	 3.290E+01	 1.729E+00	-3.860E+01	 4.447E+02	 2.125E+02	-1.460E+02	 1.493E+02	-1.139E+01	 1.531E+02	-1.031E+01	 3.213E+01
   11.2000	 1.669E+01	-1.060E+01	 0.000E+00	 2.517E-01	-4.567E-02	 3.714E+00	 6.392E-01	 1.686E+00	 4.550E-01	 1.567E+01	-1.229E+00	-5.570E-01	-4.899E+01	 3.051E+01	 6.324E+00	-9.203E+01	 4.089E+02	 1.927E+02	-1.716E+02	 1.472E+02	-1.096E+01	 1.507E+02	-9.487E+00	 3.257E+01
   11.2500	 1.670E+01	-1.080E+01	 0.000E+00	 2.213E-01	-1.664E-02	 3.588E+00	 5.378E-01	 1.651E+00	 5.088E-01	 1.578E+01	-1.784E+00	-1.015E+00	-8.926E+01	 2.845E+01	 1.067E+01	-1.430E+02	 3.781E+02	 1.716E+02	-1.951E+02	 1.450E+02	-1.055E+01	 1.478E+02	-8.642E+00	 3.301E+01
   11.3000	 1.671E+01	-1.101E+01	 0.000E+00	 1.960E-01	 9.661E-03	 3.693E+00	 7.448E-01	 1.660E+00	 4.846E-01	 1.587E+01	-1.452E+00	-6.917E-01	-6.085E+01	 2.669E+01	 1.500E+01	-1.926E+02	 3.527E+02	 1.466E+02	-2.156E+02	 1.421E+02	-9.905E+00	 1.453E+02	-8.268E+00	 3.345E+01
   11.3500	 1.671E+01	-1.121E+01	 0.000E+00	 1.770E-01	 3.354E-02	 3.037E+00	 8.181E-01	 1.683E+00	 4.713E-01	 1.598E+01	-1.308E+00	-7.807E-01	-6.867E+01	 2.524E+01	 1.909E+01	-2.404E+02	 3.329E+02	 1.193E+02	-2.330E+02	 1.390E+02	-9.515E+00	 1.425E+02	-7.693E+00	 3.390E+01
   11.4000	 1.671E+01	-1.142E+01	 0.000E+00	 1.640E-01	 5.508E-02	 2.935E+00	 6.348E-01	 1.732E+00	 5.020E-01	 1.608E+01	-1.664E+00	-1.119E+00	-9.845E+01	 2.431E+01	 2.277E+01	-2.850E+02	 3.206E+02	 8.999E+01	-2.467E+02	 1.357E+02	-9.389E+00	 1.391E+02	-6.887E+00	 3.434E+01
   11.4500	 1.671E+01	-1.162E+01	 0.000E+00	 1.572E-01	 7.312E-02	 3.265E+00	 4.595E-01	 1.790E+00	 5.553E-01	 1.617E+01	-2.039E+00	-1.514E+00	-1.332E+02	 2.387E+01	 2.603E+01	-3.248E+02	 3.157E+02	 5.911E+01	-2.564E+02	 1.323E+02	-9.366E+00	 1.351E+02	-6.190E+00	 3.478E+01
   11.5000	 1.671E+01	-1.182E+01	 0.000E+00	 1.578E-01	 8.621E-02	 3.513E+00	 4.920E-01	 1.875E+00	 6.156E-01	 1.626E+01	-2.154E+00	-1.631E+00	-1.435E+02	 2.372E+01	 2.885E+01	-3.584E+02	 3.164E+02	 2.726E+01	-2.622E+02	 1.284E+02	-9.223E+00	 1.308E+02	-5.995E+00	 3.522E+01
   11.5500	 1.671E+01	-1.203E+01	 0.000E+00	 1.664E-01	 9.378E-02	 3.482E+00	 6.758E-01	 1.871E+00	 6.952E-01	 1.635E+01	-2.170E+00	-1.710E+00	-1.504E+02	 2.391E+01	 3.113E+01	-3.851E+02	 3.230E+02	-4.931E+00	-2.640E+02	 1.242E+02	-9.040E+00	 1.261E+02	-6.214E+00	 3.567E+01
   11.6000	 1.670E+01	-1.224E+01	 0.000E+00	 1.830E-01	 9.604E-02	 3.456E+00	 8.421E-01	 1.890E+00	 8.073E-01	 1.643E+01	-2.391E+00	-1.894E+00	-1.666E+02	 2.452E+01	 3.279E+01	-4.048E+02	 3.363E+02	-3.693E+01	-2.616E+02	 1.195E+02	-8.956E+00	 1.211E+02	-6.579E+00	 3.612E+01
   11.6500	 1.669E+01	-1.244E+01	 0.000E+00	 2.073E-01	 9.310E-02	 3.708E+00	 9.812E-01	 1.986E+00	 9.304E-01	 1.652E+01	-2.706E+00	-2.252E+00	-1.981E+02	 2.557E+01	 3.381E+01	-4.173E+02	 3.571E+02	-6.828E+01	-2.552E+02	 1.145E+02	-9.055E+00	 1.159E+02	-6.911E+00	 3.657E+01
   11.7000	 1.668E+01	-1.265E+01	 0.000E+00	 2.392E-01	 8.468E-02	 4.017E+00	 1.188E+00	 2.083E+00	 1.037E+00	 1.659E+01	-2.862E+00	-2.565E+00	-2.256E+02	 2.719E+01	 3.418E+01	-4.222E+02	 3.853E+02	-9.853E+01	-2.447E+02	 1.091E+02	-9.254E+00	 1.103E+02	-7.267E+00	 3.702E+01
   11.7500	 1.667E+01	-1.285E+01	 0.000E+00	 2.784E-01	 7.071E-02	 3.770E+00	 1.428E+00	 2.105E+00	 1.138E+00	 1.666E+01	-3.057E+00	-2.699E+00	-2.375E+02	 2.894E+01	 3.387E+01	-4.193E+02	 4.182E+02	-1.272E+02	-2.304E+02	 1.034E+02	-9.463E+00	 1.041E+02	-7.727E+00	 3.746E+01
   11.8000	 1.666E+01	-1.306E+01	 0.000E+00	 3.231E-01	 5.190E-02	 3.533E+00	 1.639E+00	 2.087E+00	 1.226E+00	 1.673E+01	-3.349E+00	-2.863E+00	-2.518E+02	 3.102E+01	 3.283E+01	-4.084E+02	 4.558E+02	-1.539E+02	-2.125E+02	 9.751E+01	-9.755E+00	 9.728E+01	-8.224E+00	 3.792E+01
   11.8500	 1.664E+01	-1.326E+01	 0.000E+00	 3.712E-01	 2.887E-02	 3.482E+00	 1.873E+00	 2.077E+00	 1.293E+00	 1.680E+01	-3.586E+00	-3.235E+00	-2.846E+02	 3.348E+01	 3.109E+01	-3.896E+02	 4.973E+02	-1.783E+02	-1.909E+02	 9.135E+01	-1.019E+01	 8.982E+01	-8.707E+00	 3.836E+01
   11.9000	 1.662E+01	-1.347E+01	 0.000E+00	 4.208E-01	 2.086E-03	 3.500E+00	 2.158E+00	 2.058E+00	 1.347E+00	 1.685E+01	-3.807E+00	-3.468E+00	-3.050E+02	 3.559E+01	 2.880E+01	-3.631E+02	 5.385E+02	-2.000E+02	-1.667E+02	 8.551E+01	-1.063E+01	 8.164E+01	-9.228E+00	 3.882E+01
   11.9500	 1.660E+01	-1.367E+01	 0.000E+00	 4.704E-01	-2.768E-02	 3.450E+00	 2.523E+00	 1.993E+00	 1.371E+00	 1.691E+01	-3.775E+00	-3.473E+00	-3.055E+02	 3.788E+01	 2.592E+01	-3.294E+02	 5.797E+02	-2.186E+02	-1.400E+02	 8.007E+01	-1.111E+01	 7.340E+01	-9.672E+00	 3.928E+01
   12.0000	 1.658E+01	-1.388E+01	 0.000E+00	 5.179E-01	-5.911E-02	 3.387E+00	 2.827E+00	 1.942E+00	 1.374E+00	 1.696E+01	-3.682E+00	-3.369E+00	-2.963E+02	 4.013E+01	 2.253E+01	-2.900E+02	 6.194E+02	-2.343E+02	-1.113E+02	 7.486E+01	-1.170E+01	 6.606E+01	-9.963E+00	 3.973E+01
   12.0500	 1.655E+01	-1.408E+01	 0.000E+00	 5.617E-01	-9.149E-02	 3.589E+00	 3.070E+00	 1.842E+00	 1.410E+00	 1.701E+01	-3.782E+00	-3.970E+00	-3.493E+02	 4.062E+01	 2.049E+01	-2.498E+02	 6.511E+02	-2.480E+02	-8.251E+01	 6.997E+01	-1.248E+01	 6.004E+01	-1.007E+01	 4.019E+01
   12.1000	 1.652E+01	-1.428E+01	 0.000E+00	 6.004E-01	-1.240E-01	 3.585E+00	 3.275E+00	 1.670E+00	 1.415E+00	 1.706E+01	-3.690E+00	-3.502E+00	-3.080E+02	 4.243E+01	 1.635E+01	-2.004E+02	 6.832E+02	-2.575E+02	-5.113E+01	 6.485E+01	-1.299E+01	 5.590E+01	-1.068E+01	 4.064E+01
   12.1500	 1.649E+01	-1.449E+01	 0.000E+00	 6.324E-01	-1.551E-01	 3.581E+00	 3.244E+00	 1.489E+00	 1.433E+00	 1.711E+01	-3.939E+00	-3.561E+00	-3.132E+02	 4.391E+01	 1.184E+01	-1.477E+02	 7.091E+02	-2.632E+02	-1.881E+01	 6.044E+01	-1.373E+01	 5.214E+01	-1.124E+01	 4.109E+01
   12.2000	 1.646E+01	-1.469E+01	 0.000E+00	 6.561E-01	-1.844E-01	 3.778E+00	 3.186E+00	 1.344E+00	 1.443E+00	 1.716E+01	-4.189E+00	-3.935E+00	-3.462E+02	 4.518E+01	 7.063E+00	-9.174E+01	 7.294E+02	-2.649E+02	 1.391E+01	 5.714E+01	-1.462E+01	 4.806E+01	-1.182E+01	 4.154E+01
   12.2500	 1.643E+01	-1.489E+01	 0.000E+00	 6.712E-01	-2.129E-01	 4.369E+00	 3.229E+00	 1.156E+00	 1.572E+00	 1.719E+01	-5.207E+00	-4.499E+00	-3.957E+02	 4.502E+01	 3.742E+00	-3.812E+01	 7.395E+02	-2.632E+02	 4.495E+01	 5.497E+01	-1.534E+01	 4.392E+01	-1.270E+01	 4.200E+01
   12.3000	 1.639E+01	-1.509E+01	 0.000E+00	 6.785E-01	-2.412E-01	 5.186E+00	 3.923E+00	 8.968E-01	 1.550E+00	 1.722E+01	-4.228E+00	-4.314E+00	-3.795E+02	 4.596E+01	-1.191E+00	 2.481E+01	 7.509E+02	-2.563E+02	 7.650E+01	 5.282E+01	-1.575E+01	 4.137E+01	-1.442E+01	 4.247E+01
   12.3500	 1.636E+01	-1.528E+01	 0.000E+00	 6.798E-01	-2.673E-01	 5.449E+00	 4.252E+00	 7.038E-01	 1.590E+00	 1.726E+01	-4.318E+00	-4.185E+00	-3.682E+02	 4.667E+01	-6.347E+00	 8.850E+01	 7.574E+02	-2.455E+02	 1.069E+02	 5.067E+01	-1.631E+01	 4.039E+01	-1.597E+01	 4.294E+01
   12.4000	 1.632E+01	-1.548E+01	 0.000E+00	 6.761E-01	-2.903E-01	 5.434E+00	 4.297E+00	 1.135E-01	 1.648E+00	 1.729E+01	-4.873E+00	-4.568E+00	-4.018E+02	 4.717E+01	-1.146E+01	 1.500E+02	 7.598E+02	-2.313E+02	 1.358E+02	 4.875E+01	-1.725E+01	 4.050E+01	-1.688E+01	 4.342E+01
   12.4500	 1.628E+01	-1.568E+01	 0.000E+00	 6.672E-01	-3.103E-01	 5.508E+00	 4.286E+00	 2.185E-01	 1.671E+00	 1.731E+01	-5.505E+00	-5.459E+00	-4.802E+02	 4.774E+01	-1.641E+01	 2.092E+02	 7.612E+02	-2.131E+02	 1.626E+02	 4.689E+01	-1.850E+01	 4.106E+01	-1.742E+01	 4.390E+01
   12.5000	 1.623E+01	-1.587E+01	 0.000E+00	 6.540E-01	-3.285E-01	 6.091E+00	 4.533E+00	 1.943E-01	 1.715E+00	 1.732E+01	-5.840E+00	-5.884E+00	-5.176E+02	 4.805E+01	-2.100E+01	 2.659E+02	 7.597E+02	-1.918E+02	 1.865E+02	 4.556E+01	-1.941E+01	 4.095E+01	-1.837E+01	 4.438E+01
   12.5500	 1.619E+01	-1.607E+01	 0.000E+00	 6.385E-01	-3.455E-01	 6.110E+00	 5.023E+00	 2.675E-01	 1.749E+00	 1.733E+01	-5.896E+00	-5.835E+00	-5.133E+02	 4.823E+01	-2.524E+01	 3.196E+02	 7.559E+02	-1.678E+02	 2.074E+02	 4.477E+01	-1.989E+01	 3.986E+01	-1.991E+01	 4.488E+01
   12.6000	 1.614E+01	-1.626E+01	 0.000E+00	 6.219E-01	-3.601E-01	 5.463E+00	 5.462E+00	 1.143E-01	 1.752E+00	 1.733E+01	-5.879E+00	-5.876E+00	-5.169E+02	 4.822E+01	-2.903E+01	 3.673E+02	 7.497E+02	-1.415E+02	 2.252E+02	 4.449E+01	-2.022E+01	 3.820E+01	-2.150E+01	 4.537E+01
   12.6500	 1.610E+01	-1.645E+01	 0.000E+00	 6.043E-01	-3.709E-01	 4.766E+00	 5.593E+00	-2.762E-01	 1.745E+00	 1.733E+01	-5.875E+00	-6.040E+00	-5.313E+02	 4.817E+01	-3.235E+01	 4.073E+02	 7.429E+02	-1.136E+02	 2.398E+02	 4.434E+01	-2.061E+01	 3.698E+01	-2.258E+01	 4.583E+01
   12.7000	 1.605E+01	-1.664E+01	 0.000E+00	 5.851E-01	-3.772E-01	 4.305E+00	 5.283E+00	-6.565E-01	 1.769E+00	 1.733E+01	-6.260E+00	-6.234E+00	-5.483E+02	 4.817E+01	-3.529E+01	 4.402E+02	 7.363E+02	-8.403E+01	 2.509E+02	 4.369E+01	-2.114E+01	 3.702E+01	-2.298E+01	 4.629E+01
   12.7500	 1.600E+01	-1.683E+01	 0.000E+00	 5.641E-01	-3.798E-01	 3.904E+00	 4.892E+00	-7.852E-01	 1.773E+00	 1.732E+01	-6.364E+00	-6.436E+00	-5.661E+02	 4.800E+01	-3.772E+01	 4.661E+02	 7.277E+02	-5.315E+01	 2.581E+02	 4.284E+01	-2.168E+01	 3.787E+01	-2.290E+01	 4.672E+01
   12.8000	 1.595E+01	-1.701E+01	 0.000E+00	 5.407E-01	-3.796E-01	 3.053E+00	 4.559E+00	-7.645E-01	 1.795E+00	 1.731E+01	-6.486E+00	-6.589E+00	-5.796E+02	 4.766E+01	-3.979E+01	 4.879E+02	 7.155E+02	-2.162E+01	 2.617E+02	 4.247E+01	-2.205E+01	 3.829E+01	-2.274E+01	 4.713E+01
   12.8500	 1.589E+01	-1.720E+01	 0.000E+00	 5.138E-01	-3.769E-01	 2.022E+00	 4.446E+00	-7.725E-01	 1.802E+00	 1.729E+01	-6.280E+00	-6.276E+00	-5.521E+02	 4.733E+01	-4.159E+01	 5.065E+02	 7.011E+02	 1.011E+01	 2.616E+02	 4.304E+01	-2.204E+01	 3.774E+01	-2.280E+01	 4.753E+01
   12.9000	 1.584E+01	-1.738E+01	 0.000E+00	 4.824E-01	-3.713E-01	 1.308E+00	 4.392E+00	-9.164E-01	 1.795E+00	 1.728E+01	-5.995E+00	-6.041E+00	-5.314E+02	 4.727E+01	-4.314E+01	 5.216E+02	 6.859E+02	 4.161E+01	 2.584E+02	 4.445E+01	-2.190E+01	 3.680E+01	-2.275E+01	 4.793E+01
   12.9500	 1.578E+01	-1.756E+01	 0.000E+00	 4.462E-01	-3.620E-01	 1.015E+00	 4.211E+00	-9.524E-01	 1.772E+00	 1.726E+01	-5.865E+00	-5.941E+00	-5.226E+02	 4.745E+01	-4.438E+01	 5.319E+02	 6.700E+02	 7.269E+01	 2.520E+02	 4.614E+01	-2.182E+01	 3.689E+01	-2.230E+01	 4.831E+01
   13.0000	 1.573E+01	-1.774E+01	 0.000E+00	 4.055E-01	-3.493E-01	 7.016E-01	 3.757E+00	-8.007E-01	 1.847E+00	 1.725E+01	-6.875E+00	-6.640E+00	-5.841E+02	 4.770E+01	-4.550E+01	 5.397E+02	 6.509E+02	 1.023E+02	 2.442E+02	 4.813E+01	-2.191E+01	 3.854E+01	-2.124E+01	 4.870E+01
   13.0500	 1.567E+01	-1.792E+01	 0.000E+00	 3.614E-01	-3.350E-01	 4.809E-01	 3.955E+00	-7.116E-01	 1.820E+00	 1.722E+01	-6.370E+00	-6.220E+00	-5.471E+02	 4.693E+01	-4.575E+01	 5.417E+02	 6.221E+02	 1.308E+02	 2.315E+02	 4.966E+01	-2.155E+01	 4.276E+01	-2.072E+01	 4.908E+01
   13.1000	 1.561E+01	-1.809E+01	 0.000E+00	 3.146E-01	-3.184E-01	-7.584E-01	 4.248E+00	-6.905E-01	 1.787E+00	 1.720E+01	-5.865E+00	-6.099E+00	-5.365E+02	 4.526E+01	-4.525E+01	 5.376E+02	 5.829E+02	 1.574E+02	 2.153E+02	 5.152E+01	-2.116E+01	 4.793E+01	-2.025E+01	 4.947E+01
   13.1500	 1.555E+01	-1.826E+01	 0.000E+00	 2.639E-01	-2.979E-01	-2.413E+00	 4.291E+00	-6.907E-01	 1.794E+00	 1.717E+01	-6.029E+00	-6.149E+00	-5.409E+02	 4.269E+01	-4.408E+01	 5.268E+02	 5.354E+02	 1.816E+02	 1.958E+02	 5.394E+01	-2.081E+01	 5.286E+01	-1.977E+01	 4.985E+01
   13.2000	 1.549E+01	-1.843E+01	 0.000E+00	 2.072E-01	-2.731E-01	 7.852E-01	 3.902E+00	-6.569E-01	 1.911E+00	 1.714E+01	-7.192E+00	-7.025E+00	-6.179E+02	 4.015E+01	-4.274E+01	 5.131E+02	 4.871E+02	 2.023E+02	 1.750E+02	 5.739E+01	-2.049E+01	 5.670E+01	-1.915E+01	 5.023E+01
   13.2500	 1.543E+01	-1.860E+01	 0.000E+00	 1.480E-01	-2.464E-01	 3.917E-01	 4.159E+00	-6.255E-01	 1.940E+00	 1.710E+01	-6.815E+00	-6.623E+00	-5.825E+02	 3.670E+01	-4.062E+01	 4.930E+02	 4.298E+02	 2.206E+02	 1.508E+02	 6.050E+01	-1.964E+01	 6.079E+01	-1.940E+01	 5.063E+01
   13.3000	 1.537E+01	-1.877E+01	 0.000E+00	 9.190E-02	-2.186E-01	 7.204E-01	 4.307E+00	-5.197E-01	 1.975E+00	 1.706E+01	-6.481E+00	-6.881E+00	-6.053E+02	 3.234E+01	-3.806E+01	 4.673E+02	 3.627E+02	 2.358E+02	 1.245E+02	 6.299E+01	-1.904E+01	 6.520E+01	-1.936E+01	 5.102E+01
   13.3500	 1.531E+01	-1.893E+01	 0.000E+00	 3.675E-02	-1.886E-01	-1.037E+00	 4.132E+00	-4.212E-01	 2.084E+00	 1.702E+01	-7.113E+00	-7.154E+00	-6.293E+02	 2.701E+01	-3.523E+01	 4.366E+02	 2.886E+02	 2.475E+02	 9.649E+01	 6.464E+01	-1.864E+01	 6.972E+01	-1.883E+01	 5.142E+01
   13.4000	 1.525E+01	-1.909E+01	 0.000E+00	-1.550E-02	-1.576E-01	-2.396E+00	 4.017E+00	-3.981E-01	 2.148E+00	 1.697E+01	-7.259E+00	-7.474E+00	-6.574E+02	 2.291E+01	-3.220E+01	 4.024E+02	 2.245E+02	 2.563E+02	 6.789E+01	 6.636E+01	-1.832E+01	 7.318E+01	-1.792E+01	 5.181E+01
   13.4500	 1.518E+01	-1.925E+01	 0.000E+00	-6.598E-02	-1.263E-01	-2.612E+00	 3.833E+00	-4.247E-01	 2.214E+00	 1.691E+01	-7.396E+00	-7.590E+00	-6.676E+02	 1.867E+01	-2.882E+01	 3.648E+02	 1.641E+02	 2.613E+02	 3.853E+01	 6.790E+01	-1.786E+01	 7.512E+01	-1.711E+01	 5.218E+01
   13.5000	 1.512E+01	-1.941E+01	 0.000E+00	-1.142E-01	-9.554E-02	-2.235E+00	 3.779E+00	-4.483E-01	 2.262E+00	 1.685E+01	-7.370E+00	-7.610E+00	-6.694E+02	 1.475E+01	-2.526E+01	 3.258E+02	 1.092E+02	 2.631E+02	 9.039E+00	 6.918E+01	-1.717E+01	 7.560E+01	-1.660E+01	 5.254E+01
   13.5500	 1.506E+01	-1.956E+01	 0.000E+00	-1.584E-01	-6.604E-02	-2.589E+00	 3.897E+00	-3.926E-01	 2.275E+00	 1.678E+01	-7.209E+00	-7.522E+00	-6.617E+02	 1.079E+01	-2.153E+01	 2.854E+02	 5.516E+01	 2.617E+02	-2.037E+01	 6.967E+01	-1.632E+01	 7.544E+01	-1.628E+01	 5.287E+01
   13.6000	 1.499E+01	-1.971E+01	 0.000E+00	-1.985E-01	-3.740E-02	-3.861E+00	 4.064E+00	-3.144E-01	 2.258E+00	 1.672E+01	-7.165E+00	-7.320E+00	-6.439E+02	 6.942E+00	-1.770E+01	 2.433E+02	 2.735E+00	 2.570E+02	-4.944E+01	 6.929E+01	-1.542E+01	 7.490E+01	-1.583E+01	 5.319E+01
   13.6500	 1.493E+01	-1.986E+01	 0.000E+00	-2.361E-01	-8.452E-03	-4.392E+00	 4.175E+00	-2.787E-01	 2.201E+00	 1.665E+01	-6.899E+00	-7.115E+00	-6.259E+02	 3.415E+00	-1.365E+01	 1.978E+02	-4.508E+01	 2.488E+02	-7.790E+01	 6.842E+01	-1.467E+01	 7.370E+01	-1.493E+01	 5.347E+01
   13.7000	 1.486E+01	-2.001E+01	 0.000E+00	-2.717E-01	 2.136E-02	-3.947E+00	 4.062E+00	-2.867E-01	 2.118E+00	 1.658E+01	-6.704E+00	-6.990E+00	-6.149E+02	 4.297E-01	-9.453E+00	 1.492E+02	-8.610E+01	 2.376E+02	-1.055E+02	 6.755E+01	-1.411E+01	 7.136E+01	-1.354E+01	 5.374E+01
   13.7500	 1.480E+01	-2.015E+01	 0.000E+00	-3.037E-01	 5.144E-02	-3.552E+00	 3.802E+00	-3.418E-01	 2.032E+00	 1.652E+01	-6.511E+00	-6.812E+00	-5.992E+02	-2.164E+00	-5.131E+00	 9.775E+01	-1.223E+02	 2.235E+02	-1.320E+02	 6.669E+01	-1.363E+01	 6.820E+01	-1.194E+01	 5.399E+01
   13.8000	 1.474E+01	-2.029E+01	 0.000E+00	-3.308E-01	 8.082E-02	-3.610E+00	 3.501E+00	-1.861E-01	 1.929E+00	 1.645E+01	-6.243E+00	-6.465E+00	-5.687E+02	-4.556E+00	-7.233E-01	 4.435E+01	-1.554E+02	 2.069E+02	-1.572E+02	 6.574E+01	-1.309E+01	 6.494E+01	-1.048E+01	 5.424E+01
   13.8500	 1.467E+01	-2.043E+01	 0.000E+00	-3.529E-01	 1.084E-01	-3.763E+00	 3.077E+00	-8.949E-03	 1.947E+00	 1.638E+01	-6.728E+00	-6.471E+00	-5.692E+02	-6.489E+00	 3.429E+00	-6.980E+00	-1.830E+02	 1.897E+02	-1.808E+02	 6.505E+01	-1.248E+01	 6.195E+01	-9.260E+00	 5.447E+01
   13.9000	 1.461E+01	-2.057E+01	 0.000E+00	-3.699E-01	 1.334E-01	-3.293E+00	 3.132E+00	 1.952E-01	 1.828E+00	 1.631E+01	-5.743E+00	-6.100E+00	-5.366E+02	-7.872E+00	 7.821E+00	-5.927E+01	-2.024E+02	 1.688E+02	-2.022E+02	 6.397E+01	-1.178E+01	 6.059E+01	-8.540E+00	 5.472E+01
   13.9500	 1.455E+01	-2.070E+01	 0.000E+00	-3.804E-01	 1.560E-01	-2.712E+00	 2.736E+00	 1.578E-02	 1.908E+00	 1.625E+01	-6.214E+00	-6.819E+00	-5.998E+02	-8.449E+00	 1.172E+01	-1.081E+02	-2.116E+02	 1.469E+02	-2.210E+02	 6.333E+01	-1.151E+01	 5.985E+01	-7.501E+00	 5.497E+01
   14.0000	 1.448E+01	-2.083E+01	 0.000E+00	-3.828E-01	 1.744E-01	-1.796E+00	 2.724E+00	 3.444E-01	 1.863E+00	 1.618E+01	-5.799E+00	-6.665E+00	-5.862E+02	-8.273E+00	 1.555E+01	-1.547E+02	-2.098E+02	 1.220E+02	-2.368E+02	 6.248E+01	-1.112E+01	 6.039E+01	-7.002E+00	 5.523E+01
   14.0500	 1.442E+01	-2.095E+01	 0.000E+00	-3.750E-01	 1.877E-01	-1.197E+00	 2.660E+00	 5.735E-01	 1.895E+00	 1.611E+01	-6.087E+00	-6.082E+00	-5.350E+02	-7.396E+00	 1.886E+01	-1.958E+02	-1.973E+02	 9.550E+01	-2.491E+02	 6.185E+01	-1.066E+01	 6.125E+01	-6.943E+00	 5.549E+01
   14.1000	 1.436E+01	-2.108E+01	 0.000E+00	-3.553E-01	 1.956E-01	-8.217E-01	 2.757E+00	 8.376E-01	 1.894E+00	 1.604E+01	-5.971E+00	-6.083E+00	-5.351E+02	-5.930E+00	 2.196E+01	-2.341E+02	-1.744E+02	 6.772E+01	-2.581E+02	 6.148E+01	-1.053E+01	 6.189E+01	-6.986E+00	 5.576E+01
   14.1500	 1.430E+01	-2.120E+01	 0.000E+00	-3.231E-01	 1.980E-01	-4.305E-01	 2.778E+00	 6.273E-01	 2.075E+00	 1.596E+01	-6.293E+00	-7.675E+00	-6.752E+02	-3.774E+00	 2.455E+01	-2.670E+02	-1.401E+02	 4.019E+01	-2.639E+02	 6.157E+01	-1.095E+01	 6.184E+01	-6.794E+00	 5.603E+01
   14.2000	 1.423E+01	-2.132E+01	 0.000E+00	-2.783E-01	 1.935E-01	 3.319E-01	 3.018E+00	 1.336E+00	 2.148E+00	 1.587E+01	-6.674E+00	-6.710E+00	-5.902E+02	-1.014E+00	 2.659E+01	-2.929E+02	-9.436E+01	 1.165E+01	-2.662E+02	 6.128E+01	-1.058E+01	 6.194E+01	-7.863E+00	 5.631E+01
   14.2500	 1.417E+01	-2.143E+01	 0.000E+00	-2.200E-01	 1.828E-01	 8.105E-01	 3.456E+00	 1.413E+00	 2.167E+00	 1.578E+01	-6.397E+00	-6.440E+00	-5.665E+02	 2.160E+00	 2.839E+01	-3.154E+02	-3.908E+01	-1.695E+01	-2.652E+02	 6.039E+01	-1.051E+01	 6.228E+01	-8.975E+00	 5.659E+01
   14.3000	 1.412E+01	-2.154E+01	 0.000E+00	-1.481E-01	 1.673E-01	 8.517E-01	 3.644E+00	 1.313E+00	 2.207E+00	 1.569E+01	-6.453E+00	-6.668E+00	-5.866E+02	 5.691E+00	 2.975E+01	-3.345E+02	 2.475E+01	-4.532E+01	-2.612E+02	 5.887E+01	-1.083E+01	 6.239E+01	-9.731E+00	 5.687E+01
   14.3500	 1.406E+01	-2.165E+01	 0.000E+00	-6.432E-02	 1.474E-01	 8.558E-01	 3.573E+00	 1.307E+00	 2.254E+00	 1.560E+01	-6.856E+00	-6.836E+00	-6.014E+02	 9.588E+00	 3.058E+01	-3.492E+02	 9.667E+01	-7.296E+01	-2.539E+02	 5.730E+01	-1.133E+01	 6.121E+01	-1.022E+01	 5.714E+01
   14.4000	 1.400E+01	-2.176E+01	 0.000E+00	 2.904E-02	 1.229E-01	 1.060E+00	 3.459E+00	 1.463E+00	 2.281E+00	 1.549E+01	-7.121E+00	-7.286E+00	-6.409E+02	 1.364E+01	 3.097E+01	-3.583E+02	 1.747E+02	-9.961E+01	-2.434E+02	 5.550E+01	-1.199E+01	 5.851E+01	-1.063E+01	 5.743E+01
   14.4500	 1.394E+01	-2.186E+01	 0.000E+00	 1.291E-01	 9.338E-02	 8.643E-01	 3.687E+00	 1.616E+00	 2.266E+00	 1.538E+01	-6.892E+00	-7.414E+00	-6.522E+02	 1.738E+01	 3.110E+01	-3.605E+02	 2.547E+02	-1.250E+02	-2.302E+02	 5.359E+01	-1.243E+01	 5.451E+01	-1.138E+01	 5.768E+01
   14.5000	 1.389E+01	-2.196E+01	 0.000E+00	 2.330E-01	 5.957E-02	 4.352E-01	 3.983E+00	 1.553E+00	 2.247E+00	 1.527E+01	-6.683E+00	-6.940E+00	-6.105E+02	 2.090E+01	 3.087E+01	-3.554E+02	 3.339E+02	-1.489E+02	-2.145E+02	 5.140E+01	-1.259E+01	 4.996E+01	-1.244E+01	 5.794E+01
   14.5500	 1.383E+01	-2.205E+01	 0.000E+00	 3.379E-01	 2.318E-02	 7.790E-01	 4.266E+00	 1.376E+00	 2.202E+00	 1.515E+01	-6.464E+00	-6.680E+00	-5.876E+02	 2.406E+01	 3.032E+01	-3.450E+02	 4.085E+02	-1.712E+02	-1.968E+02	 4.905E+01	-1.285E+01	 4.550E+01	-1.317E+01	 5.817E+01
   14.6000	 1.378E+01	-2.215E+01	 0.000E+00	 4.407E-01	-1.414E-02	 8.908E-03	 4.411E+00	 1.347E+00	 2.125E+00	 1.504E+01	-6.284E+00	-6.545E+00	-5.757E+02	 2.717E+01	 2.920E+01	-3.288E+02	 4.782E+02	-1.917E+02	-1.767E+02	 4.678E+01	-1.332E+01	 4.150E+01	-1.336E+01	 5.839E+01
   14.6500	 1.373E+01	-2.224E+01	 0.000E+00	 5.366E-01	-5.089E-02	-8.089E-01	 4.409E+00	 1.471E+00	 2.019E+00	 1.493E+01	-6.059E+00	-6.266E+00	-5.512E+02	 3.027E+01	 2.741E+01	-3.064E+02	 5.426E+02	-2.100E+02	-1.545E+02	 4.471E+01	-1.387E+01	 3.817E+01	-1.318E+01	 5.858E+01
   14.7000	 1.368E+01	-2.233E+01	 0.000E+00	 6.208E-01	-8.576E-02	-9.688E-01	 4.352E+00	 1.622E+00	 1.879E+00	 1.482E+01	-5.534E+00	-5.836E+00	-5.134E+02	 3.310E+01	 2.519E+01	-2.787E+02	 6.000E+02	-2.263E+02	-1.305E+02	 4.294E+01	-1.444E+01	 3.551E+01	-1.293E+01	 5.875E+01
   14.7500	 1.363E+01	-2.241E+01	 0.000E+00	 6.903E-01	-1.177E-01	-4.495E-01	 4.175E+00	 1.515E+00	 1.748E+00	 1.471E+01	-5.012E+00	-5.254E+00	-4.621E+02	 3.543E+01	 2.255E+01	-2.462E+02	 6.470E+02	-2.404E+02	-1.050E+02	 4.173E+01	-1.493E+01	 3.322E+01	-1.288E+01	 5.891E+01
   14.8000	 1.358E+01	-2.249E+01	 0.000E+00	 7.435E-01	-1.463E-01	-1.689E-01	 3.871E+00	 1.226E+00	 1.651E+00	 1.462E+01	-4.728E+00	-4.988E+00	-4.387E+02	 3.721E+01	 1.943E+01	-2.085E+02	 6.811E+02	-2.517E+02	-7.830E+01	 4.155E+01	-1.537E+01	 3.099E+01	-1.306E+01	 5.907E+01
   14.8500	 1.354E+01	-2.257E+01	 0.000E+00	 7.798E-01	-1.717E-01	 4.992E-01	 3.571E+00	 1.013E+00	 1.655E+00	 1.452E+01	-5.184E+00	-5.654E+00	-4.974E+02	 3.693E+01	 1.680E+01	-1.708E+02	 6.922E+02	-2.604E+02	-5.162E+01	 4.283E+01	-1.592E+01	 2.899E+01	-1.328E+01	 5.921E+01
   14.9000	 1.349E+01	-2.264E+01	 0.000E+00	 7.993E-01	-1.948E-01	 8.457E-01	 3.572E+00	 1.030E+00	 1.639E+00	 1.441E+01	-4.979E+00	-4.745E+00	-4.174E+02	 3.753E+01	 1.294E+01	-1.214E+02	 6.999E+02	-2.653E+02	-2.389E+01	 4.425E+01	-1.588E+01	 2.961E+01	-1.430E+01	 5.937E+01
   14.9500	 1.345E+01	-2.271E+01	 0.000E+00	 8.027E-01	-2.151E-01	 2.122E+00	 3.738E+00	 1.140E+00	 1.577E+00	 1.431E+01	-4.222E+00	-4.362E+00	-3.837E+02	 3.783E+01	 8.877E+00	-6.876E+01	 6.995E+02	-2.670E+02	 4.100E+00	 4.562E+01	-1.607E+01	 3.317E+01	-1.519E+01	 5.953E+01
   15.0000	 1.341E+01	-2.278E+01	 0.000E+00	 7.939E-01	-2.327E-01	 4.092E+00	 4.017E+00	 1.122E+00	 1.594E+00	 1.421E+01	-4.354E+00	-4.974E+00	-4.375E+02	 3.670E+01	 5.549E+00	-2.118E+01	 6.824E+02	-2.661E+02	 3.126E+01	 4.737E+01	-1.656E+01	 3.865E+01	-1.566E+01	 5.970E+01
   15.0500	 1.337E+01	-2.284E+01	 0.000E+00	 7.764E-01	-2.477E-01	 4.624E+00	 4.057E+00	 9.138E-01	 1.569E+00	 1.411E+01	-4.399E+00	-4.676E+00	-4.113E+02	 3.628E+01	 1.154E+00	 3.411E+01	 6.664E+02	-2.612E+02	 5.863E+01	 4.950E+01	-1.687E+01	 4.491E+01	-1.634E+01	 5.987E+01
   15.1000	 1.333E+01	-2.291E+01	 0.000E+00	 7.523E-01	-2.602E-01	 5.943E+00	 3.996E+00	 7.365E-01	 1.533E+00	 1.401E+01	-4.633E+00	-4.671E+00	-4.109E+02	 3.599E+01	-3.262E+00	 8.838E+01	 6.503E+02	-2.531E+02	 8.523E+01	 5.250E+01	-1.728E+01	 5.021E+01	-1.691E+01	 6.006E+01
   15.1500	 1.329E+01	-2.296E+01	 0.000E+00	 7.255E-01	-2.711E-01	 7.514E+00	 3.965E+00	 7.283E-01	 1.490E+00	 1.390E+01	-4.885E+00	-5.014E+00	-4.411E+02	 3.591E+01	-7.586E+00	 1.408E+02	 6.365E+02	-2.421E+02	 1.108E+02	 5.605E+01	-1.774E+01	 5.418E+01	-1.752E+01	 6.024E+01
   15.2000	 1.326E+01	-2.302E+01	 0.000E+00	 7.005E-01	-2.816E-01	 8.464E+00	 4.079E+00	 8.036E-01	 1.451E+00	 1.378E+01	-4.921E+00	-5.042E+00	-4.435E+02	 3.594E+01	-1.170E+01	 1.906E+02	 6.259E+02	-2.283E+02	 1.347E+02	 5.993E+01	-1.798E+01	 5.725E+01	-1.834E+01	 6.044E+01
   15.2500	 1.323E+01	-2.307E+01	 0.000E+00	 6.811E-01	-2.924E-01	 9.388E+00	 4.260E+00	 8.152E-01	 1.427E+00	 1.366E+01	-4.803E+00	-4.940E+00	-4.345E+02	 3.615E+01	-1.553E+01	 2.361E+02	 6.200E+02	-2.124E+02	 1.569E+02	 6.338E+01	-1.806E+01	 6.051E+01	-1.919E+01	 6.063E+01
   15.3000	 1.320E+01	-2.312E+01	 0.000E+00	 6.703E-01	-3.032E-01	 8.900E+00	 4.325E+00	 7.894E-01	 1.426E+00	 1.354E+01	-4.729E+00	-4.874E+00	-4.288E+02	 3.614E+01	-1.902E+01	 2.760E+02	 6.149E+02	-1.944E+02	 1.772E+02	 6.626E+01	-1.810E+01	 6.428E+01	-1.975E+01	 6.081E+01
   15.3500	 1.317E+01	-2.316E+01	 0.000E+00	 6.676E-01	-3.136E-01	 7.317E+00	 4.176E+00	 7.371E-01	 1.426E+00	 1.342E+01	-4.677E+00	-4.826E+00	-4.245E+02	 3.601E+01	-2.218E+01	 3.101E+02	 6.113E+02	-1.745E+02	 1.953E+02	 6.857E+01	-1.812E+01	 6.839E+01	-1.993E+01	 6.097E+01
   15.4000	 1.314E+01	-2.320E+01	 0.000E+00	 6.696E-01	-3.230E-01	 6.055E+00	 3.837E+00	 7.277E-01	 1.416E+00	 1.330E+01	-4.576E+00	-4.715E+00	-4.147E+02	 3.609E+01	-2.503E+01	 3.394E+02	 6.125E+02	-1.528E+02	 2.111E+02	 7.044E+01	-1.804E+01	 7.209E+01	-1.984E+01	 6.111E+01
   15.4500	 1.312E+01	-2.324E+01	 0.000E+00	 6.731E-01	-3.313E-01	 5.722E+00	 3.413E+00	 7.610E-01	 1.387E+00	 1.317E+01	-4.429E+00	-4.625E+00	-4.068E+02	 3.658E+01	-2.761E+01	 3.654E+02	 6.198E+02	-1.296E+02	 2.248E+02	 7.237E+01	-1.778E+01	 7.438E+01	-1.959E+01	 6.122E+01
   15.5000	 1.309E+01	-2.328E+01	 0.000E+00	 6.772E-01	-3.389E-01	 5.856E+00	 3.036E+00	 7.947E-01	 1.345E+00	 1.304E+01	-4.307E+00	-4.440E+00	-3.906E+02	 3.732E+01	-3.002E+01	 3.896E+02	 6.304E+02	-1.051E+02	 2.362E+02	 7.473E+01	-1.733E+01	 7.489E+01	-1.919E+01	 6.130E+01
   15.5500	 1.308E+01	-2.331E+01	 0.000E+00	 6.822E-01	-3.464E-01	 5.584E+00	 2.812E+00	 8.404E-01	 1.283E+00	 1.292E+01	-4.091E+00	-4.271E+00	-3.757E+02	 3.794E+01	-3.224E+01	 4.126E+02	 6.399E+02	-7.964E+01	 2.450E+02	 7.746E+01	-1.678E+01	 7.444E+01	-1.847E+01	 6.135E+01
   15.6000	 1.306E+01	-2.334E+01	 0.000E+00	 6.876E-01	-3.539E-01	 4.693E+00	 2.713E+00	 9.113E-01	 1.220E+00	 1.279E+01	-3.887E+00	-4.088E+00	-3.596E+02	 3.838E+01	-3.436E+01	 4.349E+02	 6.476E+02	-5.351E+01	 2.517E+02	 8.003E+01	-1.619E+01	 7.471E+01	-1.736E+01	 6.139E+01
   15.6500	 1.304E+01	-2.336E+01	 0.000E+00	 6.918E-01	-3.606E-01	 3.949E+00	 2.696E+00	 1.011E+00	 1.143E+00	 1.267E+01	-3.453E+00	-3.604E+00	-3.171E+02	 3.906E+01	-3.639E+01	 4.563E+02	 6.578E+02	-2.687E+01	 2.562E+02	 8.192E+01	-1.548E+01	 7.696E+01	-1.601E+01	 6.141E+01
   15.7000	 1.303E+01	-2.338E+01	 0.000E+00	 6.928E-01	-3.655E-01	 4.253E+00	 2.581E+00	 1.096E+00	 1.044E+00	 1.255E+01	-2.945E+00	-3.089E+00	-2.717E+02	 4.037E+01	-3.830E+01	 4.756E+02	 6.742E+02	 1.198E-01	 2.586E+02	 8.344E+01	-1.471E+01	 8.081E+01	-1.445E+01	 6.143E+01
   15.7500	 1.301E+01	-2.340E+01	 0.000E+00	 6.914E-01	-3.681E-01	 5.220E+00	 2.337E+00	 1.152E+00	 9.264E-01	 1.244E+01	-2.548E+00	-2.703E+00	-2.378E+02	 4.220E+01	-4.011E+01	 4.920E+02	 6.950E+02	 2.727E+01	 2.587E+02	 8.556E+01	-1.393E+01	 8.454E+01	-1.277E+01	 6.144E+01
   15.8000	 1.300E+01	-2.342E+01	 0.000E+00	 6.893E-01	-3.688E-01	 5.636E+00	 2.061E+00	 1.214E+00	 8.235E-01	 1.233E+01	-2.426E+00	-2.586E+00	-2.275E+02	 4.430E+01	-4.155E+01	 5.037E+02	 7.168E+02	 5.410E+01	 2.560E+02	 8.885E+01	-1.316E+01	 8.704E+01	-1.108E+01	 6.145E+01
   15.8500	 1.300E+01	-2.343E+01	 0.000E+00	 6.879E-01	-3.681E-01	 5.542E+00	 1.910E+00	 1.331E+00	 7.366E-01	 1.223E+01	-2.252E+00	-2.418E+00	-2.127E+02	 4.617E+01	-4.255E+01	 5.101E+02	 7.350E+02	 8.018E+01	 2.503E+02	 9.316E+01	-1.229E+01	 8.873E+01	-9.667E+00	 6.145E+01
   15.9000	 1.299E+01	-2.344E+01	 0.000E+00	 6.873E-01	-3.662E-01	 4.927E+00	 1.736E+00	 1.468E+00	 7.284E-01	 1.213E+01	-2.470E+00	-2.890E+00	-2.542E+02	 4.745E+01	-4.305E+01	 5.115E+02	 7.465E+02	 1.048E+02	 2.423E+02	 9.794E+01	-1.147E+01	 9.097E+01	-8.435E+00	 6.145E+01
   15.9500	 1.299E+01	-2.344E+01	 0.000E+00	 6.863E-01	-3.631E-01	 4.490E+00	 1.968E+00	 1.612E+00	 6.721E-01	 1.203E+01	-1.651E+00	-2.271E+00	-1.998E+02	 4.826E+01	-4.285E+01	 5.067E+02	 7.522E+02	 1.284E+02	 2.311E+02	 1.019E+02	-1.026E+01	 9.596E+01	-7.973E+00	 6.145E+01
   16.0000	 1.299E+01	-2.344E+01	 0.000E+00	 6.839E-01	-3.578E-01	 4.104E+00	 1.953E+00	 1.648E+00	 6.670E-01	 1.193E+01	-1.415E+00	-1.351E+00	-1.189E+02	 4.850E+01	-4.227E+01	 4.967E+02	 7.515E+02	 1.507E+02	 2.176E+02	 1.051E+02	-9.032E+00	 1.033E+02	-7.672E+00	 6.145E+01
   16.0500	 1.299E+01	-2.344E+01	 0.000E+00	 6.791E-01	-3.493E-01	 3.733E+00	 1.117E+00	 1.646E+00	 8.438E-01	 1.185E+01	-3.450E+00	-1.989E+00	-1.750E+02	 4.819E+01	-4.149E+01	 4.836E+02	 7.450E+02	 1.706E+02	 2.025E+02	 1.082E+02	-8.474E+00	 1.109E+02	-6.623E+00	 6.145E+01
   16.1000	 1.299E+01	-2.344E+01	 0.000E+00	 6.717E-01	-3.385E-01	 4.279E+00	 1.373E+00	 1.661E+00	 6.806E-01	 1.175E+01	-1.847E+00	-2.292E+00	-2.016E+02	 4.729E+01	-3.941E+01	 4.603E+02	 7.335E+02	 1.896E+02	 1.834E+02	 1.112E+02	-8.068E+00	 1.174E+02	-5.882E+00	 6.145E+01
   16.1500	 1.299E+01	-2.344E+01	 0.000E+00	 6.624E-01	-3.271E-01	 4.969E+00	 1.325E+00	 1.629E+00	 6.919E-01	 1.165E+01	-1.907E+00	-2.044E+00	-1.798E+02	 4.618E+01	-3.757E+01	 4.389E+02	 7.190E+02	 2.059E+02	 1.631E+02	 1.148E+02	-7.388E+00	 1.210E+02	-5.572E+00	 6.146E+01
   16.2000	 1.299E+01	-2.344E+01	 0.000E+00	 6.533E-01	-3.152E-01	 5.492E+00	 1.448E+00	 1.663E+00	 6.875E-01	 1.155E+01	-1.756E+00	-1.768E+00	-1.555E+02	 4.474E+01	-3.544E+01	 4.151E+02	 7.016E+02	 2.198E+02	 1.412E+02	 1.180E+02	-6.673E+00	 1.229E+02	-5.550E+00	 6.148E+01
   16.2500	 1.299E+01	-2.344E+01	 0.000E+00	 6.455E-01	-3.026E-01	 5.723E+00	 1.562E+00	 1.773E+00	 6.770E-01	 1.145E+01	-1.655E+00	-1.710E+00	-1.504E+02	 4.313E+01	-3.308E+01	 3.883E+02	 6.827E+02	 2.315E+02	 1.180E+02	 1.203E+02	-6.080E+00	 1.239E+02	-5.486E+00	 6.150E+01
   16.3000	 1.299E+01	-2.344E+01	 0.000E+00	 6.399E-01	-2.892E-01	 5.971E+00	 1.573E+00	 1.842E+00	 6.771E-01	 1.135E+01	-1.750E+00	-1.836E+00	-1.615E+02	 4.150E+01	-3.048E+01	 3.584E+02	 6.649E+02	 2.406E+02	 9.386E+01	 1.220E+02	-5.663E+00	 1.244E+02	-5.168E+00	 6.151E+01
   16.3500	 1.299E+01	-2.344E+01	 0.000E+00	 6.371E-01	-2.752E-01	 6.482E+00	 1.573E+00	 1.832E+00	 6.717E-01	 1.124E+01	-1.782E+00	-1.861E+00	-1.637E+02	 4.003E+01	-2.762E+01	 3.253E+02	 6.501E+02	 2.470E+02	 6.893E+01	 1.228E+02	-5.307E+00	 1.248E+02	-4.690E+00	 6.151E+01
   16.4000	 1.299E+01	-2.344E+01	 0.000E+00	 6.379E-01	-2.609E-01	 7.080E+00	 1.620E+00	 1.762E+00	 6.530E-01	 1.114E+01	-1.582E+00	-1.657E+00	-1.458E+02	 3.875E+01	-2.446E+01	 2.889E+02	 6.390E+02	 2.511E+02	 4.340E+01	 1.227E+02	-4.902E+00	 1.253E+02	-4.238E+00	 6.150E+01
   16.4500	 1.299E+01	-2.344E+01	 0.000E+00	 6.438E-01	-2.464E-01	 7.425E+00	 1.640E+00	 1.707E+00	 6.145E-01	 1.103E+01	-1.232E+00	-1.329E+00	-1.169E+02	 3.764E+01	-2.102E+01	 2.486E+02	 6.315E+02	 2.530E+02	 1.737E+01	 1.220E+02	-4.471E+00	 1.252E+02	-3.812E+00	 6.147E+01
   16.5000	 1.299E+01	-2.344E+01	 0.000E+00	 6.554E-01	-2.315E-01	 7.481E+00	 1.496E+00	 1.656E+00	 5.657E-01	 1.094E+01	-9.791E-01	-1.048E+00	-9.221E+01	 3.673E+01	-1.732E+01	 2.043E+02	 6.280E+02	 2.528E+02	-8.996E+00	 1.214E+02	-4.129E+00	 1.238E+02	-3.234E+00	 6.144E+01
   16.5500	 1.299E+01	-2.344E+01	 0.000E+00	 6.723E-01	-2.162E-01	 7.550E+00	 1.195E+00	 1.619E+00	 4.985E-01	 1.085E+01	-8.249E-01	-9.457E-01	-8.319E+01	 3.610E+01	-1.342E+01	 1.566E+02	 6.293E+02	 2.500E+02	-3.537E+01	 1.212E+02	-3.978E+00	 1.208E+02	-2.382E+00	 6.140E+01
   16.6000	 1.299E+01	-2.344E+01	 0.000E+00	 6.939E-01	-2.011E-01	 7.834E+00	 8.543E-01	 1.643E+00	 4.313E-01	 1.076E+01	-7.491E-01	-8.838E-01	-7.774E+01	 3.580E+01	-9.442E+00	 1.077E+02	 6.355E+02	 2.453E+02	-6.147E+01	 1.211E+02	-3.942E+00	 1.175E+02	-1.429E+00	 6.136E+01
   16.6500	 1.299E+01	-2.344E+01	 0.000E+00	 7.199E-01	-1.873E-01	 8.269E+00	 6.970E-01	 1.759E+00	 3.462E-01	 1.067E+01	-4.264E-01	-5.017E-01	-4.413E+01	 3.579E+01	-5.400E+00	 5.882E+01	 6.462E+02	 2.386E+02	-8.710E+01	 1.206E+02	-3.833E+00	 1.155E+02	-7.068E-01	 6.131E+01
   16.7000	 1.299E+01	-2.344E+01	 0.000E+00	 7.504E-01	-1.748E-01	 8.646E+00	 7.099E-01	 1.843E+00	 2.120E-01	 1.059E+01	 1.580E-01	 8.595E-02	 7.560E+00	 3.607E+01	-1.297E+00	 9.792E+00	 6.613E+02	 2.298E+02	-1.121E+02	 1.196E+02	-3.677E+00	 1.153E+02	-2.917E-01	 6.127E+01
   16.7500	 1.299E+01	-2.344E+01	 0.000E+00	 7.855E-01	-1.632E-01	 8.908E+00	 6.321E-01	 1.857E+00	 5.356E-02	 1.052E+01	 5.941E-01	 5.481E-01	 4.821E+01	 3.668E+01	 2.810E+00	-3.985E+01	 6.813E+02	 2.186E+02	-1.362E+02	 1.188E+02	-3.640E+00	 1.158E+02	-3.763E-02	 6.124E+01
   16.8000	 1.299E+01	-2.344E+01	 0.000E+00	 8.252E-01	-1.522E-01	 9.218E+00	 3.688E-01	 1.922E+00	-1.034E-01	 1.046E+01	 7.230E-01	 6.939E-01	 6.104E+01	 3.764E+01	 6.854E+00	-8.972E+01	 7.065E+02	 2.049E+02	-1.590E+02	 1.188E+02	-3.836E+00	 1.158E+02	 1.393E-01	 6.121E+01
   16.8500	 1.299E+01	-2.344E+01	 0.000E+00	 8.692E-01	-1.424E-01	 9.647E+00	 4.788E-02	 2.034E+00	-2.309E-01	 1.041E+01	 7.063E-01	 6.276E-01	 5.521E+01	 3.895E+01	 1.077E+01	-1.383E+02	 7.365E+02	 1.886E+02	-1.799E+02	 1.200E+02	-4.211E+00	 1.150E+02	 1.015E-01	 6.118E+01
   16.9000	 1.299E+01	-2.344E+01	 0.000E+00	 9.172E-01	-1.346E-01	 1.007E+01	-1.285E-01	 2.187E+00	-3.080E-01	 1.036E+01	 7.524E-01	 6.984E-01	 6.143E+01	 4.051E+01	 1.449E+01	-1.837E+02	 7.700E+02	 1.701E+02	-1.986E+02	 1.218E+02	-4.602E+00	 1.143E+02	-4.034E-01	 6.116E+01
   16.9500	 1.299E+01	-2.344E+01	 0.000E+00	 9.685E-01	-1.296E-01	 1.032E+01	-9.103E-02	 2.403E+00	-3.237E-01	 1.030E+01	 9.223E-01	 8.649E-01	 7.608E+01	 4.227E+01	 1.796E+01	-2.248E+02	 8.061E+02	 1.496E+02	-2.150E+02	 1.234E+02	-5.023E+00	 1.151E+02	-1.388E+00	 6.114E+01
   17.0000	 1.299E+01	-2.344E+01	 0.000E+00	 1.023E+00	-1.272E-01	 1.059E+01	 6.638E-02	 2.333E+00	-2.776E-01	 1.026E+01	 1.150E+00	 1.085E+00	 9.543E+01	 4.428E+01	 2.116E+01	-2.619E+02	 8.454E+02	 1.275E+02	-2.291E+02	 1.246E+02	-5.548E+00	 1.180E+02	-2.687E+00	 6.113E+01
   17.0500	 1.299E+01	-2.344E+01	 0.000E+00	 1.079E+00	-1.268E-01	 1.095E+01	 1.027E-02	 2.044E+00	 2.196E-02	 1.022E+01	 5.762E-01	 2.693E-01	 2.369E+01	 4.659E+01	 2.385E+01	-2.936E+02	 8.884E+02	 1.046E+02	-2.407E+02	 1.256E+02	-6.520E+00	 1.221E+02	-3.799E+00	 6.113E+01
   17.1000	 1.299E+01	-2.344E+01	 0.000E+00	 1.138E+00	-1.291E-01	 1.178E+01	 2.751E-01	 2.543E+00	 1.127E-01	 1.016E+01	 6.989E-01	 1.534E-01	 1.349E+01	 4.914E+01	 2.631E+01	-3.204E+02	 9.350E+02	 7.991E+01	-2.495E+02	 1.263E+02	-7.351E+00	 1.263E+02	-5.433E+00	 6.114E+01
   17.1500	 1.299E+01	-2.344E+01	 0.000E+00	 1.199E+00	-1.343E-01	 1.236E+01	 4.758E-01	 2.905E+00	 2.001E-01	 1.011E+01	 3.961E-01	 4.605E-01	 4.051E+01	 5.182E+01	 2.820E+01	-3.406E+02	 9.839E+02	 5.458E+01	-2.553E+02	 1.273E+02	-8.037E+00	 1.291E+02	-7.391E+00	 6.117E+01
   17.2000	 1.299E+01	-2.344E+01	 0.000E+00	 1.263E+00	-1.420E-01	 1.230E+01	 7.009E-01	 2.974E+00	 2.248E-01	 1.005E+01	 2.789E-01	 3.141E-01	 2.763E+01	 5.448E+01	 2.973E+01	-3.559E+02	 1.034E+03	 2.870E+01	-2.583E+02	 1.281E+02	-8.915E+00	 1.303E+02	-9.206E+00	 6.121E+01
   17.2500	 1.299E+01	-2.344E+01	 0.000E+00	 1.328E+00	-1.518E-01	 1.196E+01	 8.434E-01	 2.459E+00	 2.027E-01	 9.986E+00	 1.332E-01	 6.918E-02	 6.085E+00	 5.706E+01	 3.082E+01	-3.660E+02	 1.083E+03	 2.587E+00	-2.583E+02	 1.288E+02	-9.878E+00	 1.297E+02	-1.080E+01	 6.125E+01
   17.3000	 1.299E+01	-2.344E+01	 0.000E+00	 1.392E+00	-1.632E-01	 1.197E+01	 9.938E-01	 2.171E+00	 1.470E-01	 9.919E+00	-8.192E-02	-1.424E-01	-1.253E+01	 5.956E+01	 3.141E+01	-3.700E+02	 1.131E+03	-2.331E+01	-2.553E+02	 1.295E+02	-1.082E+01	 1.277E+02	-1.217E+01	 6.129E+01
   17.3500	 1.299E+01	-2.344E+01	 0.000E+00	 1.454E+00	-1.761E-01	 1.209E+01	 1.177E+00	 2.387E+00	 5.615E-02	 9.847E+00	-9.093E-02	-1.512E-01	-1.330E+01	 6.184E+01	 3.155E+01	-3.680E+02	 1.175E+03	-4.869E+01	-2.494E+02	 1.299E+02	-1.161E+01	 1.253E+02	-1.340E+01	 6.132E+01
   17.4000	 1.299E+01	-2.344E+01	 0.000E+00	 1.510E+00	-1.901E-01	 1.175E+01	 1.350E+00	 2.579E+00	-3.664E-02	 9.774E+00	 1.309E-01	 7.792E-02	 6.854E+00	 6.350E+01	 3.138E+01	-3.614E+02	 1.212E+03	-7.355E+01	-2.411E+02	 1.294E+02	-1.221E+01	 1.241E+02	-1.447E+01	 6.134E+01
   17.4500	 1.299E+01	-2.344E+01	 0.000E+00	 1.560E+00	-2.041E-01	 1.104E+01	 1.373E+00	 2.488E+00	-1.065E-01	 9.706E+00	 4.174E-01	 3.768E-01	 3.314E+01	 6.428E+01	 3.114E+01	-3.518E+02	 1.240E+03	-9.797E+01	-2.309E+02	 1.281E+02	-1.274E+01	 1.241E+02	-1.519E+01	 6.135E+01
   17.5000	 1.299E+01	-2.344E+01	 0.000E+00	 1.601E+00	-2.173E-01	 1.024E+01	 1.188E+00	 2.294E+00	-1.388E-01	 9.646E+00	 6.444E-01	 6.050E-01	 5.322E+01	 6.431E+01	 3.080E+01	-3.398E+02	 1.258E+03	-1.217E+02	-2.187E+02	 1.266E+02	-1.330E+01	 1.240E+02	-1.535E+01	 6.135E+01
   17.5500	 1.299E+01	-2.344E+01	 0.000E+00	 1.629E+00	-2.290E-01	 9.663E+00	 8.784E-01	 2.205E+00	-1.334E-01	 9.591E+00	 7.018E-01	 6.696E-01	 5.890E+01	 6.359E+01	 3.037E+01	-3.257E+02	 1.262E+03	-1.445E+02	-2.045E+02	 1.260E+02	-1.390E+01	 1.226E+02	-1.499E+01	 6.134E+01
   17.6000	 1.299E+01	-2.344E+01	 0.000E+00	 1.641E+00	-2.392E-01	 9.438E+00	 6.184E-01	 2.225E+00	-1.244E-01	 9.538E+00	 7.974E-01	 7.304E-01	 6.425E+01	 6.219E+01	 2.971E+01	-3.084E+02	 1.253E+03	-1.658E+02	-1.883E+02	 1.262E+02	-1.437E+01	 1.201E+02	-1.443E+01	 6.132E+01
   17.6500	 1.299E+01	-2.344E+01	 0.000E+00	 1.637E+00	-2.479E-01	 8.935E+00	 5.447E-01	 2.358E+00	-1.500E-01	 9.489E+00	 1.041E+00	 9.912E-01	 8.719E+01	 6.048E+01	 2.877E+01	-2.875E+02	 1.233E+03	-1.854E+02	-1.705E+02	 1.267E+02	-1.455E+01	 1.179E+02	-1.405E+01	 6.130E+01
   17.7000	 1.299E+01	-2.344E+01	 0.000E+00	 1.615E+00	-2.546E-01	 8.903E+00	 5.370E-01	 2.324E+00	-2.247E-01	 9.445E+00	 1.397E+00	 1.364E+00	 1.200E+02	 5.852E+01	 2.747E+01	-2.631E+02	 1.203E+03	-2.033E+02	-1.512E+02	 1.271E+02	-1.444E+01	 1.175E+02	-1.390E+01	 6.128E+01
   17.7500	 1.299E+01	-2.344E+01	 0.000E+00	 1.577E+00	-2.585E-01	 9.379E+00	 4.231E-01	 2.125E+00	-3.459E-01	 9.413E+00	 1.779E+00	 1.767E+00	 1.555E+02	 5.654E+01	 2.564E+01	-2.352E+02	 1.165E+03	-2.192E+02	-1.303E+02	 1.275E+02	-1.420E+01	 1.191E+02	-1.381E+01	 6.126E+01
   17.8000	 1.299E+01	-2.344E+01	 0.000E+00	 1.523E+00	-2.590E-01	 9.789E+00	 9.143E-02	 2.057E+00	-4.829E-01	 9.390E+00	 1.890E+00	 1.908E+00	 1.678E+02	 5.435E+01	 2.339E+01	-2.052E+02	 1.119E+03	-2.329E+02	-1.079E+02	 1.283E+02	-1.405E+01	 1.216E+02	-1.347E+01	 6.125E+01
   17.8500	 1.299E+01	-2.344E+01	 0.000E+00	 1.455E+00	-2.565E-01	 1.019E+01	-3.662E-01	 2.008E+00	-5.799E-01	 9.373E+00	 1.887E+00	 1.852E+00	 1.629E+02	 5.201E+01	 2.076E+01	-1.732E+02	 1.065E+03	-2.442E+02	-8.413E+01	 1.302E+02	-1.401E+01	 1.241E+02	-1.291E+01	 6.123E+01
   17.9000	 1.299E+01	-2.344E+01	 0.000E+00	 1.377E+00	-2.521E-01	 1.117E+01	-7.894E-01	 1.916E+00	-6.044E-01	 9.357E+00	 1.789E+00	 1.740E+00	 1.530E+02	 4.964E+01	 1.784E+01	-1.387E+02	 1.008E+03	-2.525E+02	-5.932E+01	 1.331E+02	-1.398E+01	 1.263E+02	-1.235E+01	 6.122E+01
   17.9500	 1.299E+01	-2.344E+01	 0.000E+00	 1.291E+00	-2.473E-01	 1.252E+01	-9.412E-01	 1.756E+00	-5.745E-01	 9.339E+00	 1.822E+00	 1.783E+00	 1.568E+02	 4.726E+01	 1.470E+01	-1.016E+02	 9.487E+02	-2.580E+02	-3.390E+01	 1.364E+02	-1.379E+01	 1.290E+02	-1.213E+01	 6.122E+01
   18.0000	 1.299E+01	-2.344E+01	 0.000E+00	 1.204E+00	-2.433E-01	 1.367E+01	-7.976E-01	 1.696E+00	-5.053E-01	 9.323E+00	 1.898E+00	 1.852E+00	 1.629E+02	 4.487E+01	 1.139E+01	-6.262E+01	 8.885E+02	-2.606E+02	-8.204E+00	 1.398E+02	-1.348E+01	 1.329E+02	-1.227E+01	 6.123E+01
   18.0500	 1.299E+01	-2.344E+01	 0.000E+00	 1.121E+00	-2.404E-01	 1.451E+01	-5.284E-01	 1.766E+00	-4.132E-01	 9.309E+00	 1.804E+00	 1.834E+00	 1.613E+02	 4.270E+01	 7.904E+00	-2.269E+01	 8.321E+02	-2.603E+02	 1.754E+01	 1.426E+02	-1.313E+01	 1.384E+02	-1.262E+01	 6.124E+01
   18.1000	 1.299E+01	-2.344E+01	 0.000E+00	 1.047E+00	-2.387E-01	 1.515E+01	-2.144E-03	 1.858E+00	-2.166E-01	 9.292E+00	 5.787E-01	 1.357E+00	 1.194E+02	 3.978E+01	 5.036E+00	 9.953E+00	 7.715E+02	-2.574E+02	 4.237E+01	 1.453E+02	-1.282E+01	 1.443E+02	-1.292E+01	 6.127E+01
   18.1500	 1.299E+01	-2.344E+01	 0.000E+00	 9.841E-01	-2.380E-01	 1.379E+01	 4.472E-01	 1.897E+00	-1.692E-01	 9.256E+00	 9.008E-01	 9.390E-01	 8.260E+01	 3.774E+01	 1.715E+00	 4.589E+01	 7.233E+02	-2.512E+02	 6.715E+01	 1.473E+02	-1.244E+01	 1.502E+02	-1.343E+01	 6.130E+01
   18.2000	 1.299E+01	-2.344E+01	 0.000E+00	 9.318E-01	-2.377E-01	 1.361E+01	 5.173E-01	 1.911E+00	-1.233E-01	 9.220E+00	 9.364E-01	 8.159E-01	 7.177E+01	 3.657E+01	-1.560E+00	 7.882E+01	 6.900E+02	-2.422E+02	 9.103E+01	 1.490E+02	-1.197E+01	 1.545E+02	-1.377E+01	 6.133E+01
   18.2500	 1.299E+01	-2.344E+01	 0.000E+00	 8.902E-01	-2.378E-01	 1.430E+01	 1.608E-01	 2.018E+00	-8.846E-02	 9.183E+00	 6.687E-01	 6.541E-01	 5.754E+01	 3.623E+01	-4.777E+00	 1.091E+02	 6.709E+02	-2.302E+02	 1.138E+02	 1.506E+02	-1.160E+01	 1.563E+02	-1.365E+01	 6.137E+01
   18.3000	 1.299E+01	-2.344E+01	 0.000E+00	 8.618E-01	-2.398E-01	 1.443E+01	-2.734E-01	 2.216E+00	-8.072E-02	 9.141E+00	 3.836E-01	 3.619E-01	 3.184E+01	 3.612E+01	-7.907E+00	 1.382E+02	 6.589E+02	-2.156E+02	 1.351E+02	 1.523E+02	-1.128E+01	 1.552E+02	-1.309E+01	 6.140E+01
   18.3500	 1.299E+01	-2.344E+01	 0.000E+00	 8.475E-01	-2.451E-01	 1.292E+01	-5.057E-01	 2.385E+00	-9.644E-02	 9.091E+00	 3.180E-01	 2.772E-01	 2.439E+01	 3.582E+01	-1.098E+01	 1.683E+02	 6.491E+02	-1.986E+02	 1.547E+02	 1.539E+02	-1.080E+01	 1.526E+02	-1.238E+01	 6.142E+01
   18.4000	 1.299E+01	-2.344E+01	 0.000E+00	 8.445E-01	-2.540E-01	 1.084E+01	-5.209E-01	 2.491E+00	-1.342E-01	 9.040E+00	 5.570E-01	 5.199E-01	 4.573E+01	 3.551E+01	-1.403E+01	 2.002E+02	 6.435E+02	-1.800E+02	 1.727E+02	 1.545E+02	-1.009E+01	 1.507E+02	-1.164E+01	 6.142E+01
   18.4500	 1.299E+01	-2.344E+01	 0.000E+00	 8.482E-01	-2.654E-01	 9.743E+00	-4.777E-01	 2.570E+00	-1.967E-01	 8.995E+00	 9.889E-01	 9.638E-01	 8.478E+01	 3.554E+01	-1.708E+01	 2.336E+02	 6.456E+02	-1.599E+02	 1.893E+02	 1.537E+02	-9.239E+00	 1.506E+02	-1.070E+01	 6.141E+01
   18.5000	 1.299E+01	-2.344E+01	 0.000E+00	 8.556E-01	-2.780E-01	 9.611E+00	-5.149E-01	 2.629E+00	-2.620E-01	 8.960E+00	 1.226E+00	 1.232E+00	 1.084E+02	 3.600E+01	-2.017E+01	 2.677E+02	 6.555E+02	-1.386E+02	 2.047E+02	 1.520E+02	-8.488E+00	 1.515E+02	-9.300E+00	 6.139E+01
   18.5500	 1.299E+01	-2.344E+01	 0.000E+00	 8.656E-01	-2.912E-01	 9.495E+00	-5.423E-01	 2.652E+00	-3.205E-01	 8.934E+00	 1.251E+00	 1.242E+00	 1.093E+02	 3.673E+01	-2.324E+01	 3.017E+02	 6.695E+02	-1.161E+02	 2.185E+02	 1.507E+02	-7.890E+00	 1.513E+02	-7.402E+00	 6.136E+01
   18.6000	 1.299E+01	-2.344E+01	 0.000E+00	 8.778E-01	-3.045E-01	 9.144E+00	-4.748E-01	 2.651E+00	-3.637E-01	 8.909E+00	 1.269E+00	 1.245E+00	 1.095E+02	 3.758E+01	-2.616E+01	 3.346E+02	 6.856E+02	-9.235E+01	 2.301E+02	 1.503E+02	-7.292E+00	 1.492E+02	-5.361E+00	 6.132E+01
   18.6500	 1.299E+01	-2.344E+01	 0.000E+00	 8.913E-01	-3.174E-01	 8.702E+00	-3.260E-01	 2.680E+00	-3.780E-01	 8.885E+00	 1.381E+00	 1.376E+00	 1.210E+02	 3.873E+01	-2.890E+01	 3.656E+02	 7.054E+02	-6.792E+01	 2.394E+02	 1.505E+02	-6.537E+00	 1.460E+02	-3.604E+00	 6.128E+01
   18.7000	 1.299E+01	-2.344E+01	 0.000E+00	 9.052E-01	-3.292E-01	 8.549E+00	-2.698E-01	 2.780E+00	-3.742E-01	 8.866E+00	 1.666E+00	 1.666E+00	 1.465E+02	 4.040E+01	-3.145E+01	 3.938E+02	 7.318E+02	-4.293E+01	 2.466E+02	 1.507E+02	-5.595E+00	 1.437E+02	-2.330E+00	 6.123E+01
   18.7500	 1.299E+01	-2.344E+01	 0.000E+00	 9.192E-01	-3.391E-01	 9.069E+00	-4.038E-01	 2.903E+00	-3.560E-01	 8.855E+00	 1.923E+00	 1.927E+00	 1.695E+02	 4.257E+01	-3.380E+01	 4.179E+02	 7.644E+02	-1.745E+01	 2.516E+02	 1.506E+02	-4.641E+00	 1.436E+02	-1.365E+00	 6.119E+01
   18.8000	 1.299E+01	-2.344E+01	 0.000E+00	 9.339E-01	-3.471E-01	 9.246E+00	-7.323E-01	 2.971E+00	-3.376E-01	 8.851E+00	 2.031E+00	 2.046E+00	 1.800E+02	 4.511E+01	-3.605E+01	 4.389E+02	 8.006E+02	 8.483E+00	 2.543E+02	 1.502E+02	-3.880E+00	 1.453E+02	-4.426E-01	 6.115E+01
   18.8500	 1.299E+01	-2.344E+01	 0.000E+00	 9.493E-01	-3.537E-01	 8.716E+00	-1.006E+00	 2.990E+00	-3.247E-01	 8.852E+00	 1.959E+00	 1.976E+00	 1.738E+02	 4.786E+01	-3.807E+01	 4.562E+02	 8.378E+02	 3.468E+01	 2.542E+02	 1.504E+02	-3.423E+00	 1.478E+02	 5.399E-01	 6.111E+01
   18.9000	 1.299E+01	-2.344E+01	 0.000E+00	 9.641E-01	-3.594E-01	 8.683E+00	-1.072E+00	 3.032E+00	-3.165E-01	 8.853E+00	 1.797E+00	 1.803E+00	 1.586E+02	 5.067E+01	-3.974E+01	 4.702E+02	 8.741E+02	 6.071E+01	 2.512E+02	 1.513E+02	-3.185E+00	 1.496E+02	 1.367E+00	 6.109E+01
   18.9500	 1.299E+01	-2.344E+01	 0.000E+00	 9.779E-01	-3.647E-01	 8.587E+00	-7.932E-01	 3.141E+00	-3.129E-01	 8.850E+00	 1.701E+00	 1.758E+00	 1.546E+02	 5.320E+01	-4.099E+01	 4.806E+02	 9.055E+02	 8.608E+01	 2.452E+02	 1.532E+02	-2.982E+00	 1.505E+02	 1.679E+00	 6.107E+01
   19.0000	 1.299E+01	-2.344E+01	 0.000E+00	 9.904E-01	-3.691E-01	 8.356E+00	-2.817E-01	 3.287E+00	-3.068E-01	 8.846E+00	 1.654E+00	 1.664E+00	 1.464E+02	 5.499E+01	-4.158E+01	 4.856E+02	 9.278E+02	 1.103E+02	 2.359E+02	 1.554E+02	-2.817E+00	 1.513E+02	 1.380E+00	 6.107E+01
   19.0500	 1.299E+01	-2.344E+01	 0.000E+00	 1.001E+00	-3.712E-01	 7.699E+00	 2.272E-01	 3.391E+00	-2.991E-01	 8.842E+00	 1.633E+00	 1.614E+00	 1.420E+02	 5.620E+01	-4.166E+01	 4.844E+02	 9.412E+02	 1.332E+02	 2.240E+02	 1.571E+02	-2.701E+00	 1.532E+02	 5.517E-01	 6.108E+01
   19.1000	 1.299E+01	-2.344E+01	 0.000E+00	 1.008E+00	-3.699E-01	 7.389E+00	 4.829E-01	 3.412E+00	-2.699E-01	 8.837E+00	 1.402E+00	 1.437E+00	 1.264E+02	 5.669E+01	-4.116E+01	 4.759E+02	 9.460E+02	 1.547E+02	 2.095E+02	 1.579E+02	-2.776E+00	 1.565E+02	-4.937E-01	 6.110E+01
   19.1500	 1.299E+01	-2.344E+01	 0.000E+00	 1.010E+00	-3.646E-01	 7.690E+00	 4.695E-01	 3.351E+00	-2.194E-01	 8.827E+00	 1.065E+00	 1.090E+00	 9.591E+01	 5.653E+01	-3.983E+01	 4.597E+02	 9.445E+02	 1.742E+02	 1.922E+02	 1.578E+02	-3.112E+00	 1.604E+02	-1.539E+00	 6.112E+01
   19.2000	 1.299E+01	-2.344E+01	 0.000E+00	 1.009E+00	-3.558E-01	 8.566E+00	 3.311E-01	 3.293E+00	-1.413E-01	 8.810E+00	 8.117E-01	 7.862E-01	 6.916E+01	 5.606E+01	-3.811E+01	 4.380E+02	 9.394E+02	 1.918E+02	 1.728E+02	 1.573E+02	-3.602E+00	 1.628E+02	-2.559E+00	 6.114E+01
   19.2500	 1.299E+01	-2.344E+01	 0.000E+00	 1.006E+00	-3.450E-01	 9.712E+00	 1.883E-01	 3.313E+00	-3.674E-02	 8.786E+00	 6.161E-01	 5.922E-01	 5.209E+01	 5.530E+01	-3.599E+01	 4.118E+02	 9.311E+02	 2.068E+02	 1.512E+02	 1.571E+02	-4.160E+00	 1.622E+02	-3.577E+00	 6.117E+01
   19.3000	 1.299E+01	-2.344E+01	 0.000E+00	 1.004E+00	-3.331E-01	 1.044E+01	 1.495E-01	 3.427E+00	 4.176E-02	 8.757E+00	 5.738E-01	 5.486E-01	 4.826E+01	 5.434E+01	-3.354E+01	 3.823E+02	 9.210E+02	 2.193E+02	 1.279E+02	 1.570E+02	-4.715E+00	 1.588E+02	-4.601E+00	 6.120E+01
   19.3500	 1.299E+01	-2.344E+01	 0.000E+00	 1.005E+00	-3.208E-01	 1.088E+01	 1.959E-01	 3.513E+00	 7.608E-02	 8.727E+00	 6.825E-01	 6.596E-01	 5.802E+01	 5.326E+01	-3.078E+01	 3.498E+02	 9.109E+02	 2.292E+02	 1.033E+02	 1.565E+02	-5.249E+00	 1.541E+02	-5.561E+00	 6.121E+01
   19.4000	 1.299E+01	-2.344E+01	 0.000E+00	 1.010E+00	-3.083E-01	 1.131E+01	 2.407E-01	 3.413E+00	 6.090E-02	 8.701E+00	 8.978E-01	 8.787E-01	 7.729E+01	 5.233E+01	-2.775E+01	 3.142E+02	 9.040E+02	 2.368E+02	 7.787E+01	 1.551E+02	-5.788E+00	 1.499E+02	-6.334E+00	 6.122E+01
   19.4500	 1.299E+01	-2.344E+01	 0.000E+00	 1.020E+00	-2.952E-01	 1.183E+01	 2.131E-01	 3.237E+00	-4.997E-03	 8.680E+00	 1.142E+00	 1.138E+00	 1.001E+02	 5.162E+01	-2.445E+01	 2.749E+02	 9.016E+02	 2.421E+02	 5.172E+01	 1.528E+02	-6.365E+00	 1.472E+02	-6.829E+00	 6.121E+01
   19.5000	 1.299E+01	-2.344E+01	 0.000E+00	 1.034E+00	-2.818E-01	 1.224E+01	 7.187E-02	 3.148E+00	-9.006E-02	 8.666E+00	 1.297E+00	 1.281E+00	 1.127E+02	 5.120E+01	-2.090E+01	 2.321E+02	 9.044E+02	 2.456E+02	 2.502E+01	 1.498E+02	-7.016E+00	 1.454E+02	-7.021E+00	 6.120E+01
   19.5500	 1.299E+01	-2.344E+01	 0.000E+00	 1.055E+00	-2.684E-01	 1.247E+01	-1.277E-01	 3.155E+00	-1.811E-01	 8.657E+00	 1.412E+00	 1.408E+00	 1.238E+02	 5.104E+01	-1.713E+01	 1.864E+02	 9.121E+02	 2.468E+02	-2.045E+00	 1.470E+02	-7.674E+00	 1.432E+02	-7.023E+00	 6.117E+01
   19.6000	 1.299E+01	-2.344E+01	 0.000E+00	 1.081E+00	-2.555E-01	 1.258E+01	-3.051E-01	 3.061E+00	-2.568E-01	 8.653E+00	 1.579E+00	 1.567E+00	 1.378E+02	 5.112E+01	-1.318E+01	 1.389E+02	 9.242E+02	 2.455E+02	-2.912E+01	 1.451E+02	-8.282E+00	 1.399E+02	-6.979E+00	 6.114E+01
   19.6500	 1.299E+01	-2.344E+01	 0.000E+00	 1.113E+00	-2.435E-01	 1.264E+01	-4.402E-01	 2.934E+00	-2.928E-01	 8.653E+00	 1.723E+00	 1.730E+00	 1.522E+02	 5.141E+01	-9.157E+00	 9.071E+01	 9.404E+02	 2.419E+02	-5.590E+01	 1.440E+02	-8.819E+00	 1.360E+02	-7.002E+00	 6.111E+01
   19.7000	 1.299E+01	-2.344E+01	 0.000E+00	 1.149E+00	-2.327E-01	 1.274E+01	-4.895E-01	 2.929E+00	-2.976E-01	 8.659E+00	 1.908E+00	 1.917E+00	 1.687E+02	 5.190E+01	-5.099E+00	 4.272E+01	 9.599E+02	 2.360E+02	-8.217E+01	 1.433E+02	-9.281E+00	 1.330E+02	-7.161E+00	 6.108E+01
   19.7500	 1.299E+01	-2.344E+01	 0.000E+00	 1.188E+00	-2.231E-01	 1.294E+01	-4.921E-01	 3.032E+00	-2.786E-01	 8.670E+00	 1.962E+00	 1.981E+00	 1.742E+02	 5.261E+01	-1.098E+00	-4.217E+00	 9.825E+02	 2.278E+02	-1.077E+02	 1.426E+02	-9.745E+00	 1.319E+02	-7.414E+00	 6.106E+01
   19.8000	 1.299E+01	-2.344E+01	 0.000E+00	 1.230E+00	-2.147E-01	 1.333E+01	-4.117E-01	 3.095E+00	-3.009E-01	 8.684E+00	 2.070E+00	 2.097E+00	 1.845E+02	 5.355E+01	 2.864E+00	-5.016E+01	 1.008E+03	 2.173E+02	-1.324E+02	 1.421E+02	-1.020E+01	 1.329E+02	-7.810E+00	 6.104E+01
   19.8500	 1.299E+01	-2.344E+01	 0.000E+00	 1.274E+00	-2.075E-01	 1.385E+01	-3.354E-01	 3.107E+00	-3.605E-01	 8.702E+00	 2.058E+00	 2.095E+00	 1.842E+02	 5.473E+01	 6.724E+00	-9.475E+01	 1.037E+03	 2.042E+02	-1.558E+02	 1.420E+02	-1.071E+01	 1.351E+02	-8.297E+00	 6.102E+01
   19.9000	 1.299E+01	-2.344E+01	 0.000E+00	 1.321E+00	-2.015E-01	 1.443E+01	-2.848E-01	 3.090E+00	-4.330E-01	 8.721E+00	 1.922E+00	 1.954E+00	 1.719E+02	 5.615E+01	 1.044E+01	-1.376E+02	 1.069E+03	 1.886E+02	-1.775E+02	 1.429E+02	-1.128E+01	 1.373E+02	-8.930E+00	 6.102E+01
   19.9500	 1.299E+01	-2.344E+01	 0.000E+00	 1.372E+00	-1.970E-01	 1.502E+01	-2.240E-01	 3.200E+00	-4.860E-01	 8.737E+00	 1.742E+00	 1.802E+00	 1.585E+02	 5.780E+01	 1.397E+01	-1.779E+02	 1.105E+03	 1.705E+02	-1.969E+02	 1.450E+02	-1.182E+01	 1.390E+02	-9.825E+00	 6.103E+01
   20.0000	 1.299E+01	-2.344E+01	 0.000E+00	 1.425E+00	-1.945E-01	 1.541E+01	-1.188E-01	 3.431E+00	-4.676E-01	 8.750E+00	 1.555E+00	 1.532E+00	 1.348E+02	 5.968E+01	 1.724E+01	-2.148E+02	 1.143E+03	 1.500E+02	-2.136E+02	 1.475E+02	-1.235E+01	 1.408E+02	-1.098E+01	 6.105E+01
