
These predictions were generated by MoorDyn (v2.a272022-07-20) on 06-Dec-2022 at 13:08:30.

 
 
 
      Time          CON1FX          CON1FY          CON1FZ          CON2FX          CON2FY          CON2FZ         L1N20PX         L1N20PY         L1N20PZ          L1N9PX         L1N10PY         L1N10PZ          L1N10T          L1N1PX          L1N1PY          L1N1PZ           L1N1T
       (s)             (N)             (N)             (N)             (N)             (N)             (N)             (m)             (m)             (m)             (m)             (m)             (m)             (N)             (m)             (m)             (m)             (N)
    0.2000   2.3920852E+06   0.0000000E+00  -3.0299180E+06  -2.3932476E+06   0.0000000E+00  -5.5141497E+04   7.0450483E+02   0.0000000E+00  -5.4408631E+02   1.1942115E+03   0.0000000E+00  -6.0000377E+02   2.3936241E+06   1.5549124E+03   0.0000000E+00  -6.0000376E+02   2.3932519E+06
    0.4000   2.3878564E+06   0.0000000E+00  -3.0259744E+06  -2.3860543E+06   0.0000000E+00  -5.5140899E+04   7.0451575E+02   0.0000000E+00  -5.4406383E+02   1.1942139E+03   0.0000000E+00  -6.0000377E+02   2.3867670E+06   1.5549127E+03   0.0000000E+00  -6.0000376E+02   2.3860620E+06
    0.6000   2.3824251E+06   0.0000000E+00  -3.0200803E+06  -2.3800651E+06   0.0000000E+00  -5.5140402E+04   7.0452666E+02   0.0000000E+00  -5.4403811E+02   1.1942159E+03   0.0000000E+00  -6.0000377E+02   2.3806192E+06   1.5549129E+03   0.0000000E+00  -6.0000376E+02   2.3800710E+06
    0.8000   2.3764554E+06   0.0000000E+00  -3.0130804E+06  -2.3749394E+06   0.0000000E+00  -5.5139976E+04   7.0453683E+02   0.0000000E+00  -5.4401196E+02   1.1942177E+03   0.0000000E+00  -6.0000377E+02   2.3750461E+06   1.5549131E+03   0.0000000E+00  -6.0000376E+02   2.3749405E+06
    1.0000   2.3708507E+06   0.0000000E+00  -3.0062597E+06  -2.3699092E+06   0.0000000E+00  -5.5139558E+04   7.0454576E+02   0.0000000E+00  -5.4398828E+02   1.1942194E+03   0.0000000E+00  -6.0000377E+02   2.3696019E+06   1.5549133E+03   0.0000000E+00  -6.0000376E+02   2.3699058E+06
    1.2000   2.3663862E+06   0.0000000E+00  -3.0007806E+06  -2.3643207E+06   0.0000000E+00  -5.5139093E+04   7.0455321E+02   0.0000000E+00  -5.4396915E+02   1.1942212E+03   0.0000000E+00  -6.0000377E+02   2.3639402E+06   1.5549135E+03   0.0000000E+00  -6.0000376E+02   2.3643164E+06
    1.4000   2.3634397E+06   0.0000000E+00  -2.9972481E+06  -2.3581263E+06   0.0000000E+00  -5.5138578E+04   7.0455914E+02   0.0000000E+00  -5.4395530E+02   1.1942232E+03   0.0000000E+00  -6.0000377E+02   2.3581412E+06   1.5549137E+03   0.0000000E+00  -6.0000376E+02   2.3581261E+06
    1.6000   2.3619167E+06   0.0000000E+00  -2.9955773E+06  -2.3520540E+06   0.0000000E+00  -5.5138073E+04   7.0456357E+02   0.0000000E+00  -5.4394630E+02   1.1942251E+03   0.0000000E+00  -6.0000377E+02   2.3527877E+06   1.5549139E+03   0.0000000E+00  -6.0000376E+02   2.3520613E+06
    1.8000   2.3613732E+06   0.0000000E+00  -2.9951773E+06  -2.3473224E+06   0.0000000E+00  -5.5137680E+04   7.0456638E+02   0.0000000E+00  -5.4394125E+02   1.1942267E+03   0.0000000E+00  -6.0000377E+02   2.3487668E+06   1.5549141E+03   0.0000000E+00  -6.0000376E+02   2.3473372E+06
    2.0000   2.3612787E+06   0.0000000E+00  -2.9953431E+06  -2.3450743E+06   0.0000000E+00  -5.5137494E+04   7.0456731E+02   0.0000000E+00  -5.4393956E+02   1.1942275E+03   0.0000000E+00  -6.0000377E+02   2.3469011E+06   1.5549142E+03   0.0000000E+00  -6.0000376E+02   2.3450931E+06
    2.2000   2.3613165E+06   0.0000000E+00  -2.9956691E+06  -2.3458658E+06   0.0000000E+00  -5.5137560E+04   7.0456605E+02   0.0000000E+00  -5.4394138E+02   1.1942273E+03   0.0000000E+00  -6.0000377E+02   2.3475988E+06   1.5549142E+03   0.0000000E+00  -6.0000376E+02   2.3458836E+06
    2.4000   2.3615621E+06   0.0000000E+00  -2.9962611E+06  -2.3494579E+06   0.0000000E+00  -5.5137859E+04   7.0456236E+02   0.0000000E+00  -5.4394753E+02   1.1942263E+03   0.0000000E+00  -6.0000377E+02   2.3506827E+06   1.5549140E+03   0.0000000E+00  -6.0000376E+02   2.3494704E+06
    2.6000   2.3624172E+06   0.0000000E+00  -2.9976069E+06  -2.3549527E+06   0.0000000E+00  -5.5138315E+04   7.0455629E+02   0.0000000E+00  -5.4395885E+02   1.1942246E+03   0.0000000E+00  -6.0000377E+02   2.3554858E+06   1.5549139E+03   0.0000000E+00  -6.0000376E+02   2.3549579E+06
    2.8000   2.3643506E+06   0.0000000E+00  -3.0002167E+06  -2.3611976E+06   0.0000000E+00  -5.5138835E+04   7.0454828E+02   0.0000000E+00  -5.4397541E+02   1.1942226E+03   0.0000000E+00  -6.0000377E+02   2.3611451E+06   1.5549136E+03   0.0000000E+00  -6.0000376E+02   2.3611967E+06
    3.0000   2.3676183E+06   0.0000000E+00  -3.0042843E+06  -2.3672645E+06   0.0000000E+00  -5.5139339E+04   7.0453909E+02   0.0000000E+00  -5.4399600E+02   1.1942206E+03   0.0000000E+00  -6.0000377E+02   2.3669458E+06   1.5549134E+03   0.0000000E+00  -6.0000376E+02   2.3672609E+06
    3.2000   2.3720962E+06   0.0000000E+00  -3.0095360E+06  -2.3727785E+06   0.0000000E+00  -5.5139797E+04   7.0452961E+02   0.0000000E+00  -5.4401832E+02   1.1942188E+03   0.0000000E+00  -6.0000377E+02   2.3725406E+06   1.5549132E+03   0.0000000E+00  -6.0000376E+02   2.3727759E+06
    3.4000   2.3772795E+06   0.0000000E+00  -3.0153011E+06  -2.3779271E+06   0.0000000E+00  -5.5140225E+04   7.0452063E+02   0.0000000E+00  -5.4403960E+02   1.1942171E+03   0.0000000E+00  -6.0000377E+02   2.3779502E+06   1.5549130E+03   0.0000000E+00  -6.0000376E+02   2.3779274E+06
    3.6000   2.3824398E+06   0.0000000E+00  -3.0207432E+06  -2.3831569E+06   0.0000000E+00  -5.5140660E+04   7.0451266E+02   0.0000000E+00  -5.4405749E+02   1.1942153E+03   0.0000000E+00  -6.0000377E+02   2.3833812E+06   1.5549128E+03   0.0000000E+00  -6.0000376E+02   2.3831593E+06
    3.8000   2.3868937E+06   0.0000000E+00  -3.0251720E+06  -2.3887754E+06   0.0000000E+00  -5.5141127E+04   7.0450588E+02   0.0000000E+00  -5.4407068E+02   1.1942135E+03   0.0000000E+00  -6.0000377E+02   2.3889689E+06   1.5549126E+03   0.0000000E+00  -6.0000376E+02   2.3887776E+06
    4.0000   2.3902601E+06   0.0000000E+00  -3.0282983E+06  -2.3946858E+06   0.0000000E+00  -5.5141618E+04   7.0450026E+02   0.0000000E+00  -5.4407900E+02   1.1942116E+03   0.0000000E+00  -6.0000377E+02   2.3945782E+06   1.5549124E+03   0.0000000E+00  -6.0000376E+02   2.3946850E+06
    4.2000   2.3925496E+06   0.0000000E+00  -3.0302785E+06  -2.4003493E+06   0.0000000E+00  -5.5142089E+04   7.0449570E+02   0.0000000E+00  -5.4408313E+02   1.1942097E+03   0.0000000E+00  -6.0000377E+02   2.3997601E+06   1.5549122E+03   0.0000000E+00  -6.0000376E+02   2.4003434E+06
    4.4000   2.3940405E+06   0.0000000E+00  -3.0315257E+06  -2.4049541E+06   0.0000000E+00  -5.5142471E+04   7.0449222E+02   0.0000000E+00  -5.4408396E+02   1.1942082E+03   0.0000000E+00  -6.0000377E+02   2.4038929E+06   1.5549120E+03   0.0000000E+00  -6.0000376E+02   2.4049433E+06
    4.6000   2.3950532E+06   0.0000000E+00  -3.0324284E+06  -2.4077416E+06   0.0000000E+00  -5.5142703E+04   7.0448992E+02   0.0000000E+00  -5.4408213E+02   1.1942072E+03   0.0000000E+00  -6.0000377E+02   2.4064285E+06   1.5549119E+03   0.0000000E+00  -6.0000376E+02   2.4077281E+06
    4.8000   2.3957640E+06   0.0000000E+00  -3.0331352E+06  -2.4083473E+06   0.0000000E+00  -5.5142753E+04   7.0448894E+02   0.0000000E+00  -5.4407778E+02   1.1942070E+03   0.0000000E+00  -6.0000377E+02   2.4071103E+06   1.5549119E+03   0.0000000E+00  -6.0000376E+02   2.4083347E+06
    5.0000   2.3961358E+06   0.0000000E+00  -3.0334815E+06  -2.4069536E+06   0.0000000E+00  -5.5142637E+04   7.0448928E+02   0.0000000E+00  -5.4407084E+02   1.1942073E+03   0.0000000E+00  -6.0000377E+02   2.4060575E+06   1.5549119E+03   0.0000000E+00  -6.0000376E+02   2.4069446E+06
    5.2000   2.3959781E+06   0.0000000E+00  -3.0330783E+06  -2.4041584E+06   0.0000000E+00  -5.5142404E+04   7.0449075E+02   0.0000000E+00  -5.4406140E+02   1.1942082E+03   0.0000000E+00  -6.0000377E+02   2.4036896E+06   1.5549120E+03   0.0000000E+00  -6.0000376E+02   2.4041538E+06
    5.4000   2.3950937E+06   0.0000000E+00  -3.0315300E+06  -2.4006677E+06   0.0000000E+00  -5.5142114E+04   7.0449294E+02   0.0000000E+00  -5.4405003E+02   1.1942093E+03   0.0000000E+00  -6.0000377E+02   2.4005339E+06   1.5549121E+03   0.0000000E+00  -6.0000376E+02   2.4006666E+06
    5.6000   2.3934280E+06   0.0000000E+00  -3.0286834E+06  -2.3970078E+06   0.0000000E+00  -5.5141810E+04   7.0449535E+02   0.0000000E+00  -5.4403774E+02   1.1942105E+03   0.0000000E+00  -6.0000377E+02   2.3970129E+06   1.5549123E+03   0.0000000E+00  -6.0000376E+02   2.3970081E+06
    5.8000   2.3911299E+06   0.0000000E+00  -3.0247730E+06  -2.3933705E+06   0.0000000E+00  -5.5141508E+04   7.0449765E+02   0.0000000E+00  -5.4402560E+02   1.1942117E+03   0.0000000E+00  -6.0000377E+02   2.3933237E+06   1.5549124E+03   0.0000000E+00  -6.0000376E+02   2.3933701E+06
    6.0000   2.3884955E+06   0.0000000E+00  -3.0203760E+06  -2.3896417E+06   0.0000000E+00  -5.5141198E+04   7.0449979E+02   0.0000000E+00  -5.4401424E+02   1.1942129E+03   0.0000000E+00  -6.0000377E+02   2.3894595E+06   1.5549125E+03   0.0000000E+00  -6.0000376E+02   2.3896398E+06
    6.2000   2.3858364E+06   0.0000000E+00  -3.0161941E+06  -2.3855935E+06   0.0000000E+00  -5.5140861E+04   7.0450203E+02   0.0000000E+00  -5.4400359E+02   1.1942142E+03   0.0000000E+00  -6.0000377E+02   2.3853468E+06   1.5549127E+03   0.0000000E+00  -6.0000376E+02   2.3855909E+06
    6.4000   2.3833631E+06   0.0000000E+00  -3.0127839E+06  -2.3811408E+06   0.0000000E+00  -5.5140491E+04   7.0450474E+02   0.0000000E+00  -5.4399299E+02   1.1942157E+03   0.0000000E+00  -6.0000377E+02   2.3810120E+06   1.5549129E+03   0.0000000E+00  -6.0000376E+02   2.3811393E+06
    6.6000   2.3811458E+06   0.0000000E+00  -3.0103708E+06  -2.3765117E+06   0.0000000E+00  -5.5140107E+04   7.0450821E+02   0.0000000E+00  -5.4398171E+02   1.1942172E+03   0.0000000E+00  -6.0000377E+02   2.3766839E+06   1.5549130E+03   0.0000000E+00  -6.0000376E+02   2.3765133E+06
    6.8000   2.3791588E+06   0.0000000E+00  -3.0088234E+06  -2.3722277E+06   0.0000000E+00  -5.5139750E+04   7.0451237E+02   0.0000000E+00  -5.4396957E+02   1.1942186E+03   0.0000000E+00  -6.0000377E+02   2.3727741E+06   1.5549132E+03   0.0000000E+00  -6.0000376E+02   2.3722332E+06
    7.0000   2.3773684E+06   0.0000000E+00  -3.0077960E+06  -2.3689065E+06   0.0000000E+00  -5.5139475E+04   7.0451677E+02   0.0000000E+00  -5.4395735E+02   1.1942197E+03   0.0000000E+00  -6.0000377E+02   2.3697475E+06   1.5549133E+03   0.0000000E+00  -6.0000376E+02   2.3689151E+06
    7.2000   2.3758087E+06   0.0000000E+00  -3.0069656E+06  -2.3670090E+06   0.0000000E+00  -5.5139317E+04   7.0452068E+02   0.0000000E+00  -5.4394673E+02   1.1942203E+03   0.0000000E+00  -6.0000377E+02   2.3679547E+06   1.5549134E+03   0.0000000E+00  -6.0000376E+02   2.3670187E+06
    7.4000   2.3746128E+06   0.0000000E+00  -3.0062406E+06  -2.3666697E+06   0.0000000E+00  -5.5139289E+04   7.0452333E+02   0.0000000E+00  -5.4393988E+02   1.1942205E+03   0.0000000E+00  -6.0000377E+02   2.3675062E+06   1.5549134E+03   0.0000000E+00  -6.0000376E+02   2.3666782E+06
    7.6000   2.3739777E+06   0.0000000E+00  -3.0058200E+06  -2.3676737E+06   0.0000000E+00  -5.5139372E+04   7.0452419E+02   0.0000000E+00  -5.4393863E+02   1.1942202E+03   0.0000000E+00  -6.0000377E+02   2.3682514E+06   1.5549134E+03   0.0000000E+00  -6.0000376E+02   2.3676795E+06
    7.8000   2.3740788E+06   0.0000000E+00  -3.0060722E+06  -2.3695762E+06   0.0000000E+00  -5.5139531E+04   7.0452316E+02   0.0000000E+00  -5.4394388E+02   1.1942197E+03   0.0000000E+00  -6.0000377E+02   2.3698728E+06   1.5549133E+03   0.0000000E+00  -6.0000376E+02   2.3695791E+06
    8.0000   2.3749810E+06   0.0000000E+00  -3.0073105E+06  -2.3719201E+06   0.0000000E+00  -5.5139726E+04   7.0452054E+02   0.0000000E+00  -5.4395517E+02   1.1942189E+03   0.0000000E+00  -6.0000377E+02   2.3720485E+06   1.5549132E+03   0.0000000E+00  -6.0000376E+02   2.3719212E+06
    8.2000   2.3765989E+06   0.0000000E+00  -3.0096011E+06  -2.3744535E+06   0.0000000E+00  -5.5139936E+04   7.0451696E+02   0.0000000E+00  -5.4397085E+02   1.1942181E+03   0.0000000E+00  -6.0000377E+02   2.3745738E+06   1.5549131E+03   0.0000000E+00  -6.0000376E+02   2.3744546E+06
    8.4000   2.3787168E+06   0.0000000E+00  -3.0127006E+06  -2.3771894E+06   0.0000000E+00  -5.5140164E+04   7.0451308E+02   0.0000000E+00  -5.4398873E+02   1.1942172E+03   0.0000000E+00  -6.0000377E+02   2.3774010E+06   1.5549130E+03   0.0000000E+00  -6.0000376E+02   2.3771915E+06
    8.6000   2.3810510E+06   0.0000000E+00  -3.0161414E+06  -2.3802886E+06   0.0000000E+00  -5.5140421E+04   7.0450940E+02   0.0000000E+00  -5.4400686E+02   1.1942162E+03   0.0000000E+00  -6.0000377E+02   2.3805720E+06   1.5549129E+03   0.0000000E+00  -6.0000376E+02   2.3802915E+06
    8.8000   2.3833266E+06   0.0000000E+00  -3.0194145E+06  -2.3838584E+06   0.0000000E+00  -5.5140718E+04   7.0450612E+02   0.0000000E+00  -5.4402398E+02   1.1942150E+03   0.0000000E+00  -6.0000377E+02   2.3840928E+06   1.5549128E+03   0.0000000E+00  -6.0000376E+02   2.3838609E+06
    9.0000   2.3853536E+06   0.0000000E+00  -3.0221642E+06  -2.3877935E+06   0.0000000E+00  -5.5141045E+04   7.0450328E+02   0.0000000E+00  -5.4403969E+02   1.1942138E+03   0.0000000E+00  -6.0000377E+02   2.3878261E+06   1.5549126E+03   0.0000000E+00  -6.0000376E+02   2.3877939E+06
    9.2000   2.3870609E+06   0.0000000E+00  -3.0242839E+06  -2.3917367E+06   0.0000000E+00  -5.5141373E+04   7.0450079E+02   0.0000000E+00  -5.4405413E+02   1.1942125E+03   0.0000000E+00  -6.0000377E+02   2.3914590E+06   1.5549125E+03   0.0000000E+00  -6.0000376E+02   2.3917340E+06
    9.4000   2.3884700E+06   0.0000000E+00  -3.0258682E+06  -2.3951650E+06   0.0000000E+00  -5.5141658E+04   7.0449866E+02   0.0000000E+00  -5.4406749E+02   1.1942114E+03   0.0000000E+00  -6.0000377E+02   2.3945677E+06   1.5549124E+03   0.0000000E+00  -6.0000376E+02   2.3951590E+06
    9.6000   2.3896214E+06   0.0000000E+00  -3.0270648E+06  -2.3975596E+06   0.0000000E+00  -5.5141857E+04   7.0449703E+02   0.0000000E+00  -5.4407966E+02   1.1942105E+03   0.0000000E+00  -6.0000377E+02   2.3967492E+06   1.5549123E+03   0.0000000E+00  -6.0000376E+02   2.3975513E+06
    9.8000   2.3904986E+06   0.0000000E+00  -3.0279280E+06  -2.3985958E+06   0.0000000E+00  -5.5141943E+04   7.0449615E+02   0.0000000E+00  -5.4409003E+02   1.1942102E+03   0.0000000E+00  -6.0000377E+02   2.3977566E+06   1.5549122E+03   0.0000000E+00  -6.0000376E+02   2.3985872E+06
   10.0000   2.3909990E+06   0.0000000E+00  -3.0283669E+06  -2.3982604E+06   0.0000000E+00  -5.5141915E+04   7.0449629E+02   0.0000000E+00  -5.4409765E+02   1.1942102E+03   0.0000000E+00  -6.0000377E+02   2.3975682E+06   1.5549122E+03   0.0000000E+00  -6.0000376E+02   2.3982534E+06
   10.2000   2.3909621E+06   0.0000000E+00  -3.0281969E+06  -2.3968216E+06   0.0000000E+00  -5.5141795E+04   7.0449765E+02   0.0000000E+00  -5.4410156E+02   1.1942106E+03   0.0000000E+00  -6.0000377E+02   2.3963583E+06   1.5549123E+03   0.0000000E+00  -6.0000376E+02   2.3968170E+06
   10.4000   2.3902313E+06   0.0000000E+00  -3.0272381E+06  -2.3946628E+06   0.0000000E+00  -5.5141615E+04   7.0450027E+02   0.0000000E+00  -5.4410120E+02   1.1942113E+03   0.0000000E+00  -6.0000377E+02   2.3943916E+06   1.5549124E+03   0.0000000E+00  -6.0000376E+02   2.3946602E+06
   10.6000   2.3887333E+06   0.0000000E+00  -3.0254151E+06  -2.3920882E+06   0.0000000E+00  -5.5141401E+04   7.0450403E+02   0.0000000E+00  -5.4409659E+02   1.1942121E+03   0.0000000E+00  -6.0000377E+02   2.3919066E+06   1.5549125E+03   0.0000000E+00  -6.0000376E+02   2.3920864E+06
   10.8000   2.3865524E+06   0.0000000E+00  -3.0228319E+06  -2.3892262E+06   0.0000000E+00  -5.5141163E+04   7.0450865E+02   0.0000000E+00  -5.4408844E+02   1.1942131E+03   0.0000000E+00  -6.0000377E+02   2.3890422E+06   1.5549126E+03   0.0000000E+00  -6.0000376E+02   2.3892244E+06
   11.0000   2.3839420E+06   0.0000000E+00  -3.0197738E+06  -2.3860594E+06   0.0000000E+00  -5.5140900E+04   7.0451381E+02   0.0000000E+00  -5.4407785E+02   1.1942141E+03   0.0000000E+00  -6.0000377E+02   2.3858324E+06   1.5549127E+03   0.0000000E+00  -6.0000376E+02   2.3860571E+06
   11.2000   2.3812369E+06   0.0000000E+00  -3.0166094E+06  -2.3825140E+06   0.0000000E+00  -5.5140605E+04   7.0451919E+02   0.0000000E+00  -5.4406600E+02   1.1942153E+03   0.0000000E+00  -6.0000377E+02   2.3822665E+06   1.5549128E+03   0.0000000E+00  -6.0000376E+02   2.3825115E+06
   11.4000   2.3787169E+06   0.0000000E+00  -3.0136540E+06  -2.3785648E+06   0.0000000E+00  -5.5140277E+04   7.0452454E+02   0.0000000E+00  -5.4405388E+02   1.1942165E+03   0.0000000E+00  -6.0000377E+02   2.3783860E+06   1.5549129E+03   0.0000000E+00  -6.0000376E+02   2.3785629E+06
   11.6000   2.3765159E+06   0.0000000E+00  -3.0110846E+06  -2.3743436E+06   0.0000000E+00  -5.5139926E+04   7.0452963E+02   0.0000000E+00  -5.4404209E+02   1.1942179E+03   0.0000000E+00  -6.0000377E+02   2.3743581E+06   1.5549131E+03   0.0000000E+00  -6.0000376E+02   2.3743436E+06
   11.8000   2.3746249E+06   0.0000000E+00  -3.0089388E+06  -2.3701885E+06   0.0000000E+00  -5.5139581E+04   7.0453430E+02   0.0000000E+00  -5.4403086E+02   1.1942193E+03   0.0000000E+00  -6.0000377E+02   2.3704750E+06   1.5549133E+03   0.0000000E+00  -6.0000376E+02   2.3701914E+06
   12.0000   2.3729671E+06   0.0000000E+00  -3.0071669E+06  -2.3665541E+06   0.0000000E+00  -5.5139279E+04   7.0453840E+02   0.0000000E+00  -5.4402018E+02   1.1942205E+03   0.0000000E+00  -6.0000377E+02   2.3670888E+06   1.5549134E+03   0.0000000E+00  -6.0000376E+02   2.3665596E+06
   12.2000   2.3714867E+06   0.0000000E+00  -3.0056901E+06  -2.3638374E+06   0.0000000E+00  -5.5139053E+04   7.0454182E+02   0.0000000E+00  -5.4400998E+02   1.1942214E+03   0.0000000E+00  -6.0000377E+02   2.3645134E+06   1.5549135E+03   0.0000000E+00  -6.0000376E+02   2.3638443E+06
   12.4000   2.3702172E+06   0.0000000E+00  -3.0044635E+06  -2.3622485E+06   0.0000000E+00  -5.5138921E+04   7.0454448E+02   0.0000000E+00  -5.4400030E+02   1.1942219E+03   0.0000000E+00  -6.0000377E+02   2.3629376E+06   1.5549136E+03   0.0000000E+00  -6.0000376E+02   2.3622555E+06
   12.6000   2.3693101E+06   0.0000000E+00  -3.0035439E+06  -2.3617866E+06   0.0000000E+00  -5.5138883E+04   7.0454630E+02   0.0000000E+00  -5.4399138E+02   1.1942221E+03   0.0000000E+00  -6.0000377E+02   2.3623872E+06   1.5549136E+03   0.0000000E+00  -6.0000376E+02   2.3617926E+06
   12.8000   2.3689882E+06   0.0000000E+00  -3.0031027E+06  -2.3622909E+06   0.0000000E+00  -5.5138925E+04   7.0454726E+02   0.0000000E+00  -5.4398368E+02   1.1942220E+03   0.0000000E+00  -6.0000377E+02   2.3627493E+06   1.5549136E+03   0.0000000E+00  -6.0000376E+02   2.3622955E+06
   13.0000   2.3694289E+06   0.0000000E+00  -3.0033467E+06  -2.3635217E+06   0.0000000E+00  -5.5139027E+04   7.0454727E+02   0.0000000E+00  -5.4397781E+02   1.1942216E+03   0.0000000E+00  -6.0000377E+02   2.3638453E+06   1.5549135E+03   0.0000000E+00  -6.0000376E+02   2.3635249E+06
   13.2000   2.3706559E+06   0.0000000E+00  -3.0043997E+06  -2.3652629E+06   0.0000000E+00  -5.5139172E+04   7.0454623E+02   0.0000000E+00  -5.4397442E+02   1.1942211E+03   0.0000000E+00  -6.0000377E+02   2.3655227E+06   1.5549135E+03   0.0000000E+00  -6.0000376E+02   2.3652654E+06
   13.4000   2.3725254E+06   0.0000000E+00  -3.0062370E+06  -2.3674243E+06   0.0000000E+00  -5.5139352E+04   7.0454404E+02   0.0000000E+00  -5.4397404E+02   1.1942204E+03   0.0000000E+00  -6.0000377E+02   2.3677108E+06   1.5549134E+03   0.0000000E+00  -6.0000376E+02   2.3674271E+06
   13.6000   2.3747984E+06   0.0000000E+00  -3.0086892E+06  -2.3700633E+06   0.0000000E+00  -5.5139571E+04   7.0454058E+02   0.0000000E+00  -5.4397696E+02   1.1942195E+03   0.0000000E+00  -6.0000377E+02   2.3704102E+06   1.5549133E+03   0.0000000E+00  -6.0000376E+02   2.3700668E+06
   13.8000   2.3772289E+06   0.0000000E+00  -3.0114853E+06  -2.3732794E+06   0.0000000E+00  -5.5139839E+04   7.0453584E+02   0.0000000E+00  -5.4398314E+02   1.1942185E+03   0.0000000E+00  -6.0000377E+02   2.3736304E+06   1.5549132E+03   0.0000000E+00  -6.0000376E+02   2.3732830E+06
   14.0000   2.3796272E+06   0.0000000E+00  -3.0143196E+06  -2.3770651E+06   0.0000000E+00  -5.5140153E+04   7.0452991E+02   0.0000000E+00  -5.4399224E+02   1.1942173E+03   0.0000000E+00  -6.0000377E+02   2.3773167E+06   1.5549130E+03   0.0000000E+00  -6.0000376E+02   2.3770677E+06
   14.2000   2.3819000E+06   0.0000000E+00  -3.0169527E+06  -2.3812386E+06   0.0000000E+00  -5.5140500E+04   7.0452302E+02   0.0000000E+00  -5.4400368E+02   1.1942159E+03   0.0000000E+00  -6.0000377E+02   2.3813047E+06   1.5549129E+03   0.0000000E+00  -6.0000376E+02   2.3812393E+06
   14.4000   2.3840541E+06   0.0000000E+00  -3.0192948E+06  -2.3854825E+06   0.0000000E+00  -5.5140853E+04   7.0451550E+02   0.0000000E+00  -5.4401680E+02   1.1942145E+03   0.0000000E+00  -6.0000377E+02   2.3853264E+06   1.5549127E+03   0.0000000E+00  -6.0000376E+02   2.3854810E+06
   14.6000   2.3861381E+06   0.0000000E+00  -3.0213866E+06  -2.3894288E+06   0.0000000E+00  -5.5141181E+04   7.0450771E+02   0.0000000E+00  -5.4403093E+02   1.1942132E+03   0.0000000E+00  -6.0000377E+02   2.3890664E+06   1.5549126E+03   0.0000000E+00  -6.0000376E+02   2.3894251E+06
   14.8000   2.3881585E+06   0.0000000E+00  -3.0232953E+06  -2.3927454E+06   0.0000000E+00  -5.5141457E+04   7.0450000E+02   0.0000000E+00  -5.4404538E+02   1.1942121E+03   0.0000000E+00  -6.0000377E+02   2.3922483E+06   1.5549125E+03   0.0000000E+00  -6.0000376E+02   2.3927403E+06
   15.0000   2.3900389E+06   0.0000000E+00  -3.0250159E+06  -2.3952274E+06   0.0000000E+00  -5.5141663E+04   7.0449269E+02   0.0000000E+00  -5.4405946E+02   1.1942113E+03   0.0000000E+00  -6.0000377E+02   2.3947088E+06   1.5549124E+03   0.0000000E+00  -6.0000376E+02   2.3952221E+06
   15.2000   2.3916484E+06   0.0000000E+00  -3.0264499E+06  -2.3968603E+06   0.0000000E+00  -5.5141798E+04   7.0448608E+02   0.0000000E+00  -5.4407240E+02   1.1942107E+03   0.0000000E+00  -6.0000377E+02   2.3964204E+06   1.5549123E+03   0.0000000E+00  -6.0000376E+02   2.3968559E+06
   15.4000   2.3928577E+06   0.0000000E+00  -3.0274466E+06  -2.3977878E+06   0.0000000E+00  -5.5141875E+04   7.0448041E+02   0.0000000E+00  -5.4408337E+02   1.1942104E+03   0.0000000E+00  -6.0000377E+02   2.3974568E+06   1.5549123E+03   0.0000000E+00  -6.0000376E+02   2.3977846E+06
   15.6000   2.3935766E+06   0.0000000E+00  -3.0278644E+06  -2.3981897E+06   0.0000000E+00  -5.5141909E+04   7.0447593E+02   0.0000000E+00  -5.4409160E+02   1.1942102E+03   0.0000000E+00  -6.0000377E+02   2.3979253E+06   1.5549122E+03   0.0000000E+00  -6.0000376E+02   2.3981871E+06
   15.8000   2.3937690E+06   0.0000000E+00  -3.0276288E+06  -2.3981656E+06   0.0000000E+00  -5.5141907E+04   7.0447285E+02   0.0000000E+00  -5.4409651E+02   1.1942102E+03   0.0000000E+00  -6.0000377E+02   2.3979018E+06   1.5549122E+03   0.0000000E+00  -6.0000376E+02   2.3981630E+06
   16.0000   2.3934653E+06   0.0000000E+00  -3.0267853E+06  -2.3977056E+06   0.0000000E+00  -5.5141868E+04   7.0447131E+02   0.0000000E+00  -5.4409786E+02   1.1942104E+03   0.0000000E+00  -6.0000377E+02   2.3974016E+06   1.5549123E+03   0.0000000E+00  -6.0000376E+02   2.3977025E+06
   16.2000   2.3927617E+06   0.0000000E+00  -3.0255058E+06  -2.3967389E+06   0.0000000E+00  -5.5141788E+04   7.0447133E+02   0.0000000E+00  -5.4409584E+02   1.1942107E+03   0.0000000E+00  -6.0000377E+02   2.3963963E+06   1.5549123E+03   0.0000000E+00  -6.0000376E+02   2.3967355E+06
   16.4000   2.3917780E+06   0.0000000E+00  -3.0240178E+06  -2.3952050E+06   0.0000000E+00  -5.5141660E+04   7.0447282E+02   0.0000000E+00  -5.4409094E+02   1.1942111E+03   0.0000000E+00  -6.0000377E+02   2.3948645E+06   1.5549123E+03   0.0000000E+00  -6.0000376E+02   2.3952015E+06
   16.6000   2.3905995E+06   0.0000000E+00  -3.0225008E+06  -2.3931169E+06   0.0000000E+00  -5.5141487E+04   7.0447562E+02   0.0000000E+00  -5.4408377E+02   1.1942118E+03   0.0000000E+00  -6.0000377E+02   2.3928507E+06   1.5549124E+03   0.0000000E+00  -6.0000376E+02   2.3931142E+06
   16.8000   2.3892593E+06   0.0000000E+00  -3.0210424E+06  -2.3906104E+06   0.0000000E+00  -5.5141279E+04   7.0447953E+02   0.0000000E+00  -5.4407480E+02   1.1942126E+03   0.0000000E+00  -6.0000377E+02   2.3904910E+06   1.5549125E+03   0.0000000E+00  -6.0000376E+02   2.3906091E+06
   17.0000   2.3877654E+06   0.0000000E+00  -3.0196647E+06  -2.3879371E+06   0.0000000E+00  -5.5141056E+04   7.0448442E+02   0.0000000E+00  -5.4406417E+02   1.1942135E+03   0.0000000E+00  -6.0000377E+02   2.3879864E+06   1.5549126E+03   0.0000000E+00  -6.0000376E+02   2.3879377E+06
   17.2000   2.3861230E+06   0.0000000E+00  -3.0183550E+06  -2.3853738E+06   0.0000000E+00  -5.5140843E+04   7.0449021E+02   0.0000000E+00  -5.4405176E+02   1.1942143E+03   0.0000000E+00  -6.0000377E+02   2.3855460E+06   1.5549127E+03   0.0000000E+00  -6.0000376E+02   2.3853756E+06
   17.4000   2.3843481E+06   0.0000000E+00  -3.0170880E+06  -2.3831112E+06   0.0000000E+00  -5.5140655E+04   7.0449683E+02   0.0000000E+00  -5.4403748E+02   1.1942151E+03   0.0000000E+00  -6.0000377E+02   2.3833263E+06   1.5549128E+03   0.0000000E+00  -6.0000376E+02   2.3831135E+06
   17.6000   2.3824986E+06   0.0000000E+00  -3.0158652E+06  -2.3812055E+06   0.0000000E+00  -5.5140497E+04   7.0450414E+02   0.0000000E+00  -5.4402149E+02   1.1942157E+03   0.0000000E+00  -6.0000377E+02   2.3813973E+06   1.5549129E+03   0.0000000E+00  -6.0000376E+02   2.3812075E+06
   17.8000   2.3806947E+06   0.0000000E+00  -3.0147439E+06  -2.3796084E+06   0.0000000E+00  -5.5140364E+04   7.0451190E+02   0.0000000E+00  -5.4400451E+02   1.1942163E+03   0.0000000E+00  -6.0000377E+02   2.3797442E+06   1.5549129E+03   0.0000000E+00  -6.0000376E+02   2.3796097E+06
   18.0000   2.3790880E+06   0.0000000E+00  -3.0138086E+06  -2.3782240E+06   0.0000000E+00  -5.5140249E+04   7.0451966E+02   0.0000000E+00  -5.4398778E+02   1.1942167E+03   0.0000000E+00  -6.0000377E+02   2.3783035E+06   1.5549130E+03   0.0000000E+00  -6.0000376E+02   2.3782248E+06
   18.2000   2.3777969E+06   0.0000000E+00  -3.0131097E+06  -2.3769618E+06   0.0000000E+00  -5.5140144E+04   7.0452694E+02   0.0000000E+00  -5.4397278E+02   1.1942171E+03   0.0000000E+00  -6.0000377E+02   2.3770174E+06   1.5549130E+03   0.0000000E+00  -6.0000376E+02   2.3769623E+06
   18.4000   2.3768653E+06   0.0000000E+00  -3.0126336E+06  -2.3757898E+06   0.0000000E+00  -5.5140047E+04   7.0453323E+02   0.0000000E+00  -5.4396085E+02   1.1942175E+03   0.0000000E+00  -6.0000377E+02   2.3758760E+06   1.5549131E+03   0.0000000E+00  -6.0000376E+02   2.3757906E+06
   18.6000   2.3762692E+06   0.0000000E+00  -3.0123245E+06  -2.3747678E+06   0.0000000E+00  -5.5139962E+04   7.0453819E+02   0.0000000E+00  -5.4395283E+02   1.1942179E+03   0.0000000E+00  -6.0000377E+02   2.3749281E+06   1.5549131E+03   0.0000000E+00  -6.0000376E+02   2.3747694E+06
   18.8000   2.3759504E+06   0.0000000E+00  -3.0121257E+06  -2.3740229E+06   0.0000000E+00  -5.5139900E+04   7.0454172E+02   0.0000000E+00  -5.4394884E+02   1.1942181E+03   0.0000000E+00  -6.0000377E+02   2.3742573E+06   1.5549131E+03   0.0000000E+00  -6.0000376E+02   2.3740253E+06
   19.0000   2.3758457E+06   0.0000000E+00  -3.0120064E+06  -2.3736739E+06   0.0000000E+00  -5.5139871E+04   7.0454388E+02   0.0000000E+00  -5.4394840E+02   1.1942182E+03   0.0000000E+00  -6.0000377E+02   2.3739375E+06   1.5549131E+03   0.0000000E+00  -6.0000376E+02   2.3736766E+06
   19.2000   2.3759063E+06   0.0000000E+00  -3.0119696E+06  -2.3737593E+06   0.0000000E+00  -5.5139878E+04   7.0454489E+02   0.0000000E+00  -5.4395075E+02   1.1942182E+03   0.0000000E+00  -6.0000377E+02   2.3739921E+06   1.5549131E+03   0.0000000E+00  -6.0000376E+02   2.3737617E+06
   19.4000   2.3761084E+06   0.0000000E+00  -3.0120529E+06  -2.3742185E+06   0.0000000E+00  -5.5139916E+04   7.0454495E+02   0.0000000E+00  -5.4395521E+02   1.1942181E+03   0.0000000E+00  -6.0000377E+02   2.3743788E+06   1.5549131E+03   0.0000000E+00  -6.0000376E+02   2.3742201E+06
   19.6000   2.3764519E+06   0.0000000E+00  -3.0123157E+06  -2.3749269E+06   0.0000000E+00  -5.5139975E+04   7.0454416E+02   0.0000000E+00  -5.4396149E+02   1.1942179E+03   0.0000000E+00  -6.0000377E+02   2.3750074E+06   1.5549131E+03   0.0000000E+00  -6.0000376E+02   2.3749277E+06
   19.8000   2.3769411E+06   0.0000000E+00  -3.0128052E+06  -2.3757540E+06   0.0000000E+00  -5.5140044E+04   7.0454247E+02   0.0000000E+00  -5.4396970E+02   1.1942176E+03   0.0000000E+00  -6.0000377E+02   2.3757766E+06   1.5549131E+03   0.0000000E+00  -6.0000376E+02   2.3757542E+06
   20.0000   2.3775567E+06   0.0000000E+00  -3.0135112E+06  -2.3766099E+06   0.0000000E+00  -5.5140115E+04   7.0453978E+02   0.0000000E+00  -5.4398015E+02   1.1942173E+03   0.0000000E+00  -6.0000377E+02   2.3766097E+06   1.5549130E+03   0.0000000E+00  -6.0000376E+02   2.3766099E+06
   20.2000   2.3782454E+06   0.0000000E+00  -3.0143475E+06  -2.3774635E+06   0.0000000E+00  -5.5140186E+04   7.0453602E+02   0.0000000E+00  -5.4399291E+02   1.1942171E+03   0.0000000E+00  -6.0000377E+02   2.3774753E+06   1.5549130E+03   0.0000000E+00  -6.0000376E+02   2.3774636E+06
   20.4000   2.3789424E+06   0.0000000E+00  -3.0151872E+06  -2.3783398E+06   0.0000000E+00  -5.5140259E+04   7.0453131E+02   0.0000000E+00  -5.4400756E+02   1.1942168E+03   0.0000000E+00  -6.0000377E+02   2.3783798E+06   1.5549130E+03   0.0000000E+00  -6.0000376E+02   2.3783402E+06
   20.6000   2.3796001E+06   0.0000000E+00  -3.0159199E+06  -2.3792864E+06   0.0000000E+00  -5.5140338E+04   7.0452599E+02   0.0000000E+00  -5.4402308E+02   1.1942165E+03   0.0000000E+00  -6.0000377E+02   2.3793430E+06   1.5549129E+03   0.0000000E+00  -6.0000376E+02   2.3792870E+06
   20.8000   2.3801974E+06   0.0000000E+00  -3.0164925E+06  -2.3803269E+06   0.0000000E+00  -5.5140424E+04   7.0452056E+02   0.0000000E+00  -5.4403805E+02   1.1942161E+03   0.0000000E+00  -6.0000377E+02   2.3803670E+06   1.5549129E+03   0.0000000E+00  -6.0000376E+02   2.3803274E+06
   21.0000   2.3807361E+06   0.0000000E+00  -3.0169226E+06  -2.3814280E+06   0.0000000E+00  -5.5140516E+04   7.0451554E+02   0.0000000E+00  -5.4405107E+02   1.1942158E+03   0.0000000E+00  -6.0000377E+02   2.3814186E+06   1.5549129E+03   0.0000000E+00  -6.0000376E+02   2.3814279E+06
   21.2000   2.3812336E+06   0.0000000E+00  -3.0172843E+06  -2.3825036E+06   0.0000000E+00  -5.5140605E+04   7.0451135E+02   0.0000000E+00  -5.4406113E+02   1.1942154E+03   0.0000000E+00  -6.0000377E+02   2.3824312E+06   1.5549128E+03   0.0000000E+00  -6.0000376E+02   2.3825028E+06
   21.4000   2.3817121E+06   0.0000000E+00  -3.0176662E+06  -2.3834494E+06   0.0000000E+00  -5.5140684E+04   7.0450819E+02   0.0000000E+00  -5.4406786E+02   1.1942151E+03   0.0000000E+00  -6.0000377E+02   2.3833277E+06   1.5549128E+03   0.0000000E+00  -6.0000376E+02   2.3834482E+06
   21.6000   2.3821850E+06   0.0000000E+00  -3.0181177E+06  -2.3841885E+06   0.0000000E+00  -5.5140745E+04   7.0450604E+02   0.0000000E+00  -5.4407145E+02   1.1942148E+03   0.0000000E+00  -6.0000377E+02   2.3840510E+06   1.5549128E+03   0.0000000E+00  -6.0000376E+02   2.3841870E+06
   21.8000   2.3826459E+06   0.0000000E+00  -3.0186160E+06  -2.3847010E+06   0.0000000E+00  -5.5140788E+04   7.0450476E+02   0.0000000E+00  -5.4407244E+02   1.1942147E+03   0.0000000E+00  -6.0000377E+02   2.3845804E+06   1.5549127E+03   0.0000000E+00  -6.0000376E+02   2.3846998E+06
   22.0000   2.3830697E+06   0.0000000E+00  -3.0190758E+06  -2.3850198E+06   0.0000000E+00  -5.5140814E+04   7.0450416E+02   0.0000000E+00  -5.4407133E+02   1.1942146E+03   0.0000000E+00  -6.0000377E+02   2.3849301E+06   1.5549127E+03   0.0000000E+00  -6.0000376E+02   2.3850189E+06
   22.2000   2.3834201E+06   0.0000000E+00  -3.0193919E+06  -2.3851966E+06   0.0000000E+00  -5.5140829E+04   7.0450413E+02   0.0000000E+00  -5.4406844E+02   1.1942145E+03   0.0000000E+00  -6.0000377E+02   2.3851303E+06   1.5549127E+03   0.0000000E+00  -6.0000376E+02   2.3851960E+06
   22.4000   2.3836608E+06   0.0000000E+00  -3.0194895E+06  -2.3852675E+06   0.0000000E+00  -5.5140835E+04   7.0450465E+02   0.0000000E+00  -5.4406380E+02   1.1942145E+03   0.0000000E+00  -6.0000377E+02   2.3852032E+06   1.5549127E+03   0.0000000E+00  -6.0000376E+02   2.3852669E+06
   22.6000   2.3837674E+06   0.0000000E+00  -3.0193541E+06  -2.3852318E+06   0.0000000E+00  -5.5140832E+04   7.0450574E+02   0.0000000E+00  -5.4405740E+02   1.1942145E+03   0.0000000E+00  -6.0000377E+02   2.3851456E+06   1.5549127E+03   0.0000000E+00  -6.0000376E+02   2.3852309E+06
   22.8000   2.3837297E+06   0.0000000E+00  -3.0190233E+06  -2.3850499E+06   0.0000000E+00  -5.5140817E+04   7.0450738E+02   0.0000000E+00  -5.4404935E+02   1.1942145E+03   0.0000000E+00  -6.0000377E+02   2.3849339E+06   1.5549127E+03   0.0000000E+00  -6.0000376E+02   2.3850487E+06
   23.0000   2.3835558E+06   0.0000000E+00  -3.0185634E+06  -2.3846729E+06   0.0000000E+00  -5.5140785E+04   7.0450944E+02   0.0000000E+00  -5.4404011E+02   1.1942146E+03   0.0000000E+00  -6.0000377E+02   2.3845439E+06   1.5549127E+03   0.0000000E+00  -6.0000376E+02   2.3846716E+06
   23.2000   2.3832732E+06   0.0000000E+00  -3.0180468E+06  -2.3840836E+06   0.0000000E+00  -5.5140736E+04   7.0451169E+02   0.0000000E+00  -5.4403045E+02   1.1942148E+03   0.0000000E+00  -6.0000377E+02   2.3839725E+06   1.5549128E+03   0.0000000E+00  -6.0000376E+02   2.3840825E+06
   23.4000   2.3829151E+06   0.0000000E+00  -3.0175269E+06  -2.3833168E+06   0.0000000E+00  -5.5140672E+04   7.0451384E+02   0.0000000E+00  -5.4402120E+02   1.1942151E+03   0.0000000E+00  -6.0000377E+02   2.3832487E+06   1.5549128E+03   0.0000000E+00  -6.0000376E+02   2.3833161E+06
   23.6000   2.3824988E+06   0.0000000E+00  -3.0170192E+06  -2.3824468E+06   0.0000000E+00  -5.5140600E+04   7.0451568E+02   0.0000000E+00  -5.4401301E+02   1.1942154E+03   0.0000000E+00  -6.0000377E+02   2.3824331E+06   1.5549128E+03   0.0000000E+00  -6.0000376E+02   2.3824466E+06
   23.8000   2.3820276E+06   0.0000000E+00  -3.0165112E+06  -2.3815644E+06   0.0000000E+00  -5.5140527E+04   7.0451710E+02   0.0000000E+00  -5.4400616E+02   1.1942156E+03   0.0000000E+00  -6.0000377E+02   2.3816054E+06   1.5549128E+03   0.0000000E+00  -6.0000376E+02   2.3815648E+06
   24.0000   2.3815165E+06   0.0000000E+00  -3.0159940E+06  -2.3807587E+06   0.0000000E+00  -5.5140460E+04   7.0451813E+02   0.0000000E+00  -5.4400057E+02   1.1942159E+03   0.0000000E+00  -6.0000377E+02   2.3808425E+06   1.5549129E+03   0.0000000E+00  -6.0000376E+02   2.3807595E+06
   24.2000   2.3810151E+06   0.0000000E+00  -3.0154801E+06  -2.3800968E+06   0.0000000E+00  -5.5140405E+04   7.0451888E+02   0.0000000E+00  -5.4399598E+02   1.1942161E+03   0.0000000E+00  -6.0000377E+02   2.3801975E+06   1.5549129E+03   0.0000000E+00  -6.0000376E+02   2.3800979E+06
   24.4000   2.3806035E+06   0.0000000E+00  -3.0149955E+06  -2.3796015E+06   0.0000000E+00  -5.5140364E+04   7.0451942E+02   0.0000000E+00  -5.4399229E+02   1.1942163E+03   0.0000000E+00  -6.0000377E+02   2.3796916E+06   1.5549129E+03   0.0000000E+00  -6.0000376E+02   2.3796024E+06
   24.6000   2.3803685E+06   0.0000000E+00  -3.0145670E+06  -2.3792514E+06   0.0000000E+00  -5.5140335E+04   7.0451968E+02   0.0000000E+00  -5.4398979E+02   1.1942164E+03   0.0000000E+00  -6.0000377E+02   2.3793238E+06   1.5549129E+03   0.0000000E+00  -6.0000376E+02   2.3792521E+06
   24.8000   2.3803778E+06   0.0000000E+00  -3.0142258E+06  -2.3790178E+06   0.0000000E+00  -5.5140315E+04   7.0451943E+02   0.0000000E+00  -5.4398917E+02   1.1942165E+03   0.0000000E+00  -6.0000377E+02   2.3790920E+06   1.5549129E+03   0.0000000E+00  -6.0000376E+02   2.3790185E+06
   25.0000   2.3806591E+06   0.0000000E+00  -3.0140147E+06  -2.3789079E+06   0.0000000E+00  -5.5140306E+04   7.0451840E+02   0.0000000E+00  -5.4399131E+02   1.1942165E+03   0.0000000E+00  -6.0000377E+02   2.3790107E+06   1.5549129E+03   0.0000000E+00  -6.0000376E+02   2.3789089E+06
   25.2000   2.3811852E+06   0.0000000E+00  -3.0139781E+06  -2.3789729E+06   0.0000000E+00  -5.5140312E+04   7.0451632E+02   0.0000000E+00  -5.4399685E+02   1.1942165E+03   0.0000000E+00  -6.0000377E+02   2.3791163E+06   1.5549129E+03   0.0000000E+00  -6.0000376E+02   2.3789744E+06
   25.4000   2.3818815E+06   0.0000000E+00  -3.0141407E+06  -2.3792804E+06   0.0000000E+00  -5.5140337E+04   7.0451317E+02   0.0000000E+00  -5.4400585E+02   1.1942164E+03   0.0000000E+00  -6.0000377E+02   2.3794600E+06   1.5549129E+03   0.0000000E+00  -6.0000376E+02   2.3792823E+06
   25.6000   2.3826609E+06   0.0000000E+00  -3.0145007E+06  -2.3798884E+06   0.0000000E+00  -5.5140388E+04   7.0450917E+02   0.0000000E+00  -5.4401760E+02   1.1942162E+03   0.0000000E+00  -6.0000377E+02   2.3800894E+06   1.5549129E+03   0.0000000E+00  -6.0000376E+02   2.3798904E+06
   25.8000   2.3834684E+06   0.0000000E+00  -3.0150437E+06  -2.3808285E+06   0.0000000E+00  -5.5140466E+04   7.0450476E+02   0.0000000E+00  -5.4403078E+02   1.1942159E+03   0.0000000E+00  -6.0000377E+02   2.3810223E+06   1.5549129E+03   0.0000000E+00  -6.0000376E+02   2.3808305E+06
   26.0000   2.3842941E+06   0.0000000E+00  -3.0157545E+06  -2.3820829E+06   0.0000000E+00  -5.5140570E+04   7.0450051E+02   0.0000000E+00  -5.4404383E+02   1.1942155E+03   0.0000000E+00  -6.0000377E+02   2.3822274E+06   1.5549128E+03   0.0000000E+00  -6.0000376E+02   2.3820844E+06
   26.2000   2.3851460E+06   0.0000000E+00  -3.0166153E+06  -2.3835632E+06   0.0000000E+00  -5.5140693E+04   7.0449691E+02   0.0000000E+00  -5.4405545E+02   1.1942151E+03   0.0000000E+00  -6.0000377E+02   2.3836232E+06   1.5549128E+03   0.0000000E+00  -6.0000376E+02   2.3835638E+06
   26.4000   2.3860138E+06   0.0000000E+00  -3.0176034E+06  -2.3851259E+06   0.0000000E+00  -5.5140823E+04   7.0449425E+02   0.0000000E+00  -5.4406486E+02   1.1942146E+03   0.0000000E+00  -6.0000377E+02   2.3850956E+06   1.5549127E+03   0.0000000E+00  -6.0000376E+02   2.3851256E+06
   26.6000   2.3868520E+06   0.0000000E+00  -3.0186903E+06  -2.3866235E+06   0.0000000E+00  -5.5140948E+04   7.0449261E+02   0.0000000E+00  -5.4407190E+02   1.1942141E+03   0.0000000E+00  -6.0000377E+02   2.3865255E+06   1.5549127E+03   0.0000000E+00  -6.0000376E+02   2.3866225E+06
   26.8000   2.3875842E+06   0.0000000E+00  -3.0198271E+06  -2.3879496E+06   0.0000000E+00  -5.5141058E+04   7.0449187E+02   0.0000000E+00  -5.4407688E+02   1.1942136E+03   0.0000000E+00  -6.0000377E+02   2.3878123E+06   1.5549126E+03   0.0000000E+00  -6.0000376E+02   2.3879482E+06
   27.0000   2.3881225E+06   0.0000000E+00  -3.0209215E+06  -2.3890444E+06   0.0000000E+00  -5.5141149E+04   7.0449188E+02   0.0000000E+00  -5.4408016E+02   1.1942133E+03   0.0000000E+00  -6.0000377E+02   2.3888865E+06   1.5549126E+03   0.0000000E+00  -6.0000376E+02   2.3890428E+06
   27.2000   2.3883971E+06   0.0000000E+00  -3.0218385E+06  -2.3898769E+06   0.0000000E+00  -5.5141218E+04   7.0449249E+02   0.0000000E+00  -5.4408196E+02   1.1942130E+03   0.0000000E+00  -6.0000377E+02   2.3897064E+06   1.5549126E+03   0.0000000E+00  -6.0000376E+02   2.3898752E+06
   27.4000   2.3883861E+06   0.0000000E+00  -3.0224435E+06  -2.3904272E+06   0.0000000E+00  -5.5141264E+04   7.0449372E+02   0.0000000E+00  -5.4408212E+02   1.1942128E+03   0.0000000E+00  -6.0000377E+02   2.3902422E+06   1.5549125E+03   0.0000000E+00  -6.0000376E+02   2.3904253E+06
   27.6000   2.3881199E+06   0.0000000E+00  -3.0226614E+06  -2.3906705E+06   0.0000000E+00  -5.5141284E+04   7.0449565E+02   0.0000000E+00  -5.4408027E+02   1.1942127E+03   0.0000000E+00  -6.0000377E+02   2.3904576E+06   1.5549125E+03   0.0000000E+00  -6.0000376E+02   2.3906684E+06
   27.8000   2.3876460E+06   0.0000000E+00  -3.0224996E+06  -2.3905583E+06   0.0000000E+00  -5.5141274E+04   7.0449841E+02   0.0000000E+00  -5.4407603E+02   1.1942127E+03   0.0000000E+00  -6.0000377E+02   2.3903029E+06   1.5549125E+03   0.0000000E+00  -6.0000376E+02   2.3905558E+06
   28.0000   2.3869847E+06   0.0000000E+00  -3.0220286E+06  -2.3900194E+06   0.0000000E+00  -5.5141230E+04   7.0450202E+02   0.0000000E+00  -5.4406930E+02   1.1942129E+03   0.0000000E+00  -6.0000377E+02   2.3897273E+06   1.5549125E+03   0.0000000E+00  -6.0000376E+02   2.3900164E+06
   28.2000   2.3861188E+06   0.0000000E+00  -3.0213464E+06  -2.3889962E+06   0.0000000E+00  -5.5141144E+04   7.0450638E+02   0.0000000E+00  -5.4406043E+02   1.1942132E+03   0.0000000E+00  -6.0000377E+02   2.3887033E+06   1.5549126E+03   0.0000000E+00  -6.0000376E+02   2.3889932E+06
   28.4000   2.3850163E+06   0.0000000E+00  -3.0205374E+06  -2.3874951E+06   0.0000000E+00  -5.5141020E+04   7.0451123E+02   0.0000000E+00  -5.4405012E+02   1.1942137E+03   0.0000000E+00  -6.0000377E+02   2.3872508E+06   1.5549126E+03   0.0000000E+00  -6.0000376E+02   2.3874926E+06
   28.6000   2.3836621E+06   0.0000000E+00  -3.0196345E+06  -2.3856044E+06   0.0000000E+00  -5.5140863E+04   7.0451620E+02   0.0000000E+00  -5.4403927E+02   1.1942143E+03   0.0000000E+00  -6.0000377E+02   2.3854425E+06   1.5549127E+03   0.0000000E+00  -6.0000376E+02   2.3856028E+06
   28.8000   2.3820748E+06   0.0000000E+00  -3.0186039E+06  -2.3834638E+06   0.0000000E+00  -5.5140685E+04   7.0452096E+02   0.0000000E+00  -5.4402871E+02   1.1942150E+03   0.0000000E+00  -6.0000377E+02   2.3833895E+06   1.5549128E+03   0.0000000E+00  -6.0000376E+02   2.3834631E+06
   29.0000   2.3803156E+06   0.0000000E+00  -3.0173797E+06  -2.3812169E+06   0.0000000E+00  -5.5140498E+04   7.0452524E+02   0.0000000E+00  -5.4401903E+02   1.1942157E+03   0.0000000E+00  -6.0000377E+02   2.3812165E+06   1.5549129E+03   0.0000000E+00  -6.0000376E+02   2.3812169E+06
   29.2000   2.3784916E+06   0.0000000E+00  -3.0159319E+06  -2.3789817E+06   0.0000000E+00  -5.5140312E+04   7.0452892E+02   0.0000000E+00  -5.4401054E+02   1.1942164E+03   0.0000000E+00  -6.0000377E+02   2.3790325E+06   1.5549129E+03   0.0000000E+00  -6.0000376E+02   2.3789823E+06
   29.4000   2.3767415E+06   0.0000000E+00  -3.0143168E+06  -2.3768380E+06   0.0000000E+00  -5.5140134E+04   7.0453198E+02   0.0000000E+00  -5.4400331E+02   1.1942171E+03   0.0000000E+00  -6.0000377E+02   2.3769127E+06   1.5549130E+03   0.0000000E+00  -6.0000376E+02   2.3768388E+06
   29.6000   2.3752021E+06   0.0000000E+00  -3.0126669E+06  -2.3748203E+06   0.0000000E+00  -5.5139966E+04   7.0453443E+02   0.0000000E+00  -5.4399736E+02   1.1942178E+03   0.0000000E+00  -6.0000377E+02   2.3749021E+06   1.5549131E+03   0.0000000E+00  -6.0000376E+02   2.3748212E+06
   29.8000   2.3739752E+06   0.0000000E+00  -3.0111411E+06  -2.3729389E+06   0.0000000E+00  -5.5139810E+04   7.0453631E+02   0.0000000E+00  -5.4399269E+02   1.1942184E+03   0.0000000E+00  -6.0000377E+02   2.3730398E+06   1.5549132E+03   0.0000000E+00  -6.0000376E+02   2.3729399E+06
   30.0000   2.3731154E+06   0.0000000E+00  -3.0098754E+06  -2.3712288E+06   0.0000000E+00  -5.5139668E+04   7.0453759E+02   0.0000000E+00  -5.4398935E+02   1.1942190E+03   0.0000000E+00  -6.0000377E+02   2.3713848E+06   1.5549132E+03   0.0000000E+00  -6.0000376E+02   2.3712303E+06
   30.2000   2.3726342E+06   0.0000000E+00  -3.0089537E+06  -2.3697871E+06   0.0000000E+00  -5.5139548E+04   7.0453826E+02   0.0000000E+00  -5.4398736E+02   1.1942195E+03   0.0000000E+00  -6.0000377E+02   2.3700309E+06   1.5549133E+03   0.0000000E+00  -6.0000376E+02   2.3697895E+06
   30.4000   2.3725063E+06   0.0000000E+00  -3.0083988E+06  -2.3687622E+06   0.0000000E+00  -5.5139463E+04   7.0453827E+02   0.0000000E+00  -5.4398668E+02   1.1942198E+03   0.0000000E+00  -6.0000377E+02   2.3690991E+06   1.5549133E+03   0.0000000E+00  -6.0000376E+02   2.3687656E+06
   30.6000   2.3726846E+06   0.0000000E+00  -3.0081882E+06  -2.3683060E+06   0.0000000E+00  -5.5139425E+04   7.0453763E+02   0.0000000E+00  -5.4398716E+02   1.1942200E+03   0.0000000E+00  -6.0000377E+02   2.3687134E+06   1.5549133E+03   0.0000000E+00  -6.0000376E+02   2.3683101E+06
   30.8000   2.3731268E+06   0.0000000E+00  -3.0082907E+06  -2.3685290E+06   0.0000000E+00  -5.5139443E+04   7.0453635E+02   0.0000000E+00  -5.4398864E+02   1.1942199E+03   0.0000000E+00  -6.0000377E+02   2.3689656E+06   1.5549133E+03   0.0000000E+00  -6.0000376E+02   2.3685334E+06
   31.0000   2.3738225E+06   0.0000000E+00  -3.0086983E+06  -2.3694707E+06   0.0000000E+00  -5.5139522E+04   7.0453448E+02   0.0000000E+00  -5.4399103E+02   1.1942197E+03   0.0000000E+00  -6.0000377E+02   2.3698836E+06   1.5549133E+03   0.0000000E+00  -6.0000376E+02   2.3694749E+06
   31.2000   2.3747985E+06   0.0000000E+00  -3.0094316E+06  -2.3710826E+06   0.0000000E+00  -5.5139656E+04   7.0453204E+02   0.0000000E+00  -5.4399440E+02   1.1942192E+03   0.0000000E+00  -6.0000377E+02   2.3714219E+06   1.5549132E+03   0.0000000E+00  -6.0000376E+02   2.3710860E+06
   31.4000   2.3760973E+06   0.0000000E+00  -3.0105180E+06  -2.3732359E+06   0.0000000E+00  -5.5139835E+04   7.0452904E+02   0.0000000E+00  -5.4399895E+02   1.1942185E+03   0.0000000E+00  -6.0000377E+02   2.3734733E+06   1.5549132E+03   0.0000000E+00  -6.0000376E+02   2.3732383E+06
   31.6000   2.3777387E+06   0.0000000E+00  -3.0119652E+06  -2.3757598E+06   0.0000000E+00  -5.5140045E+04   7.0452548E+02   0.0000000E+00  -5.4400491E+02   1.1942177E+03   0.0000000E+00  -6.0000377E+02   2.3758972E+06   1.5549131E+03   0.0000000E+00  -6.0000376E+02   2.3757612E+06
   31.8000   2.3796865E+06   0.0000000E+00  -3.0137435E+06  -2.3784917E+06   0.0000000E+00  -5.5140272E+04   7.0452139E+02   0.0000000E+00  -5.4401233E+02   1.1942168E+03   0.0000000E+00  -6.0000377E+02   2.3785519E+06   1.5549130E+03   0.0000000E+00  -6.0000376E+02   2.3784923E+06
   32.0000   2.3818313E+06   0.0000000E+00  -3.0157758E+06  -2.3813092E+06   0.0000000E+00  -5.5140506E+04   7.0451690E+02   0.0000000E+00  -5.4402092E+02   1.1942159E+03   0.0000000E+00  -6.0000377E+02   2.3813150E+06   1.5549129E+03   0.0000000E+00  -6.0000376E+02   2.3813092E+06
   32.2000   2.3840004E+06   0.0000000E+00  -3.0179337E+06  -2.3841264E+06   0.0000000E+00  -5.5140740E+04   7.0451223E+02   0.0000000E+00  -5.4402999E+02   1.1942149E+03   0.0000000E+00  -6.0000377E+02   2.3840864E+06   1.5549128E+03   0.0000000E+00  -6.0000376E+02   2.3841260E+06
   32.4000   2.3860009E+06   0.0000000E+00  -3.0200514E+06  -2.3868687E+06   0.0000000E+00  -5.5140968E+04   7.0450769E+02   0.0000000E+00  -5.4403861E+02   1.1942140E+03   0.0000000E+00  -6.0000377E+02   2.3867775E+06   1.5549127E+03   0.0000000E+00  -6.0000376E+02   2.3868678E+06
   32.6000   2.3876781E+06   0.0000000E+00  -3.0219615E+06  -2.3894506E+06   0.0000000E+00  -5.5141183E+04   7.0450358E+02   0.0000000E+00  -5.4404583E+02   1.1942132E+03   0.0000000E+00  -6.0000377E+02   2.3892933E+06   1.5549126E+03   0.0000000E+00  -6.0000376E+02   2.3894491E+06
   32.8000   2.3889561E+06   0.0000000E+00  -3.0235301E+06  -2.3917606E+06   0.0000000E+00  -5.5141375E+04   7.0450017E+02   0.0000000E+00  -5.4405095E+02   1.1942124E+03   0.0000000E+00  -6.0000377E+02   2.3915169E+06   1.5549125E+03   0.0000000E+00  -6.0000376E+02   2.3917582E+06
   33.0000   2.3898346E+06   0.0000000E+00  -3.0246760E+06  -2.3936537E+06   0.0000000E+00  -5.5141532E+04   7.0449762E+02   0.0000000E+00  -5.4405367E+02   1.1942118E+03   0.0000000E+00  -6.0000377E+02   2.3933112E+06   1.5549124E+03   0.0000000E+00  -6.0000376E+02   2.3936503E+06
   33.2000   2.3903549E+06   0.0000000E+00  -3.0253735E+06  -2.3949671E+06   0.0000000E+00  -5.5141641E+04   7.0449593E+02   0.0000000E+00  -5.4405414E+02   1.1942113E+03   0.0000000E+00  -6.0000377E+02   2.3945398E+06   1.5549124E+03   0.0000000E+00  -6.0000376E+02   2.3949628E+06
   33.4000   2.3905584E+06   0.0000000E+00  -3.0256398E+06  -2.3955660E+06   0.0000000E+00  -5.5141691E+04   7.0449506E+02   0.0000000E+00  -5.4405273E+02   1.1942111E+03   0.0000000E+00  -6.0000377E+02   2.3950983E+06   1.5549123E+03   0.0000000E+00  -6.0000376E+02   2.3955613E+06
   33.6000   2.3904597E+06   0.0000000E+00  -3.0255104E+06  -2.3953933E+06   0.0000000E+00  -5.5141676E+04   7.0449490E+02   0.0000000E+00  -5.4404988E+02   1.1942111E+03   0.0000000E+00  -6.0000377E+02   2.3949447E+06   1.5549123E+03   0.0000000E+00  -6.0000376E+02   2.3953888E+06
   33.8000   2.3900449E+06   0.0000000E+00  -3.0250127E+06  -2.3944910E+06   0.0000000E+00  -5.5141601E+04   7.0449536E+02   0.0000000E+00  -5.4404585E+02   1.1942114E+03   0.0000000E+00  -6.0000377E+02   2.3941142E+06   1.5549124E+03   0.0000000E+00  -6.0000376E+02   2.3944872E+06
   34.0000   2.3892942E+06   0.0000000E+00  -3.0241581E+06  -2.3929854E+06   0.0000000E+00  -5.5141476E+04   7.0449643E+02   0.0000000E+00  -5.4404070E+02   1.1942119E+03   0.0000000E+00  -6.0000377E+02   2.3927117E+06   1.5549124E+03   0.0000000E+00  -6.0000376E+02   2.3929826E+06
   34.2000   2.3882108E+06   0.0000000E+00  -3.0229559E+06  -2.3910500E+06   0.0000000E+00  -5.5141315E+04   7.0449807E+02   0.0000000E+00  -5.4403440E+02   1.1942125E+03   0.0000000E+00  -6.0000377E+02   2.3908851E+06   1.5549125E+03   0.0000000E+00  -6.0000376E+02   2.3910483E+06
   34.4000   2.3868373E+06   0.0000000E+00  -3.0214390E+06  -2.3888632E+06   0.0000000E+00  -5.5141133E+04   7.0450026E+02   0.0000000E+00  -5.4402700E+02   1.1942132E+03   0.0000000E+00  -6.0000377E+02   2.3887906E+06   1.5549126E+03   0.0000000E+00  -6.0000376E+02   2.3888625E+06
   34.6000   2.3852580E+06   0.0000000E+00  -3.0196908E+06  -2.3865727E+06   0.0000000E+00  -5.5140943E+04   7.0450287E+02   0.0000000E+00  -5.4401888E+02   1.1942139E+03   0.0000000E+00  -6.0000377E+02   2.3865652E+06   1.5549127E+03   0.0000000E+00  -6.0000376E+02   2.3865726E+06
   34.8000   2.3835905E+06   0.0000000E+00  -3.0178499E+06  -2.3842805E+06   0.0000000E+00  -5.5140752E+04   7.0450568E+02   0.0000000E+00  -5.4401073E+02   1.1942147E+03   0.0000000E+00  -6.0000377E+02   2.3843139E+06   1.5549127E+03   0.0000000E+00  -6.0000376E+02   2.3842809E+06
   35.0000   2.3819664E+06   0.0000000E+00  -3.0160826E+06  -2.3820501E+06   0.0000000E+00  -5.5140567E+04   7.0450843E+02   0.0000000E+00  -5.4400350E+02   1.1942154E+03   0.0000000E+00  -6.0000377E+02   2.3821145E+06   1.5549128E+03   0.0000000E+00  -6.0000376E+02   2.3820508E+06
   35.2000   2.3805112E+06   0.0000000E+00  -3.0145336E+06  -2.3799318E+06   0.0000000E+00  -5.5140391E+04   7.0451083E+02   0.0000000E+00  -5.4399807E+02   1.1942161E+03   0.0000000E+00  -6.0000377E+02   2.3800372E+06   1.5549129E+03   0.0000000E+00  -6.0000376E+02   2.3799329E+06
   35.4000   2.3793267E+06   0.0000000E+00  -3.0132864E+06  -2.3779955E+06   0.0000000E+00  -5.5140230E+04   7.0451270E+02   0.0000000E+00  -5.4399503E+02   1.1942168E+03   0.0000000E+00  -6.0000377E+02   2.3781619E+06   1.5549130E+03   0.0000000E+00  -6.0000376E+02   2.3779971E+06
   35.6000   2.3784790E+06   0.0000000E+00  -3.0123550E+06  -2.3763445E+06   0.0000000E+00  -5.5140093E+04   7.0451396E+02   0.0000000E+00  -5.4399451E+02   1.1942173E+03   0.0000000E+00  -6.0000377E+02   2.3765835E+06   1.5549130E+03   0.0000000E+00  -6.0000376E+02   2.3763469E+06
   35.8000   2.3779905E+06   0.0000000E+00  -3.0117102E+06  -2.3750989E+06   0.0000000E+00  -5.5139989E+04   7.0451468E+02   0.0000000E+00  -5.4399614E+02   1.1942177E+03   0.0000000E+00  -6.0000377E+02   2.3754022E+06   1.5549131E+03   0.0000000E+00  -6.0000376E+02   2.3751020E+06
   36.0000   2.3778406E+06   0.0000000E+00  -3.0113210E+06  -2.3743615E+06   0.0000000E+00  -5.5139928E+04   7.0451504E+02   0.0000000E+00  -5.4399924E+02   1.1942180E+03   0.0000000E+00  -6.0000377E+02   2.3747027E+06   1.5549131E+03   0.0000000E+00  -6.0000376E+02   2.3743650E+06
   36.2000   2.3779744E+06   0.0000000E+00  -3.0111851E+06  -2.3741889E+06   0.0000000E+00  -5.5139914E+04   7.0451525E+02   0.0000000E+00  -5.4400307E+02   1.1942181E+03   0.0000000E+00  -6.0000377E+02   2.3745320E+06   1.5549131E+03   0.0000000E+00  -6.0000376E+02   2.3741923E+06
   36.4000   2.3783245E+06   0.0000000E+00  -3.0113332E+06  -2.3745777E+06   0.0000000E+00  -5.5139946E+04   7.0451546E+02   0.0000000E+00  -5.4400707E+02   1.1942180E+03   0.0000000E+00  -6.0000377E+02   2.3748866E+06   1.5549131E+03   0.0000000E+00  -6.0000376E+02   2.3745808E+06
   36.6000   2.3788350E+06   0.0000000E+00  -3.0118084E+06  -2.3754657E+06   0.0000000E+00  -5.5140020E+04   7.0451574E+02   0.0000000E+00  -5.4401102E+02   1.1942177E+03   0.0000000E+00  -6.0000377E+02   2.3757141E+06   1.5549131E+03   0.0000000E+00  -6.0000376E+02   2.3754682E+06
   36.8000   2.3794739E+06   0.0000000E+00  -3.0126321E+06  -2.3767496E+06   0.0000000E+00  -5.5140127E+04   7.0451604E+02   0.0000000E+00  -5.4401505E+02   1.1942173E+03   0.0000000E+00  -6.0000377E+02   2.3769254E+06   1.5549130E+03   0.0000000E+00  -6.0000376E+02   2.3767514E+06
   37.0000   2.3802246E+06   0.0000000E+00  -3.0137750E+06  -2.3783088E+06   0.0000000E+00  -5.5140256E+04   7.0451625E+02   0.0000000E+00  -5.4401944E+02   1.1942168E+03   0.0000000E+00  -6.0000377E+02   2.3784117E+06   1.5549130E+03   0.0000000E+00  -6.0000376E+02   2.3783098E+06
   37.2000   2.3810659E+06   0.0000000E+00  -3.0151495E+06  -2.3800240E+06   0.0000000E+00  -5.5140399E+04   7.0451626E+02   0.0000000E+00  -5.4402448E+02   1.1942162E+03   0.0000000E+00  -6.0000377E+02   2.3800612E+06   1.5549129E+03   0.0000000E+00  -6.0000376E+02   2.3800243E+06
   37.4000   2.3819556E+06   0.0000000E+00  -3.0166291E+06  -2.3817886E+06   0.0000000E+00  -5.5140546E+04   7.0451599E+02   0.0000000E+00  -5.4403031E+02   1.1942157E+03   0.0000000E+00  -6.0000377E+02   2.3817685E+06   1.5549129E+03   0.0000000E+00  -6.0000376E+02   2.3817884E+06
   37.6000   2.3828300E+06   0.0000000E+00  -3.0180769E+06  -2.3835101E+06   0.0000000E+00  -5.5140689E+04   7.0451544E+02   0.0000000E+00  -5.4403678E+02   1.1942151E+03   0.0000000E+00  -6.0000377E+02   2.3834367E+06   1.5549128E+03   0.0000000E+00  -6.0000376E+02   2.3835093E+06
   37.8000   2.3836188E+06   0.0000000E+00  -3.0193675E+06  -2.3851013E+06   0.0000000E+00  -5.5140821E+04   7.0451470E+02   0.0000000E+00  -5.4404354E+02   1.1942146E+03   0.0000000E+00  -6.0000377E+02   2.3849740E+06   1.5549127E+03   0.0000000E+00  -6.0000376E+02   2.3851000E+06
   38.0000   2.3842674E+06   0.0000000E+00  -3.0204001E+06  -2.3864736E+06   0.0000000E+00  -5.5140935E+04   7.0451390E+02   0.0000000E+00  -5.4405006E+02   1.1942141E+03   0.0000000E+00  -6.0000377E+02   2.3862914E+06   1.5549127E+03   0.0000000E+00  -6.0000376E+02   2.3864718E+06
   38.2000   2.3847524E+06   0.0000000E+00  -3.0211091E+06  -2.3875370E+06   0.0000000E+00  -5.5141023E+04   7.0451322E+02   0.0000000E+00  -5.4405581E+02   1.1942138E+03   0.0000000E+00  -6.0000377E+02   2.3873022E+06   1.5549126E+03   0.0000000E+00  -6.0000376E+02   2.3875346E+06
   38.4000   2.3850761E+06   0.0000000E+00  -3.0214706E+06  -2.3882060E+06   0.0000000E+00  -5.5141079E+04   7.0451282E+02   0.0000000E+00  -5.4406029E+02   1.1942135E+03   0.0000000E+00  -6.0000377E+02   2.3879279E+06   1.5549126E+03   0.0000000E+00  -6.0000376E+02   2.3882032E+06
   38.6000   2.3852396E+06   0.0000000E+00  -3.0215003E+06  -2.3884117E+06   0.0000000E+00  -5.5141096E+04   7.0451282E+02   0.0000000E+00  -5.4406315E+02   1.1942134E+03   0.0000000E+00  -6.0000377E+02   2.3881091E+06   1.5549126E+03   0.0000000E+00  -6.0000376E+02   2.3884087E+06
   38.8000   2.3852157E+06   0.0000000E+00  -3.0212417E+06  -2.3881178E+06   0.0000000E+00  -5.5141072E+04   7.0451329E+02   0.0000000E+00  -5.4406415E+02   1.1942135E+03   0.0000000E+00  -6.0000377E+02   2.3878176E+06   1.5549126E+03   0.0000000E+00  -6.0000376E+02   2.3881148E+06
   39.0000   2.3849455E+06   0.0000000E+00  -3.0207448E+06  -2.3873332E+06   0.0000000E+00  -5.5141006E+04   7.0451423E+02   0.0000000E+00  -5.4406320E+02   1.1942138E+03   0.0000000E+00  -6.0000377E+02   2.3870640E+06   1.5549126E+03   0.0000000E+00  -6.0000376E+02   2.3873305E+06
   39.2000   2.3843674E+06   0.0000000E+00  -3.0200456E+06  -2.3861139E+06   0.0000000E+00  -5.5140905E+04   7.0451561E+02   0.0000000E+00  -5.4406030E+02   1.1942141E+03   0.0000000E+00  -6.0000377E+02   2.3859000E+06   1.5549127E+03   0.0000000E+00  -6.0000376E+02   2.3861117E+06
   39.4000   2.3834609E+06   0.0000000E+00  -3.0191530E+06  -2.3845547E+06   0.0000000E+00  -5.5140775E+04   7.0451735E+02   0.0000000E+00  -5.4405560E+02   1.1942146E+03   0.0000000E+00  -6.0000377E+02   2.3844119E+06   1.5549127E+03   0.0000000E+00  -6.0000376E+02   2.3845532E+06
   39.6000   2.3822784E+06   0.0000000E+00  -3.0180538E+06  -2.3827743E+06   0.0000000E+00  -5.5140627E+04   7.0451934E+02   0.0000000E+00  -5.4404936E+02   1.1942152E+03   0.0000000E+00  -6.0000377E+02   2.3827029E+06   1.5549128E+03   0.0000000E+00  -6.0000376E+02   2.3827736E+06
   39.8000   2.3809430E+06   0.0000000E+00  -3.0167386E+06  -2.3808891E+06   0.0000000E+00  -5.5140471E+04   7.0452143E+02   0.0000000E+00  -5.4404194E+02   1.1942158E+03   0.0000000E+00  -6.0000377E+02   2.3808752E+06   1.5549129E+03   0.0000000E+00  -6.0000376E+02   2.3808890E+06
   40.0000   2.3796134E+06   0.0000000E+00  -3.0152421E+06  -2.3789908E+06   0.0000000E+00  -5.5140313E+04   7.0452349E+02   0.0000000E+00  -5.4403385E+02   1.1942165E+03   0.0000000E+00  -6.0000377E+02   2.3790198E+06   1.5549129E+03   0.0000000E+00  -6.0000376E+02   2.3789911E+06
   40.2000   2.3784340E+06   0.0000000E+00  -3.0136693E+06  -2.3771478E+06   0.0000000E+00  -5.5140160E+04   7.0452536E+02   0.0000000E+00  -5.4402566E+02   1.1942171E+03   0.0000000E+00  -6.0000377E+02   2.3772160E+06   1.5549130E+03   0.0000000E+00  -6.0000376E+02   2.3771484E+06
   40.4000   2.3774922E+06   0.0000000E+00  -3.0121851E+06  -2.3754246E+06   0.0000000E+00  -5.5140016E+04   7.0452691E+02   0.0000000E+00  -5.4401797E+02   1.1942176E+03   0.0000000E+00  -6.0000377E+02   2.3755409E+06   1.5549131E+03   0.0000000E+00  -6.0000376E+02   2.3754257E+06
   40.6000   2.3768040E+06   0.0000000E+00  -3.0109658E+06  -2.3739022E+06   0.0000000E+00  -5.5139890E+04   7.0452798E+02   0.0000000E+00  -5.4401134E+02   1.1942181E+03   0.0000000E+00  -6.0000377E+02   2.3740823E+06   1.5549131E+03   0.0000000E+00  -6.0000376E+02   2.3739040E+06
   40.8000   2.3763370E+06   0.0000000E+00  -3.0101404E+06  -2.3726878E+06   0.0000000E+00  -5.5139789E+04   7.0452845E+02   0.0000000E+00  -5.4400621E+02   1.1942185E+03   0.0000000E+00  -6.0000377E+02   2.3729438E+06   1.5549132E+03   0.0000000E+00  -6.0000376E+02   2.3726904E+06
   41.0000   2.3760536E+06   0.0000000E+00  -3.0097546E+06  -2.3719074E+06   0.0000000E+00  -5.5139724E+04   7.0452824E+02   0.0000000E+00  -5.4400283E+02   1.1942188E+03   0.0000000E+00  -6.0000377E+02   2.3722350E+06   1.5549132E+03   0.0000000E+00  -6.0000376E+02   2.3719107E+06
   41.2000   2.3759468E+06   0.0000000E+00  -3.0097726E+06  -2.3716762E+06   0.0000000E+00  -5.5139705E+04   7.0452732E+02   0.0000000E+00  -5.4400124E+02   1.1942189E+03   0.0000000E+00  -6.0000377E+02   2.3720473E+06   1.5549132E+03   0.0000000E+00  -6.0000376E+02   2.3716799E+06
   41.4000   2.3760504E+06   0.0000000E+00  -3.0101151E+06  -2.3720593E+06   0.0000000E+00  -5.5139737E+04   7.0452573E+02   0.0000000E+00  -5.4400130E+02   1.1942188E+03   0.0000000E+00  -6.0000377E+02   2.3724269E+06   1.5549132E+03   0.0000000E+00  -6.0000376E+02   2.3720630E+06
   41.6000   2.3764221E+06   0.0000000E+00  -3.0107105E+06  -2.3730421E+06   0.0000000E+00  -5.5139819E+04   7.0452358E+02   0.0000000E+00  -5.4400279E+02   1.1942185E+03   0.0000000E+00  -6.0000377E+02   2.3733570E+06   1.5549132E+03   0.0000000E+00  -6.0000376E+02   2.3730453E+06
   41.8000   2.3771117E+06   0.0000000E+00  -3.0115281E+06  -2.3745299E+06   0.0000000E+00  -5.5139942E+04   7.0452098E+02   0.0000000E+00  -5.4400546E+02   1.1942180E+03   0.0000000E+00  -6.0000377E+02   2.3747585E+06   1.5549131E+03   0.0000000E+00  -6.0000376E+02   2.3745322E+06
   42.0000   2.3781321E+06   0.0000000E+00  -3.0125750E+06  -2.3763764E+06   0.0000000E+00  -5.5140096E+04   7.0451807E+02   0.0000000E+00  -5.4400914E+02   1.1942174E+03   0.0000000E+00  -6.0000377E+02   2.3765126E+06   1.5549131E+03   0.0000000E+00  -6.0000376E+02   2.3763777E+06
   42.2000   2.3794466E+06   0.0000000E+00  -3.0138625E+06  -2.3784304E+06   0.0000000E+00  -5.5140267E+04   7.0451491E+02   0.0000000E+00  -5.4401375E+02   1.1942168E+03   0.0000000E+00  -6.0000377E+02   2.3784940E+06   1.5549130E+03   0.0000000E+00  -6.0000376E+02   2.3784310E+06
   42.4000   2.3809742E+06   0.0000000E+00  -3.0153655E+06  -2.3805771E+06   0.0000000E+00  -5.5140445E+04   7.0451157E+02   0.0000000E+00  -5.4401928E+02   1.1942161E+03   0.0000000E+00  -6.0000377E+02   2.3805985E+06   1.5549129E+03   0.0000000E+00  -6.0000376E+02   2.3805773E+06
   42.6000   2.3826074E+06   0.0000000E+00  -3.0170020E+06  -2.3827525E+06   0.0000000E+00  -5.5140626E+04   7.0450808E+02   0.0000000E+00  -5.4402566E+02   1.1942154E+03   0.0000000E+00  -6.0000377E+02   2.3827543E+06   1.5549128E+03   0.0000000E+00  -6.0000376E+02   2.3827525E+06
   42.8000   2.3842353E+06   0.0000000E+00  -3.0186477E+06  -2.3849272E+06   0.0000000E+00  -5.5140807E+04   7.0450452E+02   0.0000000E+00  -5.4403266E+02   1.1942146E+03   0.0000000E+00  -6.0000377E+02   2.3849119E+06   1.5549127E+03   0.0000000E+00  -6.0000376E+02   2.3849271E+06
   43.0000   2.3857606E+06   0.0000000E+00  -3.0201742E+06  -2.3870725E+06   0.0000000E+00  -5.5140985E+04   7.0450104E+02   0.0000000E+00  -5.4403980E+02   1.1942139E+03   0.0000000E+00  -6.0000377E+02   2.3870221E+06   1.5549127E+03   0.0000000E+00  -6.0000376E+02   2.3870720E+06
   43.2000   2.3871099E+06   0.0000000E+00  -3.0214869E+06  -2.3891267E+06   0.0000000E+00  -5.5141156E+04   7.0449786E+02   0.0000000E+00  -5.4404645E+02   1.1942133E+03   0.0000000E+00  -6.0000377E+02   2.3890139E+06   1.5549126E+03   0.0000000E+00  -6.0000376E+02   2.3891256E+06
   43.4000   2.3882365E+06   0.0000000E+00  -3.0225459E+06  -2.3909829E+06   0.0000000E+00  -5.5141310E+04   7.0449525E+02   0.0000000E+00  -5.4405191E+02   1.1942127E+03   0.0000000E+00  -6.0000377E+02   2.3907873E+06   1.5549125E+03   0.0000000E+00  -6.0000376E+02   2.3909809E+06
   43.6000   2.3891179E+06   0.0000000E+00  -3.0233584E+06  -2.3925026E+06   0.0000000E+00  -5.5141436E+04   7.0449342E+02   0.0000000E+00  -5.4405564E+02   1.1942121E+03   0.0000000E+00  -6.0000377E+02   2.3922248E+06   1.5549125E+03   0.0000000E+00  -6.0000376E+02   2.3924998E+06
   43.8000   2.3897427E+06   0.0000000E+00  -3.0239458E+06  -2.3935525E+06   0.0000000E+00  -5.5141523E+04   7.0449251E+02   0.0000000E+00  -5.4405738E+02   1.1942118E+03   0.0000000E+00  -6.0000377E+02   2.3932164E+06   1.5549124E+03   0.0000000E+00  -6.0000376E+02   2.3935491E+06
   44.0000   2.3900954E+06   0.0000000E+00  -3.0243092E+06  -2.3940424E+06   0.0000000E+00  -5.5141564E+04   7.0449248E+02   0.0000000E+00  -5.4405728E+02   1.1942116E+03   0.0000000E+00  -6.0000377E+02   2.3936878E+06   1.5549124E+03   0.0000000E+00  -6.0000376E+02   2.3940388E+06
   44.2000   2.3901527E+06   0.0000000E+00  -3.0244156E+06  -2.3939494E+06   0.0000000E+00  -5.5141556E+04   7.0449319E+02   0.0000000E+00  -5.4405573E+02   1.1942116E+03   0.0000000E+00  -6.0000377E+02   2.3936168E+06   1.5549124E+03   0.0000000E+00  -6.0000376E+02   2.3939460E+06
   44.4000   2.3898903E+06   0.0000000E+00  -3.0242102E+06  -2.3933163E+06   0.0000000E+00  -5.5141504E+04   7.0449444E+02   0.0000000E+00  -5.4405325E+02   1.1942118E+03   0.0000000E+00  -6.0000377E+02   2.3930325E+06   1.5549124E+03   0.0000000E+00  -6.0000376E+02   2.3933135E+06
   44.6000   2.3892964E+06   0.0000000E+00  -3.0236406E+06  -2.3922269E+06   0.0000000E+00  -5.5141413E+04   7.0449605E+02   0.0000000E+00  -5.4405018E+02   1.1942121E+03   0.0000000E+00  -6.0000377E+02   2.3919989E+06   1.5549125E+03   0.0000000E+00  -6.0000376E+02   2.3922246E+06
   44.8000   2.3883882E+06   0.0000000E+00  -3.0226861E+06  -2.3907732E+06   0.0000000E+00  -5.5141292E+04   7.0449797E+02   0.0000000E+00  -5.4404661E+02   1.1942126E+03   0.0000000E+00  -6.0000377E+02   2.3905946E+06   1.5549125E+03   0.0000000E+00  -6.0000376E+02   2.3907714E+06
   45.0000   2.3872228E+06   0.0000000E+00  -3.0213839E+06  -2.3890348E+06   0.0000000E+00  -5.5141148E+04   7.0450024E+02   0.0000000E+00  -5.4404230E+02   1.1942132E+03   0.0000000E+00  -6.0000377E+02   2.3888947E+06   1.5549126E+03   0.0000000E+00  -6.0000376E+02   2.3890334E+06
   45.2000   2.3858899E+06   0.0000000E+00  -3.0198326E+06  -2.3870733E+06   0.0000000E+00  -5.5140985E+04   7.0450298E+02   0.0000000E+00  -5.4403689E+02   1.1942138E+03   0.0000000E+00  -6.0000377E+02   2.3869650E+06   1.5549126E+03   0.0000000E+00  -6.0000376E+02   2.3870722E+06
   45.4000   2.3844853E+06   0.0000000E+00  -3.0181711E+06  -2.3849402E+06   0.0000000E+00  -5.5140807E+04   7.0450627E+02   0.0000000E+00  -5.4403015E+02   1.1942145E+03   0.0000000E+00  -6.0000377E+02   2.3848691E+06   1.5549127E+03   0.0000000E+00  -6.0000376E+02   2.3849395E+06
   45.6000   2.3830845E+06   0.0000000E+00  -3.0165439E+06  -2.3826986E+06   0.0000000E+00  -5.5140621E+04   7.0451008E+02   0.0000000E+00  -5.4402220E+02   1.1942152E+03   0.0000000E+00  -6.0000377E+02   2.3826845E+06   1.5549128E+03   0.0000000E+00  -6.0000376E+02   2.3826985E+06
   45.8000   2.3817305E+06   0.0000000E+00  -3.0150694E+06  -2.3804461E+06   0.0000000E+00  -5.5140434E+04   7.0451420E+02   0.0000000E+00  -5.4401360E+02   1.1942160E+03   0.0000000E+00  -6.0000377E+02   2.3805132E+06   1.5549129E+03   0.0000000E+00  -6.0000376E+02   2.3804468E+06
   46.0000   2.3804435E+06   0.0000000E+00  -3.0138183E+06  -2.3783197E+06   0.0000000E+00  -5.5140257E+04   7.0451832E+02   0.0000000E+00  -5.4400522E+02   1.1942167E+03   0.0000000E+00  -6.0000377E+02   2.3784784E+06   1.5549130E+03   0.0000000E+00  -6.0000376E+02   2.3783213E+06
   46.2000   2.3792401E+06   0.0000000E+00  -3.0128094E+06  -2.3764701E+06   0.0000000E+00  -5.5140103E+04   7.0452205E+02   0.0000000E+00  -5.4399801E+02   1.1942173E+03   0.0000000E+00  -6.0000377E+02   2.3767072E+06   1.5549130E+03   0.0000000E+00  -6.0000376E+02   2.3764725E+06
   46.4000   2.3781523E+06   0.0000000E+00  -3.0120250E+06  -2.3750223E+06   0.0000000E+00  -5.5139983E+04   7.0452509E+02   0.0000000E+00  -5.4399272E+02   1.1942178E+03   0.0000000E+00  -6.0000377E+02   2.3753064E+06   1.5549131E+03   0.0000000E+00  -6.0000376E+02   2.3750252E+06
   46.6000   2.3772334E+06   0.0000000E+00  -3.0114436E+06  -2.3740472E+06   0.0000000E+00  -5.5139902E+04   7.0452731E+02   0.0000000E+00  -5.4398964E+02   1.1942181E+03   0.0000000E+00  -6.0000377E+02   2.3743401E+06   1.5549131E+03   0.0000000E+00  -6.0000376E+02   2.3740502E+06
   46.8000   2.3765481E+06   0.0000000E+00  -3.0110724E+06  -2.3735525E+06   0.0000000E+00  -5.5139861E+04   7.0452874E+02   0.0000000E+00  -5.4398863E+02   1.1942183E+03   0.0000000E+00  -6.0000377E+02   2.3738210E+06   1.5549131E+03   0.0000000E+00  -6.0000376E+02   2.3735552E+06
   47.0000   2.3761470E+06   0.0000000E+00  -3.0109552E+06  -2.3734928E+06   0.0000000E+00  -5.5139856E+04   7.0452953E+02   0.0000000E+00  -5.4398921E+02   1.1942183E+03   0.0000000E+00  -6.0000377E+02   2.3737172E+06   1.5549131E+03   0.0000000E+00  -6.0000376E+02   2.3734950E+06
   47.2000   2.3760412E+06   0.0000000E+00  -3.0111473E+06  -2.3737932E+06   0.0000000E+00  -5.5139881E+04   7.0452988E+02   0.0000000E+00  -5.4399083E+02   1.1942182E+03   0.0000000E+00  -6.0000377E+02   2.3739731E+06   1.5549131E+03   0.0000000E+00  -6.0000376E+02   2.3737950E+06
   47.4000   2.3761953E+06   0.0000000E+00  -3.0116750E+06  -2.3743817E+06   0.0000000E+00  -5.5139930E+04   7.0452992E+02   0.0000000E+00  -5.4399306E+02   1.1942181E+03   0.0000000E+00  -6.0000377E+02   2.3745335E+06   1.5549131E+03   0.0000000E+00  -6.0000376E+02   2.3743832E+06
   47.6000   2.3765479E+06   0.0000000E+00  -3.0125075E+06  -2.3752155E+06   0.0000000E+00  -5.5139999E+04   7.0452968E+02   0.0000000E+00  -5.4399578E+02   1.1942178E+03   0.0000000E+00  -6.0000377E+02   2.3753577E+06   1.5549131E+03   0.0000000E+00  -6.0000376E+02   2.3752170E+06
   47.8000   2.3770428E+06   0.0000000E+00  -3.0135529E+06  -2.3762814E+06   0.0000000E+00  -5.5140088E+04   7.0452909E+02   0.0000000E+00  -5.4399910E+02   1.1942174E+03   0.0000000E+00  -6.0000377E+02   2.3764161E+06   1.5549131E+03   0.0000000E+00  -6.0000376E+02   2.3762827E+06
   48.0000   2.3776483E+06   0.0000000E+00  -3.0146782E+06  -2.3775660E+06   0.0000000E+00  -5.5140195E+04   7.0452806E+02   0.0000000E+00  -5.4400326E+02   1.1942170E+03   0.0000000E+00  -6.0000377E+02   2.3776744E+06   1.5549130E+03   0.0000000E+00  -6.0000376E+02   2.3775671E+06
   48.2000   2.3783595E+06   0.0000000E+00  -3.0157517E+06  -2.3790221E+06   0.0000000E+00  -5.5140316E+04   7.0452651E+02   0.0000000E+00  -5.4400841E+02   1.1942166E+03   0.0000000E+00  -6.0000377E+02   2.3790763E+06   1.5549130E+03   0.0000000E+00  -6.0000376E+02   2.3790226E+06
   48.4000   2.3791851E+06   0.0000000E+00  -3.0166881E+06  -2.3805558E+06   0.0000000E+00  -5.5140443E+04   7.0452449E+02   0.0000000E+00  -5.4401450E+02   1.1942161E+03   0.0000000E+00  -6.0000377E+02   2.3805338E+06   1.5549129E+03   0.0000000E+00  -6.0000376E+02   2.3805556E+06
   48.6000   2.3801236E+06   0.0000000E+00  -3.0174685E+06  -2.3820390E+06   0.0000000E+00  -5.5140566E+04   7.0452212E+02   0.0000000E+00  -5.4402124E+02   1.1942156E+03   0.0000000E+00  -6.0000377E+02   2.3819353E+06   1.5549128E+03   0.0000000E+00  -6.0000376E+02   2.3820380E+06
   48.8000   2.3811396E+06   0.0000000E+00  -3.0181230E+06  -2.3833379E+06   0.0000000E+00  -5.5140674E+04   7.0451961E+02   0.0000000E+00  -5.4402819E+02   1.1942151E+03   0.0000000E+00  -6.0000377E+02   2.3831701E+06   1.5549128E+03   0.0000000E+00  -6.0000376E+02   2.3833362E+06
   49.0000   2.3821584E+06   0.0000000E+00  -3.0186900E+06  -2.3843518E+06   0.0000000E+00  -5.5140759E+04   7.0451713E+02   0.0000000E+00  -5.4403489E+02   1.1942148E+03   0.0000000E+00  -6.0000377E+02   2.3841578E+06   1.5549128E+03   0.0000000E+00  -6.0000376E+02   2.3843498E+06
   49.2000   2.3830819E+06   0.0000000E+00  -3.0191801E+06  -2.3850450E+06   0.0000000E+00  -5.5140816E+04   7.0451482E+02   0.0000000E+00  -5.4404097E+02   1.1942146E+03   0.0000000E+00  -6.0000377E+02   2.3848673E+06   1.5549127E+03   0.0000000E+00  -6.0000376E+02   2.3850432E+06
   49.4000   2.3838153E+06   0.0000000E+00  -3.0195614E+06  -2.3854513E+06   0.0000000E+00  -5.5140850E+04   7.0451274E+02   0.0000000E+00  -5.4404615E+02   1.1942144E+03   0.0000000E+00  -6.0000377E+02   2.3853154E+06   1.5549127E+03   0.0000000E+00  -6.0000376E+02   2.3854499E+06
   49.6000   2.3842939E+06   0.0000000E+00  -3.0197726E+06  -2.3856423E+06   0.0000000E+00  -5.5140866E+04   7.0451093E+02   0.0000000E+00  -5.4405027E+02   1.1942143E+03   0.0000000E+00  -6.0000377E+02   2.3855460E+06   1.5549127E+03   0.0000000E+00  -6.0000376E+02   2.3856414E+06
   49.8000   2.3844996E+06   0.0000000E+00  -3.0197577E+06  -2.3856812E+06   0.0000000E+00  -5.5140869E+04   7.0450942E+02   0.0000000E+00  -5.4405316E+02   1.1942143E+03   0.0000000E+00  -6.0000377E+02   2.3856015E+06   1.5549127E+03   0.0000000E+00  -6.0000376E+02   2.3856804E+06
   50.0000   2.3844638E+06   0.0000000E+00  -3.0195003E+06  -2.3855906E+06   0.0000000E+00  -5.5140862E+04   7.0450826E+02   0.0000000E+00  -5.4405465E+02   1.1942143E+03   0.0000000E+00  -6.0000377E+02   2.3855009E+06   1.5549127E+03   0.0000000E+00  -6.0000376E+02   2.3855897E+06
   50.2000   2.3842546E+06   0.0000000E+00  -3.0190404E+06  -2.3853499E+06   0.0000000E+00  -5.5140842E+04   7.0450754E+02   0.0000000E+00  -5.4405458E+02   1.1942144E+03   0.0000000E+00  -6.0000377E+02   2.3852357E+06   1.5549127E+03   0.0000000E+00  -6.0000376E+02   2.3853487E+06
   50.4000   2.3839511E+06   0.0000000E+00  -3.0184615E+06  -2.3849175E+06   0.0000000E+00  -5.5140806E+04   7.0450733E+02   0.0000000E+00  -5.4405287E+02   1.1942146E+03   0.0000000E+00  -6.0000377E+02   2.3847855E+06   1.5549127E+03   0.0000000E+00  -6.0000376E+02   2.3849162E+06
   50.6000   2.3836145E+06   0.0000000E+00  -3.0178550E+06  -2.3842668E+06   0.0000000E+00  -5.5140751E+04   7.0450763E+02   0.0000000E+00  -5.4404964E+02   1.1942148E+03   0.0000000E+00  -6.0000377E+02   2.3841440E+06   1.5549128E+03   0.0000000E+00  -6.0000376E+02   2.3842655E+06
   50.8000   2.3832695E+06   0.0000000E+00  -3.0172835E+06  -2.3834184E+06   0.0000000E+00  -5.5140681E+04   7.0450836E+02   0.0000000E+00  -5.4404521E+02   1.1942150E+03   0.0000000E+00  -6.0000377E+02   2.3833424E+06   1.5549128E+03   0.0000000E+00  -6.0000376E+02   2.3834176E+06
   51.0000   2.3829081E+06   0.0000000E+00  -3.0167672E+06  -2.3824557E+06   0.0000000E+00  -5.5140601E+04   7.0450938E+02   0.0000000E+00  -5.4404004E+02   1.1942153E+03   0.0000000E+00  -6.0000377E+02   2.3824565E+06   1.5549128E+03   0.0000000E+00  -6.0000376E+02   2.3824557E+06
   51.2000   2.3825119E+06   0.0000000E+00  -3.0162935E+06  -2.3815088E+06   0.0000000E+00  -5.5140522E+04   7.0451050E+02   0.0000000E+00  -5.4403461E+02   1.1942157E+03   0.0000000E+00  -6.0000377E+02   2.3815914E+06   1.5549129E+03   0.0000000E+00  -6.0000376E+02   2.3815097E+06
   51.4000   2.3820772E+06   0.0000000E+00  -3.0158388E+06  -2.3807110E+06   0.0000000E+00  -5.5140456E+04   7.0451159E+02   0.0000000E+00  -5.4402927E+02   1.1942159E+03   0.0000000E+00  -6.0000377E+02   2.3808518E+06   1.5549129E+03   0.0000000E+00  -6.0000376E+02   2.3807125E+06
   51.6000   2.3816337E+06   0.0000000E+00  -3.0153945E+06  -2.3801526E+06   0.0000000E+00  -5.5140410E+04   7.0451257E+02   0.0000000E+00  -5.4402420E+02   1.1942161E+03   0.0000000E+00  -6.0000377E+02   2.3803116E+06   1.5549129E+03   0.0000000E+00  -6.0000376E+02   2.3801542E+06
   51.8000   2.3812480E+06   0.0000000E+00  -3.0149879E+06  -2.3798560E+06   0.0000000E+00  -5.5140385E+04   7.0451345E+02   0.0000000E+00  -5.4401943E+02   1.1942162E+03   0.0000000E+00  -6.0000377E+02   2.3799946E+06   1.5549129E+03   0.0000000E+00  -6.0000376E+02   2.3798574E+06
   52.0000   2.3810039E+06   0.0000000E+00  -3.0146809E+06  -2.3797817E+06   0.0000000E+00  -5.5140379E+04   7.0451428E+02   0.0000000E+00  -5.4401497E+02   1.1942163E+03   0.0000000E+00  -6.0000377E+02   2.3798771E+06   1.5549129E+03   0.0000000E+00  -6.0000376E+02   2.3797826E+06
   52.2000   2.3809659E+06   0.0000000E+00  -3.0145457E+06  -2.3798560E+06   0.0000000E+00  -5.5140385E+04   7.0451505E+02   0.0000000E+00  -5.4401091E+02   1.1942162E+03   0.0000000E+00  -6.0000377E+02   2.3799097E+06   1.5549129E+03   0.0000000E+00  -6.0000376E+02   2.3798566E+06
   52.4000   2.3811476E+06   0.0000000E+00  -3.0146307E+06  -2.3800121E+06   0.0000000E+00  -5.5140398E+04   7.0451569E+02   0.0000000E+00  -5.4400759E+02   1.1942162E+03   0.0000000E+00  -6.0000377E+02   2.3800466E+06   1.5549129E+03   0.0000000E+00  -6.0000376E+02   2.3800124E+06
   52.6000   2.3815050E+06   0.0000000E+00  -3.0149373E+06  -2.3802231E+06   0.0000000E+00  -5.5140415E+04   7.0451604E+02   0.0000000E+00  -5.4400545E+02   1.1942161E+03   0.0000000E+00  -6.0000377E+02   2.3802685E+06   1.5549129E+03   0.0000000E+00  -6.0000376E+02   2.3802235E+06
   52.8000   2.3819537E+06   0.0000000E+00  -3.0154127E+06  -2.3805120E+06   0.0000000E+00  -5.5140439E+04   7.0451591E+02   0.0000000E+00  -5.4400496E+02   1.1942160E+03   0.0000000E+00  -6.0000377E+02   2.3805870E+06   1.5549129E+03   0.0000000E+00  -6.0000376E+02   2.3805127E+06
   53.0000   2.3824030E+06   0.0000000E+00  -3.0159645E+06  -2.3809294E+06   0.0000000E+00  -5.5140474E+04   7.0451519E+02   0.0000000E+00  -5.4400641E+02   1.1942159E+03   0.0000000E+00  -6.0000377E+02   2.3810301E+06   1.5549129E+03   0.0000000E+00  -6.0000376E+02   2.3809305E+06
   53.2000   2.3827915E+06   0.0000000E+00  -3.0164950E+06  -2.3815155E+06   0.0000000E+00  -5.5140523E+04   7.0451386E+02   0.0000000E+00  -5.4400975E+02   1.1942157E+03   0.0000000E+00  -6.0000377E+02   2.3816167E+06   1.5549129E+03   0.0000000E+00  -6.0000376E+02   2.3815166E+06
   53.4000   2.3831066E+06   0.0000000E+00  -3.0169396E+06  -2.3822658E+06   0.0000000E+00  -5.5140585E+04   7.0451206E+02   0.0000000E+00  -5.4401457E+02   1.1942155E+03   0.0000000E+00  -6.0000377E+02   2.3823340E+06   1.5549128E+03   0.0000000E+00  -6.0000376E+02   2.3822665E+06
   53.6000   2.3833801E+06   0.0000000E+00  -3.0172902E+06  -2.3831203E+06   0.0000000E+00  -5.5140656E+04   7.0451004E+02   0.0000000E+00  -5.4402022E+02   1.1942152E+03   0.0000000E+00  -6.0000377E+02   2.3831295E+06   1.5549128E+03   0.0000000E+00  -6.0000376E+02   2.3831204E+06
   53.8000   2.3836632E+06   0.0000000E+00  -3.0175924E+06  -2.3839786E+06   0.0000000E+00  -5.5140728E+04   7.0450807E+02   0.0000000E+00  -5.4402605E+02   1.1942149E+03   0.0000000E+00  -6.0000377E+02   2.3839224E+06   1.5549128E+03   0.0000000E+00  -6.0000376E+02   2.3839781E+06
   54.0000   2.3839938E+06   0.0000000E+00  -3.0179124E+06  -2.3847336E+06   0.0000000E+00  -5.5140790E+04   7.0450636E+02   0.0000000E+00  -5.4403156E+02   1.1942147E+03   0.0000000E+00  -6.0000377E+02   2.3846293E+06   1.5549127E+03   0.0000000E+00  -6.0000376E+02   2.3847326E+06
   54.2000   2.3843720E+06   0.0000000E+00  -3.0182934E+06  -2.3853106E+06   0.0000000E+00  -5.5140838E+04   7.0450500E+02   0.0000000E+00  -5.4403657E+02   1.1942145E+03   0.0000000E+00  -6.0000377E+02   2.3851915E+06   1.5549127E+03   0.0000000E+00  -6.0000376E+02   2.3853094E+06
   54.4000   2.3847584E+06   0.0000000E+00  -3.0187271E+06  -2.3856916E+06   0.0000000E+00  -5.5140870E+04   7.0450397E+02   0.0000000E+00  -5.4404113E+02   1.1942143E+03   0.0000000E+00  -6.0000377E+02   2.3855926E+06   1.5549127E+03   0.0000000E+00  -6.0000376E+02   2.3856906E+06
   54.6000   2.3850898E+06   0.0000000E+00  -3.0191535E+06  -2.3859150E+06   0.0000000E+00  -5.5140889E+04   7.0450317E+02   0.0000000E+00  -5.4404543E+02   1.1942143E+03   0.0000000E+00  -6.0000377E+02   2.3858540E+06   1.5549127E+03   0.0000000E+00  -6.0000376E+02   2.3859144E+06
   54.8000   2.3853018E+06   0.0000000E+00  -3.0194850E+06  -2.3860449E+06   0.0000000E+00  -5.5140899E+04   7.0450249E+02   0.0000000E+00  -5.4404959E+02   1.1942142E+03   0.0000000E+00  -6.0000377E+02   2.3860137E+06   1.5549127E+03   0.0000000E+00  -6.0000376E+02   2.3860446E+06
   55.0000   2.3853501E+06   0.0000000E+00  -3.0196457E+06  -2.3861275E+06   0.0000000E+00  -5.5140906E+04   7.0450193E+02   0.0000000E+00  -5.4405356E+02   1.1942142E+03   0.0000000E+00  -6.0000377E+02   2.3860996E+06   1.5549127E+03   0.0000000E+00  -6.0000376E+02   2.3861272E+06
   55.2000   2.3852248E+06   0.0000000E+00  -3.0196056E+06  -2.3861631E+06   0.0000000E+00  -5.5140909E+04   7.0450154E+02   0.0000000E+00  -5.4405707E+02   1.1942142E+03   0.0000000E+00  -6.0000377E+02   2.3861104E+06   1.5549127E+03   0.0000000E+00  -6.0000376E+02   2.3861626E+06
   55.4000   2.3849509E+06   0.0000000E+00  -3.0193920E+06  -2.3861066E+06   0.0000000E+00  -5.5140904E+04   7.0450148E+02   0.0000000E+00  -5.4405974E+02   1.1942142E+03   0.0000000E+00  -6.0000377E+02   2.3860144E+06   1.5549127E+03   0.0000000E+00  -6.0000376E+02   2.3861057E+06
   55.6000   2.3845744E+06   0.0000000E+00  -3.0190701E+06  -2.3858917E+06   0.0000000E+00  -5.5140887E+04   7.0450190E+02   0.0000000E+00  -5.4406117E+02   1.1942142E+03   0.0000000E+00  -6.0000377E+02   2.3857656E+06   1.5549127E+03   0.0000000E+00  -6.0000376E+02   2.3858904E+06
   55.8000   2.3841397E+06   0.0000000E+00  -3.0187091E+06  -2.3854651E+06   0.0000000E+00  -5.5140851E+04   7.0450291E+02   0.0000000E+00  -5.4406109E+02   1.1942144E+03   0.0000000E+00  -6.0000377E+02   2.3853289E+06   1.5549127E+03   0.0000000E+00  -6.0000376E+02   2.3854637E+06
   56.0000   2.3836713E+06   0.0000000E+00  -3.0183522E+06  -2.3848149E+06   0.0000000E+00  -5.5140797E+04   7.0450454E+02   0.0000000E+00  -5.4405936E+02   1.1942146E+03   0.0000000E+00  -6.0000377E+02   2.3846997E+06   1.5549127E+03   0.0000000E+00  -6.0000376E+02   2.3848138E+06
   56.2000   2.3831641E+06   0.0000000E+00  -3.0180046E+06  -2.3839810E+06   0.0000000E+00  -5.5140728E+04   7.0450675E+02   0.0000000E+00  -5.4405604E+02   1.1942149E+03   0.0000000E+00  -6.0000377E+02   2.3839109E+06   1.5549128E+03   0.0000000E+00  -6.0000376E+02   2.3839803E+06
   56.4000   2.3825892E+06   0.0000000E+00  -3.0176405E+06  -2.3830408E+06   0.0000000E+00  -5.5140650E+04   7.0450947E+02   0.0000000E+00  -5.4405124E+02   1.1942152E+03   0.0000000E+00  -6.0000377E+02   2.3830224E+06   1.5549128E+03   0.0000000E+00  -6.0000376E+02   2.3830406E+06
   56.6000   2.3819156E+06   0.0000000E+00  -3.0172233E+06  -2.3820793E+06   0.0000000E+00  -5.5140570E+04   7.0451258E+02   0.0000000E+00  -5.4404510E+02   1.1942155E+03   0.0000000E+00  -6.0000377E+02   2.3820998E+06   1.5549128E+03   0.0000000E+00  -6.0000376E+02   2.3820795E+06
   56.8000   2.3811375E+06   0.0000000E+00  -3.0167280E+06  -2.3811571E+06   0.0000000E+00  -5.5140493E+04   7.0451598E+02   0.0000000E+00  -5.4403777E+02   1.1942158E+03   0.0000000E+00  -6.0000377E+02   2.3811914E+06   1.5549129E+03   0.0000000E+00  -6.0000376E+02   2.3811575E+06
   57.0000   2.3802923E+06   0.0000000E+00  -3.0161541E+06  -2.3802922E+06   0.0000000E+00  -5.5140421E+04   7.0451959E+02   0.0000000E+00  -5.4402948E+02   1.1942161E+03   0.0000000E+00  -6.0000377E+02   2.3803163E+06   1.5549129E+03   0.0000000E+00  -6.0000376E+02   2.3802925E+06
   57.2000   2.3794562E+06   0.0000000E+00  -3.0155245E+06  -2.3794643E+06   0.0000000E+00  -5.5140352E+04   7.0452327E+02   0.0000000E+00  -5.4402059E+02   1.1942163E+03   0.0000000E+00  -6.0000377E+02   2.3794679E+06   1.5549129E+03   0.0000000E+00  -6.0000376E+02   2.3794643E+06
   57.4000   2.3787187E+06   0.0000000E+00  -3.0148767E+06  -2.3786391E+06   0.0000000E+00  -5.5140284E+04   7.0452683E+02   0.0000000E+00  -5.4401162E+02   1.1942166E+03   0.0000000E+00  -6.0000377E+02   2.3786311E+06   1.5549130E+03   0.0000000E+00  -6.0000376E+02   2.3786390E+06
   57.6000   2.3781496E+06   0.0000000E+00  -3.0142552E+06  -2.3778001E+06   0.0000000E+00  -5.5140214E+04   7.0453005E+02   0.0000000E+00  -5.4400327E+02   1.1942169E+03   0.0000000E+00  -6.0000377E+02   2.3778049E+06   1.5549130E+03   0.0000000E+00  -6.0000376E+02   2.3778001E+06
   57.8000   2.3777744E+06   0.0000000E+00  -3.0137038E+06  -2.3769731E+06   0.0000000E+00  -5.5140145E+04   7.0453267E+02   0.0000000E+00  -5.4399621E+02   1.1942172E+03   0.0000000E+00  -6.0000377E+02   2.3770185E+06   1.5549130E+03   0.0000000E+00  -6.0000376E+02   2.3769735E+06
   58.0000   2.3775689E+06   0.0000000E+00  -3.0132585E+06  -2.3762291E+06   0.0000000E+00  -5.5140083E+04   7.0453448E+02   0.0000000E+00  -5.4399102E+02   1.1942174E+03   0.0000000E+00  -6.0000377E+02   2.3763316E+06   1.5549130E+03   0.0000000E+00  -6.0000376E+02   2.3762301E+06
   58.2000   2.3774786E+06   0.0000000E+00  -3.0129407E+06  -2.3756638E+06   0.0000000E+00  -5.5140036E+04   7.0453533E+02   0.0000000E+00  -5.4398796E+02   1.1942176E+03   0.0000000E+00  -6.0000377E+02   2.3758205E+06   1.5549131E+03   0.0000000E+00  -6.0000376E+02   2.3756654E+06
   58.4000   2.3774534E+06   0.0000000E+00  -3.0127589E+06  -2.3753644E+06   0.0000000E+00  -5.5140012E+04   7.0453523E+02   0.0000000E+00  -5.4398702E+02   1.1942177E+03   0.0000000E+00  -6.0000377E+02   2.3755548E+06   1.5549131E+03   0.0000000E+00  -6.0000376E+02   2.3753663E+06
   58.6000   2.3774797E+06   0.0000000E+00  -3.0127171E+06  -2.3753818E+06   0.0000000E+00  -5.5140013E+04   7.0453427E+02   0.0000000E+00  -5.4398790E+02   1.1942177E+03   0.0000000E+00  -6.0000377E+02   2.3755752E+06   1.5549131E+03   0.0000000E+00  -6.0000376E+02   2.3753838E+06
   58.8000   2.3775879E+06   0.0000000E+00  -3.0128211E+06  -2.3757154E+06   0.0000000E+00  -5.5140041E+04   7.0453262E+02   0.0000000E+00  -5.4399020E+02   1.1942176E+03   0.0000000E+00  -6.0000377E+02   2.3758806E+06   1.5549131E+03   0.0000000E+00  -6.0000376E+02   2.3757171E+06
   59.0000   2.3778318E+06   0.0000000E+00  -3.0130780E+06  -2.3763137E+06   0.0000000E+00  -5.5140091E+04   7.0453044E+02   0.0000000E+00  -5.4399355E+02   1.1942174E+03   0.0000000E+00  -6.0000377E+02   2.3764310E+06   1.5549130E+03   0.0000000E+00  -6.0000376E+02   2.3763149E+06
   59.2000   2.3782571E+06   0.0000000E+00  -3.0134907E+06  -2.3770957E+06   0.0000000E+00  -5.5140156E+04   7.0452784E+02   0.0000000E+00  -5.4399777E+02   1.1942172E+03   0.0000000E+00  -6.0000377E+02   2.3771664E+06   1.5549130E+03   0.0000000E+00  -6.0000376E+02   2.3770964E+06
   59.4000   2.3788779E+06   0.0000000E+00  -3.0140515E+06  -2.3779863E+06   0.0000000E+00  -5.5140230E+04   7.0452489E+02   0.0000000E+00  -5.4400284E+02   1.1942169E+03   0.0000000E+00  -6.0000377E+02   2.3780288E+06   1.5549130E+03   0.0000000E+00  -6.0000376E+02   2.3779867E+06
   59.6000   2.3796700E+06   0.0000000E+00  -3.0147340E+06  -2.3789430E+06   0.0000000E+00  -5.5140309E+04   7.0452158E+02   0.0000000E+00  -5.4400884E+02   1.1942166E+03   0.0000000E+00  -6.0000377E+02   2.3789804E+06   1.5549130E+03   0.0000000E+00  -6.0000376E+02   2.3789433E+06
   59.8000   2.3805788E+06   0.0000000E+00  -3.0154900E+06  -2.3799611E+06   0.0000000E+00  -5.5140394E+04   7.0451794E+02   0.0000000E+00  -5.4401572E+02   1.1942162E+03   0.0000000E+00  -6.0000377E+02   2.3800081E+06   1.5549129E+03   0.0000000E+00  -6.0000376E+02   2.3799616E+06
