
Predictions were generated on 11-May-2018 at 12:52:06 using OpenFAST, compiled as a 64-bit application using double precision at commit v1.0.0-50-g50332ea2-dirty
 linked with  NWTC Subroutine Library; ElastoDyn; InflowWind; AeroDyn; ServoDyn

Description from the FAST input file: FAST Certification Test #10: UAE Phase VI (upwind) with no DOFs in a ramped wind.

Time      	Wind1VelX 	Wind1VelY 	Wind1VelZ 	RootFxc1  	RootFyc1  	RootFzc1  	RootFxc2  	RootFyc2  	RootFzc2  	RootMOoP1 	RootMIP1  	RootMzc1  	RotTorq   	RotThrust 	RotPwr    	LSSGagMya 	LSSGagMza 	YawBrMxp  	YawBrMyp  	RtAeroCp  	RtAeroCq  	RtAeroCt  	GenPwr    
(s)       	(m/s)     	(m/s)     	(m/s)     	(kN)      	(kN)      	(kN)      	(kN)      	(kN)      	(kN)      	(kN-m)    	(kN-m)    	(kN-m)    	(kN-m)    	(kN)      	(kW)      	(kN-m)    	(kN-m)    	(kN-m)    	(kN-m)    	(-)       	(-)       	(-)       	(kW)      
    5.0000	 5.000E+00	 0.000E+00	 0.000E+00	 3.518E-01	-1.458E-02	 6.857E+00	 3.518E-01	-7.755E-02	 8.058E+00	 1.072E+00	 6.599E-02	-1.651E-02	 2.796E-01	 7.035E-01	 2.105E+00	-1.703E+00	-8.924E-02	 2.796E-01	-7.476E+00	 3.403E-01	 4.493E-02	 5.685E-01	 3.407E+00
    5.1000	 5.100E+00	 0.000E+00	 0.000E+00	 3.659E-01	-4.375E-01	 6.998E+00	 3.659E-01	 3.382E-01	 7.918E+00	 1.112E+00	 7.927E-01	-1.676E-02	 3.001E-01	 7.319E-01	 2.260E+00	-1.304E+00	 1.099E+00	 3.001E-01	-7.457E+00	 3.442E-01	 4.635E-02	 5.685E-01	 3.407E+00
    5.2000	 5.200E+00	 0.000E+00	 0.000E+00	 3.803E-01	-6.508E-01	 7.387E+00	 3.803E-01	 5.442E-01	 7.528E+00	 1.153E+00	 1.161E+00	-1.702E-02	 3.215E-01	 7.607E-01	 2.421E+00	-1.995E-01	 1.693E+00	 3.215E-01	-7.437E+00	 3.478E-01	 4.777E-02	 5.683E-01	 3.407E+00
    5.3000	 5.300E+00	 0.000E+00	 0.000E+00	 3.949E-01	-5.413E-01	 7.815E+00	 3.949E-01	 4.270E-01	 7.100E+00	 1.194E+00	 9.762E-01	-1.729E-02	 3.438E-01	 7.898E-01	 2.589E+00	 1.012E+00	 1.372E+00	 3.438E-01	-7.417E+00	 3.513E-01	 4.917E-02	 5.680E-01	 3.407E+00
    5.4000	 5.400E+00	 0.000E+00	 0.000E+00	 4.097E-01	-1.702E-01	 8.049E+00	 4.097E-01	 4.788E-02	 6.866E+00	 1.236E+00	 3.438E-01	-1.757E-02	 3.670E-01	 8.193E-01	 2.763E+00	 1.677E+00	 3.090E-01	 3.670E-01	-7.396E+00	 3.545E-01	 5.056E-02	 5.676E-01	 3.407E+00
    5.5000	 5.500E+00	 0.000E+00	 0.000E+00	 4.246E-01	 2.597E-01	 7.964E+00	 4.246E-01	-3.903E-01	 6.951E+00	 1.278E+00	-3.892E-01	-1.785E-02	 3.911E-01	 8.492E-01	 2.945E+00	 1.435E+00	-9.212E-01	 3.911E-01	-7.376E+00	 3.576E-01	 5.194E-02	 5.671E-01	 3.407E+00
    5.6000	 5.600E+00	 0.000E+00	 0.000E+00	 4.397E-01	 5.138E-01	 7.605E+00	 4.397E-01	-6.529E-01	 7.310E+00	 1.321E+00	-8.209E-01	-1.811E-02	 4.160E-01	 8.793E-01	 3.132E+00	 4.171E-01	-1.653E+00	 4.160E-01	-7.355E+00	 3.603E-01	 5.329E-02	 5.665E-01	 3.407E+00
    5.7000	 5.700E+00	 0.000E+00	 0.000E+00	 4.548E-01	 4.523E-01	 7.166E+00	 4.548E-01	-6.003E-01	 7.749E+00	 1.364E+00	-7.123E-01	-1.835E-02	 4.417E-01	 9.096E-01	 3.326E+00	-8.262E-01	-1.492E+00	 4.417E-01	-7.334E+00	 3.628E-01	 5.461E-02	 5.656E-01	 3.407E+00
    5.8000	 5.800E+00	 0.000E+00	 0.000E+00	 4.700E-01	 1.061E-01	 6.885E+00	 4.700E-01	-2.633E-01	 8.030E+00	 1.407E+00	-1.161E-01	-1.856E-02	 4.682E-01	 9.401E-01	 3.525E+00	-1.623E+00	-5.235E-01	 4.682E-01	-7.313E+00	 3.650E-01	 5.591E-02	 5.646E-01	 3.407E+00
    5.9000	 5.900E+00	 0.000E+00	 0.000E+00	 4.853E-01	-3.400E-01	 6.914E+00	 4.853E-01	 1.734E-01	 8.002E+00	 1.450E+00	 6.513E-01	-1.872E-02	 4.954E-01	 9.706E-01	 3.730E+00	-1.542E+00	 7.276E-01	 4.954E-01	-7.292E+00	 3.669E-01	 5.717E-02	 5.633E-01	 3.407E+00
    6.0000	 6.000E+00	 0.000E+00	 0.000E+00	 5.005E-01	-6.475E-01	 7.236E+00	 5.005E-01	 4.713E-01	 7.679E+00	 1.493E+00	 1.181E+00	-1.881E-02	 5.232E-01	 1.001E+00	 3.940E+00	-6.277E-01	 1.585E+00	 5.232E-01	-7.270E+00	 3.685E-01	 5.839E-02	 5.617E-01	 3.407E+00
    6.1000	 6.100E+00	 0.000E+00	 0.000E+00	 5.156E-01	-6.526E-01	 7.679E+00	 5.156E-01	 4.666E-01	 7.237E+00	 1.536E+00	 1.194E+00	-1.884E-02	 5.517E-01	 1.031E+00	 4.154E+00	 6.261E-01	 1.586E+00	 5.517E-01	-7.250E+00	 3.697E-01	 5.956E-02	 5.599E-01	 3.407E+00
    6.2000	 6.200E+00	 0.000E+00	 0.000E+00	 5.307E-01	-3.553E-01	 8.001E+00	 5.307E-01	 1.593E-01	 6.914E+00	 1.578E+00	 6.886E-01	-1.879E-02	 5.806E-01	 1.061E+00	 4.372E+00	 1.541E+00	 7.293E-01	 5.806E-01	-7.229E+00	 3.706E-01	 6.068E-02	 5.578E-01	 3.407E+00
    6.3000	 6.300E+00	 0.000E+00	 0.000E+00	 5.457E-01	 8.103E-02	 8.030E+00	 5.457E-01	-2.872E-01	 6.885E+00	 1.621E+00	-5.471E-02	-1.867E-02	 6.102E-01	 1.091E+00	 4.594E+00	 1.623E+00	-5.218E-01	 6.102E-01	-7.208E+00	 3.712E-01	 6.176E-02	 5.555E-01	 3.407E+00
    6.4000	 6.400E+00	 0.000E+00	 0.000E+00	 5.606E-01	 4.177E-01	 7.750E+00	 5.606E-01	-6.343E-01	 7.166E+00	 1.663E+00	-6.273E-01	-1.850E-02	 6.402E-01	 1.121E+00	 4.820E+00	 8.277E-01	-1.491E+00	 6.402E-01	-7.187E+00	 3.715E-01	 6.279E-02	 5.530E-01	 3.407E+00
    6.5000	 6.500E+00	 0.000E+00	 0.000E+00	 5.754E-01	 4.700E-01	 7.311E+00	 5.754E-01	-6.971E-01	 7.604E+00	 1.705E+00	-7.128E-01	-1.829E-02	 6.708E-01	 1.151E+00	 5.051E+00	-4.154E-01	-1.654E+00	 6.708E-01	-7.167E+00	 3.715E-01	 6.378E-02	 5.503E-01	 3.407E+00
    6.6000	 6.600E+00	 0.000E+00	 0.000E+00	 5.902E-01	 2.067E-01	 6.952E+00	 5.902E-01	-4.445E-01	 7.964E+00	 1.746E+00	-2.579E-01	-1.805E-02	 7.019E-01	 1.180E+00	 5.284E+00	-1.434E+00	-9.227E-01	 7.019E-01	-7.146E+00	 3.713E-01	 6.473E-02	 5.474E-01	 3.407E+00
    6.7000	 6.700E+00	 0.000E+00	 0.000E+00	 6.047E-01	-2.327E-01	 6.866E+00	 6.047E-01	-1.587E-02	 8.049E+00	 1.787E+00	 4.985E-01	-1.779E-02	 7.331E-01	 1.209E+00	 5.520E+00	-1.677E+00	 3.072E-01	 7.331E-01	-7.126E+00	 3.708E-01	 6.561E-02	 5.443E-01	 3.407E+00
    6.8000	 6.800E+00	 0.000E+00	 0.000E+00	 6.187E-01	-6.134E-01	 7.100E+00	 6.187E-01	 3.541E-01	 7.815E+00	 1.827E+00	 1.155E+00	-1.752E-02	 7.644E-01	 1.237E+00	 5.755E+00	-1.014E+00	 1.371E+00	 7.644E-01	-7.107E+00	 3.698E-01	 6.641E-02	 5.406E-01	 3.407E+00
    6.9000	 6.900E+00	 0.000E+00	 0.000E+00	 6.321E-01	-7.325E-01	 7.527E+00	 6.321E-01	 4.627E-01	 7.388E+00	 1.865E+00	 1.363E+00	-1.725E-02	 7.953E-01	 1.264E+00	 5.988E+00	 1.978E-01	 1.694E+00	 7.953E-01	-7.088E+00	 3.682E-01	 6.710E-02	 5.364E-01	 3.407E+00
    7.0000	 7.000E+00	 0.000E+00	 0.000E+00	 6.446E-01	-5.283E-01	 7.917E+00	 6.446E-01	 2.483E-01	 6.998E+00	 1.901E+00	 1.017E+00	-1.698E-02	 8.254E-01	 1.289E+00	 6.215E+00	 1.302E+00	 1.101E+00	 8.254E-01	-7.071E+00	 3.660E-01	 6.767E-02	 5.315E-01	 3.407E+00
    7.1000	 7.100E+00	 0.000E+00	 0.000E+00	 6.562E-01	-1.141E-01	 8.058E+00	 6.562E-01	-1.758E-01	 6.857E+00	 1.935E+00	 3.120E-01	-1.670E-02	 8.548E-01	 1.312E+00	 6.436E+00	 1.703E+00	-8.746E-02	 8.548E-01	-7.055E+00	 3.633E-01	 6.812E-02	 5.259E-01	 3.407E+00
    7.2000	 7.200E+00	 0.000E+00	 0.000E+00	 6.671E-01	 2.835E-01	 7.875E+00	 6.671E-01	-5.832E-01	 7.040E+00	 1.967E+00	-3.649E-01	-1.642E-02	 8.838E-01	 1.334E+00	 6.654E+00	 1.183E+00	-1.228E+00	 8.838E-01	-7.040E+00	 3.602E-01	 6.848E-02	 5.200E-01	 3.407E+00
    7.3000	 7.300E+00	 0.000E+00	 0.000E+00	 6.776E-01	 4.469E-01	 7.466E+00	 6.776E-01	-7.563E-01	 7.449E+00	 1.998E+00	-6.406E-01	-1.613E-02	 9.126E-01	 1.355E+00	 6.871E+00	 2.321E-02	-1.705E+00	 9.126E-01	-7.025E+00	 3.568E-01	 6.879E-02	 5.138E-01	 3.407E+00
    7.4000	 7.400E+00	 0.000E+00	 0.000E+00	 6.878E-01	 2.850E-01	 7.052E+00	 6.878E-01	-6.042E-01	 7.863E+00	 2.028E+00	-3.594E-01	-1.583E-02	 9.414E-01	 1.376E+00	 7.088E+00	-1.149E+00	-1.260E+00	 9.414E-01	-7.011E+00	 3.534E-01	 6.906E-02	 5.075E-01	 3.407E+00
    7.5000	 7.500E+00	 0.000E+00	 0.000E+00	 6.976E-01	-1.173E-01	 6.858E+00	 6.976E-01	-2.118E-01	 8.057E+00	 2.057E+00	 3.333E-01	-1.551E-02	 9.705E-01	 1.395E+00	 7.307E+00	-1.700E+00	-1.338E-01	 9.705E-01	-6.998E+00	 3.499E-01	 6.931E-02	 5.011E-01	 3.407E+00
    7.6000	 7.600E+00	 0.000E+00	 0.000E+00	 7.070E-01	-5.452E-01	 6.988E+00	 7.070E-01	 2.062E-01	 7.928E+00	 2.085E+00	 1.070E+00	-1.520E-02	 9.995E-01	 1.414E+00	 7.525E+00	-1.332E+00	 1.065E+00	 9.995E-01	-6.985E+00	 3.463E-01	 6.951E-02	 4.946E-01	 3.407E+00
    7.7000	 7.700E+00	 0.000E+00	 0.000E+00	 7.159E-01	-7.698E-01	 7.372E+00	 7.159E-01	 4.211E-01	 7.544E+00	 2.112E+00	 1.458E+00	-1.489E-02	 1.028E+00	 1.432E+00	 7.741E+00	-2.438E-01	 1.688E+00	 1.028E+00	-6.972E+00	 3.425E-01	 6.966E-02	 4.879E-01	 3.407E+00
    7.8000	 7.800E+00	 0.000E+00	 0.000E+00	 7.242E-01	-6.724E-01	 7.802E+00	 7.242E-01	 3.142E-01	 7.113E+00	 2.137E+00	 1.295E+00	-1.461E-02	 1.056E+00	 1.448E+00	 7.951E+00	 9.761E-01	 1.398E+00	 1.056E+00	-6.961E+00	 3.385E-01	 6.973E-02	 4.810E-01	 3.407E+00
    7.9000	 7.900E+00	 0.000E+00	 0.000E+00	 7.323E-01	-3.081E-01	 8.046E+00	 7.323E-01	-5.919E-02	 6.869E+00	 2.162E+00	 6.755E-01	-1.438E-02	 1.083E+00	 1.465E+00	 8.157E+00	 1.668E+00	 3.528E-01	 1.083E+00	-6.950E+00	 3.342E-01	 6.974E-02	 4.741E-01	 3.407E+00
    8.0000	 8.000E+00	 0.000E+00	 0.000E+00	 7.404E-01	 1.234E-01	 7.972E+00	 7.404E-01	-4.999E-01	 6.943E+00	 2.186E+00	-5.963E-02	-1.421E-02	 1.111E+00	 1.481E+00	 8.363E+00	 1.459E+00	-8.833E-01	 1.111E+00	-6.938E+00	 3.300E-01	 6.971E-02	 4.675E-01	 3.407E+00
    8.1000	 8.100E+00	 0.000E+00	 0.000E+00	 7.488E-01	 3.864E-01	 7.620E+00	 7.488E-01	-7.722E-01	 7.295E+00	 2.210E+00	-5.062E-01	-1.410E-02	 1.138E+00	 1.498E+00	 8.569E+00	 4.603E-01	-1.642E+00	 1.138E+00	-6.927E+00	 3.257E-01	 6.968E-02	 4.611E-01	 3.407E+00
    8.2000	 8.200E+00	 0.000E+00	 0.000E+00	 7.572E-01	 3.362E-01	 7.180E+00	 7.572E-01	-7.313E-01	 7.735E+00	 2.233E+00	-4.166E-01	-1.403E-02	 1.165E+00	 1.514E+00	 8.774E+00	-7.868E-01	-1.513E+00	 1.165E+00	-6.915E+00	 3.215E-01	 6.962E-02	 4.550E-01	 3.407E+00
    8.3000	 8.300E+00	 0.000E+00	 0.000E+00	 7.653E-01	-2.437E-03	 6.890E+00	 7.653E-01	-4.017E-01	 8.025E+00	 2.256E+00	 1.669E-01	-1.401E-02	 1.192E+00	 1.531E+00	 8.976E+00	-1.609E+00	-5.658E-01	 1.192E+00	-6.904E+00	 3.171E-01	 6.951E-02	 4.489E-01	 3.407E+00
    8.4000	 8.400E+00	 0.000E+00	 0.000E+00	 7.731E-01	-4.488E-01	 6.907E+00	 7.730E-01	 3.598E-02	 8.008E+00	 2.278E+00	 9.349E-01	-1.403E-02	 1.218E+00	 1.546E+00	 9.171E+00	-1.561E+00	 6.870E-01	 1.218E+00	-6.893E+00	 3.126E-01	 6.934E-02	 4.427E-01	 3.407E+00
    8.5000	 8.500E+00	 0.000E+00	 0.000E+00	 7.801E-01	-7.639E-01	 7.222E+00	 7.801E-01	 3.429E-01	 7.694E+00	 2.297E+00	 1.478E+00	-1.410E-02	 1.243E+00	 1.560E+00	 9.357E+00	-6.690E-01	 1.568E+00	 1.243E+00	-6.884E+00	 3.078E-01	 6.909E-02	 4.362E-01	 3.407E+00
    8.6000	 8.600E+00	 0.000E+00	 0.000E+00	 7.864E-01	-7.796E-01	 7.664E+00	 7.864E-01	 3.508E-01	 7.251E+00	 2.315E+00	 1.508E+00	-1.418E-02	 1.266E+00	 1.573E+00	 9.533E+00	 5.843E-01	 1.602E+00	 1.266E+00	-6.875E+00	 3.028E-01	 6.877E-02	 4.296E-01	 3.407E+00
    8.7000	 8.700E+00	 0.000E+00	 0.000E+00	 7.920E-01	-4.895E-01	 7.995E+00	 7.920E-01	 5.338E-02	 6.921E+00	 2.331E+00	 1.015E+00	-1.424E-02	 1.288E+00	 1.584E+00	 9.701E+00	 1.522E+00	 7.694E-01	 1.288E+00	-6.867E+00	 2.976E-01	 6.838E-02	 4.228E-01	 3.407E+00
    8.8000	 8.800E+00	 0.000E+00	 0.000E+00	 7.971E-01	-5.259E-02	 8.035E+00	 7.971E-01	-3.907E-01	 6.880E+00	 2.345E+00	 2.697E-01	-1.427E-02	 1.310E+00	 1.594E+00	 9.862E+00	 1.636E+00	-4.792E-01	 1.310E+00	-6.860E+00	 2.924E-01	 6.795E-02	 4.159E-01	 3.407E+00
    8.9000	 8.900E+00	 0.000E+00	 0.000E+00	 8.018E-01	 2.930E-01	 7.763E+00	 8.018E-01	-7.433E-01	 7.152E+00	 2.357E+00	-3.192E-01	-1.428E-02	 1.331E+00	 1.604E+00	 1.002E+01	 8.665E-01	-1.469E+00	 1.331E+00	-6.853E+00	 2.871E-01	 6.748E-02	 4.090E-01	 3.407E+00
    9.0000	 9.000E+00	 0.000E+00	 0.000E+00	 8.064E-01	 3.586E-01	 7.326E+00	 8.064E-01	-8.157E-01	 7.589E+00	 2.370E+00	-4.287E-01	-1.432E-02	 1.351E+00	 1.613E+00	 1.017E+01	-3.720E-01	-1.664E+00	 1.351E+00	-6.847E+00	 2.818E-01	 6.699E-02	 4.022E-01	 3.407E+00
    9.1000	 9.100E+00	 0.000E+00	 0.000E+00	 8.107E-01	 1.069E-01	 6.960E+00	 8.107E-01	-5.705E-01	 7.955E+00	 2.381E+00	 5.056E-03	-1.441E-02	 1.370E+00	 1.621E+00	 1.032E+01	-1.409E+00	-9.599E-01	 1.370E+00	-6.841E+00	 2.766E-01	 6.647E-02	 3.956E-01	 3.407E+00
    9.2000	 9.200E+00	 0.000E+00	 0.000E+00	 8.148E-01	-3.278E-01	 6.863E+00	 8.148E-01	-1.421E-01	 8.052E+00	 2.393E+00	 7.521E-01	-1.454E-02	 1.389E+00	 1.630E+00	 1.046E+01	-1.685E+00	 2.632E-01	 1.389E+00	-6.835E+00	 2.713E-01	 6.593E-02	 3.890E-01	 3.407E+00
    9.3000	 9.300E+00	 0.000E+00	 0.000E+00	 8.184E-01	-7.121E-01	 7.087E+00	 8.184E-01	 2.364E-01	 7.828E+00	 2.403E+00	 1.413E+00	-1.462E-02	 1.407E+00	 1.637E+00	 1.059E+01	-1.049E+00	 1.344E+00	 1.407E+00	-6.830E+00	 2.661E-01	 6.534E-02	 3.823E-01	 3.407E+00
    9.4000	 9.400E+00	 0.000E+00	 0.000E+00	 8.213E-01	-8.396E-01	 7.512E+00	 8.213E-01	 3.588E-01	 7.404E+00	 2.411E+00	 1.633E+00	-1.463E-02	 1.423E+00	 1.643E+00	 1.071E+01	 1.534E-01	 1.698E+00	 1.423E+00	-6.827E+00	 2.605E-01	 6.468E-02	 3.755E-01	 3.407E+00
    9.5000	 9.500E+00	 0.000E+00	 0.000E+00	 8.238E-01	-6.421E-01	 7.907E+00	 8.238E-01	 1.583E-01	 7.008E+00	 2.418E+00	 1.298E+00	-1.481E-02	 1.434E+00	 1.648E+00	 1.080E+01	 1.273E+00	 1.134E+00	 1.434E+00	-6.823E+00	 2.544E-01	 6.384E-02	 3.688E-01	 3.407E+00
    9.6000	 9.600E+00	 0.000E+00	 0.000E+00	 8.265E-01	-2.269E-01	 8.059E+00	 8.265E-01	-2.572E-01	 6.856E+00	 2.426E+00	 5.895E-01	-1.550E-02	 1.440E+00	 1.653E+00	 1.084E+01	 1.705E+00	-4.285E-02	 1.440E+00	-6.819E+00	 2.475E-01	 6.276E-02	 3.624E-01	 3.407E+00
    9.7000	 9.700E+00	 0.000E+00	 0.000E+00	 8.294E-01	 1.817E-01	 7.886E+00	 8.294E-01	-6.629E-01	 7.029E+00	 2.433E+00	-1.076E-01	-1.674E-02	 1.439E+00	 1.659E+00	 1.083E+01	 1.215E+00	-1.197E+00	 1.439E+00	-6.815E+00	 2.398E-01	 6.143E-02	 3.562E-01	 3.407E+00
    9.8000	 9.800E+00	 0.000E+00	 0.000E+00	 8.326E-01	 3.645E-01	 7.482E+00	 8.326E-01	-8.378E-01	 7.434E+00	 2.441E+00	-4.175E-01	-1.859E-02	 1.428E+00	 1.665E+00	 1.075E+01	 6.784E-02	-1.704E+00	 1.428E+00	-6.811E+00	 2.308E-01	 5.973E-02	 3.503E-01	 3.407E+00
    9.9000	 9.900E+00	 0.000E+00	 0.000E+00	 8.359E-01	 2.253E-01	 7.064E+00	 8.359E-01	-6.848E-01	 7.851E+00	 2.449E+00	-1.756E-01	-2.083E-02	 1.406E+00	 1.672E+00	 1.058E+01	-1.116E+00	-1.290E+00	 1.406E+00	-6.806E+00	 2.203E-01	 5.761E-02	 3.446E-01	 3.407E+00
   10.0000	 1.000E+01	 0.000E+00	 0.000E+00	 8.390E-01	-1.594E-01	 6.859E+00	 8.390E-01	-2.852E-01	 8.056E+00	 2.456E+00	 4.865E-01	-2.292E-02	 1.380E+00	 1.678E+00	 1.039E+01	-1.696E+00	-1.782E-01	 1.380E+00	-6.802E+00	 2.100E-01	 5.545E-02	 3.390E-01	 3.407E+00
   10.1000	 1.010E+01	 0.000E+00	 0.000E+00	 8.418E-01	-5.794E-01	 6.978E+00	 8.418E-01	 1.471E-01	 7.937E+00	 2.463E+00	 1.209E+00	-2.467E-02	 1.360E+00	 1.684E+00	 1.024E+01	-1.359E+00	 1.030E+00	 1.360E+00	-6.798E+00	 2.008E-01	 5.355E-02	 3.334E-01	 3.407E+00
   10.2000	 1.020E+01	 0.000E+00	 0.000E+00	 8.446E-01	-8.042E-01	 7.356E+00	 8.446E-01	 3.818E-01	 7.559E+00	 2.469E+00	 1.595E+00	-2.607E-02	 1.343E+00	 1.689E+00	 1.011E+01	-2.879E-01	 1.681E+00	 1.343E+00	-6.794E+00	 1.925E-01	 5.184E-02	 3.280E-01	 3.407E+00
   10.3000	 1.030E+01	 0.000E+00	 0.000E+00	 8.471E-01	-7.099E-01	 7.789E+00	 8.471E-01	 2.944E-01	 7.126E+00	 2.475E+00	 1.435E+00	-2.707E-02	 1.331E+00	 1.694E+00	 1.002E+01	 9.392E-01	 1.423E+00	 1.331E+00	-6.791E+00	 1.852E-01	 5.038E-02	 3.226E-01	 3.407E+00
   10.4000	 1.040E+01	 0.000E+00	 0.000E+00	 8.495E-01	-3.460E-01	 8.043E+00	 8.495E-01	-6.636E-02	 6.872E+00	 2.481E+00	 8.131E-01	-2.780E-02	 1.325E+00	 1.699E+00	 9.979E+00	 1.658E+00	 3.963E-01	 1.325E+00	-6.787E+00	 1.792E-01	 4.923E-02	 3.174E-01	 3.407E+00
   10.5000	 1.050E+01	 0.000E+00	 0.000E+00	 8.519E-01	 9.197E-02	 7.980E+00	 8.519E-01	-5.042E-01	 6.935E+00	 2.486E+00	 6.293E-02	-2.844E-02	 1.325E+00	 1.704E+00	 9.974E+00	 1.481E+00	-8.448E-01	 1.325E+00	-6.784E+00	 1.741E-01	 4.827E-02	 3.122E-01	 3.407E+00
   10.6000	 1.060E+01	 0.000E+00	 0.000E+00	 8.544E-01	 3.681E-01	 7.635E+00	 8.544E-01	-7.816E-01	 7.280E+00	 2.492E+00	-4.107E-01	-2.912E-02	 1.326E+00	 1.709E+00	 9.982E+00	 5.031E-01	-1.629E+00	 1.326E+00	-6.781E+00	 1.693E-01	 4.740E-02	 3.072E-01	 3.407E+00
   10.7000	 1.070E+01	 0.000E+00	 0.000E+00	 8.570E-01	 3.331E-01	 7.194E+00	 8.570E-01	-7.486E-01	 7.721E+00	 2.498E+00	-3.522E-01	-2.985E-02	 1.327E+00	 1.714E+00	 9.992E+00	-7.470E-01	-1.533E+00	 1.327E+00	-6.777E+00	 1.648E-01	 4.657E-02	 3.024E-01	 3.407E+00
   10.8000	 1.080E+01	 0.000E+00	 0.000E+00	 8.598E-01	 5.693E-03	 6.895E+00	 8.598E-01	-4.232E-01	 8.020E+00	 2.504E+00	 2.067E-01	-3.066E-02	 1.328E+00	 1.720E+00	 9.999E+00	-1.593E+00	-6.077E-01	 1.328E+00	-6.773E+00	 1.604E-01	 4.574E-02	 2.978E-01	 3.407E+00
   10.9000	 1.090E+01	 0.000E+00	 0.000E+00	 8.630E-01	-4.375E-01	 6.901E+00	 8.630E-01	 1.827E-02	 8.014E+00	 2.510E+00	 9.636E-01	-3.160E-02	 1.328E+00	 1.726E+00	 9.998E+00	-1.578E+00	 6.459E-01	 1.328E+00	-6.769E+00	 1.560E-01	 4.490E-02	 2.935E-01	 3.407E+00
   11.0000	 1.100E+01	 0.000E+00	 0.000E+00	 8.667E-01	-7.575E-01	 7.207E+00	 8.667E-01	 3.366E-01	 7.708E+00	 2.517E+00	 1.509E+00	-3.265E-02	 1.327E+00	 1.733E+00	 9.990E+00	-7.098E-01	 1.550E+00	 1.327E+00	-6.764E+00	 1.516E-01	 4.405E-02	 2.894E-01	 3.407E+00
   11.1000	 1.110E+01	 0.000E+00	 0.000E+00	 8.706E-01	-7.816E-01	 7.649E+00	 8.706E-01	 3.592E-01	 7.266E+00	 2.524E+00	 1.548E+00	-3.377E-02	 1.325E+00	 1.741E+00	 9.980E+00	 5.422E-01	 1.617E+00	 1.325E+00	-6.758E+00	 1.474E-01	 4.322E-02	 2.855E-01	 3.407E+00
   11.2000	 1.120E+01	 0.000E+00	 0.000E+00	 8.750E-01	-4.974E-01	 7.987E+00	 8.750E-01	 7.342E-02	 6.928E+00	 2.532E+00	 1.059E+00	-3.495E-02	 1.324E+00	 1.750E+00	 9.966E+00	 1.501E+00	 8.089E-01	 1.324E+00	-6.752E+00	 1.433E-01	 4.239E-02	 2.818E-01	 3.407E+00
   11.3000	 1.130E+01	 0.000E+00	 0.000E+00	 8.797E-01	-5.883E-02	 8.039E+00	 8.797E-01	-3.666E-01	 6.876E+00	 2.541E+00	 3.053E-01	-3.624E-02	 1.321E+00	 1.759E+00	 9.948E+00	 1.648E+00	-4.362E-01	 1.321E+00	-6.746E+00	 1.393E-01	 4.157E-02	 2.784E-01	 3.407E+00
   11.4000	 1.140E+01	 0.000E+00	 0.000E+00	 8.848E-01	 2.966E-01	 7.777E+00	 8.848E-01	-7.234E-01	 7.138E+00	 2.549E+00	-3.062E-01	-3.763E-02	 1.318E+00	 1.770E+00	 9.927E+00	 9.046E-01	-1.445E+00	 1.318E+00	-6.739E+00	 1.354E-01	 4.075E-02	 2.751E-01	 3.407E+00
   11.5000	 1.150E+01	 0.000E+00	 0.000E+00	 8.901E-01	 3.762E-01	 7.342E+00	 8.901E-01	-8.046E-01	 7.573E+00	 2.558E+00	-4.456E-01	-3.904E-02	 1.316E+00	 1.780E+00	 9.906E+00	-3.283E-01	-1.673E+00	 1.316E+00	-6.731E+00	 1.316E-01	 3.996E-02	 2.719E-01	 3.407E+00
   11.6000	 1.160E+01	 0.000E+00	 0.000E+00	 8.957E-01	 1.366E-01	 6.969E+00	 8.957E-01	-5.666E-01	 7.946E+00	 2.568E+00	-3.843E-02	-4.049E-02	 1.313E+00	 1.791E+00	 9.886E+00	-1.384E+00	-9.965E-01	 1.313E+00	-6.724E+00	 1.279E-01	 3.920E-02	 2.690E-01	 3.407E+00
   11.7000	 1.170E+01	 0.000E+00	 0.000E+00	 9.016E-01	-2.932E-01	 6.861E+00	 9.016E-01	-1.386E-01	 8.054E+00	 2.578E+00	 6.940E-01	-4.199E-02	 1.310E+00	 1.803E+00	 9.863E+00	-1.691E+00	 2.190E-01	 1.310E+00	-6.715E+00	 1.244E-01	 3.844E-02	 2.661E-01	 3.407E+00
   11.8000	 1.180E+01	 0.000E+00	 0.000E+00	 9.077E-01	-6.810E-01	 7.075E+00	 9.077E-01	 2.478E-01	 7.840E+00	 2.589E+00	 1.354E+00	-4.358E-02	 1.306E+00	 1.815E+00	 9.832E+00	-1.084E+00	 1.316E+00	 1.306E+00	-6.707E+00	 1.209E-01	 3.767E-02	 2.634E-01	 3.407E+00
   11.9000	 1.190E+01	 0.000E+00	 0.000E+00	 9.139E-01	-8.177E-01	 7.496E+00	 9.139E-01	 3.831E-01	 7.419E+00	 2.599E+00	 1.585E+00	-4.521E-02	 1.301E+00	 1.828E+00	 9.796E+00	 1.089E-01	 1.702E+00	 1.301E+00	-6.698E+00	 1.174E-01	 3.691E-02	 2.608E-01	 3.407E+00
   12.0000	 1.200E+01	 0.000E+00	 0.000E+00	 9.201E-01	-6.299E-01	 7.896E+00	 9.201E-01	 1.938E-01	 7.019E+00	 2.609E+00	 1.259E+00	-4.684E-02	 1.296E+00	 1.840E+00	 9.760E+00	 1.243E+00	 1.167E+00	 1.296E+00	-6.690E+00	 1.141E-01	 3.616E-02	 2.582E-01	 3.407E+00
   12.1000	 1.210E+01	 0.000E+00	 0.000E+00	 9.264E-01	-2.196E-01	 8.059E+00	 9.264E-01	-2.183E-01	 6.856E+00	 2.619E+00	 5.525E-01	-4.847E-02	 1.292E+00	 1.853E+00	 9.727E+00	 1.705E+00	 1.786E-03	 1.292E+00	-6.681E+00	 1.109E-01	 3.545E-02	 2.557E-01	 3.407E+00
   12.2000	 1.220E+01	 0.000E+00	 0.000E+00	 9.331E-01	 1.910E-01	 7.897E+00	 9.331E-01	-6.308E-01	 7.018E+00	 2.630E+00	-1.546E-01	-5.011E-02	 1.288E+00	 1.866E+00	 9.697E+00	 1.245E+00	-1.165E+00	 1.288E+00	-6.672E+00	 1.079E-01	 3.476E-02	 2.533E-01	 3.407E+00
   12.3000	 1.230E+01	 0.000E+00	 0.000E+00	 9.401E-01	 3.794E-01	 7.497E+00	 9.401E-01	-8.213E-01	 7.418E+00	 2.642E+00	-4.814E-01	-5.180E-02	 1.284E+00	 1.880E+00	 9.667E+00	 1.124E-01	-1.701E+00	 1.284E+00	-6.662E+00	 1.049E-01	 3.409E-02	 2.511E-01	 3.407E+00
   12.4000	 1.240E+01	 0.000E+00	 0.000E+00	 9.474E-01	 2.432E-01	 7.076E+00	 9.474E-01	-6.871E-01	 7.839E+00	 2.654E+00	-2.526E-01	-5.354E-02	 1.280E+00	 1.895E+00	 9.634E+00	-1.081E+00	-1.318E+00	 1.280E+00	-6.652E+00	 1.021E-01	 3.343E-02	 2.490E-01	 3.407E+00
   12.5000	 1.250E+01	 0.000E+00	 0.000E+00	 9.550E-01	-1.445E-01	 6.861E+00	 9.550E-01	-3.016E-01	 8.054E+00	 2.667E+00	 4.066E-01	-5.531E-02	 1.275E+00	 1.910E+00	 9.599E+00	-1.691E+00	-2.226E-01	 1.275E+00	-6.642E+00	 9.928E-02	 3.278E-02	 2.469E-01	 3.407E+00
   12.6000	 1.260E+01	 0.000E+00	 0.000E+00	 9.627E-01	-5.746E-01	 6.969E+00	 9.627E-01	 1.265E-01	 7.947E+00	 2.681E+00	 1.138E+00	-5.709E-02	 1.270E+00	 1.925E+00	 9.559E+00	-1.386E+00	 9.936E-01	 1.270E+00	-6.631E+00	 9.654E-02	 3.212E-02	 2.450E-01	 3.407E+00
   12.7000	 1.270E+01	 0.000E+00	 0.000E+00	 9.705E-01	-8.152E-01	 7.341E+00	 9.705E-01	 3.651E-01	 7.575E+00	 2.694E+00	 1.545E+00	-5.888E-02	 1.263E+00	 1.941E+00	 9.513E+00	-3.318E-01	 1.673E+00	 1.263E+00	-6.620E+00	 9.382E-02	 3.147E-02	 2.431E-01	 3.407E+00
   12.8000	 1.280E+01	 0.000E+00	 0.000E+00	 9.784E-01	-7.367E-01	 7.776E+00	 9.784E-01	 2.847E-01	 7.140E+00	 2.708E+00	 1.405E+00	-6.066E-02	 1.256E+00	 1.957E+00	 9.460E+00	 9.016E-01	 1.447E+00	 1.256E+00	-6.609E+00	 9.113E-02	 3.080E-02	 2.413E-01	 3.407E+00
   12.9000	 1.290E+01	 0.000E+00	 0.000E+00	 9.865E-01	-3.820E-01	 8.039E+00	 9.865E-01	-7.182E-02	 6.876E+00	 2.722E+00	 7.919E-01	-6.243E-02	 1.249E+00	 1.973E+00	 9.402E+00	 1.648E+00	 4.396E-01	 1.249E+00	-6.598E+00	 8.848E-02	 3.014E-02	 2.395E-01	 3.407E+00
   13.0000	 1.300E+01	 0.000E+00	 0.000E+00	 9.946E-01	 5.639E-02	 7.988E+00	 9.946E-01	-5.122E-01	 6.927E+00	 2.736E+00	 3.530E-02	-6.416E-02	 1.241E+00	 1.989E+00	 9.345E+00	 1.503E+00	-8.058E-01	 1.241E+00	-6.587E+00	 8.593E-02	 2.950E-02	 2.378E-01	 3.407E+00
   13.1000	 1.310E+01	 0.000E+00	 0.000E+00	 1.003E+00	 3.410E-01	 7.650E+00	 1.003E+00	-7.990E-01	 7.265E+00	 2.750E+00	-4.581E-01	-6.586E-02	 1.234E+00	 2.005E+00	 9.289E+00	 5.456E-01	-1.616E+00	 1.234E+00	-6.575E+00	 8.347E-02	 2.888E-02	 2.361E-01	 3.407E+00
   13.2000	 1.320E+01	 0.000E+00	 0.000E+00	 1.011E+00	 3.174E-01	 7.208E+00	 1.011E+00	-7.777E-01	 7.707E+00	 2.764E+00	-4.238E-01	-6.753E-02	 1.226E+00	 2.022E+00	 9.234E+00	-7.066E-01	-1.552E+00	 1.226E+00	-6.564E+00	 8.111E-02	 2.827E-02	 2.344E-01	 3.407E+00
   13.3000	 1.330E+01	 0.000E+00	 0.000E+00	 1.019E+00	-2.274E-03	 6.901E+00	 1.019E+00	-4.604E-01	 8.014E+00	 2.779E+00	 1.174E-01	-6.918E-02	 1.219E+00	 2.039E+00	 9.179E+00	-1.577E+00	-6.492E-01	 1.219E+00	-6.553E+00	 7.882E-02	 2.769E-02	 2.328E-01	 3.407E+00
   13.4000	 1.340E+01	 0.000E+00	 0.000E+00	 1.028E+00	-4.458E-01	 6.895E+00	 1.028E+00	-1.934E-02	 8.020E+00	 2.794E+00	 8.705E-01	-7.080E-02	 1.212E+00	 2.055E+00	 9.123E+00	-1.594E+00	 6.044E-01	 1.212E+00	-6.541E+00	 7.660E-02	 2.711E-02	 2.313E-01	 3.407E+00
   13.5000	 1.350E+01	 0.000E+00	 0.000E+00	 1.036E+00	-7.741E-01	 7.193E+00	 1.036E+00	 3.064E-01	 7.722E+00	 2.810E+00	 1.426E+00	-7.240E-02	 1.204E+00	 2.073E+00	 9.067E+00	-7.502E-01	 1.531E+00	 1.204E+00	-6.529E+00	 7.445E-02	 2.654E-02	 2.298E-01	 3.407E+00
   13.6000	 1.360E+01	 0.000E+00	 0.000E+00	 1.045E+00	-8.103E-01	 7.634E+00	 1.045E+00	 3.401E-01	 7.281E+00	 2.826E+00	 1.482E+00	-7.396E-02	 1.196E+00	 2.090E+00	 9.008E+00	 4.997E-01	 1.630E+00	 1.196E+00	-6.517E+00	 7.234E-02	 2.598E-02	 2.283E-01	 3.407E+00
   13.7000	 1.370E+01	 0.000E+00	 0.000E+00	 1.054E+00	-5.355E-01	 7.980E+00	 1.054E+00	 6.286E-02	 6.936E+00	 2.843E+00	 1.004E+00	-7.550E-02	 1.188E+00	 2.108E+00	 8.942E+00	 1.479E+00	 8.479E-01	 1.188E+00	-6.504E+00	 7.025E-02	 2.542E-02	 2.269E-01	 3.407E+00
   13.8000	 1.380E+01	 0.000E+00	 0.000E+00	 1.063E+00	-9.878E-02	 8.043E+00	 1.063E+00	-3.760E-01	 6.872E+00	 2.859E+00	 2.489E-01	-7.703E-02	 1.178E+00	 2.126E+00	 8.866E+00	 1.659E+00	-3.929E-01	 1.178E+00	-6.492E+00	 6.815E-02	 2.484E-02	 2.255E-01	 3.407E+00
   13.9000	 1.390E+01	 0.000E+00	 0.000E+00	 1.071E+00	 2.632E-01	 7.790E+00	 1.071E+00	-7.398E-01	 7.125E+00	 2.875E+00	-3.787E-01	-7.856E-02	 1.166E+00	 2.143E+00	 8.778E+00	 9.421E-01	-1.421E+00	 1.166E+00	-6.480E+00	 6.603E-02	 2.424E-02	 2.240E-01	 3.407E+00
   14.0000	 1.400E+01	 0.000E+00	 0.000E+00	 1.080E+00	 3.541E-01	 7.357E+00	 1.080E+00	-8.323E-01	 7.558E+00	 2.889E+00	-5.426E-01	-8.010E-02	 1.153E+00	 2.159E+00	 8.680E+00	-2.844E-01	-1.681E+00	 1.153E+00	-6.469E+00	 6.390E-02	 2.363E-02	 2.226E-01	 3.407E+00
   14.1000	 1.410E+01	 0.000E+00	 0.000E+00	 1.088E+00	 1.244E-01	 6.979E+00	 1.088E+00	-6.040E-01	 7.936E+00	 2.902E+00	-1.577E-01	-8.165E-02	 1.139E+00	 2.175E+00	 8.577E+00	-1.357E+00	-1.032E+00	 1.139E+00	-6.458E+00	 6.181E-02	 2.302E-02	 2.210E-01	 3.407E+00
   14.2000	 1.420E+01	 0.000E+00	 0.000E+00	 1.095E+00	-3.022E-01	 6.859E+00	 1.095E+00	-1.789E-01	 8.056E+00	 2.915E+00	 5.644E-01	-8.318E-02	 1.126E+00	 2.191E+00	 8.475E+00	-1.696E+00	 1.747E-01	 1.126E+00	-6.447E+00	 5.979E-02	 2.242E-02	 2.195E-01	 3.407E+00
   14.3000	 1.430E+01	 0.000E+00	 0.000E+00	 1.103E+00	-6.955E-01	 7.063E+00	 1.103E+00	 2.128E-01	 7.852E+00	 2.928E+00	 1.230E+00	-8.468E-02	 1.113E+00	 2.207E+00	 8.378E+00	-1.118E+00	 1.287E+00	 1.113E+00	-6.436E+00	 5.788E-02	 2.186E-02	 2.180E-01	 3.407E+00
   14.4000	 1.440E+01	 0.000E+00	 0.000E+00	 1.112E+00	-8.435E-01	 7.480E+00	 1.112E+00	 3.589E-01	 7.435E+00	 2.943E+00	 1.475E+00	-8.610E-02	 1.101E+00	 2.223E+00	 8.289E+00	 6.427E-02	 1.704E+00	 1.101E+00	-6.425E+00	 5.608E-02	 2.133E-02	 2.166E-01	 3.407E+00
   14.5000	 1.450E+01	 0.000E+00	 0.000E+00	 1.120E+00	-6.664E-01	 7.885E+00	 1.120E+00	 1.800E-01	 7.030E+00	 2.958E+00	 1.164E+00	-8.742E-02	 1.090E+00	 2.240E+00	 8.205E+00	 1.212E+00	 1.199E+00	 1.090E+00	-6.413E+00	 5.437E-02	 2.082E-02	 2.152E-01	 3.407E+00
   14.6000	 1.460E+01	 0.000E+00	 0.000E+00	 1.128E+00	-2.606E-01	 8.059E+00	 1.128E+00	-2.279E-01	 6.856E+00	 2.974E+00	 4.621E-01	-8.864E-02	 1.079E+00	 2.257E+00	 8.126E+00	 1.705E+00	 4.642E-02	 1.079E+00	-6.401E+00	 5.275E-02	 2.034E-02	 2.139E-01	 3.407E+00
   14.7000	 1.470E+01	 0.000E+00	 0.000E+00	 1.137E+00	 1.539E-01	 7.908E+00	 1.137E+00	-6.446E-01	 7.008E+00	 2.991E+00	-2.549E-01	-8.981E-02	 1.069E+00	 2.274E+00	 8.053E+00	 1.276E+00	-1.132E+00	 1.069E+00	-6.390E+00	 5.121E-02	 1.988E-02	 2.126E-01	 3.407E+00
   14.8000	 1.480E+01	 0.000E+00	 0.000E+00	 1.146E+00	 3.526E-01	 7.513E+00	 1.146E+00	-8.456E-01	 7.402E+00	 3.008E+00	-6.020E-01	-9.099E-02	 1.060E+00	 2.291E+00	 7.985E+00	 1.569E-01	-1.698E+00	 1.060E+00	-6.378E+00	 4.976E-02	 1.945E-02	 2.113E-01	 3.407E+00
   14.9000	 1.490E+01	 0.000E+00	 0.000E+00	 1.154E+00	 2.273E-01	 7.088E+00	 1.154E+00	-7.227E-01	 7.827E+00	 3.024E+00	-3.945E-01	-9.222E-02	 1.052E+00	 2.308E+00	 7.919E+00	-1.047E+00	-1.346E+00	 1.052E+00	-6.366E+00	 4.836E-02	 1.903E-02	 2.100E-01	 3.407E+00
   15.0000	 1.500E+01	 0.000E+00	 0.000E+00	 1.162E+00	-1.547E-01	 6.863E+00	 1.162E+00	-3.430E-01	 8.052E+00	 3.039E+00	 2.529E-01	-9.353E-02	 1.043E+00	 2.324E+00	 7.854E+00	-1.684E+00	-2.667E-01	 1.043E+00	-6.355E+00	 4.701E-02	 1.862E-02	 2.086E-01	 3.407E+00
   15.1000	 1.510E+01	 0.000E+00	 0.000E+00	 1.170E+00	-5.876E-01	 6.960E+00	 1.170E+00	 8.770E-02	 7.956E+00	 3.054E+00	 9.872E-01	-9.487E-02	 1.034E+00	 2.339E+00	 7.786E+00	-1.411E+00	 9.570E-01	 1.034E+00	-6.344E+00	 4.569E-02	 1.822E-02	 2.073E-01	 3.407E+00
   15.2000	 1.520E+01	 0.000E+00	 0.000E+00	 1.177E+00	-8.379E-01	 7.325E+00	 1.177E+00	 3.359E-01	 7.590E+00	 3.069E+00	 1.409E+00	-9.621E-02	 1.025E+00	 2.355E+00	 7.715E+00	-3.755E-01	 1.663E+00	 1.025E+00	-6.334E+00	 4.438E-02	 1.782E-02	 2.059E-01	 3.407E+00
   15.3000	 1.530E+01	 0.000E+00	 0.000E+00	 1.185E+00	-7.708E-01	 7.762E+00	 1.185E+00	 2.668E-01	 7.153E+00	 3.084E+00	 1.287E+00	-9.747E-02	 1.015E+00	 2.370E+00	 7.644E+00	 8.634E-01	 1.470E+00	 1.015E+00	-6.323E+00	 4.312E-02	 1.742E-02	 2.046E-01	 3.407E+00
   15.4000	 1.540E+01	 0.000E+00	 0.000E+00	 1.193E+00	-4.233E-01	 8.035E+00	 1.193E+00	-8.281E-02	 6.881E+00	 3.099E+00	 6.856E-01	-9.865E-02	 1.007E+00	 2.386E+00	 7.581E+00	 1.635E+00	 4.826E-01	 1.007E+00	-6.312E+00	 4.193E-02	 1.705E-02	 2.032E-01	 3.407E+00
   15.5000	 1.550E+01	 0.000E+00	 0.000E+00	 1.201E+00	 1.602E-02	 7.995E+00	 1.201E+00	-5.246E-01	 6.920E+00	 3.115E+00	-7.262E-02	-9.976E-02	 1.000E+00	 2.401E+00	 7.531E+00	 1.523E+00	-7.662E-01	 1.000E+00	-6.301E+00	 4.086E-02	 1.672E-02	 2.019E-01	 3.407E+00
   15.6000	 1.560E+01	 0.000E+00	 0.000E+00	 1.209E+00	 3.090E-01	 7.665E+00	 1.209E+00	-8.205E-01	 7.250E+00	 3.131E+00	-5.795E-01	-1.008E-01	 9.960E-01	 2.417E+00	 7.499E+00	 5.877E-01	-1.601E+00	 9.960E-01	-6.291E+00	 3.990E-02	 1.644E-02	 2.006E-01	 3.407E+00
   15.7000	 1.570E+01	 0.000E+00	 0.000E+00	 1.216E+00	 2.965E-01	 7.223E+00	 1.216E+00	-8.113E-01	 7.692E+00	 3.147E+00	-5.624E-01	-1.019E-01	 9.944E-01	 2.433E+00	 7.487E+00	-6.657E-01	-1.570E+00	 9.944E-01	-6.280E+00	 3.909E-02	 1.621E-02	 1.994E-01	 3.407E+00
   15.8000	 1.580E+01	 0.000E+00	 0.000E+00	 1.224E+00	-1.573E-02	 6.907E+00	 1.224E+00	-5.028E-01	 8.008E+00	 3.163E+00	-3.139E-02	-1.029E-01	 9.953E-01	 2.448E+00	 7.494E+00	-1.559E+00	-6.903E-01	 9.953E-01	-6.269E+00	 3.838E-02	 1.602E-02	 1.981E-01	 3.407E+00
   15.9000	 1.590E+01	 0.000E+00	 0.000E+00	 1.231E+00	-4.597E-01	 6.890E+00	 1.231E+00	-6.278E-02	 8.026E+00	 3.179E+00	 7.256E-01	-1.040E-01	 9.973E-01	 2.463E+00	 7.509E+00	-1.610E+00	 5.625E-01	 9.973E-01	-6.259E+00	 3.774E-02	 1.585E-02	 1.968E-01	 3.407E+00
   16.0000	 1.600E+01	 0.000E+00	 0.000E+00	 1.239E+00	-7.963E-01	 7.179E+00	 1.239E+00	 2.700E-01	 7.736E+00	 3.193E+00	 1.299E+00	-1.051E-01	 9.996E-01	 2.477E+00	 7.527E+00	-7.900E-01	 1.511E+00	 9.996E-01	-6.249E+00	 3.712E-02	 1.569E-02	 1.955E-01	 3.407E+00
   16.1000	 1.610E+01	 0.000E+00	 0.000E+00	 1.245E+00	-8.448E-01	 7.619E+00	 1.245E+00	 3.145E-01	 7.296E+00	 3.207E+00	 1.379E+00	-1.062E-01	 1.003E+00	 2.491E+00	 7.549E+00	 4.568E-01	 1.643E+00	 1.003E+00	-6.239E+00	 3.654E-02	 1.554E-02	 1.941E-01	 3.407E+00
   16.2000	 1.620E+01	 0.000E+00	 0.000E+00	 1.252E+00	-5.800E-01	 7.972E+00	 1.252E+00	 4.549E-02	 6.944E+00	 3.221E+00	 9.238E-01	-1.073E-01	 1.008E+00	 2.505E+00	 7.586E+00	 1.457E+00	 8.864E-01	 1.008E+00	-6.230E+00	 3.605E-02	 1.542E-02	 1.928E-01	 3.407E+00
   16.3000	 1.630E+01	 0.000E+00	 0.000E+00	 1.260E+00	-1.463E-01	 8.046E+00	 1.260E+00	-3.928E-01	 6.869E+00	 3.236E+00	 1.798E-01	-1.084E-01	 1.015E+00	 2.519E+00	 7.639E+00	 1.669E+00	-3.493E-01	 1.015E+00	-6.220E+00	 3.563E-02	 1.534E-02	 1.916E-01	 3.407E+00
   16.4000	 1.640E+01	 0.000E+00	 0.000E+00	 1.267E+00	 2.207E-01	 7.803E+00	 1.267E+00	-7.645E-01	 7.112E+00	 3.252E+00	-4.495E-01	-1.095E-01	 1.023E+00	 2.534E+00	 7.700E+00	 9.790E-01	-1.396E+00	 1.023E+00	-6.210E+00	 3.527E-02	 1.528E-02	 1.903E-01	 3.407E+00
   16.5000	 1.650E+01	 0.000E+00	 0.000E+00	 1.274E+00	 3.214E-01	 7.373E+00	 1.274E+00	-8.698E-01	 7.542E+00	 3.268E+00	-6.227E-01	-1.107E-01	 1.031E+00	 2.548E+00	 7.764E+00	-2.403E-01	-1.688E+00	 1.031E+00	-6.200E+00	 3.492E-02	 1.522E-02	 1.891E-01	 3.407E+00
   16.6000	 1.660E+01	 0.000E+00	 0.000E+00	 1.281E+00	 1.002E-01	 6.988E+00	 1.281E+00	-6.531E-01	 7.927E+00	 3.284E+00	-2.447E-01	-1.120E-01	 1.039E+00	 2.562E+00	 7.825E+00	-1.330E+00	-1.068E+00	 1.039E+00	-6.190E+00	 3.456E-02	 1.515E-02	 1.879E-01	 3.407E+00
   16.7000	 1.670E+01	 0.000E+00	 0.000E+00	 1.288E+00	-3.244E-01	 6.858E+00	 1.288E+00	-2.326E-01	 8.057E+00	 3.298E+00	 4.812E-01	-1.134E-01	 1.046E+00	 2.576E+00	 7.873E+00	-1.700E+00	 1.302E-01	 1.046E+00	-6.181E+00	 3.415E-02	 1.506E-02	 1.866E-01	 3.407E+00
   16.8000	 1.680E+01	 0.000E+00	 0.000E+00	 1.294E+00	-7.237E-01	 7.051E+00	 1.294E+00	 1.637E-01	 7.864E+00	 3.310E+00	 1.162E+00	-1.150E-01	 1.047E+00	 2.588E+00	 7.885E+00	-1.152E+00	 1.258E+00	 1.047E+00	-6.172E+00	 3.360E-02	 1.491E-02	 1.853E-01	 3.407E+00
   16.9000	 1.690E+01	 0.000E+00	 0.000E+00	 1.299E+00	-8.822E-01	 7.465E+00	 1.299E+00	 3.210E-01	 7.451E+00	 3.318E+00	 1.429E+00	-1.168E-01	 1.040E+00	 2.599E+00	 7.830E+00	 1.964E-02	 1.705E+00	 1.040E+00	-6.165E+00	 3.277E-02	 1.463E-02	 1.838E-01	 3.407E+00
   17.0000	 1.700E+01	 0.000E+00	 0.000E+00	 1.305E+00	-7.147E-01	 7.874E+00	 1.305E+00	 1.537E-01	 7.041E+00	 3.326E+00	 1.136E+00	-1.185E-01	 1.027E+00	 2.609E+00	 7.731E+00	 1.180E+00	 1.231E+00	 1.027E+00	-6.158E+00	 3.179E-02	 1.427E-02	 1.824E-01	 3.407E+00
   17.1000	 1.710E+01	 0.000E+00	 0.000E+00	 1.310E+00	-3.129E-01	 8.058E+00	 1.310E+00	-2.487E-01	 6.857E+00	 3.336E+00	 4.425E-01	-1.200E-01	 1.018E+00	 2.621E+00	 7.661E+00	 1.703E+00	 9.103E-02	 1.018E+00	-6.150E+00	 3.095E-02	 1.398E-02	 1.811E-01	 3.407E+00
   17.2000	 1.720E+01	 0.000E+00	 0.000E+00	 1.316E+00	 1.057E-01	 7.918E+00	 1.316E+00	-6.690E-01	 6.997E+00	 3.348E+00	-2.777E-01	-1.214E-01	 1.015E+00	 2.633E+00	 7.639E+00	 1.305E+00	-1.098E+00	 1.015E+00	-6.141E+00	 3.033E-02	 1.378E-02	 1.798E-01	 3.407E+00
   17.3000	 1.730E+01	 0.000E+00	 0.000E+00	 1.323E+00	 3.145E-01	 7.529E+00	 1.323E+00	-8.804E-01	 7.387E+00	 3.361E+00	-6.372E-01	-1.228E-01	 1.016E+00	 2.646E+00	 7.650E+00	 2.013E-01	-1.693E+00	 1.016E+00	-6.132E+00	 2.985E-02	 1.364E-02	 1.786E-01	 3.407E+00
   17.4000	 1.740E+01	 0.000E+00	 0.000E+00	 1.329E+00	 2.000E-01	 7.101E+00	 1.329E+00	-7.690E-01	 7.814E+00	 3.374E+00	-4.426E-01	-1.241E-01	 1.020E+00	 2.659E+00	 7.678E+00	-1.011E+00	-1.373E+00	 1.020E+00	-6.123E+00	 2.945E-02	 1.353E-02	 1.774E-01	 3.407E+00
   17.5000	 1.750E+01	 0.000E+00	 0.000E+00	 1.336E+00	-1.764E-01	 6.866E+00	 1.336E+00	-3.957E-01	 8.049E+00	 3.388E+00	 2.011E-01	-1.255E-01	 1.025E+00	 2.672E+00	 7.716E+00	-1.677E+00	-3.107E-01	 1.025E+00	-6.114E+00	 2.909E-02	 1.344E-02	 1.762E-01	 3.407E+00
   17.6000	 1.760E+01	 0.000E+00	 0.000E+00	 1.342E+00	-6.122E-01	 6.951E+00	 1.342E+00	 3.680E-02	 7.964E+00	 3.402E+00	 9.466E-01	-1.269E-01	 1.031E+00	 2.685E+00	 7.760E+00	-1.436E+00	 9.197E-01	 1.031E+00	-6.105E+00	 2.875E-02	 1.337E-02	 1.751E-01	 3.407E+00
   17.7000	 1.770E+01	 0.000E+00	 0.000E+00	 1.349E+00	-8.725E-01	 7.310E+00	 1.349E+00	 2.939E-01	 7.605E+00	 3.416E+00	 1.392E+00	-1.283E-01	 1.037E+00	 2.698E+00	 7.805E+00	-4.189E-01	 1.653E+00	 1.037E+00	-6.096E+00	 2.843E-02	 1.329E-02	 1.740E-01	 3.407E+00
   17.8000	 1.780E+01	 0.000E+00	 0.000E+00	 1.356E+00	-8.176E-01	 7.749E+00	 1.356E+00	 2.357E-01	 7.167E+00	 3.430E+00	 1.297E+00	-1.298E-01	 1.043E+00	 2.711E+00	 7.851E+00	 8.246E-01	 1.493E+00	 1.043E+00	-6.087E+00	 2.812E-02	 1.322E-02	 1.729E-01	 3.407E+00
   17.9000	 1.790E+01	 0.000E+00	 0.000E+00	 1.362E+00	-4.779E-01	 8.030E+00	 1.362E+00	-1.072E-01	 6.885E+00	 3.445E+00	 7.154E-01	-1.312E-01	 1.049E+00	 2.725E+00	 7.898E+00	 1.622E+00	 5.252E-01	 1.049E+00	-6.078E+00	 2.782E-02	 1.315E-02	 1.718E-01	 3.407E+00
   18.0000	 1.800E+01	 0.000E+00	 0.000E+00	 1.369E+00	-3.796E-02	 8.002E+00	 1.369E+00	-5.503E-01	 6.913E+00	 3.459E+00	-3.801E-02	-1.327E-01	 1.055E+00	 2.738E+00	 7.946E+00	 1.543E+00	-7.260E-01	 1.055E+00	-6.068E+00	 2.752E-02	 1.308E-02	 1.707E-01	 3.407E+00
   18.1000	 1.810E+01	 0.000E+00	 0.000E+00	 1.376E+00	 2.635E-01	 7.680E+00	 1.376E+00	-8.548E-01	 7.236E+00	 3.473E+00	-5.543E-01	-1.342E-01	 1.062E+00	 2.752E+00	 7.994E+00	 6.294E-01	-1.585E+00	 1.062E+00	-6.059E+00	 2.723E-02	 1.302E-02	 1.697E-01	 3.407E+00
   18.2000	 1.820E+01	 0.000E+00	 0.000E+00	 1.383E+00	 2.626E-01	 7.237E+00	 1.383E+00	-8.571E-01	 7.678E+00	 3.488E+00	-5.530E-01	-1.357E-01	 1.068E+00	 2.765E+00	 8.041E+00	-6.244E-01	-1.587E+00	 1.068E+00	-6.050E+00	 2.695E-02	 1.295E-02	 1.687E-01	 3.407E+00
   18.3000	 1.830E+01	 0.000E+00	 0.000E+00	 1.389E+00	-4.085E-02	 6.914E+00	 1.389E+00	-5.566E-01	 8.001E+00	 3.502E+00	-3.344E-02	-1.372E-01	 1.074E+00	 2.779E+00	 8.089E+00	-1.541E+00	-7.309E-01	 1.074E+00	-6.040E+00	 2.666E-02	 1.289E-02	 1.676E-01	 3.407E+00
   18.4000	 1.840E+01	 0.000E+00	 0.000E+00	 1.396E+00	-4.837E-01	 6.885E+00	 1.396E+00	-1.167E-01	 8.031E+00	 3.517E+00	 7.248E-01	-1.387E-01	 1.081E+00	 2.793E+00	 8.136E+00	-1.624E+00	 5.201E-01	 1.081E+00	-6.031E+00	 2.638E-02	 1.282E-02	 1.666E-01	 3.407E+00
   18.5000	 1.850E+01	 0.000E+00	 0.000E+00	 1.403E+00	-8.274E-01	 7.165E+00	 1.403E+00	 2.240E-01	 7.750E+00	 3.531E+00	 1.313E+00	-1.402E-01	 1.087E+00	 2.807E+00	 8.183E+00	-8.293E-01	 1.490E+00	 1.087E+00	-6.021E+00	 2.611E-02	 1.276E-02	 1.657E-01	 3.407E+00
   18.6000	 1.860E+01	 0.000E+00	 0.000E+00	 1.410E+00	-8.868E-01	 7.604E+00	 1.410E+00	 2.805E-01	 7.312E+00	 3.546E+00	 1.415E+00	-1.418E-01	 1.093E+00	 2.821E+00	 8.229E+00	 4.137E-01	 1.654E+00	 1.093E+00	-6.011E+00	 2.583E-02	 1.269E-02	 1.647E-01	 3.407E+00
   18.7000	 1.870E+01	 0.000E+00	 0.000E+00	 1.418E+00	-6.306E-01	 7.963E+00	 1.418E+00	 2.153E-02	 6.952E+00	 3.561E+00	 9.763E-01	-1.433E-01	 1.099E+00	 2.835E+00	 8.275E+00	 1.433E+00	 9.242E-01	 1.099E+00	-6.001E+00	 2.556E-02	 1.263E-02	 1.638E-01	 3.407E+00
   18.8000	 1.880E+01	 0.000E+00	 0.000E+00	 1.425E+00	-1.982E-01	 8.050E+00	 1.425E+00	-4.137E-01	 6.866E+00	 3.576E+00	 2.358E-01	-1.449E-01	 1.105E+00	 2.849E+00	 8.320E+00	 1.678E+00	-3.055E-01	 1.105E+00	-5.991E+00	 2.530E-02	 1.256E-02	 1.629E-01	 3.407E+00
   18.9000	 1.890E+01	 0.000E+00	 0.000E+00	 1.432E+00	 1.760E-01	 7.816E+00	 1.432E+00	-7.907E-01	 7.099E+00	 3.591E+00	-4.050E-01	-1.464E-01	 1.111E+00	 2.864E+00	 8.365E+00	 1.015E+00	-1.370E+00	 1.111E+00	-5.981E+00	 2.503E-02	 1.249E-02	 1.620E-01	 3.407E+00
   19.0000	 1.900E+01	 0.000E+00	 0.000E+00	 1.439E+00	 2.889E-01	 7.388E+00	 1.439E+00	-9.064E-01	 7.527E+00	 3.606E+00	-5.983E-01	-1.480E-01	 1.117E+00	 2.879E+00	 8.408E+00	-1.960E-01	-1.694E+00	 1.117E+00	-5.971E+00	 2.477E-02	 1.243E-02	 1.611E-01	 3.407E+00
   19.1000	 1.910E+01	 0.000E+00	 0.000E+00	 1.447E+00	 7.876E-02	 6.998E+00	 1.447E+00	-6.989E-01	 7.917E+00	 3.621E+00	-2.385E-01	-1.496E-01	 1.122E+00	 2.894E+00	 8.451E+00	-1.301E+00	-1.102E+00	 1.122E+00	-5.961E+00	 2.450E-02	 1.236E-02	 1.602E-01	 3.407E+00
   19.2000	 1.920E+01	 0.000E+00	 0.000E+00	 1.454E+00	-3.416E-01	 6.857E+00	 1.454E+00	-2.811E-01	 8.058E+00	 3.636E+00	 4.813E-01	-1.511E-01	 1.128E+00	 2.909E+00	 8.494E+00	-1.703E+00	 8.568E-02	 1.128E+00	-5.950E+00	 2.424E-02	 1.229E-02	 1.594E-01	 3.407E+00
   19.3000	 1.930E+01	 0.000E+00	 0.000E+00	 1.462E+00	-7.456E-01	 7.040E+00	 1.462E+00	 1.203E-01	 7.875E+00	 3.651E+00	 1.173E+00	-1.527E-01	 1.134E+00	 2.924E+00	 8.535E+00	-1.184E+00	 1.227E+00	 1.134E+00	-5.940E+00	 2.398E-02	 1.222E-02	 1.586E-01	 3.407E+00
   19.4000	 1.940E+01	 0.000E+00	 0.000E+00	 1.470E+00	-9.155E-01	 7.449E+00	 1.470E+00	 2.876E-01	 7.466E+00	 3.667E+00	 1.464E+00	-1.543E-01	 1.139E+00	 2.940E+00	 8.576E+00	-2.500E-02	 1.705E+00	 1.139E+00	-5.929E+00	 2.373E-02	 1.216E-02	 1.578E-01	 3.407E+00
   19.5000	 1.950E+01	 0.000E+00	 0.000E+00	 1.478E+00	-7.602E-01	 7.863E+00	 1.478E+00	 1.298E-01	 7.053E+00	 3.683E+00	 1.198E+00	-1.559E-01	 1.144E+00	 2.955E+00	 8.616E+00	 1.148E+00	 1.261E+00	 1.144E+00	-5.918E+00	 2.347E-02	 1.209E-02	 1.570E-01	 3.407E+00
   19.6000	 1.960E+01	 0.000E+00	 0.000E+00	 1.486E+00	-3.643E-01	 8.057E+00	 1.486E+00	-2.686E-01	 6.858E+00	 3.698E+00	 5.199E-01	-1.575E-01	 1.150E+00	 2.971E+00	 8.655E+00	 1.700E+00	 1.356E-01	 1.150E+00	-5.907E+00	 2.322E-02	 1.202E-02	 1.563E-01	 3.407E+00
   19.7000	 1.970E+01	 0.000E+00	 0.000E+00	 1.494E+00	 5.747E-02	 7.928E+00	 1.494E+00	-6.929E-01	 6.987E+00	 3.714E+00	-2.023E-01	-1.590E-01	 1.155E+00	 2.988E+00	 8.694E+00	 1.333E+00	-1.063E+00	 1.155E+00	-5.896E+00	 2.297E-02	 1.195E-02	 1.555E-01	 3.407E+00
   19.8000	 1.980E+01	 0.000E+00	 0.000E+00	 1.502E+00	 2.764E-01	 7.544E+00	 1.502E+00	-9.143E-01	 7.371E+00	 3.731E+00	-5.773E-01	-1.606E-01	 1.160E+00	 3.004E+00	 8.733E+00	 2.456E-01	-1.687E+00	 1.160E+00	-5.884E+00	 2.273E-02	 1.188E-02	 1.548E-01	 3.407E+00
   19.9000	 1.990E+01	 0.000E+00	 0.000E+00	 1.510E+00	 1.735E-01	 7.114E+00	 1.510E+00	-8.138E-01	 7.801E+00	 3.747E+00	-4.012E-01	-1.622E-01	 1.165E+00	 3.021E+00	 8.771E+00	-9.746E-01	-1.399E+00	 1.165E+00	-5.873E+00	 2.248E-02	 1.182E-02	 1.541E-01	 3.407E+00
   20.0000	 2.000E+01	 0.000E+00	 0.000E+00	 1.519E+00	-1.963E-01	 6.869E+00	 1.519E+00	-4.465E-01	 8.046E+00	 3.764E+00	 2.319E-01	-1.638E-01	 1.170E+00	 3.038E+00	 8.808E+00	-1.668E+00	-3.545E-01	 1.170E+00	-5.861E+00	 2.224E-02	 1.175E-02	 1.534E-01	 3.407E+00
   20.1000	 2.010E+01	 0.000E+00	 0.000E+00	 1.527E+00	-6.337E-01	 6.943E+00	 1.527E+00	-1.147E-02	 7.973E+00	 3.781E+00	 9.808E-01	-1.654E-01	 1.175E+00	 3.055E+00	 8.846E+00	-1.459E+00	 8.818E-01	 1.175E+00	-5.849E+00	 2.201E-02	 1.168E-02	 1.528E-01	 3.407E+00
   20.2000	 2.020E+01	 0.000E+00	 0.000E+00	 1.536E+00	-9.029E-01	 7.295E+00	 1.536E+00	 2.553E-01	 7.621E+00	 3.798E+00	 1.442E+00	-1.670E-01	 1.180E+00	 3.072E+00	 8.884E+00	-4.620E-01	 1.641E+00	 1.180E+00	-5.837E+00	 2.177E-02	 1.162E-02	 1.521E-01	 3.407E+00
   20.3000	 2.030E+01	 0.000E+00	 0.000E+00	 1.545E+00	-8.591E-01	 7.735E+00	 1.545E+00	 2.090E-01	 7.181E+00	 3.815E+00	 1.366E+00	-1.685E-01	 1.185E+00	 3.090E+00	 8.922E+00	 7.853E-01	 1.514E+00	 1.185E+00	-5.825E+00	 2.155E-02	 1.155E-02	 1.515E-01	 3.407E+00
   20.4000	 2.040E+01	 0.000E+00	 0.000E+00	 1.554E+00	-5.265E-01	 8.025E+00	 1.554E+00	-1.260E-01	 6.890E+00	 3.833E+00	 7.969E-01	-1.701E-01	 1.190E+00	 3.108E+00	 8.960E+00	 1.608E+00	 5.675E-01	 1.190E+00	-5.812E+00	 2.132E-02	 1.149E-02	 1.509E-01	 3.407E+00
   20.5000	 2.050E+01	 0.000E+00	 0.000E+00	 1.563E+00	-8.563E-02	 8.009E+00	 1.563E+00	-5.693E-01	 6.907E+00	 3.850E+00	 4.206E-02	-1.717E-01	 1.195E+00	 3.127E+00	 8.999E+00	 1.561E+00	-6.854E-01	 1.195E+00	-5.800E+00	 2.110E-02	 1.142E-02	 1.503E-01	 3.407E+00
   20.6000	 2.060E+01	 0.000E+00	 0.000E+00	 1.573E+00	 2.245E-01	 7.694E+00	 1.573E+00	-8.818E-01	 7.221E+00	 3.869E+00	-4.889E-01	-1.732E-01	 1.200E+00	 3.145E+00	 9.038E+00	 6.706E-01	-1.568E+00	 1.200E+00	-5.787E+00	 2.089E-02	 1.136E-02	 1.497E-01	 3.407E+00
   20.7000	 2.070E+01	 0.000E+00	 0.000E+00	 1.582E+00	 2.355E-01	 7.252E+00	 1.582E+00	-8.954E-01	 7.663E+00	 3.887E+00	-5.079E-01	-1.748E-01	 1.206E+00	 3.164E+00	 9.078E+00	-5.826E-01	-1.603E+00	 1.206E+00	-5.774E+00	 2.068E-02	 1.130E-02	 1.492E-01	 3.407E+00
   20.8000	 2.080E+01	 0.000E+00	 0.000E+00	 1.592E+00	-5.918E-02	 6.921E+00	 1.592E+00	-6.032E-01	 7.994E+00	 3.906E+00	-3.334E-03	-1.764E-01	 1.211E+00	 3.183E+00	 9.118E+00	-1.521E+00	-7.710E-01	 1.211E+00	-5.761E+00	 2.047E-02	 1.124E-02	 1.486E-01	 3.407E+00
   20.9000	 2.090E+01	 0.000E+00	 0.000E+00	 1.601E+00	-5.009E-01	 6.880E+00	 1.601E+00	-1.640E-01	 8.035E+00	 3.925E+00	 7.530E-01	-1.779E-01	 1.216E+00	 3.202E+00	 9.159E+00	-1.637E+00	 4.774E-01	 1.216E+00	-5.747E+00	 2.027E-02	 1.119E-02	 1.481E-01	 3.407E+00
   21.0000	 2.100E+01	 0.000E+00	 0.000E+00	 1.611E+00	-8.516E-01	 7.151E+00	 1.611E+00	 1.841E-01	 7.764E+00	 3.944E+00	 1.353E+00	-1.795E-01	 1.222E+00	 3.222E+00	 9.201E+00	-8.680E-01	 1.468E+00	 1.222E+00	-5.733E+00	 2.007E-02	 1.113E-02	 1.476E-01	 3.407E+00
   21.1000	 2.110E+01	 0.000E+00	 0.000E+00	 1.621E+00	-9.223E-01	 7.588E+00	 1.621E+00	 2.523E-01	 7.327E+00	 3.964E+00	 1.475E+00	-1.810E-01	 1.228E+00	 3.242E+00	 9.243E+00	 3.702E-01	 1.665E+00	 1.228E+00	-5.720E+00	 1.988E-02	 1.108E-02	 1.471E-01	 3.407E+00
   21.2000	 2.120E+01	 0.000E+00	 0.000E+00	 1.631E+00	-6.755E-01	 7.954E+00	 1.631E+00	 2.875E-03	 6.961E+00	 3.984E+00	 1.052E+00	-1.825E-01	 1.233E+00	 3.262E+00	 9.286E+00	 1.408E+00	 9.614E-01	 1.233E+00	-5.706E+00	 1.969E-02	 1.102E-02	 1.466E-01	 3.407E+00
   21.3000	 2.130E+01	 0.000E+00	 0.000E+00	 1.641E+00	-2.454E-01	 8.052E+00	 1.641E+00	-4.299E-01	 6.863E+00	 4.004E+00	 3.158E-01	-1.841E-01	 1.239E+00	 3.283E+00	 9.331E+00	 1.685E+00	-2.615E-01	 1.239E+00	-5.691E+00	 1.951E-02	 1.097E-02	 1.462E-01	 3.407E+00
   21.4000	 2.140E+01	 0.000E+00	 0.000E+00	 1.652E+00	 1.348E-01	 7.828E+00	 1.652E+00	-8.128E-01	 7.087E+00	 4.025E+00	-3.351E-01	-1.856E-01	 1.245E+00	 3.304E+00	 9.376E+00	 1.051E+00	-1.343E+00	 1.245E+00	-5.677E+00	 1.933E-02	 1.092E-02	 1.457E-01	 3.407E+00
   21.5000	 2.150E+01	 0.000E+00	 0.000E+00	 1.662E+00	 2.589E-01	 7.404E+00	 1.662E+00	-9.396E-01	 7.511E+00	 4.046E+00	-5.474E-01	-1.871E-01	 1.251E+00	 3.325E+00	 9.423E+00	-1.516E-01	-1.698E+00	 1.251E+00	-5.662E+00	 1.915E-02	 1.088E-02	 1.453E-01	 3.407E+00
   21.6000	 2.160E+01	 0.000E+00	 0.000E+00	 1.673E+00	 5.894E-02	 7.009E+00	 1.673E+00	-7.425E-01	 7.906E+00	 4.067E+00	-2.048E-01	-1.886E-01	 1.258E+00	 3.346E+00	 9.470E+00	-1.272E+00	-1.136E+00	 1.258E+00	-5.648E+00	 1.898E-02	 1.083E-02	 1.449E-01	 3.407E+00
   21.7000	 2.170E+01	 0.000E+00	 0.000E+00	 1.684E+00	-3.576E-01	 6.856E+00	 1.684E+00	-3.287E-01	 8.059E+00	 4.088E+00	 5.087E-01	-1.901E-01	 1.264E+00	 3.368E+00	 9.519E+00	-1.705E+00	 4.107E-02	 1.264E+00	-5.633E+00	 1.882E-02	 1.078E-02	 1.445E-01	 3.407E+00
   21.8000	 2.180E+01	 0.000E+00	 0.000E+00	 1.695E+00	-7.664E-01	 7.029E+00	 1.695E+00	 7.726E-02	 7.887E+00	 4.110E+00	 1.209E+00	-1.916E-01	 1.271E+00	 3.390E+00	 9.568E+00	-1.216E+00	 1.196E+00	 1.271E+00	-5.617E+00	 1.866E-02	 1.074E-02	 1.441E-01	 3.407E+00
   21.9000	 2.190E+01	 0.000E+00	 0.000E+00	 1.706E+00	-9.472E-01	 7.433E+00	 1.706E+00	 2.551E-01	 7.482E+00	 4.133E+00	 1.519E+00	-1.931E-01	 1.278E+00	 3.412E+00	 9.619E+00	-6.962E-02	 1.704E+00	 1.278E+00	-5.602E+00	 1.850E-02	 1.070E-02	 1.437E-01	 3.407E+00
   22.0000	 2.200E+01	 0.000E+00	 0.000E+00	 1.717E+00	-8.029E-01	 7.851E+00	 1.717E+00	 1.080E-01	 7.064E+00	 4.155E+00	 1.272E+00	-1.946E-01	 1.284E+00	 3.435E+00	 9.671E+00	 1.114E+00	 1.291E+00	 1.284E+00	-5.586E+00	 1.835E-02	 1.066E-02	 1.434E-01	 3.407E+00
   22.1000	 2.210E+01	 0.000E+00	 0.000E+00	 1.729E+00	-4.125E-01	 8.056E+00	 1.729E+00	-2.854E-01	 6.859E+00	 4.178E+00	 6.037E-01	-1.960E-01	 1.291E+00	 3.458E+00	 9.724E+00	 1.696E+00	 1.800E-01	 1.291E+00	-5.571E+00	 1.820E-02	 1.062E-02	 1.430E-01	 3.407E+00
   22.2000	 2.220E+01	 0.000E+00	 0.000E+00	 1.740E+00	 1.229E-02	 7.938E+00	 1.740E+00	-7.132E-01	 6.978E+00	 4.202E+00	-1.232E-01	-1.975E-01	 1.299E+00	 3.481E+00	 9.778E+00	 1.360E+00	-1.028E+00	 1.299E+00	-5.555E+00	 1.805E-02	 1.058E-02	 1.427E-01	 3.407E+00
   22.3000	 2.230E+01	 0.000E+00	 0.000E+00	 1.752E+00	 2.409E-01	 7.560E+00	 1.752E+00	-9.449E-01	 7.355E+00	 4.225E+00	-5.143E-01	-1.990E-01	 1.306E+00	 3.504E+00	 9.832E+00	 2.897E-01	-1.680E+00	 1.306E+00	-5.538E+00	 1.791E-02	 1.055E-02	 1.424E-01	 3.407E+00
   22.4000	 2.240E+01	 0.000E+00	 0.000E+00	 1.764E+00	 1.490E-01	 7.127E+00	 1.764E+00	-8.560E-01	 7.788E+00	 4.249E+00	-3.565E-01	-2.004E-01	 1.313E+00	 3.528E+00	 9.888E+00	-9.377E-01	-1.424E+00	 1.313E+00	-5.522E+00	 1.777E-02	 1.051E-02	 1.420E-01	 3.407E+00
   22.5000	 2.250E+01	 0.000E+00	 0.000E+00	 1.776E+00	-2.146E-01	 6.873E+00	 1.776E+00	-4.955E-01	 8.043E+00	 4.273E+00	 2.665E-01	-2.019E-01	 1.321E+00	 3.552E+00	 9.945E+00	-1.658E+00	-3.981E-01	 1.321E+00	-5.505E+00	 1.764E-02	 1.048E-02	 1.417E-01	 3.407E+00
   22.6000	 2.260E+01	 0.000E+00	 0.000E+00	 1.788E+00	-6.542E-01	 6.935E+00	 1.788E+00	-5.908E-02	 7.981E+00	 4.298E+00	 1.020E+00	-2.033E-01	 1.328E+00	 3.576E+00	 1.000E+01	-1.482E+00	 8.433E-01	 1.328E+00	-5.489E+00	 1.751E-02	 1.045E-02	 1.414E-01	 3.407E+00
   22.7000	 2.270E+01	 0.000E+00	 0.000E+00	 1.800E+00	-9.329E-01	 7.279E+00	 1.800E+00	 2.165E-01	 7.636E+00	 4.323E+00	 1.497E+00	-2.047E-01	 1.336E+00	 3.600E+00	 1.006E+01	-5.048E-01	 1.629E+00	 1.336E+00	-5.472E+00	 1.738E-02	 1.042E-02	 1.412E-01	 3.407E+00
   22.8000	 2.280E+01	 0.000E+00	 0.000E+00	 1.813E+00	-9.009E-01	 7.721E+00	 1.813E+00	 1.813E-01	 7.195E+00	 4.348E+00	 1.443E+00	-2.061E-01	 1.344E+00	 3.625E+00	 1.012E+01	 7.454E-01	 1.534E+00	 1.344E+00	-5.455E+00	 1.725E-02	 1.039E-02	 1.409E-01	 3.407E+00
   22.9000	 2.290E+01	 0.000E+00	 0.000E+00	 1.825E+00	-5.764E-01	 8.020E+00	 1.825E+00	-1.464E-01	 6.896E+00	 4.373E+00	 8.880E-01	-2.076E-01	 1.352E+00	 3.650E+00	 1.018E+01	 1.593E+00	 6.094E-01	 1.352E+00	-5.437E+00	 1.712E-02	 1.036E-02	 1.406E-01	 3.407E+00
   23.0000	 2.300E+01	 0.000E+00	 0.000E+00	 1.838E+00	-1.357E-01	 8.015E+00	 1.838E+00	-5.904E-01	 6.901E+00	 4.399E+00	 1.340E-01	-2.090E-01	 1.360E+00	 3.675E+00	 1.024E+01	 1.579E+00	-6.443E-01	 1.360E+00	-5.420E+00	 1.700E-02	 1.033E-02	 1.404E-01	 3.407E+00
   23.1000	 2.310E+01	 0.000E+00	 0.000E+00	 1.850E+00	 1.821E-01	 7.709E+00	 1.850E+00	-9.115E-01	 7.207E+00	 4.425E+00	-4.096E-01	-2.104E-01	 1.368E+00	 3.701E+00	 1.030E+01	 7.115E-01	-1.550E+00	 1.368E+00	-5.402E+00	 1.688E-02	 1.030E-02	 1.401E-01	 3.407E+00
   23.2000	 2.320E+01	 0.000E+00	 0.000E+00	 1.863E+00	 2.043E-01	 7.267E+00	 1.863E+00	-9.370E-01	 7.648E+00	 4.452E+00	-4.471E-01	-2.118E-01	 1.376E+00	 3.726E+00	 1.036E+01	-5.405E-01	-1.617E+00	 1.376E+00	-5.385E+00	 1.677E-02	 1.027E-02	 1.399E-01	 3.407E+00
   23.3000	 2.330E+01	 0.000E+00	 0.000E+00	 1.876E+00	-8.205E-02	 6.928E+00	 1.876E+00	-6.540E-01	 7.987E+00	 4.478E+00	 4.374E-02	-2.132E-01	 1.385E+00	 3.752E+00	 1.043E+01	-1.500E+00	-8.105E-01	 1.385E+00	-5.367E+00	 1.665E-02	 1.025E-02	 1.396E-01	 3.407E+00
   23.4000	 2.340E+01	 0.000E+00	 0.000E+00	 1.889E+00	-5.230E-01	 6.876E+00	 1.889E+00	-2.164E-01	 8.039E+00	 4.505E+00	 7.993E-01	-2.146E-01	 1.393E+00	 3.778E+00	 1.049E+01	-1.649E+00	 4.344E-01	 1.393E+00	-5.349E+00	 1.654E-02	 1.022E-02	 1.394E-01	 3.407E+00
   23.5000	 2.350E+01	 0.000E+00	 0.000E+00	 1.902E+00	-8.810E-01	 7.138E+00	 1.902E+00	 1.383E-01	 7.777E+00	 4.532E+00	 1.413E+00	-2.160E-01	 1.402E+00	 3.804E+00	 1.055E+01	-9.061E-01	 1.444E+00	 1.402E+00	-5.331E+00	 1.643E-02	 1.019E-02	 1.392E-01	 3.407E+00
   23.6000	 2.360E+01	 0.000E+00	 0.000E+00	 1.915E+00	-9.636E-01	 7.573E+00	 1.915E+00	 2.174E-01	 7.342E+00	 4.560E+00	 1.555E+00	-2.173E-01	 1.410E+00	 3.831E+00	 1.062E+01	 3.265E-01	 1.674E+00	 1.410E+00	-5.312E+00	 1.632E-02	 1.017E-02	 1.390E-01	 3.407E+00
   23.7000	 2.370E+01	 0.000E+00	 0.000E+00	 1.929E+00	-7.269E-01	 7.945E+00	 1.929E+00	-2.270E-02	 6.970E+00	 4.587E+00	 1.150E+00	-2.187E-01	 1.418E+00	 3.858E+00	 1.068E+01	 1.383E+00	 9.979E-01	 1.418E+00	-5.294E+00	 1.621E-02	 1.014E-02	 1.387E-01	 3.407E+00
   23.8000	 2.380E+01	 0.000E+00	 0.000E+00	 1.942E+00	-2.999E-01	 8.054E+00	 1.942E+00	-4.532E-01	 6.861E+00	 4.615E+00	 4.196E-01	-2.201E-01	 1.427E+00	 3.884E+00	 1.074E+01	 1.691E+00	-2.173E-01	 1.427E+00	-5.275E+00	 1.610E-02	 1.012E-02	 1.385E-01	 3.407E+00
   23.9000	 2.390E+01	 0.000E+00	 0.000E+00	 1.956E+00	 8.572E-02	 7.841E+00	 1.956E+00	-8.422E-01	 7.075E+00	 4.643E+00	-2.401E-01	-2.215E-01	 1.435E+00	 3.911E+00	 1.081E+01	 1.086E+00	-1.315E+00	 1.435E+00	-5.256E+00	 1.599E-02	 1.009E-02	 1.383E-01	 3.407E+00
   24.0000	 2.400E+01	 0.000E+00	 0.000E+00	 1.969E+00	 2.205E-01	 7.420E+00	 1.969E+00	-9.804E-01	 7.495E+00	 4.671E+00	-4.703E-01	-2.228E-01	 1.444E+00	 3.939E+00	 1.087E+01	-1.071E-01	-1.702E+00	 1.444E+00	-5.238E+00	 1.589E-02	 1.007E-02	 1.381E-01	 3.407E+00
   24.1000	 2.410E+01	 0.000E+00	 0.000E+00	 1.983E+00	 3.059E-02	 7.019E+00	 1.983E+00	-7.940E-01	 7.896E+00	 4.699E+00	-1.447E-01	-2.242E-01	 1.452E+00	 3.966E+00	 1.094E+01	-1.242E+00	-1.169E+00	 1.452E+00	-5.219E+00	 1.578E-02	 1.005E-02	 1.379E-01	 3.407E+00
   24.2000	 2.420E+01	 0.000E+00	 0.000E+00	 1.997E+00	-3.822E-01	 6.856E+00	 1.997E+00	-3.847E-01	 8.059E+00	 4.728E+00	 5.626E-01	-2.256E-01	 1.461E+00	 3.993E+00	 1.100E+01	-1.705E+00	-3.571E-03	 1.461E+00	-5.200E+00	 1.568E-02	 1.002E-02	 1.378E-01	 3.407E+00
   24.3000	 2.430E+01	 0.000E+00	 0.000E+00	 2.011E+00	-7.957E-01	 7.018E+00	 2.011E+00	 2.528E-02	 7.897E+00	 4.757E+00	 1.271E+00	-2.269E-01	 1.469E+00	 4.021E+00	 1.106E+01	-1.247E+00	 1.163E+00	 1.469E+00	-5.181E+00	 1.557E-02	 9.995E-03	 1.376E-01	 3.407E+00
   24.4000	 2.440E+01	 0.000E+00	 0.000E+00	 2.024E+00	-9.872E-01	 7.417E+00	 2.024E+00	 2.134E-01	 7.498E+00	 4.786E+00	 1.599E+00	-2.283E-01	 1.478E+00	 4.049E+00	 1.113E+01	-1.142E-01	 1.701E+00	 1.478E+00	-5.161E+00	 1.547E-02	 9.970E-03	 1.374E-01	 3.407E+00
   24.5000	 2.450E+01	 0.000E+00	 0.000E+00	 2.038E+00	-8.542E-01	 7.839E+00	 2.038E+00	 7.689E-02	 7.077E+00	 4.815E+00	 1.372E+00	-2.297E-01	 1.486E+00	 4.077E+00	 1.119E+01	 1.080E+00	 1.320E+00	 1.486E+00	-5.142E+00	 1.537E-02	 9.944E-03	 1.372E-01	 3.407E+00
   24.6000	 2.460E+01	 0.000E+00	 0.000E+00	 2.052E+00	-4.696E-01	 8.054E+00	 2.052E+00	-3.113E-01	 6.861E+00	 4.844E+00	 7.139E-01	-2.310E-01	 1.494E+00	 4.105E+00	 1.125E+01	 1.690E+00	 2.243E-01	 1.494E+00	-5.123E+00	 1.527E-02	 9.918E-03	 1.370E-01	 3.407E+00
   24.7000	 2.470E+01	 0.000E+00	 0.000E+00	 2.066E+00	-4.211E-02	 7.947E+00	 2.066E+00	-7.422E-01	 6.968E+00	 4.873E+00	-1.762E-02	-2.324E-01	 1.502E+00	 4.133E+00	 1.131E+01	 1.387E+00	-9.921E-01	 1.502E+00	-5.103E+00	 1.516E-02	 9.892E-03	 1.369E-01	 3.407E+00
   24.8000	 2.480E+01	 0.000E+00	 0.000E+00	 2.081E+00	 1.961E-01	 7.575E+00	 2.081E+00	-9.839E-01	 7.340E+00	 4.902E+00	-4.252E-01	-2.337E-01	 1.510E+00	 4.161E+00	 1.137E+01	 3.335E-01	-1.672E+00	 1.510E+00	-5.084E+00	 1.506E-02	 9.866E-03	 1.367E-01	 3.407E+00
   24.9000	 2.490E+01	 0.000E+00	 0.000E+00	 2.095E+00	 1.153E-01	 7.140E+00	 2.095E+00	-9.066E-01	 7.775E+00	 4.932E+00	-2.866E-01	-2.351E-01	 1.519E+00	 4.189E+00	 1.143E+01	-9.001E-01	-1.448E+00	 1.519E+00	-5.064E+00	 1.496E-02	 9.839E-03	 1.365E-01	 3.407E+00
   25.0000	 2.500E+01	 0.000E+00	 0.000E+00	 2.109E+00	-2.417E-01	 6.876E+00	 2.109E+00	-5.531E-01	 8.039E+00	 4.961E+00	 3.249E-01	-2.364E-01	 1.526E+00	 4.218E+00	 1.149E+01	-1.647E+00	-4.413E-01	 1.526E+00	-5.044E+00	 1.486E-02	 9.811E-03	 1.363E-01	 3.407E+00
