
Predictions were generated on 31-May-2023 at 22:53:42 using HydroDyn Driver, compiled on May 31 2023 at 21:49:36 as a 64-bit application using double precision at commit v3.5.0-439-g0b6ef93e-dirty
 linked with  NWTC Subroutine Library

Description from the driver input file: NREL 5.0 MW offshore fixed-bottom HydroDyn input properties for the OC3 Tripod

Time	HydroFxi	HydroFzi	HydroMyi	M1N1Vxi	M1N1Vzi	M1N1Axi	M1N1Azi	M1N1FDxi	M1N1FDzi	M1N1FIxi	M1N1FIzi
(s)	(N)	(N)	(N-m)	(m/s)	(m/s)	(m/s^2)	(m/s^2)	(N/m)	(N/m)	(N/m)	(N/m)
    0.0000	   6.782058E+05	   8.997617E+06	  -9.480807E+06	   1.094470E+00	  -4.958267E-01	  -3.958356E-01	  -5.412257E-01	   1.519590E+03	  -9.588751E+02	  -3.831526E+02	   2.417727E+02
    0.0250	   6.315042E+05	   8.995754E+06	  -8.594265E+06	   1.083267E+00	  -5.086913E-01	  -4.061059E-01	  -5.356858E-01	   1.512935E+03	  -9.546757E+02	  -4.802571E+02	   3.030466E+02
    0.0500	   5.848329E+05	   8.993892E+06	  -7.708408E+06	   1.072064E+00	  -5.215560E-01	  -4.163762E-01	  -5.301459E-01	   1.506295E+03	  -9.504857E+02	  -5.773622E+02	   3.643208E+02
    0.0750	   5.381918E+05	   8.992032E+06	  -6.823236E+06	   1.060861E+00	  -5.344205E-01	  -4.266464E-01	  -5.246061E-01	   1.499669E+03	  -9.463049E+02	  -6.744666E+02	   4.255945E+02
    0.1000	   4.915809E+05	   8.990174E+06	  -5.938747E+06	   1.049659E+00	  -5.472852E-01	  -4.369167E-01	  -5.190663E-01	   1.493058E+03	  -9.421333E+02	  -7.715714E+02	   4.868685E+02
    0.1250	   4.450002E+05	   8.988317E+06	  -5.054940E+06	   1.038456E+00	  -5.601498E-01	  -4.471870E-01	  -5.135264E-01	   1.486462E+03	  -9.379709E+02	  -8.686761E+02	   5.481426E+02
    0.1500	   3.984498E+05	   8.986461E+06	  -4.171819E+06	   1.027253E+00	  -5.730144E-01	  -4.574573E-01	  -5.079865E-01	   1.479880E+03	  -9.338177E+02	  -9.657809E+02	   6.094166E+02
    0.1750	   3.519296E+05	   8.984606E+06	  -3.289381E+06	   1.016050E+00	  -5.858790E-01	  -4.677276E-01	  -5.024467E-01	   1.473312E+03	  -9.296736E+02	  -1.062886E+03	   6.706906E+02
    0.2000	   3.054397E+05	   8.982752E+06	  -2.407625E+06	   1.004848E+00	  -5.987437E-01	  -4.779978E-01	  -4.969069E-01	   1.466760E+03	  -9.255389E+02	  -1.159990E+03	   7.319643E+02
    0.2250	   2.589799E+05	   8.980899E+06	  -1.526552E+06	   9.936450E-01	  -6.116083E-01	  -4.882681E-01	  -4.913670E-01	   1.460222E+03	  -9.214131E+02	  -1.257095E+03	   7.932385E+02
    0.2500	   2.125505E+05	   8.979046E+06	  -6.461621E+05	   9.824424E-01	  -6.244730E-01	  -4.985384E-01	  -4.858272E-01	   1.453699E+03	  -9.172971E+02	  -1.354199E+03	   8.545121E+02
    0.2750	   1.641183E+05	   8.976933E+06	   2.577764E+05	   9.688205E-01	  -6.357999E-01	  -5.075811E-01	  -4.790910E-01	   1.440056E+03	  -9.086881E+02	  -1.447970E+03	   9.136823E+02
    0.3000	   1.157267E+05	   8.974826E+06	   1.160946E+06	   9.551987E-01	  -6.471268E-01	  -5.166238E-01	  -4.723549E-01	   1.426477E+03	  -9.001199E+02	  -1.541740E+03	   9.728519E+02
    0.3250	   6.737562E+04	   8.972726E+06	   2.063349E+06	   9.415768E-01	  -6.584538E-01	  -5.256665E-01	  -4.656188E-01	   1.412963E+03	  -8.915922E+02	  -1.635510E+03	   1.032022E+03
    0.3500	   1.906505E+04	   8.970632E+06	   2.964984E+06	   9.279551E-01	  -6.697808E-01	  -5.347093E-01	  -4.588827E-01	   1.399513E+03	  -8.831052E+02	  -1.729281E+03	   1.091192E+03
    0.3750	  -2.920507E+04	   8.968544E+06	   3.865854E+06	   9.143332E-01	  -6.811078E-01	  -5.437520E-01	  -4.521466E-01	   1.386127E+03	  -8.746587E+02	  -1.823051E+03	   1.150362E+03
    0.4000	  -7.743470E+04	   8.966462E+06	   4.765958E+06	   9.007114E-01	  -6.924347E-01	  -5.527947E-01	  -4.454105E-01	   1.372806E+03	  -8.662529E+02	  -1.916821E+03	   1.209532E+03
    0.4250	  -1.256238E+05	   8.964387E+06	   5.665296E+06	   8.870895E-01	  -7.037616E-01	  -5.618374E-01	  -4.386743E-01	   1.359548E+03	  -8.578874E+02	  -2.010591E+03	   1.268701E+03
    0.4500	  -1.737725E+05	   8.962317E+06	   6.563868E+06	   8.734678E-01	  -7.150886E-01	  -5.708801E-01	  -4.319382E-01	   1.346356E+03	  -8.495628E+02	  -2.104361E+03	   1.327871E+03
    0.4750	  -2.218808E+05	   8.960253E+06	   7.461676E+06	   8.598459E-01	  -7.264156E-01	  -5.799228E-01	  -4.252021E-01	   1.333227E+03	  -8.412786E+02	  -2.198132E+03	   1.387041E+03
    0.5000	  -2.699487E+05	   8.958194E+06	   8.358720E+06	   8.462241E-01	  -7.377425E-01	  -5.889655E-01	  -4.184660E-01	   1.320163E+03	  -8.330350E+02	  -2.291902E+03	   1.446211E+03
    0.5250	  -3.187304E+05	   8.955961E+06	   9.256073E+06	   8.305185E-01	  -7.472530E-01	  -5.965580E-01	  -4.106995E-01	   1.300702E+03	  -8.207550E+02	  -2.380029E+03	   1.501820E+03
    0.5500	  -3.674488E+05	   8.953739E+06	   1.015240E+07	   8.148131E-01	  -7.567633E-01	  -6.041505E-01	  -4.029329E-01	   1.281386E+03	  -8.085662E+02	  -2.468156E+03	   1.557429E+03
    0.5750	  -4.161039E+05	   8.951528E+06	   1.104769E+07	   7.991076E-01	  -7.662737E-01	  -6.117429E-01	  -3.951664E-01	   1.262214E+03	  -7.964684E+02	  -2.556282E+03	   1.613037E+03
    0.6000	  -4.646958E+05	   8.949328E+06	   1.194195E+07	   7.834021E-01	  -7.757842E-01	  -6.193355E-01	  -3.873999E-01	   1.243187E+03	  -7.844620E+02	  -2.644409E+03	   1.668646E+03
    0.6250	  -5.132245E+05	   8.947138E+06	   1.283519E+07	   7.676966E-01	  -7.852945E-01	  -6.269279E-01	  -3.796334E-01	   1.224304E+03	  -7.725467E+02	  -2.732536E+03	   1.724255E+03
    0.6500	  -5.616901E+05	   8.944958E+06	   1.372740E+07	   7.519912E-01	  -7.948049E-01	  -6.345204E-01	  -3.718669E-01	   1.205565E+03	  -7.607226E+02	  -2.820663E+03	   1.779864E+03
    0.6750	  -6.100926E+05	   8.942789E+06	   1.461858E+07	   7.362857E-01	  -8.043154E-01	  -6.421129E-01	  -3.641003E-01	   1.186971E+03	  -7.489897E+02	  -2.908789E+03	   1.835473E+03
    0.7000	  -6.584321E+05	   8.940630E+06	   1.550874E+07	   7.205801E-01	  -8.138257E-01	  -6.497054E-01	  -3.563338E-01	   1.168522E+03	  -7.373478E+02	  -2.996916E+03	   1.891081E+03
    0.7250	  -7.067085E+05	   8.938481E+06	   1.639787E+07	   7.048746E-01	  -8.233361E-01	  -6.572978E-01	  -3.485673E-01	   1.150217E+03	  -7.257972E+02	  -3.085043E+03	   1.946690E+03
    0.7500	  -7.549221E+05	   8.936341E+06	   1.728597E+07	   6.891692E-01	  -8.328465E-01	  -6.648903E-01	  -3.408008E-01	   1.132056E+03	  -7.143379E+02	  -3.173170E+03	   2.002299E+03
    0.7750	  -8.024858E+05	   8.934111E+06	   1.815033E+07	   6.717666E-01	  -8.403062E-01	  -6.708456E-01	  -3.321950E-01	   1.108517E+03	  -6.994843E+02	  -3.253483E+03	   2.052978E+03
    0.8000	  -8.499539E+05	   8.931895E+06	   1.901326E+07	   6.543643E-01	  -8.477659E-01	  -6.768009E-01	  -3.235894E-01	   1.085225E+03	  -6.847867E+02	  -3.333797E+03	   2.103656E+03
    0.8250	  -8.973264E+05	   8.929692E+06	   1.987476E+07	   6.369618E-01	  -8.552254E-01	  -6.827562E-01	  -3.149837E-01	   1.062180E+03	  -6.702451E+02	  -3.414110E+03	   2.154334E+03
    0.8500	  -9.446050E+05	   8.927503E+06	   2.073488E+07	   6.195592E-01	  -8.626851E-01	  -6.887115E-01	  -3.063780E-01	   1.039382E+03	  -6.558596E+02	  -3.494424E+03	   2.205013E+03
    0.8750	  -9.917983E+05	   8.925327E+06	   2.159398E+07	   6.021568E-01	  -8.701447E-01	  -6.946667E-01	  -2.977723E-01	   1.016832E+03	  -6.416301E+02	  -3.574736E+03	   2.255691E+03
    0.9000	  -1.038908E+06	   8.923163E+06	   2.245212E+07	   5.847543E-01	  -8.776045E-01	  -7.006220E-01	  -2.891666E-01	   9.945291E+02	  -6.275569E+02	  -3.655050E+03	   2.306370E+03
    0.9250	  -1.085934E+06	   8.921011E+06	   2.330930E+07	   5.673518E-01	  -8.850641E-01	  -7.065774E-01	  -2.805610E-01	   9.724733E+02	  -6.136395E+02	  -3.735363E+03	   2.357048E+03
    0.9500	  -1.132877E+06	   8.918871E+06	   2.416553E+07	   5.499494E-01	  -8.925236E-01	  -7.125327E-01	  -2.719553E-01	   9.506650E+02	  -5.998782E+02	  -3.815677E+03	   2.407727E+03
    0.9750	  -1.179737E+06	   8.916743E+06	   2.502080E+07	   5.325469E-01	  -8.999833E-01	  -7.184880E-01	  -2.633496E-01	   9.291038E+02	  -5.862729E+02	  -3.895990E+03	   2.458406E+03
    1.0000	  -1.226514E+06	   8.914626E+06	   2.587511E+07	   5.151444E-01	  -9.074429E-01	  -7.244433E-01	  -2.547439E-01	   9.077901E+02	  -5.728238E+02	  -3.976304E+03	   2.509084E+03
    1.0250	  -1.271268E+06	   8.912495E+06	   2.668208E+07	   4.964735E-01	  -9.126682E-01	  -7.286147E-01	  -2.455109E-01	   8.823109E+02	  -5.567462E+02	  -4.046826E+03	   2.553584E+03
    1.0500	  -1.315900E+06	   8.910377E+06	   2.748755E+07	   4.778026E-01	  -9.178935E-01	  -7.327862E-01	  -2.362780E-01	   8.571945E+02	  -5.408975E+02	  -4.117348E+03	   2.598084E+03
    1.0750	  -1.360408E+06	   8.908274E+06	   2.829153E+07	   4.591317E-01	  -9.231186E-01	  -7.369577E-01	  -2.270450E-01	   8.324404E+02	  -5.252775E+02	  -4.187871E+03	   2.642584E+03
    1.1000	  -1.404794E+06	   8.906184E+06	   2.909402E+07	   4.404607E-01	  -9.283439E-01	  -7.411292E-01	  -2.178121E-01	   8.080493E+02	  -5.098864E+02	  -4.258393E+03	   2.687085E+03
    1.1250	  -1.449057E+06	   8.904108E+06	   2.989504E+07	   4.217898E-01	  -9.335691E-01	  -7.453007E-01	  -2.085792E-01	   7.840207E+02	  -4.947242E+02	  -4.328916E+03	   2.731585E+03
    1.1500	  -1.493198E+06	   8.902045E+06	   3.069459E+07	   4.031189E-01	  -9.387944E-01	  -7.494721E-01	  -1.993462E-01	   7.603550E+02	  -4.797909E+02	  -4.399438E+03	   2.776085E+03
    1.1750	  -1.537218E+06	   8.899995E+06	   3.149270E+07	   3.844480E-01	  -9.440196E-01	  -7.536436E-01	  -1.901132E-01	   7.370516E+02	  -4.650863E+02	  -4.469960E+03	   2.820586E+03
    1.2000	  -1.581116E+06	   8.897957E+06	   3.228938E+07	   3.657771E-01	  -9.492449E-01	  -7.578151E-01	  -1.808803E-01	   7.141112E+02	  -4.506107E+02	  -4.540483E+03	   2.865086E+03
    1.2250	  -1.624894E+06	   8.895931E+06	   3.308463E+07	   3.471062E-01	  -9.544700E-01	  -7.619865E-01	  -1.716473E-01	   6.915333E+02	  -4.363638E+02	  -4.611005E+03	   2.909586E+03
    1.2500	  -1.668552E+06	   8.893918E+06	   3.387849E+07	   3.284353E-01	  -9.596953E-01	  -7.661581E-01	  -1.624144E-01	   6.693182E+02	  -4.223459E+02	  -4.681528E+03	   2.954087E+03
    1.2750	  -1.708845E+06	   8.891954E+06	   3.460179E+07	   3.089556E-01	  -9.625574E-01	  -7.684429E-01	  -1.527815E-01	   6.442278E+02	  -4.065136E+02	  -4.740522E+03	   2.991313E+03
    1.3000	  -1.748975E+06	   8.890004E+06	   3.532309E+07	   2.894760E-01	  -9.654196E-01	  -7.707280E-01	  -1.431487E-01	   6.196168E+02	  -3.909838E+02	  -4.799518E+03	   3.028540E+03
    1.3250	  -1.788943E+06	   8.888067E+06	   3.604239E+07	   2.699963E-01	  -9.682816E-01	  -7.730128E-01	  -1.335158E-01	   5.954849E+02	  -3.757564E+02	  -4.858512E+03	   3.065765E+03
    1.3500	  -1.828748E+06	   8.886141E+06	   3.675972E+07	   2.505167E-01	  -9.711439E-01	  -7.752978E-01	  -1.238829E-01	   5.718325E+02	  -3.608315E+02	  -4.917507E+03	   3.102992E+03
    1.3750	  -1.868393E+06	   8.884227E+06	   3.747508E+07	   2.310371E-01	  -9.740059E-01	  -7.775828E-01	  -1.142501E-01	   5.486593E+02	  -3.462090E+02	  -4.976502E+03	   3.140218E+03
    1.4000	  -1.907878E+06	   8.882325E+06	   3.818850E+07	   2.115574E-01	  -9.768682E-01	  -7.798677E-01	  -1.046172E-01	   5.259655E+02	  -3.318890E+02	  -5.035498E+03	   3.177445E+03
    1.4250	  -1.947203E+06	   8.880432E+06	   3.890001E+07	   1.920778E-01	  -9.797302E-01	  -7.821526E-01	  -9.498432E-02	   5.037509E+02	  -3.178714E+02	  -5.094492E+03	   3.214671E+03
    1.4500	  -1.986369E+06	   8.878551E+06	   3.960960E+07	   1.725981E-01	  -9.825923E-01	  -7.844375E-01	  -8.535146E-02	   4.820156E+02	  -3.041562E+02	  -5.153487E+03	   3.251897E+03
    1.4750	  -2.025378E+06	   8.876678E+06	   4.031732E+07	   1.531185E-01	  -9.854544E-01	  -7.867225E-01	  -7.571859E-02	   4.607596E+02	  -2.907435E+02	  -5.212482E+03	   3.289124E+03
    1.5000	  -2.064230E+06	   8.874815E+06	   4.102317E+07	   1.336389E-01	  -9.883166E-01	  -7.890075E-01	  -6.608573E-02	   4.399830E+02	  -2.776333E+02	  -5.271477E+03	   3.326350E+03
    1.5250	  -2.098483E+06	   8.873051E+06	   4.163709E+07	   1.138302E-01	  -9.887451E-01	  -7.893496E-01	  -5.629014E-02	   4.175721E+02	  -2.634918E+02	  -5.317492E+03	   3.355386E+03
    1.5500	  -2.132538E+06	   8.871295E+06	   4.224853E+07	   9.402148E-02	  -9.891737E-01	  -7.896918E-01	  -4.649454E-02	   3.957470E+02	  -2.497200E+02	  -5.363507E+03	   3.384422E+03
    1.5750	  -2.166395E+06	   8.869547E+06	   4.285750E+07	   7.421276E-02	  -9.896023E-01	  -7.900339E-01	  -3.669895E-02	   3.745077E+02	  -2.363177E+02	  -5.409521E+03	   3.413457E+03
    1.6000	  -2.200056E+06	   8.867805E+06	   4.346402E+07	   5.440407E-02	  -9.900309E-01	  -7.903761E-01	  -2.690335E-02	   3.538542E+02	  -2.232852E+02	  -5.455537E+03	   3.442493E+03
    1.6250	  -2.233523E+06	   8.866070E+06	   4.406813E+07	   3.459539E-02	  -9.904595E-01	  -7.907182E-01	  -1.710776E-02	   3.337864E+02	  -2.106222E+02	  -5.501551E+03	   3.471529E+03
    1.6500	  -2.266796E+06	   8.864339E+06	   4.466984E+07	   1.478669E-02	  -9.908881E-01	  -7.910604E-01	  -7.312167E-03	   3.143044E+02	  -1.983289E+02	  -5.547566E+03	   3.500565E+03
    1.6750	  -2.299878E+06	   8.862613E+06	   4.526919E+07	  -5.022003E-03	  -9.913167E-01	  -7.914025E-01	   2.483428E-03	   2.954082E+02	  -1.864052E+02	  -5.593581E+03	   3.529600E+03
    1.7000	  -2.332769E+06	   8.860889E+06	   4.586620E+07	  -2.483070E-02	  -9.917453E-01	  -7.917446E-01	   1.227902E-02	   2.770977E+02	  -1.748512E+02	  -5.639596E+03	   3.558636E+03
    1.7250	  -2.365473E+06	   8.859168E+06	   4.646091E+07	  -4.463939E-02	  -9.921738E-01	  -7.920868E-01	   2.207462E-02	   2.593730E+02	  -1.636667E+02	  -5.685610E+03	   3.587672E+03
    1.7500	  -2.397991E+06	   8.857448E+06	   4.705334E+07	  -6.444809E-02	  -9.926025E-01	  -7.924290E-01	   3.187021E-02	   2.422341E+02	  -1.528519E+02	  -5.731625E+03	   3.616708E+03
    1.7750	  -2.424850E+06	   8.855860E+06	   4.753528E+07	  -8.409811E-02	  -9.905869E-01	  -7.908198E-01	   4.158733E-02	   2.245310E+02	  -1.416811E+02	  -5.763526E+03	   3.636837E+03
    1.8000	  -2.451487E+06	   8.854270E+06	   4.801436E+07	  -1.037481E-01	  -9.885713E-01	  -7.892108E-01	   5.130445E-02	   2.074995E+02	  -1.309341E+02	  -5.795429E+03	   3.656968E+03
    1.8250	  -2.477906E+06	   8.852676E+06	   4.849062E+07	  -1.233982E-01	  -9.865558E-01	  -7.876016E-01	   6.102157E-02	   1.911398E+02	  -1.206109E+02	  -5.827330E+03	   3.677098E+03
    1.8500	  -2.504108E+06	   8.851078E+06	   4.896410E+07	  -1.430482E-01	  -9.845402E-01	  -7.859927E-01	   7.073870E-02	   1.754516E+02	  -1.107116E+02	  -5.859232E+03	   3.697229E+03
    1.8750	  -2.530097E+06	   8.849474E+06	   4.943482E+07	  -1.626982E-01	  -9.825248E-01	  -7.843836E-01	   8.045582E-02	   1.604352E+02	  -1.012361E+02	  -5.891134E+03	   3.717359E+03
    1.9000	  -2.555876E+06	   8.847862E+06	   4.990286E+07	  -1.823482E-01	  -9.805092E-01	  -7.827745E-01	   9.017295E-02	   1.460904E+02	  -9.218438E+01	  -5.923036E+03	   3.737489E+03
    1.9250	  -2.581449E+06	   8.846241E+06	   5.036823E+07	  -2.019983E-01	  -9.784936E-01	  -7.811654E-01	   9.989007E-02	   1.324173E+02	  -8.355652E+01	  -5.954937E+03	   3.757619E+03
    1.9500	  -2.606820E+06	   8.844610E+06	   5.083099E+07	  -2.216483E-01	  -9.764781E-01	  -7.795563E-01	   1.096072E-01	   1.194159E+02	  -7.535253E+01	  -5.986839E+03	   3.777750E+03
    1.9750	  -2.631991E+06	   8.842966E+06	   5.129118E+07	  -2.412983E-01	  -9.744625E-01	  -7.779472E-01	   1.193243E-01	   1.070862E+02	  -6.757234E+01	  -6.018740E+03	   3.797880E+03
    2.0000	  -2.656968E+06	   8.841309E+06	   5.174887E+07	  -2.609483E-01	  -9.724470E-01	  -7.763382E-01	   1.290414E-01	   9.542811E+01	  -6.021600E+01	  -6.050643E+03	   3.818010E+03
    2.0250	  -2.675458E+06	   8.839802E+06	   5.208122E+07	  -2.799558E-01	  -9.680370E-01	  -7.728175E-01	   1.384408E-01	   8.400023E+01	  -5.300491E+01	  -6.067645E+03	   3.828739E+03
    2.0500	  -2.693730E+06	   8.838276E+06	   5.241060E+07	  -2.989632E-01	  -9.636270E-01	  -7.692968E-01	   1.478402E-01	   7.330093E+01	  -4.625356E+01	  -6.084648E+03	   3.839468E+03
    2.0750	  -2.711788E+06	   8.836730E+06	   5.273705E+07	  -3.179707E-01	  -9.592169E-01	  -7.657762E-01	   1.572396E-01	   6.333022E+01	  -3.996194E+01	  -6.101651E+03	   3.850197E+03
    2.1000	  -2.729637E+06	   8.835161E+06	   5.306064E+07	  -3.369782E-01	  -9.548069E-01	  -7.622554E-01	   1.666389E-01	   5.408809E+01	  -3.413008E+01	  -6.118654E+03	   3.860926E+03
    2.1250	  -2.747282E+06	   8.833569E+06	   5.338142E+07	  -3.559857E-01	  -9.503969E-01	  -7.587348E-01	   1.760383E-01	   4.557455E+01	  -2.875796E+01	  -6.135657E+03	   3.871656E+03
    2.1500	  -2.764729E+06	   8.831951E+06	   5.369948E+07	  -3.749931E-01	  -9.459869E-01	  -7.552142E-01	   1.854377E-01	   3.778962E+01	  -2.384559E+01	  -6.152660E+03	   3.882385E+03
    2.1750	  -2.781984E+06	   8.830306E+06	   5.401488E+07	  -3.940006E-01	  -9.415768E-01	  -7.516934E-01	   1.948371E-01	   3.073326E+01	  -1.939296E+01	  -6.169663E+03	   3.893113E+03
    2.2000	  -2.799054E+06	   8.828631E+06	   5.432769E+07	  -4.130080E-01	  -9.371668E-01	  -7.481728E-01	   2.042364E-01	   2.440549E+01	  -1.540009E+01	  -6.186666E+03	   3.903843E+03
    2.2250	  -2.815942E+06	   8.826925E+06	   5.463798E+07	  -4.320155E-01	  -9.327568E-01	  -7.446520E-01	   2.136358E-01	   1.880630E+01	  -1.186695E+01	  -6.203668E+03	   3.914571E+03
    2.2500	  -2.832658E+06	   8.825188E+06	   5.494585E+07	  -4.510230E-01	  -9.283468E-01	  -7.411314E-01	   2.230352E-01	   1.393571E+01	  -8.793562E+00	  -6.220672E+03	   3.925301E+03
    2.2750	  -2.842334E+06	   8.823615E+06	   5.511799E+07	  -4.689199E-01	  -9.216508E-01	  -7.357857E-01	   2.318854E-01	   9.736250E+00	  -6.143662E+00	  -6.222357E+03	   3.926364E+03
    2.3000	  -2.851824E+06	   8.822007E+06	   5.528738E+07	  -4.868168E-01	  -9.149550E-01	  -7.304401E-01	   2.407356E-01	   6.287748E+00	  -3.967626E+00	  -6.224042E+03	   3.927427E+03
    2.3250	  -2.861133E+06	   8.820361E+06	   5.545410E+07	  -5.047137E-01	  -9.082590E-01	  -7.250946E-01	   2.495858E-01	   3.590177E+00	  -2.265434E+00	  -6.225729E+03	   3.928491E+03
    2.3500	  -2.870270E+06	   8.818675E+06	   5.561825E+07	  -5.226106E-01	  -9.015631E-01	  -7.197490E-01	   2.584360E-01	   1.643570E+00	  -1.037107E+00	  -6.227415E+03	   3.929555E+03
    2.3750	  -2.879240E+06	   8.816950E+06	   5.577990E+07	  -5.405075E-01	  -8.948672E-01	  -7.144034E-01	   2.672862E-01	   4.479069E-01	  -2.826333E-01	  -6.229100E+03	   3.930618E+03
    2.4000	  -2.888050E+06	   8.815183E+06	   5.593915E+07	  -5.584044E-01	  -8.881712E-01	  -7.090579E-01	   2.761363E-01	   3.191843E-03	  -2.014082E-03	  -6.230786E+03	   3.931683E+03
    2.4250	  -2.896707E+06	   8.813373E+06	   5.609610E+07	  -5.763013E-01	  -8.814753E-01	  -7.037123E-01	   2.849865E-01	  -3.094255E-01	   1.952503E-01	  -6.232471E+03	   3.932746E+03
    2.4500	  -2.905218E+06	   8.811521E+06	   5.625084E+07	  -5.941982E-01	  -8.747793E-01	  -6.983666E-01	   2.938367E-01	  -1.366613E+00	   8.623453E-01	  -6.234157E+03	   3.933810E+03
    2.4750	  -2.913588E+06	   8.809624E+06	   5.640348E+07	  -6.120951E-01	  -8.680834E-01	  -6.930211E-01	   3.026869E-01	  -3.174750E+00	   2.003296E+00	  -6.235842E+03	   3.934873E+03
    2.5000	  -2.921826E+06	   8.807683E+06	   5.655410E+07	  -6.299920E-01	  -8.613875E-01	  -6.876755E-01	   3.115371E-01	  -5.733827E+00	   3.618097E+00	  -6.237528E+03	   3.935937E+03
    2.5250	  -2.922850E+06	   8.805937E+06	   5.656454E+07	  -6.463376E-01	  -8.525705E-01	  -6.806366E-01	   3.196202E-01	  -9.008421E+00	   5.684396E+00	  -6.223854E+03	   3.927309E+03
    2.5500	  -2.923962E+06	   8.804146E+06	   5.657504E+07	  -6.626833E-01	  -8.437536E-01	  -6.735977E-01	   3.277032E-01	  -1.301959E+01	   8.215481E+00	  -6.210181E+03	   3.918681E+03
    2.5750	  -2.925167E+06	   8.802309E+06	   5.658570E+07	  -6.790290E-01	  -8.349367E-01	  -6.665589E-01	   3.357863E-01	  -1.776733E+01	   1.121134E+01	  -6.196508E+03	   3.910053E+03
    2.6000	  -2.926471E+06	   8.800426E+06	   5.659663E+07	  -6.953747E-01	  -8.261197E-01	  -6.595200E-01	   3.438694E-01	  -2.325166E+01	   1.467201E+01	  -6.182835E+03	   3.901425E+03
    2.6250	  -2.927880E+06	   8.798496E+06	   5.660793E+07	  -7.117203E-01	  -8.173028E-01	  -6.524811E-01	   3.519525E-01	  -2.947251E+01	   1.859742E+01	  -6.169162E+03	   3.892797E+03
    2.6500	  -2.929401E+06	   8.796520E+06	   5.661972E+07	  -7.280660E-01	  -8.084858E-01	  -6.454422E-01	   3.600356E-01	  -3.642995E+01	   2.298763E+01	  -6.155489E+03	   3.884169E+03
    2.6750	  -2.931039E+06	   8.794497E+06	   5.663210E+07	  -7.444116E-01	  -7.996688E-01	  -6.384033E-01	   3.681187E-01	  -4.412399E+01	   2.784264E+01	  -6.141815E+03	   3.875541E+03
    2.7000	  -2.932801E+06	   8.792428E+06	   5.664517E+07	  -7.607573E-01	  -7.908520E-01	  -6.313645E-01	   3.762018E-01	  -5.255452E+01	   3.316238E+01	  -6.128142E+03	   3.866913E+03
    2.7250	  -2.934691E+06	   8.790313E+06	   5.665906E+07	  -7.771029E-01	  -7.820349E-01	  -6.243256E-01	   3.842849E-01	  -6.172168E+01	   3.894694E+01	  -6.114469E+03	   3.858285E+03
    2.7500	  -2.936717E+06	   8.788151E+06	   5.667386E+07	  -7.934486E-01	  -7.732180E-01	  -6.172867E-01	   3.923679E-01	  -7.162536E+01	   4.519625E+01	  -6.100795E+03	   3.849657E+03
    2.7750	  -2.931542E+06	   8.786239E+06	   5.654809E+07	  -8.078405E-01	  -7.624970E-01	  -6.087279E-01	   3.994848E-01	  -8.188811E+01	   5.167214E+01	  -6.072100E+03	   3.831550E+03
    2.8000	  -2.926489E+06	   8.784283E+06	   5.642307E+07	  -8.222324E-01	  -7.517762E-01	  -6.001690E-01	   4.066018E-01	  -9.283758E+01	   5.858136E+01	  -6.043404E+03	   3.813443E+03
    2.8250	  -2.921565E+06	   8.782284E+06	   5.629891E+07	  -8.366243E-01	  -7.410553E-01	  -5.916102E-01	   4.137187E-01	  -1.044740E+02	   6.592405E+01	  -6.014709E+03	   3.795336E+03
    2.8500	  -2.916775E+06	   8.780243E+06	   5.617572E+07	  -8.510162E-01	  -7.303345E-01	  -5.830513E-01	   4.208357E-01	  -1.167972E+02	   7.370010E+01	  -5.986014E+03	   3.777229E+03
    2.8750	  -2.912124E+06	   8.778160E+06	   5.605361E+07	  -8.654081E-01	  -7.196136E-01	  -5.744925E-01	   4.279526E-01	  -1.298072E+02	   8.190954E+01	  -5.957318E+03	   3.759122E+03
    2.9000	  -2.907618E+06	   8.776037E+06	   5.593270E+07	  -8.798001E-01	  -7.088928E-01	  -5.659336E-01	   4.350696E-01	  -1.435042E+02	   9.055246E+01	  -5.928623E+03	   3.741015E+03
    2.9250	  -2.903262E+06	   8.773873E+06	   5.581308E+07	  -8.941919E-01	  -6.981718E-01	  -5.573748E-01	   4.421865E-01	  -1.578880E+02	   9.962875E+01	  -5.899927E+03	   3.722908E+03
    2.9500	  -2.899062E+06	   8.771672E+06	   5.569488E+07	  -9.085838E-01	  -6.874509E-01	  -5.488160E-01	   4.493034E-01	  -1.729586E+02	   1.091384E+02	  -5.871232E+03	   3.704801E+03
    2.9750	  -2.895023E+06	   8.769432E+06	   5.557819E+07	  -9.229757E-01	  -6.767300E-01	  -5.402571E-01	   4.564204E-01	  -1.887160E+02	   1.190815E+02	  -5.842536E+03	   3.686693E+03
    3.0000	  -2.891151E+06	   8.767156E+06	   5.546314E+07	  -9.373676E-01	  -6.660092E-01	  -5.316983E-01	   4.635373E-01	  -2.051604E+02	   1.294580E+02	  -5.813841E+03	   3.668586E+03
    3.0250	  -2.880089E+06	   8.765202E+06	   5.520918E+07	  -9.494514E-01	  -6.536484E-01	  -5.218301E-01	   4.695129E-01	  -2.212410E+02	   1.396051E+02	  -5.770829E+03	   3.641446E+03
    3.0500	  -2.869176E+06	   8.763217E+06	   5.495666E+07	  -9.615353E-01	  -6.412876E-01	  -5.119622E-01	   4.754885E-01	  -2.379285E+02	   1.501351E+02	  -5.727819E+03	   3.614306E+03
    3.0750	  -2.858419E+06	   8.761204E+06	   5.470567E+07	  -9.736190E-01	  -6.289268E-01	  -5.020941E-01	   4.814640E-01	  -2.552225E+02	   1.610477E+02	  -5.684808E+03	   3.587166E+03
    3.1000	  -2.847832E+06	   8.759166E+06	   5.445634E+07	  -9.857029E-01	  -6.165661E-01	  -4.922261E-01	   4.874396E-01	  -2.731232E+02	   1.723432E+02	  -5.641797E+03	   3.560025E+03
    3.1250	  -2.837425E+06	   8.757108E+06	   5.420876E+07	  -9.977868E-01	  -6.042052E-01	  -4.823580E-01	   4.934151E-01	  -2.916307E+02	   1.840216E+02	  -5.598786E+03	   3.532885E+03
    3.1500	  -2.827204E+06	   8.755032E+06	   5.396307E+07	  -1.009871E+00	  -5.918444E-01	  -4.724900E-01	   4.993907E-01	  -3.107447E+02	   1.960827E+02	  -5.555775E+03	   3.505745E+03
    3.1750	  -2.817176E+06	   8.752941E+06	   5.371934E+07	  -1.021954E+00	  -5.794836E-01	  -4.626219E-01	   5.053662E-01	  -3.304654E+02	   2.085267E+02	  -5.512764E+03	   3.478604E+03
    3.2000	  -2.807347E+06	   8.750835E+06	   5.347770E+07	  -1.034038E+00	  -5.671228E-01	  -4.527539E-01	   5.113418E-01	  -3.507927E+02	   2.213534E+02	  -5.469753E+03	   3.451464E+03
    3.2250	  -2.797722E+06	   8.748718E+06	   5.323823E+07	  -1.046122E+00	  -5.547620E-01	  -4.428858E-01	   5.173174E-01	  -3.717268E+02	   2.345630E+02	  -5.426742E+03	   3.424323E+03
    3.2500	  -2.788309E+06	   8.746590E+06	   5.300106E+07	  -1.058206E+00	  -5.424012E-01	  -4.330177E-01	   5.232930E-01	  -3.932676E+02	   2.481554E+02	  -5.383731E+03	   3.397183E+03
    3.2750	  -2.771842E+06	   8.744876E+06	   5.262948E+07	  -1.067684E+00	  -5.287049E-01	  -4.220834E-01	   5.279799E-01	  -4.134268E+02	   2.608760E+02	  -5.327462E+03	   3.361677E+03
    3.3000	  -2.755563E+06	   8.743158E+06	   5.225996E+07	  -1.077162E+00	  -5.150084E-01	  -4.111492E-01	   5.326670E-01	  -4.340898E+02	   2.739146E+02	  -5.271196E+03	   3.326173E+03
    3.3250	  -2.739476E+06	   8.741437E+06	   5.189264E+07	  -1.086640E+00	  -5.013121E-01	  -4.002148E-01	   5.373541E-01	  -4.552569E+02	   2.872712E+02	  -5.214928E+03	   3.290667E+03
    3.3500	  -2.723592E+06	   8.739713E+06	   5.152788E+07	  -1.096118E+00	  -4.876158E-01	  -3.892806E-01	   5.420411E-01	  -4.769277E+02	   3.009457E+02	  -5.158661E+03	   3.255162E+03
    3.3750	  -2.707929E+06	   8.737986E+06	   5.116643E+07	  -1.105597E+00	  -4.739193E-01	  -3.783463E-01	   5.467281E-01	  -4.991024E+02	   3.149381E+02	  -5.102393E+03	   3.219656E+03
    3.4000	  -2.692492E+06	   8.736257E+06	   5.080844E+07	  -1.115075E+00	  -4.602230E-01	  -3.674120E-01	   5.514151E-01	  -5.217809E+02	   3.292485E+02	  -5.046125E+03	   3.184151E+03
    3.4250	  -2.677281E+06	   8.734529E+06	   5.045396E+07	  -1.124553E+00	  -4.465266E-01	  -3.564777E-01	   5.561022E-01	  -5.449631E+02	   3.438767E+02	  -4.989857E+03	   3.148646E+03
    3.4500	  -2.662300E+06	   8.732801E+06	   5.010307E+07	  -1.134031E+00	  -4.328302E-01	  -3.455434E-01	   5.607892E-01	  -5.686496E+02	   3.588231E+02	  -4.933590E+03	   3.113140E+03
    3.4750	  -2.647551E+06	   8.731074E+06	   4.975580E+07	  -1.143509E+00	  -4.191338E-01	  -3.346091E-01	   5.654762E-01	  -5.928394E+02	   3.740871E+02	  -4.877323E+03	   3.077635E+03
    3.5000	  -2.633033E+06	   8.729351E+06	   4.941218E+07	  -1.152987E+00	  -4.054375E-01	  -3.236748E-01	   5.701632E-01	  -6.175334E+02	   3.896693E+02	  -4.821055E+03	   3.042129E+03
    3.5250	  -2.611667E+06	   8.728103E+06	   4.894174E+07	  -1.159626E+00	  -3.907428E-01	  -3.119435E-01	   5.734464E-01	  -6.396324E+02	   4.036139E+02	  -4.752917E+03	   2.999133E+03
    3.5500	  -2.590493E+06	   8.726860E+06	   4.847444E+07	  -1.166265E+00	  -3.760481E-01	  -3.002122E-01	   5.767295E-01	  -6.621199E+02	   4.178037E+02	  -4.684778E+03	   2.956137E+03
    3.5750	  -2.569514E+06	   8.725624E+06	   4.801030E+07	  -1.172905E+00	  -3.613534E-01	  -2.884809E-01	   5.800126E-01	  -6.849959E+02	   4.322386E+02	  -4.616639E+03	   2.913141E+03
    3.6000	  -2.548728E+06	   8.724394E+06	   4.754934E+07	  -1.179544E+00	  -3.466587E-01	  -2.767497E-01	   5.832957E-01	  -7.082604E+02	   4.469188E+02	  -4.548500E+03	   2.870145E+03
    3.6250	  -2.528137E+06	   8.723170E+06	   4.709154E+07	  -1.186183E+00	  -3.319640E-01	  -2.650184E-01	   5.865788E-01	  -7.319134E+02	   4.618440E+02	  -4.480362E+03	   2.827149E+03
    3.6500	  -2.507741E+06	   8.721954E+06	   4.663694E+07	  -1.192822E+00	  -3.172693E-01	  -2.532871E-01	   5.898619E-01	  -7.559547E+02	   4.770143E+02	  -4.412223E+03	   2.784153E+03
    3.6750	  -2.487540E+06	   8.720746E+06	   4.618553E+07	  -1.199461E+00	  -3.025746E-01	  -2.415558E-01	   5.931450E-01	  -7.803846E+02	   4.924298E+02	  -4.344084E+03	   2.741157E+03
    3.7000	  -2.467535E+06	   8.719545E+06	   4.573732E+07	  -1.206100E+00	  -2.878799E-01	  -2.298245E-01	   5.964282E-01	  -8.052033E+02	   5.080906E+02	  -4.275946E+03	   2.698161E+03
    3.7250	  -2.447726E+06	   8.718353E+06	   4.529230E+07	  -1.212739E+00	  -2.731853E-01	  -2.180932E-01	   5.997112E-01	  -8.304101E+02	   5.239963E+02	  -4.207808E+03	   2.655165E+03
    3.7500	  -2.428113E+06	   8.717169E+06	   4.485050E+07	  -1.219378E+00	  -2.584906E-01	  -2.063619E-01	   6.029943E-01	  -8.560057E+02	   5.401474E+02	  -4.139668E+03	   2.612168E+03
    3.7750	  -2.401906E+06	   8.716500E+06	   4.428972E+07	  -1.223015E+00	  -2.431594E-01	  -1.941225E-01	   6.047927E-01	  -8.777156E+02	   5.538466E+02	  -4.061337E+03	   2.562740E+03
    3.8000	  -2.375851E+06	   8.715839E+06	   4.373157E+07	  -1.226652E+00	  -2.278282E-01	  -1.818831E-01	   6.065910E-01	  -8.996976E+02	   5.677173E+02	  -3.983005E+03	   2.513312E+03
    3.8250	  -2.349950E+06	   8.715187E+06	   4.317604E+07	  -1.230288E+00	  -2.124970E-01	  -1.696437E-01	   6.083894E-01	  -9.219512E+02	   5.817596E+02	  -3.904673E+03	   2.463884E+03
    3.8500	  -2.324203E+06	   8.714545E+06	   4.262312E+07	  -1.233925E+00	  -1.971658E-01	  -1.574043E-01	   6.101877E-01	  -9.444771E+02	   5.959736E+02	  -3.826342E+03	   2.414456E+03
    3.8750	  -2.298609E+06	   8.713913E+06	   4.207284E+07	  -1.237561E+00	  -1.818346E-01	  -1.451648E-01	   6.119860E-01	  -9.672749E+02	   6.103593E+02	  -3.748010E+03	   2.365028E+03
    3.9000	  -2.273170E+06	   8.713291E+06	   4.152518E+07	  -1.241198E+00	  -1.665034E-01	  -1.329254E-01	   6.137844E-01	  -9.903441E+02	   6.249161E+02	  -3.669677E+03	   2.315600E+03
    3.9250	  -2.247884E+06	   8.712679E+06	   4.098015E+07	  -1.244835E+00	  -1.511722E-01	  -1.206860E-01	   6.155827E-01	  -1.013685E+03	   6.396448E+02	  -3.591345E+03	   2.266172E+03
    3.9500	  -2.222754E+06	   8.712078E+06	   4.043776E+07	  -1.248471E+00	  -1.358410E-01	  -1.084466E-01	   6.173810E-01	  -1.037299E+03	   6.545450E+02	  -3.513014E+03	   2.216744E+03
    3.9750	  -2.197778E+06	   8.711488E+06	   3.989800E+07	  -1.252108E+00	  -1.205098E-01	  -9.620714E-02	   6.191794E-01	  -1.061184E+03	   6.696167E+02	  -3.434682E+03	   2.167315E+03
    4.0000	  -2.172956E+06	   8.710908E+06	   3.936087E+07	  -1.255744E+00	  -1.051786E-01	  -8.396772E-02	   6.209777E-01	  -1.085341E+03	   6.848599E+02	  -3.356350E+03	   2.117887E+03
    4.0250	  -2.141910E+06	   8.710854E+06	   3.871470E+07	  -1.256289E+00	  -8.958842E-02	  -7.152154E-02	   6.212469E-01	  -1.104371E+03	   6.968682E+02	  -3.269753E+03	   2.063244E+03
    4.0500	  -2.110976E+06	   8.710809E+06	   3.807057E+07	  -1.256834E+00	  -7.399825E-02	  -5.907537E-02	   6.215163E-01	  -1.123568E+03	   7.089813E+02	  -3.183157E+03	   2.008601E+03
    4.0750	  -2.080156E+06	   8.710773E+06	   3.742848E+07	  -1.257378E+00	  -5.840808E-02	  -4.662919E-02	   6.217855E-01	  -1.142929E+03	   7.211985E+02	  -3.096561E+03	   1.953958E+03
    4.1000	  -2.049448E+06	   8.710747E+06	   3.678844E+07	  -1.257923E+00	  -4.281791E-02	  -3.418301E-02	   6.220548E-01	  -1.162456E+03	   7.335200E+02	  -3.009965E+03	   1.899315E+03
    4.1250	  -2.018853E+06	   8.710731E+06	   3.615043E+07	  -1.258467E+00	  -2.722773E-02	  -2.173684E-02	   6.223241E-01	  -1.182148E+03	   7.459461E+02	  -2.923368E+03	   1.844672E+03
    4.1500	  -1.988371E+06	   8.710725E+06	   3.551447E+07	  -1.259012E+00	  -1.163757E-02	  -9.290665E-03	   6.225934E-01	  -1.202005E+03	   7.584763E+02	  -2.836772E+03	   1.790029E+03
    4.1750	  -1.958003E+06	   8.710730E+06	   3.488055E+07	  -1.259556E+00	   3.952608E-03	   3.155513E-03	   6.228626E-01	  -1.222029E+03	   7.711111E+02	  -2.750176E+03	   1.735386E+03
    4.2000	  -1.927747E+06	   8.710744E+06	   3.424868E+07	  -1.260101E+00	   1.954278E-02	   1.560169E-02	   6.231319E-01	  -1.242217E+03	   7.838502E+02	  -2.663579E+03	   1.680743E+03
    4.2250	  -1.897605E+06	   8.710769E+06	   3.361886E+07	  -1.260645E+00	   3.513295E-02	   2.804787E-02	   6.234012E-01	  -1.262571E+03	   7.966937E+02	  -2.576983E+03	   1.626100E+03
    4.2500	  -1.867577E+06	   8.710804E+06	   3.299108E+07	  -1.261190E+00	   5.072312E-02	   4.049404E-02	   6.236705E-01	  -1.283090E+03	   8.096415E+02	  -2.490387E+03	   1.571457E+03
    4.2750	  -1.831836E+06	   8.711349E+06	   3.226647E+07	  -1.258629E+00	   6.618840E-02	   5.284050E-02	   6.224041E-01	  -1.297412E+03	   8.186791E+02	  -2.397658E+03	   1.512944E+03
    4.3000	  -1.796173E+06	   8.711901E+06	   3.154337E+07	  -1.256068E+00	   8.165366E-02	   6.518697E-02	   6.211377E-01	  -1.311815E+03	   8.277672E+02	  -2.304930E+03	   1.454432E+03
    4.3250	  -1.760586E+06	   8.712460E+06	   3.082178E+07	  -1.253507E+00	   9.711893E-02	   7.753344E-02	   6.198713E-01	  -1.326297E+03	   8.369055E+02	  -2.212201E+03	   1.395919E+03
    4.3500	  -1.725076E+06	   8.713027E+06	   3.010169E+07	  -1.250946E+00	   1.125842E-01	   8.987991E-02	   6.186049E-01	  -1.340858E+03	   8.460938E+02	  -2.119473E+03	   1.337407E+03
    4.3750	  -1.689642E+06	   8.713601E+06	   2.938310E+07	  -1.248385E+00	   1.280495E-01	   1.022264E-01	   6.173385E-01	  -1.355499E+03	   8.553322E+02	  -2.026745E+03	   1.278894E+03
    4.4000	  -1.654286E+06	   8.714183E+06	   2.866602E+07	  -1.245824E+00	   1.435148E-01	   1.145728E-01	   6.160721E-01	  -1.370219E+03	   8.646208E+02	  -1.934016E+03	   1.220382E+03
    4.4250	  -1.619006E+06	   8.714773E+06	   2.795044E+07	  -1.243263E+00	   1.589800E-01	   1.269193E-01	   6.148057E-01	  -1.385019E+03	   8.739597E+02	  -1.841288E+03	   1.161869E+03
    4.4500	  -1.583804E+06	   8.715371E+06	   2.723637E+07	  -1.240702E+00	   1.744453E-01	   1.392658E-01	   6.135393E-01	  -1.399898E+03	   8.833486E+02	  -1.748559E+03	   1.103357E+03
    4.4750	  -1.548678E+06	   8.715976E+06	   2.652381E+07	  -1.238141E+00	   1.899106E-01	   1.516122E-01	   6.122729E-01	  -1.414857E+03	   8.927877E+02	  -1.655831E+03	   1.044844E+03
    4.5000	  -1.513630E+06	   8.716590E+06	   2.581275E+07	  -1.235581E+00	   2.053758E-01	   1.639587E-01	   6.110065E-01	  -1.429896E+03	   9.022772E+02	  -1.563102E+03	   9.863317E+02
    4.5250	  -1.473545E+06	   8.717675E+06	   2.501957E+07	  -1.229977E+00	   2.203354E-01	   1.759014E-01	   6.082355E-01	  -1.437943E+03	   9.073551E+02	  -1.466525E+03	   9.253904E+02
    4.5500	  -1.433510E+06	   8.718763E+06	   2.422748E+07	  -1.224374E+00	   2.352950E-01	   1.878442E-01	   6.054647E-01	  -1.446013E+03	   9.124475E+02	  -1.369948E+03	   8.644495E+02
    4.5750	  -1.393524E+06	   8.719855E+06	   2.343645E+07	  -1.218771E+00	   2.502545E-01	   1.997869E-01	   6.026937E-01	  -1.454106E+03	   9.175542E+02	  -1.273370E+03	   8.035081E+02
    4.6000	  -1.353587E+06	   8.720950E+06	   2.264649E+07	  -1.213167E+00	   2.652141E-01	   2.117297E-01	   5.999229E-01	  -1.462222E+03	   9.226750E+02	  -1.176793E+03	   7.425671E+02
    4.6250	  -1.313699E+06	   8.722049E+06	   2.185761E+07	  -1.207564E+00	   2.801737E-01	   2.236724E-01	   5.971520E-01	  -1.470360E+03	   9.278104E+02	  -1.080216E+03	   6.816260E+02
    4.6500	  -1.273861E+06	   8.723152E+06	   2.106980E+07	  -1.201961E+00	   2.951333E-01	   2.356152E-01	   5.943811E-01	  -1.478520E+03	   9.329597E+02	  -9.836384E+02	   6.206848E+02
    4.6750	  -1.234072E+06	   8.724259E+06	   2.028306E+07	  -1.196357E+00	   3.100928E-01	   2.475579E-01	   5.916102E-01	  -1.486703E+03	   9.381233E+02	  -8.870612E+02	   5.597437E+02
    4.7000	  -1.194333E+06	   8.725369E+06	   1.949739E+07	  -1.190754E+00	   3.250524E-01	   2.595006E-01	   5.888393E-01	  -1.494909E+03	   9.433012E+02	  -7.904839E+02	   4.988025E+02
    4.7250	  -1.154643E+06	   8.726484E+06	   1.871280E+07	  -1.185151E+00	   3.400120E-01	   2.714434E-01	   5.860684E-01	  -1.503137E+03	   9.484933E+02	  -6.939066E+02	   4.378614E+02
    4.7500	  -1.115002E+06	   8.727604E+06	   1.792927E+07	  -1.179547E+00	   3.549716E-01	   2.833861E-01	   5.832975E-01	  -1.511388E+03	   9.536998E+02	  -5.973293E+02	   3.769202E+02
    4.7750	  -1.071173E+06	   8.729135E+06	   1.708088E+07	  -1.171039E+00	   3.690570E-01	   2.946311E-01	   5.790902E-01	  -1.512207E+03	   9.542165E+02	  -4.992808E+02	   3.150507E+02
    4.8000	  -1.027377E+06	   8.730664E+06	   1.623327E+07	  -1.162532E+00	   3.831426E-01	   3.058760E-01	   5.748832E-01	  -1.513027E+03	   9.547339E+02	  -4.012331E+02	   2.531817E+02
    4.8250	  -9.836144E+05	   8.732193E+06	   1.538645E+07	  -1.154024E+00	   3.972281E-01	   3.171209E-01	   5.706759E-01	  -1.513847E+03	   9.552509E+02	  -3.031848E+02	   1.913123E+02
    4.8500	  -9.398849E+05	   8.733720E+06	   1.454042E+07	  -1.145516E+00	   4.113136E-01	   3.283659E-01	   5.664688E-01	  -1.514666E+03	   9.557682E+02	  -2.051366E+02	   1.294431E+02
    4.8750	  -8.961886E+05	   8.735246E+06	   1.369518E+07	  -1.137008E+00	   4.253991E-01	   3.396108E-01	   5.622616E-01	  -1.515486E+03	   9.562857E+02	  -1.070886E+02	   6.757386E+01
    4.9000	  -8.525255E+05	   8.736771E+06	   1.285073E+07	  -1.128501E+00	   4.394847E-01	   3.508558E-01	   5.580544E-01	  -1.516307E+03	   9.568034E+02	  -9.040387E+00	   5.704566E+00
    4.9250	  -8.088956E+05	   8.738295E+06	   1.200706E+07	  -1.119993E+00	   4.535701E-01	   3.621008E-01	   5.538472E-01	  -1.517127E+03	   9.573208E+02	   8.900811E+01	  -5.616493E+01
    4.9500	  -7.652991E+05	   8.739818E+06	   1.116419E+07	  -1.111485E+00	   4.676557E-01	   3.733457E-01	   5.496401E-01	  -1.517948E+03	   9.578388E+02	   1.870561E+02	  -1.180341E+02
    4.9750	  -7.217358E+05	   8.741340E+06	   1.032210E+07	  -1.102977E+00	   4.817411E-01	   3.845907E-01	   5.454329E-01	  -1.518768E+03	   9.583567E+02	   2.851043E+02	  -1.799034E+02
    5.0000	  -6.782058E+05	   8.742862E+06	   9.480807E+06	  -1.094469E+00	   4.958267E-01	   3.958356E-01	   5.412257E-01	  -1.519590E+03	   9.588749E+02	   3.831523E+02	  -2.417726E+02
    5.0250	  -6.315042E+05	   8.744725E+06	   8.594265E+06	  -1.083267E+00	   5.086913E-01	   4.061059E-01	   5.356858E-01	  -1.512935E+03	   9.546755E+02	   4.802571E+02	  -3.030466E+02
    5.0500	  -5.848329E+05	   8.746587E+06	   7.708408E+06	  -1.072064E+00	   5.215560E-01	   4.163762E-01	   5.301459E-01	  -1.506295E+03	   9.504855E+02	   5.773622E+02	  -3.643208E+02
    5.0750	  -5.381918E+05	   8.748447E+06	   6.823236E+06	  -1.060861E+00	   5.344205E-01	   4.266464E-01	   5.246061E-01	  -1.499669E+03	   9.463047E+02	   6.744666E+02	  -4.255945E+02
    5.1000	  -4.915809E+05	   8.750305E+06	   5.938747E+06	  -1.049659E+00	   5.472852E-01	   4.369167E-01	   5.190663E-01	  -1.493058E+03	   9.421333E+02	   7.715711E+02	  -4.868684E+02
    5.1250	  -4.450002E+05	   8.752163E+06	   5.054941E+06	  -1.038456E+00	   5.601498E-01	   4.471870E-01	   5.135264E-01	  -1.486462E+03	   9.379709E+02	   8.686761E+02	  -5.481426E+02
    5.1500	  -3.984498E+05	   8.754019E+06	   4.171820E+06	  -1.027253E+00	   5.730144E-01	   4.574573E-01	   5.079865E-01	  -1.479880E+03	   9.338176E+02	   9.657808E+02	  -6.094164E+02
    5.1750	  -3.519296E+05	   8.755874E+06	   3.289381E+06	  -1.016050E+00	   5.858790E-01	   4.677276E-01	   5.024467E-01	  -1.473312E+03	   9.296736E+02	   1.062885E+03	  -6.706904E+02
    5.2000	  -3.054397E+05	   8.757728E+06	   2.407625E+06	  -1.004848E+00	   5.987437E-01	   4.779978E-01	   4.969069E-01	  -1.466760E+03	   9.255389E+02	   1.159990E+03	  -7.319643E+02
    5.2250	  -2.589799E+05	   8.759581E+06	   1.526552E+06	  -9.936450E-01	   6.116083E-01	   4.882681E-01	   4.913670E-01	  -1.460222E+03	   9.214131E+02	   1.257095E+03	  -7.932382E+02
    5.2500	  -2.125505E+05	   8.761433E+06	   6.461628E+05	  -9.824424E-01	   6.244730E-01	   4.985384E-01	   4.858272E-01	  -1.453699E+03	   9.172971E+02	   1.354199E+03	  -8.545121E+02
    5.2750	  -1.641183E+05	   8.763546E+06	  -2.577753E+05	  -9.688205E-01	   6.357998E-01	   5.075811E-01	   4.790910E-01	  -1.440055E+03	   9.086881E+02	   1.447970E+03	  -9.136822E+02
    5.3000	  -1.157268E+05	   8.765653E+06	  -1.160944E+06	  -9.551987E-01	   6.471268E-01	   5.166238E-01	   4.723549E-01	  -1.426477E+03	   9.001199E+02	   1.541740E+03	  -9.728519E+02
    5.3250	  -6.737570E+04	   8.767754E+06	  -2.063347E+06	  -9.415768E-01	   6.584538E-01	   5.256665E-01	   4.656188E-01	  -1.412963E+03	   8.915922E+02	   1.635510E+03	  -1.032022E+03
    5.3500	  -1.906513E+04	   8.769847E+06	  -2.964982E+06	  -9.279551E-01	   6.697807E-01	   5.347092E-01	   4.588827E-01	  -1.399513E+03	   8.831052E+02	   1.729280E+03	  -1.091192E+03
    5.3750	   2.920495E+04	   8.771935E+06	  -3.865852E+06	  -9.143332E-01	   6.811077E-01	   5.437519E-01	   4.521466E-01	  -1.386127E+03	   8.746587E+02	   1.823050E+03	  -1.150361E+03
    5.4000	   7.743455E+04	   8.774017E+06	  -4.765955E+06	  -9.007114E-01	   6.924347E-01	   5.527946E-01	   4.454105E-01	  -1.372806E+03	   8.662528E+02	   1.916821E+03	  -1.209531E+03
    5.4250	   1.256237E+05	   8.776092E+06	  -5.665292E+06	  -8.870895E-01	   7.037616E-01	   5.618373E-01	   4.386743E-01	  -1.359548E+03	   8.578873E+02	   2.010591E+03	  -1.268701E+03
    5.4500	   1.737724E+05	   8.778162E+06	  -6.563864E+06	  -8.734678E-01	   7.150885E-01	   5.708801E-01	   4.319382E-01	  -1.346356E+03	   8.495627E+02	   2.104361E+03	  -1.327871E+03
    5.4750	   2.218807E+05	   8.780226E+06	  -7.461672E+06	  -8.598459E-01	   7.264155E-01	   5.799227E-01	   4.252021E-01	  -1.333227E+03	   8.412785E+02	   2.198131E+03	  -1.387041E+03
    5.5000	   2.699485E+05	   8.782285E+06	  -8.358714E+06	  -8.462241E-01	   7.377424E-01	   5.889655E-01	   4.184660E-01	  -1.320163E+03	   8.330350E+02	   2.291902E+03	  -1.446211E+03
    5.5250	   3.187302E+05	   8.784518E+06	  -9.256068E+06	  -8.305185E-01	   7.472528E-01	   5.965579E-01	   4.106995E-01	  -1.300702E+03	   8.207549E+02	   2.380028E+03	  -1.501819E+03
    5.5500	   3.674485E+05	   8.786740E+06	  -1.015239E+07	  -8.148131E-01	   7.567632E-01	   6.041505E-01	   4.029329E-01	  -1.281386E+03	   8.085661E+02	   2.468156E+03	  -1.557429E+03
    5.5750	   4.161037E+05	   8.788951E+06	  -1.104768E+07	  -7.991076E-01	   7.662736E-01	   6.117429E-01	   3.951665E-01	  -1.262214E+03	   7.964683E+02	   2.556281E+03	  -1.613037E+03
    5.6000	   4.646956E+05	   8.791152E+06	  -1.194195E+07	  -7.834021E-01	   7.757841E-01	   6.193354E-01	   3.873999E-01	  -1.243187E+03	   7.844620E+02	   2.644408E+03	  -1.668646E+03
    5.6250	   5.132243E+05	   8.793341E+06	  -1.283519E+07	  -7.676966E-01	   7.852944E-01	   6.269279E-01	   3.796334E-01	  -1.224303E+03	   7.725466E+02	   2.732535E+03	  -1.724255E+03
    5.6500	   5.616899E+05	   8.795521E+06	  -1.372740E+07	  -7.519912E-01	   7.948049E-01	   6.345204E-01	   3.718669E-01	  -1.205565E+03	   7.607225E+02	   2.820662E+03	  -1.779864E+03
    5.6750	   6.100924E+05	   8.797690E+06	  -1.461858E+07	  -7.362857E-01	   8.043152E-01	   6.421128E-01	   3.641003E-01	  -1.186971E+03	   7.489896E+02	   2.908789E+03	  -1.835472E+03
    5.7000	   6.584319E+05	   8.799849E+06	  -1.550873E+07	  -7.205801E-01	   8.138256E-01	   6.497053E-01	   3.563339E-01	  -1.168521E+03	   7.373477E+02	   2.996916E+03	  -1.891081E+03
    5.7250	   7.067084E+05	   8.801999E+06	  -1.639786E+07	  -7.048746E-01	   8.233360E-01	   6.572977E-01	   3.485673E-01	  -1.150217E+03	   7.257972E+02	   3.085042E+03	  -1.946690E+03
    5.7500	   7.549219E+05	   8.804138E+06	  -1.728597E+07	  -6.891692E-01	   8.328465E-01	   6.648902E-01	   3.408008E-01	  -1.132056E+03	   7.143379E+02	   3.173169E+03	  -2.002299E+03
    5.7750	   8.024857E+05	   8.806368E+06	  -1.815033E+07	  -6.717666E-01	   8.403061E-01	   6.708455E-01	   3.321951E-01	  -1.108517E+03	   6.994841E+02	   3.253482E+03	  -2.052977E+03
    5.8000	   8.499538E+05	   8.808584E+06	  -1.901326E+07	  -6.543642E-01	   8.477657E-01	   6.768009E-01	   3.235894E-01	  -1.085224E+03	   6.847866E+02	   3.333797E+03	  -2.103656E+03
    5.8250	   8.973264E+05	   8.810787E+06	  -1.987475E+07	  -6.369618E-01	   8.552254E-01	   6.827561E-01	   3.149837E-01	  -1.062180E+03	   6.702451E+02	   3.414109E+03	  -2.154334E+03
    5.8500	   9.446050E+05	   8.812976E+06	  -2.073488E+07	  -6.195592E-01	   8.626851E-01	   6.887115E-01	   3.063780E-01	  -1.039382E+03	   6.558596E+02	   3.494423E+03	  -2.205013E+03
    5.8750	   9.917984E+05	   8.815152E+06	  -2.159398E+07	  -6.021568E-01	   8.701447E-01	   6.946667E-01	   2.977723E-01	  -1.016832E+03	   6.416301E+02	   3.574737E+03	  -2.255691E+03
    5.9000	   1.038908E+06	   8.817316E+06	  -2.245213E+07	  -5.847542E-01	   8.776044E-01	   7.006220E-01	   2.891666E-01	  -9.945288E+02	   6.275567E+02	   3.655050E+03	  -2.306370E+03
    5.9250	   1.085934E+06	   8.819468E+06	  -2.330931E+07	  -5.673517E-01	   8.850641E-01	   7.065773E-01	   2.805609E-01	  -9.724730E+02	   6.136393E+02	   3.735363E+03	  -2.357048E+03
    5.9500	   1.132877E+06	   8.821608E+06	  -2.416553E+07	  -5.499493E-01	   8.925236E-01	   7.125326E-01	   2.719552E-01	  -9.506647E+02	   5.998781E+02	   3.815677E+03	  -2.407727E+03
    5.9750	   1.179737E+06	   8.823736E+06	  -2.502080E+07	  -5.325468E-01	   8.999833E-01	   7.184879E-01	   2.633495E-01	  -9.291037E+02	   5.862729E+02	   3.895990E+03	  -2.458405E+03
    6.0000	   1.226514E+06	   8.825853E+06	  -2.587512E+07	  -5.151443E-01	   9.074430E-01	   7.244433E-01	   2.547438E-01	  -9.077902E+02	   5.728239E+02	   3.976304E+03	  -2.509084E+03
    6.0250	   1.271269E+06	   8.827984E+06	  -2.668208E+07	  -4.964733E-01	   9.126682E-01	   7.286147E-01	   2.455109E-01	  -8.823107E+02	   5.567460E+02	   4.046826E+03	  -2.553584E+03
    6.0500	   1.315900E+06	   8.830102E+06	  -2.748756E+07	  -4.778025E-01	   9.178935E-01	   7.327862E-01	   2.362779E-01	  -8.571943E+02	   5.408974E+02	   4.117349E+03	  -2.598084E+03
    6.0750	   1.360409E+06	   8.832205E+06	  -2.829153E+07	  -4.591315E-01	   9.231187E-01	   7.369577E-01	   2.270450E-01	  -8.324403E+02	   5.252774E+02	   4.187871E+03	  -2.642585E+03
    6.1000	   1.404794E+06	   8.834295E+06	  -2.909402E+07	  -4.404606E-01	   9.283439E-01	   7.411292E-01	   2.178120E-01	  -8.080491E+02	   5.098863E+02	   4.258394E+03	  -2.687085E+03
    6.1250	   1.449058E+06	   8.836371E+06	  -2.989504E+07	  -4.217897E-01	   9.335692E-01	   7.453007E-01	   2.085791E-01	  -7.840206E+02	   4.947242E+02	   4.328916E+03	  -2.731585E+03
    6.1500	   1.493199E+06	   8.838434E+06	  -3.069460E+07	  -4.031188E-01	   9.387944E-01	   7.494721E-01	   1.993461E-01	  -7.603547E+02	   4.797907E+02	   4.399438E+03	  -2.776086E+03
    6.1750	   1.537218E+06	   8.840485E+06	  -3.149271E+07	  -3.844479E-01	   9.440196E-01	   7.536436E-01	   1.901132E-01	  -7.370515E+02	   4.650862E+02	   4.469960E+03	  -2.820586E+03
    6.2000	   1.581116E+06	   8.842522E+06	  -3.228938E+07	  -3.657770E-01	   9.492449E-01	   7.578151E-01	   1.808802E-01	  -7.141110E+02	   4.506105E+02	   4.540483E+03	  -2.865086E+03
    6.2250	   1.624894E+06	   8.844548E+06	  -3.308464E+07	  -3.471060E-01	   9.544700E-01	   7.619865E-01	   1.716473E-01	  -6.915331E+02	   4.363637E+02	   4.611005E+03	  -2.909586E+03
    6.2500	   1.668552E+06	   8.846561E+06	  -3.387850E+07	  -3.284351E-01	   9.596953E-01	   7.661581E-01	   1.624143E-01	  -6.693180E+02	   4.223457E+02	   4.681528E+03	  -2.954087E+03
    6.2750	   1.708845E+06	   8.848525E+06	  -3.460180E+07	  -3.089555E-01	   9.625574E-01	   7.684429E-01	   1.527814E-01	  -6.442275E+02	   4.065134E+02	   4.740522E+03	  -2.991313E+03
    6.3000	   1.748975E+06	   8.850475E+06	  -3.532309E+07	  -2.894759E-01	   9.654197E-01	   7.707280E-01	   1.431486E-01	  -6.196166E+02	   3.909837E+02	   4.799519E+03	  -3.028540E+03
    6.3250	   1.788943E+06	   8.852413E+06	  -3.604240E+07	  -2.699962E-01	   9.682816E-01	   7.730128E-01	   1.335157E-01	  -5.954847E+02	   3.757563E+02	   4.858513E+03	  -3.065766E+03
    6.3500	   1.828749E+06	   8.854338E+06	  -3.675972E+07	  -2.505166E-01	   9.711439E-01	   7.752978E-01	   1.238829E-01	  -5.718324E+02	   3.608315E+02	   4.917507E+03	  -3.102992E+03
    6.3750	   1.868394E+06	   8.856252E+06	  -3.747509E+07	  -2.310369E-01	   9.740061E-01	   7.775828E-01	   1.142500E-01	  -5.486592E+02	   3.462090E+02	   4.976503E+03	  -3.140219E+03
    6.4000	   1.907878E+06	   8.858155E+06	  -3.818851E+07	  -2.115573E-01	   9.768682E-01	   7.798678E-01	   1.046171E-01	  -5.259653E+02	   3.318889E+02	   5.035498E+03	  -3.177445E+03
    6.4250	   1.947203E+06	   8.860047E+06	  -3.890001E+07	  -1.920776E-01	   9.797302E-01	   7.821527E-01	   9.498426E-02	  -5.037507E+02	   3.178713E+02	   5.094493E+03	  -3.214671E+03
    6.4500	   1.986370E+06	   8.861929E+06	  -3.960961E+07	  -1.725980E-01	   9.825923E-01	   7.844376E-01	   8.535139E-02	  -4.820155E+02	   3.041561E+02	   5.153488E+03	  -3.251897E+03
    6.4750	   2.025378E+06	   8.863801E+06	  -4.031732E+07	  -1.531183E-01	   9.854545E-01	   7.867225E-01	   7.571852E-02	  -4.607595E+02	   2.907434E+02	   5.212482E+03	  -3.289124E+03
    6.5000	   2.064230E+06	   8.865664E+06	  -4.102318E+07	  -1.336387E-01	   9.883167E-01	   7.890075E-01	   6.608565E-02	  -4.399829E+02	   2.776332E+02	   5.271478E+03	  -3.326351E+03
    6.5250	   2.098484E+06	   8.867428E+06	  -4.163710E+07	  -1.138300E-01	   9.887452E-01	   7.893497E-01	   5.629006E-02	  -4.175720E+02	   2.634917E+02	   5.317493E+03	  -3.355386E+03
    6.5500	   2.132538E+06	   8.869184E+06	  -4.224854E+07	  -9.402131E-02	   9.891738E-01	   7.896918E-01	   4.649446E-02	  -3.957469E+02	   2.497199E+02	   5.363507E+03	  -3.384422E+03
    6.5750	   2.166396E+06	   8.870932E+06	  -4.285750E+07	  -7.421260E-02	   9.896023E-01	   7.900339E-01	   3.669886E-02	  -3.745075E+02	   2.363177E+02	   5.409522E+03	  -3.413458E+03
    6.6000	   2.200057E+06	   8.872674E+06	  -4.346403E+07	  -5.440390E-02	   9.900310E-01	   7.903761E-01	   2.690328E-02	  -3.538540E+02	   2.232851E+02	   5.455537E+03	  -3.442494E+03
    6.6250	   2.233523E+06	   8.874410E+06	  -4.406814E+07	  -3.459520E-02	   9.904596E-01	   7.907182E-01	   1.710767E-02	  -3.337862E+02	   2.106221E+02	   5.501552E+03	  -3.471529E+03
    6.6500	   2.266796E+06	   8.876140E+06	  -4.466985E+07	  -1.478649E-02	   9.908882E-01	   7.910604E-01	   7.312081E-03	  -3.143043E+02	   1.983288E+02	   5.547566E+03	  -3.500565E+03
    6.6750	   2.299878E+06	   8.877867E+06	  -4.526920E+07	   5.022206E-03	   9.913167E-01	   7.914025E-01	  -2.483513E-03	  -2.954080E+02	   1.864051E+02	   5.593582E+03	  -3.529601E+03
    6.7000	   2.332770E+06	   8.879590E+06	  -4.586621E+07	   2.483092E-02	   9.917453E-01	   7.917447E-01	  -1.227911E-02	  -2.770975E+02	   1.748511E+02	   5.639597E+03	  -3.558637E+03
    6.7250	   2.365474E+06	   8.881311E+06	  -4.646092E+07	   4.463961E-02	   9.921738E-01	   7.920868E-01	  -2.207470E-02	  -2.593728E+02	   1.636666E+02	   5.685611E+03	  -3.587672E+03
    6.7500	   2.397992E+06	   8.883031E+06	  -4.705335E+07	   6.444832E-02	   9.926025E-01	   7.924290E-01	  -3.187030E-02	  -2.422339E+02	   1.528518E+02	   5.731626E+03	  -3.616708E+03
    6.7750	   2.424850E+06	   8.884619E+06	  -4.753528E+07	   8.409832E-02	   9.905868E-01	   7.908198E-01	  -4.158742E-02	  -2.245308E+02	   1.416810E+02	   5.763527E+03	  -3.636838E+03
    6.8000	   2.451487E+06	   8.886210E+06	  -4.801437E+07	   1.037483E-01	   9.885713E-01	   7.892108E-01	  -5.130453E-02	  -2.074994E+02	   1.309340E+02	   5.795429E+03	  -3.656969E+03
    6.8250	   2.477906E+06	   8.887803E+06	  -4.849062E+07	   1.233983E-01	   9.865558E-01	   7.876016E-01	  -6.102166E-02	  -1.911396E+02	   1.206108E+02	   5.827330E+03	  -3.677098E+03
    6.8500	   2.504108E+06	   8.889401E+06	  -4.896410E+07	   1.430483E-01	   9.845402E-01	   7.859926E-01	  -7.073877E-02	  -1.754515E+02	   1.107115E+02	   5.859232E+03	  -3.697229E+03
    6.8750	   2.530097E+06	   8.891005E+06	  -4.943483E+07	   1.626983E-01	   9.825248E-01	   7.843835E-01	  -8.045588E-02	  -1.604351E+02	   1.012360E+02	   5.891134E+03	  -3.717359E+03
    6.9000	   2.555876E+06	   8.892617E+06	  -4.990286E+07	   1.823483E-01	   9.805091E-01	   7.827745E-01	  -9.017301E-02	  -1.460903E+02	   9.218432E+01	   5.923036E+03	  -3.737490E+03
    6.9250	   2.581450E+06	   8.894238E+06	  -5.036823E+07	   2.019983E-01	   9.784935E-01	   7.811654E-01	  -9.989012E-02	  -1.324172E+02	   8.355646E+01	   5.954937E+03	  -3.757619E+03
    6.9500	   2.606820E+06	   8.895869E+06	  -5.083099E+07	   2.216484E-01	   9.764780E-01	   7.795563E-01	  -1.096072E-01	  -1.194158E+02	   7.535247E+01	   5.986839E+03	  -3.777750E+03
    6.9750	   2.631991E+06	   8.897513E+06	  -5.129118E+07	   2.412983E-01	   9.744624E-01	   7.779472E-01	  -1.193244E-01	  -1.070861E+02	   6.757230E+01	   6.018740E+03	  -3.797880E+03
    7.0000	   2.656968E+06	   8.899170E+06	  -5.174887E+07	   2.609484E-01	   9.724469E-01	   7.763381E-01	  -1.290415E-01	  -9.542805E+01	   6.021597E+01	   6.050642E+03	  -3.818010E+03
    7.0250	   2.675458E+06	   8.900678E+06	  -5.208122E+07	   2.799558E-01	   9.680369E-01	   7.728174E-01	  -1.384408E-01	  -8.400018E+01	   5.300488E+01	   6.067645E+03	  -3.828739E+03
    7.0500	   2.693730E+06	   8.902203E+06	  -5.241060E+07	   2.989633E-01	   9.636269E-01	   7.692968E-01	  -1.478402E-01	  -7.330087E+01	   4.625351E+01	   6.084648E+03	  -3.839468E+03
    7.0750	   2.711788E+06	   8.903749E+06	  -5.273704E+07	   3.179708E-01	   9.592168E-01	   7.657760E-01	  -1.572396E-01	  -6.333017E+01	   3.996191E+01	   6.101650E+03	  -3.850197E+03
    7.1000	   2.729637E+06	   8.905318E+06	  -5.306064E+07	   3.369783E-01	   9.548068E-01	   7.622554E-01	  -1.666390E-01	  -5.408804E+01	   3.413004E+01	   6.118654E+03	  -3.860926E+03
    7.1250	   2.747282E+06	   8.906910E+06	  -5.338142E+07	   3.559857E-01	   9.503968E-01	   7.587347E-01	  -1.760384E-01	  -4.557453E+01	   2.875794E+01	   6.135657E+03	  -3.871655E+03
    7.1500	   2.764729E+06	   8.908528E+06	  -5.369948E+07	   3.749932E-01	   9.459867E-01	   7.552141E-01	  -1.854377E-01	  -3.778957E+01	   2.384556E+01	   6.152660E+03	  -3.882385E+03
    7.1750	   2.781984E+06	   8.910174E+06	  -5.401488E+07	   3.940006E-01	   9.415767E-01	   7.516934E-01	  -1.948371E-01	  -3.073322E+01	   1.939294E+01	   6.169663E+03	  -3.893113E+03
    7.2000	   2.799053E+06	   8.911848E+06	  -5.432769E+07	   4.130081E-01	   9.371667E-01	   7.481728E-01	  -2.042365E-01	  -2.440545E+01	   1.540006E+01	   6.186666E+03	  -3.903843E+03
    7.2250	   2.815942E+06	   8.913554E+06	  -5.463798E+07	   4.320155E-01	   9.327567E-01	   7.446520E-01	  -2.136359E-01	  -1.880628E+01	   1.186693E+01	   6.203669E+03	  -3.914572E+03
    7.2500	   2.832658E+06	   8.915292E+06	  -5.494585E+07	   4.510230E-01	   9.283466E-01	   7.411314E-01	  -2.230352E-01	  -1.393568E+01	   8.793540E+00	   6.220672E+03	  -3.925301E+03
    7.2750	   2.842334E+06	   8.916864E+06	  -5.511799E+07	   4.689199E-01	   9.216507E-01	   7.357857E-01	  -2.318854E-01	  -9.736232E+00	   6.143651E+00	   6.222357E+03	  -3.926364E+03
    7.3000	   2.851823E+06	   8.918472E+06	  -5.528738E+07	   4.868168E-01	   9.149548E-01	   7.304401E-01	  -2.407356E-01	  -6.287729E+00	   3.967614E+00	   6.224042E+03	  -3.927427E+03
    7.3250	   2.861133E+06	   8.920119E+06	  -5.545410E+07	   5.047137E-01	   9.082589E-01	   7.250946E-01	  -2.495858E-01	  -3.590169E+00	   2.265429E+00	   6.225729E+03	  -3.928491E+03
    7.3500	   2.870270E+06	   8.921804E+06	  -5.561825E+07	   5.226106E-01	   9.015630E-01	   7.197490E-01	  -2.584360E-01	  -1.643564E+00	   1.037104E+00	   6.227415E+03	  -3.929555E+03
    7.3750	   2.879240E+06	   8.923530E+06	  -5.577990E+07	   5.405075E-01	   8.948669E-01	   7.144034E-01	  -2.672862E-01	  -4.479013E-01	   2.826298E-01	   6.229100E+03	  -3.930619E+03
    7.4000	   2.888050E+06	   8.925297E+06	  -5.593915E+07	   5.584044E-01	   8.881711E-01	   7.090578E-01	  -2.761363E-01	  -3.191607E-03	   2.013933E-03	   6.230785E+03	  -3.931682E+03
    7.4250	   2.896707E+06	   8.927106E+06	  -5.609610E+07	   5.763013E-01	   8.814752E-01	   7.037122E-01	  -2.849865E-01	   3.094296E-01	  -1.952529E-01	   6.232471E+03	  -3.932746E+03
    7.4500	   2.905218E+06	   8.928958E+06	  -5.625084E+07	   5.941982E-01	   8.747792E-01	   6.983666E-01	  -2.938367E-01	   1.366618E+00	  -8.623484E-01	   6.234157E+03	  -3.933810E+03
    7.4750	   2.913588E+06	   8.930855E+06	  -5.640347E+07	   6.120951E-01	   8.680833E-01	   6.930211E-01	  -3.026869E-01	   3.174753E+00	  -2.003298E+00	   6.235842E+03	  -3.934873E+03
    7.5000	   2.921826E+06	   8.932796E+06	  -5.655410E+07	   6.299920E-01	   8.613874E-01	   6.876755E-01	  -3.115371E-01	   5.733837E+00	  -3.618103E+00	   6.237528E+03	  -3.935937E+03
    7.5250	   2.922850E+06	   8.934542E+06	  -5.656454E+07	   6.463376E-01	   8.525705E-01	   6.806366E-01	  -3.196201E-01	   9.008421E+00	  -5.684396E+00	   6.223854E+03	  -3.927309E+03
    7.5500	   2.923962E+06	   8.936333E+06	  -5.657503E+07	   6.626833E-01	   8.437535E-01	   6.735977E-01	  -3.277032E-01	   1.301961E+01	  -8.215490E+00	   6.210181E+03	  -3.918681E+03
    7.5750	   2.925167E+06	   8.938170E+06	  -5.658570E+07	   6.790289E-01	   8.349366E-01	   6.665589E-01	  -3.357863E-01	   1.776734E+01	  -1.121135E+01	   6.196508E+03	  -3.910053E+03
    7.6000	   2.926471E+06	   8.940053E+06	  -5.659663E+07	   6.953746E-01	   8.261197E-01	   6.595200E-01	  -3.438694E-01	   2.325164E+01	  -1.467200E+01	   6.182835E+03	  -3.901425E+03
    7.6250	   2.927880E+06	   8.941983E+06	  -5.660793E+07	   7.117203E-01	   8.173026E-01	   6.524811E-01	  -3.519525E-01	   2.947253E+01	  -1.859743E+01	   6.169162E+03	  -3.892797E+03
    7.6500	   2.929401E+06	   8.943959E+06	  -5.661972E+07	   7.280659E-01	   8.084857E-01	   6.454422E-01	  -3.600356E-01	   3.642995E+01	  -2.298763E+01	   6.155488E+03	  -3.884169E+03
    7.6750	   2.931039E+06	   8.945982E+06	  -5.663209E+07	   7.444115E-01	   7.996688E-01	   6.384033E-01	  -3.681187E-01	   4.412392E+01	  -2.784259E+01	   6.141815E+03	  -3.875541E+03
    7.7000	   2.932800E+06	   8.948051E+06	  -5.664516E+07	   7.607572E-01	   7.908519E-01	   6.313645E-01	  -3.762017E-01	   5.255451E+01	  -3.316237E+01	   6.128142E+03	  -3.866913E+03
    7.7250	   2.934691E+06	   8.950167E+06	  -5.665905E+07	   7.771028E-01	   7.820349E-01	   6.243255E-01	  -3.842849E-01	   6.172165E+01	  -3.894692E+01	   6.114468E+03	  -3.858285E+03
    7.7500	   2.936716E+06	   8.952328E+06	  -5.667385E+07	   7.934485E-01	   7.732179E-01	   6.172867E-01	  -3.923679E-01	   7.162537E+01	  -4.519626E+01	   6.100795E+03	  -3.849657E+03
    7.7750	   2.931541E+06	   8.954240E+06	  -5.654808E+07	   8.078404E-01	   7.624970E-01	   6.087278E-01	  -3.994848E-01	   8.188805E+01	  -5.167210E+01	   6.072100E+03	  -3.831550E+03
    7.8000	   2.926489E+06	   8.956196E+06	  -5.642306E+07	   8.222323E-01	   7.517762E-01	   6.001690E-01	  -4.066018E-01	   9.283755E+01	  -5.858133E+01	   6.043404E+03	  -3.813443E+03
    7.8250	   2.921565E+06	   8.958195E+06	  -5.629890E+07	   8.366243E-01	   7.410553E-01	   5.916102E-01	  -4.137187E-01	   1.044740E+02	  -6.592405E+01	   6.014709E+03	  -3.795336E+03
    7.8500	   2.916775E+06	   8.960237E+06	  -5.617572E+07	   8.510162E-01	   7.303344E-01	   5.830513E-01	  -4.208357E-01	   1.167972E+02	  -7.370009E+01	   5.986014E+03	  -3.777229E+03
    7.8750	   2.912124E+06	   8.962319E+06	  -5.605361E+07	   8.654081E-01	   7.196135E-01	   5.744925E-01	  -4.279526E-01	   1.298073E+02	  -8.190957E+01	   5.957318E+03	  -3.759122E+03
    7.9000	   2.907618E+06	   8.964443E+06	  -5.593269E+07	   8.798000E-01	   7.088927E-01	   5.659336E-01	  -4.350696E-01	   1.435042E+02	  -9.055242E+01	   5.928623E+03	  -3.741015E+03
    7.9250	   2.903262E+06	   8.966606E+06	  -5.581308E+07	   8.941919E-01	   6.981718E-01	   5.573748E-01	  -4.421865E-01	   1.578879E+02	  -9.962872E+01	   5.899927E+03	  -3.722907E+03
    7.9500	   2.899062E+06	   8.968808E+06	  -5.569487E+07	   9.085839E-01	   6.874509E-01	   5.488160E-01	  -4.493034E-01	   1.729586E+02	  -1.091385E+02	   5.871232E+03	  -3.704801E+03
    7.9750	   2.895023E+06	   8.971047E+06	  -5.557819E+07	   9.229758E-01	   6.767300E-01	   5.402571E-01	  -4.564204E-01	   1.887161E+02	  -1.190816E+02	   5.842536E+03	  -3.686693E+03
    8.0000	   2.891151E+06	   8.973323E+06	  -5.546314E+07	   9.373677E-01	   6.660092E-01	   5.316982E-01	  -4.635373E-01	   2.051604E+02	  -1.294581E+02	   5.813840E+03	  -3.668586E+03
    8.0250	   2.880088E+06	   8.975277E+06	  -5.520918E+07	   9.494515E-01	   6.536484E-01	   5.218301E-01	  -4.695129E-01	   2.212411E+02	  -1.396052E+02	   5.770829E+03	  -3.641446E+03
    8.0500	   2.869175E+06	   8.977262E+06	  -5.495665E+07	   9.615352E-01	   6.412876E-01	   5.119621E-01	  -4.754885E-01	   2.379285E+02	  -1.501350E+02	   5.727818E+03	  -3.614305E+03
    8.0750	   2.858419E+06	   8.979276E+06	  -5.470566E+07	   9.736191E-01	   6.289268E-01	   5.020940E-01	  -4.814640E-01	   2.552226E+02	  -1.610478E+02	   5.684807E+03	  -3.587165E+03
    8.1000	   2.847832E+06	   8.981313E+06	  -5.445633E+07	   9.857029E-01	   6.165659E-01	   4.922260E-01	  -4.874396E-01	   2.731233E+02	  -1.723433E+02	   5.641796E+03	  -3.560025E+03
    8.1250	   2.837425E+06	   8.983371E+06	  -5.420876E+07	   9.977868E-01	   6.042052E-01	   4.823579E-01	  -4.934151E-01	   2.916307E+02	  -1.840216E+02	   5.598785E+03	  -3.532885E+03
    8.1500	   2.827204E+06	   8.985447E+06	  -5.396306E+07	   1.009871E+00	   5.918444E-01	   4.724899E-01	  -4.993907E-01	   3.107447E+02	  -1.960827E+02	   5.555774E+03	  -3.505744E+03
    8.1750	   2.817176E+06	   8.987538E+06	  -5.371934E+07	   1.021954E+00	   5.794835E-01	   4.626218E-01	  -5.053662E-01	   3.304655E+02	  -2.085267E+02	   5.512763E+03	  -3.478604E+03
    8.2000	   2.807347E+06	   8.989644E+06	  -5.347769E+07	   1.034038E+00	   5.671228E-01	   4.527538E-01	  -5.113418E-01	   3.507929E+02	  -2.213535E+02	   5.469752E+03	  -3.451463E+03
    8.2250	   2.797722E+06	   8.991761E+06	  -5.323822E+07	   1.046122E+00	   5.547619E-01	   4.428857E-01	  -5.173174E-01	   3.717269E+02	  -2.345630E+02	   5.426741E+03	  -3.424323E+03
    8.2500	   2.788309E+06	   8.993889E+06	  -5.300105E+07	   1.058206E+00	   5.424012E-01	   4.330176E-01	  -5.232930E-01	   3.932676E+02	  -2.481554E+02	   5.383730E+03	  -3.397183E+03
    8.2750	   2.771842E+06	   8.995603E+06	  -5.262947E+07	   1.067684E+00	   5.287048E-01	   4.220833E-01	  -5.279799E-01	   4.134268E+02	  -2.608761E+02	   5.327462E+03	  -3.361677E+03
    8.3000	   2.755562E+06	   8.997321E+06	  -5.225996E+07	   1.077162E+00	   5.150084E-01	   4.111491E-01	  -5.326670E-01	   4.340899E+02	  -2.739147E+02	   5.271195E+03	  -3.326172E+03
    8.3250	   2.739476E+06	   8.999042E+06	  -5.189263E+07	   1.086640E+00	   5.013120E-01	   4.002148E-01	  -5.373541E-01	   4.552569E+02	  -2.872712E+02	   5.214927E+03	  -3.290667E+03
    8.3500	   2.723592E+06	   9.000767E+06	  -5.152788E+07	   1.096118E+00	   4.876156E-01	   3.892804E-01	  -5.420411E-01	   4.769278E+02	  -3.009458E+02	   5.158660E+03	  -3.255161E+03
    8.3750	   2.707929E+06	   9.002494E+06	  -5.116643E+07	   1.105597E+00	   4.739193E-01	   3.783462E-01	  -5.467281E-01	   4.991024E+02	  -3.149381E+02	   5.102393E+03	  -3.219656E+03
    8.4000	   2.692491E+06	   9.004222E+06	  -5.080843E+07	   1.115075E+00	   4.602229E-01	   3.674119E-01	  -5.514152E-01	   5.217810E+02	  -3.292486E+02	   5.046125E+03	  -3.184151E+03
    8.4250	   2.677281E+06	   9.005951E+06	  -5.045396E+07	   1.124553E+00	   4.465265E-01	   3.564776E-01	  -5.561022E-01	   5.449631E+02	  -3.438767E+02	   4.989857E+03	  -3.148645E+03
    8.4500	   2.662300E+06	   9.007679E+06	  -5.010307E+07	   1.134031E+00	   4.328302E-01	   3.455433E-01	  -5.607892E-01	   5.686497E+02	  -3.588231E+02	   4.933589E+03	  -3.113140E+03
    8.4750	   2.647551E+06	   9.009405E+06	  -4.975580E+07	   1.143509E+00	   4.191338E-01	   3.346090E-01	  -5.654763E-01	   5.928395E+02	  -3.740871E+02	   4.877322E+03	  -3.077635E+03
    8.5000	   2.633033E+06	   9.011129E+06	  -4.941218E+07	   1.152987E+00	   4.054374E-01	   3.236747E-01	  -5.701633E-01	   6.175336E+02	  -3.896693E+02	   4.821055E+03	  -3.042129E+03
    8.5250	   2.611666E+06	   9.012376E+06	  -4.894173E+07	   1.159626E+00	   3.907427E-01	   3.119435E-01	  -5.734465E-01	   6.396326E+02	  -4.036140E+02	   4.752917E+03	  -2.999134E+03
    8.5500	   2.590493E+06	   9.013619E+06	  -4.847444E+07	   1.166266E+00	   3.760480E-01	   3.002122E-01	  -5.767295E-01	   6.621202E+02	  -4.178039E+02	   4.684777E+03	  -2.956137E+03
    8.5750	   2.569514E+06	   9.014855E+06	  -4.801030E+07	   1.172905E+00	   3.613533E-01	   2.884809E-01	  -5.800126E-01	   6.849960E+02	  -4.322387E+02	   4.616639E+03	  -2.913141E+03
    8.6000	   2.548728E+06	   9.016086E+06	  -4.754934E+07	   1.179544E+00	   3.466586E-01	   2.767496E-01	  -5.832958E-01	   7.082605E+02	  -4.469188E+02	   4.548500E+03	  -2.870145E+03
    8.6250	   2.528137E+06	   9.017309E+06	  -4.709154E+07	   1.186183E+00	   3.319639E-01	   2.650183E-01	  -5.865788E-01	   7.319135E+02	  -4.618441E+02	   4.480361E+03	  -2.827149E+03
    8.6500	   2.507741E+06	   9.018525E+06	  -4.663694E+07	   1.192822E+00	   3.172692E-01	   2.532870E-01	  -5.898619E-01	   7.559550E+02	  -4.770145E+02	   4.412223E+03	  -2.784153E+03
    8.6750	   2.487540E+06	   9.019734E+06	  -4.618553E+07	   1.199461E+00	   3.025745E-01	   2.415557E-01	  -5.931451E-01	   7.803848E+02	  -4.924299E+02	   4.344084E+03	  -2.741157E+03
    8.7000	   2.467535E+06	   9.020934E+06	  -4.573731E+07	   1.206100E+00	   2.878798E-01	   2.298245E-01	  -5.964282E-01	   8.052034E+02	  -5.080907E+02	   4.275946E+03	  -2.698161E+03
    8.7250	   2.447726E+06	   9.022126E+06	  -4.529230E+07	   1.212739E+00	   2.731851E-01	   2.180932E-01	  -5.997112E-01	   8.304102E+02	  -5.239964E+02	   4.207807E+03	  -2.655164E+03
    8.7500	   2.428113E+06	   9.023310E+06	  -4.485049E+07	   1.219378E+00	   2.584904E-01	   2.063619E-01	  -6.029944E-01	   8.560059E+02	  -5.401475E+02	   4.139668E+03	  -2.612168E+03
    8.7750	   2.401905E+06	   9.023980E+06	  -4.428972E+07	   1.223015E+00	   2.431592E-01	   1.941224E-01	  -6.047927E-01	   8.777159E+02	  -5.538467E+02	   4.061336E+03	  -2.562740E+03
    8.8000	   2.375851E+06	   9.024640E+06	  -4.373157E+07	   1.226652E+00	   2.278281E-01	   1.818831E-01	  -6.065910E-01	   8.996979E+02	  -5.677176E+02	   3.983005E+03	  -2.513312E+03
    8.8250	   2.349950E+06	   9.025292E+06	  -4.317604E+07	   1.230288E+00	   2.124969E-01	   1.696436E-01	  -6.083894E-01	   9.219515E+02	  -5.817598E+02	   3.904673E+03	  -2.463884E+03
    8.8500	   2.324202E+06	   9.025934E+06	  -4.262312E+07	   1.233925E+00	   1.971657E-01	   1.574042E-01	  -6.101877E-01	   9.444774E+02	  -5.959739E+02	   3.826341E+03	  -2.414456E+03
    8.8750	   2.298609E+06	   9.026566E+06	  -4.207284E+07	   1.237561E+00	   1.818345E-01	   1.451648E-01	  -6.119860E-01	   9.672750E+02	  -6.103593E+02	   3.748009E+03	  -2.365028E+03
    8.9000	   2.273170E+06	   9.027188E+06	  -4.152518E+07	   1.241198E+00	   1.665033E-01	   1.329254E-01	  -6.137844E-01	   9.903444E+02	  -6.249163E+02	   3.669677E+03	  -2.315600E+03
    8.9250	   2.247884E+06	   9.027800E+06	  -4.098015E+07	   1.244835E+00	   1.511721E-01	   1.206860E-01	  -6.155827E-01	   1.013686E+03	  -6.396450E+02	   3.591345E+03	  -2.266172E+03
    8.9500	   2.222754E+06	   9.028401E+06	  -4.043775E+07	   1.248471E+00	   1.358409E-01	   1.084465E-01	  -6.173810E-01	   1.037299E+03	  -6.545450E+02	   3.513013E+03	  -2.216743E+03
    8.9750	   2.197778E+06	   9.028992E+06	  -3.989799E+07	   1.252108E+00	   1.205098E-01	   9.620713E-02	  -6.191794E-01	   1.061184E+03	  -6.696168E+02	   3.434682E+03	  -2.167315E+03
    9.0000	   2.172956E+06	   9.029571E+06	  -3.936087E+07	   1.255744E+00	   1.051786E-01	   8.396771E-02	  -6.209777E-01	   1.085341E+03	  -6.848600E+02	   3.356350E+03	  -2.117887E+03
    9.0250	   2.141910E+06	   9.029626E+06	  -3.871470E+07	   1.256289E+00	   8.958840E-02	   7.152154E-02	  -6.212469E-01	   1.104371E+03	  -6.968683E+02	   3.269753E+03	  -2.063244E+03
    9.0500	   2.110976E+06	   9.029671E+06	  -3.807057E+07	   1.256834E+00	   7.399822E-02	   5.907536E-02	  -6.215163E-01	   1.123568E+03	  -7.089815E+02	   3.183157E+03	  -2.008601E+03
    9.0750	   2.080156E+06	   9.029706E+06	  -3.742848E+07	   1.257378E+00	   5.840805E-02	   4.662919E-02	  -6.217855E-01	   1.142929E+03	  -7.211985E+02	   3.096561E+03	  -1.953958E+03
    9.1000	   2.049448E+06	   9.029732E+06	  -3.678844E+07	   1.257923E+00	   4.281787E-02	   3.418301E-02	  -6.220548E-01	   1.162456E+03	  -7.335202E+02	   3.009965E+03	  -1.899315E+03
    9.1250	   2.018853E+06	   9.029748E+06	  -3.615043E+07	   1.258467E+00	   2.722771E-02	   2.173684E-02	  -6.223241E-01	   1.182148E+03	  -7.459461E+02	   2.923368E+03	  -1.844672E+03
    9.1500	   1.988371E+06	   9.029754E+06	  -3.551447E+07	   1.259012E+00	   1.163753E-02	   9.290660E-03	  -6.225934E-01	   1.202006E+03	  -7.584765E+02	   2.836772E+03	  -1.790029E+03
    9.1750	   1.958003E+06	   9.029750E+06	  -3.488055E+07	   1.259556E+00	  -3.952641E-03	  -3.155513E-03	  -6.228626E-01	   1.222028E+03	  -7.711110E+02	   2.750176E+03	  -1.735386E+03
    9.2000	   1.927747E+06	   9.029735E+06	  -3.424868E+07	   1.260101E+00	  -1.954282E-02	  -1.560169E-02	  -6.231319E-01	   1.242217E+03	  -7.838502E+02	   2.663579E+03	  -1.680743E+03
    9.2250	   1.897605E+06	   9.029710E+06	  -3.361885E+07	   1.260645E+00	  -3.513299E-02	  -2.804786E-02	  -6.234012E-01	   1.262571E+03	  -7.966937E+02	   2.576983E+03	  -1.626100E+03
    9.2500	   1.867577E+06	   9.029675E+06	  -3.299108E+07	   1.261190E+00	  -5.072316E-02	  -4.049404E-02	  -6.236705E-01	   1.283090E+03	  -8.096415E+02	   2.490387E+03	  -1.571457E+03
    9.2750	   1.831836E+06	   9.029130E+06	  -3.226647E+07	   1.258629E+00	  -6.618842E-02	  -5.284050E-02	  -6.224040E-01	   1.297412E+03	  -8.186790E+02	   2.397658E+03	  -1.512944E+03
    9.3000	   1.796173E+06	   9.028578E+06	  -3.154337E+07	   1.256068E+00	  -8.165369E-02	  -6.518696E-02	  -6.211377E-01	   1.311815E+03	  -8.277672E+02	   2.304930E+03	  -1.454432E+03
    9.3250	   1.760586E+06	   9.028019E+06	  -3.082178E+07	   1.253507E+00	  -9.711896E-02	  -7.753342E-02	  -6.198713E-01	   1.326297E+03	  -8.369055E+02	   2.212201E+03	  -1.395919E+03
    9.3500	   1.725076E+06	   9.027452E+06	  -3.010169E+07	   1.250946E+00	  -1.125842E-01	  -8.987988E-02	  -6.186049E-01	   1.340858E+03	  -8.460938E+02	   2.119473E+03	  -1.337407E+03
    9.3750	   1.689642E+06	   9.026878E+06	  -2.938310E+07	   1.248385E+00	  -1.280495E-01	  -1.022263E-01	  -6.173385E-01	   1.355499E+03	  -8.553322E+02	   2.026745E+03	  -1.278894E+03
    9.4000	   1.654286E+06	   9.026296E+06	  -2.866602E+07	   1.245824E+00	  -1.435148E-01	  -1.145728E-01	  -6.160721E-01	   1.370219E+03	  -8.646208E+02	   1.934016E+03	  -1.220382E+03
    9.4250	   1.619006E+06	   9.025706E+06	  -2.795044E+07	   1.243263E+00	  -1.589800E-01	  -1.269193E-01	  -6.148057E-01	   1.385019E+03	  -8.739595E+02	   1.841288E+03	  -1.161870E+03
    9.4500	   1.583804E+06	   9.025109E+06	  -2.723637E+07	   1.240702E+00	  -1.744453E-01	  -1.392657E-01	  -6.135393E-01	   1.399898E+03	  -8.833486E+02	   1.748559E+03	  -1.103357E+03
    9.4750	   1.548678E+06	   9.024503E+06	  -2.652381E+07	   1.238141E+00	  -1.899105E-01	  -1.516122E-01	  -6.122729E-01	   1.414857E+03	  -8.927875E+02	   1.655831E+03	  -1.044844E+03
    9.5000	   1.513630E+06	   9.023889E+06	  -2.581275E+07	   1.235581E+00	  -2.053758E-01	  -1.639586E-01	  -6.110065E-01	   1.429896E+03	  -9.022772E+02	   1.563103E+03	  -9.863320E+02
    9.5250	   1.473545E+06	   9.022804E+06	  -2.501957E+07	   1.229977E+00	  -2.203354E-01	  -1.759014E-01	  -6.082355E-01	   1.437943E+03	  -9.073550E+02	   1.466525E+03	  -9.253905E+02
    9.5500	   1.433510E+06	   9.021716E+06	  -2.422748E+07	   1.224374E+00	  -2.352950E-01	  -1.878441E-01	  -6.054647E-01	   1.446013E+03	  -9.124475E+02	   1.369948E+03	  -8.644497E+02
    9.5750	   1.393524E+06	   9.020624E+06	  -2.343645E+07	   1.218770E+00	  -2.502545E-01	  -1.997869E-01	  -6.026937E-01	   1.454106E+03	  -9.175540E+02	   1.273370E+03	  -8.035084E+02
    9.6000	   1.353587E+06	   9.019529E+06	  -2.264649E+07	   1.213167E+00	  -2.652141E-01	  -2.117296E-01	  -5.999229E-01	   1.462222E+03	  -9.226750E+02	   1.176793E+03	  -7.425673E+02
    9.6250	   1.313699E+06	   9.018430E+06	  -2.185761E+07	   1.207564E+00	  -2.801737E-01	  -2.236724E-01	  -5.971520E-01	   1.470359E+03	  -9.278102E+02	   1.080216E+03	  -6.816261E+02
    9.6500	   1.273861E+06	   9.017327E+06	  -2.106980E+07	   1.201961E+00	  -2.951332E-01	  -2.356151E-01	  -5.943811E-01	   1.478520E+03	  -9.329596E+02	   9.836387E+02	  -6.206850E+02
    9.6750	   1.234072E+06	   9.016221E+06	  -2.028306E+07	   1.196357E+00	  -3.100928E-01	  -2.475578E-01	  -5.916102E-01	   1.486703E+03	  -9.381231E+02	   8.870615E+02	  -5.597438E+02
    9.7000	   1.194333E+06	   9.015110E+06	  -1.949739E+07	   1.190754E+00	  -3.250524E-01	  -2.595006E-01	  -5.888392E-01	   1.494909E+03	  -9.433011E+02	   7.904836E+02	  -4.988024E+02
    9.7250	   1.154643E+06	   9.013995E+06	  -1.871279E+07	   1.185151E+00	  -3.400120E-01	  -2.714433E-01	  -5.860683E-01	   1.503137E+03	  -9.484932E+02	   6.939065E+02	  -4.378613E+02
    9.7500	   1.115002E+06	   9.012876E+06	  -1.792927E+07	   1.179547E+00	  -3.549715E-01	  -2.833861E-01	  -5.832974E-01	   1.511388E+03	  -9.536997E+02	   5.973290E+02	  -3.769200E+02
    9.7750	   1.071173E+06	   9.011345E+06	  -1.708087E+07	   1.171039E+00	  -3.690570E-01	  -2.946311E-01	  -5.790902E-01	   1.512207E+03	  -9.542163E+02	   4.992805E+02	  -3.150505E+02
    9.8000	   1.027377E+06	   9.009815E+06	  -1.623327E+07	   1.162532E+00	  -3.831426E-01	  -3.058760E-01	  -5.748831E-01	   1.513027E+03	  -9.547336E+02	   4.012328E+02	  -2.531815E+02
    9.8250	   9.836143E+05	   9.008287E+06	  -1.538645E+07	   1.154024E+00	  -3.972281E-01	  -3.171210E-01	  -5.706758E-01	   1.513846E+03	  -9.552508E+02	   3.031843E+02	  -1.913120E+02
    9.8500	   9.398848E+05	   9.006760E+06	  -1.454042E+07	   1.145516E+00	  -4.113136E-01	  -3.283660E-01	  -5.664687E-01	   1.514666E+03	  -9.557682E+02	   2.051361E+02	  -1.294427E+02
    9.8750	   8.961884E+05	   9.005234E+06	  -1.369518E+07	   1.137008E+00	  -4.253992E-01	  -3.396109E-01	  -5.622616E-01	   1.515486E+03	  -9.562857E+02	   1.070881E+02	  -6.757359E+01
    9.9000	   8.525254E+05	   9.003709E+06	  -1.285073E+07	   1.128501E+00	  -4.394847E-01	  -3.508559E-01	  -5.580544E-01	   1.516307E+03	  -9.568034E+02	   9.040176E+00	  -5.704433E+00
    9.9250	   8.088955E+05	   9.002184E+06	  -1.200706E+07	   1.119993E+00	  -4.535702E-01	  -3.621008E-01	  -5.538472E-01	   1.517127E+03	  -9.573209E+02	  -8.900811E+01	   5.616493E+01
    9.9500	   7.652989E+05	   9.000661E+06	  -1.116419E+07	   1.111485E+00	  -4.676557E-01	  -3.733458E-01	  -5.496401E-01	   1.517948E+03	  -9.578388E+02	  -1.870565E+02	   1.180344E+02
    9.9750	   7.217356E+05	   8.999139E+06	  -1.032210E+07	   1.102977E+00	  -4.817412E-01	  -3.845907E-01	  -5.454328E-01	   1.518769E+03	  -9.583569E+02	  -2.851048E+02	   1.799037E+02
   10.0000	   6.782056E+05	   8.997617E+06	  -9.480804E+06	   1.094470E+00	  -4.958267E-01	  -3.958357E-01	  -5.412257E-01	   1.519590E+03	  -9.588752E+02	  -3.831530E+02	   2.417730E+02
   10.0250	   6.315041E+05	   8.995754E+06	  -8.594262E+06	   1.083267E+00	  -5.086913E-01	  -4.061060E-01	  -5.356858E-01	   1.512935E+03	  -9.546757E+02	  -4.802578E+02	   3.030470E+02
   10.0500	   5.848328E+05	   8.993892E+06	  -7.708406E+06	   1.072064E+00	  -5.215560E-01	  -4.163763E-01	  -5.301459E-01	   1.506295E+03	  -9.504858E+02	  -5.773626E+02	   3.643210E+02
   10.0750	   5.381916E+05	   8.992032E+06	  -6.823232E+06	   1.060861E+00	  -5.344206E-01	  -4.266465E-01	  -5.246061E-01	   1.499669E+03	  -9.463047E+02	  -6.744667E+02	   4.255947E+02
   10.1000	   4.915808E+05	   8.990174E+06	  -5.938744E+06	   1.049659E+00	  -5.472853E-01	  -4.369168E-01	  -5.190663E-01	   1.493058E+03	  -9.421334E+02	  -7.715715E+02	   4.868687E+02
   10.1250	   4.450001E+05	   8.988316E+06	  -5.054938E+06	   1.038456E+00	  -5.601498E-01	  -4.471871E-01	  -5.135264E-01	   1.486462E+03	  -9.379709E+02	  -8.686766E+02	   5.481428E+02
   10.1500	   3.984497E+05	   8.986460E+06	  -4.171817E+06	   1.027253E+00	  -5.730145E-01	  -4.574573E-01	  -5.079865E-01	   1.479880E+03	  -9.338176E+02	  -9.657812E+02	   6.094167E+02
   10.1750	   3.519295E+05	   8.984606E+06	  -3.289378E+06	   1.016050E+00	  -5.858791E-01	  -4.677276E-01	  -5.024467E-01	   1.473313E+03	  -9.296736E+02	  -1.062886E+03	   6.706906E+02
   10.2000	   3.054395E+05	   8.982752E+06	  -2.407622E+06	   1.004848E+00	  -5.987437E-01	  -4.779979E-01	  -4.969069E-01	   1.466760E+03	  -9.255388E+02	  -1.159991E+03	   7.319646E+02
   10.2250	   2.589798E+05	   8.980898E+06	  -1.526549E+06	   9.936450E-01	  -6.116083E-01	  -4.882681E-01	  -4.913670E-01	   1.460222E+03	  -9.214132E+02	  -1.257095E+03	   7.932385E+02
   10.2500	   2.125504E+05	   8.979046E+06	  -6.461597E+05	   9.824423E-01	  -6.244730E-01	  -4.985384E-01	  -4.858272E-01	   1.453698E+03	  -9.172969E+02	  -1.354200E+03	   8.545123E+02
   10.2750	   1.641182E+05	   8.976933E+06	   2.577790E+05	   9.688205E-01	  -6.357999E-01	  -5.075811E-01	  -4.790910E-01	   1.440056E+03	  -9.086882E+02	  -1.447970E+03	   9.136823E+02
   10.3000	   1.157266E+05	   8.974826E+06	   1.160949E+06	   9.551987E-01	  -6.471269E-01	  -5.166239E-01	  -4.723549E-01	   1.426477E+03	  -9.001200E+02	  -1.541740E+03	   9.728522E+02
   10.3250	   6.737549E+04	   8.972726E+06	   2.063352E+06	   9.415768E-01	  -6.584539E-01	  -5.256666E-01	  -4.656188E-01	   1.412963E+03	  -8.915923E+02	  -1.635511E+03	   1.032022E+03
   10.3500	   1.906491E+04	   8.970632E+06	   2.964988E+06	   9.279550E-01	  -6.697809E-01	  -5.347093E-01	  -4.588827E-01	   1.399513E+03	  -8.831052E+02	  -1.729281E+03	   1.091192E+03
   10.3750	  -2.920519E+04	   8.968544E+06	   3.865857E+06	   9.143332E-01	  -6.811078E-01	  -5.437520E-01	  -4.521466E-01	   1.386127E+03	  -8.746587E+02	  -1.823051E+03	   1.150362E+03
   10.4000	  -7.743480E+04	   8.966462E+06	   4.765961E+06	   9.007114E-01	  -6.924348E-01	  -5.527947E-01	  -4.454105E-01	   1.372806E+03	  -8.662529E+02	  -1.916821E+03	   1.209531E+03
   10.4250	  -1.256240E+05	   8.964387E+06	   5.665298E+06	   8.870895E-01	  -7.037617E-01	  -5.618374E-01	  -4.386743E-01	   1.359548E+03	  -8.578874E+02	  -2.010592E+03	   1.268702E+03
   10.4500	  -1.737727E+05	   8.962317E+06	   6.563871E+06	   8.734677E-01	  -7.150887E-01	  -5.708802E-01	  -4.319382E-01	   1.346356E+03	  -8.495628E+02	  -2.104362E+03	   1.327872E+03
   10.4750	  -2.218810E+05	   8.960253E+06	   7.461679E+06	   8.598459E-01	  -7.264156E-01	  -5.799229E-01	  -4.252021E-01	   1.333227E+03	  -8.412786E+02	  -2.198132E+03	   1.387041E+03
   10.5000	  -2.699488E+05	   8.958194E+06	   8.358722E+06	   8.462241E-01	  -7.377427E-01	  -5.889656E-01	  -4.184660E-01	   1.320163E+03	  -8.330352E+02	  -2.291903E+03	   1.446211E+03
   10.5250	  -3.187305E+05	   8.955961E+06	   9.256076E+06	   8.305185E-01	  -7.472530E-01	  -5.965580E-01	  -4.106995E-01	   1.300702E+03	  -8.207550E+02	  -2.380029E+03	   1.501820E+03
   10.5500	  -3.674489E+05	   8.953739E+06	   1.015240E+07	   8.148131E-01	  -7.567634E-01	  -6.041505E-01	  -4.029329E-01	   1.281386E+03	  -8.085662E+02	  -2.468156E+03	   1.557429E+03
   10.5750	  -4.161040E+05	   8.951528E+06	   1.104769E+07	   7.991076E-01	  -7.662738E-01	  -6.117430E-01	  -3.951664E-01	   1.262214E+03	  -7.964684E+02	  -2.556282E+03	   1.613037E+03
   10.6000	  -4.646959E+05	   8.949328E+06	   1.194196E+07	   7.834022E-01	  -7.757843E-01	  -6.193355E-01	  -3.873999E-01	   1.243187E+03	  -7.844622E+02	  -2.644409E+03	   1.668646E+03
   10.6250	  -5.132247E+05	   8.947138E+06	   1.283519E+07	   7.676966E-01	  -7.852946E-01	  -6.269280E-01	  -3.796334E-01	   1.224304E+03	  -7.725467E+02	  -2.732536E+03	   1.724255E+03
   10.6500	  -5.616902E+05	   8.944958E+06	   1.372740E+07	   7.519912E-01	  -7.948050E-01	  -6.345204E-01	  -3.718668E-01	   1.205565E+03	  -7.607227E+02	  -2.820663E+03	   1.779864E+03
   10.6750	  -6.100928E+05	   8.942789E+06	   1.461858E+07	   7.362856E-01	  -8.043154E-01	  -6.421129E-01	  -3.641003E-01	   1.186971E+03	  -7.489897E+02	  -2.908789E+03	   1.835473E+03
   10.7000	  -6.584322E+05	   8.940630E+06	   1.550874E+07	   7.205802E-01	  -8.138258E-01	  -6.497054E-01	  -3.563338E-01	   1.168522E+03	  -7.373480E+02	  -2.996917E+03	   1.891082E+03
   10.7250	  -7.067087E+05	   8.938481E+06	   1.639787E+07	   7.048746E-01	  -8.233362E-01	  -6.572978E-01	  -3.485672E-01	   1.150217E+03	  -7.257974E+02	  -3.085043E+03	   1.946690E+03
   10.7500	  -7.549222E+05	   8.936341E+06	   1.728598E+07	   6.891692E-01	  -8.328466E-01	  -6.648903E-01	  -3.408007E-01	   1.132057E+03	  -7.143380E+02	  -3.173170E+03	   2.002299E+03
   10.7750	  -8.024859E+05	   8.934111E+06	   1.815034E+07	   6.717666E-01	  -8.403062E-01	  -6.708456E-01	  -3.321950E-01	   1.108517E+03	  -6.994843E+02	  -3.253483E+03	   2.052978E+03
   10.8000	  -8.499540E+05	   8.931895E+06	   1.901326E+07	   6.543642E-01	  -8.477659E-01	  -6.768009E-01	  -3.235894E-01	   1.085225E+03	  -6.847867E+02	  -3.333797E+03	   2.103656E+03
   10.8250	  -8.973266E+05	   8.929692E+06	   1.987476E+07	   6.369618E-01	  -8.552254E-01	  -6.827561E-01	  -3.149837E-01	   1.062180E+03	  -6.702451E+02	  -3.414110E+03	   2.154334E+03
   10.8500	  -9.446051E+05	   8.927503E+06	   2.073488E+07	   6.195592E-01	  -8.626852E-01	  -6.887115E-01	  -3.063780E-01	   1.039382E+03	  -6.558596E+02	  -3.494424E+03	   2.205013E+03
   10.8750	  -9.917985E+05	   8.925327E+06	   2.159399E+07	   6.021568E-01	  -8.701448E-01	  -6.946667E-01	  -2.977723E-01	   1.016832E+03	  -6.416302E+02	  -3.574737E+03	   2.255691E+03
   10.9000	  -1.038908E+06	   8.923163E+06	   2.245213E+07	   5.847543E-01	  -8.776045E-01	  -7.006221E-01	  -2.891666E-01	   9.945290E+02	  -6.275568E+02	  -3.655050E+03	   2.306370E+03
   10.9250	  -1.085934E+06	   8.921011E+06	   2.330931E+07	   5.673518E-01	  -8.850641E-01	  -7.065774E-01	  -2.805609E-01	   9.724733E+02	  -6.136395E+02	  -3.735364E+03	   2.357049E+03
   10.9500	  -1.132877E+06	   8.918871E+06	   2.416553E+07	   5.499493E-01	  -8.925238E-01	  -7.125327E-01	  -2.719552E-01	   9.506650E+02	  -5.998782E+02	  -3.815677E+03	   2.407727E+03
   10.9750	  -1.179737E+06	   8.916743E+06	   2.502080E+07	   5.325468E-01	  -8.999833E-01	  -7.184880E-01	  -2.633495E-01	   9.291038E+02	  -5.862729E+02	  -3.895991E+03	   2.458406E+03
   11.0000	  -1.226514E+06	   8.914626E+06	   2.587512E+07	   5.151443E-01	  -9.074429E-01	  -7.244433E-01	  -2.547438E-01	   9.077900E+02	  -5.728237E+02	  -3.976304E+03	   2.509084E+03
   11.0250	  -1.271269E+06	   8.912495E+06	   2.668208E+07	   4.964734E-01	  -9.126682E-01	  -7.286147E-01	  -2.455109E-01	   8.823107E+02	  -5.567461E+02	  -4.046826E+03	   2.553584E+03
   11.0500	  -1.315900E+06	   8.910377E+06	   2.748755E+07	   4.778025E-01	  -9.178935E-01	  -7.327862E-01	  -2.362779E-01	   8.571944E+02	  -5.408975E+02	  -4.117349E+03	   2.598085E+03
   11.0750	  -1.360409E+06	   8.908274E+06	   2.829153E+07	   4.591316E-01	  -9.231186E-01	  -7.369577E-01	  -2.270450E-01	   8.324403E+02	  -5.252774E+02	  -4.187871E+03	   2.642585E+03
   11.1000	  -1.404794E+06	   8.906184E+06	   2.909402E+07	   4.404607E-01	  -9.283439E-01	  -7.411292E-01	  -2.178120E-01	   8.080492E+02	  -5.098864E+02	  -4.258394E+03	   2.687085E+03
   11.1250	  -1.449058E+06	   8.904108E+06	   2.989504E+07	   4.217898E-01	  -9.335691E-01	  -7.453007E-01	  -2.085791E-01	   7.840206E+02	  -4.947242E+02	  -4.328916E+03	   2.731585E+03
   11.1500	  -1.493198E+06	   8.902045E+06	   3.069459E+07	   4.031189E-01	  -9.387944E-01	  -7.494721E-01	  -1.993461E-01	   7.603549E+02	  -4.797908E+02	  -4.399438E+03	   2.776086E+03
   11.1750	  -1.537218E+06	   8.899995E+06	   3.149270E+07	   3.844479E-01	  -9.440196E-01	  -7.536436E-01	  -1.901132E-01	   7.370515E+02	  -4.650862E+02	  -4.469960E+03	   2.820586E+03
   11.2000	  -1.581116E+06	   8.897957E+06	   3.228938E+07	   3.657770E-01	  -9.492449E-01	  -7.578151E-01	  -1.808802E-01	   7.141111E+02	  -4.506106E+02	  -4.540483E+03	   2.865086E+03
   11.2250	  -1.624894E+06	   8.895931E+06	   3.308464E+07	   3.471061E-01	  -9.544700E-01	  -7.619866E-01	  -1.716473E-01	   6.915332E+02	  -4.363637E+02	  -4.611005E+03	   2.909586E+03
   11.2500	  -1.668552E+06	   8.893918E+06	   3.387850E+07	   3.284352E-01	  -9.596953E-01	  -7.661581E-01	  -1.624143E-01	   6.693181E+02	  -4.223458E+02	  -4.681528E+03	   2.954087E+03
   11.2750	  -1.708845E+06	   8.891954E+06	   3.460180E+07	   3.089555E-01	  -9.625574E-01	  -7.684430E-01	  -1.527815E-01	   6.442277E+02	  -4.065135E+02	  -4.740523E+03	   2.991313E+03
   11.3000	  -1.748975E+06	   8.890004E+06	   3.532309E+07	   2.894759E-01	  -9.654196E-01	  -7.707280E-01	  -1.431486E-01	   6.196166E+02	  -3.909837E+02	  -4.799518E+03	   3.028540E+03
   11.3250	  -1.788943E+06	   8.888067E+06	   3.604240E+07	   2.699963E-01	  -9.682816E-01	  -7.730128E-01	  -1.335157E-01	   5.954848E+02	  -3.757563E+02	  -4.858512E+03	   3.065765E+03
   11.3500	  -1.828749E+06	   8.886141E+06	   3.675972E+07	   2.505166E-01	  -9.711439E-01	  -7.752978E-01	  -1.238829E-01	   5.718325E+02	  -3.608315E+02	  -4.917508E+03	   3.102992E+03
   11.3750	  -1.868394E+06	   8.884227E+06	   3.747508E+07	   2.310370E-01	  -9.740059E-01	  -7.775828E-01	  -1.142500E-01	   5.486592E+02	  -3.462090E+02	  -4.976502E+03	   3.140219E+03
   11.4000	  -1.907878E+06	   8.882325E+06	   3.818851E+07	   2.115574E-01	  -9.768682E-01	  -7.798677E-01	  -1.046172E-01	   5.259655E+02	  -3.318890E+02	  -5.035498E+03	   3.177445E+03
   11.4250	  -1.947203E+06	   8.880433E+06	   3.890001E+07	   1.920777E-01	  -9.797302E-01	  -7.821526E-01	  -9.498430E-02	   5.037508E+02	  -3.178714E+02	  -5.094492E+03	   3.214671E+03
   11.4500	  -1.986369E+06	   8.878551E+06	   3.960961E+07	   1.725981E-01	  -9.825923E-01	  -7.844375E-01	  -8.535143E-02	   4.820155E+02	  -3.041562E+02	  -5.153487E+03	   3.251897E+03
   11.4750	  -2.025378E+06	   8.876678E+06	   4.031732E+07	   1.531184E-01	  -9.854544E-01	  -7.867225E-01	  -7.571857E-02	   4.607596E+02	  -2.907435E+02	  -5.212482E+03	   3.289124E+03
   11.5000	  -2.064230E+06	   8.874815E+06	   4.102317E+07	   1.336388E-01	  -9.883166E-01	  -7.890075E-01	  -6.608570E-02	   4.399829E+02	  -2.776332E+02	  -5.271477E+03	   3.326350E+03
   11.5250	  -2.098484E+06	   8.873051E+06	   4.163710E+07	   1.138301E-01	  -9.887451E-01	  -7.893496E-01	  -5.629010E-02	   4.175720E+02	  -2.634917E+02	  -5.317492E+03	   3.355386E+03
   11.5500	  -2.132538E+06	   8.871295E+06	   4.224853E+07	   9.402141E-02	  -9.891737E-01	  -7.896918E-01	  -4.649452E-02	   3.957469E+02	  -2.497199E+02	  -5.363507E+03	   3.384422E+03
   11.5750	  -2.166396E+06	   8.869547E+06	   4.285750E+07	   7.421269E-02	  -9.896023E-01	  -7.900339E-01	  -3.669892E-02	   3.745076E+02	  -2.363177E+02	  -5.409521E+03	   3.413457E+03
   11.6000	  -2.200056E+06	   8.867805E+06	   4.346402E+07	   5.440400E-02	  -9.900309E-01	  -7.903761E-01	  -2.690332E-02	   3.538541E+02	  -2.232852E+02	  -5.455537E+03	   3.442493E+03
   11.6250	  -2.233523E+06	   8.866070E+06	   4.406813E+07	   3.459531E-02	  -9.904595E-01	  -7.907181E-01	  -1.710773E-02	   3.337863E+02	  -2.106222E+02	  -5.501551E+03	   3.471529E+03
   11.6500	  -2.266796E+06	   8.864339E+06	   4.466984E+07	   1.478661E-02	  -9.908881E-01	  -7.910604E-01	  -7.312135E-03	   3.143043E+02	  -1.983289E+02	  -5.547566E+03	   3.500565E+03
   11.6750	  -2.299878E+06	   8.862613E+06	   4.526920E+07	  -5.022082E-03	  -9.913167E-01	  -7.914025E-01	   2.483462E-03	   2.954081E+02	  -1.864052E+02	  -5.593581E+03	   3.529600E+03
   11.7000	  -2.332769E+06	   8.860889E+06	   4.586620E+07	  -2.483078E-02	  -9.917453E-01	  -7.917446E-01	   1.227906E-02	   2.770977E+02	  -1.748511E+02	  -5.639595E+03	   3.558636E+03
   11.7250	  -2.365473E+06	   8.859168E+06	   4.646091E+07	  -4.463948E-02	  -9.921738E-01	  -7.920867E-01	   2.207465E-02	   2.593729E+02	  -1.636667E+02	  -5.685610E+03	   3.587672E+03
   11.7500	  -2.397992E+06	   8.857448E+06	   4.705335E+07	  -6.444817E-02	  -9.926025E-01	  -7.924289E-01	   3.187025E-02	   2.422341E+02	  -1.528519E+02	  -5.731625E+03	   3.616708E+03
   11.7750	  -2.424850E+06	   8.855860E+06	   4.753528E+07	  -8.409820E-02	  -9.905868E-01	  -7.908198E-01	   4.158737E-02	   2.245309E+02	  -1.416810E+02	  -5.763526E+03	   3.636838E+03
   11.8000	  -2.451487E+06	   8.854270E+06	   4.801436E+07	  -1.037482E-01	  -9.885713E-01	  -7.892107E-01	   5.130449E-02	   2.074995E+02	  -1.309341E+02	  -5.795429E+03	   3.656968E+03
   11.8250	  -2.477906E+06	   8.852676E+06	   4.849062E+07	  -1.233982E-01	  -9.865558E-01	  -7.876016E-01	   6.102162E-02	   1.911397E+02	  -1.206109E+02	  -5.827330E+03	   3.677098E+03
   11.8500	  -2.504108E+06	   8.851078E+06	   4.896410E+07	  -1.430483E-01	  -9.845402E-01	  -7.859927E-01	   7.073874E-02	   1.754515E+02	  -1.107115E+02	  -5.859232E+03	   3.697229E+03
   11.8750	  -2.530097E+06	   8.849474E+06	   4.943483E+07	  -1.626983E-01	  -9.825248E-01	  -7.843835E-01	   8.045586E-02	   1.604352E+02	  -1.012360E+02	  -5.891134E+03	   3.717359E+03
   11.9000	  -2.555876E+06	   8.847862E+06	   4.990286E+07	  -1.823483E-01	  -9.805091E-01	  -7.827745E-01	   9.017298E-02	   1.460903E+02	  -9.218433E+01	  -5.923036E+03	   3.737490E+03
   11.9250	  -2.581450E+06	   8.846241E+06	   5.036823E+07	  -2.019983E-01	  -9.784935E-01	  -7.811654E-01	   9.989010E-02	   1.324172E+02	  -8.355647E+01	  -5.954937E+03	   3.757619E+03
   11.9500	  -2.606820E+06	   8.844610E+06	   5.083099E+07	  -2.216484E-01	  -9.764780E-01	  -7.795563E-01	   1.096072E-01	   1.194158E+02	  -7.535247E+01	  -5.986839E+03	   3.777750E+03
   11.9750	  -2.631991E+06	   8.842966E+06	   5.129118E+07	  -2.412984E-01	  -9.744624E-01	  -7.779472E-01	   1.193243E-01	   1.070861E+02	  -6.757228E+01	  -6.018740E+03	   3.797880E+03
   12.0000	  -2.656968E+06	   8.841309E+06	   5.174887E+07	  -2.609484E-01	  -9.724469E-01	  -7.763382E-01	   1.290415E-01	   9.542803E+01	  -6.021596E+01	  -6.050642E+03	   3.818010E+03
   12.0250	  -2.675458E+06	   8.839802E+06	   5.208122E+07	  -2.799559E-01	  -9.680369E-01	  -7.728175E-01	   1.384408E-01	   8.400014E+01	  -5.300486E+01	  -6.067645E+03	   3.828739E+03
   12.0500	  -2.693730E+06	   8.838276E+06	   5.241060E+07	  -2.989633E-01	  -9.636269E-01	  -7.692968E-01	   1.478402E-01	   7.330085E+01	  -4.625351E+01	  -6.084648E+03	   3.839469E+03
   12.0750	  -2.711788E+06	   8.836730E+06	   5.273705E+07	  -3.179708E-01	  -9.592168E-01	  -7.657762E-01	   1.572396E-01	   6.333016E+01	  -3.996191E+01	  -6.101651E+03	   3.850198E+03
   12.1000	  -2.729637E+06	   8.835161E+06	   5.306064E+07	  -3.369783E-01	  -9.548068E-01	  -7.622554E-01	   1.666390E-01	   5.408804E+01	  -3.413004E+01	  -6.118654E+03	   3.860926E+03
   12.1250	  -2.747282E+06	   8.833569E+06	   5.338142E+07	  -3.559857E-01	  -9.503968E-01	  -7.587348E-01	   1.760384E-01	   4.557453E+01	  -2.875794E+01	  -6.135658E+03	   3.871656E+03
   12.1500	  -2.764729E+06	   8.831951E+06	   5.369949E+07	  -3.749932E-01	  -9.459867E-01	  -7.552142E-01	   1.854377E-01	   3.778956E+01	  -2.384556E+01	  -6.152661E+03	   3.882385E+03
   12.1750	  -2.781984E+06	   8.830306E+06	   5.401488E+07	  -3.940006E-01	  -9.415767E-01	  -7.516934E-01	   1.948371E-01	   3.073322E+01	  -1.939294E+01	  -6.169663E+03	   3.893113E+03
   12.2000	  -2.799053E+06	   8.828631E+06	   5.432769E+07	  -4.130082E-01	  -9.371667E-01	  -7.481728E-01	   2.042365E-01	   2.440544E+01	  -1.540005E+01	  -6.186667E+03	   3.903843E+03
   12.2250	  -2.815942E+06	   8.826925E+06	   5.463798E+07	  -4.320156E-01	  -9.327567E-01	  -7.446520E-01	   2.136359E-01	   1.880626E+01	  -1.186692E+01	  -6.203669E+03	   3.914572E+03
   12.2500	  -2.832658E+06	   8.825188E+06	   5.494585E+07	  -4.510231E-01	  -9.283466E-01	  -7.411314E-01	   2.230353E-01	   1.393567E+01	  -8.793535E+00	  -6.220672E+03	   3.925301E+03
   12.2750	  -2.842334E+06	   8.823615E+06	   5.511799E+07	  -4.689199E-01	  -9.216508E-01	  -7.357857E-01	   2.318854E-01	   9.736234E+00	  -6.143652E+00	  -6.222357E+03	   3.926364E+03
   12.3000	  -2.851824E+06	   8.822007E+06	   5.528738E+07	  -4.868169E-01	  -9.149548E-01	  -7.304401E-01	   2.407356E-01	   6.287725E+00	  -3.967612E+00	  -6.224043E+03	   3.927427E+03
   12.3250	  -2.861133E+06	   8.820361E+06	   5.545410E+07	  -5.047138E-01	  -9.082589E-01	  -7.250945E-01	   2.495858E-01	   3.590166E+00	  -2.265428E+00	  -6.225728E+03	   3.928491E+03
   12.3500	  -2.870270E+06	   8.818675E+06	   5.561825E+07	  -5.226107E-01	  -9.015630E-01	  -7.197490E-01	   2.584360E-01	   1.643559E+00	  -1.037100E+00	  -6.227415E+03	   3.929555E+03
   12.3750	  -2.879240E+06	   8.816950E+06	   5.577990E+07	  -5.405076E-01	  -8.948671E-01	  -7.144034E-01	   2.672862E-01	   4.479019E-01	  -2.826301E-01	  -6.229100E+03	   3.930619E+03
   12.4000	  -2.888050E+06	   8.815183E+06	   5.593915E+07	  -5.584045E-01	  -8.881712E-01	  -7.090578E-01	   2.761364E-01	   3.191656E-03	  -2.013964E-03	  -6.230786E+03	   3.931682E+03
   12.4250	  -2.896707E+06	   8.813373E+06	   5.609610E+07	  -5.763013E-01	  -8.814752E-01	  -7.037122E-01	   2.849866E-01	  -3.094296E-01	   1.952529E-01	  -6.232471E+03	   3.932746E+03
   12.4500	  -2.905218E+06	   8.811521E+06	   5.625084E+07	  -5.941983E-01	  -8.747793E-01	  -6.983666E-01	   2.938368E-01	  -1.366617E+00	   8.623478E-01	  -6.234156E+03	   3.933809E+03
   12.4750	  -2.913588E+06	   8.809624E+06	   5.640348E+07	  -6.120951E-01	  -8.680834E-01	  -6.930209E-01	   3.026869E-01	  -3.174750E+00	   2.003296E+00	  -6.235841E+03	   3.934873E+03
