
These predictions were generated by SubDyn on 27-Nov-2023 at 16:43:41.




    Time	  M1N2TDzss	   M1N2FKze
       s	        (m)	        (N)
    0.0000	 0.0000E+00	 0.0000E+00
    0.0100	-4.8931E-04	-1.9317E+00
    0.0200	-1.9512E-03	-7.7031E+00
    0.0300	-4.3739E-03	-1.7267E+01
    0.0400	-7.7419E-03	-3.0563E+01
    0.0500	-1.2036E-02	-4.7515E+01
    0.0600	-1.7233E-02	-6.8033E+01
    0.0700	-2.3308E-02	-9.2014E+01
    0.0800	-3.0230E-02	-1.1934E+02
    0.0900	-3.7968E-02	-1.4989E+02
    0.1000	-4.6485E-02	-1.8352E+02
    0.1100	-5.5744E-02	-2.2007E+02
    0.1200	-6.5704E-02	-2.5938E+02
    0.1300	-7.6319E-02	-3.0129E+02
    0.1400	-8.7546E-02	-3.4562E+02
    0.1500	-9.9336E-02	-3.9216E+02
    0.1600	-1.1164E-01	-4.4073E+02
    0.1700	-1.2440E-01	-4.9112E+02
    0.1800	-1.3757E-01	-5.4312E+02
    0.1900	-1.5110E-01	-5.9652E+02
    0.2000	-1.6493E-01	-6.5109E+02
    0.2100	-1.7899E-01	-7.0662E+02
    0.2200	-1.9324E-01	-7.6289E+02
    0.2300	-2.0762E-01	-8.1966E+02
    0.2400	-2.2207E-01	-8.7671E+02
    0.2500	-2.3654E-01	-9.3381E+02
    0.2600	-2.5096E-01	-9.9074E+02
    0.2700	-2.6528E-01	-1.0473E+03
    0.2800	-2.7945E-01	-1.1032E+03
    0.2900	-2.9340E-01	-1.1583E+03
    0.3000	-3.0709E-01	-1.2123E+03
    0.3100	-3.2046E-01	-1.2651E+03
    0.3200	-3.3347E-01	-1.3165E+03
    0.3300	-3.4606E-01	-1.3662E+03
    0.3400	-3.5819E-01	-1.4141E+03
    0.3500	-3.6981E-01	-1.4599E+03
    0.3600	-3.8088E-01	-1.5037E+03
    0.3700	-3.9136E-01	-1.5450E+03
    0.3800	-4.0122E-01	-1.5839E+03
    0.3900	-4.1041E-01	-1.6202E+03
    0.4000	-4.1890E-01	-1.6537E+03
    0.4100	-4.2668E-01	-1.6844E+03
    0.4200	-4.3370E-01	-1.7122E+03
    0.4300	-4.3995E-01	-1.7368E+03
    0.4400	-4.4541E-01	-1.7584E+03
    0.4500	-4.5006E-01	-1.7767E+03
    0.4600	-4.5388E-01	-1.7918E+03
    0.4700	-4.5688E-01	-1.8037E+03
    0.4800	-4.5903E-01	-1.8122E+03
    0.4900	-4.6035E-01	-1.8174E+03
    0.5000	-4.6082E-01	-1.8192E+03
    0.5100	-4.6045E-01	-1.8178E+03
    0.5200	-4.5926E-01	-1.8131E+03
    0.5300	-4.5724E-01	-1.8051E+03
    0.5400	-4.5441E-01	-1.7939E+03
    0.5500	-4.5079E-01	-1.7796E+03
    0.5600	-4.4640E-01	-1.7623E+03
    0.5700	-4.4125E-01	-1.7420E+03
    0.5800	-4.3538E-01	-1.7188E+03
    0.5900	-4.2882E-01	-1.6929E+03
    0.6000	-4.2158E-01	-1.6643E+03
    0.6100	-4.1371E-01	-1.6332E+03
    0.6200	-4.0523E-01	-1.5998E+03
    0.6300	-3.9620E-01	-1.5641E+03
    0.6400	-3.8663E-01	-1.5264E+03
    0.6500	-3.7659E-01	-1.4867E+03
    0.6600	-3.6610E-01	-1.4453E+03
    0.6700	-3.5522E-01	-1.4023E+03
    0.6800	-3.4399E-01	-1.3580E+03
    0.6900	-3.3245E-01	-1.3124E+03
    0.7000	-3.2065E-01	-1.2659E+03
    0.7100	-3.0864E-01	-1.2184E+03
    0.7200	-2.9647E-01	-1.1704E+03
    0.7300	-2.8419E-01	-1.1219E+03
    0.7400	-2.7184E-01	-1.0732E+03
    0.7500	-2.5948E-01	-1.0244E+03
    0.7600	-2.4716E-01	-9.7573E+02
    0.7700	-2.3491E-01	-9.2739E+02
    0.7800	-2.2280E-01	-8.7957E+02
    0.7900	-2.1086E-01	-8.3245E+02
    0.8000	-1.9915E-01	-7.8621E+02
    0.8100	-1.8771E-01	-7.4102E+02
    0.8200	-1.7657E-01	-6.9706E+02
    0.8300	-1.6579E-01	-6.5450E+02
    0.8400	-1.5540E-01	-6.1348E+02
    0.8500	-1.4544E-01	-5.7417E+02
    0.8600	-1.3595E-01	-5.3670E+02
    0.8700	-1.2696E-01	-5.0122E+02
    0.8800	-1.1851E-01	-4.6784E+02
    0.8900	-1.1062E-01	-4.3670E+02
    0.9000	-1.0332E-01	-4.0789E+02
    0.9100	-9.6640E-02	-3.8151E+02
    0.9200	-9.0598E-02	-3.5766E+02
    0.9300	-8.5216E-02	-3.3641E+02
    0.9400	-8.0509E-02	-3.1783E+02
    0.9500	-7.6493E-02	-3.0198E+02
    0.9600	-7.3179E-02	-2.8889E+02
    0.9700	-7.0575E-02	-2.7862E+02
    0.9800	-6.8687E-02	-2.7116E+02
    0.9900	-6.7519E-02	-2.6655E+02
    1.0000	-6.7070E-02	-2.6478E+02
    1.0100	-6.7337E-02	-2.6583E+02
    1.0200	-6.8316E-02	-2.6970E+02
    1.0300	-6.9997E-02	-2.7634E+02
    1.0400	-7.2370E-02	-2.8570E+02
    1.0500	-7.5421E-02	-2.9775E+02
    1.0600	-7.9134E-02	-3.1240E+02
    1.0700	-8.3490E-02	-3.2960E+02
    1.0800	-8.8467E-02	-3.4925E+02
    1.0900	-9.4043E-02	-3.7126E+02
    1.1000	-1.0019E-01	-3.9554E+02
    1.1100	-1.0689E-01	-4.2196E+02
    1.1200	-1.1409E-01	-4.5042E+02
    1.1300	-1.2179E-01	-4.8079E+02
    1.1400	-1.2993E-01	-5.1294E+02
    1.1500	-1.3849E-01	-5.4672E+02
    1.1600	-1.4742E-01	-5.8200E+02
    1.1700	-1.5670E-01	-6.1864E+02
    1.1800	-1.6629E-01	-6.5646E+02
    1.1900	-1.7613E-01	-6.9533E+02
    1.2000	-1.8620E-01	-7.3508E+02
    1.2100	-1.9645E-01	-7.7554E+02
    1.2200	-2.0684E-01	-8.1657E+02
    1.2300	-2.1733E-01	-8.5798E+02
    1.2400	-2.2788E-01	-8.9961E+02
    1.2500	-2.3844E-01	-9.4131E+02
    1.2600	-2.4897E-01	-9.8290E+02
    1.2700	-2.5944E-01	-1.0242E+03
    1.2800	-2.6980E-01	-1.0651E+03
    1.2900	-2.8001E-01	-1.1054E+03
    1.3000	-2.9003E-01	-1.1450E+03
    1.3100	-2.9983E-01	-1.1837E+03
    1.3200	-3.0936E-01	-1.2213E+03
    1.3300	-3.1859E-01	-1.2577E+03
    1.3400	-3.2749E-01	-1.2929E+03
    1.3500	-3.3602E-01	-1.3266E+03
    1.3600	-3.4416E-01	-1.3587E+03
    1.3700	-3.5187E-01	-1.3891E+03
    1.3800	-3.5912E-01	-1.4177E+03
    1.3900	-3.6589E-01	-1.4445E+03
    1.4000	-3.7216E-01	-1.4692E+03
    1.4100	-3.7790E-01	-1.4919E+03
    1.4200	-3.8310E-01	-1.5124E+03
    1.4300	-3.8774E-01	-1.5307E+03
    1.4400	-3.9179E-01	-1.5467E+03
    1.4500	-3.9526E-01	-1.5604E+03
    1.4600	-3.9813E-01	-1.5717E+03
    1.4700	-4.0040E-01	-1.5807E+03
    1.4800	-4.0205E-01	-1.5872E+03
    1.4900	-4.0308E-01	-1.5913E+03
    1.5000	-4.0351E-01	-1.5930E+03
    1.5100	-4.0332E-01	-1.5922E+03
    1.5200	-4.0252E-01	-1.5891E+03
    1.5300	-4.0112E-01	-1.5835E+03
    1.5400	-3.9913E-01	-1.5757E+03
    1.5500	-3.9656E-01	-1.5655E+03
    1.5600	-3.9342E-01	-1.5531E+03
    1.5700	-3.8973E-01	-1.5386E+03
    1.5800	-3.8551E-01	-1.5219E+03
    1.5900	-3.8078E-01	-1.5032E+03
    1.6000	-3.7556E-01	-1.4826E+03
    1.6100	-3.6986E-01	-1.4602E+03
    1.6200	-3.6373E-01	-1.4359E+03
    1.6300	-3.5718E-01	-1.4101E+03
    1.6400	-3.5025E-01	-1.3827E+03
    1.6500	-3.4296E-01	-1.3539E+03
    1.6600	-3.3534E-01	-1.3239E+03
    1.6700	-3.2743E-01	-1.2926E+03
    1.6800	-3.1926E-01	-1.2604E+03
    1.6900	-3.1086E-01	-1.2272E+03
    1.7000	-3.0227E-01	-1.1933E+03
    1.7100	-2.9352E-01	-1.1587E+03
    1.7200	-2.8464E-01	-1.1237E+03
    1.7300	-2.7569E-01	-1.0884E+03
    1.7400	-2.6668E-01	-1.0528E+03
    1.7500	-2.5765E-01	-1.0172E+03
    1.7600	-2.4865E-01	-9.8161E+02
    1.7700	-2.3970E-01	-9.4628E+02
    1.7800	-2.3084E-01	-9.1131E+02
    1.7900	-2.2211E-01	-8.7684E+02
    1.8000	-2.1353E-01	-8.4298E+02
    1.8100	-2.0515E-01	-8.0989E+02
    1.8200	-1.9699E-01	-7.7767E+02
    1.8300	-1.8908E-01	-7.4646E+02
    1.8400	-1.8146E-01	-7.1637E+02
    1.8500	-1.7415E-01	-6.8750E+02
    1.8600	-1.6717E-01	-6.5997E+02
    1.8700	-1.6056E-01	-6.3388E+02
    1.8800	-1.5434E-01	-6.0931E+02
    1.8900	-1.4853E-01	-5.8636E+02
    1.9000	-1.4315E-01	-5.6511E+02
    1.9100	-1.3821E-01	-5.4563E+02
    1.9200	-1.3374E-01	-5.2798E+02
    1.9300	-1.2975E-01	-5.1222E+02
    1.9400	-1.2625E-01	-4.9841E+02
    1.9500	-1.2325E-01	-4.8658E+02
    1.9600	-1.2077E-01	-4.7677E+02
    1.9700	-1.1880E-01	-4.6901E+02
    1.9800	-1.1736E-01	-4.6331E+02
    1.9900	-1.1644E-01	-4.5968E+02
    2.0000	-1.1605E-01	-4.5812E+02
    2.0100	-1.1618E-01	-4.5864E+02
    2.0200	-1.1682E-01	-4.6120E+02
    2.0300	-1.1799E-01	-4.6579E+02
    2.0400	-1.1966E-01	-4.7238E+02
    2.0500	-1.2182E-01	-4.8094E+02
    2.0600	-1.2447E-01	-4.9140E+02
    2.0700	-1.2760E-01	-5.0372E+02
    2.0800	-1.3117E-01	-5.1785E+02
    2.0900	-1.3519E-01	-5.3371E+02
    2.1000	-1.3963E-01	-5.5123E+02
    2.1100	-1.4447E-01	-5.7033E+02
    2.1200	-1.4968E-01	-5.9093E+02
    2.1300	-1.5526E-01	-6.1293E+02
    2.1400	-1.6116E-01	-6.3624E+02
    2.1500	-1.6737E-01	-6.6076E+02
    2.1600	-1.7387E-01	-6.8639E+02
    2.1700	-1.8061E-01	-7.1302E+02
    2.1800	-1.8758E-01	-7.4053E+02
    2.1900	-1.9475E-01	-7.6882E+02
    2.2000	-2.0208E-01	-7.9777E+02
    2.2100	-2.0955E-01	-8.2725E+02
    2.2200	-2.1712E-01	-8.5716E+02
    2.2300	-2.2477E-01	-8.8737E+02
    2.2400	-2.3247E-01	-9.1775E+02
    2.2500	-2.4018E-01	-9.4819E+02
    2.2600	-2.4788E-01	-9.7858E+02
    2.2700	-2.5553E-01	-1.0088E+03
    2.2800	-2.6310E-01	-1.0387E+03
    2.2900	-2.7057E-01	-1.0682E+03
    2.3000	-2.7791E-01	-1.0971E+03
    2.3100	-2.8508E-01	-1.1255E+03
    2.3200	-2.9207E-01	-1.1530E+03
    2.3300	-2.9884E-01	-1.1798E+03
    2.3400	-3.0537E-01	-1.2055E+03
    2.3500	-3.1163E-01	-1.2303E+03
    2.3600	-3.1761E-01	-1.2539E+03
    2.3700	-3.2328E-01	-1.2762E+03
    2.3800	-3.2862E-01	-1.2973E+03
    2.3900	-3.3361E-01	-1.3170E+03
    2.4000	-3.3823E-01	-1.3353E+03
    2.4100	-3.4247E-01	-1.3520E+03
    2.4200	-3.4632E-01	-1.3672E+03
    2.4300	-3.4975E-01	-1.3808E+03
    2.4400	-3.5277E-01	-1.3927E+03
    2.4500	-3.5536E-01	-1.4029E+03
    2.4600	-3.5751E-01	-1.4114E+03
    2.4700	-3.5922E-01	-1.4181E+03
    2.4800	-3.6048E-01	-1.4231E+03
    2.4900	-3.6129E-01	-1.4263E+03
    2.5000	-3.6166E-01	-1.4277E+03
    2.5100	-3.6157E-01	-1.4274E+03
    2.5200	-3.6105E-01	-1.4253E+03
    2.5300	-3.6008E-01	-1.4215E+03
    2.5400	-3.5868E-01	-1.4160E+03
    2.5500	-3.5686E-01	-1.4088E+03
    2.5600	-3.5462E-01	-1.4000E+03
    2.5700	-3.5197E-01	-1.3895E+03
    2.5800	-3.4894E-01	-1.3776E+03
    2.5900	-3.4553E-01	-1.3641E+03
    2.6000	-3.4176E-01	-1.3492E+03
    2.6100	-3.3765E-01	-1.3330E+03
    2.6200	-3.3321E-01	-1.3154E+03
    2.6300	-3.2847E-01	-1.2967E+03
    2.6400	-3.2344E-01	-1.2769E+03
    2.6500	-3.1815E-01	-1.2560E+03
    2.6600	-3.1261E-01	-1.2341E+03
    2.6700	-3.0686E-01	-1.2114E+03
    2.6800	-3.0092E-01	-1.1880E+03
    2.6900	-2.9481E-01	-1.1638E+03
    2.7000	-2.8855E-01	-1.1391E+03
    2.7100	-2.8217E-01	-1.1140E+03
    2.7200	-2.7571E-01	-1.0884E+03
    2.7300	-2.6917E-01	-1.0626E+03
    2.7400	-2.6260E-01	-1.0367E+03
    2.7500	-2.5601E-01	-1.0107E+03
    2.7600	-2.4943E-01	-9.8470E+02
    2.7700	-2.4289E-01	-9.5888E+02
    2.7800	-2.3641E-01	-9.3331E+02
    2.7900	-2.3002E-01	-9.0809E+02
    2.8000	-2.2375E-01	-8.8331E+02
    2.8100	-2.1761E-01	-8.5907E+02
    2.8200	-2.1163E-01	-8.3547E+02
    2.8300	-2.0583E-01	-8.1258E+02
    2.8400	-2.0024E-01	-7.9050E+02
    2.8500	-1.9487E-01	-7.6931E+02
    2.8600	-1.8975E-01	-7.4908E+02
    2.8700	-1.8489E-01	-7.2990E+02
    2.8800	-1.8031E-01	-7.1182E+02
    2.8900	-1.7602E-01	-6.9491E+02
    2.9000	-1.7205E-01	-6.7923E+02
    2.9100	-1.6841E-01	-6.6484E+02
    2.9200	-1.6510E-01	-6.5179E+02
    2.9300	-1.6214E-01	-6.4011E+02
    2.9400	-1.5954E-01	-6.2984E+02
    2.9500	-1.5731E-01	-6.2102E+02
    2.9600	-1.5545E-01	-6.1367E+02
    2.9700	-1.5396E-01	-6.0782E+02
    2.9800	-1.5286E-01	-6.0346E+02
    2.9900	-1.5214E-01	-6.0063E+02
    3.0000	-1.5181E-01	-5.9930E+02
    3.0100	-1.5185E-01	-5.9948E+02
    3.0200	-1.5228E-01	-6.0117E+02
    3.0300	-1.5308E-01	-6.0434E+02
    3.0400	-1.5425E-01	-6.0897E+02
    3.0500	-1.5579E-01	-6.1503E+02
    3.0600	-1.5768E-01	-6.2250E+02
    3.0700	-1.5992E-01	-6.3133E+02
    3.0800	-1.6249E-01	-6.4148E+02
    3.0900	-1.6538E-01	-6.5290E+02
    3.1000	-1.6859E-01	-6.6554E+02
    3.1100	-1.7208E-01	-6.7935E+02
    3.1200	-1.7586E-01	-6.9425E+02
    3.1300	-1.7990E-01	-7.1019E+02
    3.1400	-1.8418E-01	-7.2710E+02
    3.1500	-1.8869E-01	-7.4489E+02
    3.1600	-1.9340E-01	-7.6351E+02
    3.1700	-1.9830E-01	-7.8286E+02
    3.1800	-2.0337E-01	-8.0287E+02
    3.1900	-2.0859E-01	-8.2346E+02
    3.2000	-2.1393E-01	-8.4454E+02
    3.2100	-2.1937E-01	-8.6602E+02
    3.2200	-2.2489E-01	-8.8782E+02
    3.2300	-2.3047E-01	-9.0985E+02
    3.2400	-2.3609E-01	-9.3203E+02
    3.2500	-2.4172E-01	-9.5425E+02
    3.2600	-2.4734E-01	-9.7645E+02
    3.2700	-2.5293E-01	-9.9852E+02
    3.2800	-2.5847E-01	-1.0204E+03
    3.2900	-2.6393E-01	-1.0420E+03
    3.3000	-2.6930E-01	-1.0632E+03
    3.3100	-2.7456E-01	-1.0839E+03
    3.3200	-2.7968E-01	-1.1041E+03
    3.3300	-2.8464E-01	-1.1237E+03
    3.3400	-2.8943E-01	-1.1426E+03
    3.3500	-2.9403E-01	-1.1608E+03
    3.3600	-2.9842E-01	-1.1781E+03
    3.3700	-3.0259E-01	-1.1946E+03
    3.3800	-3.0652E-01	-1.2101E+03
    3.3900	-3.1019E-01	-1.2246E+03
    3.4000	-3.1360E-01	-1.2380E+03
    3.4100	-3.1674E-01	-1.2504E+03
    3.4200	-3.1958E-01	-1.2616E+03
    3.4300	-3.2213E-01	-1.2717E+03
    3.4400	-3.2437E-01	-1.2805E+03
    3.4500	-3.2630E-01	-1.2882E+03
    3.4600	-3.2791E-01	-1.2945E+03
    3.4700	-3.2920E-01	-1.2996E+03
    3.4800	-3.3016E-01	-1.3034E+03
    3.4900	-3.3079E-01	-1.3059E+03
    3.5000	-3.3110E-01	-1.3071E+03
    3.5100	-3.3108E-01	-1.3070E+03
    3.5200	-3.3074E-01	-1.3057E+03
    3.5300	-3.3007E-01	-1.3031E+03
    3.5400	-3.2909E-01	-1.2992E+03
    3.5500	-3.2779E-01	-1.2941E+03
    3.5600	-3.2620E-01	-1.2878E+03
    3.5700	-3.2430E-01	-1.2803E+03
    3.5800	-3.2213E-01	-1.2717E+03
    3.5900	-3.1967E-01	-1.2620E+03
    3.6000	-3.1695E-01	-1.2513E+03
    3.6100	-3.1398E-01	-1.2395E+03
    3.6200	-3.1077E-01	-1.2268E+03
    3.6300	-3.0733E-01	-1.2133E+03
    3.6400	-3.0368E-01	-1.1989E+03
    3.6500	-2.9984E-01	-1.1837E+03
    3.6600	-2.9583E-01	-1.1679E+03
    3.6700	-2.9165E-01	-1.1514E+03
    3.6800	-2.8732E-01	-1.1343E+03
    3.6900	-2.8287E-01	-1.1167E+03
    3.7000	-2.7832E-01	-1.0987E+03
    3.7100	-2.7367E-01	-1.0804E+03
    3.7200	-2.6896E-01	-1.0618E+03
    3.7300	-2.6419E-01	-1.0430E+03
    3.7400	-2.5939E-01	-1.0240E+03
    3.7500	-2.5458E-01	-1.0050E+03
    3.7600	-2.4978E-01	-9.8608E+02
    3.7700	-2.4500E-01	-9.6721E+02
    3.7800	-2.4026E-01	-9.4852E+02
    3.7900	-2.3559E-01	-9.3007E+02
    3.8000	-2.3100E-01	-9.1193E+02
    3.8100	-2.2650E-01	-8.9418E+02
    3.8200	-2.2212E-01	-8.7688E+02
    3.8300	-2.1787E-01	-8.6010E+02
    3.8400	-2.1377E-01	-8.4391E+02
    3.8500	-2.0983E-01	-8.2835E+02
    3.8600	-2.0606E-01	-8.1349E+02
    3.8700	-2.0249E-01	-7.9938E+02
    3.8800	-1.9912E-01	-7.8608E+02
    3.8900	-1.9596E-01	-7.7362E+02
    3.9000	-1.9303E-01	-7.6206E+02
    3.9100	-1.9034E-01	-7.5144E+02
    3.9200	-1.8790E-01	-7.4178E+02
    3.9300	-1.8570E-01	-7.3312E+02
    3.9400	-1.8377E-01	-7.2550E+02
    3.9500	-1.8211E-01	-7.1893E+02
    3.9600	-1.8071E-01	-7.1342E+02
    3.9700	-1.7960E-01	-7.0901E+02
    3.9800	-1.7876E-01	-7.0569E+02
    3.9900	-1.7820E-01	-7.0348E+02
    4.0000	-1.7792E-01	-7.0238E+02
    4.0100	-1.7791E-01	-7.0237E+02
    4.0200	-1.7819E-01	-7.0347E+02
    4.0300	-1.7874E-01	-7.0564E+02
    4.0400	-1.7957E-01	-7.0889E+02
    4.0500	-1.8065E-01	-7.1319E+02
    4.0600	-1.8200E-01	-7.1851E+02
    4.0700	-1.8360E-01	-7.2484E+02
    4.0800	-1.8545E-01	-7.3213E+02
    4.0900	-1.8754E-01	-7.4035E+02
    4.1000	-1.8985E-01	-7.4947E+02
    4.1100	-1.9237E-01	-7.5945E+02
    4.1200	-1.9510E-01	-7.7023E+02
    4.1300	-1.9803E-01	-7.8178E+02
    4.1400	-2.0113E-01	-7.9403E+02
    4.1500	-2.0440E-01	-8.0695E+02
    4.1600	-2.0783E-01	-8.2047E+02
    4.1700	-2.1139E-01	-8.3453E+02
    4.1800	-2.1508E-01	-8.4909E+02
    4.1900	-2.1887E-01	-8.6407E+02
    4.2000	-2.2276E-01	-8.7942E+02
    4.2100	-2.2673E-01	-8.9507E+02
    4.2200	-2.3075E-01	-9.1096E+02
    4.2300	-2.3482E-01	-9.2703E+02
    4.2400	-2.3892E-01	-9.4321E+02
    4.2500	-2.4303E-01	-9.5943E+02
    4.2600	-2.4714E-01	-9.7564E+02
    4.2700	-2.5122E-01	-9.9177E+02
    4.2800	-2.5527E-01	-1.0078E+03
    4.2900	-2.5927E-01	-1.0235E+03
    4.3000	-2.6320E-01	-1.0391E+03
    4.3100	-2.6705E-01	-1.0542E+03
    4.3200	-2.7080E-01	-1.0690E+03
    4.3300	-2.7443E-01	-1.0834E+03
    4.3400	-2.7795E-01	-1.0973E+03
    4.3500	-2.8133E-01	-1.1106E+03
    4.3600	-2.8455E-01	-1.1234E+03
    4.3700	-2.8762E-01	-1.1354E+03
    4.3800	-2.9051E-01	-1.1469E+03
    4.3900	-2.9321E-01	-1.1575E+03
    4.4000	-2.9573E-01	-1.1675E+03
    4.4100	-2.9804E-01	-1.1766E+03
    4.4200	-3.0015E-01	-1.1849E+03
    4.4300	-3.0203E-01	-1.1924E+03
    4.4400	-3.0370E-01	-1.1989E+03
    4.4500	-3.0513E-01	-1.2046E+03
    4.4600	-3.0634E-01	-1.2094E+03
    4.4700	-3.0731E-01	-1.2132E+03
    4.4800	-3.0804E-01	-1.2161E+03
    4.4900	-3.0854E-01	-1.2180E+03
    4.5000	-3.0879E-01	-1.2190E+03
    4.5100	-3.0881E-01	-1.2191E+03
    4.5200	-3.0858E-01	-1.2182E+03
    4.5300	-3.0813E-01	-1.2164E+03
    4.5400	-3.0744E-01	-1.2137E+03
    4.5500	-3.0652E-01	-1.2101E+03
    4.5600	-3.0539E-01	-1.2056E+03
    4.5700	-3.0403E-01	-1.2002E+03
    4.5800	-3.0246E-01	-1.1941E+03
    4.5900	-3.0070E-01	-1.1871E+03
    4.6000	-2.9873E-01	-1.1793E+03
    4.6100	-2.9659E-01	-1.1709E+03
    4.6200	-2.9426E-01	-1.1617E+03
    4.6300	-2.9178E-01	-1.1519E+03
    4.6400	-2.8913E-01	-1.1414E+03
    4.6500	-2.8634E-01	-1.1304E+03
    4.6600	-2.8343E-01	-1.1189E+03
    4.6700	-2.8039E-01	-1.1069E+03
    4.6800	-2.7725E-01	-1.0945E+03
    4.6900	-2.7401E-01	-1.0817E+03
    4.7000	-2.7069E-01	-1.0686E+03
    4.7100	-2.6731E-01	-1.0553E+03
    4.7200	-2.6387E-01	-1.0417E+03
    4.7300	-2.6039E-01	-1.0280E+03
    4.7400	-2.5689E-01	-1.0142E+03
    4.7500	-2.5338E-01	-1.0003E+03
    4.7600	-2.4987E-01	-9.8645E+02
    4.7700	-2.4638E-01	-9.7266E+02
    4.7800	-2.4292E-01	-9.5899E+02
    4.7900	-2.3950E-01	-9.4549E+02
    4.8000	-2.3614E-01	-9.3222E+02
    4.8100	-2.3284E-01	-9.1922E+02
    4.8200	-2.2963E-01	-9.0655E+02
    4.8300	-2.2652E-01	-8.9425E+02
    4.8400	-2.2351E-01	-8.8237E+02
    4.8500	-2.2062E-01	-8.7095E+02
    4.8600	-2.1785E-01	-8.6003E+02
    4.8700	-2.1522E-01	-8.4966E+02
    4.8800	-2.1274E-01	-8.3987E+02
    4.8900	-2.1042E-01	-8.3070E+02
    4.9000	-2.0826E-01	-8.2218E+02
    4.9100	-2.0627E-01	-8.1433E+02
    4.9200	-2.0447E-01	-8.0719E+02
    4.9300	-2.0284E-01	-8.0078E+02
    4.9400	-2.0141E-01	-7.9511E+02
    4.9500	-2.0017E-01	-7.9022E+02
    4.9600	-1.9912E-01	-7.8610E+02
    4.9700	-1.9828E-01	-7.8278E+02
    4.9800	-1.9764E-01	-7.8026E+02
    4.9900	-1.9721E-01	-7.7854E+02
    5.0000	-1.9698E-01	-7.7763E+02
