
Predictions were generated on 05-Nov-2019 at 13:46:39 using OpenFAST, compiled as a 64-bit application using double precision at commit -128-NOTFOUND
 linked with  NWTC Subroutine Library; ElastoDyn; InflowWind; AeroDyn; ServoDyn

Description from the FAST input file: FAST Certification Test #12: WindPACT 1.5 MW Baseline with many DOFs with VS and VP and ECD wind.

Time      	Wind1VelX 	Wind1VelY 	Wind1VelZ 	OoPDefl3  	IPDefl3   	TipALxb3  	TipALyb3  	Spn4ALxb1 	Spn4ALyb1 	BldPitch3 	RotAccel  	LSSGagA   	HSShftA   	RootFxb3  	RootFyb3  	RootMEdg3 	RootMFlp3 	LSShftFya 	LSShftFza 	YawBrFxp  	YawBrFyp  	TwrBsFxt  	TwrBsFyt  	RtSkew    
(s)       	(m/s)     	(m/s)     	(m/s)     	(m)       	(m)       	(m/s^2)   	(m/s^2)   	(m/s^2)   	(m/s^2)   	(deg)     	(deg/s^2) 	(deg/s^2) 	(deg/s^2) 	(kN)      	(kN)      	(kN-m)    	(kN-m)    	(kN)      	(kN)      	(kN)      	(kN)      	(kN)      	(kN)      	(deg)     
    5.0000	 1.180E+01	-0.000E+00	 0.000E+00	 1.332E+00	-4.107E-01	 1.316E+01	 4.933E-01	 3.120E+00	 1.836E-01	 7.500E+00	 3.563E-02	 3.802E-02	 3.344E+00	 6.046E+01	-4.141E+01	 4.914E+02	 1.097E+03	 2.113E+02	 1.614E+02	 1.075E+02	 5.189E+00	 8.864E+01	 9.510E+00	 5.112E+00
    5.0500	 1.180E+01	-0.000E+00	 0.000E+00	 1.381E+00	-3.038E-01	 4.773E+01	-4.312E+00	 5.366E+00	 1.205E+00	 2.600E+00	-1.097E+01	-5.902E+00	-5.192E+02	 6.003E+01	-4.525E+01	 5.361E+02	 1.099E+03	 2.273E+02	 1.385E+02	 1.097E+02	 3.444E+00	 9.123E+01	 8.304E+00	 5.317E+00
    5.1000	 1.180E+01	-0.000E+00	 0.000E+00	 1.479E+00	-3.338E-01	 2.566E+01	 6.845E+00	 7.296E+00	-3.859E-02	 2.600E+00	 9.461E+00	-7.106E-01	-6.251E+01	 5.856E+01	-4.014E+01	 5.311E+02	 1.116E+03	 2.395E+02	 1.149E+02	 1.135E+02	 5.765E+00	 9.223E+01	 2.785E+00	 5.502E+00
    5.1500	 1.180E+01	-0.000E+00	 0.000E+00	 1.605E+00	-3.475E-01	 9.705E+00	 7.988E+00	 6.868E+00	 2.534E-01	 2.600E+00	 7.943E+00	 8.128E+00	 7.150E+02	 6.194E+01	-3.903E+01	 5.209E+02	 1.197E+03	 2.505E+02	 9.046E+01	 1.189E+02	 7.400E+00	 9.552E+01	 8.136E-01	 5.581E+00
    5.2000	 1.180E+01	-0.000E+00	 0.000E+00	 1.721E+00	-3.319E-01	 1.094E+01	 2.655E+00	 3.774E+00	 3.663E-01	 2.600E+00	 6.028E-01	 2.249E+00	 1.979E+02	 6.995E+01	-3.700E+01	 4.691E+02	 1.336E+03	 2.604E+02	 6.294E+01	 1.265E+02	 2.357E+00	 1.008E+02	 6.705E+00	 5.558E+00
    5.2500	 1.180E+01	-0.000E+00	 0.000E+00	 1.824E+00	-3.077E-01	 1.468E+01	-2.362E+00	 1.171E+00	 2.713E-01	 2.600E+00	-5.238E+00	-5.557E+00	-4.888E+02	 7.732E+01	-3.399E+01	 4.084E+02	 1.461E+03	 2.665E+02	 3.429E+01	 1.362E+02	-2.649E+00	 1.059E+02	 1.097E+01	 5.473E+00
    5.3000	 1.180E+01	-0.000E+00	 0.000E+00	 1.918E+00	-2.971E-01	 9.894E+00	-2.345E+00	 1.410E+00	 6.305E-02	 2.600E+00	-4.795E+00	-5.204E+00	-4.578E+02	 7.968E+01	-3.035E+01	 3.665E+02	 1.516E+03	 2.677E+02	 6.879E+00	 1.467E+02	-2.272E+00	 1.112E+02	 6.486E+00	 5.359E+00
    5.3500	 1.180E+01	-0.000E+00	 0.000E+00	 1.991E+00	-2.997E-01	 1.696E+00	 1.110E+00	 3.508E+00	-2.183E-01	 2.600E+00	 6.212E-01	 6.764E-01	 5.950E+01	 7.799E+01	-2.617E+01	 3.381E+02	 1.510E+03	 2.656E+02	-1.926E+01	 1.567E+02	 1.606E+00	 1.198E+02	-3.275E+00	 5.246E+00
    5.4000	 1.180E+01	-0.000E+00	 0.000E+00	 2.021E+00	-2.977E-01	 8.810E-01	 2.990E+00	 4.970E+00	-4.114E-01	 2.600E+00	 4.716E+00	 4.906E+00	 4.316E+02	 7.615E+01	-2.190E+01	 3.029E+02	 1.490E+03	 2.613E+02	-4.578E+01	 1.660E+02	 3.599E+00	 1.346E+02	-9.233E+00	 5.162E+00
    5.4500	 1.180E+01	-0.000E+00	 0.000E+00	 2.006E+00	-2.793E-01	 9.266E+00	 1.150E+00	 4.889E+00	-4.138E-01	 2.600E+00	 4.038E+00	 4.125E+00	 3.629E+02	 7.622E+01	-1.781E+01	 2.509E+02	 1.483E+03	 2.548E+02	-7.356E+01	 1.754E+02	 8.664E-01	 1.545E+02	-6.600E+00	 5.118E+00
    5.5000	 1.180E+01	-0.000E+00	 0.000E+00	 1.967E+00	-2.499E-01	 1.896E+01	-2.039E+00	 4.430E+00	-2.884E-01	 2.600E+00	 9.472E-01	 8.880E-01	 7.811E+01	 7.674E+01	-1.377E+01	 1.908E+02	 1.477E+03	 2.450E+02	-1.013E+02	 1.860E+02	-4.392E+00	 1.750E+02	 6.329E-01	 5.111E+00
    5.5500	 1.180E+01	-0.000E+00	 0.000E+00	 1.926E+00	-2.231E-01	 2.271E+01	-3.304E+00	 4.773E+00	-1.705E-01	 2.600E+00	-4.746E-01	-5.652E-01	-4.972E+01	 7.588E+01	-9.656E+00	 1.370E+02	 1.453E+03	 2.318E+02	-1.269E+02	 1.983E+02	-7.771E+00	 1.926E+02	 4.402E+00	 5.133E+00
    5.6000	 1.180E+01	-0.000E+00	 0.000E+00	 1.894E+00	-2.054E-01	 2.109E+01	-2.089E+00	 5.629E+00	-1.334E-01	 2.600E+00	 7.837E-01	 7.654E-01	 6.733E+01	 7.368E+01	-5.524E+00	 9.419E+01	 1.415E+03	 2.163E+02	-1.492E+02	 2.118E+02	-7.233E+00	 2.071E+02	 6.597E-01	 5.175E+00
    5.6500	 1.180E+01	-0.000E+00	 0.000E+00	 1.868E+00	-1.925E-01	 1.945E+01	-3.391E-01	 5.912E+00	-1.520E-01	 2.600E+00	 2.454E+00	 2.514E+00	 2.211E+02	 7.184E+01	-1.559E+00	 5.602E+01	 1.383E+03	 1.993E+02	-1.691E+02	 2.257E+02	-4.579E+00	 2.210E+02	-7.456E+00	 5.231E+00
    5.7000	 1.180E+01	-0.000E+00	 0.000E+00	 1.843E+00	-1.772E-01	 2.077E+01	 1.270E-01	 5.216E+00	-1.539E-01	 2.600E+00	 2.301E+00	 2.357E+00	 2.073E+02	 7.151E+01	 2.118E+00	 1.490E+01	 1.372E+03	 1.807E+02	-1.877E+02	 2.388E+02	-3.108E+00	 2.366E+02	-1.344E+01	 5.297E+00
    5.7500	 1.180E+01	-0.000E+00	 0.000E+00	 1.824E+00	-1.582E-01	 2.317E+01	-5.677E-01	 4.228E+00	-1.189E-01	 2.600E+00	 6.029E-01	 5.914E-01	 5.203E+01	 7.227E+01	 5.552E+00	-2.951E+01	 1.376E+03	 1.599E+02	-2.052E+02	 2.509E+02	-4.390E+00	 2.540E+02	-1.354E+01	 5.364E+00
    5.8000	 1.180E+01	-0.000E+00	 0.000E+00	 1.816E+00	-1.399E-01	 2.349E+01	-1.054E+00	 3.739E+00	-8.952E-02	 2.600E+00	-6.030E-01	-6.594E-01	-5.801E+01	 7.299E+01	 8.889E+00	-7.210E+01	 1.383E+03	 1.368E+02	-2.208E+02	 2.619E+02	-7.274E+00	 2.714E+02	-9.349E+00	 5.429E+00
    5.8500	 1.180E+01	-0.000E+00	 0.000E+00	 1.820E+00	-1.261E-01	 2.133E+01	-5.520E-01	 3.749E+00	-1.104E-01	 2.600E+00	-6.177E-02	-9.808E-02	-8.627E+00	 7.317E+01	 1.222E+01	-1.097E+02	 1.387E+03	 1.123E+02	-2.337E+02	 2.724E+02	-9.494E+00	 2.868E+02	-5.387E+00	 5.489E+00
    5.9000	 1.180E+01	-0.000E+00	 0.000E+00	 1.831E+00	-1.159E-01	 1.901E+01	 3.528E-01	 3.699E+00	-1.793E-01	 2.600E+00	 1.450E+00	 1.469E+00	 1.292E+02	 7.327E+01	 1.552E+01	-1.443E+02	 1.390E+03	 8.706E+01	-2.436E+02	 2.826E+02	-9.789E+00	 2.990E+02	-4.910E+00	 5.543E+00
    5.9500	 1.180E+01	-0.000E+00	 0.000E+00	 1.843E+00	-1.050E-01	 1.839E+01	 5.775E-01	 3.280E+00	-2.566E-01	 2.600E+00	 2.250E+00	 2.296E+00	 2.020E+02	 7.383E+01	 1.865E+01	-1.801E+02	 1.401E+03	 6.142E+01	-2.508E+02	 2.923E+02	-8.605E+00	 3.083E+02	-7.755E+00	 5.591E+00
    6.0000	 1.180E+01	-0.000E+00	 0.000E+00	 1.855E+00	-9.156E-02	 1.910E+01	-1.948E-01	 2.747E+00	-3.129E-01	 2.600E+00	 1.666E+00	 1.686E+00	 1.483E+02	 7.483E+01	 2.146E+01	-2.172E+02	 1.417E+03	 3.530E+01	-2.556E+02	 3.010E+02	-7.228E+00	 3.159E+02	-1.133E+01	 5.628E+00
    6.0500	 1.180E+01	-1.545E-03	 0.000E+00	 1.868E+00	-7.795E-02	 1.966E+01	-1.261E+00	 2.502E+00	-3.568E-01	 2.600E+00	 5.862E-01	 5.629E-01	 4.951E+01	 7.581E+01	 2.388E+01	-2.511E+02	 1.432E+03	 8.659E+00	-2.578E+02	 3.078E+02	-6.583E+00	 3.230E+02	-1.303E+01	 5.649E+00
    6.1000	 1.180E+01	-3.090E-03	 0.000E+00	 1.882E+00	-6.813E-02	 1.942E+01	-1.732E+00	 2.610E+00	-4.150E-01	 2.600E+00	 3.063E-01	 2.681E-01	 2.358E+01	 7.649E+01	 2.588E+01	-2.766E+02	 1.445E+03	-1.830E+01	-2.574E+02	 3.125E+02	-6.766E+00	 3.297E+02	-1.195E+01	 5.658E+00
    6.1500	 1.181E+01	-7.729E-03	 0.000E+00	 1.899E+00	-6.390E-02	 1.899E+01	-1.405E+00	 2.837E+00	-5.006E-01	 2.600E+00	 1.156E+00	 1.144E+00	 1.006E+02	 7.701E+01	 2.743E+01	-2.921E+02	 1.456E+03	-4.520E+01	-2.542E+02	 3.153E+02	-7.308E+00	 3.356E+02	-8.972E+00	 5.659E+00
    6.2000	 1.181E+01	-1.237E-02	 0.000E+00	 1.917E+00	-6.371E-02	 1.903E+01	-8.005E-01	 2.955E+00	-6.024E-01	 2.600E+00	 2.321E+00	 2.340E+00	 2.058E+02	 7.771E+01	 2.850E+01	-3.000E+02	 1.470E+03	-7.157E+01	-2.481E+02	 3.168E+02	-7.634E+00	 3.392E+02	-5.892E+00	 5.663E+00
    6.2500	 1.182E+01	-2.012E-02	 0.000E+00	 1.935E+00	-6.488E-02	 1.949E+01	-5.232E-01	 2.991E+00	-7.018E-01	 2.600E+00	 2.821E+00	 2.852E+00	 2.509E+02	 7.857E+01	 2.909E+01	-3.039E+02	 1.488E+03	-9.698E+01	-2.392E+02	 3.173E+02	-7.321E+00	 3.395E+02	-4.268E+00	 5.676E+00
    6.3000	 1.183E+01	-2.788E-02	 0.000E+00	 1.956E+00	-6.619E-02	 1.976E+01	-6.937E-01	 3.071E+00	-7.928E-01	 2.600E+00	 2.489E+00	 2.497E+00	 2.197E+02	 7.954E+01	 2.925E+01	-3.053E+02	 1.507E+03	-1.211E+02	-2.277E+02	 3.169E+02	-6.244E+00	 3.366E+02	-4.567E+00	 5.699E+00
    6.3500	 1.185E+01	-3.887E-02	 0.000E+00	 1.980E+00	-6.833E-02	 1.961E+01	-1.017E+00	 3.268E+00	-8.775E-01	 2.600E+00	 1.928E+00	 1.916E+00	 1.685E+02	 8.050E+01	 2.904E+01	-3.034E+02	 1.526E+03	-1.439E+02	-2.140E+02	 3.153E+02	-4.659E+00	 3.314E+02	-5.925E+00	 5.727E+00
    6.4000	 1.186E+01	-4.988E-02	 0.000E+00	 2.007E+00	-7.251E-02	 1.933E+01	-1.199E+00	 3.523E+00	-9.544E-01	 2.600E+00	 1.800E+00	 1.780E+00	 1.566E+02	 8.142E+01	 2.854E+01	-2.971E+02	 1.546E+03	-1.654E+02	-1.982E+02	 3.119E+02	-3.150E+00	 3.254E+02	-6.674E+00	 5.754E+00
    6.4500	 1.188E+01	-6.394E-02	 0.000E+00	 2.034E+00	-7.907E-02	 1.927E+01	-1.239E+00	 3.785E+00	-1.013E+00	 2.600E+00	 2.227E+00	 2.221E+00	 1.954E+02	 8.237E+01	 2.771E+01	-2.858E+02	 1.567E+03	-1.856E+02	-1.805E+02	 3.068E+02	-2.262E+00	 3.192E+02	-5.500E+00	 5.772E+00
    6.5000	 1.189E+01	-7.804E-02	 0.000E+00	 2.063E+00	-8.743E-02	 1.940E+01	-1.326E+00	 4.039E+00	-1.046E+00	 2.600E+00	 2.835E+00	 2.840E+00	 2.498E+02	 8.329E+01	 2.649E+01	-2.701E+02	 1.588E+03	-2.042E+02	-1.606E+02	 3.002E+02	-2.085E+00	 3.123E+02	-2.447E+00	 5.778E+00
    6.5500	 1.191E+01	-9.522E-02	 0.000E+00	 2.092E+00	-9.712E-02	 1.950E+01	-1.566E+00	 4.312E+00	-1.057E+00	 2.600E+00	 3.229E+00	 3.241E+00	 2.851E+02	 8.411E+01	 2.484E+01	-2.500E+02	 1.609E+03	-2.206E+02	-1.388E+02	 2.928E+02	-2.107E+00	 3.039E+02	 1.026E+00	 5.772E+00
    6.6000	 1.193E+01	-1.125E-01	 0.000E+00	 2.120E+00	-1.083E-01	 1.952E+01	-1.872E+00	 4.584E+00	-1.061E+00	 2.600E+00	 3.309E+00	 3.313E+00	 2.914E+02	 8.479E+01	 2.276E+01	-2.251E+02	 1.627E+03	-2.345E+02	-1.153E+02	 2.850E+02	-1.623E+00	 2.932E+02	 3.139E+00	 5.758E+00
    6.6500	 1.196E+01	-1.330E-01	 0.000E+00	 2.148E+00	-1.215E-01	 1.966E+01	-2.075E+00	 4.836E+00	-1.069E+00	 2.600E+00	 3.226E+00	 3.226E+00	 2.838E+02	 8.538E+01	 2.028E+01	-1.947E+02	 1.643E+03	-2.456E+02	-9.061E+01	 2.769E+02	-3.199E-01	 2.807E+02	 3.174E+00	 5.741E+00
    6.7000	 1.198E+01	-1.537E-01	 0.000E+00	 2.172E+00	-1.369E-01	 2.009E+01	-2.103E+00	 5.051E+00	-1.083E+00	 2.600E+00	 3.161E+00	 3.157E+00	 2.777E+02	 8.591E+01	 1.741E+01	-1.587E+02	 1.658E+03	-2.541E+02	-6.487E+01	 2.683E+02	 1.427E+00	 2.673E+02	 2.033E+00	 5.725E+00
    6.7500	 1.201E+01	-1.774E-01	 0.000E+00	 2.194E+00	-1.543E-01	 2.070E+01	-2.023E+00	 5.260E+00	-1.096E+00	 2.600E+00	 3.187E+00	 3.187E+00	 2.804E+02	 8.635E+01	 1.419E+01	-1.178E+02	 1.671E+03	-2.599E+02	-3.819E+01	 2.590E+02	 2.859E+00	 2.543E+02	 1.474E+00	 5.712E+00
    6.8000	 1.203E+01	-2.012E-01	 0.000E+00	 2.214E+00	-1.728E-01	 2.123E+01	-1.932E+00	 5.462E+00	-1.103E+00	 2.600E+00	 3.323E+00	 3.301E+00	 2.904E+02	 8.658E+01	 1.064E+01	-7.326E+01	 1.681E+03	-2.632E+02	-1.066E+01	 2.492E+02	 3.445E+00	 2.421E+02	 2.681E+00	 5.700E+00
    6.8500	 1.206E+01	-2.284E-01	 0.000E+00	 2.232E+00	-1.920E-01	 2.157E+01	-1.885E+00	 5.645E+00	-1.099E+00	 2.600E+00	 3.505E+00	 3.502E+00	 3.080E+02	 8.659E+01	 6.847E+00	-2.627E+01	 1.688E+03	-2.635E+02	 1.738E+01	 2.392E+02	 3.307E+00	 2.305E+02	 5.335E+00	 5.692E+00
    6.9000	 1.210E+01	-2.557E-01	 0.000E+00	 2.246E+00	-2.113E-01	 2.188E+01	-1.861E+00	 5.765E+00	-1.091E+00	 2.600E+00	 3.729E+00	 3.729E+00	 3.280E+02	 8.644E+01	 2.895E+00	 2.218E+01	 1.691E+03	-2.609E+02	 4.540E+01	 2.294E+02	 3.057E+00	 2.188E+02	 7.939E+00	 5.685E+00
    6.9500	 1.213E+01	-2.863E-01	 0.000E+00	 2.256E+00	-2.305E-01	 2.235E+01	-1.862E+00	 5.826E+00	-1.083E+00	 2.600E+00	 3.884E+00	 3.891E+00	 3.423E+02	 8.624E+01	-1.134E+00	 7.117E+01	 1.693E+03	-2.551E+02	 7.283E+01	 2.203E+02	 3.286E+00	 2.068E+02	 9.034E+00	 5.683E+00
    7.0000	 1.216E+01	-3.170E-01	 0.000E+00	 2.262E+00	-2.492E-01	 2.304E+01	-1.925E+00	 5.843E+00	-1.071E+00	 2.600E+00	 3.864E+00	 3.867E+00	 3.402E+02	 8.603E+01	-5.203E+00	 1.200E+02	 1.693E+03	-2.464E+02	 9.932E+01	 2.119E+02	 4.088E+00	 1.948E+02	 8.308E+00	 5.684E+00
    7.0500	 1.220E+01	-3.511E-01	 0.000E+00	 2.265E+00	-2.671E-01	 2.378E+01	-2.057E+00	 5.854E+00	-1.051E+00	 2.600E+00	 3.684E+00	 3.687E+00	 3.243E+02	 8.583E+01	-9.307E+00	 1.684E+02	 1.691E+03	-2.349E+02	 1.247E+02	 2.042E+02	 5.050E+00	 1.835E+02	 6.719E+00	 5.692E+00
    7.1000	 1.224E+01	-3.854E-01	 0.000E+00	 2.265E+00	-2.844E-01	 2.440E+01	-2.215E+00	 5.852E+00	-1.024E+00	 2.600E+00	 3.484E+00	 3.478E+00	 3.060E+02	 8.558E+01	-1.344E+01	 2.165E+02	 1.688E+03	-2.206E+02	 1.489E+02	 1.970E+02	 5.587E+00	 1.737E+02	 5.681E+00	 5.704E+00
    7.1500	 1.228E+01	-4.230E-01	 0.000E+00	 2.263E+00	-3.015E-01	 2.479E+01	-2.305E+00	 5.830E+00	-9.961E-01	 2.600E+00	 3.425E+00	 3.420E+00	 3.008E+02	 8.526E+01	-1.759E+01	 2.648E+02	 1.684E+03	-2.036E+02	 1.718E+02	 1.905E+02	 5.407E+00	 1.656E+02	 5.966E+00	 5.726E+00
    7.2000	 1.232E+01	-4.607E-01	 0.000E+00	 2.260E+00	-3.186E-01	 2.502E+01	-2.265E+00	 5.765E+00	-9.742E-01	 2.600E+00	 3.549E+00	 3.545E+00	 3.119E+02	 8.492E+01	-2.172E+01	 3.131E+02	 1.679E+03	-1.841E+02	 1.929E+02	 1.847E+02	 4.679E+00	 1.593E+02	 7.211E+00	 5.755E+00
    7.2500	 1.236E+01	-5.020E-01	 0.000E+00	 2.255E+00	-3.355E-01	 2.523E+01	-2.102E+00	 5.680E+00	-9.665E-01	 2.600E+00	 3.757E+00	 3.793E+00	 3.336E+02	 8.465E+01	-2.574E+01	 3.606E+02	 1.673E+03	-1.623E+02	 2.118E+02	 1.802E+02	 3.859E+00	 1.542E+02	 8.291E+00	 5.798E+00
    7.3000	 1.241E+01	-5.436E-01	 0.000E+00	 2.248E+00	-3.516E-01	 2.546E+01	-1.895E+00	 5.596E+00	-9.826E-01	 2.600E+00	 3.929E+00	 3.928E+00	 3.456E+02	 8.450E+01	-2.955E+01	 4.055E+02	 1.669E+03	-1.385E+02	 2.282E+02	 1.770E+02	 3.296E+00	 1.500E+02	 8.221E+00	 5.850E+00
    7.3500	 1.245E+01	-5.886E-01	 0.000E+00	 2.241E+00	-3.661E-01	 2.563E+01	-1.792E+00	 5.544E+00	-1.002E+00	 2.600E+00	 3.777E+00	 3.780E+00	 3.325E+02	 8.448E+01	-3.312E+01	 4.469E+02	 1.666E+03	-1.131E+02	 2.417E+02	 1.752E+02	 3.120E+00	 1.469E+02	 6.749E+00	 5.917E+00
    7.4000	 1.250E+01	-6.340E-01	 0.000E+00	 2.234E+00	-3.788E-01	 2.569E+01	-1.778E+00	 5.515E+00	-1.020E+00	 2.600E+00	 3.475E+00	 3.472E+00	 3.055E+02	 8.456E+01	-3.638E+01	 4.839E+02	 1.663E+03	-8.641E+01	 2.524E+02	 1.747E+02	 3.073E+00	 1.453E+02	 4.574E+00	 5.993E+00
    7.4500	 1.255E+01	-6.827E-01	 0.000E+00	 2.227E+00	-3.920E-01	 2.512E+01	-1.772E+00	 5.319E+00	-1.019E+00	 2.661E+00	 3.183E+00	 3.674E+00	 3.232E+02	 8.443E+01	-3.923E+01	 5.158E+02	 1.660E+03	-5.868E+01	 2.600E+02	 1.752E+02	 2.890E+00	 1.456E+02	 2.690E+00	 6.083E+00
    7.5000	 1.260E+01	-7.318E-01	 0.000E+00	 2.220E+00	-4.038E-01	 2.446E+01	-1.775E+00	 5.248E+00	-1.044E+00	 2.746E+00	 3.315E+00	 3.719E+00	 3.272E+02	 8.467E+01	-4.165E+01	 5.416E+02	 1.659E+03	-3.007E+01	 2.647E+02	 1.769E+02	 2.046E+00	 1.481E+02	 2.017E+00	 6.179E+00
    7.5500	 1.265E+01	-7.846E-01	 0.000E+00	 2.212E+00	-4.131E-01	 2.411E+01	-1.971E+00	 5.160E+00	-1.052E+00	 2.835E+00	 3.309E+00	 3.738E+00	 3.288E+02	 8.501E+01	-4.370E+01	 5.619E+02	 1.659E+03	-9.300E-01	 2.661E+02	 1.796E+02	 7.158E-01	 1.525E+02	 2.259E+00	 6.291E+00
    7.6000	 1.270E+01	-8.378E-01	 0.000E+00	 2.202E+00	-4.205E-01	 2.390E+01	-2.164E+00	 5.118E+00	-1.056E+00	 2.926E+00	 3.308E+00	 3.757E+00	 3.305E+02	 8.537E+01	-4.533E+01	 5.773E+02	 1.658E+03	 2.820E+01	 2.643E+02	 1.835E+02	-6.304E-01	 1.583E+02	 2.378E+00	 6.415E+00
    7.6500	 1.275E+01	-8.945E-01	 0.000E+00	 2.191E+00	-4.265E-01	 2.365E+01	-2.212E+00	 5.162E+00	-1.064E+00	 3.020E+00	 3.389E+00	 3.857E+00	 3.393E+02	 8.571E+01	-4.651E+01	 5.883E+02	 1.657E+03	 5.679E+01	 2.591E+02	 1.887E+02	-1.553E+00	 1.651E+02	 1.439E+00	 6.560E+00
    7.7000	 1.281E+01	-9.516E-01	 0.000E+00	 2.179E+00	-4.313E-01	 2.337E+01	-2.159E+00	 5.250E+00	-1.073E+00	 3.118E+00	 3.467E+00	 3.956E+00	 3.480E+02	 8.603E+01	-4.723E+01	 5.946E+02	 1.655E+03	 8.448E+01	 2.509E+02	 1.949E+02	-2.029E+00	 1.728E+02	-5.991E-01	 6.718E+00
    7.7500	 1.287E+01	-1.012E+00	 0.000E+00	 2.167E+00	-4.343E-01	 2.317E+01	-2.128E+00	 5.334E+00	-1.081E+00	 3.220E+00	 3.438E+00	 3.948E+00	 3.473E+02	 8.637E+01	-4.753E+01	 5.959E+02	 1.653E+03	 1.111E+02	 2.397E+02	 2.021E+02	-2.405E+00	 1.817E+02	-2.924E+00	 6.896E+00
    7.8000	 1.292E+01	-1.074E+00	 0.000E+00	 2.155E+00	-4.353E-01	 2.304E+01	-2.163E+00	 5.376E+00	-1.085E+00	 3.323E+00	 3.329E+00	 3.838E+00	 3.376E+02	 8.675E+01	-4.741E+01	 5.919E+02	 1.652E+03	 1.363E+02	 2.257E+02	 2.098E+02	-3.061E+00	 1.918E+02	-4.590E+00	 7.083E+00
    7.8500	 1.298E+01	-1.139E+00	 0.000E+00	 2.144E+00	-4.344E-01	 2.288E+01	-2.200E+00	 5.401E+00	-1.086E+00	 3.427E+00	 3.287E+00	 3.796E+00	 3.339E+02	 8.714E+01	-4.684E+01	 5.828E+02	 1.651E+03	 1.600E+02	 2.090E+02	 2.180E+02	-4.084E+00	 2.031E+02	-5.251E+00	 7.286E+00
    7.9000	 1.304E+01	-1.204E+00	 0.000E+00	 2.134E+00	-4.319E-01	 2.264E+01	-2.171E+00	 5.417E+00	-1.087E+00	 3.532E+00	 3.414E+00	 3.939E+00	 3.465E+02	 8.750E+01	-4.580E+01	 5.686E+02	 1.650E+03	 1.817E+02	 1.897E+02	 2.265E+02	-5.251E+00	 2.150E+02	-5.317E+00	 7.495E+00
    7.9500	 1.310E+01	-1.274E+00	 0.000E+00	 2.124E+00	-4.279E-01	 2.234E+01	-2.105E+00	 5.430E+00	-1.090E+00	 3.643E+00	 3.651E+00	 4.217E+00	 3.709E+02	 8.783E+01	-4.427E+01	 5.489E+02	 1.650E+03	 2.010E+02	 1.681E+02	 2.355E+02	-6.235E+00	 2.270E+02	-5.535E+00	 7.718E+00
    8.0000	 1.316E+01	-1.343E+00	 0.000E+00	 2.115E+00	-4.220E-01	 2.208E+01	-2.109E+00	 5.410E+00	-1.097E+00	 3.760E+00	 3.830E+00	 4.434E+00	 3.901E+02	 8.813E+01	-4.226E+01	 5.233E+02	 1.649E+03	 2.177E+02	 1.445E+02	 2.447E+02	-6.854E+00	 2.387E+02	-6.380E+00	 7.947E+00
    8.0500	 1.323E+01	-1.417E+00	 0.000E+00	 2.106E+00	-4.140E-01	 2.192E+01	-2.248E+00	 5.362E+00	-1.106E+00	 3.883E+00	 3.852E+00	 4.479E+00	 3.940E+02	 8.840E+01	-3.980E+01	 4.919E+02	 1.648E+03	 2.316E+02	 1.193E+02	 2.539E+02	-7.155E+00	 2.501E+02	-7.760E+00	 8.191E+00
    8.1000	 1.329E+01	-1.491E+00	 0.000E+00	 2.097E+00	-4.039E-01	 2.185E+01	-2.477E+00	 5.284E+00	-1.120E+00	 4.009E+00	 3.788E+00	 4.417E+00	 3.885E+02	 8.859E+01	-3.696E+01	 4.555E+02	 1.647E+03	 2.427E+02	 9.282E+01	 2.630E+02	-7.341E+00	 2.612E+02	-9.138E+00	 8.439E+00
    8.1500	 1.336E+01	-1.569E+00	 0.000E+00	 2.088E+00	-3.923E-01	 2.186E+01	-2.682E+00	 5.201E+00	-1.139E+00	 4.136E+00	 3.806E+00	 4.443E+00	 3.908E+02	 8.867E+01	-3.376E+01	 4.153E+02	 1.644E+03	 2.509E+02	 6.524E+01	 2.717E+02	-7.595E+00	 2.721E+02	-9.952E+00	 8.701E+00
    8.2000	 1.342E+01	-1.648E+00	 0.000E+00	 2.078E+00	-3.799E-01	 2.194E+01	-2.784E+00	 5.106E+00	-1.166E+00	 4.265E+00	 4.010E+00	 4.672E+00	 4.110E+02	 8.863E+01	-3.026E+01	 3.722E+02	 1.640E+03	 2.561E+02	 3.690E+01	 2.798E+02	-7.981E+00	 2.826E+02	-9.978E+00	 8.965E+00
    8.2500	 1.349E+01	-1.731E+00	 0.000E+00	 2.067E+00	-3.669E-01	 2.209E+01	-2.807E+00	 4.996E+00	-1.204E+00	 4.402E+00	 4.339E+00	 5.058E+00	 4.449E+02	 8.852E+01	-2.649E+01	 3.266E+02	 1.635E+03	 2.582E+02	 8.150E+00	 2.872E+02	-8.402E+00	 2.924E+02	-9.453E+00	 9.239E+00
    8.3000	 1.355E+01	-1.814E+00	 0.000E+00	 2.056E+00	-3.532E-01	 2.228E+01	-2.837E+00	 4.857E+00	-1.255E+00	 4.548E+00	 4.641E+00	 5.418E+00	 4.766E+02	 8.836E+01	-2.250E+01	 2.783E+02	 1.630E+03	 2.571E+02	-2.062E+01	 2.940E+02	-8.682E+00	 3.012E+02	-8.877E+00	 9.512E+00
    8.3500	 1.362E+01	-1.901E+00	 0.000E+00	 2.045E+00	-3.386E-01	 2.250E+01	-2.939E+00	 4.703E+00	-1.318E+00	 4.702E+00	 4.795E+00	 5.619E+00	 4.943E+02	 8.817E+01	-1.832E+01	 2.274E+02	 1.624E+03	 2.529E+02	-4.902E+01	 3.001E+02	-8.672E+00	 3.087E+02	-8.672E+00	 9.792E+00
    8.4000	 1.369E+01	-1.989E+00	 0.000E+00	 2.033E+00	-3.232E-01	 2.272E+01	-3.092E+00	 4.549E+00	-1.394E+00	 4.861E+00	 4.851E+00	 5.703E+00	 5.017E+02	 8.794E+01	-1.400E+01	 1.745E+02	 1.618E+03	 2.457E+02	-7.671E+01	 3.054E+02	-8.344E+00	 3.150E+02	-8.894E+00	 1.007E+01
    8.4500	 1.376E+01	-2.081E+00	 0.000E+00	 2.022E+00	-3.074E-01	 2.294E+01	-3.235E+00	 4.416E+00	-1.482E+00	 5.024E+00	 4.935E+00	 5.818E+00	 5.118E+02	 8.767E+01	-9.575E+00	 1.205E+02	 1.612E+03	 2.355E+02	-1.034E+02	 3.097E+02	-7.824E+00	 3.201E+02	-9.199E+00	 1.035E+01
    8.5000	 1.383E+01	-2.174E+00	 0.000E+00	 2.011E+00	-2.916E-01	 2.313E+01	-3.337E+00	 4.295E+00	-1.578E+00	 5.191E+00	 5.125E+00	 6.044E+00	 5.317E+02	 8.737E+01	-5.087E+00	 6.597E+01	 1.606E+03	 2.224E+02	-1.289E+02	 3.130E+02	-7.322E+00	 3.241E+02	-9.083E+00	 1.063E+01
    8.5500	 1.390E+01	-2.271E+00	 0.000E+00	 2.001E+00	-2.761E-01	 2.330E+01	-3.422E+00	 4.190E+00	-1.675E+00	 5.366E+00	 5.400E+00	 6.372E+00	 5.605E+02	 8.706E+01	-5.886E-01	 1.152E+01	 1.600E+03	 2.066E+02	-1.529E+02	 3.152E+02	-6.969E+00	 3.270E+02	-8.278E+00	 1.092E+01
    8.6000	 1.397E+01	-2.368E+00	 0.000E+00	 1.992E+00	-2.612E-01	 2.338E+01	-3.528E+00	 4.099E+00	-1.771E+00	 5.548E+00	 5.688E+00	 6.710E+00	 5.903E+02	 8.678E+01	 3.868E+00	-4.251E+01	 1.595E+03	 1.881E+02	-1.752E+02	 3.162E+02	-6.725E+00	 3.286E+02	-6.962E+00	 1.120E+01
    8.6500	 1.404E+01	-2.470E+00	 0.000E+00	 1.984E+00	-2.468E-01	 2.344E+01	-3.670E+00	 4.045E+00	-1.869E+00	 5.738E+00	 5.956E+00	 7.021E+00	 6.176E+02	 8.654E+01	 8.234E+00	-9.562E+01	 1.592E+03	 1.673E+02	-1.953E+02	 3.162E+02	-6.409E+00	 3.288E+02	-5.637E+00	 1.149E+01
    8.7000	 1.411E+01	-2.572E+00	 0.000E+00	 1.977E+00	-2.333E-01	 2.333E+01	-3.854E+00	 3.980E+00	-1.961E+00	 5.937E+00	 6.100E+00	 7.212E+00	 6.344E+02	 8.631E+01	 1.243E+01	-1.469E+02	 1.589E+03	 1.443E+02	-2.129E+02	 3.153E+02	-5.867E+00	 3.274E+02	-4.724E+00	 1.177E+01
    8.7500	 1.418E+01	-2.678E+00	 0.000E+00	 1.971E+00	-2.211E-01	 2.309E+01	-4.030E+00	 3.966E+00	-2.050E+00	 6.140E+00	 6.198E+00	 7.371E+00	 6.484E+02	 8.611E+01	 1.639E+01	-1.953E+02	 1.586E+03	 1.196E+02	-2.278E+02	 3.133E+02	-5.066E+00	 3.244E+02	-4.315E+00	 1.206E+01
    8.8000	 1.425E+01	-2.786E+00	 0.000E+00	 1.965E+00	-2.106E-01	 2.362E+01	-4.165E+00	 3.926E+00	-2.140E+00	 6.349E+00	 6.362E+00	 7.581E+00	 6.669E+02	 8.600E+01	 2.007E+01	-2.401E+02	 1.585E+03	 9.332E+01	-2.400E+02	 3.103E+02	-4.147E+00	 3.203E+02	-4.078E+00	 1.235E+01
    8.8500	 1.432E+01	-2.897E+00	 0.000E+00	 1.961E+00	-2.019E-01	 2.333E+01	-4.226E+00	 4.043E+00	-2.216E+00	 6.564E+00	 6.497E+00	 7.755E+00	 6.821E+02	 8.576E+01	 2.340E+01	-2.805E+02	 1.583E+03	 6.575E+01	-2.491E+02	 3.062E+02	-3.362E+00	 3.151E+02	-3.518E+00	 1.264E+01
    8.9000	 1.439E+01	-3.009E+00	 0.000E+00	 1.958E+00	-1.953E-01	 2.277E+01	-4.274E+00	 4.228E+00	-2.279E+00	 6.784E+00	 6.643E+00	 7.915E+00	 6.962E+02	 8.556E+01	 2.635E+01	-3.163E+02	 1.581E+03	 3.715E+01	-2.551E+02	 3.010E+02	-2.805E+00	 3.091E+02	-2.443E+00	 1.293E+01
    8.9500	 1.446E+01	-3.125E+00	 0.000E+00	 1.954E+00	-1.907E-01	 2.260E+01	-4.333E+00	 4.369E+00	-2.327E+00	 7.010E+00	 6.803E+00	 8.128E+00	 7.150E+02	 8.532E+01	 2.892E+01	-3.472E+02	 1.579E+03	 7.874E+00	-2.579E+02	 2.950E+02	-2.377E+00	 3.020E+02	-1.095E+00	 1.323E+01
    9.0000	 1.453E+01	-3.243E+00	 0.000E+00	 1.950E+00	-1.881E-01	 2.264E+01	-4.392E+00	 4.469E+00	-2.366E+00	 7.242E+00	 6.980E+00	 8.367E+00	 7.360E+02	 8.516E+01	 3.107E+01	-3.730E+02	 1.578E+03	-2.170E+01	-2.573E+02	 2.882E+02	-1.931E+00	 2.938E+02	 1.104E-01	 1.353E+01
    9.0500	 1.461E+01	-3.363E+00	 0.000E+00	 1.944E+00	-1.874E-01	 2.252E+01	-4.465E+00	 4.614E+00	-2.387E+00	 7.480E+00	 7.070E+00	 8.491E+00	 7.469E+02	 8.492E+01	 3.275E+01	-3.934E+02	 1.575E+03	-5.110E+01	-2.533E+02	 2.808E+02	-1.387E+00	 2.845E+02	 8.936E-01	 1.384E+01
    9.1000	 1.468E+01	-3.485E+00	 0.000E+00	 1.938E+00	-1.886E-01	 2.215E+01	-4.548E+00	 4.813E+00	-2.390E+00	 7.723E+00	 7.058E+00	 8.494E+00	 7.472E+02	 8.454E+01	 3.395E+01	-4.080E+02	 1.571E+03	-7.992E+01	-2.459E+02	 2.729E+02	-7.561E-01	 2.742E+02	 1.240E+00	 1.415E+01
    9.1500	 1.475E+01	-3.611E+00	 0.000E+00	 1.929E+00	-1.918E-01	 2.182E+01	-4.614E+00	 5.018E+00	-2.376E+00	 7.969E+00	 7.016E+00	 8.469E+00	 7.450E+02	 8.402E+01	 3.464E+01	-4.163E+02	 1.564E+03	-1.079E+02	-2.352E+02	 2.644E+02	-1.383E-01	 2.634E+02	 1.399E+00	 1.447E+01
    9.2000	 1.482E+01	-3.738E+00	 0.000E+00	 1.917E+00	-1.969E-01	 2.171E+01	-4.644E+00	 5.177E+00	-2.346E+00	 8.217E+00	 6.998E+00	 8.479E+00	 7.459E+02	 8.341E+01	 3.481E+01	-4.181E+02	 1.554E+03	-1.346E+02	-2.213E+02	 2.555E+02	 3.213E-01	 2.525E+02	 1.706E+00	 1.480E+01
    9.2500	 1.489E+01	-3.869E+00	 0.000E+00	 1.901E+00	-2.039E-01	 2.176E+01	-4.628E+00	 5.306E+00	-2.300E+00	 8.468E+00	 7.012E+00	 8.519E+00	 7.494E+02	 8.272E+01	 3.443E+01	-4.131E+02	 1.543E+03	-1.597E+02	-2.043E+02	 2.462E+02	 5.418E-01	 2.414E+02	 2.316E+00	 1.513E+01
    9.3000	 1.496E+01	-4.001E+00	 0.000E+00	 1.881E+00	-2.126E-01	 2.178E+01	-4.573E+00	 5.445E+00	-2.241E+00	 8.723E+00	 7.015E+00	 8.542E+00	 7.514E+02	 8.188E+01	 3.350E+01	-4.014E+02	 1.529E+03	-1.828E+02	-1.844E+02	 2.368E+02	 5.647E-01	 2.304E+02	 3.076E+00	 1.547E+01
    9.3500	 1.503E+01	-4.137E+00	 0.000E+00	 1.858E+00	-2.229E-01	 2.168E+01	-4.501E+00	 5.568E+00	-2.169E+00	 8.981E+00	 6.924E+00	 8.484E+00	 7.463E+02	 8.091E+01	 3.202E+01	-3.832E+02	 1.512E+03	-2.036E+02	-1.618E+02	 2.274E+02	 5.096E-01	 2.192E+02	 3.650E+00	 1.582E+01
    9.4000	 1.509E+01	-4.274E+00	 0.000E+00	 1.830E+00	-2.344E-01	 2.159E+01	-4.397E+00	 5.632E+00	-2.089E+00	 9.240E+00	 6.769E+00	 8.356E+00	 7.350E+02	 7.985E+01	 3.001E+01	-3.588E+02	 1.492E+03	-2.215E+02	-1.367E+02	 2.183E+02	 4.917E-01	 2.081E+02	 3.755E+00	 1.618E+01
    9.4500	 1.516E+01	-4.415E+00	 0.000E+00	 1.797E+00	-2.470E-01	 2.160E+01	-4.257E+00	 5.635E+00	-2.003E+00	 9.501E+00	 6.580E+00	 8.166E+00	 7.183E+02	 7.860E+01	 2.754E+01	-3.287E+02	 1.470E+03	-2.364E+02	-1.097E+02	 2.094E+02	 5.133E-01	 1.972E+02	 3.381E+00	 1.656E+01
    9.5000	 1.523E+01	-4.556E+00	 0.000E+00	 1.760E+00	-2.603E-01	 2.167E+01	-4.075E+00	 5.602E+00	-1.913E+00	 9.761E+00	 6.402E+00	 7.966E+00	 7.008E+02	 7.729E+01	 2.462E+01	-2.933E+02	 1.445E+03	-2.481E+02	-8.093E+01	 2.009E+02	 4.751E-01	 1.870E+02	 2.775E+00	 1.694E+01
    9.5500	 1.529E+01	-4.702E+00	 0.000E+00	 1.720E+00	-2.742E-01	 2.152E+01	-3.859E+00	 5.521E+00	-1.826E+00	 1.002E+01	 6.290E+00	 7.783E+00	 6.847E+02	 7.637E+01	 2.122E+01	-2.530E+02	 1.421E+03	-2.563E+02	-5.074E+01	 1.925E+02	 2.287E-01	 1.779E+02	 2.252E+00	 1.733E+01
    9.6000	 1.536E+01	-4.849E+00	 0.000E+00	 1.676E+00	-2.884E-01	 2.161E+01	-3.713E+00	 5.409E+00	-1.716E+00	 1.028E+01	 5.936E+00	 7.522E+00	 6.617E+02	 7.459E+01	 1.756E+01	-2.092E+02	 1.390E+03	-2.610E+02	-1.980E+01	 1.848E+02	-2.600E-01	 1.694E+02	 1.957E+00	 1.773E+01
    9.6500	 1.542E+01	-4.998E+00	 0.000E+00	 1.629E+00	-3.029E-01	 2.153E+01	-3.490E+00	 5.270E+00	-1.622E+00	 1.054E+01	 5.770E+00	 7.320E+00	 6.439E+02	 7.306E+01	 1.357E+01	-1.619E+02	 1.360E+03	-2.620E+02	 1.167E+01	 1.776E+02	-9.004E-01	 1.617E+02	 1.683E+00	 1.814E+01
    9.7000	 1.549E+01	-5.150E+00	 0.000E+00	 1.579E+00	-3.173E-01	 2.131E+01	-3.259E+00	 5.080E+00	-1.525E+00	 1.080E+01	 5.543E+00	 7.098E+00	 6.244E+02	 7.163E+01	 9.321E+00	-1.118E+02	 1.329E+03	-2.591E+02	 4.313E+01	 1.710E+02	-1.584E+00	 1.548E+02	 1.172E+00	 1.855E+01
    9.7500	 1.555E+01	-5.304E+00	 0.000E+00	 1.528E+00	-3.316E-01	 2.104E+01	-3.025E+00	 4.881E+00	-1.431E+00	 1.105E+01	 5.261E+00	 6.817E+00	 5.997E+02	 7.029E+01	 4.893E+00	-5.988E+01	 1.297E+03	-2.524E+02	 7.404E+01	 1.651E+02	-2.221E+00	 1.486E+02	 2.464E-01	 1.898E+01
    9.8000	 1.561E+01	-5.460E+00	 0.000E+00	 1.475E+00	-3.456E-01	 2.073E+01	-2.792E+00	 4.671E+00	-1.339E+00	 1.131E+01	 4.927E+00	 6.452E+00	 5.676E+02	 6.912E+01	 3.374E-01	-6.678E+00	 1.267E+03	-2.418E+02	 1.039E+02	 1.598E+02	-2.828E+00	 1.432E+02	-1.037E+00	 1.941E+01
    9.8500	 1.567E+01	-5.619E+00	 0.000E+00	 1.421E+00	-3.591E-01	 2.035E+01	-2.522E+00	 4.438E+00	-1.247E+00	 1.156E+01	 4.576E+00	 6.099E+00	 5.365E+02	 6.807E+01	-4.277E+00	 4.715E+01	 1.238E+03	-2.274E+02	 1.323E+02	 1.551E+02	-3.456E+00	 1.386E+02	-2.448E+00	 1.985E+01
    9.9000	 1.573E+01	-5.780E+00	 0.000E+00	 1.367E+00	-3.720E-01	 1.983E+01	-2.203E+00	 4.185E+00	-1.157E+00	 1.181E+01	 4.296E+00	 5.793E+00	 5.096E+02	 6.714E+01	-8.884E+00	 1.007E+02	 1.210E+03	-2.096E+02	 1.588E+02	 1.510E+02	-4.187E+00	 1.348E+02	-3.708E+00	 2.029E+01
    9.9500	 1.579E+01	-5.943E+00	 0.000E+00	 1.314E+00	-3.839E-01	 1.919E+01	-1.946E+00	 3.922E+00	-1.067E+00	 1.206E+01	 3.930E+00	 5.414E+00	 4.763E+02	 6.631E+01	-1.343E+01	 1.530E+02	 1.183E+03	-1.885E+02	 1.830E+02	 1.474E+02	-5.093E+00	 1.316E+02	-4.660E+00	 2.074E+01
   10.0000	 1.585E+01	-6.108E+00	 0.000E+00	 1.262E+00	-3.947E-01	 1.848E+01	-1.703E+00	 3.673E+00	-9.782E-01	 1.230E+01	 3.510E+00	 4.983E+00	 4.383E+02	 6.557E+01	-1.784E+01	 2.034E+02	 1.157E+03	-1.644E+02	 2.045E+02	 1.444E+02	-6.091E+00	 1.292E+02	-5.438E+00	 2.119E+01
   10.0500	 1.590E+01	-6.276E+00	 0.000E+00	 1.210E+00	-4.035E-01	 1.814E+01	-1.404E+00	 3.623E+00	-9.110E-01	 1.249E+01	 3.347E+00	 4.400E+00	 3.871E+02	 6.517E+01	-2.203E+01	 2.512E+02	 1.134E+03	-1.378E+02	 2.228E+02	 1.420E+02	-7.075E+00	 1.275E+02	-6.275E+00	 2.166E+01
   10.1000	 1.596E+01	-6.445E+00	 0.000E+00	 1.162E+00	-4.115E-01	 1.760E+01	-1.121E+00	 3.496E+00	-8.207E-01	 1.267E+01	 3.012E+00	 4.069E+00	 3.579E+02	 6.473E+01	-2.594E+01	 2.962E+02	 1.112E+03	-1.091E+02	 2.377E+02	 1.401E+02	-7.837E+00	 1.263E+02	-7.404E+00	 2.214E+01
   10.1500	 1.601E+01	-6.617E+00	 0.000E+00	 1.117E+00	-4.186E-01	 1.691E+01	-7.880E-01	 3.387E+00	-7.327E-01	 1.284E+01	 2.762E+00	 3.808E+00	 3.350E+02	 6.443E+01	-2.947E+01	 3.370E+02	 1.092E+03	-7.875E+01	 2.491E+02	 1.388E+02	-8.480E+00	 1.257E+02	-8.647E+00	 2.263E+01
   10.2000	 1.606E+01	-6.790E+00	 0.000E+00	 1.075E+00	-4.244E-01	 1.590E+01	-5.508E-01	 3.303E+00	-6.522E-01	 1.301E+01	 2.518E+00	 3.528E+00	 3.103E+02	 6.417E+01	-3.256E+01	 3.721E+02	 1.073E+03	-4.717E+01	 2.566E+02	 1.380E+02	-9.153E+00	 1.256E+02	-9.679E+00	 2.314E+01
   10.2500	 1.611E+01	-6.966E+00	 0.000E+00	 1.037E+00	-4.283E-01	 1.468E+01	-4.312E-01	 3.187E+00	-5.699E-01	 1.318E+01	 2.168E+00	 3.166E+00	 2.785E+02	 6.398E+01	-3.518E+01	 4.011E+02	 1.057E+03	-1.488E+01	 2.603E+02	 1.378E+02	-9.928E+00	 1.260E+02	-1.032E+01	 2.365E+01
   10.3000	 1.616E+01	-7.143E+00	 0.000E+00	 1.002E+00	-4.301E-01	 1.351E+01	-3.859E-01	 3.016E+00	-4.943E-01	 1.334E+01	 1.888E+00	 2.848E+00	 2.505E+02	 6.392E+01	-3.729E+01	 4.239E+02	 1.042E+03	 1.763E+01	 2.602E+02	 1.381E+02	-1.072E+01	 1.271E+02	-1.071E+01	 2.415E+01
   10.3500	 1.620E+01	-7.323E+00	 0.000E+00	 9.673E-01	-4.298E-01	 1.244E+01	-3.334E-01	 2.838E+00	-4.206E-01	 1.350E+01	 1.663E+00	 2.630E+00	 2.313E+02	 6.370E+01	-3.886E+01	 4.405E+02	 1.027E+03	 4.981E+01	 2.560E+02	 1.389E+02	-1.141E+01	 1.287E+02	-1.109E+01	 2.465E+01
   10.4000	 1.625E+01	-7.504E+00	 0.000E+00	 9.329E-01	-4.271E-01	 1.129E+01	-2.443E-01	 2.707E+00	-3.535E-01	 1.365E+01	 1.532E+00	 2.460E+00	 2.164E+02	 6.338E+01	-3.988E+01	 4.510E+02	 1.010E+03	 8.121E+01	 2.481E+02	 1.400E+02	-1.193E+01	 1.309E+02	-1.162E+01	 2.515E+01
   10.4500	 1.629E+01	-7.687E+00	 0.000E+00	 8.976E-01	-4.216E-01	 1.027E+01	-1.485E-01	 2.620E+00	-2.836E-01	 1.380E+01	 1.357E+00	 2.293E+00	 2.017E+02	 6.287E+01	-4.037E+01	 4.553E+02	 9.896E+02	 1.114E+02	 2.363E+02	 1.415E+02	-1.230E+01	 1.336E+02	-1.230E+01	 2.564E+01
   10.5000	 1.633E+01	-7.871E+00	 0.000E+00	 8.605E-01	-4.131E-01	 9.380E+00	-7.715E-02	 2.560E+00	-2.153E-01	 1.395E+01	 1.139E+00	 2.027E+00	 1.783E+02	 6.210E+01	-4.031E+01	 4.532E+02	 9.657E+02	 1.398E+02	 2.211E+02	 1.432E+02	-1.262E+01	 1.366E+02	-1.294E+01	 2.612E+01
   10.5500	 1.637E+01	-8.058E+00	 0.000E+00	 8.212E-01	-4.012E-01	 8.715E+00	 3.339E-03	 2.481E+00	-1.548E-01	 1.410E+01	 9.739E-01	 1.764E+00	 1.551E+02	 6.115E+01	-3.968E+01	 4.444E+02	 9.385E+02	 1.660E+02	 2.024E+02	 1.450E+02	-1.290E+01	 1.400E+02	-1.341E+01	 2.660E+01
   10.6000	 1.640E+01	-8.245E+00	 0.000E+00	 7.794E-01	-3.860E-01	 8.217E+00	 5.390E-02	 2.397E+00	-8.768E-02	 1.424E+01	 7.399E-01	 1.604E+00	 1.411E+02	 5.973E+01	-3.847E+01	 4.293E+02	 9.067E+02	 1.898E+02	 1.805E+02	 1.467E+02	-1.317E+01	 1.436E+02	-1.370E+01	 2.707E+01
   10.6500	 1.644E+01	-8.435E+00	 0.000E+00	 7.357E-01	-3.676E-01	 7.675E+00	 1.318E-01	 2.334E+00	-2.987E-02	 1.438E+01	 6.089E-01	 1.400E+00	 1.231E+02	 5.826E+01	-3.673E+01	 4.080E+02	 8.720E+02	 2.107E+02	 1.558E+02	 1.484E+02	-1.341E+01	 1.471E+02	-1.379E+01	 2.754E+01
   10.7000	 1.647E+01	-8.625E+00	 0.000E+00	 6.902E-01	-3.462E-01	 7.140E+00	 1.744E-01	 2.289E+00	 3.762E-02	 1.451E+01	 3.887E-01	 1.153E+00	 1.014E+02	 5.638E+01	-3.446E+01	 3.807E+02	 8.337E+02	 2.282E+02	 1.288E+02	 1.501E+02	-1.358E+01	 1.500E+02	-1.381E+01	 2.801E+01
   10.7500	 1.650E+01	-8.818E+00	 0.000E+00	 6.434E-01	-3.220E-01	 6.716E+00	 1.962E-01	 2.245E+00	 1.161E-01	 1.464E+01	 1.047E-01	 8.669E-01	 7.625E+01	 5.437E+01	-3.173E+01	 3.482E+02	 7.933E+02	 2.419E+02	 9.992E+01	 1.518E+02	-1.360E+01	 1.524E+02	-1.387E+01	 2.849E+01
   10.8000	 1.653E+01	-9.011E+00	 0.000E+00	 5.958E-01	-2.956E-01	 6.385E+00	 2.581E-01	 2.177E+00	 1.895E-01	 1.477E+01	-7.811E-02	 6.717E-01	 5.909E+01	 5.206E+01	-2.852E+01	 3.107E+02	 7.507E+02	 2.518E+02	 6.957E+01	 1.530E+02	-1.343E+01	 1.545E+02	-1.406E+01	 2.895E+01
   10.8500	 1.656E+01	-9.206E+00	 0.000E+00	 5.479E-01	-2.673E-01	 6.017E+00	 3.405E-01	 2.089E+00	 2.567E-01	 1.490E+01	-2.162E-01	 5.232E-01	 4.602E+01	 4.950E+01	-2.487E+01	 2.689E+02	 7.061E+02	 2.578E+02	 3.816E+01	 1.536E+02	-1.314E+01	 1.565E+02	-1.421E+01	 2.942E+01
   10.9000	 1.658E+01	-9.402E+00	 0.000E+00	 5.005E-01	-2.374E-01	 5.576E+00	 3.907E-01	 2.019E+00	 3.166E-01	 1.502E+01	-3.921E-01	 3.239E-01	 2.850E+01	 4.672E+01	-2.088E+01	 2.231E+02	 6.600E+02	 2.599E+02	 6.149E+00	 1.538E+02	-1.285E+01	 1.579E+02	-1.406E+01	 2.988E+01
   10.9500	 1.661E+01	-9.599E+00	 0.000E+00	 4.541E-01	-2.061E-01	 5.151E+00	 3.927E-01	 1.953E+00	 3.728E-01	 1.514E+01	-6.424E-01	 7.429E-02	 6.535E+00	 4.386E+01	-1.664E+01	 1.744E+02	 6.136E+02	 2.580E+02	-2.595E+01	 1.535E+02	-1.263E+01	 1.584E+02	-1.352E+01	 3.034E+01
   11.0000	 1.663E+01	-9.798E+00	 0.000E+00	 4.090E-01	-1.742E-01	 4.808E+00	 4.151E-01	 1.894E+00	 4.152E-01	 1.526E+01	-8.248E-01	-1.369E-01	-1.204E+01	 4.098E+01	-1.221E+01	 1.234E+02	 5.679E+02	 2.522E+02	-5.762E+01	 1.530E+02	-1.240E+01	 1.579E+02	-1.270E+01	 3.079E+01
   11.0500	 1.665E+01	-9.997E+00	 0.000E+00	 3.657E-01	-1.422E-01	 4.530E+00	 4.801E-01	 1.827E+00	 4.429E-01	 1.537E+01	-9.284E-01	-2.473E-01	-2.175E+01	 3.812E+01	-7.642E+00	 7.118E+01	 5.237E+02	 2.425E+02	-8.836E+01	 1.522E+02	-1.208E+01	 1.565E+02	-1.183E+01	 3.124E+01
   11.1000	 1.666E+01	-1.020E+01	 0.000E+00	 3.250E-01	-1.104E-01	 4.316E+00	 5.755E-01	 1.759E+00	 4.477E-01	 1.548E+01	-9.407E-01	-2.671E-01	-2.349E+01	 3.534E+01	-2.996E+00	 1.806E+01	 4.816E+02	 2.293E+02	-1.178E+02	 1.509E+02	-1.163E+01	 1.546E+02	-1.104E+01	 3.169E+01
   11.1500	 1.668E+01	-1.040E+01	 0.000E+00	 2.874E-01	-7.913E-02	 3.976E+00	 6.161E-01	 1.704E+00	 4.478E-01	 1.559E+01	-1.065E+00	-3.919E-01	-3.447E+01	 3.270E+01	 1.642E+00	-3.545E+01	 4.421E+02	 2.128E+02	-1.455E+02	 1.491E+02	-1.117E+01	 1.525E+02	-1.027E+01	 3.213E+01
   11.2000	 1.669E+01	-1.060E+01	 0.000E+00	 2.535E-01	-4.870E-02	 3.527E+00	 6.230E-01	 1.674E+00	 4.391E-01	 1.570E+01	-1.204E+00	-5.499E-01	-4.837E+01	 3.030E+01	 6.225E+00	-8.880E+01	 4.064E+02	 1.933E+02	-1.712E+02	 1.469E+02	-1.072E+01	 1.502E+02	-9.481E+00	 3.257E+01
   11.2500	 1.670E+01	-1.080E+01	 0.000E+00	 2.233E-01	-1.975E-02	 3.365E+00	 5.455E-01	 1.641E+00	 4.810E-01	 1.581E+01	-1.697E+00	-9.542E-01	-8.394E+01	 2.828E+01	 1.058E+01	-1.399E+02	 3.762E+02	 1.720E+02	-1.947E+02	 1.446E+02	-1.030E+01	 1.474E+02	-8.593E+00	 3.301E+01
   11.3000	 1.671E+01	-1.101E+01	 0.000E+00	 1.977E-01	 6.808E-03	 3.534E+00	 7.229E-01	 1.670E+00	 4.617E-01	 1.590E+01	-1.418E+00	-6.426E-01	-5.652E+01	 2.657E+01	 1.490E+01	-1.897E+02	 3.516E+02	 1.471E+02	-2.153E+02	 1.416E+02	-9.708E+00	 1.450E+02	-8.044E+00	 3.345E+01
   11.3500	 1.671E+01	-1.121E+01	 0.000E+00	 1.780E-01	 3.105E-02	 3.388E+00	 7.651E-01	 1.697E+00	 4.597E-01	 1.601E+01	-1.321E+00	-7.683E-01	-6.758E+01	 2.517E+01	 1.898E+01	-2.375E+02	 3.321E+02	 1.198E+02	-2.328E+02	 1.384E+02	-9.362E+00	 1.422E+02	-7.325E+00	 3.389E+01
   11.4000	 1.671E+01	-1.142E+01	 0.000E+00	 1.649E-01	 5.269E-02	 3.126E+00	 6.007E-01	 1.737E+00	 5.021E-01	 1.611E+01	-1.683E+00	-1.146E+00	-1.008E+02	 2.413E+01	 2.267E+01	-2.821E+02	 3.184E+02	 9.048E+01	-2.465E+02	 1.351E+02	-9.215E+00	 1.385E+02	-6.522E+00	 3.433E+01
   11.4500	 1.671E+01	-1.162E+01	 0.000E+00	 1.583E-01	 7.065E-02	 3.156E+00	 4.663E-01	 1.789E+00	 5.662E-01	 1.620E+01	-2.050E+00	-1.530E+00	-1.346E+02	 2.355E+01	 2.594E+01	-3.218E+02	 3.117E+02	 5.964E+01	-2.563E+02	 1.317E+02	-9.100E+00	 1.342E+02	-5.957E+00	 3.477E+01
   11.5000	 1.671E+01	-1.182E+01	 0.000E+00	 1.587E-01	 8.375E-02	 3.427E+00	 5.205E-01	 1.873E+00	 6.359E-01	 1.629E+01	-2.171E+00	-1.613E+00	-1.419E+02	 2.338E+01	 2.875E+01	-3.553E+02	 3.121E+02	 2.787E+01	-2.621E+02	 1.278E+02	-8.859E+00	 1.296E+02	-5.884E+00	 3.522E+01
   11.5500	 1.671E+01	-1.203E+01	 0.000E+00	 1.668E-01	 9.153E-02	 3.587E+00	 6.973E-01	 1.870E+00	 7.177E-01	 1.638E+01	-2.180E+00	-1.691E+00	-1.488E+02	 2.366E+01	 3.103E+01	-3.822E+02	 3.196E+02	-4.246E+00	-2.639E+02	 1.236E+02	-8.634E+00	 1.249E+02	-6.102E+00	 3.567E+01
   11.6000	 1.670E+01	-1.224E+01	 0.000E+00	 1.830E-01	 9.405E-02	 3.592E+00	 8.170E-01	 1.850E+00	 8.448E-01	 1.647E+01	-2.512E+00	-2.021E+00	-1.778E+02	 2.434E+01	 3.267E+01	-4.019E+02	 3.338E+02	-3.607E+01	-2.616E+02	 1.189E+02	-8.587E+00	 1.201E+02	-6.306E+00	 3.613E+01
   11.6500	 1.669E+01	-1.244E+01	 0.000E+00	 2.071E-01	 9.109E-02	 3.706E+00	 9.746E-01	 1.938E+00	 9.784E-01	 1.655E+01	-2.885E+00	-2.458E+00	-2.162E+02	 2.540E+01	 3.366E+01	-4.139E+02	 3.549E+02	-6.721E+01	-2.551E+02	 1.138E+02	-8.672E+00	 1.151E+02	-6.529E+00	 3.658E+01
   11.7000	 1.668E+01	-1.265E+01	 0.000E+00	 2.388E-01	 8.238E-02	 3.956E+00	 1.254E+00	 2.067E+00	 1.086E+00	 1.662E+01	-3.036E+00	-2.632E+00	-2.315E+02	 2.702E+01	 3.400E+01	-4.182E+02	 3.831E+02	-9.732E+01	-2.447E+02	 1.083E+02	-8.731E+00	 1.099E+02	-6.949E+00	 3.702E+01
   11.7500	 1.667E+01	-1.285E+01	 0.000E+00	 2.777E-01	 6.821E-02	 3.967E+00	 1.564E+00	 2.122E+00	 1.172E+00	 1.669E+01	-3.126E+00	-2.725E+00	-2.397E+02	 2.879E+01	 3.370E+01	-4.150E+02	 4.161E+02	-1.260E+02	-2.305E+02	 1.026E+02	-8.817E+00	 1.039E+02	-7.475E+00	 3.747E+01
   11.8000	 1.666E+01	-1.306E+01	 0.000E+00	 3.226E-01	 4.935E-02	 3.593E+00	 1.788E+00	 2.096E+00	 1.248E+00	 1.676E+01	-3.392E+00	-2.981E+00	-2.623E+02	 3.090E+01	 3.268E+01	-4.044E+02	 4.534E+02	-1.528E+02	-2.124E+02	 9.664E+01	-9.067E+00	 9.708E+01	-7.908E+00	 3.792E+01
   11.8500	 1.664E+01	-1.326E+01	 0.000E+00	 3.711E-01	 2.655E-02	 3.264E+00	 1.975E+00	 2.063E+00	 1.310E+00	 1.682E+01	-3.691E+00	-3.349E+00	-2.946E+02	 3.322E+01	 3.104E+01	-3.865E+02	 4.942E+02	-1.773E+02	-1.910E+02	 9.071E+01	-9.475E+00	 8.925E+01	-8.203E+00	 3.837E+01
   11.9000	 1.662E+01	-1.347E+01	 0.000E+00	 4.207E-01	 2.866E-04	 3.388E+00	 2.209E+00	 2.042E+00	 1.353E+00	 1.688E+01	-3.859E+00	-3.516E+00	-3.093E+02	 3.560E+01	 2.885E+01	-3.612E+02	 5.368E+02	-1.992E+02	-1.668E+02	 8.505E+01	-9.916E+00	 8.079E+01	-8.449E+00	 3.882E+01
   11.9500	 1.660E+01	-1.367E+01	 0.000E+00	 4.699E-01	-2.882E-02	 3.434E+00	 2.500E+00	 1.990E+00	 1.378E+00	 1.694E+01	-3.851E+00	-3.502E+00	-3.080E+02	 3.805E+01	 2.611E+01	-3.288E+02	 5.792E+02	-2.181E+02	-1.402E+02	 7.957E+01	-1.040E+01	 7.258E+01	-8.655E+00	 3.927E+01
   12.0000	 1.658E+01	-1.388E+01	 0.000E+00	 5.171E-01	-5.971E-02	 3.331E+00	 2.753E+00	 1.906E+00	 1.395E+00	 1.699E+01	-3.823E+00	-3.526E+00	-3.102E+02	 4.039E+01	 2.288E+01	-2.905E+02	 6.192E+02	-2.339E+02	-1.116E+02	 7.425E+01	-1.099E+01	 6.532E+01	-8.786E+00	 3.973E+01
   12.0500	 1.655E+01	-1.408E+01	 0.000E+00	 5.603E-01	-9.168E-02	 3.493E+00	 2.913E+00	 1.819E+00	 1.455E+00	 1.704E+01	-4.237E+00	-3.743E+00	-3.293E+02	 4.068E+01	 2.051E+01	-2.494E+02	 6.502E+02	-2.476E+02	-8.279E+01	 6.921E+01	-1.156E+01	 5.932E+01	-9.008E+00	 4.018E+01
   12.1000	 1.652E+01	-1.428E+01	 0.000E+00	 5.983E-01	-1.240E-01	 3.596E+00	 3.269E+00	 1.674E+00	 1.427E+00	 1.708E+01	-3.704E+00	-3.570E+00	-3.140E+02	 4.256E+01	 1.656E+01	-2.010E+02	 6.824E+02	-2.572E+02	-5.146E+01	 6.405E+01	-1.206E+01	 5.519E+01	-9.641E+00	 4.064E+01
   12.1500	 1.649E+01	-1.449E+01	 0.000E+00	 6.296E-01	-1.550E-01	 3.634E+00	 3.290E+00	 1.501E+00	 1.444E+00	 1.713E+01	-3.918E+00	-3.619E+00	-3.183E+02	 4.410E+01	 1.217E+01	-1.487E+02	 7.081E+02	-2.631E+02	-1.924E+01	 5.968E+01	-1.273E+01	 5.134E+01	-1.023E+01	 4.109E+01
   12.2000	 1.646E+01	-1.469E+01	 0.000E+00	 6.529E-01	-1.842E-01	 3.843E+00	 3.227E+00	 1.349E+00	 1.461E+00	 1.718E+01	-4.279E+00	-3.995E+00	-3.514E+02	 4.546E+01	 7.511E+00	-9.327E+01	 7.286E+02	-2.649E+02	 1.340E+01	 5.644E+01	-1.362E+01	 4.720E+01	-1.073E+01	 4.155E+01
   12.2500	 1.643E+01	-1.489E+01	 0.000E+00	 6.678E-01	-2.126E-01	 4.422E+00	 3.270E+00	 1.162E+00	 1.574E+00	 1.721E+01	-5.207E+00	-4.549E+00	-4.001E+02	 4.507E+01	 3.911E+00	-3.875E+01	 7.378E+02	-2.630E+02	 4.461E+01	 5.432E+01	-1.439E+01	 4.307E+01	-1.150E+01	 4.201E+01
   12.3000	 1.639E+01	-1.509E+01	 0.000E+00	 6.753E-01	-2.406E-01	 5.219E+00	 3.918E+00	 8.881E-01	 1.558E+00	 1.724E+01	-4.341E+00	-4.427E+00	-3.894E+02	 4.609E+01	-9.424E-01	 2.339E+01	 7.500E+02	-2.563E+02	 7.618E+01	 5.212E+01	-1.489E+01	 4.072E+01	-1.310E+01	 4.248E+01
   12.3500	 1.636E+01	-1.528E+01	 0.000E+00	 6.769E-01	-2.668E-01	 5.508E+00	 4.258E+00	 6.314E-01	 1.606E+00	 1.728E+01	-4.419E+00	-4.281E+00	-3.765E+02	 4.690E+01	-5.996E+00	 8.629E+01	 7.577E+02	-2.457E+02	 1.066E+02	 4.995E+01	-1.545E+01	 3.990E+01	-1.467E+01	 4.295E+01
   12.4000	 1.632E+01	-1.548E+01	 0.000E+00	 6.737E-01	-2.899E-01	 5.453E+00	 4.344E+00	 2.828E-01	 1.658E+00	 1.731E+01	-4.911E+00	-4.710E+00	-4.143E+02	 4.750E+01	-1.101E+01	 1.471E+02	 7.611E+02	-2.314E+02	 1.354E+02	 4.804E+01	-1.640E+01	 4.001E+01	-1.574E+01	 4.343E+01
   12.4500	 1.628E+01	-1.568E+01	 0.000E+00	 6.654E-01	-3.101E-01	 5.537E+00	 4.364E+00	 2.420E-01	 1.700E+00	 1.733E+01	-5.584E+00	-5.492E+00	-4.831E+02	 4.802E+01	-1.581E+01	 2.053E+02	 7.625E+02	-2.134E+02	 1.621E+02	 4.636E+01	-1.757E+01	 4.032E+01	-1.652E+01	 4.390E+01
   12.5000	 1.623E+01	-1.587E+01	 0.000E+00	 6.530E-01	-3.285E-01	 6.136E+00	 4.619E+00	 1.447E-01	 1.751E+00	 1.734E+01	-6.001E+00	-6.007E+00	-5.284E+02	 4.803E+01	-2.018E+01	 2.602E+02	 7.590E+02	-1.922E+02	 1.858E+02	 4.529E+01	-1.850E+01	 3.996E+01	-1.759E+01	 4.439E+01
   12.5500	 1.619E+01	-1.607E+01	 0.000E+00	 6.385E-01	-3.456E-01	 5.952E+00	 5.116E+00	 1.206E-01	 1.780E+00	 1.735E+01	-6.016E+00	-6.018E+00	-5.293E+02	 4.791E+01	-2.430E+01	 3.128E+02	 7.530E+02	-1.683E+02	 2.065E+02	 4.462E+01	-1.901E+01	 3.900E+01	-1.922E+01	 4.488E+01
   12.6000	 1.614E+01	-1.626E+01	 0.000E+00	 6.226E-01	-3.603E-01	 5.179E+00	 5.523E+00	-3.309E-02	 1.796E+00	 1.735E+01	-5.993E+00	-5.986E+00	-5.266E+02	 4.769E+01	-2.810E+01	 3.605E+02	 7.449E+02	-1.421E+02	 2.242E+02	 4.418E+01	-1.936E+01	 3.789E+01	-2.088E+01	 4.536E+01
   12.6500	 1.610E+01	-1.645E+01	 0.000E+00	 6.051E-01	-3.710E-01	 4.523E+00	 5.567E+00	-3.185E-01	 1.809E+00	 1.735E+01	-6.145E+00	-6.150E+00	-5.410E+02	 4.754E+01	-3.155E+01	 4.012E+02	 7.372E+02	-1.140E+02	 2.388E+02	 4.368E+01	-1.983E+01	 3.732E+01	-2.198E+01	 4.583E+01
   12.7000	 1.605E+01	-1.664E+01	 0.000E+00	 5.854E-01	-3.772E-01	 4.229E+00	 5.286E+00	-5.817E-01	 1.813E+00	 1.734E+01	-6.357E+00	-6.382E+00	-5.614E+02	 4.751E+01	-3.459E+01	 4.350E+02	 7.304E+02	-8.440E+01	 2.500E+02	 4.298E+01	-2.044E+01	 3.754E+01	-2.236E+01	 4.628E+01
   12.7500	 1.600E+01	-1.683E+01	 0.000E+00	 5.635E-01	-3.798E-01	 3.938E+00	 4.930E+00	-7.143E-01	 1.811E+00	 1.733E+01	-6.474E+00	-6.550E+00	-5.761E+02	 4.740E+01	-3.716E+01	 4.626E+02	 7.221E+02	-5.346E+01	 2.574E+02	 4.234E+01	-2.105E+01	 3.796E+01	-2.228E+01	 4.671E+01
   12.8000	 1.595E+01	-1.701E+01	 0.000E+00	 5.394E-01	-3.798E-01	 3.211E+00	 4.653E+00	-7.651E-01	 1.814E+00	 1.732E+01	-6.529E+00	-6.619E+00	-5.823E+02	 4.717E+01	-3.935E+01	 4.857E+02	 7.109E+02	-2.185E+01	 2.610E+02	 4.229E+01	-2.146E+01	 3.775E+01	-2.212E+01	 4.713E+01
   12.8500	 1.589E+01	-1.720E+01	 0.000E+00	 5.123E-01	-3.774E-01	 2.257E+00	 4.537E+00	-8.294E-01	 1.810E+00	 1.730E+01	-6.366E+00	-6.436E+00	-5.661E+02	 4.702E+01	-4.126E+01	 5.053E+02	 6.978E+02	 9.909E+00	 2.611E+02	 4.303E+01	-2.156E+01	 3.688E+01	-2.212E+01	 4.754E+01
   12.9000	 1.584E+01	-1.738E+01	 0.000E+00	 4.814E-01	-3.720E-01	 1.573E+00	 4.456E+00	-9.077E-01	 1.794E+00	 1.728E+01	-6.084E+00	-6.143E+00	-5.404E+02	 4.697E+01	-4.295E+01	 5.213E+02	 6.831E+02	 4.147E+01	 2.581E+02	 4.432E+01	-2.147E+01	 3.619E+01	-2.211E+01	 4.793E+01
   12.9500	 1.578E+01	-1.756E+01	 0.000E+00	 4.463E-01	-3.630E-01	 1.058E+00	 4.255E+00	-8.948E-01	 1.770E+00	 1.727E+01	-5.936E+00	-5.997E+00	-5.275E+02	 4.712E+01	-4.426E+01	 5.321E+02	 6.671E+02	 7.256E+01	 2.519E+02	 4.579E+01	-2.143E+01	 3.676E+01	-2.174E+01	 4.832E+01
   13.0000	 1.573E+01	-1.774E+01	 0.000E+00	 4.069E-01	-3.507E-01	 5.876E-01	 3.821E+00	-8.025E-01	 1.834E+00	 1.725E+01	-6.776E+00	-6.575E+00	-5.784E+02	 4.734E+01	-4.538E+01	 5.397E+02	 6.482E+02	 1.021E+02	 2.441E+02	 4.769E+01	-2.151E+01	 3.872E+01	-2.084E+01	 4.871E+01
   13.0500	 1.567E+01	-1.792E+01	 0.000E+00	 3.638E-01	-3.365E-01	 3.813E-01	 3.952E+00	-7.658E-01	 1.806E+00	 1.722E+01	-6.270E+00	-6.116E+00	-5.380E+02	 4.666E+01	-4.567E+01	 5.415E+02	 6.202E+02	 1.307E+02	 2.315E+02	 4.928E+01	-2.120E+01	 4.292E+01	-2.039E+01	 4.909E+01
   13.1000	 1.561E+01	-1.809E+01	 0.000E+00	 3.175E-01	-3.197E-01	-7.950E-01	 4.137E+00	-7.509E-01	 1.782E+00	 1.720E+01	-5.924E+00	-6.078E+00	-5.346E+02	 4.508E+01	-4.512E+01	 5.367E+02	 5.822E+02	 1.573E+02	 2.153E+02	 5.129E+01	-2.092E+01	 4.779E+01	-1.994E+01	 4.947E+01
   13.1500	 1.555E+01	-1.826E+01	 0.000E+00	 2.671E-01	-2.992E-01	-1.879E+00	 4.155E+00	-6.874E-01	 1.784E+00	 1.718E+01	-6.031E+00	-6.200E+00	-5.454E+02	 4.265E+01	-4.396E+01	 5.260E+02	 5.362E+02	 1.814E+02	 1.958E+02	 5.392E+01	-2.066E+01	 5.233E+01	-1.949E+01	 4.985E+01
   13.2000	 1.549E+01	-1.843E+01	 0.000E+00	 2.119E-01	-2.749E-01	-2.045E+00	 3.927E+00	-6.429E-01	 1.881E+00	 1.715E+01	-6.949E+00	-7.398E+00	-6.508E+02	 3.984E+01	-4.254E+01	 5.117E+02	 4.854E+02	 2.022E+02	 1.748E+02	 5.749E+01	-2.053E+01	 5.594E+01	-1.888E+01	 5.024E+01
   13.2500	 1.543E+01	-1.860E+01	 0.000E+00	 1.538E-01	-2.488E-01	-6.707E-01	 4.067E+00	-6.267E-01	 1.946E+00	 1.711E+01	-6.973E+00	-6.524E+00	-5.739E+02	 3.654E+01	-4.060E+01	 4.933E+02	 4.293E+02	 2.205E+02	 1.508E+02	 6.055E+01	-1.958E+01	 6.030E+01	-1.934E+01	 5.063E+01
   13.3000	 1.537E+01	-1.877E+01	 0.000E+00	 9.649E-02	-2.212E-01	-1.926E+00	 4.310E+00	-5.462E-01	 1.978E+00	 1.707E+01	-6.561E+00	-6.739E+00	-5.928E+02	 3.227E+01	-3.809E+01	 4.685E+02	 3.636E+02	 2.357E+02	 1.246E+02	 6.291E+01	-1.900E+01	 6.522E+01	-1.945E+01	 5.102E+01
   13.3500	 1.531E+01	-1.893E+01	 0.000E+00	 4.031E-02	-1.913E-01	-1.511E+00	 4.205E+00	-4.285E-01	 2.057E+00	 1.703E+01	-6.864E+00	-7.074E+00	-6.223E+02	 2.773E+01	-3.536E+01	 4.391E+02	 2.950E+02	 2.477E+02	 9.703E+01	 6.471E+01	-1.863E+01	 7.003E+01	-1.903E+01	 5.141E+01
   13.4000	 1.525E+01	-1.909E+01	 0.000E+00	-1.364E-02	-1.601E-01	-2.430E+00	 3.988E+00	-3.726E-01	 2.159E+00	 1.698E+01	-7.409E+00	-7.605E+00	-6.690E+02	 2.307E+01	-3.235E+01	 4.055E+02	 2.269E+02	 2.561E+02	 6.834E+01	 6.635E+01	-1.840E+01	 7.358E+01	-1.819E+01	 5.180E+01
   13.4500	 1.518E+01	-1.925E+01	 0.000E+00	-6.589E-02	-1.288E-01	-2.537E+00	 3.916E+00	-4.060E-01	 2.237E+00	 1.692E+01	-7.540E+00	-7.766E+00	-6.831E+02	 1.869E+01	-2.902E+01	 3.692E+02	 1.642E+02	 2.609E+02	 3.906E+01	 6.801E+01	-1.795E+01	 7.534E+01	-1.751E+01	 5.217E+01
   13.5000	 1.512E+01	-1.941E+01	 0.000E+00	-1.156E-01	-9.818E-02	-2.255E+00	 3.981E+00	-4.404E-01	 2.294E+00	 1.685E+01	-7.428E+00	-7.651E+00	-6.730E+02	 1.457E+01	-2.547E+01	 3.311E+02	 1.063E+02	 2.625E+02	 9.617E+00	 6.933E+01	-1.720E+01	 7.570E+01	-1.717E+01	 5.253E+01
   13.5500	 1.506E+01	-1.956E+01	 0.000E+00	-1.612E-01	-6.839E-02	-2.590E+00	 4.115E+00	-4.007E-01	 2.317E+00	 1.678E+01	-7.257E+00	-7.533E+00	-6.626E+02	 1.054E+01	-2.175E+01	 2.908E+02	 5.081E+01	 2.610E+02	-1.979E+01	 6.982E+01	-1.634E+01	 7.552E+01	-1.688E+01	 5.287E+01
   13.6000	 1.499E+01	-1.971E+01	 0.000E+00	-2.025E-01	-3.899E-02	-3.487E+00	 4.206E+00	-3.203E-01	 2.297E+00	 1.672E+01	-7.165E+00	-7.350E+00	-6.465E+02	 6.663E+00	-1.786E+01	 2.477E+02	-2.081E+00	 2.563E+02	-4.893E+01	 6.938E+01	-1.549E+01	 7.515E+01	-1.630E+01	 5.319E+01
   13.6500	 1.493E+01	-1.986E+01	 0.000E+00	-2.404E-01	-9.264E-03	-3.958E+00	 4.176E+00	-3.141E-01	 2.245E+00	 1.665E+01	-7.011E+00	-7.193E+00	-6.328E+02	 3.164E+00	-1.377E+01	 2.010E+02	-4.976E+01	 2.482E+02	-7.751E+01	 6.845E+01	-1.481E+01	 7.410E+01	-1.520E+01	 5.347E+01
   13.7000	 1.486E+01	-2.001E+01	 0.000E+00	-2.751E-01	 2.092E-02	-3.790E+00	 3.980E+00	-2.965E-01	 2.152E+00	 1.658E+01	-6.818E+00	-7.069E+00	-6.218E+02	 1.370E-01	-9.516E+00	 1.512E+02	-9.113E+01	 2.371E+02	-1.053E+02	 6.751E+01	-1.428E+01	 7.185E+01	-1.365E+01	 5.374E+01
   13.7500	 1.480E+01	-2.015E+01	 0.000E+00	-3.059E-01	 5.093E-02	-3.581E+00	 3.697E+00	-3.180E-01	 2.048E+00	 1.651E+01	-6.564E+00	-6.867E+00	-6.040E+02	-2.488E+00	-5.146E+00	 9.901E+01	-1.272E+02	 2.232E+02	-1.319E+02	 6.667E+01	-1.377E+01	 6.857E+01	-1.197E+01	 5.400E+01
   13.8000	 1.474E+01	-2.029E+01	 0.000E+00	-3.318E-01	 7.993E-02	-3.618E+00	 3.406E+00	-1.408E-01	 1.928E+00	 1.645E+01	-6.243E+00	-6.491E+00	-5.710E+02	-4.821E+00	-7.289E-01	 4.558E+01	-1.592E+02	 2.068E+02	-1.570E+02	 6.586E+01	-1.316E+01	 6.500E+01	-1.051E+01	 5.425E+01
   13.8500	 1.467E+01	-2.043E+01	 0.000E+00	-3.529E-01	 1.069E-01	-3.676E+00	 3.031E+00	 8.733E-03	 1.922E+00	 1.638E+01	-6.613E+00	-6.346E+00	-5.582E+02	-6.656E+00	 3.426E+00	-5.498E+00	-1.851E+02	 1.895E+02	-1.807E+02	 6.523E+01	-1.244E+01	 6.182E+01	-9.317E+00	 5.449E+01
   13.9000	 1.461E+01	-2.057E+01	 0.000E+00	-3.688E-01	 1.314E-01	-3.261E+00	 3.095E+00	 1.234E-01	 1.795E+00	 1.631E+01	-5.655E+00	-6.006E+00	-5.283E+02	-7.978E+00	 7.794E+00	-5.743E+01	-2.034E+02	 1.688E+02	-2.020E+02	 6.406E+01	-1.170E+01	 6.054E+01	-8.536E+00	 5.473E+01
   13.9500	 1.455E+01	-2.070E+01	 0.000E+00	-3.782E-01	 1.536E-01	-2.792E+00	 2.713E+00	-3.171E-02	 1.866E+00	 1.625E+01	-6.151E+00	-6.743E+00	-5.932E+02	-8.523E+00	 1.167E+01	-1.060E+02	-2.119E+02	 1.469E+02	-2.209E+02	 6.332E+01	-1.141E+01	 5.993E+01	-7.419E+00	 5.498E+01
   14.0000	 1.448E+01	-2.083E+01	 0.000E+00	-3.799E-01	 1.716E-01	-1.885E+00	 2.694E+00	 3.669E-01	 1.835E+00	 1.618E+01	-5.831E+00	-6.635E+00	-5.836E+02	-8.317E+00	 1.546E+01	-1.521E+02	-2.095E+02	 1.221E+02	-2.366E+02	 6.245E+01	-1.099E+01	 6.050E+01	-6.827E+00	 5.523E+01
   14.0500	 1.442E+01	-2.095E+01	 0.000E+00	-3.716E-01	 1.846E-01	-1.225E+00	 2.675E+00	 6.615E-01	 1.875E+00	 1.611E+01	-6.032E+00	-6.050E+00	-5.322E+02	-7.419E+00	 1.879E+01	-1.932E+02	-1.966E+02	 9.571E+01	-2.490E+02	 6.184E+01	-1.048E+01	 6.129E+01	-6.714E+00	 5.549E+01
   14.1000	 1.436E+01	-2.108E+01	 0.000E+00	-3.516E-01	 1.925E-01	-8.193E-01	 2.788E+00	 9.032E-01	 1.895E+00	 1.604E+01	-5.881E+00	-6.001E+00	-5.278E+02	-5.898E+00	 2.189E+01	-2.315E+02	-1.731E+02	 6.802E+01	-2.580E+02	 6.148E+01	-1.028E+01	 6.182E+01	-6.731E+00	 5.576E+01
   14.1500	 1.430E+01	-2.120E+01	 0.000E+00	-3.193E-01	 1.950E-01	-4.108E-01	 2.790E+00	 5.946E-01	 2.062E+00	 1.596E+01	-6.166E+00	-7.388E+00	-6.499E+02	-3.720E+00	 2.451E+01	-2.649E+02	-1.384E+02	 4.044E+01	-2.638E+02	 6.163E+01	-1.059E+01	 6.159E+01	-6.558E+00	 5.603E+01
   14.2000	 1.423E+01	-2.132E+01	 0.000E+00	-2.745E-01	 1.910E-01	 3.718E-01	 2.951E+00	 1.325E+00	 2.138E+00	 1.587E+01	-6.578E+00	-6.625E+00	-5.828E+02	-9.816E-01	 2.659E+01	-2.919E+02	-9.277E+01	 1.196E+01	-2.662E+02	 6.137E+01	-1.026E+01	 6.164E+01	-7.480E+00	 5.631E+01
   14.2500	 1.417E+01	-2.143E+01	 0.000E+00	-2.162E-01	 1.809E-01	 8.471E-01	 3.291E+00	 1.459E+00	 2.169E+00	 1.579E+01	-6.473E+00	-6.477E+00	-5.698E+02	 2.187E+00	 2.838E+01	-3.148E+02	-3.767E+01	-1.656E+01	-2.654E+02	 6.045E+01	-1.020E+01	 6.206E+01	-8.480E+00	 5.659E+01
   14.3000	 1.412E+01	-2.154E+01	 0.000E+00	-1.445E-01	 1.654E-01	 9.349E-01	 3.492E+00	 1.217E+00	 2.238E+00	 1.570E+01	-6.592E+00	-6.821E+00	-6.000E+02	 5.704E+00	 2.971E+01	-3.335E+02	 2.589E+01	-4.474E+01	-2.614E+02	 5.888E+01	-1.047E+01	 6.231E+01	-9.231E+00	 5.688E+01
   14.3500	 1.406E+01	-2.165E+01	 0.000E+00	-6.106E-02	 1.450E-01	 9.450E-01	 3.552E+00	 1.243E+00	 2.282E+00	 1.560E+01	-6.894E+00	-7.106E+00	-6.250E+02	 9.603E+00	 3.051E+01	-3.470E+02	 9.769E+01	-7.221E+01	-2.540E+02	 5.726E+01	-1.088E+01	 6.127E+01	-9.812E+00	 5.715E+01
   14.4000	 1.400E+01	-2.176E+01	 0.000E+00	 3.211E-02	 1.197E-01	 1.188E+00	 3.602E+00	 1.501E+00	 2.291E+00	 1.549E+01	-7.075E+00	-7.308E+00	-6.428E+02	 1.368E+01	 3.082E+01	-3.545E+02	 1.758E+02	-9.861E+01	-2.435E+02	 5.560E+01	-1.133E+01	 5.860E+01	-1.038E+01	 5.743E+01
   14.4500	 1.394E+01	-2.186E+01	 0.000E+00	 1.321E-01	 8.969E-02	 1.053E+00	 3.828E+00	 1.679E+00	 2.270E+00	 1.538E+01	-7.034E+00	-7.265E+00	-6.391E+02	 1.754E+01	 3.081E+01	-3.554E+02	 2.566E+02	-1.238E+02	-2.301E+02	 5.364E+01	-1.167E+01	 5.480E+01	-1.112E+01	 5.768E+01
   14.5000	 1.389E+01	-2.196E+01	 0.000E+00	 2.364E-01	 5.589E-02	 7.966E-01	 4.113E+00	 1.559E+00	 2.227E+00	 1.527E+01	-6.781E+00	-7.012E+00	-6.168E+02	 2.094E+01	 3.068E+01	-3.510E+02	 3.355E+02	-1.478E+02	-2.146E+02	 5.147E+01	-1.190E+01	 5.041E+01	-1.189E+01	 5.793E+01
   14.5500	 1.383E+01	-2.205E+01	 0.000E+00	 3.423E-01	 1.965E-02	 1.003E+00	 4.330E+00	 1.376E+00	 2.176E+00	 1.515E+01	-6.566E+00	-6.776E+00	-5.961E+02	 2.411E+01	 3.014E+01	-3.414E+02	 4.104E+02	-1.703E+02	-1.968E+02	 4.911E+01	-1.221E+01	 4.600E+01	-1.237E+01	 5.816E+01
   14.6000	 1.378E+01	-2.215E+01	 0.000E+00	 4.464E-01	-1.754E-02	-2.628E-01	 4.447E+00	 1.393E+00	 2.112E+00	 1.504E+01	-6.353E+00	-6.670E+00	-5.868E+02	 2.721E+01	 2.911E+01	-3.264E+02	 4.802E+02	-1.909E+02	-1.768E+02	 4.681E+01	-1.268E+01	 4.190E+01	-1.240E+01	 5.838E+01
   14.6500	 1.373E+01	-2.224E+01	 0.000E+00	 5.428E-01	-5.402E-02	-1.101E+00	 4.429E+00	 1.513E+00	 2.024E+00	 1.492E+01	-6.036E+00	-6.289E+00	-5.532E+02	 3.032E+01	 2.741E+01	-3.050E+02	 5.452E+02	-2.095E+02	-1.547E+02	 4.466E+01	-1.314E+01	 3.838E+01	-1.222E+01	 5.857E+01
   14.7000	 1.368E+01	-2.233E+01	 0.000E+00	 6.268E-01	-8.833E-02	-8.688E-01	 4.348E+00	 1.611E+00	 1.878E+00	 1.481E+01	-5.349E+00	-5.651E+00	-4.971E+02	 3.336E+01	 2.523E+01	-2.783E+02	 6.046E+02	-2.259E+02	-1.307E+02	 4.283E+01	-1.361E+01	 3.545E+01	-1.201E+01	 5.875E+01
   14.7500	 1.363E+01	-2.241E+01	 0.000E+00	 6.959E-01	-1.195E-01	-3.644E-01	 4.076E+00	 1.521E+00	 1.747E+00	 1.471E+01	-4.889E+00	-5.098E+00	-4.484E+02	 3.572E+01	 2.266E+01	-2.471E+02	 6.517E+02	-2.401E+02	-1.053E+02	 4.168E+01	-1.408E+01	 3.281E+01	-1.189E+01	 5.891E+01
   14.8000	 1.358E+01	-2.249E+01	 0.000E+00	 7.490E-01	-1.474E-01	-2.329E-01	 3.677E+00	 1.246E+00	 1.646E+00	 1.462E+01	-4.756E+00	-4.973E+00	-4.375E+02	 3.740E+01	 1.958E+01	-2.105E+02	 6.845E+02	-2.514E+02	-7.871E+01	 4.157E+01	-1.456E+01	 3.040E+01	-1.195E+01	 5.907E+01
   14.8500	 1.354E+01	-2.257E+01	 0.000E+00	 7.847E-01	-1.724E-01	 3.305E-01	 3.380E+00	 1.013E+00	 1.633E+00	 1.452E+01	-5.183E+00	-5.644E+00	-4.964E+02	 3.703E+01	 1.696E+01	-1.730E+02	 6.944E+02	-2.602E+02	-5.210E+01	 4.278E+01	-1.510E+01	 2.858E+01	-1.216E+01	 5.921E+01
   14.9000	 1.349E+01	-2.264E+01	 0.000E+00	 8.030E-01	-1.954E-01	 8.598E-01	 3.461E+00	 9.882E-01	 1.604E+00	 1.441E+01	-4.902E+00	-4.699E+00	-4.134E+02	 3.765E+01	 1.314E+01	-1.235E+02	 7.020E+02	-2.652E+02	-2.443E+01	 4.400E+01	-1.503E+01	 2.957E+01	-1.325E+01	 5.937E+01
   14.9500	 1.345E+01	-2.271E+01	 0.000E+00	 8.051E-01	-2.158E-01	 2.285E+00	 3.738E+00	 1.103E+00	 1.531E+00	 1.431E+01	-4.096E+00	-4.223E+00	-3.715E+02	 3.802E+01	 9.138E+00	-7.082E+01	 7.020E+02	-2.670E+02	 3.517E+00	 4.527E+01	-1.518E+01	 3.332E+01	-1.422E+01	 5.953E+01
   15.0000	 1.341E+01	-2.278E+01	 0.000E+00	 7.954E-01	-2.333E-01	 4.297E+00	 4.044E+00	 1.121E+00	 1.543E+00	 1.421E+01	-4.250E+00	-4.835E+00	-4.253E+02	 3.683E+01	 5.736E+00	-2.260E+01	 6.842E+02	-2.661E+02	 3.075E+01	 4.714E+01	-1.572E+01	 3.860E+01	-1.470E+01	 5.970E+01
   15.0500	 1.337E+01	-2.284E+01	 0.000E+00	 7.773E-01	-2.481E-01	 4.694E+00	 4.125E+00	 9.441E-01	 1.529E+00	 1.411E+01	-4.371E+00	-4.632E+00	-4.075E+02	 3.643E+01	 1.412E+00	 3.177E+01	 6.683E+02	-2.613E+02	 5.813E+01	 4.946E+01	-1.613E+01	 4.454E+01	-1.533E+01	 5.987E+01
   15.1000	 1.333E+01	-2.291E+01	 0.000E+00	 7.528E-01	-2.601E-01	 6.048E+00	 4.073E+00	 7.596E-01	 1.512E+00	 1.401E+01	-4.673E+00	-4.712E+00	-4.145E+02	 3.623E+01	-2.897E+00	 8.451E+01	 6.531E+02	-2.533E+02	 8.475E+01	 5.245E+01	-1.663E+01	 4.973E+01	-1.594E+01	 6.006E+01
   15.1500	 1.329E+01	-2.296E+01	 0.000E+00	 7.259E-01	-2.704E-01	 7.730E+00	 4.045E+00	 7.356E-01	 1.491E+00	 1.390E+01	-4.912E+00	-5.031E+00	-4.425E+02	 3.626E+01	-7.079E+00	 1.350E+02	 6.407E+02	-2.425E+02	 1.103E+02	 5.592E+01	-1.709E+01	 5.377E+01	-1.671E+01	 6.025E+01
   15.2000	 1.326E+01	-2.302E+01	 0.000E+00	 7.013E-01	-2.803E-01	 8.736E+00	 4.147E+00	 8.132E-01	 1.472E+00	 1.379E+01	-4.927E+00	-5.060E+00	-4.451E+02	 3.638E+01	-1.104E+01	 1.825E+02	 6.315E+02	-2.289E+02	 1.341E+02	 5.969E+01	-1.732E+01	 5.698E+01	-1.775E+01	 6.045E+01
   15.2500	 1.323E+01	-2.307E+01	 0.000E+00	 6.831E-01	-2.905E-01	 9.779E+00	 4.329E+00	 8.536E-01	 1.469E+00	 1.367E+01	-4.868E+00	-5.009E+00	-4.406E+02	 3.655E+01	-1.470E+01	 2.253E+02	 6.254E+02	-2.131E+02	 1.562E+02	 6.317E+01	-1.741E+01	 6.022E+01	-1.875E+01	 6.064E+01
   15.3000	 1.320E+01	-2.312E+01	 0.000E+00	 6.743E-01	-3.010E-01	 8.839E+00	 4.373E+00	 7.935E-01	 1.487E+00	 1.354E+01	-4.904E+00	-5.049E+00	-4.441E+02	 3.621E+01	-1.801E+01	 2.626E+02	 6.164E+02	-1.952E+02	 1.762E+02	 6.630E+01	-1.751E+01	 6.381E+01	-1.939E+01	 6.082E+01
   15.3500	 1.317E+01	-2.316E+01	 0.000E+00	 6.733E-01	-3.111E-01	 6.447E+00	 4.183E+00	 7.312E-01	 1.494E+00	 1.342E+01	-4.876E+00	-5.037E+00	-4.431E+02	 3.561E+01	-2.108E+01	 2.953E+02	 6.071E+02	-1.752E+02	 1.941E+02	 6.883E+01	-1.757E+01	 6.793E+01	-1.965E+01	 6.098E+01
   15.4000	 1.314E+01	-2.320E+01	 0.000E+00	 6.748E-01	-3.201E-01	 5.106E+00	 3.790E+00	 7.302E-01	 1.476E+00	 1.329E+01	-4.709E+00	-4.849E+00	-4.265E+02	 3.540E+01	-2.391E+01	 3.245E+02	 6.044E+02	-1.535E+02	 2.097E+02	 7.067E+01	-1.746E+01	 7.214E+01	-1.969E+01	 6.111E+01
   15.4500	 1.312E+01	-2.324E+01	 0.000E+00	 6.756E-01	-3.279E-01	 5.551E+00	 3.300E+00	 7.716E-01	 1.429E+00	 1.316E+01	-4.494E+00	-4.679E+00	-4.116E+02	 3.583E+01	-2.659E+01	 3.517E+02	 6.104E+02	-1.303E+02	 2.235E+02	 7.239E+01	-1.720E+01	 7.513E+01	-1.952E+01	 6.121E+01
   15.5000	 1.309E+01	-2.328E+01	 0.000E+00	 6.761E-01	-3.353E-01	 6.324E+00	 2.917E+00	 8.019E-01	 1.364E+00	 1.303E+01	-4.352E+00	-4.522E+00	-3.978E+02	 3.657E+01	-2.916E+01	 3.784E+02	 6.203E+02	-1.057E+02	 2.350E+02	 7.472E+01	-1.680E+01	 7.593E+01	-1.904E+01	 6.129E+01
   15.5500	 1.308E+01	-2.331E+01	 0.000E+00	 6.784E-01	-3.432E-01	 6.104E+00	 2.786E+00	 8.361E-01	 1.289E+00	 1.291E+01	-4.219E+00	-4.393E+00	-3.865E+02	 3.717E+01	-3.159E+01	 4.046E+02	 6.288E+02	-8.013E+01	 2.441E+02	 7.766E+01	-1.636E+01	 7.524E+01	-1.812E+01	 6.135E+01
   15.6000	 1.306E+01	-2.334E+01	 0.000E+00	 6.824E-01	-3.516E-01	 4.959E+00	 2.809E+00	 9.061E-01	 1.208E+00	 1.278E+01	-3.940E+00	-4.122E+00	-3.626E+02	 3.765E+01	-3.390E+01	 4.302E+02	 6.365E+02	-5.395E+01	 2.509E+02	 8.044E+01	-1.582E+01	 7.511E+01	-1.684E+01	 6.139E+01
   15.6500	 1.304E+01	-2.336E+01	 0.000E+00	 6.859E-01	-3.592E-01	 4.362E+00	 2.840E+00	 1.018E+00	 1.109E+00	 1.265E+01	-3.387E+00	-3.542E+00	-3.116E+02	 3.850E+01	-3.610E+01	 4.543E+02	 6.488E+02	-2.731E+01	 2.558E+02	 8.239E+01	-1.511E+01	 7.719E+01	-1.543E+01	 6.141E+01
   15.7000	 1.303E+01	-2.338E+01	 0.000E+00	 6.876E-01	-3.649E-01	 4.824E+00	 2.751E+00	 1.107E+00	 9.961E-01	 1.253E+01	-2.791E+00	-2.959E+00	-2.603E+02	 3.994E+01	-3.811E+01	 4.750E+02	 6.675E+02	-3.367E-01	 2.584E+02	 8.386E+01	-1.430E+01	 8.108E+01	-1.390E+01	 6.143E+01
   15.7500	 1.301E+01	-2.340E+01	 0.000E+00	 6.882E-01	-3.680E-01	 5.464E+00	 2.451E+00	 1.148E+00	 8.915E-01	 1.243E+01	-2.407E+00	-2.569E+00	-2.259E+02	 4.180E+01	-3.997E+01	 4.916E+02	 6.895E+02	 2.676E+01	 2.586E+02	 8.587E+01	-1.349E+01	 8.493E+01	-1.227E+01	 6.144E+01
   15.8000	 1.300E+01	-2.342E+01	 0.000E+00	 6.888E-01	-3.688E-01	 5.261E+00	 2.036E+00	 1.177E+00	 8.050E-01	 1.232E+01	-2.371E+00	-2.531E+00	-2.226E+02	 4.390E+01	-4.143E+01	 5.026E+02	 7.120E+02	 5.353E+01	 2.560E+02	 8.909E+01	-1.271E+01	 8.752E+01	-1.059E+01	 6.145E+01
   15.8500	 1.300E+01	-2.343E+01	 0.000E+00	 6.892E-01	-3.680E-01	 5.060E+00	 1.788E+00	 1.291E+00	 7.321E-01	 1.222E+01	-2.271E+00	-2.452E+00	-2.157E+02	 4.580E+01	-4.238E+01	 5.079E+02	 7.312E+02	 7.956E+01	 2.502E+02	 9.329E+01	-1.184E+01	 8.925E+01	-9.203E+00	 6.144E+01
   15.9000	 1.299E+01	-2.344E+01	 0.000E+00	 6.893E-01	-3.660E-01	 4.701E+00	 1.577E+00	 1.462E+00	 7.242E-01	 1.212E+01	-2.415E+00	-2.798E+00	-2.462E+02	 4.726E+01	-4.287E+01	 5.090E+02	 7.451E+02	 1.042E+02	 2.422E+02	 9.801E+01	-1.098E+01	 9.137E+01	-8.041E+00	 6.144E+01
   15.9500	 1.299E+01	-2.344E+01	 0.000E+00	 6.883E-01	-3.630E-01	 4.543E+00	 1.810E+00	 1.643E+00	 6.682E-01	 1.202E+01	-1.591E+00	-2.164E+00	-1.904E+02	 4.822E+01	-4.268E+01	 5.044E+02	 7.527E+02	 1.279E+02	 2.312E+02	 1.020E+02	-9.784E+00	 9.605E+01	-7.545E+00	 6.143E+01
   16.0000	 1.299E+01	-2.344E+01	 0.000E+00	 6.858E-01	-3.581E-01	 4.147E+00	 1.820E+00	 1.689E+00	 6.596E-01	 1.192E+01	-1.371E+00	-1.324E+00	-1.164E+02	 4.852E+01	-4.214E+01	 4.953E+02	 7.525E+02	 1.502E+02	 2.177E+02	 1.052E+02	-8.643E+00	 1.030E+02	-7.128E+00	 6.144E+01
   16.0500	 1.299E+01	-2.344E+01	 0.000E+00	 6.809E-01	-3.501E-01	 3.671E+00	 1.126E+00	 1.681E+00	 8.083E-01	 1.184E+01	-3.167E+00	-1.939E+00	-1.706E+02	 4.819E+01	-4.137E+01	 4.832E+02	 7.457E+02	 1.703E+02	 2.026E+02	 1.084E+02	-8.133E+00	 1.104E+02	-6.051E+00	 6.144E+01
   16.1000	 1.299E+01	-2.344E+01	 0.000E+00	 6.730E-01	-3.401E-01	 4.155E+00	 1.367E+00	 1.682E+00	 6.729E-01	 1.174E+01	-1.892E+00	-2.282E+00	-2.008E+02	 4.727E+01	-3.949E+01	 4.624E+02	 7.337E+02	 1.893E+02	 1.839E+02	 1.113E+02	-7.737E+00	 1.171E+02	-5.343E+00	 6.145E+01
   16.1500	 1.299E+01	-2.344E+01	 0.000E+00	 6.630E-01	-3.293E-01	 4.980E+00	 1.400E+00	 1.668E+00	 6.895E-01	 1.164E+01	-1.984E+00	-2.117E+00	-1.862E+02	 4.618E+01	-3.775E+01	 4.428E+02	 7.192E+02	 2.057E+02	 1.638E+02	 1.147E+02	-7.037E+00	 1.210E+02	-5.169E+00	 6.147E+01
   16.2000	 1.299E+01	-2.344E+01	 0.000E+00	 6.532E-01	-3.179E-01	 5.678E+00	 1.602E+00	 1.718E+00	 6.936E-01	 1.154E+01	-1.832E+00	-1.855E+00	-1.632E+02	 4.478E+01	-3.571E+01	 4.204E+02	 7.021E+02	 2.196E+02	 1.421E+02	 1.178E+02	-6.261E+00	 1.231E+02	-5.338E+00	 6.149E+01
   16.2500	 1.299E+01	-2.344E+01	 0.000E+00	 6.453E-01	-3.057E-01	 5.901E+00	 1.753E+00	 1.804E+00	 6.997E-01	 1.143E+01	-1.757E+00	-1.811E+00	-1.593E+02	 4.318E+01	-3.338E+01	 3.944E+02	 6.834E+02	 2.312E+02	 1.190E+02	 1.203E+02	-5.634E+00	 1.240E+02	-5.391E+00	 6.151E+01
   16.3000	 1.299E+01	-2.344E+01	 0.000E+00	 6.401E-01	-2.924E-01	 6.014E+00	 1.746E+00	 1.839E+00	 7.265E-01	 1.133E+01	-1.939E+00	-2.026E+00	-1.782E+02	 4.156E+01	-3.080E+01	 3.646E+02	 6.657E+02	 2.401E+02	 9.488E+01	 1.222E+02	-5.246E+00	 1.241E+02	-5.052E+00	 6.151E+01
   16.3500	 1.299E+01	-2.344E+01	 0.000E+00	 6.378E-01	-2.783E-01	 6.491E+00	 1.726E+00	 1.824E+00	 7.433E-01	 1.122E+01	-1.996E+00	-2.083E+00	-1.832E+02	 4.011E+01	-2.793E+01	 3.313E+02	 6.512E+02	 2.464E+02	 6.997E+01	 1.234E+02	-4.919E+00	 1.243E+02	-4.514E+00	 6.151E+01
   16.4000	 1.299E+01	-2.344E+01	 0.000E+00	 6.393E-01	-2.639E-01	 7.152E+00	 1.782E+00	 1.744E+00	 7.303E-01	 1.111E+01	-1.718E+00	-1.789E+00	-1.574E+02	 3.887E+01	-2.475E+01	 2.944E+02	 6.409E+02	 2.504E+02	 4.445E+01	 1.232E+02	-4.489E+00	 1.253E+02	-4.053E+00	 6.149E+01
   16.4500	 1.299E+01	-2.344E+01	 0.000E+00	 6.461E-01	-2.491E-01	 7.534E+00	 1.793E+00	 1.692E+00	 6.804E-01	 1.101E+01	-1.259E+00	-1.352E+00	-1.190E+02	 3.782E+01	-2.124E+01	 2.530E+02	 6.344E+02	 2.524E+02	 1.835E+01	 1.222E+02	-4.019E+00	 1.263E+02	-3.621E+00	 6.146E+01
   16.5000	 1.299E+01	-2.344E+01	 0.000E+00	 6.588E-01	-2.337E-01	 7.557E+00	 1.565E+00	 1.641E+00	 6.139E-01	 1.091E+01	-1.012E+00	-1.087E+00	-9.558E+01	 3.699E+01	-1.748E+01	 2.072E+02	 6.322E+02	 2.524E+02	-8.151E+00	 1.213E+02	-3.697E+00	 1.254E+02	-2.949E+00	 6.143E+01
   16.5500	 1.299E+01	-2.344E+01	 0.000E+00	 6.771E-01	-2.177E-01	 7.583E+00	 1.148E+00	 1.596E+00	 5.269E-01	 1.081E+01	-9.426E-01	-1.064E+00	-9.360E+01	 3.643E+01	-1.354E+01	 1.581E+02	 6.347E+02	 2.498E+02	-3.468E+01	 1.213E+02	-3.602E+00	 1.222E+02	-1.941E+00	 6.140E+01
   16.6000	 1.299E+01	-2.344E+01	 0.000E+00	 7.003E-01	-2.023E-01	 7.869E+00	 7.493E-01	 1.638E+00	 4.324E-01	 1.072E+01	-8.947E-01	-1.008E+00	-8.870E+01	 3.618E+01	-9.524E+00	 1.082E+02	 6.419E+02	 2.451E+02	-6.086E+01	 1.215E+02	-3.587E+00	 1.180E+02	-8.714E-01	 6.136E+01
   16.6500	 1.299E+01	-2.344E+01	 0.000E+00	 7.278E-01	-1.884E-01	 8.327E+00	 6.117E-01	 1.768E+00	 3.213E-01	 1.063E+01	-5.026E-01	-6.010E-01	-5.287E+01	 3.620E+01	-5.464E+00	 5.904E+01	 6.535E+02	 2.385E+02	-8.651E+01	 1.212E+02	-3.452E+00	 1.153E+02	-1.177E-01	 6.132E+01
   16.7000	 1.299E+01	-2.344E+01	 0.000E+00	 7.597E-01	-1.763E-01	 8.697E+00	 6.730E-01	 1.821E+00	 1.788E-01	 1.054E+01	 1.459E-01	 6.351E-02	 5.587E+00	 3.649E+01	-1.369E+00	 1.034E+01	 6.692E+02	 2.299E+02	-1.115E+02	 1.202E+02	-3.225E+00	 1.150E+02	 2.570E-01	 6.129E+01
   16.7500	 1.299E+01	-2.344E+01	 0.000E+00	 7.961E-01	-1.653E-01	 8.947E+00	 6.556E-01	 1.852E+00	 2.053E-02	 1.047E+01	 6.330E-01	 5.747E-01	 5.055E+01	 3.712E+01	 2.719E+00	-3.874E+01	 6.897E+02	 2.189E+02	-1.356E+02	 1.191E+02	-3.134E+00	 1.159E+02	 4.830E-01	 6.126E+01
   16.8000	 1.299E+01	-2.344E+01	 0.000E+00	 8.368E-01	-1.547E-01	 9.259E+00	 4.200E-01	 1.945E+00	-1.247E-01	 1.042E+01	 7.703E-01	 7.270E-01	 6.395E+01	 3.812E+01	 6.745E+00	-8.822E+01	 7.157E+02	 2.052E+02	-1.584E+02	 1.189E+02	-3.317E+00	 1.163E+02	 6.842E-01	 6.122E+01
   16.8500	 1.299E+01	-2.344E+01	 0.000E+00	 8.818E-01	-1.451E-01	 9.683E+00	 8.998E-02	 2.079E+00	-2.309E-01	 1.036E+01	 7.220E-01	 6.594E-01	 5.800E+01	 3.947E+01	 1.065E+01	-1.367E+02	 7.465E+02	 1.890E+02	-1.793E+02	 1.199E+02	-3.706E+00	 1.156E+02	 6.993E-01	 6.119E+01
   16.9000	 1.299E+01	-2.344E+01	 0.000E+00	 9.306E-01	-1.375E-01	 1.008E+01	-1.150E-01	 2.250E+00	-2.764E-01	 1.031E+01	 7.225E-01	 6.703E-01	 5.896E+01	 4.105E+01	 1.436E+01	-1.821E+02	 7.804E+02	 1.705E+02	-1.980E+02	 1.218E+02	-4.134E+00	 1.146E+02	 2.460E-01	 6.116E+01
   16.9500	 1.299E+01	-2.344E+01	 0.000E+00	 9.827E-01	-1.325E-01	 1.035E+01	-9.157E-02	 2.442E+00	-2.617E-01	 1.026E+01	 8.763E-01	 8.256E-01	 7.262E+01	 4.282E+01	 1.782E+01	-2.231E+02	 8.168E+02	 1.501E+02	-2.144E+02	 1.237E+02	-4.562E+00	 1.148E+02	-7.506E-01	 6.114E+01
   17.0000	 1.299E+01	-2.344E+01	 0.000E+00	 1.037E+00	-1.301E-01	 1.064E+01	 7.416E-02	 2.364E+00	-1.994E-01	 1.021E+01	 1.092E+00	 1.034E+00	 9.099E+01	 4.480E+01	 2.101E+01	-2.600E+02	 8.559E+02	 1.282E+02	-2.286E+02	 1.250E+02	-5.082E+00	 1.173E+02	-2.109E+00	 6.113E+01
   17.0500	 1.299E+01	-2.344E+01	 0.000E+00	 1.094E+00	-1.299E-01	 1.107E+01	 6.464E-02	 1.969E+00	 6.202E-02	 1.016E+01	 5.877E-01	 3.010E-01	 2.648E+01	 4.709E+01	 2.370E+01	-2.914E+02	 8.986E+02	 1.054E+02	-2.404E+02	 1.260E+02	-6.018E+00	 1.213E+02	-3.337E+00	 6.113E+01
   17.1000	 1.299E+01	-2.344E+01	 0.000E+00	 1.153E+00	-1.323E-01	 1.193E+01	 3.011E-01	 2.513E+00	 1.475E-01	 1.011E+01	 5.557E-01	 1.083E-01	 9.523E+00	 4.963E+01	 2.611E+01	-3.177E+02	 9.451E+02	 8.094E+01	-2.494E+02	 1.266E+02	-6.870E+00	 1.259E+02	-5.004E+00	 6.115E+01
   17.1500	 1.299E+01	-2.344E+01	 0.000E+00	 1.214E+00	-1.375E-01	 1.251E+01	 5.184E-01	 2.960E+00	 2.158E-01	 1.005E+01	 2.212E-01	 2.609E-01	 2.295E+01	 5.231E+01	 2.798E+01	-3.374E+02	 9.941E+02	 5.581E+01	-2.554E+02	 1.274E+02	-7.600E+00	 1.293E+02	-6.968E+00	 6.118E+01
   17.2000	 1.299E+01	-2.344E+01	 0.000E+00	 1.278E+00	-1.455E-01	 1.252E+01	 7.937E-01	 2.967E+00	 2.407E-01	 9.982E+00	 1.373E-01	 1.265E-01	 1.113E+01	 5.501E+01	 2.949E+01	-3.521E+02	 1.044E+03	 3.008E+01	-2.585E+02	 1.282E+02	-8.451E+00	 1.308E+02	-8.867E+00	 6.122E+01
   17.2500	 1.299E+01	-2.344E+01	 0.000E+00	 1.344E+00	-1.555E-01	 1.226E+01	 9.741E-01	 2.321E+00	 2.171E-01	 9.915E+00	 6.774E-03	-5.860E-02	-5.154E+00	 5.763E+01	 3.055E+01	-3.614E+02	 1.095E+03	 4.043E+00	-2.585E+02	 1.291E+02	-9.363E+00	 1.302E+02	-1.056E+01	 6.126E+01
   17.3000	 1.299E+01	-2.344E+01	 0.000E+00	 1.409E+00	-1.672E-01	 1.221E+01	 1.120E+00	 1.927E+00	 1.752E-01	 9.843E+00	-2.712E-01	-3.250E-01	-2.859E+01	 6.018E+01	 3.109E+01	-3.647E+02	 1.143E+03	-2.176E+01	-2.552E+02	 1.303E+02	-1.030E+01	 1.277E+02	-1.194E+01	 6.129E+01
   17.3500	 1.299E+01	-2.344E+01	 0.000E+00	 1.471E+00	-1.803E-01	 1.225E+01	 1.321E+00	 2.414E+00	 8.595E-02	 9.765E+00	-3.049E-01	-3.740E-01	-3.290E+01	 6.252E+01	 3.119E+01	-3.621E+02	 1.188E+03	-4.708E+01	-2.492E+02	 1.313E+02	-1.110E+01	 1.252E+02	-1.314E+01	 6.132E+01
   17.4000	 1.299E+01	-2.344E+01	 0.000E+00	 1.529E+00	-1.944E-01	 1.195E+01	 1.538E+00	 2.811E+00	-5.878E-03	 9.684E+00	-2.226E-02	-8.703E-02	-7.655E+00	 6.421E+01	 3.102E+01	-3.552E+02	 1.226E+03	-7.195E+01	-2.409E+02	 1.308E+02	-1.170E+01	 1.248E+02	-1.419E+01	 6.134E+01
   17.4500	 1.299E+01	-2.344E+01	 0.000E+00	 1.580E+00	-2.085E-01	 1.118E+01	 1.583E+00	 2.649E+00	-7.200E-02	 9.610E+00	 3.947E-01	 3.548E-01	 3.121E+01	 6.506E+01	 3.080E+01	-3.459E+02	 1.255E+03	-9.653E+01	-2.309E+02	 1.290E+02	-1.220E+01	 1.262E+02	-1.486E+01	 6.135E+01
   17.5000	 1.299E+01	-2.344E+01	 0.000E+00	 1.622E+00	-2.214E-01	 1.027E+01	 1.314E+00	 2.260E+00	-9.604E-02	 9.546E+00	 6.521E-01	 6.099E-01	 5.365E+01	 6.506E+01	 3.059E+01	-3.352E+02	 1.273E+03	-1.206E+02	-2.189E+02	 1.273E+02	-1.279E+01	 1.271E+02	-1.488E+01	 6.135E+01
   17.5500	 1.299E+01	-2.344E+01	 0.000E+00	 1.651E+00	-2.324E-01	 9.655E+00	 8.626E-01	 2.198E+00	-8.736E-02	 9.489E+00	 6.716E-01	 6.211E-01	 5.463E+01	 6.436E+01	 3.021E+01	-3.226E+02	 1.278E+03	-1.435E+02	-2.048E+02	 1.270E+02	-1.345E+01	 1.253E+02	-1.432E+01	 6.135E+01
   17.6000	 1.299E+01	-2.344E+01	 0.000E+00	 1.664E+00	-2.420E-01	 9.357E+00	 4.893E-01	 2.348E+00	-8.588E-02	 9.433E+00	 7.420E-01	 6.670E-01	 5.867E+01	 6.297E+01	 2.957E+01	-3.062E+02	 1.269E+03	-1.647E+02	-1.886E+02	 1.278E+02	-1.394E+01	 1.216E+02	-1.366E+01	 6.134E+01
   17.6500	 1.299E+01	-2.344E+01	 0.000E+00	 1.660E+00	-2.504E-01	 8.867E+00	 3.790E-01	 2.425E+00	-1.321E-01	 9.379E+00	 1.026E+00	 9.661E-01	 8.498E+01	 6.125E+01	 2.868E+01	-2.857E+02	 1.249E+03	-1.843E+02	-1.709E+02	 1.287E+02	-1.406E+01	 1.185E+02	-1.333E+01	 6.133E+01
   17.7000	 1.299E+01	-2.344E+01	 0.000E+00	 1.638E+00	-2.571E-01	 9.014E+00	 4.292E-01	 2.285E+00	-2.496E-01	 9.333E+00	 1.499E+00	 1.470E+00	 1.293E+02	 5.933E+01	 2.738E+01	-2.610E+02	 1.218E+03	-2.021E+02	-1.518E+02	 1.291E+02	-1.383E+01	 1.181E+02	-1.334E+01	 6.130E+01
   17.7500	 1.299E+01	-2.344E+01	 0.000E+00	 1.599E+00	-2.612E-01	 9.581E+00	 3.812E-01	 2.069E+00	-3.992E-01	 9.301E+00	 1.888E+00	 1.875E+00	 1.650E+02	 5.725E+01	 2.562E+01	-2.330E+02	 1.180E+03	-2.181E+02	-1.311E+02	 1.291E+02	-1.354E+01	 1.205E+02	-1.331E+01	 6.128E+01
   17.8000	 1.299E+01	-2.344E+01	 0.000E+00	 1.544E+00	-2.619E-01	 9.710E+00	 9.765E-02	 1.978E+00	-5.570E-01	 9.279E+00	 1.998E+00	 2.002E+00	 1.761E+02	 5.496E+01	 2.336E+01	-2.028E+02	 1.132E+03	-2.320E+02	-1.089E+02	 1.296E+02	-1.342E+01	 1.238E+02	-1.291E+01	 6.126E+01
   17.8500	 1.299E+01	-2.344E+01	 0.000E+00	 1.475E+00	-2.593E-01	 9.187E+00	-3.151E-01	 2.014E+00	-6.493E-01	 9.263E+00	 1.913E+00	 1.877E+00	 1.651E+02	 5.253E+01	 2.076E+01	-1.709E+02	 1.078E+03	-2.433E+02	-8.514E+01	 1.314E+02	-1.347E+01	 1.266E+02	-1.219E+01	 6.124E+01
   17.9000	 1.299E+01	-2.344E+01	 0.000E+00	 1.394E+00	-2.544E-01	 1.111E+01	-7.202E-01	 1.957E+00	-6.614E-01	 9.246E+00	 1.830E+00	 1.785E+00	 1.570E+02	 5.023E+01	 1.791E+01	-1.374E+02	 1.020E+03	-2.519E+02	-6.039E+01	 1.345E+02	-1.349E+01	 1.285E+02	-1.155E+01	 6.122E+01
   17.9500	 1.299E+01	-2.344E+01	 0.000E+00	 1.305E+00	-2.487E-01	 1.286E+01	-8.062E-01	 1.736E+00	-6.008E-01	 9.227E+00	 1.856E+00	 1.817E+00	 1.599E+02	 4.796E+01	 1.494E+01	-1.025E+02	 9.611E+02	-2.576E+02	-3.506E+01	 1.381E+02	-1.333E+01	 1.304E+02	-1.135E+01	 6.122E+01
   18.0000	 1.299E+01	-2.344E+01	 0.000E+00	 1.216E+00	-2.435E-01	 1.418E+01	-6.154E-01	 1.643E+00	-4.938E-01	 9.210E+00	 1.888E+00	 1.829E+00	 1.609E+02	 4.562E+01	 1.182E+01	-6.642E+01	 9.009E+02	-2.604E+02	-9.512E+00	 1.417E+02	-1.301E+01	 1.337E+02	-1.161E+01	 6.123E+01
   18.0500	 1.299E+01	-2.344E+01	 0.000E+00	 1.131E+00	-2.390E-01	 1.486E+01	-3.761E-01	 1.757E+00	-3.725E-01	 9.195E+00	 1.744E+00	 1.765E+00	 1.553E+02	 4.343E+01	 8.575E+00	-3.045E+01	 8.438E+02	-2.606E+02	 1.602E+01	 1.447E+02	-1.263E+01	 1.391E+02	-1.212E+01	 6.125E+01
   18.1000	 1.299E+01	-2.344E+01	 0.000E+00	 1.057E+00	-2.356E-01	 1.526E+01	 2.571E-02	 1.893E+00	-1.796E-01	 9.171E+00	 7.640E-01	 1.122E+00	 9.866E+01	 4.028E+01	 5.779E+00	-3.379E-01	 7.807E+02	-2.579E+02	 4.076E+01	 1.472E+02	-1.234E+01	 1.456E+02	-1.256E+01	 6.128E+01
   18.1500	 1.299E+01	-2.344E+01	 0.000E+00	 9.945E-01	-2.335E-01	 1.372E+01	 3.351E-01	 1.948E+00	-1.101E-01	 9.135E+00	 9.028E-01	 7.482E-01	 6.582E+01	 3.818E+01	 2.588E+00	 3.254E+01	 7.319E+02	-2.520E+02	 6.538E+01	 1.490E+02	-1.194E+01	 1.524E+02	-1.313E+01	 6.131E+01
   18.2000	 1.299E+01	-2.344E+01	 0.000E+00	 9.419E-01	-2.322E-01	 1.360E+01	 2.958E-01	 1.942E+00	-5.731E-02	 9.094E+00	 7.910E-01	 7.300E-01	 6.421E+01	 3.704E+01	-6.262E-01	 6.378E+01	 6.988E+02	-2.431E+02	 8.918E+01	 1.505E+02	-1.147E+01	 1.572E+02	-1.350E+01	 6.135E+01
   18.2500	 1.299E+01	-2.344E+01	 0.000E+00	 8.997E-01	-2.319E-01	 1.434E+01	-5.245E-02	 2.005E+00	-4.031E-02	 9.052E+00	 5.543E-01	 5.541E-01	 4.874E+01	 3.669E+01	-3.818E+00	 9.377E+01	 6.790E+02	-2.311E+02	 1.119E+02	 1.523E+02	-1.112E+01	 1.587E+02	-1.337E+01	 6.138E+01
   18.3000	 1.299E+01	-2.344E+01	 0.000E+00	 8.704E-01	-2.342E-01	 1.456E+01	-3.957E-01	 2.206E+00	-5.342E-02	 9.004E+00	 2.851E-01	 2.465E-01	 2.168E+01	 3.636E+01	-6.978E+00	 1.240E+02	 6.630E+02	-2.163E+02	 1.331E+02	 1.546E+02	-1.082E+01	 1.567E+02	-1.280E+01	 6.140E+01
   18.3500	 1.299E+01	-2.344E+01	 0.000E+00	 8.551E-01	-2.403E-01	 1.237E+01	-4.754E-01	 2.419E+00	-8.469E-02	 8.949E+00	 2.169E-01	 1.655E-01	 1.456E+01	 3.552E+01	-1.014E+01	 1.563E+02	 6.455E+02	-1.993E+02	 1.526E+02	 1.567E+02	-1.034E+01	 1.535E+02	-1.209E+01	 6.142E+01
   18.4000	 1.299E+01	-2.344E+01	 0.000E+00	 8.500E-01	-2.499E-01	 9.971E+00	-3.793E-01	 2.556E+00	-1.358E-01	 8.892E+00	 5.050E-01	 4.644E-01	 4.086E+01	 3.477E+01	-1.331E+01	 1.909E+02	 6.337E+02	-1.807E+02	 1.707E+02	 1.574E+02	-9.616E+00	 1.522E+02	-1.135E+01	 6.142E+01
   18.4500	 1.299E+01	-2.344E+01	 0.000E+00	 8.496E-01	-2.615E-01	 9.687E+00	-3.201E-01	 2.623E+00	-2.115E-01	 8.843E+00	 1.038E+00	 1.013E+00	 8.914E+01	 3.476E+01	-1.648E+01	 2.264E+02	 6.347E+02	-1.609E+02	 1.876E+02	 1.560E+02	-8.751E+00	 1.538E+02	-1.039E+01	 6.141E+01
   18.5000	 1.299E+01	-2.344E+01	 0.000E+00	 8.528E-01	-2.738E-01	 1.068E+01	-4.237E-01	 2.651E+00	-2.877E-01	 8.808E+00	 1.317E+00	 1.325E+00	 1.166E+02	 3.538E+01	-1.969E+01	 2.621E+02	 6.459E+02	-1.398E+02	 2.034E+02	 1.538E+02	-8.017E+00	 1.559E+02	-8.893E+00	 6.139E+01
   18.5500	 1.299E+01	-2.344E+01	 0.000E+00	 8.609E-01	-2.866E-01	 1.062E+01	-5.109E-01	 2.658E+00	-3.501E-01	 8.781E+00	 1.296E+00	 1.287E+00	 1.132E+02	 3.611E+01	-2.282E+01	 2.968E+02	 6.595E+02	-1.174E+02	 2.174E+02	 1.526E+02	-7.475E+00	 1.555E+02	-6.841E+00	 6.137E+01
   18.6000	 1.299E+01	-2.344E+01	 0.000E+00	 8.736E-01	-2.998E-01	 9.343E+00	-4.568E-01	 2.668E+00	-3.877E-01	 8.755E+00	 1.248E+00	 1.226E+00	 1.078E+02	 3.683E+01	-2.577E+01	 3.298E+02	 6.738E+02	-9.372E+01	 2.290E+02	 1.527E+02	-6.908E+00	 1.520E+02	-4.711E+00	 6.133E+01
   18.6500	 1.299E+01	-2.344E+01	 0.000E+00	 8.885E-01	-3.127E-01	 8.780E+00	-3.189E-01	 2.732E+00	-4.052E-01	 8.728E+00	 1.476E+00	 1.448E+00	 1.274E+02	 3.805E+01	-2.847E+01	 3.603E+02	 6.946E+02	-6.936E+01	 2.382E+02	 1.534E+02	-6.083E+00	 1.475E+02	-3.030E+00	 6.129E+01
   18.7000	 1.299E+01	-2.344E+01	 0.000E+00	 9.042E-01	-3.243E-01	 8.985E+00	-3.404E-01	 2.859E+00	-4.011E-01	 8.709E+00	 1.839E+00	 1.824E+00	 1.605E+02	 3.984E+01	-3.097E+01	 3.874E+02	 7.235E+02	-4.452E+01	 2.454E+02	 1.536E+02	-5.053E+00	 1.449E+02	-1.871E+00	 6.124E+01
   18.7500	 1.299E+01	-2.344E+01	 0.000E+00	 9.210E-01	-3.342E-01	 9.357E+00	-6.067E-01	 2.982E+00	-3.848E-01	 8.700E+00	 2.102E+00	 2.114E+00	 1.859E+02	 4.209E+01	-3.333E+01	 4.110E+02	 7.583E+02	-1.917E+01	 2.506E+02	 1.531E+02	-4.072E+00	 1.453E+02	-9.287E-01	 6.120E+01
   18.8000	 1.299E+01	-2.344E+01	 0.000E+00	 9.392E-01	-3.425E-01	 9.104E+00	-1.007E+00	 3.033E+00	-3.679E-01	 8.700E+00	 2.136E+00	 2.150E+00	 1.891E+02	 4.459E+01	-3.558E+01	 4.316E+02	 7.954E+02	 6.704E+00	 2.535E+02	 1.523E+02	-3.381E+00	 1.480E+02	 1.146E-01	 6.115E+01
   18.8500	 1.299E+01	-2.344E+01	 0.000E+00	 9.574E-01	-3.497E-01	 8.173E+00	-1.298E+00	 3.032E+00	-3.606E-01	 8.702E+00	 2.034E+00	 2.026E+00	 1.782E+02	 4.730E+01	-3.769E+01	 4.500E+02	 8.333E+02	 3.290E+01	 2.539E+02	 1.521E+02	-3.005E+00	 1.509E+02	 1.228E+00	 6.111E+01
   18.9000	 1.299E+01	-2.344E+01	 0.000E+00	 9.736E-01	-3.565E-01	 8.368E+00	-1.249E+00	 3.068E+00	-3.596E-01	 8.703E+00	 1.909E+00	 1.924E+00	 1.692E+02	 5.028E+01	-3.949E+01	 4.661E+02	 8.718E+02	 5.896E+01	 2.512E+02	 1.531E+02	-2.784E+00	 1.526E+02	 2.071E+00	 6.108E+01
   18.9500	 1.299E+01	-2.344E+01	 0.000E+00	 9.876E-01	-3.631E-01	 8.742E+00	-8.379E-01	 3.199E+00	-3.604E-01	 8.701E+00	 1.860E+00	 1.879E+00	 1.653E+02	 5.302E+01	-4.085E+01	 4.789E+02	 9.065E+02	 8.434E+01	 2.455E+02	 1.553E+02	-2.583E+00	 1.526E+02	 2.320E+00	 6.107E+01
   19.0000	 1.299E+01	-2.344E+01	 0.000E+00	 1.000E+00	-3.686E-01	 8.871E+00	-2.227E-01	 3.377E+00	-3.435E-01	 8.699E+00	 1.739E+00	 1.791E+00	 1.576E+02	 5.515E+01	-4.159E+01	 4.862E+02	 9.326E+02	 1.086E+02	 2.366E+02	 1.578E+02	-2.396E+00	 1.525E+02	 1.904E+00	 6.107E+01
   19.0500	 1.299E+01	-2.344E+01	 0.000E+00	 1.012E+00	-3.717E-01	 8.008E+00	 3.136E-01	 3.498E+00	-3.078E-01	 8.696E+00	 1.528E+00	 1.603E+00	 1.410E+02	 5.642E+01	-4.180E+01	 4.868E+02	 9.474E+02	 1.314E+02	 2.251E+02	 1.597E+02	-2.305E+00	 1.540E+02	 9.876E-01	 6.108E+01
   19.1000	 1.299E+01	-2.344E+01	 0.000E+00	 1.021E+00	-3.712E-01	 7.389E+00	 6.226E-01	 3.495E+00	-2.710E-01	 8.690E+00	 1.386E+00	 1.327E+00	 1.167E+02	 5.694E+01	-4.138E+01	 4.795E+02	 9.531E+02	 1.529E+02	 2.109E+02	 1.601E+02	-2.410E+00	 1.579E+02	-1.610E-01	 6.110E+01
   19.1500	 1.299E+01	-2.344E+01	 0.000E+00	 1.025E+00	-3.664E-01	 7.633E+00	 5.876E-01	 3.409E+00	-1.947E-01	 8.677E+00	 9.866E-01	 9.941E-01	 8.744E+01	 5.690E+01	-4.016E+01	 4.643E+02	 9.530E+02	 1.726E+02	 1.941E+02	 1.596E+02	-2.723E+00	 1.625E+02	-1.338E+00	 6.112E+01
   19.2000	 1.299E+01	-2.344E+01	 0.000E+00	 1.025E+00	-3.580E-01	 8.713E+00	 4.262E-01	 3.350E+00	-9.229E-02	 8.656E+00	 7.091E-01	 7.020E-01	 6.175E+01	 5.655E+01	-3.847E+01	 4.430E+02	 9.499E+02	 1.901E+02	 1.748E+02	 1.591E+02	-3.191E+00	 1.652E+02	-2.467E+00	 6.115E+01
   19.2500	 1.299E+01	-2.344E+01	 0.000E+00	 1.023E+00	-3.473E-01	 9.975E+00	 2.801E-01	 3.390E+00	 1.848E-02	 8.627E+00	 5.434E-01	 5.098E-01	 4.484E+01	 5.593E+01	-3.636E+01	 4.169E+02	 9.436E+02	 2.052E+02	 1.533E+02	 1.590E+02	-3.746E+00	 1.644E+02	-3.531E+00	 6.117E+01
   19.3000	 1.299E+01	-2.344E+01	 0.000E+00	 1.023E+00	-3.356E-01	 1.069E+01	 2.230E-01	 3.539E+00	 9.439E-02	 8.595E+00	 5.002E-01	 4.848E-01	 4.265E+01	 5.504E+01	-3.391E+01	 3.873E+02	 9.346E+02	 2.177E+02	 1.300E+02	 1.592E+02	-4.322E+00	 1.604E+02	-4.524E+00	 6.120E+01
   19.3500	 1.299E+01	-2.344E+01	 0.000E+00	 1.026E+00	-3.234E-01	 1.097E+01	 2.504E-01	 3.638E+00	 1.152E-01	 8.561E+00	 6.103E-01	 5.841E-01	 5.138E+01	 5.400E+01	-3.114E+01	 3.545E+02	 9.252E+02	 2.276E+02	 1.054E+02	 1.591E+02	-4.902E+00	 1.553E+02	-5.391E+00	 6.121E+01
   19.4000	 1.299E+01	-2.344E+01	 0.000E+00	 1.032E+00	-3.109E-01	 1.137E+01	 2.794E-01	 3.470E+00	 7.436E-02	 8.530E+00	 8.664E-01	 8.454E-01	 7.437E+01	 5.311E+01	-2.810E+01	 3.186E+02	 9.190E+02	 2.353E+02	 8.002E+01	 1.577E+02	-5.457E+00	 1.515E+02	-6.098E+00	 6.122E+01
   19.4500	 1.299E+01	-2.344E+01	 0.000E+00	 1.043E+00	-2.978E-01	 1.202E+01	 2.314E-01	 3.262E+00	-2.439E-02	 8.507E+00	 1.196E+00	 1.193E+00	 1.049E+02	 5.248E+01	-2.477E+01	 2.788E+02	 9.179E+02	 2.411E+02	 5.393E+01	 1.550E+02	-6.011E+00	 1.499E+02	-6.572E+00	 6.121E+01
   19.5000	 1.299E+01	-2.344E+01	 0.000E+00	 1.058E+00	-2.842E-01	 1.259E+01	 4.576E-02	 3.188E+00	-1.349E-01	 8.493E+00	 1.404E+00	 1.391E+00	 1.224E+02	 5.218E+01	-2.120E+01	 2.354E+02	 9.223E+02	 2.449E+02	 2.723E+01	 1.517E+02	-6.635E+00	 1.489E+02	-6.738E+00	 6.120E+01
   19.5500	 1.299E+01	-2.344E+01	 0.000E+00	 1.080E+00	-2.706E-01	 1.285E+01	-2.271E-01	 3.256E+00	-2.362E-01	 8.485E+00	 1.479E+00	 1.462E+00	 1.286E+02	 5.213E+01	-1.741E+01	 1.891E+02	 9.317E+02	 2.464E+02	 1.690E-01	 1.489E+02	-7.309E+00	 1.466E+02	-6.652E+00	 6.117E+01
   19.6000	 1.299E+01	-2.344E+01	 0.000E+00	 1.108E+00	-2.577E-01	 1.289E+01	-4.476E-01	 3.119E+00	-3.084E-01	 8.480E+00	 1.605E+00	 1.594E+00	 1.402E+02	 5.227E+01	-1.346E+01	 1.412E+02	 9.451E+02	 2.452E+02	-2.686E+01	 1.474E+02	-7.927E+00	 1.423E+02	-6.518E+00	 6.115E+01
   19.6500	 1.299E+01	-2.344E+01	 0.000E+00	 1.142E+00	-2.460E-01	 1.288E+01	-5.499E-01	 2.984E+00	-3.442E-01	 8.480E+00	 1.834E+00	 1.848E+00	 1.625E+02	 5.260E+01	-9.429E+00	 9.314E+01	 9.623E+02	 2.416E+02	-5.357E+01	 1.465E+02	-8.419E+00	 1.376E+02	-6.525E+00	 6.112E+01
   19.7000	 1.299E+01	-2.344E+01	 0.000E+00	 1.180E+00	-2.357E-01	 1.294E+01	-5.639E-01	 2.964E+00	-3.356E-01	 8.487E+00	 2.049E+00	 2.068E+00	 1.819E+02	 5.313E+01	-5.392E+00	 4.562E+01	 9.827E+02	 2.358E+02	-7.975E+01	 1.458E+02	-8.838E+00	 1.342E+02	-6.678E+00	 6.109E+01
   19.7500	 1.299E+01	-2.344E+01	 0.000E+00	 1.220E+00	-2.266E-01	 1.319E+01	-5.310E-01	 3.073E+00	-3.110E-01	 8.501E+00	 2.171E+00	 2.190E+00	 1.926E+02	 5.389E+01	-1.397E+00	-1.042E+00	 1.006E+03	 2.279E+02	-1.053E+02	 1.449E+02	-9.267E+00	 1.334E+02	-6.922E+00	 6.106E+01
   19.8000	 1.299E+01	-2.344E+01	 0.000E+00	 1.263E+00	-2.185E-01	 1.366E+01	-4.757E-01	 3.115E+00	-3.152E-01	 8.520E+00	 2.196E+00	 2.220E+00	 1.953E+02	 5.491E+01	 2.535E+00	-4.669E+01	 1.033E+03	 2.177E+02	-1.300E+02	 1.441E+02	-9.753E+00	 1.351E+02	-7.235E+00	 6.104E+01
   19.8500	 1.299E+01	-2.344E+01	 0.000E+00	 1.309E+00	-2.115E-01	 1.429E+01	-4.097E-01	 3.128E+00	-3.718E-01	 8.540E+00	 2.156E+00	 2.190E+00	 1.927E+02	 5.618E+01	 6.383E+00	-9.112E+01	 1.064E+03	 2.050E+02	-1.536E+02	 1.438E+02	-1.029E+01	 1.378E+02	-7.673E+00	 6.102E+01
   19.9000	 1.299E+01	-2.344E+01	 0.000E+00	 1.358E+00	-2.059E-01	 1.488E+01	-3.471E-01	 3.132E+00	-4.525E-01	 8.561E+00	 2.042E+00	 2.074E+00	 1.825E+02	 5.766E+01	 1.010E+01	-1.338E+02	 1.097E+03	 1.897E+02	-1.755E+02	 1.448E+02	-1.085E+01	 1.400E+02	-8.317E+00	 6.101E+01
   19.9500	 1.299E+01	-2.344E+01	 0.000E+00	 1.410E+00	-2.019E-01	 1.533E+01	-2.781E-01	 3.247E+00	-5.031E-01	 8.579E+00	 1.857E+00	 1.905E+00	 1.676E+02	 5.933E+01	 1.362E+01	-1.739E+02	 1.134E+03	 1.719E+02	-1.951E+02	 1.470E+02	-1.139E+01	 1.412E+02	-9.242E+00	 6.102E+01
   20.0000	 1.299E+01	-2.344E+01	 0.000E+00	 1.465E+00	-1.998E-01	 1.565E+01	-1.731E-01	 3.482E+00	-4.804E-01	 8.594E+00	 1.630E+00	 1.645E+00	 1.447E+02	 6.120E+01	 1.688E+01	-2.103E+02	 1.173E+03	 1.518E+02	-2.121E+02	 1.499E+02	-1.191E+01	 1.423E+02	-1.044E+01	 6.105E+01
