
These predictions were generated by MoorDyn (v2.2.22024-01-16) on 25-Jun-2024 at 17:33:13.

 
 
 
      Time        FAIRTEN1        FAIRTEN2        FAIRTEN3         BODY1RY         BODY1PZ
       (s)             (N)             (N)             (N)           (deg)             (m)
    0.1000   2.6653729E+03   2.6653402E+03   2.6653402E+03   3.2070464E-09  -4.9021260E-02
    0.2000   7.2334663E+03   7.2333710E+03   7.2333710E+03   3.0460811E-08  -1.9601902E-01
    0.3000   1.3770538E+04   1.3770337E+04   1.3770337E+04   1.1568030E-07  -4.4086632E-01
    0.4000   2.1959140E+04   2.1958778E+04   2.1958778E+04   3.0670973E-07  -7.8338409E-01
    0.5000   3.1423185E+04   3.1421899E+04   3.1421899E+04   4.7381905E-07  -1.2233301E+00
    0.6000   4.1311219E+04   4.1303289E+04   4.1303289E+04  -2.3311555E-06  -1.7601331E+00
    0.7000   4.8931385E+04   4.8872889E+04   4.8872889E+04  -6.5171601E-05  -2.3917543E+00
    0.8000   4.8649251E+04   4.8394338E+04   4.8394338E+04  -4.4246124E-04  -3.1010679E+00
    0.9000   3.9109227E+04   3.8557217E+04   3.8557217E+04  -1.2383186E-03  -3.8592098E+00
    1.0000   2.4900839E+04   2.4283190E+04   2.4283190E+04  -2.5412012E-03  -4.6358151E+00
    1.1000   1.4091455E+04   1.3816760E+04   1.3816760E+04  -4.3833402E-03  -5.4127680E+00
    1.2000   1.0867320E+04   1.0869437E+04   1.0869437E+04  -6.7051438E-03  -6.1825110E+00
    1.3000   1.0655052E+04   1.0651870E+04   1.0651870E+04  -9.4146166E-03  -6.9385212E+00
    1.4000   1.0211169E+04   1.0171128E+04   1.0171128E+04  -1.2410371E-02  -7.6748505E+00
    1.5000   1.2057124E+04   1.1710174E+04   1.1710174E+04  -1.5601712E-02  -8.3860812E+00
    1.6000   1.6251199E+04   1.5419619E+04   1.5419619E+04  -1.8893606E-02  -9.0672844E+00
    1.7000   2.0331926E+04   1.9082551E+04   1.9082551E+04  -2.2154696E-02  -9.7139266E+00
    1.8000   2.2871803E+04   2.1332869E+04   2.1332869E+04  -2.5270683E-02  -1.0321965E+01
    1.9000   2.3548715E+04   2.1839356E+04   2.1839356E+04  -2.8155636E-02  -1.0887900E+01
    2.0000   2.2604169E+04   2.0816288E+04   2.0816288E+04  -3.0749223E-02  -1.1408754E+01
    2.1000   2.0488642E+04   1.8693074E+04   1.8693074E+04  -3.3011619E-02  -1.1882062E+01
    2.2000   1.7761469E+04   1.6048386E+04   1.6048386E+04  -3.4892548E-02  -1.2306635E+01
    2.3000   1.4809397E+04   1.3234909E+04   1.3234909E+04  -3.6317196E-02  -1.2683009E+01
    2.4000   1.1862608E+04   1.0449638E+04   1.0449638E+04  -3.7233676E-02  -1.3011853E+01
    2.5000   9.0691891E+03   7.8228383E+03   7.8228383E+03  -3.7613635E-02  -1.3293736E+01
    2.6000   6.5263353E+03   5.4426183E+03   5.4426183E+03  -3.7453836E-02  -1.3529127E+01
    2.7000   4.3010677E+03   3.3730532E+03   3.3730532E+03  -3.6780168E-02  -1.3718408E+01
    2.8000   2.4409979E+03   1.6649873E+03   1.6649873E+03  -3.5646977E-02  -1.3861889E+01
    2.9000   9.8414275E+02   3.6884057E+02   3.6884057E+02  -3.4133417E-02  -1.3959806E+01
    3.0000   6.2865159E+01   4.8937980E+02   4.8937980E+02  -3.2338997E-02  -1.4012342E+01
    3.1000   5.6755667E+02   8.7487202E+02   8.7487202E+02  -3.0378508E-02  -1.4019659E+01
    3.2000   8.5739790E+02   1.4705033E+03   1.4705033E+03  -2.8375475E-02  -1.3982074E+01
    3.3000   1.5742803E+03   2.6256103E+03   2.6256103E+03  -2.6470441E-02  -1.3899369E+01
    3.4000   2.6513908E+03   4.4141141E+03   4.4141141E+03  -2.4921811E-02  -1.3763745E+01
    3.5000   3.9404183E+03   6.6086339E+03   6.6086339E+03  -2.3870718E-02  -1.3575429E+01
    3.6000   5.2982422E+03   9.0195407E+03   9.0195407E+03  -2.3416882E-02  -1.3337613E+01
    3.7000   6.5220917E+03   1.1423662E+04   1.1423662E+04  -2.3650207E-02  -1.3054150E+01
    3.8000   7.4186539E+03   1.3570865E+04   1.3570865E+04  -2.4653424E-02  -1.2729426E+01
    3.9000   7.8577490E+03   1.5228062E+04   1.5228062E+04  -2.6507487E-02  -1.2368209E+01
    4.0000   7.7506458E+03   1.6207769E+04   1.6207769E+04  -2.9286849E-02  -1.1975498E+01
    4.1000   7.1457795E+03   1.6397902E+04   1.6397902E+04  -3.3058628E-02  -1.1556395E+01
    4.2000   6.2119413E+03   1.5629712E+04   1.5629712E+04  -3.7881905E-02  -1.1115994E+01
    4.3000   5.2431140E+03   1.3995010E+04   1.3995010E+04  -4.3805231E-02  -1.0659308E+01
    4.4000   4.5902496E+03   1.1712407E+04   1.1712407E+04  -5.0863848E-02  -1.0191220E+01
    4.5000   4.4082115E+03   9.1253810E+03   9.1253810E+03  -5.9076982E-02  -9.7164715E+00
    4.6000   4.4562304E+03   6.6556185E+03   6.6556185E+03  -6.8445109E-02  -9.2396646E+00
    4.7000   4.4047485E+03   4.9189554E+03   4.9189554E+03  -7.8946945E-02  -8.7652767E+00
    4.8000   4.2743466E+03   4.1745398E+03   4.1745398E+03  -9.0539192E-02  -8.2976724E+00
    4.9000   4.4083592E+03   3.9762234E+03   3.9762234E+03  -1.0316278E-01  -7.8411092E+00
    5.0000   5.1262174E+03   3.7410929E+03   3.7410929E+03  -1.1675524E-01  -7.3997293E+00
    5.1000   6.3390758E+03   3.4092854E+03   3.4092854E+03  -1.3123827E-01  -6.9775119E+00
    5.2000   7.6741018E+03   3.2138931E+03   3.2138931E+03  -1.4651883E-01  -6.5781935E+00
    5.3000   8.7726584E+03   3.3126628E+03   3.3126628E+03  -1.6249549E-01  -6.2051757E+00
    5.4000   9.4026386E+03   3.6023961E+03   3.6023961E+03  -1.7906440E-01  -5.8614532E+00
    5.5000   9.4684195E+03   3.8510681E+03   3.8510681E+03  -1.9612480E-01  -5.5495751E+00
    5.6000   8.9791862E+03   3.8937867E+03   3.8937867E+03  -2.1358291E-01  -5.2716473E+00
    5.7000   8.0967168E+03   3.6727495E+03   3.6727495E+03  -2.3135573E-01  -5.0293680E+00
    5.8000   6.8706384E+03   3.2064573E+03   3.2064573E+03  -2.4937496E-01  -4.8240868E+00
    5.9000   5.4441116E+03   2.5604352E+03   2.5604352E+03  -2.6758948E-01  -4.6568691E+00
    6.0000   3.9979906E+03   1.8255889E+03   1.8255889E+03  -2.8596618E-01  -4.5285482E+00
    6.1000   2.6563688E+03   1.0968374E+03   1.0968374E+03  -3.0448989E-01  -4.4397564E+00
    6.2000   1.5020210E+03   4.6683499E+02   4.6683499E+02  -3.2316304E-01  -4.3909367E+00
    6.3000   6.0175690E+02   9.7181707E+01   9.7181707E+01  -3.4200575E-01  -4.3823453E+00
    6.4000   1.3810900E+02   3.3116115E+02   3.3116115E+02  -3.6105556E-01  -4.4140173E+00
    6.5000   4.8641592E+02   6.9430752E+02   6.9430752E+02  -3.8036679E-01  -4.4855329E+00
    6.6000   1.0960830E+03   1.0852295E+03   1.0852295E+03  -4.0000783E-01  -4.5958280E+00
    6.7000   1.8267044E+03   1.4291412E+03   1.4291412E+03  -4.2005468E-01  -4.7432005E+00
    6.8000   2.5342270E+03   1.7077186E+03   1.7077186E+03  -4.4058361E-01  -4.9253752E+00
    6.9000   3.0609213E+03   1.8826729E+03   1.8826729E+03  -4.6166506E-01  -5.1396016E+00
    7.0000   3.2977092E+03   1.9391817E+03   1.9391817E+03  -4.8335982E-01  -5.3827636E+00
    7.1000   3.2360725E+03   1.9145950E+03   1.9145950E+03  -5.0571775E-01  -5.6514787E+00
    7.2000   2.9601820E+03   1.9059787E+03   1.9059787E+03  -5.2877542E-01  -5.9421928E+00
    7.3000   2.6124421E+03   1.9687073E+03   1.9687073E+03  -5.5255174E-01  -6.2512706E+00
    7.4000   2.3468859E+03   2.1006562E+03   2.1006562E+03  -5.7704560E-01  -6.5750599E+00
    7.5000   2.2519021E+03   2.2416709E+03   2.2416709E+03  -6.0223563E-01  -6.9099299E+00
    7.6000   2.2856329E+03   2.3286943E+03   2.3286943E+03  -6.2808171E-01  -7.2522920E+00
    7.7000   2.3409093E+03   2.3539360E+03   2.3539360E+03  -6.5452861E-01  -7.5986097E+00
    7.8000   2.3408693E+03   2.3489795E+03   2.3489795E+03  -6.8151126E-01  -7.9454081E+00
    7.9000   2.2771466E+03   2.3824147E+03   2.3824147E+03  -7.0895975E-01  -8.2892881E+00
    8.0000   2.1734325E+03   2.5239549E+03   2.5239549E+03  -7.3680424E-01  -8.6269481E+00
    8.1000   2.0627458E+03   2.7795180E+03   2.7795180E+03  -7.6497566E-01  -8.9552089E+00
    8.2000   1.9781283E+03   3.0860443E+03   3.0860443E+03  -7.9339741E-01  -9.2710384E+00
    8.3000   1.9366518E+03   3.3571084E+03   3.3571084E+03  -8.2199800E-01  -9.5715926E+00
    8.4000   1.9305487E+03   3.5217970E+03   3.5217970E+03  -8.5071549E-01  -9.8542460E+00
    8.5000   1.9345997E+03   3.5415842E+03   3.5415842E+03  -8.7949608E-01  -1.0116606E+01
    8.6000   1.9215487E+03   3.4073735E+03   3.4073735E+03  -9.0829578E-01  -1.0356531E+01
    8.7000   1.8728570E+03   3.1333736E+03   3.1333736E+03  -9.3708150E-01  -1.0572138E+01
    8.8000   1.7815806E+03   2.7498543E+03   2.7498543E+03  -9.6583121E-01  -1.0761810E+01
    8.9000   1.6508724E+03   2.2958311E+03   2.2958311E+03  -9.9453373E-01  -1.0924189E+01
    9.0000   1.4912274E+03   1.8126608E+03   1.8126608E+03  -1.0231884E+00  -1.1058174E+01
    9.1000   1.3162676E+03   1.3391712E+03   1.3391712E+03  -1.0518050E+00  -1.1162913E+01
    9.2000   1.1380460E+03   9.0863395E+02   9.0863395E+02  -1.0804034E+00  -1.1237795E+01
    9.3000   9.7160278E+02   5.4733730E+02   5.4733730E+02  -1.1090151E+00  -1.1282450E+01
    9.4000   8.2795044E+02   2.7701496E+02   2.7701496E+02  -1.1376835E+00  -1.1296742E+01
    9.5000   7.1968931E+02   1.6359173E+02   1.6359173E+02  -1.1664621E+00  -1.1280800E+01
    9.6000   6.5890766E+02   2.2244284E+02   2.2244284E+02  -1.1954123E+00  -1.1235101E+01
    9.7000   6.5651304E+02   3.2567285E+02   3.2567285E+02  -1.2246018E+00  -1.1160509E+01
    9.8000   7.1666354E+02   4.4003148E+02   4.4003148E+02  -1.2541023E+00  -1.1058238E+01
    9.9000   8.3539572E+02   5.6429227E+02   5.6429227E+02  -1.2839879E+00  -1.0929820E+01
   10.0000   1.0076247E+03   6.9817990E+02   6.9817990E+02  -1.3143333E+00  -1.0777061E+01
   10.1000   1.2343111E+03   8.3805234E+02   8.3805234E+02  -1.3452117E+00  -1.0601995E+01
   10.2000   1.5250718E+03   9.7812391E+02   9.7812391E+02  -1.3766940E+00  -1.0406840E+01
   10.3000   1.8971130E+03   1.1129826E+03   1.1129826E+03  -1.4088467E+00  -1.0193953E+01
   10.4000   2.3710194E+03   1.2404260E+03   1.2404260E+03  -1.4417305E+00  -9.9657906E+00
   10.5000   2.9636560E+03   1.3658529E+03   1.3658529E+03  -1.4753990E+00  -9.7248751E+00
   10.6000   3.6794339E+03   1.5177691E+03   1.5177691E+03  -1.5098968E+00  -9.4737691E+00
   10.7000   4.5024969E+03   1.7412381E+03   1.7412381E+03  -1.5452588E+00  -9.2150564E+00
   10.8000   5.3984969E+03   2.0796056E+03   2.0796056E+03  -1.5815077E+00  -8.9513328E+00
   10.9000   6.3093252E+03   2.5504823E+03   2.5504823E+03  -1.6186524E+00  -8.6852041E+00
   11.0000   7.3441496E+03   3.1312188E+03   3.1312188E+03  -1.6566860E+00  -8.4192859E+00
   11.1000   8.0652572E+03   3.7785520E+03   3.7785520E+03  -1.6955893E+00  -8.1562004E+00
   11.2000   8.5766596E+03   4.4202993E+03   4.4202993E+03  -1.7353324E+00  -7.8985592E+00
   11.3000   8.8370727E+03   5.0179411E+03   5.0179411E+03  -1.7758705E+00  -7.6489301E+00
   11.4000   1.6072556E+04   5.4398193E+03   5.4398193E+03  -1.8171465E+00  -7.4097956E+00
   11.5000   1.7102161E+04   5.6696308E+03   5.6696308E+03  -1.8590951E+00  -7.1835201E+00
   11.6000   1.6582233E+04   5.6833377E+03   5.6833377E+03  -1.9016426E+00  -6.9722718E+00
   11.7000   1.5424931E+04   5.4835312E+03   5.4835312E+03  -1.9447097E+00  -6.7779822E+00
   11.8000   2.0253927E+04   5.0942887E+03   5.0942887E+03  -1.9882175E+00  -6.6023317E+00
   11.9000   2.2956166E+04   4.5554220E+03   4.5554220E+03  -2.0320922E+00  -6.4467628E+00
   12.0000   2.3378496E+04   3.9161462E+03   3.9161462E+03  -2.0762657E+00  -6.3124634E+00
   12.1000   2.2501725E+04   3.2265494E+03   3.2265494E+03  -2.1206776E+00  -6.2003753E+00
   12.2000   2.0564394E+04   2.5329394E+03   2.5329394E+03  -2.1652772E+00  -6.1112245E+00
   12.3000   1.7833778E+04   1.8713663E+03   1.8713663E+03  -2.2100252E+00  -6.0455472E+00
   12.4000   1.4533111E+04   1.2696911E+03   1.2696911E+03  -2.2548940E+00  -6.0037129E+00
   12.5000   1.0868600E+04   7.5201589E+02   7.5201589E+02  -2.2998685E+00  -5.9859419E+00
   12.6000   7.0732947E+03   3.4124754E+02   3.4124754E+02  -2.3449452E+00  -5.9923160E+00
   12.7000   3.4252217E+03   1.1988766E+02   1.1988766E+02  -2.3901332E+00  -6.0227617E+00
   12.8000   3.1050152E+02   2.2237107E+02   2.2237107E+02  -2.4354536E+00  -6.0769695E+00
   12.9000   4.8940323E+02   3.8249923E+02   3.8249923E+02  -2.4809411E+00  -6.1543424E+00
   13.0000   7.0105079E+02   5.8493020E+02   5.8493020E+02  -2.5266431E+00  -6.2539857E+00
   13.1000   9.8358725E+02   7.9304998E+02   7.9304998E+02  -2.5726171E+00  -6.3746958E+00
   13.2000   1.2920389E+03   9.6648497E+02   9.6648497E+02  -2.6189279E+00  -6.5149655E+00
   13.3000   1.5742301E+03   1.0766987E+03   1.0766987E+03  -2.6656446E+00  -6.6730103E+00
   13.4000   1.7878422E+03   1.1178316E+03   1.1178316E+03  -2.7128366E+00  -6.8468097E+00
   13.5000   1.9022490E+03   1.1034430E+03   1.1034430E+03  -2.7605707E+00  -7.0341598E+00
   13.6000   1.8974125E+03   1.0572712E+03   1.0572712E+03  -2.8089081E+00  -7.2327316E+00
   13.7000   1.7733463E+03   1.0078353E+03   1.0078353E+03  -2.8579014E+00  -7.4401312E+00
   13.8000   1.5646364E+03   9.7668490E+02   9.7668490E+02  -2.9075927E+00  -7.6539550E+00
   13.9000   1.3302007E+03   9.6817970E+02   9.6817970E+02  -2.9580114E+00  -7.8718391E+00
   14.0000   1.1291746E+03   9.6995084E+02   9.6995084E+02  -3.0091728E+00  -8.0914988E+00
   14.1000   9.9593984E+02   9.6562757E+02   9.6562757E+02  -3.0610769E+00  -8.3107546E+00
   14.2000   9.2507077E+02   9.4307516E+02   9.4307516E+02  -3.1137087E+00  -8.5275439E+00
   14.3000   8.8340572E+02   9.0088981E+02   9.0088981E+02  -3.1670386E+00  -8.7399208E+00
   14.4000   8.4017717E+02   8.4473227E+02   8.4473227E+02  -3.2210238E+00  -8.9460497E+00
   14.5000   7.8015791E+02   7.7986867E+02   7.7986867E+02  -3.2756108E+00  -9.1441946E+00
   14.6000   7.0608188E+02   7.1200305E+02   7.1200305E+02  -3.3307364E+00  -9.3327043E+00
   14.7000   6.2850229E+02   6.4950898E+02   6.4950898E+02  -3.3863306E+00  -9.5100052E+00
   14.8000   5.5459163E+02   5.9925009E+02   5.9925009E+02  -3.4423199E+00  -9.6746003E+00
   14.9000   4.9398431E+02   5.6644974E+02   5.6644974E+02  -3.4986303E+00  -9.8250752E+00
   15.0000   4.5724625E+02   5.5243408E+02   5.5243408E+02  -3.5551899E+00  -9.9601086E+00
   15.1000   4.5392886E+02   5.5519903E+02   5.5519903E+02  -3.6119312E+00  -1.0078487E+01
   15.2000   4.8657681E+02   5.7231213E+02   5.7231213E+02  -3.6687929E+00  -1.0179123E+01
   15.3000   5.4974349E+02   6.0285013E+02   6.0285013E+02  -3.7257202E+00  -1.0261068E+01
   15.4000   6.3904155E+02   6.3633967E+02   6.3633967E+02  -3.7826658E+00  -1.0323525E+01
   15.5000   7.4732259E+02   6.7896101E+02   6.7896101E+02  -3.8395907E+00  -1.0365868E+01
   15.6000   8.7268994E+02   7.3127969E+02   7.3127969E+02  -3.8964644E+00  -1.0387646E+01
   15.7000   1.0212702E+03   7.9642651E+02   7.9642651E+02  -3.9532653E+00  -1.0388604E+01
   15.8000   1.1981275E+03   8.8013973E+02   8.8013973E+02  -4.0099805E+00  -1.0368740E+01
   15.9000   1.4219496E+03   9.8888466E+02   9.8888466E+02  -4.0666056E+00  -1.0328341E+01
   16.0000   1.6775672E+03   1.1288331E+03   1.1288331E+03  -4.1231446E+00  -1.0267984E+01
   16.1000   1.9769038E+03   1.3060894E+03   1.3060894E+03  -4.1796106E+00  -1.0188526E+01
   16.2000   2.3763358E+03   1.5262063E+03   1.5262063E+03  -4.2360257E+00  -1.0091080E+01
   16.3000   2.8859852E+03   1.7934357E+03   1.7934357E+03  -4.2924216E+00  -9.9769937E+00
   16.4000   5.4605217E+03   2.1095935E+03   2.1095935E+03  -4.3488377E+00  -9.8478109E+00
   16.5000   7.8441992E+03   2.4728967E+03   2.4728967E+03  -4.4053215E+00  -9.7052379E+00
   16.6000   1.0181175E+04   2.8782225E+03   2.8782225E+03  -4.4619260E+00  -9.5510990E+00
   16.7000   1.3412185E+04   3.3147052E+03   3.3147052E+03  -4.5187080E+00  -9.3872920E+00
   16.8000   1.7410683E+04   3.7674096E+03   3.7674096E+03  -4.5757273E+00  -9.2157535E+00
   16.9000   2.2196135E+04   4.2171034E+03   4.2171034E+03  -4.6330440E+00  -9.0384230E+00
   17.0000   2.7424069E+04   4.6410394E+03   4.6410394E+03  -4.6907173E+00  -8.8572155E+00
   17.1000   3.2562238E+04   5.0163272E+03   5.0163272E+03  -4.7488027E+00  -8.6739998E+00
   17.2000   3.7176054E+04   5.3217510E+03   5.3217510E+03  -4.8073530E+00  -8.4905831E+00
   17.3000   4.1096875E+04   5.5393426E+03   5.5393426E+03  -4.8664153E+00  -8.3087057E+00
   17.4000   4.4337577E+04   5.6562920E+03   5.6562920E+03  -4.9260267E+00  -8.1300417E+00
   17.5000   4.6892458E+04   5.6651883E+03   5.6651883E+03  -4.9862138E+00  -7.9562065E+00
   17.6000   4.8718725E+04   5.5645405E+03   5.5645405E+03  -5.0469912E+00  -7.7887657E+00
   17.7000   4.9766633E+04   5.3587071E+03   5.3587071E+03  -5.1083605E+00  -7.6292383E+00
   17.8000   4.9988195E+04   5.0572856E+03   5.0572856E+03  -5.1703105E+00  -7.4790928E+00
   17.9000   4.9379480E+04   5.0812508E+03   5.0812508E+03  -5.2328174E+00  -7.3397348E+00
   18.0000   4.7959959E+04   4.5125133E+03   4.5125133E+03  -5.2958459E+00  -7.2124887E+00
   18.1000   4.5779052E+04   3.9663855E+03   3.9663855E+03  -5.3593508E+00  -7.0985680E+00
   18.2000   4.2906275E+04   3.3954104E+03   3.3954104E+03  -5.4232791E+00  -6.9990504E+00
   18.3000   3.9443599E+04   2.8460037E+03   2.8460037E+03  -5.4875725E+00  -6.9148551E+00
   18.4000   3.5514927E+04   2.3068682E+03   2.3068682E+03  -5.5521705E+00  -6.8467257E+00
   18.5000   3.1249236E+04   3.7087848E+03   3.7087848E+03  -5.6170120E+00  -6.7952227E+00
   18.6000   2.6769492E+04   2.4437442E+03   2.4437442E+03  -5.6820394E+00  -6.7607334E+00
   18.7000   2.2201930E+04   1.2035735E+03   1.2035735E+03  -5.7471982E+00  -6.7434510E+00
   18.8000   1.7672081E+04   4.0260282E+02   4.0260282E+02  -5.8124400E+00  -6.7433968E+00
   18.9000   1.3309451E+04   1.1585602E+02   1.1585602E+02  -5.8777244E+00  -6.7604436E+00
   19.0000   9.2543757E+03   9.1887700E+01   9.1887700E+01  -5.9430204E+00  -6.7943074E+00
   19.1000   5.6711501E+03   1.4978558E+02   1.4978558E+02  -6.0083068E+00  -6.8445311E+00
   19.2000   2.7507345E+03   2.3961517E+02   2.3961517E+02  -6.0735732E+00  -6.9104951E+00
   19.3000   6.3392952E+02   3.7278773E+02   3.7278773E+02  -6.1388196E+00  -6.9914299E+00
   19.4000   3.7720448E+02   5.2926208E+02   5.2926208E+02  -6.2040568E+00  -7.0864265E+00
   19.5000   5.4188055E+02   6.8391898E+02   6.8391898E+02  -6.2693063E+00  -7.1944442E+00
   19.6000   6.9421270E+02   8.2020614E+02   8.2020614E+02  -6.3346000E+00  -7.3143131E+00
   19.7000   8.2355465E+02   9.2566862E+02   9.2566862E+02  -6.3999788E+00  -7.4447355E+00
   19.8000   9.1900776E+02   9.9146786E+02   9.9146786E+02  -6.4654910E+00  -7.5842901E+00
   19.9000   9.7351590E+02   1.0149641E+03   1.0149641E+03  -6.5311902E+00  -7.7314436E+00
   20.0000   9.8387736E+02   9.9603479E+02   9.9603479E+02  -6.5971327E+00  -7.8845679E+00
   20.1000   9.5107899E+02   9.3678556E+02   9.3678556E+02  -6.6633755E+00  -8.0419645E+00
   20.2000   8.8074842E+02   8.4699558E+02   8.4699558E+02  -6.7299735E+00  -8.2018925E+00
   20.3000   7.8311694E+02   7.3826346E+02   7.3826346E+02  -6.7969770E+00  -8.3626013E+00
   20.4000   6.7429552E+02   6.3149157E+02   6.3149157E+02  -6.8644298E+00  -8.5223625E+00
   20.5000   5.6818191E+02   5.3954820E+02   5.3954820E+02  -6.9323659E+00  -8.6795010E+00
   20.6000   4.8207281E+02   4.6862391E+02   4.6862391E+02  -7.0008079E+00  -8.8324217E+00
   20.7000   4.2140847E+02   4.1808516E+02   4.1808516E+02  -7.0697694E+00  -8.9796336E+00
   20.8000   3.8226449E+02   3.8071154E+02   3.8071154E+02  -7.1392555E+00  -9.1197657E+00
   20.9000   3.5756552E+02   3.4910716E+02   3.4910716E+02  -7.2092595E+00  -9.2515745E+00
   21.0000   3.3902271E+02   3.1877189E+02   3.1877189E+02  -7.2797630E+00  -9.3739437E+00
   21.1000   3.2988562E+02   2.9142612E+02   2.9142612E+02  -7.3507369E+00  -9.4858804E+00
   21.2000   3.3781284E+02   2.7693014E+02   2.7693014E+02  -7.4221425E+00  -9.5865073E+00
   21.3000   3.7062108E+02   2.8009547E+02   2.8009547E+02  -7.4939335E+00  -9.6750541E+00
   21.4000   4.3323651E+02   3.1800828E+02   3.1800828E+02  -7.5660573E+00  -9.7508492E+00
   21.5000   5.0754877E+02   3.6908994E+02   3.6908994E+02  -7.6384573E+00  -9.8133129E+00
   21.6000   6.0195322E+02   4.4117161E+02   4.4117161E+02  -7.7110748E+00  -9.8619534E+00
   21.7000   7.6542604E+02   5.3502771E+02   5.3502771E+02  -7.7838508E+00  -9.8963660E+00
   21.8000   9.1289454E+02   6.4903965E+02   6.4903965E+02  -7.8567275E+00  -9.9162350E+00
   21.9000   1.2044556E+03   7.8308106E+02   7.8308106E+02  -7.9296505E+00  -9.9213397E+00
   22.0000   1.5311554E+03   9.3893798E+02   9.3893798E+02  -8.0025690E+00  -9.9115797E+00
   22.1000   3.8894530E+03   1.1186048E+03   1.1186048E+03  -8.0754379E+00  -9.8870175E+00
   22.2000   4.7979004E+03   1.3421313E+03   1.3421313E+03  -8.1482183E+00  -9.8478949E+00
   22.3000   6.1373031E+03   1.6024119E+03   1.6024119E+03  -8.2208778E+00  -9.7946301E+00
   22.4000   7.9737468E+03   1.8553057E+03   1.8553057E+03  -8.2933907E+00  -9.7278164E+00
   22.5000   1.0261366E+04   4.0467528E+03   4.0467528E+03  -8.3657393E+00  -9.6482212E+00
   22.6000   1.2999488E+04   3.9853357E+03   3.9853357E+03  -8.4379148E+00  -9.5567810E+00
   22.7000   1.6122572E+04   4.6607293E+03   4.6607293E+03  -8.5099147E+00  -9.4545739E+00
   22.8000   1.9468530E+04   5.3943498E+03   5.3943498E+03  -8.5817450E+00  -9.3428137E+00
   22.9000   2.2839557E+04   6.3279600E+03   6.3279600E+03  -8.6534196E+00  -9.2228291E+00
   23.0000   2.6082843E+04   7.2591440E+03   7.2591440E+03  -8.7249607E+00  -9.0960403E+00
   23.1000   2.9128706E+04   8.1579866E+03   8.1579866E+03  -8.7963978E+00  -8.9639323E+00
   23.2000   3.1948663E+04   9.0184021E+03   9.0184021E+03  -8.8677668E+00  -8.8280252E+00
   23.3000   3.4485185E+04   9.7858621E+03   9.7858621E+03  -8.9391077E+00  -8.6898453E+00
   23.4000   3.6662747E+04   1.0402820E+04   1.0402820E+04  -9.0104644E+00  -8.5508964E+00
   23.5000   3.8417175E+04   1.0831934E+04   1.0831934E+04  -9.0818842E+00  -8.4126343E+00
   23.6000   3.9676726E+04   1.1059316E+04   1.1059316E+04  -9.1534153E+00  -8.2764480E+00
   23.7000   4.0415425E+04   1.1088816E+04   1.1088816E+04  -9.2251025E+00  -8.1436469E+00
   23.8000   4.0635936E+04   1.0924732E+04   1.0924732E+04  -9.2969867E+00  -8.0154559E+00
   23.9000   4.0374298E+04   1.0561833E+04   1.0561833E+04  -9.3691041E+00  -7.8930152E+00
   24.0000   3.9674937E+04   1.0013036E+04   1.0013036E+04  -9.4414847E+00  -7.7773842E+00
   24.1000   3.8577775E+04   9.3064728E+03   9.3064728E+03  -9.5141507E+00  -7.6695475E+00
   24.2000   3.7114529E+04   8.4538374E+03   8.4538374E+03  -9.5871148E+00  -7.5704219E+00
   24.3000   3.5316533E+04   7.4662054E+03   7.4662054E+03  -9.6603797E+00  -7.4808602E+00
   24.4000   3.3218111E+04   6.3767677E+03   6.3767677E+03  -9.7339376E+00  -7.4016504E+00
   24.5000   3.0856443E+04   5.2334493E+03   5.2334493E+03  -9.8077702E+00  -7.3335094E+00
   24.6000   2.8272997E+04   4.0867819E+03   4.0867819E+03  -9.8818501E+00  -7.2770721E+00
   24.7000   2.5515519E+04   2.9882321E+03   2.9882321E+03  -9.9561416E+00  -7.2328770E+00
   24.8000   2.2638926E+04   1.9919102E+03   1.9919102E+03  -1.0030602E+01  -7.2013507E+00
   24.9000   1.9703588E+04   1.1535125E+03   1.1535125E+03  -1.0105185E+01  -7.1827949E+00
   25.0000   1.6773880E+04   5.2608268E+02   5.2608268E+02  -1.0179841E+01  -7.1773758E+00
   25.1000   1.3919536E+04   1.3650472E+02   1.3650472E+02  -1.0254519E+01  -7.1851193E+00
   25.2000   1.1218319E+04   4.4085809E+01   4.4085809E+01  -1.0329170E+01  -7.2059029E+00
   25.3000   8.7581809E+03   6.4729307E+01   6.4729307E+01  -1.0403748E+01  -7.2394434E+00
   25.4000   6.6410626E+03   1.2574535E+02   1.2574535E+02  -1.0478214E+01  -7.2852994E+00
   25.5000   4.9751150E+03   2.3992641E+02   2.3992641E+02  -1.0552531E+01  -7.3428852E+00
   25.6000   3.7896030E+03   3.8455805E+02   3.8455805E+02  -1.0626674E+01  -7.4114906E+00
   25.7000   2.9541796E+03   5.3911501E+02   5.3911501E+02  -1.0700623E+01  -7.4903000E+00
   25.8000   2.1835880E+03   6.8934092E+02   6.8934092E+02  -1.0774367E+01  -7.5784103E+00
   25.9000   1.2966072E+03   8.2458877E+02   8.2458877E+02  -1.0847905E+01  -7.6748453E+00
   26.0000   4.4024356E+02   9.3653979E+02   9.3653979E+02  -1.0921242E+01  -7.7785667E+00
   26.1000   3.2506594E+02   1.0187376E+03   1.0187376E+03  -1.0994393E+01  -7.8884837E+00
   26.2000   4.2565147E+02   1.0654175E+03   1.0654175E+03  -1.1067382E+01  -8.0034608E+00
   26.3000   4.6303438E+02   1.0751014E+03   1.0751014E+03  -1.1140239E+01  -8.1223236E+00
   26.4000   4.6532997E+02   1.0458490E+03   1.0458490E+03  -1.1212999E+01  -8.2438623E+00
   26.5000   4.4305058E+02   9.7830410E+02   9.7830410E+02  -1.1285704E+01  -8.3668372E+00
   26.6000   4.0213899E+02   8.7669749E+02   8.7669749E+02  -1.1358397E+01  -8.4899881E+00
   26.7000   3.4920658E+02   7.4892639E+02   7.4892639E+02  -1.1431117E+01  -8.6120465E+00
   26.8000   2.9474326E+02   6.0606830E+02   6.0606830E+02  -1.1503903E+01  -8.7317509E+00
   26.9000   2.4863574E+02   4.6116554E+02   4.6116554E+02  -1.1576791E+01  -8.8478648E+00
   27.0000   2.2336574E+02   3.2835256E+02   3.2835256E+02  -1.1649812E+01  -8.9591957E+00
   27.1000   2.3747226E+02   2.2380992E+02   2.2380992E+02  -1.1722992E+01  -9.0646134E+00
   27.2000   2.7478272E+02   1.6724423E+02   1.6724423E+02  -1.1796353E+01  -9.1630676E+00
   27.3000   3.2420971E+02   1.6484149E+02   1.6484149E+02  -1.1869908E+01  -9.2536018E+00
   27.4000   4.6251415E+02   1.8857307E+02   1.8857307E+02  -1.1943663E+01  -9.3353655E+00
   27.5000   5.7972737E+02   2.1538503E+02   2.1538503E+02  -1.2017615E+01  -9.4076210E+00
   27.6000   1.9261604E+03   2.5246106E+02   2.5246106E+02  -1.2091750E+01  -9.4697466E+00
   27.7000   2.3622240E+03   2.9620734E+02   2.9620734E+02  -1.2166049E+01  -9.5212369E+00
   27.8000   2.7795827E+03   3.5266681E+02   3.5266681E+02  -1.2240483E+01  -9.5616963E+00
   27.9000   3.2026923E+03   4.2711549E+02   4.2711549E+02  -1.2315016E+01  -9.5908325E+00
   28.0000   3.7147217E+03   5.1778519E+02   5.1778519E+02  -1.2389608E+01  -9.6084513E+00
   28.1000   4.4240630E+03   6.4401983E+02   6.4401983E+02  -1.2464214E+01  -9.6144504E+00
   28.2000   5.3558102E+03   7.8570951E+02   7.8570951E+02  -1.2538786E+01  -9.6088235E+00
   28.3000   6.5023426E+03   9.4456466E+02   9.4456466E+02  -1.2613277E+01  -9.5916702E+00
   28.4000   7.8623062E+03   1.1242913E+03   1.1242913E+03  -1.2687641E+01  -9.5632043E+00
   28.5000   9.4246370E+03   1.3629183E+03   1.3629183E+03  -1.2761830E+01  -9.5237525E+00
   28.6000   1.1163336E+04   1.5844839E+03   1.5844839E+03  -1.2835804E+01  -9.4737521E+00
   28.7000   1.3040752E+04   1.9030901E+03   1.9030901E+03  -1.2909524E+01  -9.4137475E+00
   28.8000   1.5017365E+04   2.2528743E+03   2.2528743E+03  -1.2982957E+01  -9.3443876E+00
   28.9000   1.7056804E+04   5.8653278E+03   5.8653278E+03  -1.3056078E+01  -9.2664268E+00
   29.0000   1.9126447E+04   6.2410884E+03   6.2410884E+03  -1.3128867E+01  -9.1807284E+00
   29.1000   2.1190052E+04   6.6560600E+03   6.6560600E+03  -1.3201312E+01  -9.0882239E+00
   29.2000   2.3196640E+04   7.3132548E+03   7.3132548E+03  -1.3273407E+01  -8.9899204E+00
   29.3000   2.5084896E+04   8.2917245E+03   8.2917245E+03  -1.3345153E+01  -8.8868941E+00
   29.4000   2.6792882E+04   9.2874946E+03   9.2874946E+03  -1.3416558E+01  -8.7802781E+00
   29.5000   2.8254072E+04   1.0054568E+04   1.0054568E+04  -1.3487636E+01  -8.6712426E+00
   29.6000   2.9432514E+04   1.0567172E+04   1.0567172E+04  -1.3558409E+01  -8.5609745E+00
   29.7000   3.0330558E+04   1.0870323E+04   1.0870323E+04  -1.3628905E+01  -8.4506567E+00
   29.8000   3.0953446E+04   1.0992161E+04   1.0992161E+04  -1.3699158E+01  -8.3414488E+00
   29.9000   3.1306502E+04   1.0930522E+04   1.0930522E+04  -1.3769204E+01  -8.2344689E+00
   30.0000   3.1393180E+04   1.0681456E+04   1.0681456E+04  -1.3839083E+01  -8.1307782E+00
   30.1000   3.1217961E+04   1.0258344E+04   1.0258344E+04  -1.3908831E+01  -8.0313697E+00
   30.2000   3.0787770E+04   9.6681472E+03   9.6681472E+03  -1.3978483E+01  -7.9371614E+00
   30.3000   3.0114224E+04   8.9070970E+03   8.9070970E+03  -1.4048073E+01  -7.8489932E+00
   30.4000   2.9213017E+04   8.0061137E+03   8.0061137E+03  -1.4117628E+01  -7.7676268E+00
   30.5000   2.8103115E+04   7.0278182E+03   7.0278182E+03  -1.4187172E+01  -7.6937485E+00
   30.6000   2.6806283E+04   6.0131209E+03   6.0131209E+03  -1.4256724E+01  -7.6279733E+00
   30.7000   2.5346366E+04   4.9738333E+03   4.9738333E+03  -1.4326291E+01  -7.5708486E+00
   30.8000   2.3748709E+04   3.9309649E+03   3.9309649E+03  -1.4395876E+01  -7.5228567E+00
   30.9000   2.2039795E+04   2.9281858E+03   2.9281858E+03  -1.4465471E+01  -7.4844137E+00
   31.0000   2.0248347E+04   2.0161226E+03   2.0161226E+03  -1.4535061E+01  -7.4558654E+00
   31.1000   1.8406361E+04   1.2392219E+03   1.2392219E+03  -1.4604623E+01  -7.4374804E+00
   31.2000   1.6548740E+04   6.3463110E+02   6.3463110E+02  -1.4674127E+01  -7.4294419E+00
   31.3000   1.4712385E+04   2.3378897E+02   2.3378897E+02  -1.4743540E+01  -7.4318386E+00
   31.4000   1.2937489E+04   3.4793921E+01   3.4793921E+01  -1.4812821E+01  -7.4446520E+00
   31.5000   1.1269667E+04   3.3379473E+01   3.3379473E+01  -1.4881931E+01  -7.4677457E+00
   31.6000   9.7610839E+03   4.2230498E+01   4.2230498E+01  -1.4950829E+01  -7.5008559E+00
   31.7000   8.4726076E+03   1.1940516E+02   1.1940516E+02  -1.5019473E+01  -7.5435905E+00
   31.8000   7.4704869E+03   2.3573748E+02   2.3573748E+02  -1.5087828E+01  -7.5954371E+00
   31.9000   6.7722912E+03   3.6750178E+02   3.6750178E+02  -1.5155858E+01  -7.6557755E+00
   32.0000   6.2733982E+03   5.0149152E+02   5.0149152E+02  -1.5223536E+01  -7.7238935E+00
   32.1000   5.7804208E+03   6.2827102E+02   6.2827102E+02  -1.5290838E+01  -7.7990028E+00
   32.2000   5.1818329E+03   7.4079921E+02   7.4079921E+02  -1.5357748E+01  -7.8802543E+00
   32.3000   4.5495172E+03   8.3366046E+02   8.3366046E+02  -1.5424257E+01  -7.9667532E+00
   32.4000   3.9472994E+03   9.0280876E+02   9.0280876E+02  -1.5490363E+01  -8.0575714E+00
   32.5000   3.3982993E+03   9.4541542E+02   9.4541542E+02  -1.5556070E+01  -8.1517584E+00
   32.6000   2.9134652E+03   9.5975992E+02   9.5975992E+02  -1.5621388E+01  -8.2483491E+00
   32.7000   2.5046772E+03   9.4512862E+02   9.4512862E+02  -1.5686334E+01  -8.3463698E+00
   32.8000   2.1830080E+03   9.0192269E+02   9.0192269E+02  -1.5750925E+01  -8.4448429E+00
   32.9000   1.9555980E+03   8.3177633E+02   8.3177633E+02  -1.5815184E+01  -8.5427905E+00
   33.0000   1.8249744E+03   7.3771871E+02   7.3771871E+02  -1.5879138E+01  -8.6392394E+00
   33.1000   1.7895191E+03   6.2328160E+02   6.2328160E+02  -1.5942817E+01  -8.7332272E+00
   33.2000   1.8439475E+03   5.0226783E+02   5.0226783E+02  -1.6006250E+01  -8.8238101E+00
   33.3000   1.9789359E+03   3.6983665E+02   3.6983665E+02  -1.6069467E+01  -8.9100730E+00
   33.4000   2.1836169E+03   2.3723291E+02   2.3723291E+02  -1.6132494E+01  -8.9911405E+00
   33.5000   2.4428589E+03   1.2239046E+02   1.2239046E+02  -1.6195354E+01  -9.0661882E+00
   33.6000   2.7376921E+03   7.6120384E+01   7.6120384E+01  -1.6258067E+01  -9.1344555E+00
   33.7000   3.0535293E+03   1.4169335E+02   1.4169335E+02  -1.6320646E+01  -9.1952571E+00
   33.8000   3.3832323E+03   2.1353909E+02   2.1353909E+02  -1.6383099E+01  -9.2479934E+00
   33.9000   3.7412406E+03   2.7538268E+02   2.7538268E+02  -1.6445428E+01  -9.2921584E+00
   34.0000   4.1643310E+03   3.3762304E+02   3.3762304E+02  -1.6507627E+01  -9.3273443E+00
   34.1000   4.6759795E+03   4.0695811E+02   4.0695811E+02  -1.6569683E+01  -9.3532433E+00
   34.2000   5.2795934E+03   4.8929854E+02   4.8929854E+02  -1.6631576E+01  -9.3696461E+00
   34.3000   5.9855526E+03   5.9018571E+02   5.9018571E+02  -1.6693282E+01  -9.3764405E+00
   34.4000   6.8161275E+03   7.0970124E+02   7.0970124E+02  -1.6754770E+01  -9.3736116E+00
   34.5000   7.7842479E+03   8.6124799E+02   8.6124799E+02  -1.6816007E+01  -9.3612413E+00
   34.6000   8.8847177E+03   1.0275766E+03   1.0275766E+03  -1.6876955E+01  -9.3395094E+00
   34.7000   1.0102233E+04   1.1994554E+03   1.1994554E+03  -1.6937578E+01  -9.3086905E+00
   34.8000   1.1422751E+04   1.4128572E+03   1.4128572E+03  -1.6997838E+01  -9.2691476E+00
   34.9000   1.2828316E+04   1.7137948E+03   1.7137948E+03  -1.7057698E+01  -9.2213261E+00
   35.0000   1.4295999E+04   2.4018810E+03   2.4018810E+03  -1.7117124E+01  -9.1657500E+00
   35.1000   1.5797217E+04   6.0469349E+03   6.0469349E+03  -1.7176088E+01  -9.1030239E+00
   35.2000   1.7298250E+04   6.9779859E+03   6.9779859E+03  -1.7234564E+01  -9.0338393E+00
   35.3000   1.8763076E+04   7.3487524E+03   7.3487524E+03  -1.7292532E+01  -8.9589333E+00
   35.4000   2.0153668E+04   7.6710933E+03   7.6710933E+03  -1.7349976E+01  -8.8790937E+00
   35.5000   2.1433441E+04   8.2909772E+03   8.2909772E+03  -1.7406887E+01  -8.7951600E+00
   35.6000   2.2585907E+04   9.0528020E+03   9.0528020E+03  -1.7463261E+01  -8.7080191E+00
   35.7000   2.3606735E+04   9.6935485E+03   9.6935485E+03  -1.7519103E+01  -8.6185948E+00
   35.8000   2.4487695E+04   1.0114519E+04   1.0114519E+04  -1.7574421E+01  -8.5278333E+00
   35.9000   2.5217901E+04   1.0330843E+04   1.0330843E+04  -1.7629232E+01  -8.4366911E+00
   36.0000   2.5787104E+04   1.0377912E+04   1.0377912E+04  -1.7683557E+01  -8.3461207E+00
   36.1000   2.6186627E+04   1.0271406E+04   1.0271406E+04  -1.7737422E+01  -8.2570575E+00
   36.2000   2.6410218E+04   1.0012176E+04   1.0012176E+04  -1.7790859E+01  -8.1704056E+00
   36.3000   2.6455268E+04   9.6015353E+03   9.6015353E+03  -1.7843900E+01  -8.0870249E+00
   36.4000   2.6323433E+04   9.0362745E+03   9.0362745E+03  -1.7896580E+01  -8.0077206E+00
   36.5000   2.6020306E+04   8.3157040E+03   8.3157040E+03  -1.7948930E+01  -7.9332358E+00
   36.6000   2.5554697E+04   7.4707224E+03   7.4707224E+03  -1.8000980E+01  -7.8642462E+00
   36.7000   2.4938249E+04   6.5587009E+03   6.5587009E+03  -1.8052758E+01  -7.8013585E+00
   36.8000   2.4185104E+04   5.6231124E+03   5.6231124E+03  -1.8104287E+01  -7.7451106E+00
   36.9000   2.3311304E+04   4.6785330E+03   4.6785330E+03  -1.8155585E+01  -7.6959737E+00
   37.0000   2.2333746E+04   3.7393059E+03   3.7393059E+03  -1.8206666E+01  -7.6543544E+00
   37.1000   2.1269790E+04   2.8376505E+03   2.8376505E+03  -1.8257537E+01  -7.6205969E+00
   37.2000   2.0137671E+04   2.0142095E+03   2.0142095E+03  -1.8308198E+01  -7.5949840E+00
   37.3000   1.8956734E+04   1.3056404E+03   1.3056404E+03  -1.8358640E+01  -7.5777359E+00
   37.4000   1.7747226E+04   7.4198898E+02   7.4198898E+02  -1.8408851E+01  -7.5690075E+00
   37.5000   1.6530031E+04   3.4985366E+02   3.4985366E+02  -1.8458811E+01  -7.5688831E+00
   37.6000   1.5327370E+04   1.4292938E+02   1.4292938E+02  -1.8508493E+01  -7.5773687E+00
   37.7000   1.4163285E+04   7.7809524E+01   7.7809524E+01  -1.8557869E+01  -7.5943825E+00
   37.8000   1.3063345E+04   3.5017063E+01   3.5017063E+01  -1.8606906E+01  -7.6197481E+00
   37.9000   1.2054331E+04   3.7937249E+01   3.7937249E+01  -1.8655570E+01  -7.6531877E+00
   38.0000   1.1164865E+04   1.1760279E+02   1.1760279E+02  -1.8703826E+01  -7.6943235E+00
   38.1000   1.0428358E+04   2.2146328E+02   2.2146328E+02  -1.8751643E+01  -7.7426826E+00
   38.2000   9.8829308E+03   3.3148991E+02   3.3148991E+02  -1.8798989E+01  -7.7977065E+00
   38.3000   9.5351904E+03   4.3885971E+02   4.3885971E+02  -1.8845837E+01  -7.8587625E+00
   38.4000   9.3000314E+03   5.3726881E+02   5.3726881E+02  -1.8892163E+01  -7.9251566E+00
   38.5000   9.0410750E+03   6.2190613E+02   6.2190613E+02  -1.8937951E+01  -7.9961467E+00
   38.6000   8.7076675E+03   6.8914687E+02   6.8914687E+02  -1.8983187E+01  -8.0709549E+00
   38.7000   8.3507816E+03   7.3654857E+02   7.3654857E+02  -1.9027864E+01  -8.1487791E+00
   38.8000   8.0120129E+03   7.6609882E+02   7.6609882E+02  -1.9071975E+01  -8.2288034E+00
   38.9000   7.7082914E+03   7.6979645E+02   7.6979645E+02  -1.9115521E+01  -8.3102056E+00
   39.0000   7.4440754E+03   7.4970576E+02   7.4970576E+02  -1.9158508E+01  -8.3921642E+00
   39.1000   7.2202811E+03   7.0794192E+02   7.0794192E+02  -1.9200947E+01  -8.4738632E+00
   39.2000   7.0372677E+03   6.4689124E+02   6.4689124E+02  -1.9242854E+01  -8.5544947E+00
   39.3000   6.8947035E+03   5.6841891E+02   5.6841891E+02  -1.9284248E+01  -8.6332624E+00
   39.4000   6.7908000E+03   4.7542141E+02   4.7542141E+02  -1.9325150E+01  -8.7093860E+00
   39.5000   6.7219865E+03   3.7159137E+02   3.7159137E+02  -1.9365584E+01  -8.7821064E+00
   39.6000   6.6834740E+03   2.6207417E+02   2.6207417E+02  -1.9405573E+01  -8.8506930E+00
   39.7000   6.6834996E+03   1.5130252E+02   1.5130252E+02  -1.9445139E+01  -8.9144509E+00
   39.8000   6.7410811E+03   5.8164543E+01   5.8164543E+01  -1.9484304E+01  -8.9727300E+00
   39.9000   6.8631176E+03   8.4359618E+01   8.4359618E+01  -1.9523086E+01  -9.0249339E+00
   40.0000   7.0540518E+03   1.7033277E+02   1.7033277E+02  -1.9561497E+01  -9.0705283E+00
   40.1000   7.3184248E+03   2.5453399E+02   2.5453399E+02  -1.9599548E+01  -9.1090500E+00
   40.2000   7.6606253E+03   3.2761241E+02   3.2761241E+02  -1.9637242E+01  -9.1401136E+00
   40.3000   8.0842986E+03   3.9970659E+02   3.9970659E+02  -1.9674578E+01  -9.1634174E+00
   40.4000   8.5918350E+03   4.7609211E+02   4.7609211E+02  -1.9711549E+01  -9.1787452E+00
   40.5000   9.1841000E+03   5.6483193E+02   5.6483193E+02  -1.9748141E+01  -9.1859692E+00
   40.6000   9.8608982E+03   6.6814406E+02   6.6814406E+02  -1.9784337E+01  -9.1850512E+00
   40.7000   1.0622249E+04   7.8511524E+02   7.8511524E+02  -1.9820115E+01  -9.1760405E+00
   40.8000   1.1467348E+04   9.4013284E+02   9.4013284E+02  -1.9855448E+01  -9.1590732E+00
   40.9000   1.2390967E+04   1.0856818E+03   1.0856818E+03  -1.9890308E+01  -9.1343697E+00
   41.0000   1.3382637E+04   1.3740016E+03   1.3740016E+03  -1.9924664E+01  -9.1022276E+00
   41.1000   1.4427816E+04   2.1309810E+03   2.1309810E+03  -1.9958488E+01  -9.0630169E+00
   41.2000   1.5507886E+04   5.3114083E+03   5.3114083E+03  -1.9991748E+01  -9.0171827E+00
   41.3000   1.6602909E+04   6.1127052E+03   6.1127052E+03  -2.0024420E+01  -8.9652442E+00
   41.4000   1.7693546E+04   6.3535417E+03   6.3535417E+03  -2.0056478E+01  -8.9077590E+00
   41.5000   1.8761941E+04   6.5189841E+03   6.5189841E+03  -2.0087902E+01  -8.8453292E+00
   41.6000   1.9794067E+04   7.0056579E+03   7.0056579E+03  -2.0118676E+01  -8.7786035E+00
   41.7000   2.0777897E+04   7.6711304E+03   7.6711304E+03  -2.0148788E+01  -8.7082768E+00
   41.8000   2.1701122E+04   8.2836603E+03   8.2836603E+03  -2.0178235E+01  -8.6350841E+00
   41.9000   2.2550846E+04   8.7441204E+03   8.7441204E+03  -2.0207016E+01  -8.5597919E+00
   42.0000   2.3314195E+04   9.0473926E+03   9.0473926E+03  -2.0235137E+01  -8.4831893E+00
   42.1000   2.3978982E+04   9.2103681E+03   9.2103681E+03  -2.0262612E+01  -8.4060790E+00
   42.2000   2.4534406E+04   9.2413731E+03   9.2413731E+03  -2.0289456E+01  -8.3292664E+00
   42.3000   2.4971890E+04   9.1410381E+03   9.1410381E+03  -2.0315694E+01  -8.2535489E+00
   42.4000   2.5285494E+04   8.9076955E+03   8.9076955E+03  -2.0341350E+01  -8.1797033E+00
   42.5000   2.5472281E+04   8.5313919E+03   8.5313919E+03  -2.0366454E+01  -8.1084750E+00
   42.6000   2.5532283E+04   8.0050819E+03   8.0050819E+03  -2.0391039E+01  -8.0405680E+00
   42.7000   2.5468215E+04   7.3548157E+03   7.3548157E+03  -2.0415137E+01  -7.9766370E+00
   42.8000   2.5285092E+04   6.6288116E+03   6.6288116E+03  -2.0438781E+01  -7.9172814E+00
   42.9000   2.4989917E+04   5.8583351E+03   5.8583351E+03  -2.0462000E+01  -7.8630414E+00
   43.0000   2.4591441E+04   5.0520942E+03   5.0520942E+03  -2.0484819E+01  -7.8143973E+00
   43.1000   2.4099896E+04   4.2228497E+03   4.2228497E+03  -2.0507260E+01  -7.7717688E+00
   43.2000   2.3526557E+04   3.3981034E+03   3.3981034E+03  -2.0529341E+01  -7.7355164E+00
   43.3000   2.2883081E+04   2.6116911E+03   2.6116911E+03  -2.0551074E+01  -7.7059431E+00
   43.4000   2.2181293E+04   1.8950498E+03   1.8950498E+03  -2.0572465E+01  -7.6832963E+00
   43.5000   2.1433345E+04   1.2756878E+03   1.2756878E+03  -2.0593515E+01  -7.6677684E+00
   43.6000   2.0651823E+04   7.7998557E+02   7.7998557E+02  -2.0614217E+01  -7.6594958E+00
   43.7000   1.9849698E+04   4.3373907E+02   4.3373907E+02  -2.0634560E+01  -7.6585564E+00
   43.8000   1.9040346E+04   2.4987075E+02   2.4987075E+02  -2.0654527E+01  -7.6649638E+00
   43.9000   1.8237485E+04   1.9541168E+02   1.9541168E+02  -2.0674095E+01  -7.6786604E+00
   44.0000   1.7455371E+04   1.5905087E+02   1.5905087E+02  -2.0693238E+01  -7.6995126E+00
   44.1000   1.6708848E+04   2.8552845E+01   2.8552845E+01  -2.0711929E+01  -7.7273046E+00
   44.2000   1.6012517E+04   5.1678403E+01   5.1678403E+01  -2.0730138E+01  -7.7617357E+00
   44.3000   1.5380091E+04   1.2830062E+02   1.2830062E+02  -2.0747836E+01  -7.8024250E+00
   44.4000   1.4824463E+04   2.1776472E+02   2.1776472E+02  -2.0764994E+01  -7.8489159E+00
   44.5000   1.4358108E+04   3.0563052E+02   3.0563052E+02  -2.0781585E+01  -7.9006844E+00
   44.6000   1.3993248E+04   3.8674888E+02   3.8674888E+02  -2.0797587E+01  -7.9571491E+00
   44.7000   1.3740332E+04   4.5734110E+02   4.5734110E+02  -2.0812980E+01  -8.0176825E+00
   44.8000   1.3589414E+04   5.1550262E+02   5.1550262E+02  -2.0827744E+01  -8.0816219E+00
   44.9000   1.3489475E+04   5.5817763E+02   5.5817763E+02  -2.0841868E+01  -8.1482804E+00
   45.0000   1.3384436E+04   5.8379017E+02   5.8379017E+02  -2.0855341E+01  -8.2169562E+00
   45.1000   1.3253843E+04   5.9153009E+02   5.9153009E+02  -2.0868161E+01  -8.2869405E+00
   45.2000   1.3108441E+04   5.8032522E+02   5.8032522E+02  -2.0880330E+01  -8.3575228E+00
   45.3000   1.2966095E+04   5.5238715E+02   5.5238715E+02  -2.0891853E+01  -8.4279969E+00
   45.4000   1.2839860E+04   5.0834208E+02   5.0834208E+02  -2.0902743E+01  -8.4976650E+00
   45.5000   1.2736953E+04   4.4955090E+02   4.4955090E+02  -2.0913013E+01  -8.5658415E+00
   45.6000   1.2661027E+04   3.7819006E+02   3.7819006E+02  -2.0922683E+01  -8.6318560E+00
   45.7000   1.2615044E+04   2.9696542E+02   2.9696542E+02  -2.0931773E+01  -8.6950570E+00
   45.8000   1.2602906E+04   2.0919266E+02   2.0919266E+02  -2.0940304E+01  -8.7548168E+00
   45.9000   1.2630050E+04   1.1954776E+02   1.1954776E+02  -2.0948301E+01  -8.8105365E+00
   46.0000   1.2703350E+04   4.6041092E+01   4.6041092E+01  -2.0955782E+01  -8.8616530E+00
   46.1000   1.2830313E+04   8.4922031E+01   8.4922031E+01  -2.0962770E+01  -8.9076460E+00
   46.2000   1.3017400E+04   1.6552307E+02   1.6552307E+02  -2.0969279E+01  -8.9480451E+00
   46.3000   1.3268522E+04   2.4268554E+02   2.4268554E+02  -2.0975325E+01  -8.9824374E+00
   46.4000   1.3584940E+04   3.1248060E+02   3.1248060E+02  -2.0980916E+01  -9.0104737E+00
   46.5000   1.3966651E+04   3.8503126E+02   3.8503126E+02  -2.0986057E+01  -9.0318747E+00
   46.6000   1.4413616E+04   4.5449487E+02   4.5449487E+02  -2.0990747E+01  -9.0464345E+00
   46.7000   1.4925565E+04   5.2991404E+02   5.2991404E+02  -2.0994982E+01  -9.0540240E+00
   46.8000   1.5501244E+04   6.1600154E+02   6.1600154E+02  -2.0998751E+01  -9.0545935E+00
   46.9000   1.6137848E+04   7.2126769E+02   7.2126769E+02  -2.1002039E+01  -9.0481707E+00
   47.0000   1.6830578E+04   8.4809094E+02   8.4809094E+02  -2.1004828E+01  -9.0348603E+00
   47.1000   1.7572634E+04   1.1381120E+03   1.1381120E+03  -2.1007095E+01  -9.0148415E+00
   47.2000   1.8355117E+04   2.9348745E+03   2.9348745E+03  -2.1008819E+01  -8.9883646E+00
   47.3000   1.9166188E+04   4.5225981E+03   4.5225981E+03  -2.1009973E+01  -8.9557568E+00
   47.4000   1.9995886E+04   4.8854517E+03   4.8854517E+03  -2.1010534E+01  -8.9174031E+00
   47.5000   2.0834614E+04   4.8150256E+03   4.8150256E+03  -2.1010479E+01  -8.8737260E+00
   47.6000   2.1673642E+04   4.9205053E+03   4.9205053E+03  -2.1009784E+01  -8.8251913E+00
   47.7000   2.2504277E+04   5.4143297E+03   5.4143297E+03  -2.1008431E+01  -8.7723096E+00
   47.8000   2.3317377E+04   6.0520214E+03   6.0520214E+03  -2.1006405E+01  -8.7156355E+00
   47.9000   2.4103262E+04   6.6336821E+03   6.6336821E+03  -2.1003694E+01  -8.6557619E+00
   48.0000   2.4851865E+04   7.0900401E+03   7.0900401E+03  -2.1000293E+01  -8.5933138E+00
   48.1000   2.5552990E+04   7.4241561E+03   7.4241561E+03  -2.0996201E+01  -8.5289428E+00
   48.2000   2.6196663E+04   7.6512271E+03   7.6512271E+03  -2.0991422E+01  -8.4633219E+00
   48.3000   2.6773565E+04   7.7781571E+03   7.7781571E+03  -2.0985965E+01  -8.3971380E+00
   48.4000   2.7275474E+04   7.8068012E+03   7.8068012E+03  -2.0979844E+01  -8.3310847E+00
   48.5000   2.7695747E+04   7.7312277E+03   7.7312277E+03  -2.0973079E+01  -8.2658526E+00
   48.6000   2.8029687E+04   7.5288895E+03   7.5288895E+03  -2.0965694E+01  -8.2021199E+00
   48.7000   2.8274494E+04   7.1878270E+03   7.1878270E+03  -2.0957715E+01  -8.1405415E+00
   48.8000   2.8429209E+04   6.7358483E+03   6.7358483E+03  -2.0949172E+01  -8.0817396E+00
   48.9000   2.8494796E+04   6.2068191E+03   6.2068191E+03  -2.0940095E+01  -8.0262964E+00
   49.0000   2.8473911E+04   5.6234392E+03   5.6234392E+03  -2.0930517E+01  -7.9747480E+00
   49.1000   2.8370719E+04   4.9878905E+03   4.9878905E+03  -2.0920468E+01  -7.9275805E+00
   49.2000   2.8190697E+04   4.3088755E+03   4.3088755E+03  -2.0909977E+01  -7.8852267E+00
   49.3000   2.7940351E+04   3.6093591E+03   3.6093591E+03  -2.0899067E+01  -7.8480655E+00
   49.4000   2.7626993E+04   2.9178470E+03   2.9178470E+03  -2.0887759E+01  -7.8164219E+00
   49.5000   2.7258459E+04   2.2605100E+03   2.2605100E+03  -2.0876070E+01  -7.7905684E+00
   49.6000   2.6842696E+04   1.6600816E+03   1.6600816E+03  -2.0864009E+01  -7.7707265E+00
   49.7000   2.6387710E+04   1.1404345E+03   1.1404345E+03  -2.0851582E+01  -7.7570680E+00
   49.8000   2.5901554E+04   7.2849622E+02   7.2849622E+02  -2.0838790E+01  -7.7497150E+00
   49.9000   2.5392375E+04   4.4477682E+02   4.4477682E+02  -2.0825627E+01  -7.7487391E+00
   50.0000   2.4868573E+04   2.9070448E+02   2.9070448E+02  -2.0812082E+01  -7.7541573E+00
   50.1000   2.4338797E+04   2.4040228E+02   2.4040228E+02  -2.0798139E+01  -7.7659268E+00
   50.2000   2.3811918E+04   2.2250256E+02   2.2250256E+02  -2.0783778E+01  -7.7839412E+00
   50.3000   2.3296999E+04   1.2819761E+02   1.2819761E+02  -2.0768978E+01  -7.8080256E+00
   50.4000   2.2802954E+04   3.0159301E+01   3.0159301E+01  -2.0753713E+01  -7.8379325E+00
   50.5000   2.2338221E+04   6.8648152E+01   6.8648152E+01  -2.0737958E+01  -7.8733446E+00
   50.6000   2.1910474E+04   1.3559951E+02   1.3559951E+02  -2.0721687E+01  -7.9138784E+00
   50.7000   2.1526336E+04   2.0702188E+02   2.0702188E+02  -2.0704877E+01  -7.9590902E+00
   50.8000   2.1191164E+04   2.7478128E+02   2.7478128E+02  -2.0687505E+01  -8.0084828E+00
   50.9000   2.0908759E+04   3.3528926E+02   3.3528926E+02  -2.0669549E+01  -8.0615153E+00
   51.0000   2.0681306E+04   3.8531657E+02   3.8531657E+02  -2.0650991E+01  -8.1176125E+00
   51.1000   2.0509196E+04   4.2274447E+02   4.2274447E+02  -2.0631817E+01  -8.1761746E+00
   51.2000   2.0390868E+04   4.4623104E+02   4.4623104E+02  -2.0612017E+01  -8.2365863E+00
   51.3000   2.0322258E+04   4.5507935E+02   4.5507935E+02  -2.0591588E+01  -8.2982248E+00
   51.4000   2.0294301E+04   4.4917167E+02   4.4917167E+02  -2.0570529E+01  -8.3604657E+00
   51.5000   2.0292597E+04   4.2889166E+02   4.2889166E+02  -2.0548846E+01  -8.4226885E+00
   51.6000   2.0305218E+04   3.9505787E+02   3.9505787E+02  -2.0526546E+01  -8.4842813E+00
   51.7000   2.0327908E+04   3.4892274E+02   3.4892274E+02  -2.0503645E+01  -8.5446441E+00
   51.8000   2.0362515E+04   2.9215739E+02   2.9215739E+02  -2.0480160E+01  -8.6031914E+00
   51.9000   2.0413725E+04   2.2686665E+02   2.2686665E+02  -2.0456110E+01  -8.6593551E+00
   52.0000   2.0486994E+04   1.5577736E+02   1.5577736E+02  -2.0431517E+01  -8.7125879E+00
   52.1000   2.0587752E+04   8.3771291E+01   8.3771291E+01  -2.0406405E+01  -8.7623669E+00
   52.2000   2.0721262E+04   4.1060834E+01   4.1060834E+01  -2.0380797E+01  -8.8081989E+00
   52.3000   2.0892563E+04   9.3523424E+01   9.3523424E+01  -2.0354713E+01  -8.8496256E+00
   52.4000   2.1106393E+04   1.6772409E+02   1.6772409E+02  -2.0328176E+01  -8.8862300E+00
   52.5000   2.1366976E+04   2.3809657E+02   2.3809657E+02  -2.0301201E+01  -8.9176421E+00
   52.6000   2.1677664E+04   3.0206923E+02   3.0206923E+02  -2.0273804E+01  -8.9435452E+00
   52.7000   2.2040260E+04   3.6323735E+02   3.6323735E+02  -2.0245993E+01  -8.9636810E+00
   52.8000   2.2454533E+04   4.2578165E+02   4.2578165E+02  -2.0217776E+01  -8.9778544E+00
   52.9000   2.2918145E+04   4.9048884E+02   4.9048884E+02  -2.0189153E+01  -8.9859362E+00
   53.0000   2.3427022E+04   5.8273389E+02   5.8273389E+02  -2.0160121E+01  -8.9878669E+00
   53.1000   2.3976193E+04   6.7694244E+02   6.7694244E+02  -2.0130671E+01  -8.9836565E+00
   53.2000   2.4560323E+04   9.4160939E+02   9.4160939E+02  -2.0100791E+01  -8.9733834E+00
   53.3000   2.5173316E+04   3.1848017E+03   3.1848017E+03  -2.0070466E+01  -8.9571961E+00
   53.4000   2.5808262E+04   3.6771862E+03   3.6771862E+03  -2.0039679E+01  -8.9353200E+00
   53.5000   2.6459874E+04   3.7058420E+03   3.7058420E+03  -2.0008409E+01  -8.9080278E+00
   53.6000   2.7123072E+04   3.4031267E+03   3.4031267E+03  -1.9976635E+01  -8.8756350E+00
   53.7000   2.7792879E+04   3.5124498E+03   3.5124498E+03  -1.9944336E+01  -8.8385001E+00
   53.8000   2.8463754E+04   4.0186489E+03   4.0186489E+03  -1.9911493E+01  -8.7970268E+00
   53.9000   2.9129675E+04   4.6235136E+03   4.6235136E+03  -1.9878088E+01  -8.7516611E+00
   54.0000   2.9784205E+04   5.1499297E+03   5.1499297E+03  -1.9844105E+01  -8.7028841E+00
   54.1000   3.0420553E+04   5.5616199E+03   5.5616199E+03  -1.9809533E+01  -8.6512076E+00
   54.2000   3.1031669E+04   5.8841071E+03   5.8841071E+03  -1.9774364E+01  -8.5971702E+00
   54.3000   3.1610404E+04   6.1379374E+03   6.1379374E+03  -1.9738596E+01  -8.5413340E+00
   54.4000   3.2149734E+04   6.3261075E+03   6.3261075E+03  -1.9702229E+01  -8.4842806E+00
   54.5000   3.2643028E+04   6.4422936E+03   6.4422936E+03  -1.9665270E+01  -8.4266059E+00
   54.6000   3.3084300E+04   6.4716590E+03   6.4716590E+03  -1.9627729E+01  -8.3689138E+00
   54.7000   3.3468432E+04   6.3930976E+03   6.3930976E+03  -1.9589623E+01  -8.3118087E+00
   54.8000   3.3791679E+04   6.2039657E+03   6.2039657E+03  -1.9550970E+01  -8.2558868E+00
   54.9000   3.4051733E+04   5.9284429E+03   5.9284429E+03  -1.9511794E+01  -8.2017291E+00
   55.0000   3.4247599E+04   5.5876881E+03   5.5876881E+03  -1.9472121E+01  -8.1498927E+00
   55.1000   3.4379545E+04   5.1819039E+03   5.1819039E+03  -1.9431980E+01  -8.1009035E+00
   55.2000   3.4449022E+04   4.7091134E+03   4.7091134E+03  -1.9391402E+01  -8.0552493E+00
   55.3000   3.4458548E+04   4.1804949E+03   4.1804949E+03  -1.9350415E+01  -8.0133747E+00
   55.4000   3.4411576E+04   3.6174012E+03   3.6174012E+03  -1.9309049E+01  -7.9756773E+00
   55.5000   3.4312315E+04   3.0432264E+03   3.0432264E+03  -1.9267329E+01  -7.9425062E+00
   55.6000   3.4165555E+04   2.4790395E+03   2.4790395E+03  -1.9225278E+01  -7.9141617E+00
   55.7000   3.3976563E+04   1.9450570E+03   1.9450570E+03  -1.9182915E+01  -7.8908953E+00
   55.8000   3.3750887E+04   1.4636280E+03   1.4636280E+03  -1.9140255E+01  -7.8729114E+00
   55.9000   3.3494027E+04   1.0564989E+03   1.0564989E+03  -1.9097309E+01  -7.8603686E+00
   56.0000   3.3211393E+04   7.3660059E+02   7.3660059E+02  -1.9054082E+01  -7.8533806E+00
   56.1000   3.2908342E+04   5.0503525E+02   5.0503525E+02  -1.9010575E+01  -7.8520163E+00
   56.2000   3.2590314E+04   3.5983624E+02   3.5983624E+02  -1.8966782E+01  -7.8562973E+00
   56.3000   3.2262890E+04   2.9903968E+02   2.9903968E+02  -1.8922695E+01  -7.8661941E+00
   56.4000   3.1931817E+04   2.8674725E+02   2.8674725E+02  -1.8878299E+01  -7.8816234E+00
   56.5000   3.1603030E+04   2.2519905E+02   2.2519905E+02  -1.8833577E+01  -7.9024432E+00
   56.6000   3.1282510E+04   9.5032861E+01   9.5032861E+01  -1.8788509E+01  -7.9284498E+00
   56.7000   3.0976055E+04   3.5520773E+01   3.5520773E+01  -1.8743074E+01  -7.9593781E+00
   56.8000   3.0689003E+04   8.0311037E+01   8.0311037E+01  -1.8697250E+01  -7.9949042E+00
   56.9000   3.0426169E+04   1.3815516E+02   1.3815516E+02  -1.8651015E+01  -8.0346499E+00
   57.0000   3.0191665E+04   1.9582306E+02   1.9582306E+02  -1.8604348E+01  -8.0781872E+00
   57.1000   2.9988770E+04   2.4854766E+02   2.4854766E+02  -1.8557230E+01  -8.1250461E+00
   57.2000   2.9819798E+04   2.9315445E+02   2.9315445E+02  -1.8509643E+01  -8.1747224E+00
   57.3000   2.9686074E+04   3.2760435E+02   3.2760435E+02  -1.8461573E+01  -8.2266865E+00
   57.4000   2.9587947E+04   3.5057159E+02   3.5057159E+02  -1.8413010E+01  -8.2803918E+00
   57.5000   2.9524834E+04   3.6134143E+02   3.6134143E+02  -1.8363948E+01  -8.3352828E+00
   57.6000   2.9495330E+04   3.5971242E+02   3.5971242E+02  -1.8314387E+01  -8.3908023E+00
   57.7000   2.9497393E+04   3.4592426E+02   3.4592426E+02  -1.8264328E+01  -8.4463966E+00
   57.8000   2.9528687E+04   3.2058118E+02   3.2058118E+02  -1.8213781E+01  -8.5015208E+00
   57.9000   2.9586914E+04   2.8461596E+02   2.8461596E+02  -1.8162759E+01  -8.5556418E+00
   58.0000   2.9670036E+04   2.3928493E+02   2.3928493E+02  -1.8111277E+01  -8.6082413E+00
   58.1000   2.9776535E+04   1.8618421E+02   1.8618421E+02  -1.8059355E+01  -8.6588176E+00
   58.2000   2.9905729E+04   1.2742784E+02   1.2742784E+02  -1.8007016E+01  -8.7068873E+00
   58.3000   3.0057921E+04   6.7159480E+01   6.7159480E+01  -1.7954283E+01  -8.7519886E+00
   58.4000   3.0234296E+04   3.5991948E+01   3.5991948E+01  -1.7901182E+01  -8.7936846E+00
   58.5000   3.0436607E+04   8.7635009E+01   8.7635009E+01  -1.7847736E+01  -8.8315668E+00
   58.6000   3.0666793E+04   1.5251827E+02   1.5251827E+02  -1.7793969E+01  -8.8652607E+00
   58.7000   3.0926649E+04   2.1690108E+02   2.1690108E+02  -1.7739904E+01  -8.8944301E+00
   58.8000   3.1217564E+04   2.7774910E+02   2.7774910E+02  -1.7685557E+01  -8.9187829E+00
   58.9000   3.1540351E+04   3.3435940E+02   3.3435940E+02  -1.7630946E+01  -8.9380755E+00
   59.0000   3.1895042E+04   3.9150918E+02   3.9150918E+02  -1.7576083E+01  -8.9521175E+00
   59.1000   3.2280717E+04   4.6531548E+02   4.6531548E+02  -1.7520974E+01  -8.9607752E+00
   59.2000   3.2695596E+04   5.2806480E+02   5.2806480E+02  -1.7465623E+01  -8.9639747E+00
   59.3000   3.3137121E+04   6.8511459E+02   6.8511459E+02  -1.7410029E+01  -8.9617042E+00
   59.4000   3.3601813E+04   2.4918551E+03   2.4918551E+03  -1.7354186E+01  -8.9540155E+00
   59.5000   3.4084916E+04   3.0159399E+03   3.0159399E+03  -1.7298084E+01  -8.9410337E+00
   59.6000   3.4582883E+04   3.0227511E+03   3.0227511E+03  -1.7241712E+01  -8.9229375E+00
   59.7000   3.5092009E+04   2.5594208E+03   2.5594208E+03  -1.7185053E+01  -8.8999487E+00
   59.8000   3.5608823E+04   2.4881654E+03   2.4881654E+03  -1.7128089E+01  -8.8723335E+00
   59.9000   3.6129542E+04   2.8911826E+03   2.8911826E+03  -1.7070802E+01  -8.8404040E+00
