
These predictions were generated by MoorDyn (v2.2.22024-01-16) on 09-Aug-2024 at 15:28:53.

 
 
 
      Time        FAIRTEN1        FAIRTEN2        FAIRTEN3         BODY1RY         BODY1PZ
       (s)             (N)             (N)             (N)           (deg)             (m)
    0.1000   2.6653730E+03   2.6653403E+03   2.6653403E+03   3.2070471E-09  -4.9021263E-02
    0.2000   7.2334668E+03   7.2333711E+03   7.2333711E+03   3.0460811E-08  -1.9601902E-01
    0.3000   1.3770538E+04   1.3770338E+04   1.3770338E+04   1.1568029E-07  -4.4086632E-01
    0.4000   2.1959141E+04   2.1958779E+04   2.1958779E+04   3.0670958E-07  -7.8338408E-01
    0.5000   3.1423188E+04   3.1421900E+04   3.1421900E+04   4.7381829E-07  -1.2233301E+00
    0.6000   4.1311219E+04   4.1303289E+04   4.1303289E+04  -2.3311622E-06  -1.7601331E+00
    0.7000   4.8929969E+04   4.8871148E+04   4.8871148E+04  -6.5189801E-05  -2.3917525E+00
    0.8000   4.8631613E+04   4.8371512E+04   4.8371512E+04  -4.4329051E-04  -3.1009870E+00
    0.9000   3.9073289E+04   3.8507410E+04   3.8507410E+04  -1.2432988E-03  -3.8587692E+00
    1.0000   2.4869811E+04   2.4236875E+04   2.4236875E+04  -2.5563536E-03  -4.6345992E+00
    1.1000   1.4066515E+04   1.3784800E+04   1.3784800E+04  -4.4158432E-03  -5.4103560E+00
    1.2000   1.0820766E+04   1.0822620E+04   1.0822620E+04  -6.7615756E-03  -6.1785798E+00
    1.3000   1.0604871E+04   1.0601646E+04   1.0601646E+04  -9.5000975E-03  -6.9328818E+00
    1.4000   1.0152410E+04   1.0112648E+04   1.0112648E+04  -1.2528399E-02  -7.6674414E+00
    1.5000   1.1946801E+04   1.1599310E+04   1.1599310E+04  -1.5754355E-02  -8.3769455E+00
    1.6000   1.6088956E+04   1.5253995E+04   1.5253995E+04  -1.9082600E-02  -9.0565395E+00
    1.7000   2.0147117E+04   1.8892693E+04   1.8892693E+04  -2.2381838E-02  -9.7017384E+00
    1.8000   2.2691943E+04   2.1147752E+04   2.1147752E+04  -2.5537757E-02  -1.0308522E+01
    1.9000   2.3391820E+04   2.1677871E+04   2.1677871E+04  -2.8464518E-02  -1.0873401E+01
    2.0000   2.2478572E+04   2.0687178E+04   2.0687178E+04  -3.1101936E-02  -1.1393400E+01
    2.1000   2.0393564E+04   1.8594580E+04   1.8594580E+04  -3.3410624E-02  -1.1866046E+01
    2.2000   1.7688203E+04   1.5970129E+04   1.5970129E+04  -3.5343230E-02  -1.2290063E+01
    2.3000   1.4753646E+04   1.3173488E+04   1.3173488E+04  -3.6826424E-02  -1.2665944E+01
    2.4000   1.1820644E+04   1.0401854E+04   1.0401854E+04  -3.7808817E-02  -1.2994348E+01
    2.5000   9.0380547E+03   7.7860557E+03   7.7860557E+03  -3.8262688E-02  -1.3275832E+01
    2.6000   6.5038076E+03   5.4148198E+03   5.4148198E+03  -3.8185474E-02  -1.3510856E+01
    2.7000   4.2854126E+03   3.3526931E+03   3.3526931E+03  -3.7603814E-02  -1.3699795E+01
    2.8000   2.4308499E+03   1.6509208E+03   1.6509208E+03  -3.6572717E-02  -1.3842950E+01
    2.9000   9.7841614E+02   3.6046109E+02   3.6046109E+02  -3.5171859E-02  -1.3940552E+01
    3.0000   6.4586113E+01   4.9330838E+02   4.9330838E+02  -3.3501115E-02  -1.3992780E+01
    3.1000   5.6739734E+02   8.7689709E+02   8.7689709E+02  -3.1675439E-02  -1.3999791E+01
    3.2000   8.5628662E+02   1.4739830E+03   1.4739830E+03  -2.9818308E-02  -1.3961907E+01
    3.3000   1.5985525E+03   2.6742490E+03   2.6742490E+03  -2.8079057E-02  -1.3878310E+01
    3.4000   2.6726924E+03   4.4656226E+03   4.4656226E+03  -2.6715592E-02  -1.3741207E+01
    3.5000   3.9568032E+03   6.6610923E+03   6.6610923E+03  -2.5857773E-02  -1.3551571E+01
    3.6000   5.3032539E+03   9.0654678E+03   9.0654678E+03  -2.5604969E-02  -1.3312603E+01
    3.7000   6.5096968E+03   1.1456364E+04   1.1456364E+04  -2.6046699E-02  -1.3028164E+01
    3.8000   7.3847153E+03   1.3580631E+04   1.3580631E+04  -2.7265918E-02  -1.2702642E+01
    3.9000   7.8012427E+03   1.5208894E+04   1.5208894E+04  -2.9343490E-02  -1.2340808E+01
    4.0000   7.6738447E+03   1.6154663E+04   1.6154663E+04  -3.2353465E-02  -1.1947658E+01
    4.1000   7.0566875E+03   1.6306395E+04   1.6306395E+04  -3.6362465E-02  -1.1528291E+01
    4.2000   6.1239902E+03   1.5501234E+04   1.5501234E+04  -4.1428901E-02  -1.1087800E+01
    4.3000   5.1742017E+03   1.3837542E+04   1.3837542E+04  -4.7600396E-02  -1.0631198E+01
    4.4000   4.5539575E+03   1.1547271E+04   1.1547271E+04  -5.4911043E-02  -1.0163369E+01
    4.5000   4.3971167E+03   8.9598447E+03   8.9598447E+03  -6.3378729E-02  -9.6890612E+00
    4.6000   4.4480376E+03   6.5246260E+03   6.5246260E+03  -7.3002391E-02  -9.2128820E+00
    4.7000   4.3881138E+03   4.8449771E+03   4.8449771E+03  -8.3759062E-02  -8.7393141E+00
    4.8000   4.2624287E+03   4.1479805E+03   4.1479805E+03  -9.5603921E-02  -8.2727280E+00
    4.9000   4.4228325E+03   3.9598252E+03   3.9598252E+03  -1.0847735E-01  -7.8173752E+00
    5.0000   5.1730952E+03   3.7171472E+03   3.7171472E+03  -1.2231628E-01  -7.3773808E+00
    5.1000   6.4014590E+03   3.3877256E+03   3.3877256E+03  -1.3704161E-01  -6.9566903E+00
    5.2000   7.7319526E+03   3.2066855E+03   3.2066855E+03  -1.5256006E-01  -6.5589876E+00
    5.3000   8.8132832E+03   3.3212742E+03   3.3212742E+03  -1.6877037E-01  -6.1876106E+00
    5.4000   9.4226602E+03   3.6175789E+03   3.6175789E+03  -1.8556938E-01  -5.8454843E+00
    5.5000   9.4701123E+03   3.8646333E+03   3.8646333E+03  -2.0285718E-01  -5.5350962E+00
    5.6000   8.9673916E+03   3.9025571E+03   3.9025571E+03  -2.2054085E-01  -5.2585125E+00
    5.7000   8.0841821E+03   3.6761577E+03   3.6761577E+03  -2.3853807E-01  -5.0174274E+00
    5.8000   6.8446309E+03   3.2042517E+03   3.2042517E+03  -2.5678098E-01  -4.8132248E+00
    5.9000   5.4135835E+03   2.5524055E+03   2.5524055E+03  -2.7521843E-01  -4.6470332E+00
    6.0000   3.9643188E+03   1.8123862E+03   1.8123862E+03  -2.9381725E-01  -4.5197577E+00
    6.1000   2.6226355E+03   1.0809307E+03   1.0809307E+03  -3.1256256E-01  -4.4320755E+00
    6.2000   1.4727129E+03   4.5275565E+02   4.5275565E+02  -3.3145797E-01  -4.3844204E+00
    6.3000   5.8206702E+02   9.8359436E+01   9.8359436E+01  -3.5052598E-01  -4.3769741E+00
    6.4000   1.4024837E+02   3.3776944E+02   3.3776944E+02  -3.6980700E-01  -4.4096532E+00
    6.5000   4.9359976E+02   7.0088446E+02   7.0088446E+02  -3.8935772E-01  -4.4819231E+00
    6.6000   1.1018989E+03   1.0894596E+03   1.0894596E+03  -4.0924737E-01  -4.5926738E+00
    6.7000   1.8302631E+03   1.4319683E+03   1.4319683E+03  -4.2955115E-01  -4.7402372E+00
    6.8000   2.5367834E+03   1.7104268E+03   1.7104268E+03  -4.5034337E-01  -4.9224238E+00
    6.9000   3.0646812E+03   1.8860474E+03   1.8860474E+03  -4.7169217E-01  -5.1365776E+00
    7.0000   3.3039197E+03   1.9431213E+03   1.9431213E+03  -4.9365604E-01  -5.3796549E+00
    7.1000   3.2441824E+03   1.9183033E+03   1.9183033E+03  -5.1628286E-01  -5.6483126E+00
    7.2000   2.9684744E+03   1.9083284E+03   1.9083284E+03  -5.3960723E-01  -5.9390054E+00
    7.3000   2.6188665E+03   1.9693367E+03   1.9693367E+03  -5.6364614E-01  -6.2480831E+00
    7.4000   2.3500217E+03   2.0998938E+03   2.0998938E+03  -5.8839667E-01  -6.5718627E+00
    7.5000   2.2515444E+03   2.2399177E+03   2.2399177E+03  -6.1383581E-01  -6.9066777E+00
    7.6000   2.2827996E+03   2.3259836E+03   2.3259836E+03  -6.3992214E-01  -7.2489057E+00
    7.7000   2.3365039E+03   2.3498169E+03   2.3498169E+03  -6.6659945E-01  -7.5949874E+00
    7.8000   2.3353276E+03   2.3430212E+03   2.3430212E+03  -6.9380206E-01  -7.9414382E+00
    7.9000   2.2705603E+03   2.3737412E+03   2.3737412E+03  -7.2145993E-01  -8.2848644E+00
    8.0000   2.1661011E+03   2.5118994E+03   2.5118994E+03  -7.4950325E-01  -8.6219835E+00
    8.1000   2.0549436E+03   2.7641602E+03   2.7641602E+03  -7.7786356E-01  -8.9496422E+00
    8.2000   1.9701920E+03   3.0683059E+03   3.0683059E+03  -8.0646509E-01  -9.2648401E+00
    8.3000   1.9290057E+03   3.3384492E+03   3.3384492E+03  -8.3523762E-01  -9.5647631E+00
    8.4000   1.9236489E+03   3.5037761E+03   3.5037761E+03  -8.6412084E-01  -9.8468151E+00
    8.5000   1.9289205E+03   3.5257361E+03   3.5257361E+03  -8.9306259E-01  -1.0108628E+01
    8.6000   1.9174893E+03   3.3949709E+03   3.3949709E+03  -9.2202097E-01  -1.0348083E+01
    8.7000   1.8706725E+03   3.1252434E+03   3.1252434E+03  -9.5096499E-01  -1.0563315E+01
    8.8000   1.7813442E+03   2.7462800E+03   2.7462800E+03  -9.7987479E-01  -1.0752723E+01
    8.9000   1.6524508E+03   2.2965569E+03   2.2965569E+03  -1.0087414E+00  -1.0914959E+01
    9.0000   1.4943141E+03   1.8169757E+03   1.8169757E+03  -1.0375664E+00  -1.1048928E+01
    9.1000   1.3206986E+03   1.3460625E+03   1.3460625E+03  -1.0663618E+00  -1.1153782E+01
    9.2000   1.1431276E+03   9.1701831E+02   9.1701831E+02  -1.0951498E+00  -1.1228909E+01
    9.3000   9.7703723E+02   5.5597937E+02   5.5597937E+02  -1.1239647E+00  -1.1273939E+01
    9.4000   8.3334027E+02   2.8425775E+02   2.8425775E+02  -1.1528522E+00  -1.1288728E+01
    9.5000   7.2450952E+02   1.6514268E+02   1.6514268E+02  -1.1818680E+00  -1.1273387E+01
    9.6000   6.6249713E+02   2.1968085E+02   2.1968085E+02  -1.2110755E+00  -1.1228374E+01
    9.7000   6.5823376E+02   3.2192752E+02   3.2192752E+02  -1.2405437E+00  -1.1154523E+01
    9.8000   7.1621753E+02   4.3580109E+02   4.3580109E+02  -1.2703454E+00  -1.1053020E+01
    9.9000   8.3286823E+02   5.5960565E+02   5.5960565E+02  -1.3005552E+00  -1.0925366E+01
   10.0000   1.0032030E+03   6.9309918E+02   6.9309918E+02  -1.3312479E+00  -1.0773338E+01
   10.1000   1.2280371E+03   8.3277948E+02   8.3277948E+02  -1.3624966E+00  -1.0598943E+01
   10.2000   1.5167421E+03   9.7294904E+02   9.7294904E+02  -1.3943713E+00  -1.0404376E+01
   10.3000   1.8863386E+03   1.1081803E+03   1.1081803E+03  -1.4269373E+00  -1.0191980E+01
   10.4000   2.3574111E+03   1.2361432E+03   1.2361432E+03  -1.4602541E+00  -9.9642029E+00
   10.5000   2.9470544E+03   1.3618917E+03   1.3618917E+03  -1.4943730E+00  -9.7235661E+00
   10.6000   3.6600815E+03   1.5133098E+03   1.5133098E+03  -1.5293365E+00  -9.4726391E+00
   10.7000   4.4809155E+03   1.7351804E+03   1.7351804E+03  -1.5651768E+00  -9.2140198E+00
   10.8000   5.3753491E+03   2.0710652E+03   2.0710652E+03  -1.6019139E+00  -8.9503250E+00
   10.9000   6.2851714E+03   2.5390876E+03   2.5390876E+03  -1.6395534E+00  -8.6841841E+00
   11.0000   7.3189575E+03   3.1169219E+03   3.1169219E+03  -1.6780852E+00  -8.4182386E+00
   11.1000   8.0407651E+03   3.7617375E+03   3.7617375E+03  -1.7174869E+00  -8.1551313E+00
   11.2000   8.5499629E+03   4.4010283E+03   4.4010283E+03  -1.7577257E+00  -7.8974853E+00
   11.3000   8.8103516E+03   4.9956035E+03   4.9956035E+03  -1.7987548E+00  -7.6478682E+00
   11.4000   1.5895925E+04   5.4171255E+03   5.4171255E+03  -1.8405148E+00  -7.4087505E+00
   11.5000   1.7040865E+04   5.6472241E+03   5.6472241E+03  -1.8829390E+00  -7.1824741E+00
   11.6000   1.6529541E+04   5.6631719E+03   5.6631719E+03  -1.9259528E+00  -6.9711785E+00
   11.7000   1.5385402E+04   5.4673623E+03   5.4673623E+03  -1.9694768E+00  -6.7767663E+00
   11.8000   2.0235471E+04   5.0833765E+03   5.0833765E+03  -2.0134318E+00  -6.6008968E+00
   11.9000   2.2937994E+04   4.5500566E+03   4.5500566E+03  -2.0577447E+00  -6.4450026E+00
   12.0000   2.3372240E+04   3.9155161E+03   3.9155161E+03  -2.1023479E+00  -6.3102765E+00
   12.1000   2.2510693E+04   3.2291030E+03   3.2291030E+03  -2.1471820E+00  -6.1976824E+00
   12.2000   2.0586943E+04   2.5367449E+03   2.5367449E+03  -2.1921971E+00  -6.1079764E+00
   12.3000   1.7864705E+04   1.8746021E+03   1.8746021E+03  -2.2373552E+00  -6.0417314E+00
   12.4000   1.4565910E+04   1.2712423E+03   1.2712423E+03  -2.2826302E+00  -5.9993477E+00
   12.5000   1.0897540E+04   7.5159418E+02   7.5159418E+02  -2.3280084E+00  -5.9810700E+00
   12.6000   7.0945405E+03   3.3909283E+02   3.3909283E+02  -2.3734884E+00  -5.9869890E+00
   12.7000   3.4371294E+03   1.1737046E+02   1.1737046E+02  -2.4190807E+00  -6.0170264E+00
   12.8000   3.1216422E+02   2.2186148E+02   2.2186148E+02  -2.4648094E+00  -6.0708575E+00
   12.9000   4.8956601E+02   3.8362714E+02   3.8362714E+02  -2.5107110E+00  -6.1478596E+00
   13.0000   7.0201581E+02   5.8764551E+02   5.8764551E+02  -2.5568347E+00  -6.2471113E+00
   13.1000   9.8524176E+02   7.9713971E+02   7.9713971E+02  -2.6032395E+00  -6.3673892E+00
   13.2000   1.2945759E+03   9.7182825E+02   9.7182825E+02  -2.6499913E+00  -6.5071774E+00
   13.3000   1.5783114E+03   1.0834066E+03   1.0834066E+03  -2.6971588E+00  -6.6646981E+00
   13.4000   1.7944449E+03   1.1253557E+03   1.1253557E+03  -2.7448106E+00  -6.8379498E+00
   13.5000   1.9123142E+03   1.1111440E+03   1.1111440E+03  -2.7930121E+00  -7.0247569E+00
   13.6000   1.9113420E+03   1.0637827E+03   1.0637827E+03  -2.8418231E+00  -7.2228222E+00
   13.7000   1.7903439E+03   1.0116997E+03   1.0116997E+03  -2.8912938E+00  -7.4297829E+00
   13.8000   1.5825337E+03   9.7730853E+02   9.7730853E+02  -2.9414642E+00  -7.6432610E+00
   13.9000   1.3460499E+03   9.6637854E+02   9.6637854E+02  -2.9923608E+00  -7.8609118E+00
   14.0000   1.1402560E+03   9.6726666E+02   9.6726666E+02  -3.0439966E+00  -8.0804605E+00
   14.1000   1.0012175E+03   9.6364038E+02   9.6364038E+02  -3.0963686E+00  -8.2997284E+00
   14.2000   9.2606665E+02   9.4232294E+02   9.4232294E+02  -3.1494596E+00  -8.5166454E+00
   14.3000   8.8272931E+02   9.0120172E+02   9.0120172E+02  -3.2032375E+00  -8.7292500E+00
   14.4000   8.3984784E+02   8.4542505E+02   8.4542505E+02  -3.2576578E+00  -8.9356833E+00
   14.5000   7.8075867E+02   7.8050446E+02   7.8050446E+02  -3.3126650E+00  -9.1341867E+00
   14.6000   7.0698254E+02   7.1191638E+02   7.1191638E+02  -3.3681941E+00  -9.3230886E+00
   14.7000   6.2897717E+02   6.4805505E+02   6.4805505E+02  -3.4241743E+00  -9.5007944E+00
   14.8000   5.5429419E+02   5.9612744E+02   5.9612744E+02  -3.4805317E+00  -9.6657953E+00
   14.9000   4.9230023E+02   5.6173938E+02   5.6173938E+02  -3.5371919E+00  -9.8166637E+00
   15.0000   4.5390619E+02   5.4664471E+02   5.4664471E+02  -3.5940833E+00  -9.9520760E+00
   15.1000   4.4904474E+02   5.4899786E+02   5.4899786E+02  -3.6511395E+00  -1.0070818E+01
   15.2000   4.8072797E+02   5.6627087E+02   5.6627087E+02  -3.7082996E+00  -1.0171804E+01
   15.3000   5.4352026E+02   5.9828931E+02   5.9828931E+02  -3.7655106E+00  -1.0254092E+01
   15.4000   6.3201166E+02   6.3162872E+02   6.3162872E+02  -3.8227262E+00  -1.0316896E+01
   15.5000   7.4100574E+02   6.7468048E+02   6.7468048E+02  -3.8799093E+00  -1.0359598E+01
   15.6000   8.6621619E+02   7.2730219E+02   7.2730219E+02  -3.9370308E+00  -1.0381756E+01
   15.7000   1.0142081E+03   7.9254181E+02   7.9254181E+02  -3.9940715E+00  -1.0383126E+01
   15.8000   1.1900837E+03   8.7592780E+02   8.7592780E+02  -4.0510201E+00  -1.0363710E+01
   15.9000   1.4108828E+03   9.8388788E+02   9.8388788E+02  -4.1078744E+00  -1.0323802E+01
   16.0000   1.6659059E+03   1.1225929E+03   1.1225929E+03  -4.1646404E+00  -1.0263978E+01
   16.1000   1.9627828E+03   1.2981810E+03   1.2981810E+03  -4.2213345E+00  -1.0185093E+01
   16.2000   2.3562292E+03   1.5162333E+03   1.5162333E+03  -4.2779799E+00  -1.0088255E+01
   16.3000   2.8227136E+03   1.7810446E+03   1.7810446E+03  -4.3346119E+00  -9.9748001E+00
   16.4000   4.1958286E+03   2.0945835E+03   2.0945835E+03  -4.3912711E+00  -9.8462582E+00
   16.5000   7.7688848E+03   2.4552505E+03   2.4552505E+03  -4.4480076E+00  -9.7043152E+00
   16.6000   9.9793047E+03   2.8582419E+03   2.8582419E+03  -4.5048752E+00  -9.5507765E+00
   16.7000   1.3167920E+04   3.2930393E+03   3.2930393E+03  -4.5619326E+00  -9.3875151E+00
   16.8000   1.7115490E+04   3.7449368E+03   3.7449368E+03  -4.6192393E+00  -9.2164459E+00
   16.9000   2.1854951E+04   4.1951074E+03   4.1951074E+03  -4.6768575E+00  -9.0394907E+00
   17.0000   2.7073115E+04   4.6209023E+03   4.6209023E+03  -4.7348442E+00  -8.8585510E+00
   17.1000   3.2240020E+04   4.9993032E+03   4.9993032E+03  -4.7932558E+00  -8.6754894E+00
   17.2000   3.6902535E+04   5.3087930E+03   5.3087930E+03  -4.8521433E+00  -8.4921169E+00
   17.3000   4.0869855E+04   5.5309502E+03   5.5309502E+03  -4.9115529E+00  -8.3101854E+00
   17.4000   4.4148066E+04   5.6523296E+03   5.6523296E+03  -4.9715190E+00  -8.1313868E+00
   17.5000   4.6735410E+04   5.6649116E+03   5.6649116E+03  -5.0320663E+00  -7.9573584E+00
   17.6000   4.8589277E+04   5.5668813E+03   5.5668813E+03  -5.0932069E+00  -7.7896891E+00
   17.7000   4.9661664E+04   5.3625293E+03   5.3625293E+03  -5.1549397E+00  -7.6299167E+00
   17.8000   4.9903605E+04   5.0616494E+03   5.0616494E+03  -5.2172503E+00  -7.4795246E+00
   17.9000   4.9311184E+04   5.0864204E+03   5.0864204E+03  -5.2801137E+00  -7.3399234E+00
   18.0000   4.7904926E+04   4.5172651E+03   4.5172651E+03  -5.3434911E+00  -7.2124338E+00
   18.1000   4.5735770E+04   3.9712893E+03   3.9712893E+03  -5.4073367E+00  -7.0982585E+00
   18.2000   4.2874570E+04   3.4008010E+03   3.4008010E+03  -5.4715958E+00  -6.9984574E+00
   18.3000   3.9424230E+04   2.8524646E+03   2.8524646E+03  -5.5362091E+00  -6.9139323E+00
   18.4000   3.5508680E+04   2.3147480E+03   2.3147480E+03  -5.6011167E+00  -6.8454113E+00
   18.5000   3.1257127E+04   3.1006787E+03   3.1006787E+03  -5.6662564E+00  -6.7934465E+00
   18.6000   2.6790908E+04   2.6376733E+03   2.6376733E+03  -5.7315717E+00  -6.7584238E+00
   18.7000   2.2234449E+04   1.2839933E+03   1.2839933E+03  -5.7970085E+00  -6.7405543E+00
   18.8000   1.7712279E+04   4.5387122E+02   4.5387122E+02  -5.8625197E+00  -6.7398782E+00
   18.9000   1.3352941E+04   1.0936352E+02   1.0936352E+02  -5.9280663E+00  -6.7562919E+00
   19.0000   9.2960791E+03   9.0442230E+01   9.0442230E+01  -5.9936185E+00  -6.7895374E+00
   19.1000   5.7055371E+03   1.4928915E+02   1.4928915E+02  -6.0591569E+00  -6.8391829E+00
   19.2000   2.7729563E+03   2.3910002E+02   2.3910002E+02  -6.1246724E+00  -6.9046249E+00
   19.3000   6.4107959E+02   3.7215186E+02   3.7215186E+02  -6.1901670E+00  -6.9851027E+00
   19.4000   3.7667487E+02   5.2953363E+02   5.2953363E+02  -6.2556543E+00  -7.0797071E+00
   19.5000   5.4173572E+02   6.8546747E+02   6.8546747E+02  -6.3211570E+00  -7.1873899E+00
   19.6000   6.9474738E+02   8.2289618E+02   8.2289618E+02  -6.3867097E+00  -7.3069677E+00
   19.7000   8.2480853E+02   9.2933081E+02   9.2933081E+02  -6.4523544E+00  -7.4371285E+00
   19.8000   9.2090717E+02   9.9607861E+02   9.9607861E+02  -6.5181413E+00  -7.5764365E+00
   19.9000   9.7602747E+02   1.0195810E+03   1.0195810E+03  -6.5841246E+00  -7.7233491E+00
   20.0000   9.8701440E+02   1.0009138E+03   1.0009138E+03  -6.6503606E+00  -7.8762350E+00
   20.1000   9.5486328E+02   9.4218732E+02   9.4218732E+02  -6.7169065E+00  -8.0333986E+00
   20.2000   8.8506610E+02   8.5248401E+02   8.5248401E+02  -6.7838154E+00  -8.1931086E+00
   20.3000   7.8772540E+02   7.4473206E+02   7.4473206E+02  -6.8511367E+00  -8.3536282E+00
   20.4000   6.7861719E+02   6.3535706E+02   6.3535706E+02  -6.9189124E+00  -8.5132437E+00
   20.5000   5.7169427E+02   5.4214575E+02   5.4214575E+02  -6.9871745E+00  -8.6702986E+00
   20.6000   4.8416721E+02   4.6995502E+02   4.6995502E+02  -7.0559430E+00  -8.8232107E+00
   20.7000   4.2213171E+02   4.1838330E+02   4.1838330E+02  -7.1252294E+00  -8.9705000E+00
   20.8000   3.8189774E+02   3.8054416E+02   3.8054416E+02  -7.1950345E+00  -9.1108036E+00
   20.9000   3.5665250E+02   3.4889716E+02   3.4889716E+02  -7.2653499E+00  -9.2428799E+00
   21.0000   3.3797363E+02   3.1866226E+02   3.1866226E+02  -7.3361540E+00  -9.3656092E+00
   21.1000   3.2785364E+02   2.9091461E+02   2.9091461E+02  -7.4074149E+00  -9.4779930E+00
   21.2000   3.3455008E+02   2.7553363E+02   2.7553363E+02  -7.4790916E+00  -9.5791407E+00
   21.3000   3.6323157E+02   2.7755582E+02   2.7755582E+02  -7.5511360E+00  -9.6682682E+00
   21.4000   4.2687402E+02   3.1177637E+02   3.1177637E+02  -7.6234932E+00  -9.7446871E+00
   21.5000   5.0050833E+02   3.6471536E+02   3.6471536E+02  -7.6961064E+00  -9.8078003E+00
   21.6000   5.9423303E+02   4.3574426E+02   4.3574426E+02  -7.7689157E+00  -9.8570976E+00
   21.7000   7.5311102E+02   5.2874536E+02   5.2874536E+02  -7.8418617E+00  -9.8921604E+00
   21.8000   9.0415509E+02   6.4268085E+02   6.4268085E+02  -7.9148879E+00  -9.9126587E+00
   21.9000   1.1820835E+03   7.7700879E+02   7.7700879E+02  -7.9879394E+00  -9.9183645E+00
   22.0000   1.3961523E+03   9.3328979E+02   9.3328979E+02  -8.0609665E+00  -9.9091702E+00
   22.1000   3.4367612E+03   1.1135569E+03   1.1135569E+03  -8.1339264E+00  -9.8851347E+00
   22.2000   4.7621807E+03   1.3219884E+03   1.3219884E+03  -8.2067814E+00  -9.8464994E+00
   22.3000   6.0567935E+03   1.6004397E+03   1.6004397E+03  -8.2795010E+00  -9.7936869E+00
   22.4000   7.8743999E+03   1.8525707E+03   1.8525707E+03  -8.3520603E+00  -9.7272930E+00
   22.5000   1.0148604E+04   4.1079614E+03   4.1079614E+03  -8.4244452E+00  -9.6480904E+00
   22.6000   1.2873983E+04   3.9886702E+03   3.9886702E+03  -8.4966488E+00  -9.5570202E+00
   22.7000   1.5989701E+04   4.6495122E+03   4.6495122E+03  -8.5686712E+00  -9.4551649E+00
   22.8000   1.9336543E+04   5.3674551E+03   5.3674551E+03  -8.6405201E+00  -9.3437395E+00
   22.9000   2.2715332E+04   6.2907188E+03   6.2907188E+03  -8.7122116E+00  -9.2240725E+00
   23.0000   2.5969320E+04   7.2274980E+03   7.2274980E+03  -8.7837715E+00  -9.0975790E+00
   23.1000   2.9025500E+04   8.1262642E+03   8.1262642E+03  -8.8552313E+00  -8.9657364E+00
   23.2000   3.1856367E+04   8.9874971E+03   8.9874971E+03  -8.9266281E+00  -8.8300543E+00
   23.3000   3.4407770E+04   9.7601426E+03   9.7601426E+03  -8.9980040E+00  -8.6920452E+00
   23.4000   3.6604426E+04   1.0386618E+04   1.0386618E+04  -9.0694046E+00  -8.5531969E+00
   23.5000   3.8383090E+04   1.0828002E+04   1.0828002E+04  -9.1408787E+00  -8.4149551E+00
   23.6000   3.9671574E+04   1.1068660E+04   1.1068660E+04  -9.2124739E+00  -8.2787008E+00
   23.7000   4.0440785E+04   1.1111129E+04   1.1111129E+04  -9.2842340E+00  -8.1457405E+00
   23.8000   4.0691340E+04   1.0960159E+04   1.0960159E+04  -9.3562021E+00  -8.0173044E+00
   23.9000   4.0456668E+04   1.0609751E+04   1.0609751E+04  -9.4284105E+00  -7.8945441E+00
   24.0000   3.9780637E+04   1.0069346E+04   1.0069346E+04  -9.5008888E+00  -7.7785325E+00
   24.1000   3.8702465E+04   9.3671914E+03   9.3671914E+03  -9.5736570E+00  -7.6702728E+00
   24.2000   3.7253555E+04   8.5171221E+03   8.5171221E+03  -9.6467257E+00  -7.5706997E+00
   24.3000   3.5464859E+04   7.5295913E+03   7.5295913E+03  -9.7200937E+00  -7.4806819E+00
   24.4000   3.3370957E+04   6.4368022E+03   6.4368022E+03  -9.7937527E+00  -7.4010196E+00
   24.5000   3.1009801E+04   5.2876245E+03   5.2876245E+03  -9.8676815E+00  -7.3324347E+00
   24.6000   2.8423799E+04   4.1343184E+03   4.1343184E+03  -9.9418507E+00  -7.2755613E+00
   24.7000   2.5661551E+04   3.0293965E+03   3.0293965E+03  -1.0016222E+01  -7.2309318E+00
   24.8000   2.2778768E+04   2.0270541E+03   2.0270541E+03  -1.0090752E+01  -7.1989627E+00
   24.9000   1.9836529E+04   1.1823314E+03   1.1823314E+03  -1.0165393E+01  -7.1799455E+00
   25.0000   1.6899432E+04   5.4736792E+02   5.4736792E+02  -1.0240094E+01  -7.1740384E+00
   25.1000   1.4036674E+04   1.5025519E+02   1.5025519E+02  -1.0314806E+01  -7.1812644E+00
   25.2000   1.1324966E+04   4.4383591E+01   4.4383591E+01  -1.0389480E+01  -7.2015042E+00
   25.3000   8.8512109E+03   6.3126961E+01   6.3126961E+01  -1.0464069E+01  -7.2344856E+00
   25.4000   6.7163179E+03   1.2124927E+02   1.2124927E+02  -1.0538536E+01  -7.2797837E+00
   25.5000   5.0284243E+03   2.3340305E+02   2.3340305E+02  -1.0612846E+01  -7.3368311E+00
   25.6000   3.8218452E+03   3.7734299E+02   3.7734299E+02  -1.0686975E+01  -7.4049363E+00
   25.7000   2.9738779E+03   5.3220563E+02   5.3220563E+02  -1.0760902E+01  -7.4833007E+00
   25.8000   2.2062349E+03   6.8345465E+02   6.8345465E+02  -1.0834621E+01  -7.5710330E+00
   25.9000   1.3222092E+03   8.2019135E+02   8.2019135E+02  -1.0908133E+01  -7.6671643E+00
   26.0000   4.6020859E+02   9.3385095E+02   9.3385095E+02  -1.0981443E+01  -7.7706580E+00
   26.1000   3.2171805E+02   1.0177365E+03   1.0177365E+03  -1.1054571E+01  -7.8804193E+00
   26.2000   4.2464548E+02   1.0658962E+03   1.0658962E+03  -1.1127541E+01  -7.9953036E+00
   26.3000   4.6316434E+02   1.0767782E+03   1.0767782E+03  -1.1200383E+01  -8.1141253E+00
   26.4000   4.6610995E+02   1.0483940E+03   1.0483940E+03  -1.1273139E+01  -8.2356644E+00
   26.5000   4.4419272E+02   9.8144379E+02   9.8144379E+02  -1.1345847E+01  -8.3586683E+00
   26.6000   4.0379352E+02   8.8020770E+02   8.8020770E+02  -1.1418552E+01  -8.4818707E+00
   26.7000   3.5067673E+02   7.5262500E+02   7.5262500E+02  -1.1491295E+01  -8.6039972E+00
   26.8000   2.9609497E+02   6.0979742E+02   6.0979742E+02  -1.1564113E+01  -8.7237883E+00
   26.9000   2.4966377E+02   4.6475562E+02   4.6475562E+02  -1.1637039E+01  -8.8400106E+00
   27.0000   2.2357161E+02   3.3155945E+02   3.3155945E+02  -1.1710107E+01  -8.9514771E+00
   27.1000   2.3666988E+02   2.2619661E+02   2.2619661E+02  -1.1783338E+01  -9.0570679E+00
   27.2000   2.7345602E+02   1.6816725E+02   1.6816725E+02  -1.1856751E+01  -9.1557388E+00
   27.3000   3.2237827E+02   1.6433751E+02   1.6433751E+02  -1.1930359E+01  -9.2465420E+00
   27.4000   4.5924994E+02   1.8747383E+02   1.8747383E+02  -1.2004165E+01  -9.3286343E+00
   27.5000   5.5069086E+02   2.1407823E+02   2.1407823E+02  -1.2078161E+01  -9.4012794E+00
   27.6000   1.8686136E+03   2.5051646E+02   2.5051646E+02  -1.2152333E+01  -9.4638577E+00
   27.7000   2.3416460E+03   2.9343823E+02   2.9343823E+02  -1.2226658E+01  -9.5158606E+00
   27.8000   2.7501375E+03   3.4908597E+02   3.4908597E+02  -1.2301105E+01  -9.5568848E+00
   27.9000   3.1769741E+03   4.2162439E+02   4.2162439E+02  -1.2375636E+01  -9.5866289E+00
   28.0000   3.6821394E+03   5.1245178E+02   5.1245178E+02  -1.2450208E+01  -9.6048851E+00
   28.1000   4.3805513E+03   6.3795410E+02   6.3795410E+02  -1.2524776E+01  -9.6115360E+00
   28.2000   5.3026177E+03   7.7891016E+02   7.7891016E+02  -1.2599292E+01  -9.6065598E+00
   28.3000   6.4406958E+03   9.3742535E+02   9.3742535E+02  -1.2673707E+01  -9.5900393E+00
   28.4000   7.7941357E+03   1.1170592E+03   1.1170592E+03  -1.2747974E+01  -9.5621758E+00
   28.5000   9.3528154E+03   1.3552229E+03   1.3552229E+03  -1.2822049E+01  -9.5232840E+00
   28.6000   1.1091365E+04   1.5780336E+03   1.5780336E+03  -1.2895890E+01  -9.4737930E+00
   28.7000   1.2972361E+04   1.8901522E+03   1.8901522E+03  -1.2969461E+01  -9.4142437E+00
   28.8000   1.4955682E+04   2.2066997E+03   2.2066997E+03  -1.3042730E+01  -9.3452845E+00
   28.9000   1.7003883E+04   5.8420796E+03   5.8420796E+03  -1.3115674E+01  -9.2676716E+00
   29.0000   1.9083199E+04   6.2339888E+03   6.2339888E+03  -1.3188274E+01  -9.1822720E+00
   29.1000   2.1157211E+04   6.6458677E+03   6.6458677E+03  -1.3260522E+01  -9.0900230E+00
   29.2000   2.3175219E+04   7.2951455E+03   7.2951455E+03  -1.3332412E+01  -8.9919367E+00
   29.3000   2.5075926E+04   8.2680723E+03   8.2680723E+03  -1.3403949E+01  -8.8890944E+00
   29.4000   2.6797531E+04   9.2689746E+03   9.2689746E+03  -1.3475142E+01  -8.7826300E+00
   29.5000   2.8273879E+04   1.0045404E+04   1.0045404E+04  -1.3546009E+01  -8.6737118E+00
   29.6000   2.9467246E+04   1.0567422E+04   1.0567422E+04  -1.3616573E+01  -8.5635242E+00
   29.7000   3.0379930E+04   1.0879753E+04   1.0879753E+04  -1.3686866E+01  -8.4532413E+00
   29.8000   3.1017793E+04   1.1011474E+04   1.1011474E+04  -1.3756921E+01  -8.3440161E+00
   29.9000   3.1386627E+04   1.0960950E+04   1.0960950E+04  -1.3826777E+01  -8.2369585E+00
   30.0000   3.1489916E+04   1.0723708E+04   1.0723708E+04  -1.3896476E+01  -8.1331215E+00
   30.1000   3.1331758E+04   1.0312419E+04   1.0312419E+04  -1.3966052E+01  -8.0334959E+00
   30.2000   3.0918436E+04   9.7338584E+03   9.7338584E+03  -1.4035542E+01  -7.9389997E+00
   30.3000   3.0260844E+04   8.9831924E+03   8.9831924E+03  -1.4104978E+01  -7.8504782E+00
   30.4000   2.9374043E+04   8.0891245E+03   8.0891245E+03  -1.4174386E+01  -7.7687020E+00
   30.5000   2.8276328E+04   7.1134004E+03   7.1134004E+03  -1.4243791E+01  -7.6943698E+00
   30.6000   2.6988703E+04   6.0977153E+03   6.0977153E+03  -1.4313205E+01  -7.6281099E+00
   30.7000   2.5534547E+04   5.0544468E+03   5.0544468E+03  -1.4382638E+01  -7.5704837E+00
   30.8000   2.3939115E+04   4.0044805E+03   4.0044805E+03  -1.4452087E+01  -7.5219865E+00
   30.9000   2.2229074E+04   2.9917666E+03   2.9917666E+03  -1.4521544E+01  -7.4830422E+00
   31.0000   2.0433430E+04   2.0679402E+03   2.0679402E+03  -1.4590991E+01  -7.4540024E+00
   31.1000   1.8584590E+04   1.2786263E+03   1.2786263E+03  -1.4660402E+01  -7.4351358E+00
   31.2000   1.6718020E+04   6.6175500E+02   6.6175500E+02  -1.4729748E+01  -7.4266233E+00
   31.3000   1.4871125E+04   2.4935855E+02   2.4935855E+02  -1.4798989E+01  -7.4285479E+00
   31.4000   1.3084155E+04   4.1146229E+01   4.1146229E+01  -1.4868090E+01  -7.4408865E+00
   31.5000   1.1402380E+04   3.3931274E+01   3.3931274E+01  -1.4937006E+01  -7.4635010E+00
   31.6000   9.8773662E+03   4.0132545E+01   4.0132545E+01  -1.5005697E+01  -7.4961276E+00
   31.7000   8.5689863E+03   1.1270745E+02   1.1270745E+02  -1.5074123E+01  -7.5383797E+00
   31.8000   7.5435469E+03   2.2702637E+02   2.2702637E+02  -1.5142248E+01  -7.5897532E+00
   31.9000   6.8245283E+03   3.5779007E+02   3.5779007E+02  -1.5210038E+01  -7.6496387E+00
   32.0000   6.3166206E+03   4.9155096E+02   4.9155096E+02  -1.5277467E+01  -7.7173367E+00
   32.1000   5.8305381E+03   6.1873773E+02   6.1873773E+02  -1.5344512E+01  -7.7920713E+00
   32.2000   5.2401030E+03   7.3220087E+02   7.3220087E+02  -1.5411160E+01  -7.8730059E+00
   32.3000   4.6090459E+03   8.2639380E+02   8.2639380E+02  -1.5477403E+01  -7.9592528E+00
   32.4000   4.0049558E+03   8.9711725E+02   8.9711725E+02  -1.5543240E+01  -8.0498896E+00
   32.5000   3.4530566E+03   9.4138269E+02   9.4138269E+02  -1.5608679E+01  -8.1439667E+00
   32.6000   2.9646248E+03   9.5730304E+02   9.5730304E+02  -1.5673733E+01  -8.2405157E+00
   32.7000   2.5515911E+03   9.4403912E+02   9.4403912E+02  -1.5738419E+01  -8.3385572E+00
   32.8000   2.2252544E+03   9.0193140E+02   9.0193140E+02  -1.5802756E+01  -8.4371052E+00
   32.9000   1.9930255E+03   8.3260162E+02   8.3260162E+02  -1.5866771E+01  -8.5351734E+00
   33.0000   1.8576035E+03   7.3910645E+02   7.3910645E+02  -1.5930490E+01  -8.6317778E+00
   33.1000   1.8174351E+03   6.2493201E+02   6.2493201E+02  -1.5993943E+01  -8.7259502E+00
   33.2000   1.8672499E+03   5.0384479E+02   5.0384479E+02  -1.6057161E+01  -8.8167410E+00
   33.3000   1.9977343E+03   3.7215631E+02   3.7215631E+02  -1.6120171E+01  -8.9032316E+00
   33.4000   2.1980188E+03   2.3961641E+02   2.3961641E+02  -1.6183001E+01  -8.9845476E+00
   33.5000   2.4531426E+03   1.2459473E+02   1.2459473E+02  -1.6245670E+01  -9.0598669E+00
   33.6000   2.7442573E+03   7.6153534E+01   7.6153534E+01  -1.6308199E+01  -9.1284323E+00
   33.7000   3.0567302E+03   1.4009724E+02   1.4009724E+02  -1.6370598E+01  -9.1895628E+00
   33.8000   3.3834678E+03   2.1170399E+02   2.1170399E+02  -1.6432871E+01  -9.2426634E+00
   33.9000   3.7390762E+03   2.7323102E+02   2.7323102E+02  -1.6495020E+01  -9.2872314E+00
   34.0000   4.1583198E+03   3.3483466E+02   3.3483466E+02  -1.6557034E+01  -9.3228607E+00
   34.1000   4.6657109E+03   4.0357718E+02   4.0357718E+02  -1.6618900E+01  -9.3492422E+00
   34.2000   5.2647065E+03   4.8498312E+02   4.8498312E+02  -1.6680593E+01  -9.3661642E+00
   34.3000   5.9650737E+03   5.8485394E+02   5.8485394E+02  -1.6742088E+01  -9.3735056E+00
   34.4000   6.7887964E+03   7.0334418E+02   7.0334418E+02  -1.6803352E+01  -9.3712435E+00
   34.5000   7.7501641E+03   8.5382526E+02   8.5382526E+02  -1.6864351E+01  -9.3594456E+00
   34.6000   8.8452852E+03   1.0193315E+03   1.0193315E+03  -1.6925047E+01  -9.3382797E+00
   34.7000   1.0059681E+04   1.1908385E+03   1.1908385E+03  -1.6985399E+01  -9.3080072E+00
   34.8000   1.1379172E+04   1.4021771E+03   1.4021771E+03  -1.7045372E+01  -9.2689791E+00
   34.9000   1.2786460E+04   1.6995001E+03   1.6995001E+03  -1.7104931E+01  -9.2216311E+00
   35.0000   1.4258517E+04   2.3850769E+03   2.3850769E+03  -1.7164040E+01  -9.1664810E+00
   35.1000   1.5766529E+04   6.0131196E+03   6.0131196E+03  -1.7222670E+01  -9.1041279E+00
   35.2000   1.7276508E+04   6.9425908E+03   6.9425908E+03  -1.7280802E+01  -9.0352640E+00
   35.3000   1.8751941E+04   7.3163730E+03   7.3163730E+03  -1.7338411E+01  -8.9606295E+00
   35.4000   2.0154312E+04   7.6429829E+03   7.6429829E+03  -1.7395491E+01  -8.8810139E+00
   35.5000   2.1446268E+04   8.2683809E+03   8.2683809E+03  -1.7452026E+01  -8.7972631E+00
   35.6000   2.2610242E+04   9.0375264E+03   9.0375264E+03  -1.7508022E+01  -8.7102690E+00
   35.7000   2.3641820E+04   9.6859248E+03   9.6859248E+03  -1.7563482E+01  -8.6209574E+00
   35.8000   2.4533096E+04   1.0113902E+04   1.0113902E+04  -1.7618418E+01  -8.5302763E+00
   35.9000   2.5273535E+04   1.0336726E+04   1.0336726E+04  -1.7672850E+01  -8.4391823E+00
   36.0000   2.5853312E+04   1.0390513E+04   1.0390513E+04  -1.7726799E+01  -8.3486242E+00
   36.1000   2.6263990E+04   1.0291593E+04   1.0291593E+04  -1.7780293E+01  -8.2595329E+00
   36.2000   2.6499400E+04   1.0041059E+04   1.0041059E+04  -1.7833366E+01  -8.1728058E+00
   36.3000   2.6556832E+04   9.6400430E+03   9.6400430E+03  -1.7886055E+01  -8.0892992E+00
   36.4000   2.6437684E+04   9.0848438E+03   9.0848438E+03  -1.7938389E+01  -8.0098124E+00
   36.5000   2.6147195E+04   8.3738535E+03   8.3738535E+03  -1.7990406E+01  -7.9350882E+00
   36.6000   2.5693754E+04   7.5368960E+03   7.5368960E+03  -1.8042130E+01  -7.8658037E+00
   36.7000   2.5088557E+04   6.6304868E+03   6.6304868E+03  -1.8093592E+01  -7.8025708E+00
   36.8000   2.4345324E+04   5.6976162E+03   5.6976162E+03  -1.8144810E+01  -7.7459354E+00
   36.9000   2.3479637E+04   4.7525635E+03   4.7525635E+03  -1.8195803E+01  -7.6963787E+00
   37.0000   2.2507992E+04   3.8095105E+03   3.8095105E+03  -1.8246584E+01  -7.6543188E+00
   37.1000   2.1447520E+04   2.9008384E+03   2.9008384E+03  -1.8297155E+01  -7.6201105E+00
   37.2000   2.0316396E+04   2.0677329E+03   2.0677329E+03  -1.8347515E+01  -7.5940456E+00
   37.3000   1.9134072E+04   1.3476606E+03   1.3476606E+03  -1.8397654E+01  -7.5763516E+00
   37.4000   1.7921045E+04   7.7160181E+02   7.7160181E+02  -1.8447554E+01  -7.5671864E+00
   37.5000   1.6698512E+04   3.6708740E+02   3.6708740E+02  -1.8497196E+01  -7.5666351E+00
   37.6000   1.5488955E+04   1.5005336E+02   1.5005336E+02  -1.8546551E+01  -7.5747032E+00
   37.7000   1.4316591E+04   8.0611465E+01   8.0611465E+01  -1.8595591E+01  -7.5913053E+00
   37.8000   1.3206999E+04   3.5741966E+01   3.5741966E+01  -1.8644278E+01  -7.6162639E+00
   37.9000   1.2186794E+04   3.5068947E+01   3.5068947E+01  -1.8692581E+01  -7.6493001E+00
   38.0000   1.1284139E+04   1.1064972E+02   1.1064972E+02  -1.8740465E+01  -7.6900382E+00
   38.1000   1.0531534E+04   2.1302623E+02   2.1302623E+02  -1.8787899E+01  -7.7380095E+00
   38.2000   9.9668438E+03   3.2228174E+02   3.2228174E+02  -1.8834850E+01  -7.7926621E+00
   38.3000   9.6024307E+03   4.2940109E+02   4.2940109E+02  -1.8881294E+01  -7.8533716E+00
   38.4000   9.3630000E+03   5.2802759E+02   5.2802759E+02  -1.8927210E+01  -7.9194531E+00
   38.5000   9.1129316E+03   6.1329590E+02   6.1329590E+02  -1.8972580E+01  -7.9901743E+00
   38.6000   8.7881982E+03   6.8151074E+02   6.8151074E+02  -1.9017397E+01  -8.0647650E+00
   38.7000   8.4341650E+03   7.3000970E+02   7.3000970E+02  -1.9061649E+01  -8.1424294E+00
   38.8000   8.0951763E+03   7.6061377E+02   7.6061377E+02  -1.9105339E+01  -8.2223539E+00
   38.9000   7.7901440E+03   7.6623431E+02   7.6623431E+02  -1.9148466E+01  -8.3037167E+00
   39.0000   7.5243828E+03   7.4745264E+02   7.4745264E+02  -1.9191040E+01  -8.3856945E+00
   39.1000   7.2988848E+03   7.0677484E+02   7.0677484E+02  -1.9233072E+01  -8.4674654E+00
   39.2000   7.1138911E+03   6.4655408E+02   6.4655408E+02  -1.9274580E+01  -8.5482149E+00
   39.3000   6.9690239E+03   5.6876459E+02   5.6876459E+02  -1.9315584E+01  -8.6271400E+00
   39.4000   6.8625044E+03   4.7633032E+02   4.7633032E+02  -1.9356110E+01  -8.7034521E+00
   39.5000   6.7907520E+03   3.7285471E+02   3.7285471E+02  -1.9396175E+01  -8.7763863E+00
   39.6000   6.7490962E+03   2.6362155E+02   2.6362155E+02  -1.9435808E+01  -8.8452082E+00
   39.7000   6.7467661E+03   1.5318098E+02   1.5318098E+02  -1.9475029E+01  -8.9092188E+00
   39.8000   6.8023301E+03   5.9701168E+01   5.9701168E+01  -1.9513857E+01  -8.9677696E+00
   39.9000   6.9224297E+03   8.3170914E+01   8.3170914E+01  -1.9552309E+01  -9.0202637E+00
   40.0000   7.1113594E+03   1.6841585E+02   1.6841585E+02  -1.9590397E+01  -9.0661697E+00
   40.1000   7.3733672E+03   2.5238831E+02   2.5238831E+02  -1.9628128E+01  -9.1050282E+00
   40.2000   7.7126953E+03   3.2498428E+02   3.2498428E+02  -1.9665504E+01  -9.1364555E+00
   40.3000   8.1329629E+03   3.9659268E+02   3.9659268E+02  -1.9702522E+01  -9.1601515E+00
   40.4000   8.6366211E+03   4.7236841E+02   4.7236841E+02  -1.9739170E+01  -9.1759014E+00
   40.5000   9.2246816E+03   5.6022144E+02   5.6022144E+02  -1.9775434E+01  -9.1835737E+00
   40.6000   9.8971289E+03   6.6258752E+02   6.6258752E+02  -1.9811295E+01  -9.1831245E+00
   40.7000   1.0654151E+04   7.7873309E+02   7.7873309E+02  -1.9846727E+01  -9.1745958E+00
   40.8000   1.1495259E+04   9.3288239E+02   9.3288239E+02  -1.9881702E+01  -9.1581135E+00
   40.9000   1.2415717E+04   1.0781332E+03   1.0781332E+03  -1.9916191E+01  -9.1338863E+00
   41.0000   1.3405527E+04   1.3617097E+03   1.3617097E+03  -1.9950165E+01  -9.1022024E+00
   41.1000   1.4450485E+04   2.1201526E+03   2.1201526E+03  -1.9983593E+01  -9.0634212E+00
   41.2000   1.5532137E+04   5.2842173E+03   5.2842173E+03  -2.0016443E+01  -9.0179806E+00
   41.3000   1.6630611E+04   6.0735298E+03   6.0735298E+03  -2.0048693E+01  -8.9663925E+00
   41.4000   1.7726408E+04   6.3105562E+03   6.3105562E+03  -2.0080315E+01  -8.9092140E+00
   41.5000   1.8801289E+04   6.4796255E+03   6.4796255E+03  -2.0111294E+01  -8.8470449E+00
   41.6000   1.9840725E+04   6.9744619E+03   6.9744619E+03  -2.0141615E+01  -8.7805376E+00
   41.7000   2.0832250E+04   7.6484932E+03   7.6484932E+03  -2.0171267E+01  -8.7103891E+00
   41.8000   2.1763268E+04   8.2681465E+03   8.2681465E+03  -2.0200247E+01  -8.6373396E+00
   41.9000   2.2620715E+04   8.7341738E+03   8.7341738E+03  -2.0228559E+01  -8.5621576E+00
   42.0000   2.3391670E+04   9.0421074E+03   9.0421074E+03  -2.0256210E+01  -8.4856367E+00
   42.1000   2.4063986E+04   9.2096758E+03   9.2096758E+03  -2.0283216E+01  -8.4085798E+00
   42.2000   2.4627041E+04   9.2458672E+03   9.2458672E+03  -2.0309595E+01  -8.3317919E+00
   42.3000   2.5072512E+04   9.1516455E+03   9.1516455E+03  -2.0335371E+01  -8.2560673E+00
   42.4000   2.5394602E+04   8.9253086E+03   8.9253086E+03  -2.0360575E+01  -8.1821785E+00
   42.5000   2.5590381E+04   8.5566270E+03   8.5566270E+03  -2.0385233E+01  -8.1108675E+00
   42.6000   2.5659785E+04   8.0382583E+03   8.0382583E+03  -2.0409382E+01  -8.0428333E+00
   42.7000   2.5605322E+04   7.3958955E+03   7.3958955E+03  -2.0433054E+01  -7.9787288E+00
   42.8000   2.5431717E+04   6.6771777E+03   6.6771777E+03  -2.0456282E+01  -7.9191518E+00
   42.9000   2.5145691E+04   5.9126050E+03   5.9126050E+03  -2.0479092E+01  -7.8646455E+00
   43.0000   2.4755732E+04   5.1101875E+03   5.1101875E+03  -2.0501513E+01  -7.8156943E+00
   43.1000   2.4271822E+04   4.2822471E+03   4.2822471E+03  -2.0523561E+01  -7.7727251E+00
   43.2000   2.3704916E+04   3.4560269E+03   3.4560269E+03  -2.0545256E+01  -7.7361078E+00
   43.3000   2.3066365E+04   2.6652913E+03   2.6652913E+03  -2.0566607E+01  -7.7061534E+00
   43.4000   2.2367842E+04   1.9416707E+03   1.9416707E+03  -2.0587616E+01  -7.6831193E+00
   43.5000   2.1621508E+04   1.3131819E+03   1.3131819E+03  -2.0608284E+01  -7.6672049E+00
   43.6000   2.0840047E+04   8.0707086E+02   8.0707086E+02  -2.0628601E+01  -7.6585517E+00
   43.7000   2.0036596E+04   4.5010651E+02   4.5010651E+02  -2.0648554E+01  -7.6572409E+00
   43.8000   1.9224703E+04   2.5679791E+02   2.5679791E+02  -2.0668125E+01  -7.6632862E+00
   43.9000   1.8418311E+04   1.9696907E+02   1.9696907E+02  -2.0687288E+01  -7.6766300E+00
   44.0000   1.7631859E+04   1.6479634E+02   1.6479634E+02  -2.0706018E+01  -7.6971364E+00
   44.1000   1.6880277E+04   3.6055485E+01   3.6055485E+01  -2.0724285E+01  -7.7245889E+00
   44.2000   1.6178139E+04   4.7733772E+01   4.7733772E+01  -2.0742062E+01  -7.7586861E+00
   44.3000   1.5539004E+04   1.2129232E+02   1.2129232E+02  -2.0759317E+01  -7.7990489E+00
   44.4000   1.4975661E+04   2.1014342E+02   2.1014342E+02  -2.0776022E+01  -7.8452244E+00
   44.5000   1.4500430E+04   2.9776593E+02   2.9776593E+02  -2.0792154E+01  -7.8966942E+00
   44.6000   1.4125182E+04   3.7892059E+02   3.7892059E+02  -2.0807688E+01  -7.9528837E+00
   44.7000   1.3860480E+04   4.4973981E+02   4.4973981E+02  -2.0822607E+01  -8.0131731E+00
   44.8000   1.3700056E+04   5.0846869E+02   5.0846869E+02  -2.0836895E+01  -8.0769062E+00
   44.9000   1.3597634E+04   5.5199359E+02   5.5199359E+02  -2.0850540E+01  -8.1434040E+00
   45.0000   1.3496196E+04   5.7864178E+02   5.7864178E+02  -2.0863535E+01  -8.2119684E+00
   45.1000   1.3370659E+04   5.8752728E+02   5.8752728E+02  -2.0875879E+01  -8.2818928E+00
   45.2000   1.3228724E+04   5.7749792E+02   5.7749792E+02  -2.0887577E+01  -8.3524666E+00
   45.3000   1.3088024E+04   5.5056274E+02   5.5056274E+02  -2.0898636E+01  -8.4229813E+00
   45.4000   1.2962304E+04   5.0742981E+02   5.0742981E+02  -2.0909069E+01  -8.4927349E+00
   45.5000   1.2859430E+04   4.4939224E+02   4.4939224E+02  -2.0918892E+01  -8.5610352E+00
   45.6000   1.2783551E+04   3.7862274E+02   3.7862274E+02  -2.0928123E+01  -8.6272068E+00
   45.7000   1.2737803E+04   2.9785522E+02   2.9785522E+02  -2.0936789E+01  -8.6905918E+00
   45.8000   1.2725912E+04   2.1044450E+02   2.1044450E+02  -2.0944906E+01  -8.7505560E+00
   45.9000   1.2753040E+04   1.2109427E+02   1.2109427E+02  -2.0952497E+01  -8.8064985E+00
   46.0000   1.2825857E+04   4.7241730E+01   4.7241730E+01  -2.0959587E+01  -8.8578529E+00
   46.1000   1.2951803E+04   8.3592735E+01   8.3592735E+01  -2.0966192E+01  -8.9041004E+00
   46.2000   1.3137455E+04   1.6368686E+02   1.6368686E+02  -2.0972326E+01  -8.9447699E+00
   46.3000   1.3386951E+04   2.4062167E+02   2.4062167E+02  -2.0978004E+01  -8.9794512E+00
   46.4000   1.3701633E+04   3.1015518E+02   3.1015518E+02  -2.0983231E+01  -9.0077963E+00
   46.5000   1.4081428E+04   3.8229370E+02   3.8229370E+02  -2.0988010E+01  -9.0295286E+00
   46.6000   1.4526145E+04   4.5136749E+02   4.5136749E+02  -2.0992338E+01  -9.0444441E+00
   46.7000   1.5035454E+04   5.2611444E+02   5.2611444E+02  -2.0996208E+01  -9.0524111E+00
   46.8000   1.5608194E+04   6.1151471E+02   6.1151471E+02  -2.0999609E+01  -9.0533781E+00
   46.9000   1.6241779E+04   7.1558655E+02   7.1558655E+02  -2.1002522E+01  -9.0473671E+00
   47.0000   1.6931713E+04   8.4230994E+02   8.4230994E+02  -2.1004927E+01  -9.0344744E+00
   47.1000   1.7671520E+04   1.1285559E+03   1.1285559E+03  -2.1006802E+01  -9.0148726E+00
   47.2000   1.8452607E+04   2.9676912E+03   2.9676912E+03  -2.1008123E+01  -8.9888000E+00
   47.3000   1.9263363E+04   4.4951406E+03   4.4951406E+03  -2.1008863E+01  -8.9565783E+00
   47.4000   2.0093949E+04   4.8467964E+03   4.8467964E+03  -2.1009001E+01  -8.9185810E+00
   47.5000   2.0934770E+04   4.7714810E+03   4.7714810E+03  -2.1008511E+01  -8.8752270E+00
   47.6000   2.1777004E+04   4.8814116E+03   4.8814116E+03  -2.1007372E+01  -8.8269768E+00
   47.7000   2.2611773E+04   5.3827402E+03   5.3827402E+03  -2.1005566E+01  -8.7743397E+00
   47.8000   2.3429689E+04   6.0272891E+03   6.0272891E+03  -2.1003078E+01  -8.7178707E+00
   47.9000   2.4220816E+04   6.6142759E+03   6.6142759E+03  -2.0999901E+01  -8.6581650E+00
   48.0000   2.4974865E+04   7.0748643E+03   7.0748643E+03  -2.0996029E+01  -8.5958509E+00
   48.1000   2.5681480E+04   7.4127949E+03   7.4127949E+03  -2.0991465E+01  -8.5315838E+00
   48.2000   2.6330600E+04   7.6437329E+03   7.6437329E+03  -2.0986210E+01  -8.4660387E+00
   48.3000   2.6912898E+04   7.7748760E+03   7.7748760E+03  -2.0980282E+01  -8.3999043E+00
   48.4000   2.7420230E+04   7.8082251E+03   7.8082251E+03  -2.0973692E+01  -8.3338757E+00
   48.5000   2.7846127E+04   7.7378447E+03   7.7378447E+03  -2.0966463E+01  -8.2686415E+00
   48.6000   2.8186020E+04   7.5408672E+03   7.5408672E+03  -2.0958622E+01  -8.2048769E+00
   48.7000   2.8437172E+04   7.2054854E+03   7.2054854E+03  -2.0950193E+01  -8.1432343E+00
   48.8000   2.8598602E+04   6.7599658E+03   6.7599658E+03  -2.0941212E+01  -8.0843325E+00
   48.9000   2.8671174E+04   6.2382554E+03   6.2382554E+03  -2.0931707E+01  -8.0287485E+00
   49.0000   2.8657402E+04   5.6604038E+03   5.6604038E+03  -2.0921709E+01  -7.9770198E+00
   49.1000   2.8561264E+04   5.0301777E+03   5.0301777E+03  -2.0911253E+01  -7.9296312E+00
   49.2000   2.8388033E+04   4.3550776E+03   4.3550776E+03  -2.0900362E+01  -7.8870187E+00
   49.3000   2.8144031E+04   3.6575566E+03   3.6575566E+03  -2.0889063E+01  -7.8495660E+00
   49.4000   2.7836418E+04   2.9657664E+03   2.9657664E+03  -2.0877373E+01  -7.8176050E+00
   49.5000   2.7472803E+04   2.3056418E+03   2.3056418E+03  -2.0865305E+01  -7.7914157E+00
   49.6000   2.7060955E+04   1.6999412E+03   1.6999412E+03  -2.0852869E+01  -7.7712278E+00
   49.7000   2.6608791E+04   1.1729269E+03   1.1729269E+03  -2.0840071E+01  -7.7572198E+00
   49.8000   2.6124359E+04   7.5231464E+02   7.5231464E+02  -2.0826908E+01  -7.7495203E+00
   49.9000   2.5615895E+04   4.5950494E+02   4.5950494E+02  -2.0813370E+01  -7.7482047E+00
   50.0000   2.5091936E+04   2.9660974E+02   2.9660974E+02  -2.0799446E+01  -7.7532926E+00
   50.1000   2.4561297E+04   2.3993272E+02   2.3993272E+02  -2.0785120E+01  -7.7647414E+00
   50.2000   2.4033006E+04   2.2456090E+02   2.2456090E+02  -2.0770369E+01  -7.7824435E+00
   50.3000   2.3516229E+04   1.3758069E+02   1.3758069E+02  -2.0755171E+01  -7.8062234E+00
   50.4000   2.3019977E+04   2.9863586E+01   2.9863586E+01  -2.0739498E+01  -7.8358331E+00
   50.5000   2.2552736E+04   6.4134979E+01   6.4134979E+01  -2.0723330E+01  -7.8709555E+00
   50.6000   2.2122176E+04   1.2959360E+02   1.2959360E+02  -2.0706636E+01  -7.9112086E+00
   50.7000   2.1734887E+04   2.0044801E+02   2.0044801E+02  -2.0689398E+01  -7.9561520E+00
   50.8000   2.1396152E+04   2.6801511E+02   2.6801511E+02  -2.0671591E+01  -8.0052938E+00
   50.9000   2.1109779E+04   3.2863486E+02   3.2863486E+02  -2.0653194E+01  -8.0580997E+00
   51.0000   2.0878010E+04   3.7907150E+02   3.7907150E+02  -2.0634193E+01  -8.1139994E+00
   51.1000   2.0701334E+04   4.1714758E+02   4.1714758E+02  -2.0614574E+01  -8.1723995E+00
   51.2000   2.0578377E+04   4.4146982E+02   4.4146982E+02  -2.0594332E+01  -8.2326908E+00
   51.3000   2.0505332E+04   4.5127606E+02   4.5127606E+02  -2.0573460E+01  -8.2942524E+00
   51.4000   2.0474039E+04   4.4637762E+02   4.4637762E+02  -2.0551964E+01  -8.3564625E+00
   51.5000   2.0471107E+04   4.2707693E+02   4.2707693E+02  -2.0529848E+01  -8.4186993E+00
   51.6000   2.0484309E+04   3.9413367E+02   3.9413367E+02  -2.0507126E+01  -8.4803495E+00
   51.7000   2.0508566E+04   3.4876508E+02   3.4876508E+02  -2.0483810E+01  -8.5408077E+00
   51.8000   2.0545014E+04   2.9262790E+02   2.9262790E+02  -2.0459921E+01  -8.5994844E+00
   51.9000   2.0597875E+04   2.2783163E+02   2.2783163E+02  -2.0435480E+01  -8.6558046E+00
   52.0000   2.0672387E+04   1.5711830E+02   1.5711830E+02  -2.0410507E+01  -8.7092161E+00
   52.1000   2.0773980E+04   8.5336281E+01   8.5336281E+01  -2.0385027E+01  -8.7591925E+00
   52.2000   2.0907947E+04   4.1268200E+01   4.1268200E+01  -2.0359062E+01  -8.8052368E+00
   52.3000   2.1079332E+04   9.1967049E+01   9.1967049E+01  -2.0332634E+01  -8.8468895E+00
   52.4000   2.1292826E+04   1.6573244E+02   1.6573244E+02  -2.0305761E+01  -8.8837337E+00
   52.5000   2.1552596E+04   2.3602559E+02   2.3602559E+02  -2.0278460E+01  -8.9153996E+00
   52.6000   2.1861947E+04   2.9989999E+02   2.9989999E+02  -2.0250744E+01  -8.9415722E+00
   52.7000   2.2222654E+04   3.6077344E+02   3.6077344E+02  -2.0222618E+01  -8.9619951E+00
   52.8000   2.2634562E+04   4.2300995E+02   4.2300995E+02  -2.0194090E+01  -8.9764738E+00
   52.9000   2.3095465E+04   4.8725861E+02   4.8725861E+02  -2.0165155E+01  -8.9848795E+00
   53.0000   2.3601471E+04   5.7855103E+02   5.7855103E+02  -2.0135811E+01  -8.9871521E+00
   53.1000   2.4147818E+04   6.7115668E+02   6.7115668E+02  -2.0106045E+01  -8.9832973E+00
   53.2000   2.4729373E+04   9.3409222E+02   9.3409222E+02  -2.0075846E+01  -8.9733877E+00
   53.3000   2.5340211E+04   3.1714663E+03   3.1714663E+03  -2.0045195E+01  -8.9575663E+00
   53.4000   2.5973605E+04   3.6497083E+03   3.6497083E+03  -2.0014074E+01  -8.9360504E+00
   53.5000   2.6624410E+04   3.6713286E+03   3.6713286E+03  -1.9982462E+01  -8.9091034E+00
   53.6000   2.7287629E+04   3.3684363E+03   3.3684363E+03  -1.9950338E+01  -8.8770342E+00
   53.7000   2.7958324E+04   3.4816392E+03   3.4816392E+03  -1.9917681E+01  -8.8401947E+00
   53.8000   2.8630918E+04   3.9919924E+03   3.9919924E+03  -1.9884472E+01  -8.7989836E+00
   53.9000   2.9299281E+04   4.6005571E+03   4.6005571E+03  -1.9850693E+01  -8.7538452E+00
   54.0000   2.9956820E+04   5.1300137E+03   5.1300137E+03  -1.9816328E+01  -8.7052584E+00
   54.1000   3.0596582E+04   5.5446362E+03   5.5446362E+03  -1.9781372E+01  -8.6537361E+00
   54.2000   3.1211361E+04   5.8704399E+03   5.8704399E+03  -1.9745815E+01  -8.5998201E+00
   54.3000   3.1793867E+04   6.1280132E+03   6.1280132E+03  -1.9709656E+01  -8.5440750E+00
   54.4000   3.2336971E+04   6.3201797E+03   6.3201797E+03  -1.9672899E+01  -8.4870853E+00
   54.5000   3.2833996E+04   6.4404253E+03   6.4404253E+03  -1.9635551E+01  -8.4294491E+00
   54.6000   3.3278969E+04   6.4736191E+03   6.4736191E+03  -1.9597626E+01  -8.3717718E+00
   54.7000   3.3666879E+04   6.3986943E+03   6.3986943E+03  -1.9559139E+01  -8.3146572E+00
   54.8000   3.3994113E+04   6.2134590E+03   6.2134590E+03  -1.9520115E+01  -8.2587013E+00
   54.9000   3.4258426E+04   5.9423877E+03   5.9423877E+03  -1.9480574E+01  -8.2044821E+00
   55.0000   3.4458852E+04   5.6066118E+03   5.6066118E+03  -1.9440548E+01  -8.1525545E+00
   55.1000   3.4595633E+04   5.2060425E+03   5.2060425E+03  -1.9400063E+01  -8.1034403E+00
   55.2000   3.4670133E+04   4.7382695E+03   4.7382695E+03  -1.9359152E+01  -8.0576258E+00
   55.3000   3.4684758E+04   4.2140278E+03   4.2140278E+03  -1.9317842E+01  -8.0155554E+00
   55.4000   3.4642816E+04   3.6542405E+03   3.6542405E+03  -1.9276165E+01  -7.9776268E+00
   55.5000   3.4548391E+04   3.0818845E+03   3.0818845E+03  -1.9234144E+01  -7.9441934E+00
   55.6000   3.4406168E+04   2.5176965E+03   2.5176965E+03  -1.9191801E+01  -7.9155598E+00
   55.7000   3.4221336E+04   1.9817527E+03   1.9817527E+03  -1.9149153E+01  -7.8919835E+00
   55.8000   3.3999293E+04   1.4964448E+03   1.4964448E+03  -1.9106215E+01  -7.8736763E+00
   55.9000   3.3745402E+04   1.0837229E+03   1.0837229E+03  -1.9062994E+01  -7.8608031E+00
   56.0000   3.3464996E+04   7.5691541E+02   7.5691541E+02  -1.9019495E+01  -7.8534846E+00
   56.1000   3.3163445E+04   5.1771527E+02   5.1771527E+02  -1.8975716E+01  -7.8517942E+00
   56.2000   3.2846273E+04   3.6501605E+02   3.6501605E+02  -1.8931648E+01  -7.8557577E+00
   56.3000   3.2519176E+04   2.9855215E+02   2.9855215E+02  -1.8887285E+01  -7.8653469E+00
   56.4000   3.2188020E+04   2.8741678E+02   2.8741678E+02  -1.8842607E+01  -7.8804789E+00
   56.5000   3.1858857E+04   2.3195522E+02   2.3195522E+02  -1.8797600E+01  -7.9010119E+00
   56.6000   3.1537768E+04   1.0724900E+02   1.0724900E+02  -1.8752239E+01  -7.9267406E+00
   56.7000   3.1230629E+04   3.3692928E+01   3.3692928E+01  -1.8706507E+01  -7.9574003E+00
   56.8000   3.0942816E+04   7.5842377E+01   7.5842377E+01  -1.8660376E+01  -7.9926672E+00
   56.9000   3.0679141E+04   1.3291087E+02   1.3291087E+02  -1.8613829E+01  -8.0321636E+00
   57.0000   3.0443686E+04   1.9027715E+02   1.9027715E+02  -1.8566845E+01  -8.0754662E+00
   57.1000   3.0239703E+04   2.4302411E+02   2.4302411E+02  -1.8519405E+01  -8.1221094E+00
   57.2000   3.0069484E+04   2.8790778E+02   2.8790778E+02  -1.8471495E+01  -8.1715918E+00
   57.3000   2.9934354E+04   3.2285663E+02   3.2285663E+02  -1.8423100E+01  -8.2233915E+00
   57.4000   2.9834672E+04   3.4650955E+02   3.4650955E+02  -1.8374210E+01  -8.2769661E+00
   57.5000   2.9769896E+04   3.5810519E+02   3.5810519E+02  -1.8324823E+01  -8.3317642E+00
   57.6000   2.9738686E+04   3.5738647E+02   3.5738647E+02  -1.8274942E+01  -8.3872309E+00
   57.7000   2.9739086E+04   3.4452817E+02   3.4452817E+02  -1.8224569E+01  -8.4428148E+00
   57.8000   2.9768900E+04   3.2006625E+02   3.2006625E+02  -1.8173714E+01  -8.4979687E+00
   57.9000   2.9825891E+04   2.8488797E+02   2.8488797E+02  -1.8122393E+01  -8.5521584E+00
   58.0000   2.9908043E+04   2.4021843E+02   2.4021843E+02  -1.8070621E+01  -8.6048603E+00
   58.1000   3.0013830E+04   1.8763748E+02   1.8763748E+02  -1.8018423E+01  -8.6555691E+00
   58.2000   3.0142502E+04   1.2924831E+02   1.2924831E+02  -1.7965818E+01  -8.7037954E+00
   58.3000   3.0294250E+04   6.9078613E+01   6.9078613E+01  -1.7912834E+01  -8.7490740E+00
   58.4000   3.0470139E+04   3.5463894E+01   3.5463894E+01  -1.7859493E+01  -8.7909622E+00
   58.5000   3.0671807E+04   8.5475876E+01   8.5475876E+01  -1.7805819E+01  -8.8290510E+00
   58.6000   3.0901117E+04   1.5012520E+02   1.5012520E+02  -1.7751837E+01  -8.8629618E+00
   58.7000   3.1159816E+04   2.1444116E+02   2.1444116E+02  -1.7697565E+01  -8.8923597E+00
   58.8000   3.1449293E+04   2.7527542E+02   2.7527542E+02  -1.7643021E+01  -8.9169521E+00
   58.9000   3.1770375E+04   3.3172610E+02   3.3172610E+02  -1.7588221E+01  -8.9364967E+00
   59.0000   3.2123055E+04   3.8861102E+02   3.8861102E+02  -1.7533173E+01  -8.9508047E+00
   59.1000   3.2506426E+04   4.6198254E+02   4.6198254E+02  -1.7477884E+01  -8.9597435E+00
   59.2000   3.2918773E+04   5.2460071E+02   5.2460071E+02  -1.7422356E+01  -8.9632387E+00
   59.3000   3.3357637E+04   6.7464648E+02   6.7464648E+02  -1.7366583E+01  -8.9612761E+00
   59.4000   3.3819672E+04   2.4684988E+03   2.4684988E+03  -1.7310560E+01  -8.9539042E+00
   59.5000   3.4300266E+04   2.9976108E+03   2.9976108E+03  -1.7254274E+01  -8.9412451E+00
   59.6000   3.4796031E+04   3.0046157E+03   3.0046157E+03  -1.7197714E+01  -8.9234695E+00
   59.7000   3.5303391E+04   2.5382290E+03   2.5382290E+03  -1.7140862E+01  -8.9007931E+00
   59.8000   3.5818980E+04   2.4623188E+03   2.4623188E+03  -1.7083696E+01  -8.8734741E+00
   59.9000   3.6339098E+04   2.8649346E+03   2.8649346E+03  -1.7026203E+01  -8.8418188E+00
