
These predictions were generated by MoorDyn (v2.2.22024-01-16) on 25-Jun-2024 at 17:32:43.

 
 
 
      Time          ROD1PX          ROD1PY          ROD1PZ
       (s)             (m)             (m)             (m)
    0.1000  -2.1692235E-20  -2.8212745E-20  -5.0003980E+00
    0.2000   3.3886881E-20  -1.1070206E-20  -5.0015920E+00
    0.3000   2.7914008E-20   2.4099595E-20  -5.0035818E+00
    0.4000   2.7446503E-20   2.4683581E-20  -5.0063671E+00
    0.5000   2.7467077E-20   2.4704204E-20  -5.0099474E+00
    0.6000   2.7491615E-20   2.4726262E-20  -5.0143220E+00
    0.7000   2.7519644E-20   2.4751454E-20  -5.0194903E+00
    0.8000   2.7551803E-20   2.4780362E-20  -5.0254514E+00
    0.9000   2.7588830E-20   2.4813648E-20  -5.0322043E+00
    1.0000   2.7631585E-20   2.4852085E-20  -5.0397479E+00
    1.1000   2.7681099E-20   2.4896602E-20  -5.0480810E+00
    1.2000   2.7738618E-20   2.4948318E-20  -5.0572021E+00
    1.3000   2.7805663E-20   2.5008603E-20  -5.0671097E+00
    1.4000   2.7884104E-20   2.5079137E-20  -5.0778023E+00
    1.5000   2.7976250E-20   2.5161997E-20  -5.0892780E+00
    1.6000   2.8084956E-20   2.5259752E-20  -5.1015350E+00
    1.7000   2.8213763E-20   2.5375586E-20  -5.1145712E+00
    1.8000   2.8367068E-20   2.5513454E-20  -5.1283845E+00
    1.9000   2.8550333E-20   2.5678269E-20  -5.1429728E+00
    2.0000   2.8770355E-20   2.5876142E-20  -5.1583335E+00
    2.1000   2.6887060E-20   2.4182293E-20  -5.1744643E+00
    2.2000   2.7164422E-20   2.4372501E-20  -5.1913624E+00
    2.3000   2.7553420E-20   2.4750869E-20  -5.2090253E+00
    2.4000   2.7905276E-20   2.5100658E-20  -5.2274500E+00
    2.5000   2.8269018E-20   2.5427830E-20  -5.2466337E+00
    2.6000   2.8643034E-20   2.5764244E-20  -5.2665732E+00
    2.7000   2.9042575E-20   2.6123617E-20  -5.2872654E+00
    2.8000   2.7307550E-20   2.4562931E-20  -5.3087070E+00
    2.9000   2.7732175E-20   2.4944868E-20  -5.3308948E+00
    3.0000   2.8130290E-20   2.5302958E-20  -5.3538251E+00
    3.1000   2.8517958E-20   2.5651653E-20  -5.3774945E+00
    3.2000   2.8910718E-20   2.6004926E-20  -5.4018992E+00
    3.3000   2.9324326E-20   2.6376954E-20  -5.4270356E+00
    3.4000   2.9775532E-20   2.6782801E-20  -5.4528997E+00
    3.5000   2.8039164E-20   2.5220906E-20  -5.4794877E+00
    3.6000   2.8478285E-20   2.5615882E-20  -5.5067954E+00
    3.7000   2.8903292E-20   2.5998162E-20  -5.5348188E+00
    3.8000   2.9331189E-20   2.6383042E-20  -5.5635537E+00
    3.9000   2.9779118E-20   2.6785942E-20  -5.5929958E+00
    4.0000   2.8024430E-20   2.5207567E-20  -5.6231407E+00
    4.1000   2.8508897E-20   2.5643333E-20  -5.6539840E+00
    4.2000   2.8960556E-20   2.6049587E-20  -5.6855212E+00
    4.3000   2.9397440E-20   2.6442552E-20  -5.7177477E+00
    4.4000   2.9836864E-20   2.6837800E-20  -5.7506588E+00
    4.5000   3.0296279E-20   2.7251031E-20  -5.7842499E+00
    4.6000   3.0794158E-20   2.7698861E-20  -5.8185161E+00
    4.7000   2.9027084E-20   2.6109345E-20  -5.8534527E+00
    4.8000   2.9509887E-20   2.6543614E-20  -5.8890546E+00
    4.9000   2.9977153E-20   2.6963907E-20  -5.9253170E+00
    5.0000   3.0447508E-20   2.7386979E-20  -5.9622349E+00
    5.1000   3.0939772E-20   2.7829758E-20  -5.9998032E+00
    5.2000   2.9145699E-20   2.6215957E-20  -6.0380167E+00
    5.3000   2.9679302E-20   2.6695919E-20  -6.0768703E+00
    5.4000   3.0179264E-20   2.7145624E-20  -6.1163589E+00
    5.5000   3.0665709E-20   2.7583168E-20  -6.1564771E+00
    5.6000   3.1158111E-20   2.8026071E-20  -6.1972197E+00
    5.7000   3.1676311E-20   2.8492180E-20  -6.2385813E+00
    5.8000   2.9860507E-20   2.6858831E-20  -6.2805567E+00
    5.9000   3.0403981E-20   2.7347673E-20  -6.3231404E+00
    6.0000   3.0915624E-20   2.7807884E-20  -6.3663270E+00
    6.1000   3.1416097E-20   2.8258047E-20  -6.4101110E+00
    6.2000   3.1925541E-20   2.8716280E-20  -6.4544871E+00
    6.3000   3.2464649E-20   2.9201196E-20  -6.4994496E+00
    6.4000   3.0618960E-20   2.7540964E-20  -6.5449931E+00
    6.5000   3.1190323E-20   2.8054894E-20  -6.5911121E+00
    6.6000   3.1731838E-20   2.8541974E-20  -6.6378010E+00
    6.7000   3.2265767E-20   2.9022232E-20  -6.6850542E+00
    6.8000   3.2814058E-20   2.9515408E-20  -6.7328662E+00
    6.9000   3.3399543E-20   3.0042039E-20  -6.7812314E+00
    7.0000   3.1530342E-20   2.8360660E-20  -6.8301442E+00
    7.1000   3.2111018E-20   2.8882966E-20  -6.8795990E+00
    7.2000   3.2668232E-20   2.9384168E-20  -6.9295902E+00
    7.3000   3.3225203E-20   2.9885151E-20  -6.9801122E+00
    7.4000   3.3805257E-20   3.0406898E-20  -7.0311593E+00
    7.5000   3.1884640E-20   2.8679269E-20  -7.0827261E+00
    7.6000   3.2510376E-20   2.9242108E-20  -7.1348069E+00
    7.7000   3.3095149E-20   2.9768099E-20  -7.1873960E+00
    7.8000   3.3663768E-20   3.0279560E-20  -7.2404880E+00
    7.9000   3.4240261E-20   3.0798104E-20  -7.2940773E+00
    8.0000   3.4849246E-20   3.1345874E-20  -7.3481582E+00
    8.1000   3.2899480E-20   2.9592025E-20  -7.4027252E+00
    8.2000   3.3544811E-20   3.0172490E-20  -7.4577728E+00
    8.3000   3.4156690E-20   3.0722863E-20  -7.5132955E+00
    8.4000   3.4761739E-20   3.1267094E-20  -7.5692877E+00
    8.5000   3.5386352E-20   3.1828922E-20  -7.6257440E+00
    8.6000   3.6058236E-20   3.2433270E-20  -7.6826589E+00
    8.7000   3.4074960E-20   3.0649279E-20  -7.7400269E+00
    8.8000   3.4722298E-20   3.1231549E-20  -7.7978427E+00
    8.9000   3.5349847E-20   3.1796018E-20  -7.8561007E+00
    9.0000   3.5985523E-20   3.2367797E-20  -7.9147957E+00
    9.1000   3.6657917E-20   3.2972604E-20  -7.9739222E+00
    9.2000   3.4638168E-20   3.1155805E-20  -8.0334750E+00
    9.3000   3.5323709E-20   3.1772438E-20  -8.0934488E+00
    9.4000   3.5976236E-20   3.2359375E-20  -8.1538382E+00
    9.5000   3.6625431E-20   3.2943315E-20  -8.2146381E+00
    9.6000   3.7300977E-20   3.3550958E-20  -8.2758432E+00
    9.7000   3.5221296E-20   3.1680249E-20  -8.3374484E+00
    9.8000   3.5953385E-20   3.2338753E-20  -8.3994485E+00
    9.9000   3.6638609E-20   3.2955101E-20  -8.4618384E+00
   10.0000   3.7308995E-20   3.3558103E-20  -8.5246130E+00
   10.1000   3.7995871E-20   3.4175937E-20  -8.5877674E+00
   10.2000   3.8731839E-20   3.4837930E-20  -8.6512964E+00
   10.3000   3.6630773E-20   3.2947985E-20  -8.7151951E+00
   10.4000   3.7366076E-20   3.3609380E-20  -8.7794586E+00
   10.5000   3.8076979E-20   3.4248827E-20  -8.8440820E+00
   10.6000   3.8797802E-20   3.4897196E-20  -8.9090605E+00
   10.7000   3.9563768E-20   3.5586172E-20  -8.9743892E+00
   10.8000   3.7421124E-20   3.3658828E-20  -9.0400634E+00
   10.9000   3.8175707E-20   3.4337566E-20  -9.1060783E+00
   11.0000   3.8899664E-20   3.4988754E-20  -9.1724293E+00
   11.1000   3.9628655E-20   3.5644471E-20  -9.2391116E+00
   11.2000   4.0398957E-20   3.6337348E-20  -9.3061207E+00
   11.3000   3.8204609E-20   3.4363496E-20  -9.3734520E+00
   11.4000   3.8989218E-20   3.5069242E-20  -9.4411010E+00
   11.5000   3.9735403E-20   3.5740424E-20  -9.5090633E+00
   11.6000   4.0480850E-20   3.6410943E-20  -9.5773342E+00
   11.7000   4.1263499E-20   3.7114927E-20  -9.6459096E+00
   11.8000   3.9017511E-20   3.5094624E-20  -9.7147850E+00
   11.9000   3.9844517E-20   3.5838506E-20  -9.7839561E+00
   12.0000   4.0626350E-20   3.6541755E-20  -9.8534186E+00
   12.1000   4.1403756E-20   3.7241021E-20  -9.9231683E+00
   12.2000   4.2217506E-20   3.7972980E-20  -9.9932011E+00
   12.3000   3.9930839E-20   3.5916086E-20  -1.0063513E+01
   12.4000   4.0788487E-20   3.6687531E-20  -1.0134099E+01
   12.5000   4.1598764E-20   3.7416365E-20  -1.0204957E+01
   12.6000   4.2405129E-20   3.8141681E-20  -1.0276081E+01
   12.7000   4.3251127E-20   3.8902647E-20  -1.0347468E+01
   12.8000   4.0927835E-20   3.6812808E-20  -1.0419113E+01
   12.9000   4.1826242E-20   3.7620916E-20  -1.0491014E+01
   13.0000   4.2680443E-20   3.8389260E-20  -1.0563166E+01
   13.1000   4.3537881E-20   3.9160517E-20  -1.0635566E+01
   13.2000   4.4446637E-20   3.9977934E-20  -1.0708209E+01
   13.3000   4.2090069E-20   3.7858163E-20  -1.0781092E+01
   13.4000   4.2984158E-20   3.8662388E-20  -1.0854212E+01
   13.5000   4.3844999E-20   3.9436705E-20  -1.0927564E+01
   13.6000   4.4721464E-20   4.0225076E-20  -1.1001146E+01
   13.7000   4.5664001E-20   4.1072879E-20  -1.1074953E+01
   13.8000   4.3245177E-20   3.8897109E-20  -1.1148983E+01
   13.9000   4.4147960E-20   3.9709153E-20  -1.1223231E+01
   14.0000   4.5028239E-20   4.0500955E-20  -1.1297695E+01
   14.1000   4.5937333E-20   4.1318677E-20  -1.1372371E+01
   14.2000   4.3460123E-20   3.9090388E-20  -1.1447255E+01
   14.3000   4.4451459E-20   3.9982086E-20  -1.1522345E+01
   14.4000   4.5380058E-20   4.0817352E-20  -1.1597637E+01
   14.5000   4.6301571E-20   4.1646244E-20  -1.1673129E+01
   14.6000   4.7271568E-20   4.2518748E-20  -1.1748816E+01
   14.7000   4.4781070E-20   4.0278506E-20  -1.1824697E+01
   14.8000   4.5772839E-20   4.1170594E-20  -1.1900767E+01
   14.9000   4.6722826E-20   4.2025099E-20  -1.1977024E+01
   15.0000   4.7689553E-20   4.2894662E-20  -1.2053465E+01
   15.1000   4.8733373E-20   4.3833570E-20  -1.2130087E+01
   15.2000   4.6203167E-20   4.1557610E-20  -1.2206886E+01
   15.3000   4.7217380E-20   4.2469887E-20  -1.2283862E+01
   15.4000   4.8220670E-20   4.3372338E-20  -1.2361009E+01
   15.5000   4.9277162E-20   4.4322646E-20  -1.2438326E+01
   15.6000   4.6739149E-20   4.2039664E-20  -1.2515810E+01
   15.7000   4.7833602E-20   4.3024117E-20  -1.2593458E+01
   15.8000   4.8897828E-20   4.3981381E-20  -1.2671268E+01
   15.9000   5.0001896E-20   4.4974483E-20  -1.2749236E+01
   16.0000   4.7436358E-20   4.2666742E-20  -1.2827361E+01
   16.1000   4.8555731E-20   4.3673611E-20  -1.2905640E+01
   16.2000   4.9633140E-20   4.4642733E-20  -1.2984070E+01
   16.3000   5.0740819E-20   4.5639083E-20  -1.3062649E+01
   16.4000   4.8122022E-20   4.3283435E-20  -1.3141374E+01
   16.5000   4.9285140E-20   4.4329653E-20  -1.3220243E+01
   16.6000   5.0394210E-20   4.5327254E-20  -1.3299254E+01
   16.7000   5.1525262E-20   4.6344629E-20  -1.3378404E+01
   16.8000   4.8863656E-20   4.3950474E-20  -1.3457691E+01
   16.9000   5.0102074E-20   4.5064425E-20  -1.3537113E+01
   17.0000   5.1280994E-20   4.6124857E-20  -1.3616667E+01
   17.1000   5.2483696E-20   4.7206681E-20  -1.3696352E+01
   17.2000   4.9829579E-20   4.4819262E-20  -1.3776165E+01
   17.3000   5.1090230E-20   4.5953212E-20  -1.3856103E+01
   17.4000   5.2300321E-20   4.7041683E-20  -1.3936166E+01
   17.5000   5.3547255E-20   4.8163294E-20  -1.4016350E+01
   17.6000   5.0867020E-20   4.5752383E-20  -1.4096655E+01
   17.7000   5.2133547E-20   4.6891618E-20  -1.4177077E+01
   17.8000   5.3363239E-20   4.7997719E-20  -1.4257614E+01
   17.9000   5.4646703E-20   4.9152190E-20  -1.4338266E+01
   18.0000   5.1919213E-20   4.6698772E-20  -1.4419030E+01
   18.1000   5.3184032E-20   4.7836470E-20  -1.4499904E+01
   18.2000   5.4426417E-20   4.8953990E-20  -1.4580886E+01
   18.3000   5.5739624E-20   5.0135215E-20  -1.4661974E+01
   18.4000   5.2992370E-20   4.7664019E-20  -1.4743167E+01
   18.5000   5.4321555E-20   4.8859615E-20  -1.4824463E+01
   18.6000   5.5650827E-20   5.0055290E-20  -1.4905860E+01
   18.7000   5.2867164E-20   4.7551344E-20  -1.4987357E+01
   18.8000   5.4302668E-20   4.8842575E-20  -1.5068951E+01
   18.9000   5.5673570E-20   5.0075697E-20  -1.5150641E+01
   19.0000   5.7087604E-20   5.1347616E-20  -1.5232425E+01
   19.1000   5.4340770E-20   4.8876798E-20  -1.5314303E+01
   19.2000   5.5809068E-20   5.0197528E-20  -1.5396271E+01
   19.3000   5.7269678E-20   5.1511343E-20  -1.5478330E+01
   19.4000   5.4504004E-20   4.9023577E-20  -1.5560476E+01
   19.5000   5.6089988E-20   5.0450167E-20  -1.5642709E+01
   19.6000   5.7630023E-20   5.1835426E-20  -1.5725027E+01
   19.7000   5.9251236E-20   5.3293704E-20  -1.5807429E+01
   19.8000   5.6546953E-20   5.0861161E-20  -1.5889913E+01
   19.9000   5.8172002E-20   5.2322890E-20  -1.5972478E+01
   20.0000   5.9865724E-20   5.3846391E-20  -1.6055122E+01
   20.1000   5.7174213E-20   5.1425336E-20  -1.6137844E+01
   20.2000   5.8858307E-20   5.2940176E-20  -1.6220643E+01
   20.3000   6.0612360E-20   5.4517946E-20  -1.6303518E+01
   20.4000   5.7934054E-20   5.2108769E-20  -1.6386466E+01
   20.5000   5.9690704E-20   5.3688874E-20  -1.6469488E+01
   20.6000   5.6986945E-20   5.1256802E-20  -1.6552581E+01
   20.7000   5.8830201E-20   5.2914811E-20  -1.6635744E+01
   20.8000   6.0626574E-20   5.4530647E-20  -1.6718976E+01
   20.9000   5.7926802E-20   5.2102162E-20  -1.6802277E+01
   21.0000   5.9770521E-20   5.3760586E-20  -1.6885644E+01
   21.1000   6.1592772E-20   5.5399700E-20  -1.6969076E+01
   21.2000   5.8895747E-20   5.2973686E-20  -1.7052573E+01
   21.3000   6.0824970E-20   5.4709022E-20  -1.7136134E+01
   21.4000   6.2770384E-20   5.6458922E-20  -1.7219756E+01
   21.5000   6.0117171E-20   5.4072317E-20  -1.7303440E+01
   21.6000   6.2083431E-20   5.5840968E-20  -1.7387184E+01
   21.7000   5.9385684E-20   5.3414304E-20  -1.7470987E+01
   21.8000   6.1424947E-20   5.5248622E-20  -1.7554848E+01
   21.9000   6.3422568E-20   5.7045482E-20  -1.7638765E+01
   22.0000   6.0731149E-20   5.4624511E-20  -1.7722739E+01
   22.1000   6.2739592E-20   5.6431106E-20  -1.7806768E+01
   22.2000   6.4772294E-20   5.8259522E-20  -1.7890851E+01
   22.3000   6.2081391E-20   5.5839015E-20  -1.7974986E+01
   22.4000   6.4162967E-20   5.7711394E-20  -1.8059174E+01
   22.5000   6.1465993E-20   5.5285425E-20  -1.8143414E+01
   22.6000   6.3679935E-20   5.7276868E-20  -1.8227703E+01
   22.7000   6.5894988E-20   5.9269311E-20  -1.8312042E+01
   22.8000   6.3293781E-20   5.6929485E-20  -1.8396430E+01
   22.9000   6.5559213E-20   5.8967245E-20  -1.8480866E+01
   23.0000   6.2973307E-20   5.6641182E-20  -1.8565348E+01
   23.1000   6.5332262E-20   5.8763067E-20  -1.8649876E+01
   23.2000   6.2740190E-20   5.6431458E-20  -1.8734450E+01
   23.3000   6.5151751E-20   5.8600662E-20  -1.8819068E+01
   23.4000   6.7547126E-20   6.0755306E-20  -1.8903730E+01
   23.5000   6.5004000E-20   5.8467724E-20  -1.8988435E+01
   23.6000   6.7460875E-20   6.0677689E-20  -1.9073182E+01
   23.7000   6.4939321E-20   5.8409511E-20  -1.9157970E+01
   23.8000   6.7449504E-20   6.0667426E-20  -1.9242799E+01
   23.9000   6.4927332E-20   5.8398694E-20  -1.9327668E+01
   24.0000   6.7498898E-20   6.0711823E-20  -1.9412576E+01
   24.1000   6.4967894E-20   5.8435145E-20  -1.9497523E+01
   24.2000   6.7624456E-20   6.0824730E-20  -1.9582508E+01
   24.3000   7.0306971E-20   6.3237658E-20  -1.9667530E+01
   24.4000   6.7879964E-20   6.1054527E-20  -1.9752588E+01
   24.5000   7.0668492E-20   6.3562816E-20  -1.9837683E+01
   24.6000   6.8298337E-20   6.1430824E-20  -1.9922812E+01
   24.7000   7.1173813E-20   6.4017323E-20  -2.0007977E+01
   24.8000   6.8857998E-20   6.1934210E-20  -2.0093175E+01
   24.9000   6.6523266E-20   5.9834081E-20  -2.0178407E+01
   25.0000   6.9490275E-20   6.2502915E-20  -2.0263671E+01
   25.1000   6.7135491E-20   6.0384749E-20  -2.0348968E+01
   25.2000   7.0137186E-20   6.3084784E-20  -2.0434297E+01
   25.3000   6.7802268E-20   6.0984487E-20  -2.0519657E+01
   25.4000   7.0885325E-20   6.3757708E-20  -2.0605047E+01
   25.5000   6.8614838E-20   6.1715367E-20  -2.0690467E+01
   25.6000   7.1725310E-20   6.4513248E-20  -2.0775917E+01
   25.7000   6.9490984E-20   6.2503435E-20  -2.0861395E+01
   25.8000   7.2723713E-20   6.5411286E-20  -2.0946903E+01
   25.9000   7.0598712E-20   6.3499812E-20  -2.1032438E+01
   26.0000   7.3963933E-20   6.6526842E-20  -2.1118000E+01
   26.1000   7.1864351E-20   6.4638231E-20  -2.1203590E+01
   26.2000   6.9739720E-20   6.2727090E-20  -2.1289206E+01
   26.3000   7.3182797E-20   6.5824152E-20  -2.1374848E+01
   26.4000   7.1132606E-20   6.3979970E-20  -2.1460515E+01
   26.5000   7.4679216E-20   6.7170161E-20  -2.1546208E+01
   26.6000   7.2709091E-20   6.5397998E-20  -2.1631925E+01
   26.7000   7.0711560E-20   6.3601185E-20  -2.1717667E+01
   26.8000   7.4351249E-20   6.6875100E-20  -2.1803432E+01
   26.9000   7.2406392E-20   6.5125667E-20  -2.1889220E+01
   27.0000   7.6163643E-20   6.8505331E-20  -2.1975032E+01
   27.1000   7.4350735E-20   6.6874588E-20  -2.2060866E+01
   27.2000   7.2552481E-20   6.5257025E-20  -2.2146722E+01
   27.3000   7.6441019E-20   6.8754783E-20  -2.2232600E+01
   27.4000   7.4649420E-20   6.7143207E-20  -2.2318499E+01
   27.5000   7.2837077E-20   6.5512971E-20  -2.2404419E+01
   27.6000   7.6844660E-20   6.9117810E-20  -2.2490360E+01
   27.7000   7.5154060E-20   6.7597084E-20  -2.2576320E+01
   27.8000   7.3488511E-20   6.6098891E-20  -2.2662301E+01
   27.9000   7.7692906E-20   6.9880765E-20  -2.2748301E+01
   28.0000   7.6084205E-20   6.8433707E-20  -2.2834321E+01
   28.1000   7.4456831E-20   6.6969853E-20  -2.2920359E+01
   28.2000   7.8790735E-20   7.0868221E-20  -2.3006415E+01
   28.3000   7.7306444E-20   6.9533071E-20  -2.3092490E+01
   28.4000   7.5852775E-20   6.8225466E-20  -2.3178583E+01
   28.5000   8.0369343E-20   7.2288142E-20  -2.3264693E+01
   28.6000   7.9013606E-20   7.1068627E-20  -2.3350820E+01
   28.7000   7.7726500E-20   6.9910847E-20  -2.3436964E+01
   28.8000   7.6476443E-20   6.8786393E-20  -2.3523124E+01
   28.9000   8.1228247E-20   7.3060666E-20  -2.3609301E+01
   29.0000   8.0019935E-20   7.1973762E-20  -2.3695494E+01
   29.1000   7.8887494E-20   7.0955104E-20  -2.3781703E+01
   29.2000   7.7821807E-20   6.9996493E-20  -2.3867927E+01
   29.3000   7.6778354E-20   6.9057880E-20  -2.3954166E+01
   29.4000   8.1856969E-20   7.3626122E-20  -2.4040420E+01
   29.5000   8.0924262E-20   7.2787127E-20  -2.4126688E+01
   29.6000   8.0074836E-20   7.2023044E-20  -2.4212971E+01
   29.7000   7.9293869E-20   7.1320541E-20  -2.4299268E+01
   29.8000   7.8577218E-20   7.0675890E-20  -2.4385579E+01
   29.9000   8.4162593E-20   7.5699968E-20  -2.4471903E+01
   30.0000   8.3674324E-20   7.5260748E-20  -2.4558241E+01
   30.1000   8.3223710E-20   7.4855400E-20  -2.4644591E+01
   30.2000   8.2839308E-20   7.4509610E-20  -2.4730955E+01
   30.3000   8.2482336E-20   7.4188494E-20  -2.4817331E+01
   30.4000   8.2160175E-20   7.3898690E-20  -2.4903720E+01
   30.5000   8.1878373E-20   7.3645190E-20  -2.4990120E+01
   30.6000   8.1620361E-20   7.3413089E-20  -2.5076533E+01
   30.7000   8.1437837E-20   7.3248890E-20  -2.5162958E+01
   30.8000   8.1293302E-20   7.3118863E-20  -2.5249394E+01
   30.9000   8.1293411E-20   7.3118944E-20  -2.5335841E+01
   31.0000   8.1405612E-20   7.3219853E-20  -2.5422299E+01
   31.1000   8.1613141E-20   7.3406510E-20  -2.5508769E+01
   31.2000   8.1912770E-20   7.3676012E-20  -2.5595249E+01
   31.3000   8.2314452E-20   7.4037312E-20  -2.5681739E+01
   31.4000   8.2842878E-20   7.4512618E-20  -2.5768240E+01
   31.5000   8.3518745E-20   7.5120551E-20  -2.5854751E+01
   31.6000   8.4239825E-20   7.5769151E-20  -2.5941272E+01
   31.7000   8.5076640E-20   7.6521857E-20  -2.6027803E+01
   31.8000   8.6056180E-20   7.7402945E-20  -2.6114343E+01
   31.9000   8.7157289E-20   7.8393385E-20  -2.6200893E+01
   32.0000   8.8406257E-20   7.9516826E-20  -2.6287452E+01
   32.1000   8.9719269E-20   8.0697875E-20  -2.6374020E+01
   32.2000   8.4563204E-20   7.6059932E-20  -2.6460598E+01
   32.3000   8.6169893E-20   7.7505146E-20  -2.6547184E+01
   32.4000   8.7872159E-20   7.9036333E-20  -2.6633778E+01
   32.5000   8.9650452E-20   8.0635906E-20  -2.6720381E+01
   32.6000   8.4785297E-20   7.6259639E-20  -2.6806992E+01
   32.7000   8.6651069E-20   7.7937901E-20  -2.6893612E+01
   32.8000   8.8542683E-20   7.9639407E-20  -2.6980239E+01
   32.9000   9.0465939E-20   8.1369376E-20  -2.7066875E+01
   33.0000   8.5647164E-20   7.7034829E-20  -2.7153518E+01
   33.1000   8.7621584E-20   7.8810820E-20  -2.7240169E+01
   33.2000   8.9624476E-20   8.0612422E-20  -2.7326827E+01
   33.3000   9.1675925E-20   8.2457701E-20  -2.7413492E+01
   33.4000   8.6946071E-20   7.8203140E-20  -2.7500165E+01
   33.5000   8.9138029E-20   8.0174808E-20  -2.7586844E+01
   33.6000   9.1444546E-20   8.2249524E-20  -2.7673531E+01
   33.7000   9.3930018E-20   8.4485211E-20  -2.7760224E+01
   33.8000   8.9730195E-20   8.0707416E-20  -2.7846924E+01
   33.9000   9.2553649E-20   8.3247121E-20  -2.7933631E+01
   34.0000   8.8650153E-20   7.9735875E-20  -2.8020344E+01
   34.1000   9.1884425E-20   8.2645115E-20  -2.8107064E+01
   34.2000   8.8323137E-20   7.9441687E-20  -2.8193789E+01
   34.3000   9.1813149E-20   8.2580967E-20  -2.8280521E+01
   34.4000   9.5424281E-20   8.5829195E-20  -2.8367259E+01
   34.5000   9.2187518E-20   8.2917681E-20  -2.8454002E+01
   34.6000   9.6110950E-20   8.6446826E-20  -2.8540752E+01
   34.7000   9.3180512E-20   8.3810855E-20  -2.8627507E+01
   34.8000   9.0415616E-20   8.1323790E-20  -2.8714267E+01
   34.9000   9.4848694E-20   8.5311366E-20  -2.8801033E+01
   35.0000   9.2354228E-20   8.3067554E-20  -2.8887805E+01
   35.1000   9.7328163E-20   8.7541636E-20  -2.8974581E+01
   35.2000   9.5462469E-20   8.5863410E-20  -2.9061363E+01
   35.3000   9.3907611E-20   8.4464785E-20  -2.9148150E+01
   35.4000   9.2467236E-20   8.3169138E-20  -2.9234942E+01
   35.5000   9.8437602E-20   8.8539519E-20  -2.9321739E+01
   35.6000   9.7441651E-20   8.7643635E-20  -2.9408541E+01
   35.7000   9.6593702E-20   8.6880880E-20  -2.9495347E+01
   35.8000   9.5875326E-20   8.6234678E-20  -2.9582158E+01
   35.9000   9.5302125E-20   8.5719062E-20  -2.9668974E+01
   36.0000   9.4835451E-20   8.5299267E-20  -2.9755794E+01
   36.1000   9.4570777E-20   8.5061174E-20  -2.9842618E+01
   36.2000   9.4551840E-20   8.5044123E-20  -2.9929447E+01
   36.3000   9.4850979E-20   8.5313184E-20  -3.0016280E+01
   36.4000   9.5479305E-20   8.5878352E-20  -3.0103117E+01
   36.5000   9.6374480E-20   8.6683553E-20  -3.0189958E+01
   36.6000   9.7499763E-20   8.7695739E-20  -3.0276804E+01
   36.7000   9.8784900E-20   8.8851713E-20  -3.0363653E+01
   36.8000   1.0022305E-19   9.0145329E-20  -3.0450506E+01
   36.9000   1.0186506E-19   9.1622314E-20  -3.0537363E+01
   37.0000   9.6260205E-20   8.6580678E-20  -3.0624223E+01
   37.1000   9.8331952E-20   8.8444215E-20  -3.0711087E+01
   37.2000   1.0072252E-19   9.0594534E-20  -3.0797955E+01
   37.3000   1.0330355E-19   9.2916175E-20  -3.0884827E+01
   37.4000   9.8639353E-20   8.8720675E-20  -3.0971701E+01
   37.5000   1.0193500E-19   9.1685124E-20  -3.1058580E+01
   37.6000   9.7875886E-20   8.8033895E-20  -3.1145461E+01
   37.7000   1.0160353E-19   9.1386924E-20  -3.1232346E+01
   37.8000   9.7799358E-20   8.7965024E-20  -3.1319234E+01
   37.9000   1.0172400E-19   9.1495258E-20  -3.1406125E+01
   38.0000   9.8015693E-20   8.8159585E-20  -3.1493020E+01
   38.1000   1.0202752E-19   9.1768243E-20  -3.1579917E+01
   38.2000   9.8336063E-20   8.8447728E-20  -3.1666817E+01
   38.3000   1.0237353E-19   9.2079444E-20  -3.1753721E+01
   38.4000   9.8839397E-20   8.8900450E-20  -3.1840627E+01
   38.5000   1.0314776E-19   9.2774336E-20  -3.1927536E+01
   38.6000   9.9699720E-20   8.9671960E-20  -3.2014448E+01
   38.7000   1.0412258E-19   9.3650151E-20  -3.2101362E+01
   38.8000   1.0083528E-19   9.0693252E-20  -3.2188280E+01
   38.9000   1.0557030E-19   9.4952312E-20  -3.2275199E+01
   39.0000   1.0272493E-19   9.2392937E-20  -3.2362122E+01
   39.1000   1.0818646E-19   9.7305481E-20  -3.2449047E+01
   39.2000   1.0622375E-19   9.5540036E-20  -3.2535974E+01
   39.3000   1.0453047E-19   9.4016942E-20  -3.2622904E+01
   39.4000   1.0334645E-19   9.2951911E-20  -3.2709837E+01
   39.5000   1.0258697E-19   9.2268759E-20  -3.2796771E+01
   39.6000   1.0226531E-19   9.1979417E-20  -3.2883708E+01
   39.7000   1.0228239E-19   9.1994758E-20  -3.2970648E+01
   39.8000   1.0259911E-19   9.2279628E-20  -3.3057589E+01
   39.9000   1.0322983E-19   9.2846931E-20  -3.3144533E+01
   40.0000   1.0424527E-19   9.3760287E-20  -3.3231479E+01
   40.1000   1.0569150E-19   9.5061138E-20  -3.3318427E+01
   40.2000   1.0759099E-19   9.6769683E-20  -3.3405377E+01
   40.3000   1.0999341E-19   9.8930605E-20  -3.3492329E+01
   40.4000   1.0465911E-19   9.4132469E-20  -3.3579283E+01
   40.5000   1.0780003E-19   9.6957654E-20  -3.3666239E+01
   40.6000   1.1134952E-19   1.0015036E-19  -3.3753197E+01
   40.7000   1.0721775E-19   9.6433870E-20  -3.3840157E+01
   40.8000   1.1191502E-19   1.0065898E-19  -3.3927119E+01
   40.9000   1.0898723E-19   9.8025457E-20  -3.4014083E+01
   41.0000   1.0669376E-19   9.5962502E-20  -3.4101048E+01
   41.1000   1.1319910E-19   1.0181394E-19  -3.4188015E+01
   41.2000   1.1202467E-19   1.0075754E-19  -3.4274984E+01
   41.3000   1.1144697E-19   1.0023790E-19  -3.4361955E+01
   41.4000   1.1141324E-19   1.0020754E-19  -3.4448927E+01
   41.5000   1.1207856E-19   1.0080596E-19  -3.4535901E+01
   41.6000   1.1342061E-19   1.0201310E-19  -3.4622877E+01
   41.7000   1.1539557E-19   1.0378953E-19  -3.4709854E+01
   41.8000   1.0965519E-19   9.8626128E-20  -3.4796832E+01
   41.9000   1.1289813E-19   1.0154309E-19  -3.4883813E+01
   42.0000   1.0846230E-19   9.7553113E-20  -3.4970794E+01
   42.1000   1.1296293E-19   1.0160134E-19  -3.5057777E+01
   42.2000   1.0975327E-19   9.8714282E-20  -3.5144762E+01
   42.3000   1.1543630E-19   1.0382606E-19  -3.5231748E+01
   42.4000   1.1366231E-19   1.0223037E-19  -3.5318735E+01
   42.5000   1.1262667E-19   1.0129881E-19  -3.5405724E+01
   42.6000   1.1208568E-19   1.0081219E-19  -3.5492714E+01
   42.7000   1.1188881E-19   1.0063509E-19  -3.5579706E+01
   42.8000   1.1195058E-19   1.0069064E-19  -3.5666698E+01
   42.9000   1.1223464E-19   1.0094612E-19  -3.5753692E+01
   43.0000   1.1274708E-19   1.0140704E-19  -3.5840688E+01
   43.1000   1.1353795E-19   1.0211840E-19  -3.5927684E+01
   43.2000   1.1471114E-19   1.0317365E-19  -3.6014682E+01
   43.3000   1.1644481E-19   1.0473304E-19  -3.6101681E+01
   43.4000   1.1902633E-19   1.0705506E-19  -3.6188680E+01
   43.5000   1.2290873E-19   1.1054720E-19  -3.6275682E+01
   43.6000   1.2879983E-19   1.1584614E-19  -3.6362684E+01
   43.7000  -8.2526001E-20  -7.4238187E-20  -3.6449687E+01
   43.8000  -1.3592289E-19  -1.2226788E-19  -3.6536692E+01
   43.9000   1.6297866E-19   1.4658942E-19  -3.6623697E+01
   44.0000  -2.8333976E-19  -2.5486710E-19  -3.6710704E+01
   44.1000  -1.8523792E-19  -1.6662603E-19  -3.6797711E+01
   44.2000  -3.3346333E-19  -2.9995264E-19  -3.6884720E+01
   44.3000   1.2033090E-19   1.0822898E-19  -3.6971729E+01
   44.4000  -1.4188839E-19  -1.2763542E-19  -3.7058740E+01
   44.5000  -9.2290736E-20  -8.3021949E-20  -3.7145751E+01
   44.6000   3.7680521E-19   3.3892022E-19  -3.7232763E+01
   44.7000  -2.8033034E-19  -2.5563491E-19  -3.7319777E+01
   44.8000   3.2712384E-19   3.0861995E-19  -3.7406791E+01
   44.9000  -4.3036469E-19  -4.2520181E-19  -3.7493806E+01
   45.0000   6.8640960E-20   8.5938225E-20  -3.7580822E+01
   45.1000   1.0665676E-19   4.5482568E-19  -3.7667839E+01
   45.2000   2.6536321E-20  -2.2586931E-19  -3.7754856E+01
   45.3000   3.7733282E-19  -5.3228154E-19  -3.7841875E+01
   45.4000   2.0431297E-19  -1.5066958E-19  -3.7928894E+01
   45.5000  -3.0434668E-19   2.9669510E-20  -3.8015914E+01
   45.6000  -6.9513995E-19  -1.4660259E-19  -3.8102935E+01
   45.7000  -8.4221407E-19  -4.6597094E-19  -3.8189956E+01
   45.8000  -7.6786049E-19  -7.1932322E-19  -3.8276978E+01
   45.9000  -5.2037804E-19  -7.0872624E-19  -3.8364001E+01
   46.0000  -2.6882793E-19  -4.4103729E-19  -3.8451025E+01
   46.1000   1.2709704E-20   3.2156832E-20  -3.8538050E+01
   46.2000   2.3427024E-19   5.1218530E-19  -3.8625075E+01
   46.3000   3.6914577E-19   8.2829179E-19  -3.8712101E+01
   46.4000   4.3169557E-19   9.6165756E-19  -3.8799127E+01
   46.5000   4.1639974E-19   9.1293254E-19  -3.8886154E+01
   46.6000   3.1304604E-19   6.8591075E-19  -3.8973182E+01
   46.7000   1.2702031E-19   2.7637657E-19  -3.9060211E+01
   46.8000  -1.2177544E-19  -2.7151588E-19  -3.9147240E+01
   46.9000  -3.0901212E-19  -6.8384206E-19  -3.9234269E+01
   47.0000  -4.1346585E-19  -9.1388874E-19  -3.9321299E+01
   47.1000  -4.3462544E-19  -9.6052536E-19  -3.9408330E+01
   47.2000  -3.7217807E-19  -8.2306371E-19  -3.9495362E+01
   47.3000  -2.2560566E-19  -5.0036289E-19  -3.9582394E+01
   47.4000   5.8826763E-21   9.3185977E-21  -3.9669426E+01
   47.5000   2.3873409E-19   5.2200152E-19  -3.9756459E+01
   47.6000   3.8376202E-19   8.4130147E-19  -3.9843493E+01
   47.7000   4.5061357E-19   9.8846091E-19  -3.9930527E+01
   47.8000   4.2853069E-19   9.3979115E-19  -4.0017562E+01
   47.9000   3.2236790E-19   7.0598156E-19  -4.0104597E+01
   48.0000   1.3137506E-19   2.8538040E-19  -4.0191633E+01
   48.1000  -1.2390685E-19  -2.7678209E-19  -4.0278669E+01
   48.2000  -3.1628711E-19  -7.0043827E-19  -4.0365706E+01
   48.3000  -4.1878157E-19  -9.2617038E-19  -4.0452743E+01
   48.4000  -4.4079517E-19  -9.7468761E-19  -4.0539780E+01
   48.5000  -3.7618269E-19  -8.3245848E-19  -4.0626819E+01
   48.6000  -2.2403535E-19  -4.9748193E-19  -4.0713857E+01
   48.7000   2.2303145E-20   4.4898868E-20  -4.0800896E+01
   48.8000   2.6776491E-19   5.8534916E-19  -4.0887935E+01
   48.9000   5.0669710E-19   1.1114217E-18  -4.0974975E+01
   49.0000   2.0905634E-19   4.5598705E-19  -4.1062015E+01
   49.1000  -4.4669538E-19  -9.8799015E-19  -4.1149056E+01
   49.2000  -3.7122051E-19  -8.2184259E-19  -4.1236097E+01
   49.3000   1.1102459E-19   2.3999289E-19  -4.1323138E+01
   49.4000   3.3783953E-19   7.3938379E-19  -4.1410180E+01
   49.5000   4.6300328E-19   1.0149438E-18  -4.1497222E+01
   49.6000   4.4980090E-19   9.8582846E-19  -4.1584265E+01
   49.7000  -1.9517568E-19  -4.3442242E-19  -4.1671308E+01
   49.8000  -5.0754991E-19  -1.1222994E-18  -4.1758351E+01
   49.9000  -2.5746594E-19  -5.7167125E-19  -4.1845395E+01
   50.0000   1.4011541E-20   2.6064380E-20  -4.1932439E+01
   50.1000   2.7705773E-19   6.0523470E-19  -4.2019483E+01
   50.2000   5.3395298E-19   1.1708610E-18  -4.2106528E+01
   50.3000   2.3285683E-19   5.0781778E-19  -4.2193573E+01
   50.4000  -6.1943134E-19  -1.3689230E-18  -4.2280618E+01
   50.5000   1.7652395E-19   3.8368683E-19  -4.2367664E+01
   50.6000   4.5098671E-19   9.8799586E-19  -4.2454710E+01
   50.7000  -1.9390104E-19  -4.3205941E-19  -4.2541756E+01
   50.8000  -6.3307659E-19  -1.3991466E-18  -4.2628803E+01
   50.9000   5.0464238E-19   1.1060099E-18  -4.2715849E+01
   51.0000   1.9850820E-19   4.3187322E-19  -4.2802897E+01
   51.1000  -4.8903889E-19  -1.0821158E-18  -4.2889944E+01
   51.2000   6.8522734E-19   1.5035159E-18  -4.2976992E+01
   51.3000  -6.1436373E-19  -1.3581637E-18  -4.3064040E+01
   51.4000   1.9377960E-19   4.2128360E-19  -4.3151088E+01
   51.5000   3.7705170E-19   8.2479532E-19  -4.3238136E+01
   51.6000  -5.5538392E-19  -1.2284262E-18  -4.3325185E+01
   51.7000   6.7143474E-19   1.4729235E-18  -4.3412234E+01
   51.8000  -5.5813105E-19  -1.2345639E-18  -4.3499283E+01
   51.9000   2.7080723E-19   5.9067279E-19  -4.3586333E+01
   52.0000   4.7787167E-19   1.0465741E-18  -4.3673383E+01
   52.1000  -1.0246310E-18  -2.2619069E-18  -4.3760433E+01
   52.2000   7.1587624E-19   1.5705596E-18  -4.3847483E+01
   52.3000   2.6147763E-19   5.6995200E-19  -4.3934533E+01
   52.4000  -7.5924040E-19  -1.6776630E-18  -4.4021584E+01
   52.5000   8.1117948E-19   1.7802795E-18  -4.4108635E+01
   52.6000  -7.9630185E-19  -1.7593592E-18  -4.4195686E+01
   52.7000   7.8748013E-19   1.7280060E-18  -4.4282737E+01
   52.8000  -2.4860861E-19  -5.5345451E-19  -4.4369789E+01
   52.9000  -7.0244290E-19  -1.5528195E-18  -4.4456840E+01
   53.0000   1.0713837E-18   2.3530146E-18  -4.4543892E+01
   53.1000   3.2590917E-19   7.1147211E-19  -4.4630944E+01
   53.2000  -1.0789720E-18  -2.3820512E-18  -4.4717997E+01
   53.3000   2.1976326E-19   4.7765532E-19  -4.4805049E+01
   53.4000   9.7362077E-19   2.1375679E-18  -4.4892102E+01
   53.5000  -6.6602600E-19  -1.4728975E-18  -4.4979155E+01
   53.6000  -9.6321596E-19  -2.1273395E-18  -4.5066208E+01
   53.7000   9.3021578E-19   2.0418591E-18  -4.5153261E+01
   53.8000   2.8162887E-19   6.1365849E-19  -4.5240314E+01
   53.9000  -1.1352247E-18  -2.5062272E-18  -4.5327368E+01
   54.0000  -2.5666482E-19  -5.7172630E-19  -4.5414422E+01
   54.1000   1.0592386E-18   2.3257836E-18  -4.5501476E+01
   54.2000  -7.2316602E-19  -1.5990276E-18  -4.5588530E+01
   54.3000  -1.0211559E-18  -2.2552309E-18  -4.5675584E+01
   54.4000   6.7526119E-19   1.4801512E-18  -4.5762638E+01
   54.5000   5.9533960E-19   1.3041234E-18  -4.5849693E+01
   54.6000  -1.2026523E-18  -2.6550101E-18  -4.5936748E+01
   54.7000  -3.1026889E-19  -6.9007039E-19  -4.6023802E+01
   54.8000   1.2384002E-18   2.7199778E-18  -4.6110857E+01
   54.9000   8.2595262E-19   1.8117444E-18  -4.6197912E+01
   55.0000  -7.5598704E-19  -1.6716528E-18  -4.6284968E+01
   55.1000  -1.0486706E-18  -2.3161718E-18  -4.6372023E+01
   55.2000   7.5510358E-19   1.6556052E-18  -4.6459079E+01
   55.3000   1.3068053E-18   2.8703807E-18  -4.6546134E+01
   55.4000   3.0349993E-19   6.6110759E-19  -4.6633190E+01
   55.5000  -1.1753545E-18  -2.5953011E-18  -4.6720246E+01
   55.6000  -2.6801027E-19  -5.9741833E-19  -4.6807302E+01
   55.7000   1.0934802E-18   2.4004719E-18  -4.6894358E+01
   55.8000  -7.3387851E-19  -1.6233259E-18  -4.6981414E+01
   55.9000  -1.0340857E-18  -2.2844116E-18  -4.7068471E+01
   56.0000   4.4465965E-19   9.7166811E-19  -4.7155527E+01
   56.1000   1.3831498E-18   3.0381327E-18  -4.7242584E+01
   56.2000   3.1782760E-19   6.9230147E-19  -4.7329641E+01
   56.3000  -1.1602186E-18  -2.5623276E-18  -4.7416697E+01
   56.4000  -6.8823963E-19  -1.5230975E-18  -4.7503754E+01
   56.5000   1.0202911E-18   2.2389583E-18  -4.7590811E+01
   56.6000   1.0517888E-18   2.3082703E-18  -4.7677869E+01
   56.7000  -6.8542930E-19  -1.5170424E-18  -4.7764926E+01
   56.8000  -1.3246252E-18  -2.9245646E-18  -4.7851983E+01
   56.9000   1.6712258E-20   2.8949807E-20  -4.7939041E+01
   57.0000   1.3508413E-18   2.9665915E-18  -4.8026098E+01
   57.1000   1.3360833E-18   2.9340507E-18  -4.8113156E+01
   57.2000   4.1526959E-19   9.0642023E-19  -4.8200214E+01
   57.3000  -9.0763017E-19  -2.0065840E-18  -4.8287271E+01
   57.4000  -1.3434473E-18  -2.9662760E-18  -4.8374329E+01
   57.5000  -1.9702797E-19  -4.4196181E-19  -4.8461387E+01
   57.6000   1.1176618E-18   2.4528757E-18  -4.8548445E+01
   57.7000   1.5453918E-18   3.3946716E-18  -4.8635504E+01
   57.8000   1.0714651E-18   2.3510641E-18  -4.8722562E+01
   57.9000   2.7927981E-19   6.0666689E-19  -4.8809620E+01
   58.0000  -7.0615590E-19  -1.5632582E-18  -4.8896679E+01
   58.1000  -1.4693419E-18  -3.2438003E-18  -4.8983737E+01
   58.2000  -1.6405498E-18  -3.6208359E-18  -4.9070796E+01
   58.3000  -1.7140093E-18  -3.7826346E-18  -4.9157854E+01
   58.4000  -1.5968533E-18  -3.5247071E-18  -4.9244913E+01
   58.5000  -1.0897713E-18  -2.4081822E-18  -4.9331972E+01
   58.6000  -7.1645877E-19  -1.5862108E-18  -4.9419031E+01
   58.7000  -1.2265156E-19  -2.7872106E-19  -4.9506090E+01
   58.8000   5.0900083E-19   1.1121019E-18  -4.9593149E+01
   58.9000   5.8149375E-19   1.2716833E-18  -4.9680208E+01
   59.0000   6.3617858E-19   1.3920523E-18  -4.9767267E+01
   59.1000   6.4927049E-19   1.4208356E-18  -4.9854326E+01
   59.2000   1.1513901E-18   2.5264339E-18  -4.9941385E+01
   59.3000   1.5495624E-18   3.4031452E-18  -5.0028445E+01
   59.4000   1.6333725E-18   3.5876465E-18  -5.0115504E+01
   59.5000   1.7044109E-18   3.7440250E-18  -5.0202564E+01
   59.6000   1.4570408E-18   3.1992841E-18  -5.0289623E+01
   59.7000   1.0896511E-18   2.3902658E-18  -5.0376683E+01
   59.8000  -1.9030596E-20  -5.1040870E-20  -5.0463742E+01
   59.9000  -1.1388922E-18  -2.5169651E-18  -5.0550802E+01
