
These predictions were generated by MoorDyn (v2.2.22024-01-16) on 25-Jun-2024 at 17:32:21.

 
 
 
      Time          ROD1PX          ROD1PY          ROD1PZ          ROD1RX          ROD1RY
       (s)             (m)             (m)             (m)           (deg)           (deg)
    0.1000  -5.0000000E+00   0.0000000E+00  -5.0002263E+00  -0.0000000E+00   9.0000000E+01
    0.2000  -5.0000000E+00   0.0000000E+00  -5.0009054E+00  -0.0000000E+00   9.0000000E+01
    0.3000  -5.0000000E+00   0.0000000E+00  -5.0020370E+00  -0.0000000E+00   9.0000000E+01
    0.4000  -5.0000000E+00   0.0000000E+00  -5.0036212E+00  -0.0000000E+00   9.0000000E+01
    0.5000  -5.0000000E+00   0.0000000E+00  -5.0056577E+00  -0.0000000E+00   9.0000000E+01
    0.6000  -5.0000000E+00   0.0000000E+00  -5.0081464E+00  -0.0000000E+00   9.0000000E+01
    0.7000  -5.0000000E+00   0.0000000E+00  -5.0110872E+00  -0.0000000E+00   9.0000000E+01
    0.8000  -5.0000000E+00   0.0000000E+00  -5.0144796E+00  -0.0000000E+00   9.0000000E+01
    0.9000  -5.0000000E+00   0.0000000E+00  -5.0183236E+00  -0.0000000E+00   9.0000000E+01
    1.0000  -5.0000000E+00   0.0000000E+00  -5.0226186E+00  -0.0000000E+00   9.0000000E+01
    1.1000  -5.0000000E+00   0.0000000E+00  -5.0273644E+00  -0.0000000E+00   9.0000000E+01
    1.2000  -5.0000000E+00   0.0000000E+00  -5.0325605E+00  -0.0000000E+00   9.0000000E+01
    1.3000  -5.0000000E+00   0.0000000E+00  -5.0382066E+00  -0.0000000E+00   9.0000000E+01
    1.4000  -5.0000000E+00   0.0000000E+00  -5.0443020E+00  -0.0000000E+00   9.0000000E+01
    1.5000  -5.0000000E+00   0.0000000E+00  -5.0508464E+00  -0.0000000E+00   9.0000000E+01
    1.6000  -5.0000000E+00   0.0000000E+00  -5.0578390E+00  -0.0000000E+00   9.0000000E+01
    1.7000  -5.0000000E+00   0.0000000E+00  -5.0652795E+00  -0.0000000E+00   9.0000000E+01
    1.8000  -5.0000000E+00   0.0000000E+00  -5.0731670E+00  -0.0000000E+00   9.0000000E+01
    1.9000  -5.0000000E+00   0.0000000E+00  -5.0815010E+00  -0.0000000E+00   9.0000000E+01
    2.0000  -5.0000000E+00   0.0000000E+00  -5.0902807E+00  -0.0000000E+00   9.0000000E+01
    2.1000  -5.0000000E+00   0.0000000E+00  -5.0995054E+00  -0.0000000E+00   9.0000000E+01
    2.2000  -5.0000000E+00   0.0000000E+00  -5.1091743E+00  -0.0000000E+00   9.0000000E+01
    2.3000  -5.0000000E+00   0.0000000E+00  -5.1192866E+00  -0.0000000E+00   9.0000000E+01
    2.4000  -5.0000000E+00   0.0000000E+00  -5.1298415E+00  -0.0000000E+00   9.0000000E+01
    2.5000  -5.0000000E+00   0.0000000E+00  -5.1408380E+00  -0.0000000E+00   9.0000000E+01
    2.6000  -5.0000000E+00   0.0000000E+00  -5.1522752E+00  -0.0000000E+00   9.0000000E+01
    2.7000  -5.0000000E+00   0.0000000E+00  -5.1641522E+00  -0.0000000E+00   9.0000000E+01
    2.8000  -5.0000000E+00   0.0000000E+00  -5.1764680E+00  -0.0000000E+00   9.0000000E+01
    2.9000  -5.0000000E+00   0.0000000E+00  -5.1892216E+00  -0.0000000E+00   9.0000000E+01
    3.0000  -5.0000000E+00   0.0000000E+00  -5.2024118E+00  -0.0000000E+00   9.0000000E+01
    3.1000  -5.0000000E+00   0.0000000E+00  -5.2160377E+00  -0.0000000E+00   9.0000000E+01
    3.2000  -5.0000000E+00   0.0000000E+00  -5.2300980E+00  -0.0000000E+00   9.0000000E+01
    3.3000  -5.0000000E+00   0.0000000E+00  -5.2445917E+00  -0.0000000E+00   9.0000000E+01
    3.4000  -5.0000000E+00   0.0000000E+00  -5.2595175E+00  -0.0000000E+00   9.0000000E+01
    3.5000  -5.0000000E+00   0.0000000E+00  -5.2748742E+00  -0.0000000E+00   9.0000000E+01
    3.6000  -5.0000000E+00   0.0000000E+00  -5.2906605E+00  -0.0000000E+00   9.0000000E+01
    3.7000  -5.0000000E+00   0.0000000E+00  -5.3068752E+00  -0.0000000E+00   9.0000000E+01
    3.8000  -5.0000000E+00   0.0000000E+00  -5.3235169E+00  -0.0000000E+00   9.0000000E+01
    3.9000  -5.0000000E+00   0.0000000E+00  -5.3405843E+00  -0.0000000E+00   9.0000000E+01
    4.0000  -5.0000000E+00   0.0000000E+00  -5.3580761E+00  -0.0000000E+00   9.0000000E+01
    4.1000  -5.0000000E+00   0.0000000E+00  -5.3759907E+00  -0.0000000E+00   9.0000000E+01
    4.2000  -5.0000000E+00   0.0000000E+00  -5.3943268E+00  -0.0000000E+00   9.0000000E+01
    4.3000  -5.0000000E+00   0.0000000E+00  -5.4130829E+00  -0.0000000E+00   9.0000000E+01
    4.4000  -5.0000000E+00   0.0000000E+00  -5.4322575E+00  -0.0000000E+00   9.0000000E+01
    4.5000  -5.0000000E+00   0.0000000E+00  -5.4518491E+00  -0.0000000E+00   9.0000000E+01
    4.6000  -5.0000000E+00   0.0000000E+00  -5.4718561E+00  -0.0000000E+00   9.0000000E+01
    4.7000  -5.0000000E+00   0.0000000E+00  -5.4922770E+00  -0.0000000E+00   9.0000000E+01
    4.8000  -5.0000000E+00   0.0000000E+00  -5.5131101E+00  -0.0000000E+00   9.0000000E+01
    4.9000  -5.0000000E+00   0.0000000E+00  -5.5343538E+00  -0.0000000E+00   9.0000000E+01
    5.0000  -5.0000000E+00   0.0000000E+00  -5.5560065E+00  -0.0000000E+00   9.0000000E+01
    5.1000  -5.0000000E+00   0.0000000E+00  -5.5780665E+00  -0.0000000E+00   9.0000000E+01
    5.2000  -5.0000000E+00   0.0000000E+00  -5.6005321E+00  -0.0000000E+00   9.0000000E+01
    5.3000  -5.0000000E+00   0.0000000E+00  -5.6234015E+00  -0.0000000E+00   9.0000000E+01
    5.4000  -5.0000000E+00   0.0000000E+00  -5.6466731E+00  -0.0000000E+00   9.0000000E+01
    5.5000  -5.0000000E+00   0.0000000E+00  -5.6703449E+00  -0.0000000E+00   9.0000000E+01
    5.6000  -5.0000000E+00   0.0000000E+00  -5.6944153E+00  -0.0000000E+00   9.0000000E+01
    5.7000  -5.0000000E+00   0.0000000E+00  -5.7188824E+00  -0.0000000E+00   9.0000000E+01
    5.8000  -5.0000000E+00   0.0000000E+00  -5.7437444E+00  -0.0000000E+00   9.0000000E+01
    5.9000  -5.0000000E+00   0.0000000E+00  -5.7689994E+00  -0.0000000E+00   9.0000000E+01
    6.0000  -5.0000000E+00   0.0000000E+00  -5.7946455E+00  -0.0000000E+00   9.0000000E+01
    6.1000  -5.0000000E+00   0.0000000E+00  -5.8206808E+00  -0.0000000E+00   9.0000000E+01
    6.2000  -5.0000000E+00   0.0000000E+00  -5.8471034E+00  -0.0000000E+00   9.0000000E+01
    6.3000  -5.0000000E+00   0.0000000E+00  -5.8739114E+00  -0.0000000E+00   9.0000000E+01
    6.4000  -5.0000000E+00   0.0000000E+00  -5.9011028E+00  -0.0000000E+00   9.0000000E+01
    6.5000  -5.0000000E+00   0.0000000E+00  -5.9286756E+00  -0.0000000E+00   9.0000000E+01
    6.6000  -5.0000000E+00   0.0000000E+00  -5.9566278E+00  -0.0000000E+00   9.0000000E+01
    6.7000  -5.0000000E+00   0.0000000E+00  -5.9849575E+00  -0.0000000E+00   9.0000000E+01
    6.8000  -5.0000000E+00   0.0000000E+00  -6.0136625E+00  -0.0000000E+00   9.0000000E+01
    6.9000  -5.0000000E+00   0.0000000E+00  -6.0427410E+00  -0.0000000E+00   9.0000000E+01
    7.0000  -5.0000000E+00   0.0000000E+00  -6.0721906E+00  -0.0000000E+00   9.0000000E+01
    7.1000  -5.0000000E+00   0.0000000E+00  -6.1020096E+00  -0.0000000E+00   9.0000000E+01
    7.2000  -5.0000000E+00   0.0000000E+00  -6.1321956E+00  -0.0000000E+00   9.0000000E+01
    7.3000  -5.0000000E+00   0.0000000E+00  -6.1627467E+00  -0.0000000E+00   9.0000000E+01
    7.4000  -5.0000000E+00   0.0000000E+00  -6.1936607E+00  -0.0000000E+00   9.0000000E+01
    7.5000  -5.0000000E+00   0.0000000E+00  -6.2249355E+00  -0.0000000E+00   9.0000000E+01
    7.6000  -5.0000000E+00   0.0000000E+00  -6.2565689E+00  -0.0000000E+00   9.0000000E+01
    7.7000  -5.0000000E+00   0.0000000E+00  -6.2885588E+00  -0.0000000E+00   9.0000000E+01
    7.8000  -5.0000000E+00   0.0000000E+00  -6.3209031E+00  -0.0000000E+00   9.0000000E+01
    7.9000  -5.0000000E+00   0.0000000E+00  -6.3535996E+00  -0.0000000E+00   9.0000000E+01
    8.0000  -5.0000000E+00   0.0000000E+00  -6.3866460E+00  -0.0000000E+00   9.0000000E+01
    8.1000  -5.0000000E+00   0.0000000E+00  -6.4200402E+00  -0.0000000E+00   9.0000000E+01
    8.2000  -5.0000000E+00   0.0000000E+00  -6.4537801E+00  -0.0000000E+00   9.0000000E+01
    8.3000  -5.0000000E+00   0.0000000E+00  -6.4878633E+00  -0.0000000E+00   9.0000000E+01
    8.4000  -5.0000000E+00   0.0000000E+00  -6.5222876E+00  -0.0000000E+00   9.0000000E+01
    8.5000  -5.0000000E+00   0.0000000E+00  -6.5570510E+00  -0.0000000E+00   9.0000000E+01
    8.6000  -5.0000000E+00   0.0000000E+00  -6.5921510E+00  -0.0000000E+00   9.0000000E+01
    8.7000  -5.0000000E+00   0.0000000E+00  -6.6275855E+00  -0.0000000E+00   9.0000000E+01
    8.8000  -5.0000000E+00   0.0000000E+00  -6.6633522E+00  -0.0000000E+00   9.0000000E+01
    8.9000  -5.0000000E+00   0.0000000E+00  -6.6994489E+00  -0.0000000E+00   9.0000000E+01
    9.0000  -5.0000000E+00   0.0000000E+00  -6.7358733E+00  -0.0000000E+00   9.0000000E+01
    9.1000  -5.0000000E+00   0.0000000E+00  -6.7726231E+00  -0.0000000E+00   9.0000000E+01
    9.2000  -5.0000000E+00   0.0000000E+00  -6.8096962E+00  -0.0000000E+00   9.0000000E+01
    9.3000  -5.0000000E+00   0.0000000E+00  -6.8470902E+00  -0.0000000E+00   9.0000000E+01
    9.4000  -5.0000000E+00   0.0000000E+00  -6.8848028E+00  -0.0000000E+00   9.0000000E+01
    9.5000  -5.0000000E+00   0.0000000E+00  -6.9228318E+00  -0.0000000E+00   9.0000000E+01
    9.6000  -5.0000000E+00   0.0000000E+00  -6.9611748E+00  -0.0000000E+00   9.0000000E+01
    9.7000  -5.0000000E+00   0.0000000E+00  -6.9998297E+00  -0.0000000E+00   9.0000000E+01
    9.8000  -5.0000000E+00   0.0000000E+00  -7.0387941E+00  -0.0000000E+00   9.0000000E+01
    9.9000  -5.0000000E+00   0.0000000E+00  -7.0780658E+00  -0.0000000E+00   9.0000000E+01
   10.0000  -5.0000000E+00   0.0000000E+00  -7.1176424E+00  -0.0000000E+00   9.0000000E+01
   10.1000  -5.0000000E+00   0.0000000E+00  -7.1575217E+00  -0.0000000E+00   9.0000000E+01
   10.2000  -5.0000000E+00   0.0000000E+00  -7.1977013E+00  -0.0000000E+00   9.0000000E+01
   10.3000  -5.0000000E+00   0.0000000E+00  -7.2381791E+00  -0.0000000E+00   9.0000000E+01
   10.4000  -5.0000000E+00   0.0000000E+00  -7.2789527E+00  -0.0000000E+00   9.0000000E+01
   10.5000  -5.0000000E+00   0.0000000E+00  -7.3200198E+00  -0.0000000E+00   9.0000000E+01
   10.6000  -5.0000000E+00   0.0000000E+00  -7.3613781E+00  -0.0000000E+00   9.0000000E+01
   10.7000  -5.0000000E+00   0.0000000E+00  -7.4030255E+00  -0.0000000E+00   9.0000000E+01
   10.8000  -5.0000000E+00   0.0000000E+00  -7.4449595E+00  -0.0000000E+00   9.0000000E+01
   10.9000  -5.0000000E+00   0.0000000E+00  -7.4871779E+00  -0.0000000E+00   9.0000000E+01
   11.0000  -5.0000000E+00   0.0000000E+00  -7.5296785E+00  -0.0000000E+00   9.0000000E+01
   11.1000  -5.0000000E+00   0.0000000E+00  -7.5724589E+00  -0.0000000E+00   9.0000000E+01
   11.2000  -5.0000000E+00   0.0000000E+00  -7.6155170E+00  -0.0000000E+00   9.0000000E+01
   11.3000  -5.0000000E+00   0.0000000E+00  -7.6588503E+00  -0.0000000E+00   9.0000000E+01
   11.4000  -5.0000000E+00   0.0000000E+00  -7.7024568E+00  -0.0000000E+00   9.0000000E+01
   11.5000  -5.0000000E+00   0.0000000E+00  -7.7463341E+00  -0.0000000E+00   9.0000000E+01
   11.6000  -5.0000000E+00   0.0000000E+00  -7.7904799E+00  -0.0000000E+00   9.0000000E+01
   11.7000  -5.0000000E+00   0.0000000E+00  -7.8348921E+00  -0.0000000E+00   9.0000000E+01
   11.8000  -5.0000000E+00   0.0000000E+00  -7.8795684E+00  -0.0000000E+00   9.0000000E+01
   11.9000  -5.0000000E+00   0.0000000E+00  -7.9245065E+00  -0.0000000E+00   9.0000000E+01
   12.0000  -5.0000000E+00   0.0000000E+00  -7.9697043E+00  -0.0000000E+00   9.0000000E+01
   12.1000  -5.0000000E+00   0.0000000E+00  -8.0151595E+00  -0.0000000E+00   9.0000000E+01
   12.2000  -5.0000000E+00   0.0000000E+00  -8.0608699E+00  -0.0000000E+00   9.0000000E+01
   12.3000  -5.0000000E+00   0.0000000E+00  -8.1068332E+00  -0.0000000E+00   9.0000000E+01
   12.4000  -5.0000000E+00   0.0000000E+00  -8.1530474E+00  -0.0000000E+00   9.0000000E+01
   12.5000  -5.0000000E+00   0.0000000E+00  -8.1995101E+00  -0.0000000E+00   9.0000000E+01
   12.6000  -5.0000000E+00   0.0000000E+00  -8.2462193E+00  -0.0000000E+00   9.0000000E+01
   12.7000  -5.0000000E+00   0.0000000E+00  -8.2931726E+00  -0.0000000E+00   9.0000000E+01
   12.8000  -5.0000000E+00   0.0000000E+00  -8.3403681E+00  -0.0000000E+00   9.0000000E+01
   12.9000  -5.0000000E+00   0.0000000E+00  -8.3878034E+00  -0.0000000E+00   9.0000000E+01
   13.0000  -5.0000000E+00   0.0000000E+00  -8.4354765E+00  -0.0000000E+00   9.0000000E+01
   13.1000  -5.0000000E+00   0.0000000E+00  -8.4833852E+00  -0.0000000E+00   9.0000000E+01
   13.2000  -5.0000000E+00   0.0000000E+00  -8.5315273E+00  -0.0000000E+00   9.0000000E+01
   13.3000  -5.0000000E+00   0.0000000E+00  -8.5799008E+00  -0.0000000E+00   9.0000000E+01
   13.4000  -5.0000000E+00   0.0000000E+00  -8.6285034E+00  -0.0000000E+00   9.0000000E+01
   13.5000  -5.0000000E+00   0.0000000E+00  -8.6773332E+00  -0.0000000E+00   9.0000000E+01
   13.6000  -5.0000000E+00   0.0000000E+00  -8.7263880E+00  -0.0000000E+00   9.0000000E+01
   13.7000  -5.0000000E+00   0.0000000E+00  -8.7756658E+00  -0.0000000E+00   9.0000000E+01
   13.8000  -5.0000000E+00   0.0000000E+00  -8.8251643E+00  -0.0000000E+00   9.0000000E+01
   13.9000  -5.0000000E+00   0.0000000E+00  -8.8748817E+00  -0.0000000E+00   9.0000000E+01
   14.0000  -5.0000000E+00   0.0000000E+00  -8.9248157E+00  -0.0000000E+00   9.0000000E+01
   14.1000  -5.0000000E+00   0.0000000E+00  -8.9749645E+00  -0.0000000E+00   9.0000000E+01
   14.2000  -5.0000000E+00   0.0000000E+00  -9.0253258E+00  -0.0000000E+00   9.0000000E+01
   14.3000  -5.0000000E+00   0.0000000E+00  -9.0758978E+00  -0.0000000E+00   9.0000000E+01
   14.4000  -5.0000000E+00   0.0000000E+00  -9.1266784E+00  -0.0000000E+00   9.0000000E+01
   14.5000  -5.0000000E+00   0.0000000E+00  -9.1776655E+00  -0.0000000E+00   9.0000000E+01
   14.6000  -5.0000000E+00   0.0000000E+00  -9.2288573E+00  -0.0000000E+00   9.0000000E+01
   14.7000  -5.0000000E+00   0.0000000E+00  -9.2802516E+00  -0.0000000E+00   9.0000000E+01
   14.8000  -5.0000000E+00   0.0000000E+00  -9.3318466E+00  -0.0000000E+00   9.0000000E+01
   14.9000  -5.0000000E+00   0.0000000E+00  -9.3836403E+00  -0.0000000E+00   9.0000000E+01
   15.0000  -5.0000000E+00   0.0000000E+00  -9.4356308E+00  -0.0000000E+00   9.0000000E+01
   15.1000  -5.0000000E+00   0.0000000E+00  -9.4878160E+00  -0.0000000E+00   9.0000000E+01
   15.2000  -5.0000000E+00   0.0000000E+00  -9.5401941E+00  -0.0000000E+00   9.0000000E+01
   15.3000  -5.0000000E+00   0.0000000E+00  -9.5927632E+00  -0.0000000E+00   9.0000000E+01
   15.4000  -5.0000000E+00   0.0000000E+00  -9.6455213E+00  -0.0000000E+00   9.0000000E+01
   15.5000  -5.0000000E+00   0.0000000E+00  -9.6984667E+00  -0.0000000E+00   9.0000000E+01
   15.6000  -5.0000000E+00   0.0000000E+00  -9.7515973E+00  -0.0000000E+00   9.0000000E+01
   15.7000  -5.0000000E+00   0.0000000E+00  -9.8049114E+00  -0.0000000E+00   9.0000000E+01
   15.8000  -5.0000000E+00   0.0000000E+00  -9.8584071E+00  -0.0000000E+00   9.0000000E+01
   15.9000  -5.0000000E+00   0.0000000E+00  -9.9120826E+00  -0.0000000E+00   9.0000000E+01
   16.0000  -5.0000000E+00   0.0000000E+00  -9.9659360E+00  -0.0000000E+00   9.0000000E+01
   16.1000  -5.0000000E+00   0.0000000E+00  -1.0019965E+01  -0.0000000E+00   9.0000000E+01
   16.2000  -5.0000000E+00   0.0000000E+00  -1.0074169E+01  -0.0000000E+00   9.0000000E+01
   16.3000  -5.0000000E+00   0.0000000E+00  -1.0128546E+01  -0.0000000E+00   9.0000000E+01
   16.4000  -5.0000000E+00   0.0000000E+00  -1.0183093E+01  -0.0000000E+00   9.0000000E+01
   16.5000  -5.0000000E+00   0.0000000E+00  -1.0237809E+01  -0.0000000E+00   9.0000000E+01
   16.6000  -5.0000000E+00   0.0000000E+00  -1.0292692E+01  -0.0000000E+00   9.0000000E+01
   16.7000  -5.0000000E+00   0.0000000E+00  -1.0347741E+01  -0.0000000E+00   9.0000000E+01
   16.8000  -5.0000000E+00   0.0000000E+00  -1.0402954E+01  -0.0000000E+00   9.0000000E+01
   16.9000  -5.0000000E+00   0.0000000E+00  -1.0458329E+01  -0.0000000E+00   9.0000000E+01
   17.0000  -5.0000000E+00   0.0000000E+00  -1.0513864E+01  -0.0000000E+00   9.0000000E+01
   17.1000  -5.0000000E+00   0.0000000E+00  -1.0569558E+01  -0.0000000E+00   9.0000000E+01
   17.2000  -5.0000000E+00   0.0000000E+00  -1.0625409E+01  -0.0000000E+00   9.0000000E+01
   17.3000  -5.0000000E+00   0.0000000E+00  -1.0681415E+01  -0.0000000E+00   9.0000000E+01
   17.4000  -5.0000000E+00   0.0000000E+00  -1.0737575E+01  -0.0000000E+00   9.0000000E+01
   17.5000  -5.0000000E+00   0.0000000E+00  -1.0793887E+01  -0.0000000E+00   9.0000000E+01
   17.6000  -5.0000000E+00   0.0000000E+00  -1.0850349E+01  -0.0000000E+00   9.0000000E+01
   17.7000  -5.0000000E+00   0.0000000E+00  -1.0906961E+01  -0.0000000E+00   9.0000000E+01
   17.8000  -5.0000000E+00   0.0000000E+00  -1.0963720E+01  -0.0000000E+00   9.0000000E+01
   17.9000  -5.0000000E+00   0.0000000E+00  -1.1020624E+01  -0.0000000E+00   9.0000000E+01
   18.0000  -5.0000000E+00   0.0000000E+00  -1.1077672E+01  -0.0000000E+00   9.0000000E+01
   18.1000  -5.0000000E+00   0.0000000E+00  -1.1134864E+01  -0.0000000E+00   9.0000000E+01
   18.2000  -5.0000000E+00   0.0000000E+00  -1.1192196E+01  -0.0000000E+00   9.0000000E+01
   18.3000  -5.0000000E+00   0.0000000E+00  -1.1249667E+01  -0.0000000E+00   9.0000000E+01
   18.4000  -5.0000000E+00   0.0000000E+00  -1.1307277E+01  -0.0000000E+00   9.0000000E+01
   18.5000  -5.0000000E+00   0.0000000E+00  -1.1365023E+01  -0.0000000E+00   9.0000000E+01
   18.6000  -5.0000000E+00   0.0000000E+00  -1.1422904E+01  -0.0000000E+00   9.0000000E+01
   18.7000  -5.0000000E+00   0.0000000E+00  -1.1480919E+01  -0.0000000E+00   9.0000000E+01
   18.8000  -5.0000000E+00   0.0000000E+00  -1.1539065E+01  -0.0000000E+00   9.0000000E+01
   18.9000  -5.0000000E+00   0.0000000E+00  -1.1597342E+01  -0.0000000E+00   9.0000000E+01
   19.0000  -5.0000000E+00   0.0000000E+00  -1.1655749E+01  -0.0000000E+00   9.0000000E+01
   19.1000  -5.0000000E+00   0.0000000E+00  -1.1714283E+01  -0.0000000E+00   9.0000000E+01
   19.2000  -5.0000000E+00   0.0000000E+00  -1.1772943E+01  -0.0000000E+00   9.0000000E+01
   19.3000  -5.0000000E+00   0.0000000E+00  -1.1831729E+01  -0.0000000E+00   9.0000000E+01
   19.4000  -5.0000000E+00   0.0000000E+00  -1.1890638E+01  -0.0000000E+00   9.0000000E+01
   19.5000  -5.0000000E+00   0.0000000E+00  -1.1949669E+01  -0.0000000E+00   9.0000000E+01
   19.6000  -5.0000000E+00   0.0000000E+00  -1.2008820E+01  -0.0000000E+00   9.0000000E+01
   19.7000  -5.0000000E+00   0.0000000E+00  -1.2068092E+01  -0.0000000E+00   9.0000000E+01
   19.8000  -5.0000000E+00   0.0000000E+00  -1.2127481E+01  -0.0000000E+00   9.0000000E+01
   19.9000  -5.0000000E+00   0.0000000E+00  -1.2186987E+01  -0.0000000E+00   9.0000000E+01
   20.0000  -5.0000000E+00   0.0000000E+00  -1.2246609E+01  -0.0000000E+00   9.0000000E+01
   20.1000  -5.0000000E+00   0.0000000E+00  -1.2306345E+01  -0.0000000E+00   9.0000000E+01
   20.2000  -5.0000000E+00   0.0000000E+00  -1.2366193E+01  -0.0000000E+00   9.0000000E+01
   20.3000  -5.0000000E+00   0.0000000E+00  -1.2426154E+01  -0.0000000E+00   9.0000000E+01
   20.4000  -5.0000000E+00   0.0000000E+00  -1.2486224E+01  -0.0000000E+00   9.0000000E+01
   20.5000  -5.0000000E+00   0.0000000E+00  -1.2546404E+01  -0.0000000E+00   9.0000000E+01
   20.6000  -5.0000000E+00   0.0000000E+00  -1.2606691E+01  -0.0000000E+00   9.0000000E+01
   20.7000  -5.0000000E+00   0.0000000E+00  -1.2667085E+01  -0.0000000E+00   9.0000000E+01
   20.8000  -5.0000000E+00   0.0000000E+00  -1.2727585E+01  -0.0000000E+00   9.0000000E+01
   20.9000  -5.0000000E+00   0.0000000E+00  -1.2788189E+01  -0.0000000E+00   9.0000000E+01
   21.0000  -5.0000000E+00   0.0000000E+00  -1.2848895E+01  -0.0000000E+00   9.0000000E+01
   21.1000  -5.0000000E+00   0.0000000E+00  -1.2909704E+01  -0.0000000E+00   9.0000000E+01
   21.2000  -5.0000000E+00   0.0000000E+00  -1.2970613E+01  -0.0000000E+00   9.0000000E+01
   21.3000  -5.0000000E+00   0.0000000E+00  -1.3031622E+01  -0.0000000E+00   9.0000000E+01
   21.4000  -5.0000000E+00   0.0000000E+00  -1.3092728E+01  -0.0000000E+00   9.0000000E+01
   21.5000  -5.0000000E+00   0.0000000E+00  -1.3153933E+01  -0.0000000E+00   9.0000000E+01
   21.6000  -5.0000000E+00   0.0000000E+00  -1.3215233E+01  -0.0000000E+00   9.0000000E+01
   21.7000  -5.0000000E+00   0.0000000E+00  -1.3276628E+01  -0.0000000E+00   9.0000000E+01
   21.8000  -5.0000000E+00   0.0000000E+00  -1.3338117E+01  -0.0000000E+00   9.0000000E+01
   21.9000  -5.0000000E+00   0.0000000E+00  -1.3399699E+01  -0.0000000E+00   9.0000000E+01
   22.0000  -5.0000000E+00   0.0000000E+00  -1.3461372E+01  -0.0000000E+00   9.0000000E+01
   22.1000  -5.0000000E+00   0.0000000E+00  -1.3523137E+01  -0.0000000E+00   9.0000000E+01
   22.2000  -5.0000000E+00   0.0000000E+00  -1.3584990E+01  -0.0000000E+00   9.0000000E+01
   22.3000  -5.0000000E+00   0.0000000E+00  -1.3646932E+01  -0.0000000E+00   9.0000000E+01
   22.4000  -5.0000000E+00   0.0000000E+00  -1.3708962E+01  -0.0000000E+00   9.0000000E+01
   22.5000  -5.0000000E+00   0.0000000E+00  -1.3771078E+01  -0.0000000E+00   9.0000000E+01
   22.6000  -5.0000000E+00   0.0000000E+00  -1.3833280E+01  -0.0000000E+00   9.0000000E+01
   22.7000  -5.0000000E+00   0.0000000E+00  -1.3895566E+01  -0.0000000E+00   9.0000000E+01
   22.8000  -5.0000000E+00   0.0000000E+00  -1.3957935E+01  -0.0000000E+00   9.0000000E+01
   22.9000  -5.0000000E+00   0.0000000E+00  -1.4020387E+01  -0.0000000E+00   9.0000000E+01
   23.0000  -5.0000000E+00   0.0000000E+00  -1.4082921E+01  -0.0000000E+00   9.0000000E+01
   23.1000  -5.0000000E+00   0.0000000E+00  -1.4145535E+01  -0.0000000E+00   9.0000000E+01
   23.2000  -5.0000000E+00   0.0000000E+00  -1.4208228E+01  -0.0000000E+00   9.0000000E+01
   23.3000  -5.0000000E+00   0.0000000E+00  -1.4271000E+01  -0.0000000E+00   9.0000000E+01
   23.4000  -5.0000000E+00   0.0000000E+00  -1.4333850E+01  -0.0000000E+00   9.0000000E+01
   23.5000  -5.0000000E+00   0.0000000E+00  -1.4396777E+01  -0.0000000E+00   9.0000000E+01
   23.6000  -5.0000000E+00   0.0000000E+00  -1.4459779E+01  -0.0000000E+00   9.0000000E+01
   23.7000  -5.0000000E+00   0.0000000E+00  -1.4522856E+01  -0.0000000E+00   9.0000000E+01
   23.8000  -5.0000000E+00   0.0000000E+00  -1.4586008E+01  -0.0000000E+00   9.0000000E+01
   23.9000  -5.0000000E+00   0.0000000E+00  -1.4649233E+01  -0.0000000E+00   9.0000000E+01
   24.0000  -5.0000000E+00   0.0000000E+00  -1.4712529E+01  -0.0000000E+00   9.0000000E+01
   24.1000  -5.0000000E+00   0.0000000E+00  -1.4775898E+01  -0.0000000E+00   9.0000000E+01
   24.2000  -5.0000000E+00   0.0000000E+00  -1.4839337E+01  -0.0000000E+00   9.0000000E+01
   24.3000  -5.0000000E+00   0.0000000E+00  -1.4902845E+01  -0.0000000E+00   9.0000000E+01
   24.4000  -5.0000000E+00   0.0000000E+00  -1.4966423E+01  -0.0000000E+00   9.0000000E+01
   24.5000  -5.0000000E+00   0.0000000E+00  -1.5030069E+01  -0.0000000E+00   9.0000000E+01
   24.6000  -5.0000000E+00   0.0000000E+00  -1.5093782E+01  -0.0000000E+00   9.0000000E+01
   24.7000  -5.0000000E+00   0.0000000E+00  -1.5157561E+01  -0.0000000E+00   9.0000000E+01
   24.8000  -5.0000000E+00   0.0000000E+00  -1.5221406E+01  -0.0000000E+00   9.0000000E+01
   24.9000  -5.0000000E+00   0.0000000E+00  -1.5285316E+01  -0.0000000E+00   9.0000000E+01
   25.0000  -5.0000000E+00   0.0000000E+00  -1.5349290E+01  -0.0000000E+00   9.0000000E+01
   25.1000  -5.0000000E+00   0.0000000E+00  -1.5413327E+01  -0.0000000E+00   9.0000000E+01
   25.2000  -5.0000000E+00   0.0000000E+00  -1.5477427E+01  -0.0000000E+00   9.0000000E+01
   25.3000  -5.0000000E+00   0.0000000E+00  -1.5541588E+01  -0.0000000E+00   9.0000000E+01
   25.4000  -5.0000000E+00   0.0000000E+00  -1.5605811E+01  -0.0000000E+00   9.0000000E+01
   25.5000  -5.0000000E+00   0.0000000E+00  -1.5670094E+01  -0.0000000E+00   9.0000000E+01
   25.6000  -5.0000000E+00   0.0000000E+00  -1.5734436E+01  -0.0000000E+00   9.0000000E+01
   25.7000  -5.0000000E+00   0.0000000E+00  -1.5798837E+01  -0.0000000E+00   9.0000000E+01
   25.8000  -5.0000000E+00   0.0000000E+00  -1.5863297E+01  -0.0000000E+00   9.0000000E+01
   25.9000  -5.0000000E+00   0.0000000E+00  -1.5927813E+01  -0.0000000E+00   9.0000000E+01
   26.0000  -5.0000000E+00   0.0000000E+00  -1.5992387E+01  -0.0000000E+00   9.0000000E+01
   26.1000  -5.0000000E+00   0.0000000E+00  -1.6057016E+01  -0.0000000E+00   9.0000000E+01
   26.2000  -5.0000000E+00   0.0000000E+00  -1.6121701E+01  -0.0000000E+00   9.0000000E+01
   26.3000  -5.0000000E+00   0.0000000E+00  -1.6186440E+01  -0.0000000E+00   9.0000000E+01
   26.4000  -5.0000000E+00   0.0000000E+00  -1.6251234E+01  -0.0000000E+00   9.0000000E+01
   26.5000  -5.0000000E+00   0.0000000E+00  -1.6316080E+01  -0.0000000E+00   9.0000000E+01
   26.6000  -5.0000000E+00   0.0000000E+00  -1.6380980E+01  -0.0000000E+00   9.0000000E+01
   26.7000  -5.0000000E+00   0.0000000E+00  -1.6445931E+01  -0.0000000E+00   9.0000000E+01
   26.8000  -5.0000000E+00   0.0000000E+00  -1.6510934E+01  -0.0000000E+00   9.0000000E+01
   26.9000  -5.0000000E+00   0.0000000E+00  -1.6575987E+01  -0.0000000E+00   9.0000000E+01
   27.0000  -5.0000000E+00   0.0000000E+00  -1.6641091E+01  -0.0000000E+00   9.0000000E+01
   27.1000  -5.0000000E+00   0.0000000E+00  -1.6706244E+01  -0.0000000E+00   9.0000000E+01
   27.2000  -5.0000000E+00   0.0000000E+00  -1.6771446E+01  -0.0000000E+00   9.0000000E+01
   27.3000  -5.0000000E+00   0.0000000E+00  -1.6836697E+01  -0.0000000E+00   9.0000000E+01
   27.4000  -5.0000000E+00   0.0000000E+00  -1.6901995E+01  -0.0000000E+00   9.0000000E+01
   27.5000  -5.0000000E+00   0.0000000E+00  -1.6967340E+01  -0.0000000E+00   9.0000000E+01
   27.6000  -5.0000000E+00   0.0000000E+00  -1.7032732E+01  -0.0000000E+00   9.0000000E+01
   27.7000  -5.0000000E+00   0.0000000E+00  -1.7098169E+01  -0.0000000E+00   9.0000000E+01
   27.8000  -5.0000000E+00   0.0000000E+00  -1.7163652E+01  -0.0000000E+00   9.0000000E+01
   27.9000  -5.0000000E+00   0.0000000E+00  -1.7229180E+01  -0.0000000E+00   9.0000000E+01
   28.0000  -5.0000000E+00   0.0000000E+00  -1.7294753E+01  -0.0000000E+00   9.0000000E+01
   28.1000  -5.0000000E+00   0.0000000E+00  -1.7360368E+01  -0.0000000E+00   9.0000000E+01
   28.2000  -5.0000000E+00   0.0000000E+00  -1.7426028E+01  -0.0000000E+00   9.0000000E+01
   28.3000  -5.0000000E+00   0.0000000E+00  -1.7491729E+01  -0.0000000E+00   9.0000000E+01
   28.4000  -5.0000000E+00   0.0000000E+00  -1.7557473E+01  -0.0000000E+00   9.0000000E+01
   28.5000  -5.0000000E+00   0.0000000E+00  -1.7623259E+01  -0.0000000E+00   9.0000000E+01
   28.6000  -5.0000000E+00   0.0000000E+00  -1.7689085E+01  -0.0000000E+00   9.0000000E+01
   28.7000  -5.0000000E+00   0.0000000E+00  -1.7754952E+01  -0.0000000E+00   9.0000000E+01
   28.8000  -5.0000000E+00   0.0000000E+00  -1.7820859E+01  -0.0000000E+00   9.0000000E+01
   28.9000  -5.0000000E+00   0.0000000E+00  -1.7886806E+01  -0.0000000E+00   9.0000000E+01
   29.0000  -5.0000000E+00   0.0000000E+00  -1.7952792E+01  -0.0000000E+00   9.0000000E+01
   29.1000  -5.0000000E+00   0.0000000E+00  -1.8018816E+01  -0.0000000E+00   9.0000000E+01
   29.2000  -5.0000000E+00   0.0000000E+00  -1.8084879E+01  -0.0000000E+00   9.0000000E+01
   29.3000  -5.0000000E+00   0.0000000E+00  -1.8150979E+01  -0.0000000E+00   9.0000000E+01
   29.4000  -5.0000000E+00   0.0000000E+00  -1.8217116E+01  -0.0000000E+00   9.0000000E+01
   29.5000  -5.0000000E+00   0.0000000E+00  -1.8283290E+01  -0.0000000E+00   9.0000000E+01
   29.6000  -5.0000000E+00   0.0000000E+00  -1.8349500E+01  -0.0000000E+00   9.0000000E+01
   29.7000  -5.0000000E+00   0.0000000E+00  -1.8415746E+01  -0.0000000E+00   9.0000000E+01
   29.8000  -5.0000000E+00   0.0000000E+00  -1.8482028E+01  -0.0000000E+00   9.0000000E+01
   29.9000  -5.0000000E+00   0.0000000E+00  -1.8548344E+01  -0.0000000E+00   9.0000000E+01
   30.0000  -5.0000000E+00   0.0000000E+00  -1.8614695E+01  -0.0000000E+00   9.0000000E+01
   30.1000  -5.0000000E+00   0.0000000E+00  -1.8681079E+01  -0.0000000E+00   9.0000000E+01
   30.2000  -5.0000000E+00   0.0000000E+00  -1.8747498E+01  -0.0000000E+00   9.0000000E+01
   30.3000  -5.0000000E+00   0.0000000E+00  -1.8813949E+01  -0.0000000E+00   9.0000000E+01
   30.4000  -5.0000000E+00   0.0000000E+00  -1.8880433E+01  -0.0000000E+00   9.0000000E+01
   30.5000  -5.0000000E+00   0.0000000E+00  -1.8946950E+01  -0.0000000E+00   9.0000000E+01
   30.6000  -5.0000000E+00   0.0000000E+00  -1.9013498E+01  -0.0000000E+00   9.0000000E+01
   30.7000  -5.0000000E+00   0.0000000E+00  -1.9080078E+01  -0.0000000E+00   9.0000000E+01
   30.8000  -5.0000000E+00   0.0000000E+00  -1.9146689E+01  -0.0000000E+00   9.0000000E+01
   30.9000  -5.0000000E+00   0.0000000E+00  -1.9213331E+01  -0.0000000E+00   9.0000000E+01
   31.0000  -5.0000000E+00   0.0000000E+00  -1.9280004E+01  -0.0000000E+00   9.0000000E+01
   31.1000  -5.0000000E+00   0.0000000E+00  -1.9346706E+01  -0.0000000E+00   9.0000000E+01
   31.2000  -5.0000000E+00   0.0000000E+00  -1.9413438E+01  -0.0000000E+00   9.0000000E+01
   31.3000  -5.0000000E+00   0.0000000E+00  -1.9480199E+01  -0.0000000E+00   9.0000000E+01
   31.4000  -5.0000000E+00   0.0000000E+00  -1.9546989E+01  -0.0000000E+00   9.0000000E+01
   31.5000  -5.0000000E+00   0.0000000E+00  -1.9613807E+01  -0.0000000E+00   9.0000000E+01
   31.6000  -5.0000000E+00   0.0000000E+00  -1.9680654E+01  -0.0000000E+00   9.0000000E+01
   31.7000  -5.0000000E+00   0.0000000E+00  -1.9747528E+01  -0.0000000E+00   9.0000000E+01
   31.8000  -5.0000000E+00   0.0000000E+00  -1.9814430E+01  -0.0000000E+00   9.0000000E+01
   31.9000  -5.0000000E+00   0.0000000E+00  -1.9881359E+01  -0.0000000E+00   9.0000000E+01
   32.0000  -5.0000000E+00   0.0000000E+00  -1.9948315E+01  -0.0000000E+00   9.0000000E+01
   32.1000  -5.0000000E+00   0.0000000E+00  -2.0015297E+01  -0.0000000E+00   9.0000000E+01
   32.2000  -5.0000000E+00   0.0000000E+00  -2.0082305E+01  -0.0000000E+00   9.0000000E+01
   32.3000  -5.0000000E+00   0.0000000E+00  -2.0149339E+01  -0.0000000E+00   9.0000000E+01
   32.4000  -5.0000000E+00   0.0000000E+00  -2.0216398E+01  -0.0000000E+00   9.0000000E+01
   32.5000  -5.0000000E+00   0.0000000E+00  -2.0283482E+01  -0.0000000E+00   9.0000000E+01
   32.6000  -5.0000000E+00   0.0000000E+00  -2.0350591E+01  -0.0000000E+00   9.0000000E+01
   32.7000  -5.0000000E+00   0.0000000E+00  -2.0417725E+01  -0.0000000E+00   9.0000000E+01
   32.8000  -5.0000000E+00   0.0000000E+00  -2.0484883E+01  -0.0000000E+00   9.0000000E+01
   32.9000  -5.0000000E+00   0.0000000E+00  -2.0552064E+01  -0.0000000E+00   9.0000000E+01
   33.0000  -5.0000000E+00   0.0000000E+00  -2.0619270E+01  -0.0000000E+00   9.0000000E+01
   33.1000  -5.0000000E+00   0.0000000E+00  -2.0686498E+01  -0.0000000E+00   9.0000000E+01
   33.2000  -5.0000000E+00   0.0000000E+00  -2.0753749E+01  -0.0000000E+00   9.0000000E+01
   33.3000  -5.0000000E+00   0.0000000E+00  -2.0821023E+01  -0.0000000E+00   9.0000000E+01
   33.4000  -5.0000000E+00   0.0000000E+00  -2.0888320E+01  -0.0000000E+00   9.0000000E+01
   33.5000  -5.0000000E+00   0.0000000E+00  -2.0955638E+01  -0.0000000E+00   9.0000000E+01
   33.6000  -5.0000000E+00   0.0000000E+00  -2.1022978E+01  -0.0000000E+00   9.0000000E+01
   33.7000  -5.0000000E+00   0.0000000E+00  -2.1090340E+01  -0.0000000E+00   9.0000000E+01
   33.8000  -5.0000000E+00   0.0000000E+00  -2.1157723E+01  -0.0000000E+00   9.0000000E+01
   33.9000  -5.0000000E+00   0.0000000E+00  -2.1225127E+01  -0.0000000E+00   9.0000000E+01
   34.0000  -5.0000000E+00   0.0000000E+00  -2.1292552E+01  -0.0000000E+00   9.0000000E+01
   34.1000  -5.0000000E+00   0.0000000E+00  -2.1359997E+01  -0.0000000E+00   9.0000000E+01
   34.2000  -5.0000000E+00   0.0000000E+00  -2.1427462E+01  -0.0000000E+00   9.0000000E+01
   34.3000  -5.0000000E+00   0.0000000E+00  -2.1494947E+01  -0.0000000E+00   9.0000000E+01
   34.4000  -5.0000000E+00   0.0000000E+00  -2.1562452E+01  -0.0000000E+00   9.0000000E+01
   34.5000  -5.0000000E+00   0.0000000E+00  -2.1629977E+01  -0.0000000E+00   9.0000000E+01
   34.6000  -5.0000000E+00   0.0000000E+00  -2.1697520E+01  -0.0000000E+00   9.0000000E+01
   34.7000  -5.0000000E+00   0.0000000E+00  -2.1765083E+01  -0.0000000E+00   9.0000000E+01
   34.8000  -5.0000000E+00   0.0000000E+00  -2.1832664E+01  -0.0000000E+00   9.0000000E+01
   34.9000  -5.0000000E+00   0.0000000E+00  -2.1900263E+01  -0.0000000E+00   9.0000000E+01
   35.0000  -5.0000000E+00   0.0000000E+00  -2.1967881E+01  -0.0000000E+00   9.0000000E+01
   35.1000  -5.0000000E+00   0.0000000E+00  -2.2035517E+01  -0.0000000E+00   9.0000000E+01
   35.2000  -5.0000000E+00   0.0000000E+00  -2.2103171E+01  -0.0000000E+00   9.0000000E+01
   35.3000  -5.0000000E+00   0.0000000E+00  -2.2170842E+01  -0.0000000E+00   9.0000000E+01
   35.4000  -5.0000000E+00   0.0000000E+00  -2.2238530E+01  -0.0000000E+00   9.0000000E+01
   35.5000  -5.0000000E+00   0.0000000E+00  -2.2306236E+01  -0.0000000E+00   9.0000000E+01
   35.6000  -5.0000000E+00   0.0000000E+00  -2.2373958E+01  -0.0000000E+00   9.0000000E+01
   35.7000  -5.0000000E+00   0.0000000E+00  -2.2441697E+01  -0.0000000E+00   9.0000000E+01
   35.8000  -5.0000000E+00   0.0000000E+00  -2.2509452E+01  -0.0000000E+00   9.0000000E+01
   35.9000  -5.0000000E+00   0.0000000E+00  -2.2577224E+01  -0.0000000E+00   9.0000000E+01
   36.0000  -5.0000000E+00   0.0000000E+00  -2.2645012E+01  -0.0000000E+00   9.0000000E+01
   36.1000  -5.0000000E+00   0.0000000E+00  -2.2712815E+01  -0.0000000E+00   9.0000000E+01
   36.2000  -5.0000000E+00   0.0000000E+00  -2.2780634E+01  -0.0000000E+00   9.0000000E+01
   36.3000  -5.0000000E+00   0.0000000E+00  -2.2848469E+01  -0.0000000E+00   9.0000000E+01
   36.4000  -5.0000000E+00   0.0000000E+00  -2.2916319E+01  -0.0000000E+00   9.0000000E+01
   36.5000  -5.0000000E+00   0.0000000E+00  -2.2984183E+01  -0.0000000E+00   9.0000000E+01
   36.6000  -5.0000000E+00   0.0000000E+00  -2.3052063E+01  -0.0000000E+00   9.0000000E+01
   36.7000  -5.0000000E+00   0.0000000E+00  -2.3119957E+01  -0.0000000E+00   9.0000000E+01
   36.8000  -5.0000000E+00   0.0000000E+00  -2.3187866E+01  -0.0000000E+00   9.0000000E+01
   36.9000  -5.0000000E+00   0.0000000E+00  -2.3255789E+01  -0.0000000E+00   9.0000000E+01
   37.0000  -5.0000000E+00   0.0000000E+00  -2.3323726E+01  -0.0000000E+00   9.0000000E+01
   37.1000  -5.0000000E+00   0.0000000E+00  -2.3391677E+01  -0.0000000E+00   9.0000000E+01
   37.2000  -5.0000000E+00   0.0000000E+00  -2.3459641E+01  -0.0000000E+00   9.0000000E+01
   37.3000  -5.0000000E+00   0.0000000E+00  -2.3527620E+01  -0.0000000E+00   9.0000000E+01
   37.4000  -5.0000000E+00   0.0000000E+00  -2.3595611E+01  -0.0000000E+00   9.0000000E+01
   37.5000  -5.0000000E+00   0.0000000E+00  -2.3663616E+01  -0.0000000E+00   9.0000000E+01
   37.6000  -5.0000000E+00   0.0000000E+00  -2.3731634E+01  -0.0000000E+00   9.0000000E+01
   37.7000  -5.0000000E+00   0.0000000E+00  -2.3799664E+01  -0.0000000E+00   9.0000000E+01
   37.8000  -5.0000000E+00   0.0000000E+00  -2.3867708E+01  -0.0000000E+00   9.0000000E+01
   37.9000  -5.0000000E+00   0.0000000E+00  -2.3935763E+01  -0.0000000E+00   9.0000000E+01
   38.0000  -5.0000000E+00   0.0000000E+00  -2.4003832E+01  -0.0000000E+00   9.0000000E+01
   38.1000  -5.0000000E+00   0.0000000E+00  -2.4071912E+01  -0.0000000E+00   9.0000000E+01
   38.2000  -5.0000000E+00   0.0000000E+00  -2.4140005E+01  -0.0000000E+00   9.0000000E+01
   38.3000  -5.0000000E+00   0.0000000E+00  -2.4208109E+01  -0.0000000E+00   9.0000000E+01
   38.4000  -5.0000000E+00   0.0000000E+00  -2.4276225E+01  -0.0000000E+00   9.0000000E+01
   38.5000  -5.0000000E+00   0.0000000E+00  -2.4344353E+01  -0.0000000E+00   9.0000000E+01
   38.6000  -5.0000000E+00   0.0000000E+00  -2.4412492E+01  -0.0000000E+00   9.0000000E+01
   38.7000  -5.0000000E+00   0.0000000E+00  -2.4480643E+01  -0.0000000E+00   9.0000000E+01
   38.8000  -5.0000000E+00   0.0000000E+00  -2.4548804E+01  -0.0000000E+00   9.0000000E+01
   38.9000  -5.0000000E+00   0.0000000E+00  -2.4616977E+01  -0.0000000E+00   9.0000000E+01
   39.0000  -5.0000000E+00   0.0000000E+00  -2.4685160E+01  -0.0000000E+00   9.0000000E+01
   39.1000  -5.0000000E+00   0.0000000E+00  -2.4753355E+01  -0.0000000E+00   9.0000000E+01
   39.2000  -5.0000000E+00   0.0000000E+00  -2.4821560E+01  -0.0000000E+00   9.0000000E+01
   39.3000  -5.0000000E+00   0.0000000E+00  -2.4889775E+01  -0.0000000E+00   9.0000000E+01
   39.4000  -5.0000000E+00   0.0000000E+00  -2.4958001E+01  -0.0000000E+00   9.0000000E+01
   39.5000  -5.0000000E+00   0.0000000E+00  -2.5026236E+01  -0.0000000E+00   9.0000000E+01
   39.6000  -5.0000000E+00   0.0000000E+00  -2.5094482E+01  -0.0000000E+00   9.0000000E+01
   39.7000  -5.0000000E+00   0.0000000E+00  -2.5162738E+01  -0.0000000E+00   9.0000000E+01
   39.8000  -5.0000000E+00   0.0000000E+00  -2.5231004E+01  -0.0000000E+00   9.0000000E+01
   39.9000  -5.0000000E+00   0.0000000E+00  -2.5299279E+01  -0.0000000E+00   9.0000000E+01
   40.0000  -5.0000000E+00   0.0000000E+00  -2.5367564E+01  -0.0000000E+00   9.0000000E+01
   40.1000  -5.0000000E+00   0.0000000E+00  -2.5435858E+01  -0.0000000E+00   9.0000000E+01
   40.2000  -5.0000000E+00   0.0000000E+00  -2.5504162E+01  -0.0000000E+00   9.0000000E+01
   40.3000  -5.0000000E+00   0.0000000E+00  -2.5572474E+01  -0.0000000E+00   9.0000000E+01
   40.4000  -5.0000000E+00   0.0000000E+00  -2.5640796E+01  -0.0000000E+00   9.0000000E+01
   40.5000  -5.0000000E+00   0.0000000E+00  -2.5709127E+01  -0.0000000E+00   9.0000000E+01
   40.6000  -5.0000000E+00   0.0000000E+00  -2.5777466E+01  -0.0000000E+00   9.0000000E+01
   40.7000  -5.0000000E+00   0.0000000E+00  -2.5845815E+01  -0.0000000E+00   9.0000000E+01
   40.8000  -5.0000000E+00   0.0000000E+00  -2.5914172E+01  -0.0000000E+00   9.0000000E+01
   40.9000  -5.0000000E+00   0.0000000E+00  -2.5982537E+01  -0.0000000E+00   9.0000000E+01
   41.0000  -5.0000000E+00   0.0000000E+00  -2.6050911E+01  -0.0000000E+00   9.0000000E+01
   41.1000  -5.0000000E+00   0.0000000E+00  -2.6119293E+01  -0.0000000E+00   9.0000000E+01
   41.2000  -5.0000000E+00   0.0000000E+00  -2.6187683E+01  -0.0000000E+00   9.0000000E+01
   41.3000  -5.0000000E+00   0.0000000E+00  -2.6256081E+01  -0.0000000E+00   9.0000000E+01
   41.4000  -5.0000000E+00   0.0000000E+00  -2.6324487E+01  -0.0000000E+00   9.0000000E+01
   41.5000  -5.0000000E+00   0.0000000E+00  -2.6392902E+01  -0.0000000E+00   9.0000000E+01
   41.6000  -5.0000000E+00   0.0000000E+00  -2.6461323E+01  -0.0000000E+00   9.0000000E+01
   41.7000  -5.0000000E+00   0.0000000E+00  -2.6529753E+01  -0.0000000E+00   9.0000000E+01
   41.8000  -5.0000000E+00   0.0000000E+00  -2.6598190E+01  -0.0000000E+00   9.0000000E+01
   41.9000  -5.0000000E+00   0.0000000E+00  -2.6666635E+01  -0.0000000E+00   9.0000000E+01
   42.0000  -5.0000000E+00   0.0000000E+00  -2.6735086E+01  -0.0000000E+00   9.0000000E+01
   42.1000  -5.0000000E+00   0.0000000E+00  -2.6803546E+01  -0.0000000E+00   9.0000000E+01
   42.2000  -5.0000000E+00   0.0000000E+00  -2.6872012E+01  -0.0000000E+00   9.0000000E+01
   42.3000  -5.0000000E+00   0.0000000E+00  -2.6940485E+01  -0.0000000E+00   9.0000000E+01
   42.4000  -5.0000000E+00   0.0000000E+00  -2.7008966E+01  -0.0000000E+00   9.0000000E+01
   42.5000  -5.0000000E+00   0.0000000E+00  -2.7077453E+01  -0.0000000E+00   9.0000000E+01
   42.6000  -5.0000000E+00   0.0000000E+00  -2.7145947E+01  -0.0000000E+00   9.0000000E+01
   42.7000  -5.0000000E+00   0.0000000E+00  -2.7214448E+01  -0.0000000E+00   9.0000000E+01
   42.8000  -5.0000000E+00   0.0000000E+00  -2.7282955E+01  -0.0000000E+00   9.0000000E+01
   42.9000  -5.0000000E+00   0.0000000E+00  -2.7351469E+01  -0.0000000E+00   9.0000000E+01
   43.0000  -5.0000000E+00   0.0000000E+00  -2.7419990E+01  -0.0000000E+00   9.0000000E+01
   43.1000  -5.0000000E+00   0.0000000E+00  -2.7488517E+01  -0.0000000E+00   9.0000000E+01
   43.2000  -5.0000000E+00   0.0000000E+00  -2.7557050E+01  -0.0000000E+00   9.0000000E+01
   43.3000  -5.0000000E+00   0.0000000E+00  -2.7625589E+01  -0.0000000E+00   9.0000000E+01
   43.4000  -5.0000000E+00   0.0000000E+00  -2.7694135E+01  -0.0000000E+00   9.0000000E+01
   43.5000  -5.0000000E+00   0.0000000E+00  -2.7762686E+01  -0.0000000E+00   9.0000000E+01
   43.6000  -5.0000000E+00   0.0000000E+00  -2.7831244E+01  -0.0000000E+00   9.0000000E+01
   43.7000  -5.0000000E+00   0.0000000E+00  -2.7899807E+01  -0.0000000E+00   9.0000000E+01
   43.8000  -5.0000000E+00   0.0000000E+00  -2.7968376E+01  -0.0000000E+00   9.0000000E+01
   43.9000  -5.0000000E+00   0.0000000E+00  -2.8036951E+01  -0.0000000E+00   9.0000000E+01
   44.0000  -5.0000000E+00   0.0000000E+00  -2.8105532E+01  -0.0000000E+00   9.0000000E+01
   44.1000  -5.0000000E+00   0.0000000E+00  -2.8174118E+01  -0.0000000E+00   9.0000000E+01
   44.2000  -5.0000000E+00   0.0000000E+00  -2.8242710E+01  -0.0000000E+00   9.0000000E+01
   44.3000  -5.0000000E+00   0.0000000E+00  -2.8311307E+01  -0.0000000E+00   9.0000000E+01
   44.4000  -5.0000000E+00   0.0000000E+00  -2.8379910E+01  -0.0000000E+00   9.0000000E+01
   44.5000  -5.0000000E+00   0.0000000E+00  -2.8448518E+01  -0.0000000E+00   9.0000000E+01
   44.6000  -5.0000000E+00   0.0000000E+00  -2.8517131E+01  -0.0000000E+00   9.0000000E+01
   44.7000  -5.0000000E+00   0.0000000E+00  -2.8585749E+01  -0.0000000E+00   9.0000000E+01
   44.8000  -5.0000000E+00   0.0000000E+00  -2.8654373E+01  -0.0000000E+00   9.0000000E+01
   44.9000  -5.0000000E+00   0.0000000E+00  -2.8723001E+01  -0.0000000E+00   9.0000000E+01
   45.0000  -5.0000000E+00   0.0000000E+00  -2.8791635E+01  -0.0000000E+00   9.0000000E+01
   45.1000  -5.0000000E+00   0.0000000E+00  -2.8860273E+01  -0.0000000E+00   9.0000000E+01
   45.2000  -5.0000000E+00   0.0000000E+00  -2.8928917E+01  -0.0000000E+00   9.0000000E+01
   45.3000  -5.0000000E+00   0.0000000E+00  -2.8997565E+01  -0.0000000E+00   9.0000000E+01
   45.4000  -5.0000000E+00   0.0000000E+00  -2.9066218E+01  -0.0000000E+00   9.0000000E+01
   45.5000  -5.0000000E+00   0.0000000E+00  -2.9134875E+01  -0.0000000E+00   9.0000000E+01
   45.6000  -5.0000000E+00   0.0000000E+00  -2.9203537E+01  -0.0000000E+00   9.0000000E+01
   45.7000  -5.0000000E+00   0.0000000E+00  -2.9272204E+01  -0.0000000E+00   9.0000000E+01
   45.8000  -5.0000000E+00   0.0000000E+00  -2.9340875E+01  -0.0000000E+00   9.0000000E+01
   45.9000  -5.0000000E+00   0.0000000E+00  -2.9409550E+01  -0.0000000E+00   9.0000000E+01
   46.0000  -5.0000000E+00   0.0000000E+00  -2.9478230E+01  -0.0000000E+00   9.0000000E+01
   46.1000  -5.0000000E+00   0.0000000E+00  -2.9546914E+01  -0.0000000E+00   9.0000000E+01
   46.2000  -5.0000000E+00   0.0000000E+00  -2.9615603E+01  -0.0000000E+00   9.0000000E+01
   46.3000  -5.0000000E+00   0.0000000E+00  -2.9684296E+01  -0.0000000E+00   9.0000000E+01
   46.4000  -5.0000000E+00   0.0000000E+00  -2.9752992E+01  -0.0000000E+00   9.0000000E+01
   46.5000  -5.0000000E+00   0.0000000E+00  -2.9821693E+01  -0.0000000E+00   9.0000000E+01
   46.6000  -5.0000000E+00   0.0000000E+00  -2.9890398E+01  -0.0000000E+00   9.0000000E+01
   46.7000  -5.0000000E+00   0.0000000E+00  -2.9959107E+01  -0.0000000E+00   9.0000000E+01
   46.8000  -5.0000000E+00   0.0000000E+00  -3.0027820E+01  -0.0000000E+00   9.0000000E+01
   46.9000  -5.0000000E+00   0.0000000E+00  -3.0096537E+01  -0.0000000E+00   9.0000000E+01
   47.0000  -5.0000000E+00   0.0000000E+00  -3.0165257E+01  -0.0000000E+00   9.0000000E+01
   47.1000  -5.0000000E+00   0.0000000E+00  -3.0233982E+01  -0.0000000E+00   9.0000000E+01
   47.2000  -5.0000000E+00   0.0000000E+00  -3.0302710E+01  -0.0000000E+00   9.0000000E+01
   47.3000  -5.0000000E+00   0.0000000E+00  -3.0371442E+01  -0.0000000E+00   9.0000000E+01
   47.4000  -5.0000000E+00   0.0000000E+00  -3.0440177E+01  -0.0000000E+00   9.0000000E+01
   47.5000  -5.0000000E+00   0.0000000E+00  -3.0508916E+01  -0.0000000E+00   9.0000000E+01
   47.6000  -5.0000000E+00   0.0000000E+00  -3.0577659E+01  -0.0000000E+00   9.0000000E+01
   47.7000  -5.0000000E+00   0.0000000E+00  -3.0646405E+01  -0.0000000E+00   9.0000000E+01
   47.8000  -5.0000000E+00   0.0000000E+00  -3.0715154E+01  -0.0000000E+00   9.0000000E+01
   47.9000  -5.0000000E+00   0.0000000E+00  -3.0783907E+01  -0.0000000E+00   9.0000000E+01
   48.0000  -5.0000000E+00   0.0000000E+00  -3.0852664E+01  -0.0000000E+00   9.0000000E+01
   48.1000  -5.0000000E+00   0.0000000E+00  -3.0921423E+01  -0.0000000E+00   9.0000000E+01
   48.2000  -5.0000000E+00   0.0000000E+00  -3.0990186E+01  -0.0000000E+00   9.0000000E+01
   48.3000  -5.0000000E+00   0.0000000E+00  -3.1058952E+01  -0.0000000E+00   9.0000000E+01
   48.4000  -5.0000000E+00   0.0000000E+00  -3.1127722E+01  -0.0000000E+00   9.0000000E+01
   48.5000  -5.0000000E+00   0.0000000E+00  -3.1196494E+01  -0.0000000E+00   9.0000000E+01
   48.6000  -5.0000000E+00   0.0000000E+00  -3.1265270E+01  -0.0000000E+00   9.0000000E+01
   48.7000  -5.0000000E+00   0.0000000E+00  -3.1334049E+01  -0.0000000E+00   9.0000000E+01
   48.8000  -5.0000000E+00   0.0000000E+00  -3.1402830E+01  -0.0000000E+00   9.0000000E+01
   48.9000  -5.0000000E+00   0.0000000E+00  -3.1471615E+01  -0.0000000E+00   9.0000000E+01
   49.0000  -5.0000000E+00   0.0000000E+00  -3.1540403E+01  -0.0000000E+00   9.0000000E+01
   49.1000  -5.0000000E+00   0.0000000E+00  -3.1609193E+01  -0.0000000E+00   9.0000000E+01
   49.2000  -5.0000000E+00   0.0000000E+00  -3.1677987E+01  -0.0000000E+00   9.0000000E+01
   49.3000  -5.0000000E+00   0.0000000E+00  -3.1746783E+01  -0.0000000E+00   9.0000000E+01
   49.4000  -5.0000000E+00   0.0000000E+00  -3.1815582E+01  -0.0000000E+00   9.0000000E+01
   49.5000  -5.0000000E+00   0.0000000E+00  -3.1884384E+01  -0.0000000E+00   9.0000000E+01
   49.6000  -5.0000000E+00   0.0000000E+00  -3.1953189E+01  -0.0000000E+00   9.0000000E+01
   49.7000  -5.0000000E+00   0.0000000E+00  -3.2021996E+01  -0.0000000E+00   9.0000000E+01
   49.8000  -5.0000000E+00   0.0000000E+00  -3.2090806E+01  -0.0000000E+00   9.0000000E+01
   49.9000  -5.0000000E+00   0.0000000E+00  -3.2159618E+01  -0.0000000E+00   9.0000000E+01
   50.0000  -5.0000000E+00   0.0000000E+00  -3.2228434E+01  -0.0000000E+00   9.0000000E+01
   50.1000  -5.0000000E+00   0.0000000E+00  -3.2297251E+01  -0.0000000E+00   9.0000000E+01
   50.2000  -5.0000000E+00   0.0000000E+00  -3.2366072E+01  -0.0000000E+00   9.0000000E+01
   50.3000  -5.0000000E+00   0.0000000E+00  -3.2434894E+01  -0.0000000E+00   9.0000000E+01
   50.4000  -5.0000000E+00   0.0000000E+00  -3.2503719E+01  -0.0000000E+00   9.0000000E+01
   50.5000  -5.0000000E+00   0.0000000E+00  -3.2572547E+01  -0.0000000E+00   9.0000000E+01
   50.6000  -5.0000000E+00   0.0000000E+00  -3.2641377E+01  -0.0000000E+00   9.0000000E+01
   50.7000  -5.0000000E+00   0.0000000E+00  -3.2710209E+01  -0.0000000E+00   9.0000000E+01
   50.8000  -5.0000000E+00   0.0000000E+00  -3.2779044E+01  -0.0000000E+00   9.0000000E+01
   50.9000  -5.0000000E+00   0.0000000E+00  -3.2847881E+01  -0.0000000E+00   9.0000000E+01
   51.0000  -5.0000000E+00   0.0000000E+00  -3.2916720E+01  -0.0000000E+00   9.0000000E+01
   51.1000  -5.0000000E+00   0.0000000E+00  -3.2985562E+01  -0.0000000E+00   9.0000000E+01
   51.2000  -5.0000000E+00   0.0000000E+00  -3.3054406E+01  -0.0000000E+00   9.0000000E+01
   51.3000  -5.0000000E+00   0.0000000E+00  -3.3123252E+01  -0.0000000E+00   9.0000000E+01
   51.4000  -5.0000000E+00   0.0000000E+00  -3.3192100E+01  -0.0000000E+00   9.0000000E+01
   51.5000  -5.0000000E+00   0.0000000E+00  -3.3260950E+01  -0.0000000E+00   9.0000000E+01
   51.6000  -5.0000000E+00   0.0000000E+00  -3.3329802E+01  -0.0000000E+00   9.0000000E+01
   51.7000  -5.0000000E+00   0.0000000E+00  -3.3398657E+01  -0.0000000E+00   9.0000000E+01
   51.8000  -5.0000000E+00   0.0000000E+00  -3.3467513E+01  -0.0000000E+00   9.0000000E+01
   51.9000  -5.0000000E+00   0.0000000E+00  -3.3536372E+01  -0.0000000E+00   9.0000000E+01
   52.0000  -5.0000000E+00   0.0000000E+00  -3.3605232E+01  -0.0000000E+00   9.0000000E+01
   52.1000  -5.0000000E+00   0.0000000E+00  -3.3674095E+01  -0.0000000E+00   9.0000000E+01
   52.2000  -5.0000000E+00   0.0000000E+00  -3.3742959E+01  -0.0000000E+00   9.0000000E+01
   52.3000  -5.0000000E+00   0.0000000E+00  -3.3811825E+01  -0.0000000E+00   9.0000000E+01
   52.4000  -5.0000000E+00   0.0000000E+00  -3.3880693E+01  -0.0000000E+00   9.0000000E+01
   52.5000  -5.0000000E+00   0.0000000E+00  -3.3949563E+01  -0.0000000E+00   9.0000000E+01
   52.6000  -5.0000000E+00   0.0000000E+00  -3.4018435E+01  -0.0000000E+00   9.0000000E+01
   52.7000  -5.0000000E+00   0.0000000E+00  -3.4087309E+01  -0.0000000E+00   9.0000000E+01
   52.8000  -5.0000000E+00   0.0000000E+00  -3.4156185E+01  -0.0000000E+00   9.0000000E+01
   52.9000  -5.0000000E+00   0.0000000E+00  -3.4225062E+01  -0.0000000E+00   9.0000000E+01
   53.0000  -5.0000000E+00   0.0000000E+00  -3.4293941E+01  -0.0000000E+00   9.0000000E+01
   53.1000  -5.0000000E+00   0.0000000E+00  -3.4362822E+01  -0.0000000E+00   9.0000000E+01
   53.2000  -5.0000000E+00   0.0000000E+00  -3.4431704E+01  -0.0000000E+00   9.0000000E+01
   53.3000  -5.0000000E+00   0.0000000E+00  -3.4500588E+01  -0.0000000E+00   9.0000000E+01
   53.4000  -5.0000000E+00   0.0000000E+00  -3.4569474E+01  -0.0000000E+00   9.0000000E+01
   53.5000  -5.0000000E+00   0.0000000E+00  -3.4638362E+01  -0.0000000E+00   9.0000000E+01
   53.6000  -5.0000000E+00   0.0000000E+00  -3.4707251E+01  -0.0000000E+00   9.0000000E+01
   53.7000  -5.0000000E+00   0.0000000E+00  -3.4776141E+01  -0.0000000E+00   9.0000000E+01
   53.8000  -5.0000000E+00   0.0000000E+00  -3.4845033E+01  -0.0000000E+00   9.0000000E+01
   53.9000  -5.0000000E+00   0.0000000E+00  -3.4913927E+01  -0.0000000E+00   9.0000000E+01
   54.0000  -5.0000000E+00   0.0000000E+00  -3.4982823E+01  -0.0000000E+00   9.0000000E+01
   54.1000  -5.0000000E+00   0.0000000E+00  -3.5051719E+01  -0.0000000E+00   9.0000000E+01
   54.2000  -5.0000000E+00   0.0000000E+00  -3.5120618E+01  -0.0000000E+00   9.0000000E+01
   54.3000  -5.0000000E+00   0.0000000E+00  -3.5189518E+01  -0.0000000E+00   9.0000000E+01
   54.4000  -5.0000000E+00   0.0000000E+00  -3.5258419E+01  -0.0000000E+00   9.0000000E+01
   54.5000  -5.0000000E+00   0.0000000E+00  -3.5327322E+01  -0.0000000E+00   9.0000000E+01
   54.6000  -5.0000000E+00   0.0000000E+00  -3.5396226E+01  -0.0000000E+00   9.0000000E+01
   54.7000  -5.0000000E+00   0.0000000E+00  -3.5465131E+01  -0.0000000E+00   9.0000000E+01
   54.8000  -5.0000000E+00   0.0000000E+00  -3.5534038E+01  -0.0000000E+00   9.0000000E+01
   54.9000  -5.0000000E+00   0.0000000E+00  -3.5602946E+01  -0.0000000E+00   9.0000000E+01
   55.0000  -5.0000000E+00   0.0000000E+00  -3.5671856E+01  -0.0000000E+00   9.0000000E+01
   55.1000  -5.0000000E+00   0.0000000E+00  -3.5740767E+01  -0.0000000E+00   9.0000000E+01
   55.2000  -5.0000000E+00   0.0000000E+00  -3.5809679E+01  -0.0000000E+00   9.0000000E+01
   55.3000  -5.0000000E+00   0.0000000E+00  -3.5878593E+01  -0.0000000E+00   9.0000000E+01
   55.4000  -5.0000000E+00   0.0000000E+00  -3.5947508E+01  -0.0000000E+00   9.0000000E+01
   55.5000  -5.0000000E+00   0.0000000E+00  -3.6016424E+01  -0.0000000E+00   9.0000000E+01
   55.6000  -5.0000000E+00   0.0000000E+00  -3.6085341E+01  -0.0000000E+00   9.0000000E+01
   55.7000  -5.0000000E+00   0.0000000E+00  -3.6154260E+01  -0.0000000E+00   9.0000000E+01
   55.8000  -5.0000000E+00   0.0000000E+00  -3.6223179E+01  -0.0000000E+00   9.0000000E+01
   55.9000  -5.0000000E+00   0.0000000E+00  -3.6292100E+01  -0.0000000E+00   9.0000000E+01
   56.0000  -5.0000000E+00   0.0000000E+00  -3.6361022E+01  -0.0000000E+00   9.0000000E+01
   56.1000  -5.0000000E+00   0.0000000E+00  -3.6429946E+01  -0.0000000E+00   9.0000000E+01
   56.2000  -5.0000000E+00   0.0000000E+00  -3.6498870E+01  -0.0000000E+00   9.0000000E+01
   56.3000  -5.0000000E+00   0.0000000E+00  -3.6567796E+01  -0.0000000E+00   9.0000000E+01
   56.4000  -5.0000000E+00   0.0000000E+00  -3.6636723E+01  -0.0000000E+00   9.0000000E+01
   56.5000  -5.0000000E+00   0.0000000E+00  -3.6705650E+01  -0.0000000E+00   9.0000000E+01
   56.6000  -5.0000000E+00   0.0000000E+00  -3.6774579E+01  -0.0000000E+00   9.0000000E+01
   56.7000  -5.0000000E+00   0.0000000E+00  -3.6843509E+01  -0.0000000E+00   9.0000000E+01
   56.8000  -5.0000000E+00   0.0000000E+00  -3.6912440E+01  -0.0000000E+00   9.0000000E+01
   56.9000  -5.0000000E+00   0.0000000E+00  -3.6981373E+01  -0.0000000E+00   9.0000000E+01
   57.0000  -5.0000000E+00   0.0000000E+00  -3.7050306E+01  -0.0000000E+00   9.0000000E+01
   57.1000  -5.0000000E+00   0.0000000E+00  -3.7119240E+01  -0.0000000E+00   9.0000000E+01
   57.2000  -5.0000000E+00   0.0000000E+00  -3.7188175E+01  -0.0000000E+00   9.0000000E+01
   57.3000  -5.0000000E+00   0.0000000E+00  -3.7257111E+01  -0.0000000E+00   9.0000000E+01
   57.4000  -5.0000000E+00   0.0000000E+00  -3.7326048E+01  -0.0000000E+00   9.0000000E+01
   57.5000  -5.0000000E+00   0.0000000E+00  -3.7394987E+01  -0.0000000E+00   9.0000000E+01
   57.6000  -5.0000000E+00   0.0000000E+00  -3.7463926E+01  -0.0000000E+00   9.0000000E+01
   57.7000  -5.0000000E+00   0.0000000E+00  -3.7532866E+01  -0.0000000E+00   9.0000000E+01
   57.8000  -5.0000000E+00   0.0000000E+00  -3.7601807E+01  -0.0000000E+00   9.0000000E+01
   57.9000  -5.0000000E+00   0.0000000E+00  -3.7670749E+01  -0.0000000E+00   9.0000000E+01
   58.0000  -5.0000000E+00   0.0000000E+00  -3.7739691E+01  -0.0000000E+00   9.0000000E+01
   58.1000  -5.0000000E+00   0.0000000E+00  -3.7808635E+01  -0.0000000E+00   9.0000000E+01
   58.2000  -5.0000000E+00   0.0000000E+00  -3.7877580E+01  -0.0000000E+00   9.0000000E+01
   58.3000  -5.0000000E+00   0.0000000E+00  -3.7946525E+01  -0.0000000E+00   9.0000000E+01
   58.4000  -5.0000000E+00   0.0000000E+00  -3.8015471E+01  -0.0000000E+00   9.0000000E+01
   58.5000  -5.0000000E+00   0.0000000E+00  -3.8084419E+01  -0.0000000E+00   9.0000000E+01
   58.6000  -5.0000000E+00   0.0000000E+00  -3.8153367E+01  -0.0000000E+00   9.0000000E+01
   58.7000  -5.0000000E+00   0.0000000E+00  -3.8222315E+01  -0.0000000E+00   9.0000000E+01
   58.8000  -5.0000000E+00   0.0000000E+00  -3.8291265E+01  -0.0000000E+00   9.0000000E+01
   58.9000  -5.0000000E+00   0.0000000E+00  -3.8360216E+01  -0.0000000E+00   9.0000000E+01
   59.0000  -5.0000000E+00   0.0000000E+00  -3.8429167E+01  -0.0000000E+00   9.0000000E+01
   59.1000  -5.0000000E+00   0.0000000E+00  -3.8498119E+01  -0.0000000E+00   9.0000000E+01
   59.2000  -5.0000000E+00   0.0000000E+00  -3.8567072E+01  -0.0000000E+00   9.0000000E+01
   59.3000  -5.0000000E+00   0.0000000E+00  -3.8636025E+01  -0.0000000E+00   9.0000000E+01
   59.4000  -5.0000000E+00   0.0000000E+00  -3.8704980E+01  -0.0000000E+00   9.0000000E+01
   59.5000  -5.0000000E+00   0.0000000E+00  -3.8773935E+01  -0.0000000E+00   9.0000000E+01
   59.6000  -5.0000000E+00   0.0000000E+00  -3.8842891E+01  -0.0000000E+00   9.0000000E+01
   59.7000  -5.0000000E+00   0.0000000E+00  -3.8911847E+01  -0.0000000E+00   9.0000000E+01
   59.8000  -5.0000000E+00   0.0000000E+00  -3.8980804E+01  -0.0000000E+00   9.0000000E+01
   59.9000  -5.0000000E+00   0.0000000E+00  -3.9049762E+01  -0.0000000E+00   9.0000000E+01
